Fallout 4 v1.10.163
Buffout 4 v1.28.6

Unhandled exception "EXCEPTION_ACCESS_VIOLATION" at 0x000000000000

	[Compatibility]
		F4EE: true
	[Crashlog]
		AutoOpen: true
		PromptUpload: true
	[Fixes]
		ActorIsHostileToActor: true
		CellInit: true
		CreateD3DAndSwapChain: true
		EncounterZoneReset: true
		GreyMovies: true
		MagicEffectApplyEvent: true
		MovementPlanner: true
		PackageAllocateLocation: true
		SafeExit: true
		TESObjectREFRGetEncounterZone: true
		UnalignedLoad: true
		UtilityShader: true
	[Patches]
		Achievements: true
		ArchiveLimit: true
		BSMTAManager: true
		BSPreCulledObjects: true
		BSTextureStreamerLocalHeap: false
		HavokMemorySystem: true
		INISettingCollection: true
		InputSwitch: false
		MaxStdIO: 2048
		MemoryManager: true
		MemoryManagerDebug: false
		ScaleformAllocator: true
		SmallBlockAllocator: true
		WorkshopMenu: true
	[Warnings]
		CreateTexture2D: true
		ImageSpaceAdapter: true

SYSTEM SPECS:
	OS: Microsoft Windows 11 Pro v10.0.22621
	CPU: GenuineIntel Intel(R) Core(TM) i7-8700K CPU @ 3.70GHz
	GPU #1: Nvidia GP104 [GeForce GTX 1070]
	GPU #2: Microsoft Basic Render Driver
	PHYSICAL MEMORY: 19.41 GB/31.94 GB

PROBABLE CALL STACK:
	[0] 0x7FF92EC45CE2   Buffout4.dll+0085CE2
	[1] 0x7FF92EC39E7F   Buffout4.dll+0079E7F
	[2] 0x7FF92EC434F5   Buffout4.dll+00834F5
	[3] 0x7FFA0D81BD2C KERNELBASE.dll+015BD2C
	[4] 0x7FFA0FD3847D      ntdll.dll+00A847D
	[5] 0x7FFA0FD1F017      ntdll.dll+008F017
	[6] 0x7FFA0FD33DFF      ntdll.dll+00A3DFF
	[7] 0x7FFA0FCAE456      ntdll.dll+001E456
	[8] 0x7FFA0FD32DEE      ntdll.dll+00A2DEE

REGISTERS:
	RAX 0x2A2F20CEFC0      (void*)
	RCX 0x2A2F20CED40      (void*)
	RDX 0x2A2C1FF6780      (void*)
	RBX 0x2A2C1D57C30      (void*)
	RSP 0xC28961F6B8       (void*)
	RBP 0x0                (size_t)
	RSI 0x2A2C1FF6108      (void*)
	RDI 0x63               (size_t)
	R8  0x0                (size_t)
	R9  0x2A2C1FF6770      (void*)
	R10 0x2A221052C88      (void*)
	R11 0x0                (size_t)
	R12 0x7FF7BCAA8088     (void* -> Fallout4.exe+5BE8088)
	R13 0x7FF7BCAA8080     (void* -> Fallout4.exe+5BE8080)
	R14 0x1                (size_t)
	R15 0x7FF7BCAA8084     (void* -> Fallout4.exe+5BE8084)

STACK:
	[RSP+0  ] 0x7FF7B7033937     (void* -> Fallout4.exe+0173937)
	[RSP+8  ] 0x2A2C1FF6138      (void*)
	[RSP+10 ] 0x0                (size_t)
	[RSP+18 ] 0x29B3A14FFA0      (void*)
	[RSP+20 ] 0x0                (size_t)
	[RSP+28 ] 0x0                (size_t)
	[RSP+30 ] 0x7FF7B8C6D257     (void* -> Fallout4.exe+1DAD257)
	[RSP+38 ] 0x2A2C1FF6080      (BSClothUtils::BSTransformSet*)
	[RSP+40 ] 0x2A2C1FF6080      (BSClothUtils::BSTransformSet*)
	[RSP+48 ] 0x2A2C1FF6080      (BSClothUtils::BSTransformSet*)
	[RSP+50 ] 0x7FF7B89D093F     (void* -> Fallout4.exe+1B1093F)
	[RSP+58 ] 0x2A2C1FF6080      (BSClothUtils::BSTransformSet*)
	[RSP+60 ] 0x7FF7B8C72AA4     (void* -> Fallout4.exe+1DB2AA4)
	[RSP+68 ] 0x1E0              (size_t)
	[RSP+70 ] 0x1                (size_t)
	[RSP+78 ] 0x0                (size_t)
	[RSP+80 ] 0x7FF7B6F036DE     (void* -> Fallout4.exe+00436DE)
	[RSP+88 ] 0x0                (size_t)
	[RSP+90 ] 0x7FF7B8C9C3F6     (void* -> Fallout4.exe+1DDC3F6)
	[RSP+98 ] 0x2A2C1EDF520      (hclClothInstance*)
	[RSP+A0 ] 0x500000005        (size_t)
	[RSP+A8 ] 0x29AD80FD280      (void*)
	[RSP+B0 ] 0x7FF7B6F54F99     (void* -> Fallout4.exe+0094F99)
	[RSP+B8 ] 0x0                (size_t)
	[RSP+C0 ] 0x7FF7B8C9D884     (void* -> Fallout4.exe+1DDD884)
	[RSP+C8 ] 0x0                (size_t)
	[RSP+D0 ] 0x2A2C1EDF520      (hclClothInstance*)
	[RSP+D8 ] 0x1                (size_t)
	[RSP+E0 ] 0x0                (size_t)
	[RSP+E8 ] 0x2A35977AB40      (void*)
	[RSP+F0 ] 0x7FF7B8C2E193     (void* -> Fallout4.exe+1D6E193)
	[RSP+F8 ] 0x2A35977AB00      (void*)
	[RSP+100] 0x7FF7BCAAB598     (void* -> Fallout4.exe+5BEB598)
	[RSP+108] 0x0                (size_t)
	[RSP+110] 0x2A2D9B0E800      (bhkWorld*)
	[RSP+118] 0x29AD80FD280      (void*)
	[RSP+120] 0x7FF7B8A10F26     (void* -> Fallout4.exe+1B50F26)
	[RSP+128] 0x7FF7BCAAB598     (void* -> Fallout4.exe+5BEB598)
	[RSP+130] 0x7FF7BCAAB548     (void* -> Fallout4.exe+5BEB548)
	[RSP+138] 0x7FF7BCAAB528     (BSJobs::JobThread*)
	[RSP+140] 0x29B3A14FFA0      (void*)
	[RSP+148] 0x0                (size_t)
	[RSP+150] 0x0                (size_t)
	[RSP+158] 0x11               (size_t)
	[RSP+160] 0x1                (size_t)
	[RSP+168] 0x7FF7BCAAB528     (BSJobs::JobThread*)
	[RSP+170] 0x7FF7B8A11432     (void* -> Fallout4.exe+1B51432)
	[RSP+178] 0x1                (size_t)
	[RSP+180] 0x7FF7BCAAB548     (void* -> Fallout4.exe+5BEB548)
	[RSP+188] 0x0                (size_t)
	[RSP+190] 0xC28961F8A0       (char*) "0K"
	[RSP+198] 0x0                (size_t)
	[RSP+1A0] 0x0                (size_t)
	[RSP+1A8] 0x0                (size_t)
	[RSP+1B0] 0x7FF7B8A13F67     (void* -> Fallout4.exe+1B53F67)
	[RSP+1B8] 0x7FF7BCAAB528     (BSJobs::JobThread*)
	[RSP+1C0] 0x0                (size_t)
	[RSP+1C8] 0x0                (size_t)
	[RSP+1D0] 0x0                (size_t)
	[RSP+1D8] 0x7FF7BCAAB528     (BSJobs::JobThread*)
	[RSP+1E0] 0x7FF7B89DCFED     (void* -> Fallout4.exe+1B1CFED)
	[RSP+1E8] 0x4B30             (size_t)
	[RSP+1F0] 0xC28961F8C0       (void*)
	[RSP+1F8] 0x29AD80DBC90      (void*)
	[RSP+200] 0x0                (size_t)
	[RSP+208] 0x7FF7BCAAB528     (BSJobs::JobThread*)
	[RSP+210] 0x0                (size_t)
	[RSP+218] 0x0                (size_t)
	[RSP+220] 0x7FFA0E8526AD     (void* -> KERNEL32.DLL+00126AD)
	[RSP+228] 0x0                (size_t)
	[RSP+230] 0x0                (size_t)
	[RSP+238] 0x0                (size_t)
	[RSP+240] 0x0                (size_t)
	[RSP+248] 0x0                (size_t)
	[RSP+250] 0x7FFA0FCEAA68     (void* -> ntdll.dll+005AA68)
	[RSP+258] 0x0                (size_t)
	[RSP+260] 0x0                (size_t)
	[RSP+268] 0x0                (size_t)
	[RSP+270] 0x0                (size_t)
	[RSP+278] 0x0                (size_t)
	[RSP+280] 0x0                (size_t)
	[RSP+288] 0x138C7D4B00000000 (size_t)
	[RSP+290] 0x0                (size_t)
	[RSP+298] 0x4F0FFFFFB30      (size_t)
	[RSP+2A0] 0x7FFA0D81BB40     (void* -> KERNELBASE.dll+015BB40)
	[RSP+2A8] 0xC28961E740       (void*)
	[RSP+2B0] 0xC160000FFF43C1B8 (size_t)
	[RSP+2B8] 0x7FFA1E0DC60B     (size_t)
	[RSP+2C0] 0xC28961E740       (void*)
	[RSP+2C8] 0x0                (size_t)
	[RSP+2D0] 0x0                (size_t)
	[RSP+2D8] 0x0                (size_t)
	[RSP+2E0] 0x0                (size_t)
	[RSP+2E8] 0x0                (size_t)
	[RSP+2F0] 0x0                (size_t)
	[RSP+2F8] 0x0                (size_t)
	[RSP+300] 0x0                (size_t)
	[RSP+308] 0x0                (size_t)
	[RSP+310] 0x0                (size_t)
	[RSP+318] 0x0                (size_t)
	[RSP+320] 0x0                (size_t)
	[RSP+328] 0x0                (size_t)
	[RSP+330] 0x0                (size_t)
	[RSP+338] 0x0                (size_t)
	[RSP+340] 0x0                (size_t)
	[RSP+348] 0x0                (size_t)
	[RSP+350] 0x0                (size_t)
	[RSP+358] 0x0                (size_t)
	[RSP+360] 0x0                (size_t)
	[RSP+368] 0x0                (size_t)
	[RSP+370] 0x0                (size_t)
	[RSP+378] 0x0                (size_t)
	[RSP+380] 0x0                (size_t)
	[RSP+388] 0x0                (size_t)
	[RSP+390] 0x0                (size_t)
	[RSP+398] 0x0                (size_t)
	[RSP+3A0] 0x0                (size_t)
	[RSP+3A8] 0x0                (size_t)
	[RSP+3B0] 0x0                (size_t)
	[RSP+3B8] 0x0                (size_t)
	[RSP+3C0] 0x0                (size_t)
	[RSP+3C8] 0x0                (size_t)
	[RSP+3D0] 0x0                (size_t)
	[RSP+3D8] 0x0                (size_t)
	[RSP+3E0] 0x0                (size_t)
	[RSP+3E8] 0x0                (size_t)
	[RSP+3F0] 0x0                (size_t)
	[RSP+3F8] 0x0                (size_t)
	[RSP+400] 0x0                (size_t)
	[RSP+408] 0x0                (size_t)
	[RSP+410] 0x0                (size_t)
	[RSP+418] 0x0                (size_t)
	[RSP+420] 0x0                (size_t)
	[RSP+428] 0x0                (size_t)
	[RSP+430] 0x0                (size_t)
	[RSP+438] 0x0                (size_t)
	[RSP+440] 0x0                (size_t)
	[RSP+448] 0x0                (size_t)
	[RSP+450] 0x0                (size_t)
	[RSP+458] 0x0                (size_t)
	[RSP+460] 0x0                (size_t)
	[RSP+468] 0x0                (size_t)
	[RSP+470] 0x0                (size_t)
	[RSP+478] 0x0                (size_t)
	[RSP+480] 0x0                (size_t)
	[RSP+488] 0x0                (size_t)
	[RSP+490] 0x0                (size_t)
	[RSP+498] 0x0                (size_t)
	[RSP+4A0] 0x0                (size_t)
	[RSP+4A8] 0x0                (size_t)
	[RSP+4B0] 0x0                (size_t)
	[RSP+4B8] 0x0                (size_t)
	[RSP+4C0] 0x0                (size_t)
	[RSP+4C8] 0x0                (size_t)
	[RSP+4D0] 0x0                (size_t)
	[RSP+4D8] 0x0                (size_t)
	[RSP+4E0] 0x0                (size_t)
	[RSP+4E8] 0x0                (size_t)
	[RSP+4F0] 0x0                (size_t)
	[RSP+4F8] 0x0                (size_t)
	[RSP+500] 0x0                (size_t)
	[RSP+508] 0x0                (size_t)
	[RSP+510] 0x0                (size_t)
	[RSP+518] 0x0                (size_t)
	[RSP+520] 0x0                (size_t)
	[RSP+528] 0x0                (size_t)
	[RSP+530] 0x0                (size_t)
	[RSP+538] 0x0                (size_t)
	[RSP+540] 0x0                (size_t)
	[RSP+548] 0x0                (size_t)
	[RSP+550] 0x0                (size_t)
	[RSP+558] 0x0                (size_t)
	[RSP+560] 0x0                (size_t)
	[RSP+568] 0x0                (size_t)
	[RSP+570] 0x0                (size_t)
	[RSP+578] 0x0                (size_t)
	[RSP+580] 0x0                (size_t)
	[RSP+588] 0x0                (size_t)
	[RSP+590] 0x0                (size_t)
	[RSP+598] 0x0                (size_t)
	[RSP+5A0] 0x0                (size_t)
	[RSP+5A8] 0x0                (size_t)
	[RSP+5B0] 0x0                (size_t)
	[RSP+5B8] 0x0                (size_t)
	[RSP+5C0] 0x0                (size_t)
	[RSP+5C8] 0x0                (size_t)
	[RSP+5D0] 0x0                (size_t)
	[RSP+5D8] 0x0                (size_t)
	[RSP+5E0] 0x0                (size_t)
	[RSP+5E8] 0x0                (size_t)
	[RSP+5F0] 0x0                (size_t)
	[RSP+5F8] 0x0                (size_t)
	[RSP+600] 0x0                (size_t)
	[RSP+608] 0x0                (size_t)
	[RSP+610] 0x0                (size_t)
	[RSP+618] 0x0                (size_t)
	[RSP+620] 0x0                (size_t)
	[RSP+628] 0x0                (size_t)
	[RSP+630] 0x0                (size_t)
	[RSP+638] 0x0                (size_t)
	[RSP+640] 0x0                (size_t)
	[RSP+648] 0x0                (size_t)
	[RSP+650] 0x0                (size_t)
	[RSP+658] 0x0                (size_t)
	[RSP+660] 0x0                (size_t)
	[RSP+668] 0x0                (size_t)
	[RSP+670] 0x0                (size_t)
	[RSP+678] 0x0                (size_t)
	[RSP+680] 0x0                (size_t)
	[RSP+688] 0x0                (size_t)
	[RSP+690] 0x0                (size_t)
	[RSP+698] 0x0                (size_t)
	[RSP+6A0] 0x0                (size_t)
	[RSP+6A8] 0x0                (size_t)
	[RSP+6B0] 0x0                (size_t)
	[RSP+6B8] 0x0                (size_t)
	[RSP+6C0] 0x0                (size_t)
	[RSP+6C8] 0x0                (size_t)
	[RSP+6D0] 0x0                (size_t)
	[RSP+6D8] 0x0                (size_t)
	[RSP+6E0] 0x0                (size_t)
	[RSP+6E8] 0x0                (size_t)
	[RSP+6F0] 0x0                (size_t)
	[RSP+6F8] 0x0                (size_t)
	[RSP+700] 0x0                (size_t)
	[RSP+708] 0x0                (size_t)
	[RSP+710] 0x0                (size_t)
	[RSP+718] 0x0                (size_t)
	[RSP+720] 0x0                (size_t)
	[RSP+728] 0x0                (size_t)
	[RSP+730] 0x0                (size_t)
	[RSP+738] 0x0                (size_t)
	[RSP+740] 0x0                (size_t)
	[RSP+748] 0x0                (size_t)
	[RSP+750] 0x0                (size_t)
	[RSP+758] 0x0                (size_t)
	[RSP+760] 0x0                (size_t)
	[RSP+768] 0x0                (size_t)
	[RSP+770] 0x0                (size_t)
	[RSP+778] 0x0                (size_t)
	[RSP+780] 0x0                (size_t)
	[RSP+788] 0x0                (size_t)
	[RSP+790] 0x0                (size_t)
	[RSP+798] 0x0                (size_t)
	[RSP+7A0] 0x0                (size_t)
	[RSP+7A8] 0x0                (size_t)
	[RSP+7B0] 0x0                (size_t)
	[RSP+7B8] 0x0                (size_t)
	[RSP+7C0] 0x0                (size_t)
	[RSP+7C8] 0x0                (size_t)
	[RSP+7D0] 0x0                (size_t)
	[RSP+7D8] 0x0                (size_t)
	[RSP+7E0] 0x0                (size_t)
	[RSP+7E8] 0x0                (size_t)
	[RSP+7F0] 0x0                (size_t)
	[RSP+7F8] 0x0                (size_t)
	[RSP+800] 0x0                (size_t)
	[RSP+808] 0x0                (size_t)
	[RSP+810] 0x0                (size_t)
	[RSP+818] 0x0                (size_t)
	[RSP+820] 0x0                (size_t)
	[RSP+828] 0x0                (size_t)
	[RSP+830] 0x0                (size_t)
	[RSP+838] 0x0                (size_t)
	[RSP+840] 0x0                (size_t)
	[RSP+848] 0x0                (size_t)
	[RSP+850] 0x0                (size_t)
	[RSP+858] 0x0                (size_t)
	[RSP+860] 0x0                (size_t)
	[RSP+868] 0x0                (size_t)
	[RSP+870] 0x0                (size_t)
	[RSP+878] 0x0                (size_t)
	[RSP+880] 0x0                (size_t)
	[RSP+888] 0x0                (size_t)
	[RSP+890] 0x0                (size_t)
	[RSP+898] 0x0                (size_t)
	[RSP+8A0] 0x0                (size_t)
	[RSP+8A8] 0x0                (size_t)
	[RSP+8B0] 0x0                (size_t)
	[RSP+8B8] 0x0                (size_t)
	[RSP+8C0] 0x0                (size_t)
	[RSP+8C8] 0x0                (size_t)
	[RSP+8D0] 0x0                (size_t)
	[RSP+8D8] 0x0                (size_t)
	[RSP+8E0] 0x0                (size_t)
	[RSP+8E8] 0x0                (size_t)
	[RSP+8F0] 0x0                (size_t)
	[RSP+8F8] 0x0                (size_t)
	[RSP+900] 0x0                (size_t)
	[RSP+908] 0x0                (size_t)
	[RSP+910] 0x0                (size_t)
	[RSP+918] 0x0                (size_t)
	[RSP+920] 0x0                (size_t)
	[RSP+928] 0x0                (size_t)
	[RSP+930] 0x0                (size_t)
	[RSP+938] 0x0                (size_t)
	[RSP+940] 0x0                (size_t)

MODULES:
	XINPUT1_3.dll                      0x000000400000
	X3DAudio1_7.dll                    0x00006F940000
	steam_api64.dll                    0x00006F950000
	tbb.dll                            0x000180000000
	tbbmalloc.dll                      0x029AC4710000
	f4ee.dll                           0x029AC9F40000
	LL_fourPlay_1_10_163.dll           0x029AD0120000
	Fallout4.exe                       0x7FF7B6EC0000
	gameoverlayrenderer64.dll          0x7FF917AC0000
	steamclient64.dll                  0x7FF917C50000
	nvwgf2umx.dll                      0x7FF923B50000
	XAudio2_7.dll                      0x7FF92DCE0000
	UnlimitedFastTravel.dll            0x7FF92DE90000
	XDI.dll                            0x7FF92DEE0000
	wsfw_identifier.dll                0x7FF92DF50000
	WhoseQuestIsItAnywayF4.dll         0x7FF92E050000
	SUP_F4SE.dll                       0x7FF92E0B0000
	RobCo_Patcher.dll                  0x7FF92E340000
	PRKF.dll                           0x7FF92E410000
	WINHTTP.dll                        0x7FF92E4A0000
	RustyFaceFix.dll                   0x7FF92E760000
	PowerGridTools.dll                 0x7FF92E7B0000
	po3_SpellPerkItemDistributorF4.dll 0x7FF92E820000
	po3_BaseObjectSwapperF4.dll        0x7FF92E930000
	place.dll                          0x7FF92EA40000
	PipboyTabs.dll                     0x7FF92EAC0000
	mcm.dll                            0x7FF92EB20000
	Buffout4.dll                       0x7FF92EBC0000
	HHS.dll                            0x7FF9317D0000
	BakaFramework.dll                  0x7FF9318C0000
	MODExplorer.dll                    0x7FF934960000
	GFSDK_SSAO_D3D11.win64.dll         0x7FF936620000
	Outfit-ReDress-Fix.dll             0x7FF936D90000
	flexRelease_x64.dll                0x7FF936DE0000
	MSVCP110.dll                       0x7FF9377B0000
	lootman.dll                        0x7FF938600000
	HighFPSPhysicsFix.dll              0x7FF938670000
	MSVCR110.dll                       0x7FF938820000
	Interior-NavCut-Fix.dll            0x7FF938FF0000
	f4se_1_10_163.dll                  0x7FF940A70000
	vstdlib_s64.dll                    0x7FF940B50000
	tier0_s64.dll                      0x7FF940C10000
	GCBugFix.dll                       0x7FF94F100000
	F4z Ro D'oh.dll                    0x7FF94FE80000
	MessageBus.dll                     0x7FF950340000
	crafting_highlight_fix.dll         0x7FF950D80000
	cbp.dll                            0x7FF953A80000
	cudart64_75.dll                    0x7FF953DB0000
	GFSDK_GodraysLib.x64.dll           0x7FF954640000
	ConsoleUtilF4.dll                  0x7FF956B30000
	flexExtRelease_x64.dll             0x7FF957270000
	PlotUI.dll                         0x7FF969580000
	pppl.dll                           0x7FF96A160000
	bink2w64.dll                       0x7FF97B600000
	BetterConsole.dll                  0x7FF988980000
	nvspcap64.dll                      0x7FF9BF010000
	UIAutomationCore.dll               0x7FF9D2EE0000
	f4se_steam_loader.dll              0x7FF9EABD0000
	usvfs_x64.dll                      0x7FF9EB220000
	threadpoolwinrt.dll                0x7FF9EC3F0000
	nvldumdx.dll                       0x7FF9F20A0000
	OneCoreCommonProxyStub.dll         0x7FF9F2F10000
	COMCTL32.dll                       0x7FF9F3140000
	OLEACC.dll                         0x7FF9F33D0000
	gdiplus.dll                        0x7FF9F36F0000
	ncryptsslp.dll                     0x7FF9F44C0000
	MSIMG32.dll                        0x7FF9F4510000
	WeaponDebrisCrashFix.dll           0x7FF9F5D30000
	WININET.dll                        0x7FF9F68D0000
	Windows.UI.dll                     0x7FF9F7440000
	Secur32.dll                        0x7FF9F7600000
	ESPExplorer.dll                    0x7FF9F7DC0000
	encounter_zone_recalculation.dll   0x7FF9F7E40000
	textinputframework.dll             0x7FF9FB060000
	OneCoreUAPCommonProxyStub.dll      0x7FF9FB590000
	msdmo.dll                          0x7FF9FC4C0000
	ResampleDmo.DLL                    0x7FF9FCB90000
	winmmbase.dll                      0x7FF9FCCB0000
	directxdatabasehelper.dll          0x7FF9FCF40000
	dbghelp.dll                        0x7FF9FD660000
	webio.dll                          0x7FF9FD890000
	DSOUND.DLL                         0x7FF9FD960000
	VCRUNTIME140_1.dll                 0x7FF9FE0C0000
	WINMM.dll                          0x7FF9FE0F0000
	nvapi64.dll                        0x7FF9FF270000
	MSVCP140.dll                       0x7FF9FFA70000
	VCRUNTIME140.dll                   0x7FF9FFB00000
	AUDIOSES.DLL                       0x7FFA01010000
	MpOav.dll                          0x7FFA01640000
	CoreUIComponents.dll               0x7FFA016C0000
	nvToolsExt64_1.dll                 0x7FFA01D70000
	amsi.dll                           0x7FFA01E80000
	wbemsvc.dll                        0x7FFA02E20000
	fastprox.dll                       0x7FFA02E70000
	wbemcomn.dll                       0x7FFA03670000
	rasadhlp.dll                       0x7FFA04B90000
	wbemprox.dll                       0x7FFA05380000
	MMDevApi.dll                       0x7FFA05430000
	drvstore.dll                       0x7FFA063D0000
	cryptnet.dll                       0x7FFA06530000
	fwpuclnt.dll                       0x7FFA06570000
	dhcpcsvc.DLL                       0x7FFA06B50000
	WINHTTP.DLL                        0x7FFA06B70000
	VERSION.dll                        0x7FFA06DF0000
	dhcpcsvc6.DLL                      0x7FFA06E00000
	avrt.dll                           0x7FFA088F0000
	d3d11.dll                          0x7FFA09730000
	dcomp.dll                          0x7FFA09990000
	CoreMessaging.dll                  0x7FFA0A170000
	UxTheme.dll                        0x7FFA0A5E0000
	WINNSI.DLL                         0x7FFA0A700000
	dxcore.dll                         0x7FFA0A740000
	dxgi.dll                           0x7FFA0A780000
	dwmapi.dll                         0x7FFA0AA70000
	resourcepolicyclient.dll           0x7FFA0AAF0000
	wintypes.dll                       0x7FFA0AEF0000
	windows.storage.dll                0x7FFA0B030000
	HID.DLL                            0x7FFA0B900000
	IPHLPAPI.DLL                       0x7FFA0BBA0000
	DNSAPI.dll                         0x7FFA0BBD0000
	schannel.DLL                       0x7FFA0BF70000
	rsaenh.dll                         0x7FFA0C070000
	UMPDC.dll                          0x7FFA0C110000
	powrprof.dll                       0x7FFA0C130000
	kernel.appcore.dll                 0x7FFA0C180000
	ntmarta.dll                        0x7FFA0C1A0000
	SSPICLI.DLL                        0x7FFA0C3E0000
	MSWSOCK.dll                        0x7FFA0C5F0000
	USERENV.dll                        0x7FFA0C690000
	wldp.dll                           0x7FFA0C870000
	CRYPTBASE.DLL                      0x7FFA0C8F0000
	CRYPTSP.dll                        0x7FFA0C910000
	MSASN1.dll                         0x7FFA0C960000
	NTASN1.dll                         0x7FFA0C9F0000
	ncrypt.dll                         0x7FFA0CA30000
	bcrypt.dll                         0x7FFA0CA60000
	cfgmgr32.dll                       0x7FFA0CD50000
	devobj.dll                         0x7FFA0CDA0000
	DPAPI.DLL                          0x7FFA0CDF0000
	profapi.dll                        0x7FFA0CFC0000
	WINTRUST.dll                       0x7FFA0D090000
	CRYPT32.dll                        0x7FFA0D100000
	bcryptPrimitives.dll               0x7FFA0D270000
	msvcp_win.dll                      0x7FFA0D2F0000
	win32u.dll                         0x7FFA0D450000
	ucrtbase.dll                       0x7FFA0D480000
	gdi32full.dll                      0x7FFA0D5A0000
	KERNELBASE.dll                     0x7FFA0D6C0000
	OLEAUT32.dll                       0x7FFA0DAF0000
	WS2_32.dll                         0x7FFA0DBD0000
	imagehlp.dll                       0x7FFA0DC50000
	RPCRT4.dll                         0x7FFA0DCC0000
	clbcatq.dll                        0x7FFA0DDE0000
	shcore.dll                         0x7FFA0DE90000
	SHELL32.dll                        0x7FFA0DF90000
	msvcrt.dll                         0x7FFA0E790000
	KERNEL32.DLL                       0x7FFA0E840000
	PSAPI.DLL                          0x7FFA0E930000
	SETUPAPI.dll                       0x7FFA0EBD0000
	ADVAPI32.dll                       0x7FFA0F050000
	IMM32.DLL                          0x7FFA0F120000
	GDI32.dll                          0x7FFA0F160000
	MSCTF.dll                          0x7FFA0F190000
	combase.dll                        0x7FFA0F350000
	USER32.dll                         0x7FFA0F6E0000
	NSI.dll                            0x7FFA0F890000
	ole32.dll                          0x7FFA0F8A0000
	SHLWAPI.dll                        0x7FFA0FA40000
	sechost.dll                        0x7FFA0FAA0000
	COMDLG32.dll                       0x7FFA0FB50000
	ntdll.dll                          0x7FFA0FC90000

F4SE PLUGINS:
	BakaFramework.dll v1.8
	BetterConsole.dll
	Buffout4.dll v1.28.6
	cbp.dll
	ConsoleUtilF4.dll v1.0.1
	crafting_highlight_fix.dll
	encounter_zone_recalculation.dll
	ESPExplorer.dll
	f4ee.dll
	F4z Ro D'oh.dll v1.1.6.1030
	GCBugFix.dll v1
	HHS.dll
	HighFPSPhysicsFix.dll
	Interior-NavCut-Fix.dll v1.0.2
	LL_fourPlay_1_10_163.dll v46
	lootman.dll
	mcm.dll
	MODExplorer.dll
	Outfit-ReDress-Fix.dll v1
	PipboyTabs.dll
	place.dll
	PlotUI.dll
	po3_BaseObjectSwapperF4.dll v1
	po3_SpellPerkItemDistributorF4.dll v2
	PowerGridTools.dll
	pppl.dll
	PRKF.dll
	RobCo_Patcher.dll v1
	RustyFaceFix.dll v2.0.1
	SUP_F4SE.dll
	UnlimitedFastTravel.dll
	WeaponDebrisCrashFix.dll
	WhoseQuestIsItAnywayF4.dll v1
	wsfw_identifier.dll
	XDI.dll

PLUGINS:
	[ 0]     Fallout4.esm
	[ 1]     DLCRobot.esm
	[ 2]     DLCworkshop01.esm
	[ 3]     DLCCoast.esm
	[ 4]     DLCworkshop02.esm
	[ 5]     DLCworkshop03.esm
	[ 6]     DLCNukaWorld.esm
	[ 7]     ccrzrfo4001-tunnelsnakes.esm
	[ 8]     ccswkfo4001-astronautpowerarmor.esm
	[ 9]     cczsef04001-bhouse.esm
	[ A]     cctosfo4001-neosky.esm
	[ B]     cczsefo4002-smanor.esm
	[ C]     cctosfo4002_neonflats.esm
	[ D]     Unofficial Fallout 4 Patch.esp
	[ E]     WorkshopFramework.esm
	[ F]     HUDFramework.esm
	[10]     XDI.esm
	[11]     FortStronger.esm
	[12]     SouthOfTheSea.esm
	[13]     SS2.esm
	[14]     SS2_XPAC_Chapter2.esm
	[15]     PANPC.esm
	[16]     PACE.esm
	[17]     InstituteTechnologyOverhaul.esm
	[18]     MFC2023_EndAlz_Trunk.esm
	[19]     Games.esm
	[1A]     BarstoolGames.esm
	[1B]     Random Robots - True Leveled.esm
	[1C]     NoSharedDogmeatTemplate.esp
	[1D]     NukaWorldReborn.esp
	[1E]     VivaNukaWorldQuests.esp
	[1F]     NukaWorldPlus.esp
	[20]     Ketaros_Treasures.esp
	[21]     SS2Extended.esp
	[22]     FaceMaxson.esp
	[23]     AGNISNikaCola01.esp
	[24]     Altyn Assault Helmet.esp
	[25]     Metro Gas Masks.esp
	[26]     Skb_RiflesRebirth.esp
	[27]     Zapgun.esp
	[28]     127mmSMG.esp
	[29]     American180nv.esp
	[2A]     BullpupBozar.esp
	[2B]     CheatTerminal.esp
	[2C]     Mk41GyrojetHMG.esp
	[2D]     SKKFastReunions.esp
	[2E]     SS2_FDK_TinyLiving.esp
	[2F]     ABundleofTape.esp
	[30]     InstituteTechnologyOverhaul - FULL.esp
	[31]     F4NVRechargerWeapons.esp
	[32]     Immersive Courser Overhaul.esp
	[33]     Glock86.esp
	[34]     KSHairsFemsheppingRadbeetle.esp
	[35]     The Eyes Of Beauty.esp
	[36]     UltracitePA.esp
	[37]     Eli_Armour_Compendium.esp
	[38]     Ketaros_MissingMags.esp
	[39]     CreationClubDelay.esp
	[3A]     Jacq-CompanionPerkMags.esp
	[3B]     9mmPistol.esp
	[3C]     F4NVLaserPistol.esp
	[3D]     PoliceWeaponPack.esp
	[3E]     SS2WastelandVenturers.esp
	[3F]     llamaCompanionHeatherv2.esp
	[40]     Glock 17&18.esp
	[41]     PBW-TheServicePackRELOADED.esp
	[42]     LeeEnfieldNo4MkI.esp
	[43]     0_Vault120.esp
	[44]     BetaWaveHarmonica.esp
	[45]     [SS2 Addon] SimSettlements SuperStructures.esp
	[46]     StealthSuitDrk.esp
	[47]     ElMudoStore.esp
	[48]     GtN_SettlersatPlay.esp
	[49]     Cho1-SS2-Cosmosplot.esp
	[4A]     Cho1_ss2_Barmod_Conversion.esp
	[4B]     SS2_ruined_simsettlement_addonpack.esp
	[4C]     SS2-Jampads2.esp
	[4D]     SS2_STRA_Buildings_and_Skins.esp
	[4E]     SS2_STRA_Support_Buildings.esp
	[4F]     GarageHomesAndSensibleSecurity.esp
	[50]     SS2_Addon_PSC_Plots.esp
	[51]     SS2_Addon_FHE.esp
	[52]     JunkTownTwo.esp
	[53]     SS2-PraRandomAddon.esp
	[54]     DP_CaravanShotgun.esp
	[55]     SigSauer127.esp
	[56]     F4CW10mmSMG.esp
	[57]     45autoPistol.esp
	[58]     DesertEagleNV.esp
	[59]     WinCowbowRepeater.esp
	[5A]     22LR_SilentPistol_ENG.esp
	[5B]     SS2_SIMPDDDD.esp
	[5C]     SelectRapidMG.esp
	[5D]     SelectShotgun.esp
	[5E]     ohSIM_Sim2_Settlements_Scrappers_Addon.esp
	[5F]     MS Contraptions - SS2 ASAM Builder.esp
	[60]     ESPExplorerFO4.esp
	[61]     BarstoolGames_NW.esp
	[62]     BarstoolGames_FH.esp
	[63]     SettlementMenuManager.esp
	[64]     AutomatronUnlockedNukaParts.esp
	[65]     Better Randomized Robots - vanilla loot patch.esp
	[66]     HuntingRevolver.esp
	[67]     LooksMenu Customization Compendium.esp
	[68]     Skibs-223PistolRedux.esp
	[69]     HoloTime_2.esp
	[6A]     SelectMarksman.esp
	[6B]     Better_Settlement_Defence.esp
	[6C]     PigAutomagIII.esp
	[6D]     PlasmaDefenderStandalone.esp
	[6E]     PBW-PlasmaPistol.esp
	[6F]     ChineseStealthSuit.esp
	[70]     KSHairdos.esp
	[71]     SS2_MsB_PlainPlans.esp
	[72]     TheRon_MapMarker.esp
	[73]     CompanionStatus.esp
	[74]     DOOMCatalyst.esp
	[75]     SS2_CityPlanContestAssistant.esp
	[76]     Playable Synth Eyes.esp
	[77]     F4NV-N99.esp
	[78]     F3metalarmor.esp
	[79]     RoundGlasses.esp
	[7A]     Ketaros_World.esp
	[7B]     Radium.esp
	[7C]     SKKFastBOS.esp
	[7D]     SKKFastMinutemen.esp
	[7E]     FatherCompanion.esp
	[7F]     InstituteReformation.esp
	[80]     SRV_StopRadioVoice.esp
	[81]     TacticalCourser.esp
	[82]     The Eyes of Beauty Looking Stranger.esp
	[83]     SS2UI.esp
	[84]     SS2CaravanSnatex.esp
	[85]     Liga.esp
	[86]     NaiSynthProstheticArm.esp
	[87]     Clothes Pack 2 by DonEb14n.esp
	[88]     Clothes Pack 3 by DonEb14n.esp
	[89]     Clothes Pack 4 by DonEb14n.esp
	[8A]     Clothes Pack 5 by DonEb14n.esp
	[8B]     Clothes Pack v2.0 by DonEb14n.esp
	[8C]     Vtawleatherdress.esp
	[8D]     VtawWardrobe8.esp
	[8E]     VtawWardrobe7.esp
	[8F]     VtawSonyaNE.esp
	[90]     VtawKitanaN.esp
	[91]     VtawMaxyDressNE.esp
	[92]     VtawWardrobe1.esp
	[93]     VtawWardrobe2.esp
	[94]     VtawWardrobe4.esp
	[95]     VtawWardrobe5.esp
	[96]     VtawWardrobe6.esp
	[97]     VtawKasugaN.esp
	[98]     VtawDetectiveN.esp
	[99]     VtawScientist.esp
	[9A]     VtawUtilityPack1.esp
	[9B]     VtawWidowmaker.esp
	[9C]     rfortaleza2-mk2.esp
	[9D]     OutfitShuffler.esp
	[9E]     HHFootsteps.esp
	[9F]     GCM.esp
	[A0]     rpampas.esp
	[A1]     b_lpampas.esp
	[A2]     SKKOmodStripper.esp
	[A3]     Vault-Tec Power Armor by NewerMind43 & Captain-Ultima.esp
	[A4]     VtawJumpsuit.esp
	[A5]     Vault-Tec Workshop Overhaul Redux.esp
	[A6]     Vault88 - Essentials.esp
	[A7]     Vault 88 Template - Optimised.esp
	[A8]     Alex's Settlement Power Pylon.esp
	[A9]     Reverb and Ambiance Overhaul.esp
	[AA]     FO4R.esp
	[AB]     jsrs.esp
	[AC]     TruePerks.esp
	[AD]     Vault4.esp
	[AE]     BostonLibrarySettlement.esp
	[FE:  0] ccbgsfo4018-gaussrifleprototype.esl
	[FE:  1] ccbgsfo4019-chinesestealtharmor.esl
	[FE:  2] ccbgsfo4042-bfg.esl
	[FE:  3] ccbgsfo4044-hellfirepowerarmor.esl
	[FE:  4] ccfsvfo4002-midcenturymodern.esl
	[FE:  5] ccfrsfo4001-handmadeshotgun.esl
	[FE:  6] cceejfo4001-decorationpack.esl
	[FE:  7] ccbgsfo4045-advarccab.esl
	[FE:  8] ccfsvfo4003-slocum.esl
	[FE:  9] ccfrsfo4002-antimaterielrifle.esl
	[FE:  A] cceejfo4002-nuka.esl
	[FE:  B] ccsbjfo4001-solarflare.esl
	[FE:  C] cckgjfo4001-bastion.esl
	[FE:  D] ccqdrfo4001_powerarmorai.esl
	[FE:  E] ccbgsfo4115-x02.esl
	[FE:  F] ccrzrfo4002-disintegrate.esl
	[FE: 10] ccbgsfo4116-heavyflamer.esl
	[FE: 11] ccjvdfo4001-holiday.esl
	[FE: 12] ccbgsfo4047-qthund.esl
	[FE: 13] ccfrsfo4003-cr75l.esl
	[FE: 14] ccsbjfo4002_manwellrifle.esl
	[FE: 15] ccbgsfo4046-tescan.esl
	[FE: 16] ccgcafo4025-pagunmm.esl
	[FE: 17] BakaFramework.esm
	[FE: 18] PPF.esm
	[FE: 19] Munitions - An Ammo Expansion.esl
	[FE: 1A] VCM_Sanctuary_Navmesh_Update_W_Roof.esl
	[FE: 1B] Ketaros_NewMags.esl
	[FE: 1C] VCM_StarlightDrivein_Navmesh_Update.esl
	[FE: 1D] VCM_CoastalCottage_Navmesh_Update.esl
	[FE: 1E] VCM_EgretTours_Navmesh_Update.esl
	[FE: 1F] VCM_TheSlog_Navmesh_Update.esl
	[FE: 20] VCM_KingsportLighthouse_Vanilla_Navmesh_Update.esl
	[FE: 21] VCM_GreentopNursery_Navmesh_Update.esl
	[FE: 22] VCM_RedRocket_Navmesh_Update.esl
	[FE: 23] VCM_Murkwater_Navmesh_Update.esl
	[FE: 24] GavMan_AbernathyJan22_CityPlan.esl
	[FE: 25] Vee_SS2_SettlersEssentialPatch.esl
	[FE: 26] Vee_SS2_Chapter2_SettlersEssentialPatch.esl
	[FE: 27] Munitions - Vanilla Ammo Addon.esl
	[FE: 28] WG City Plans Pack ESL.esl
	[FE: 29] CW10mmPistol.esl
	[FE: 2A] CW32Pistol.esl
	[FE: 2B] CanarySaveFileMonitor.esl
	[FE: 2C] CWHuntingRifle.esl
	[FE: 2D] ZJ PerfPlan - Abernathy.esl
	[FE: 2E] ZJ PerfPlan - RedRocket.esl
	[FE: 2F] ZJ PerfPlan - Sanctuary.esl
	[FE: 30] ZJ PerfPlan - Sunshine.esl
	[FE: 31] ZJ PerfPlan - Taffington.esl
	[FE: 32] ZJ PerfPlan - Tenpines.esl
	[FE: 33] ZJ PerfPlan - Zimonja.esl
	[FE: 34] ZJ-Starlight-PerfPlan.esl
	[FE: 35] Actually Viable Junk Jet.esl
	[FE: 36] ConfigurableHotkeys.esl
	[FE: 37] IDEKsLogisticsStation2.esl
	[FE: 38] T65PA.esl
	[FE: 39] ImmersiveTeleportation.esl
	[FE: 3A] Ralphie_James_SS2_Ruined_Church_Far_Harbor_City_Plans_v1.1.esl
	[FE: 3B] UNDRCVR_SimplySettled2022.esl
	[FE: 3C] SetMaxSettlers.esl
	[FE: 3D] IceStormsHair.esl
	[FE: 3E] CROSS_VertibirdFlightsuit.esl
	[FE: 3F] ThrowMoneyAtSS2.esl
	[FE: 40] GCM_DLC_Automatron.esl
	[FE: 41] GCM_DLC_Far_Harbor.esl
	[FE: 42] HQAudio1.esp
	[FE: 43] HQAudio2.esp
	[FE: 44] HQAudio3.esp
	[FE: 45] HQAudio4.esp
	[FE: 46] HQMusicAIO.esp
	[FE: 47] RedShiftPowerArmor.esl
	[FE: 48] EnclavePack.esl
	[FE: 49] HellcatPA.esl
	[FE: 4A] Cho1_Vault88_Metro_Plan.esl
	[FE: 4B] UniversalDisassembler.esl
	[FE: 4C] VCM_CoastalCottage_GarageFloorFix_F-ESL.esl
	[FE: 4D] LIF.esl
	[FE: 4E] CBBE.esp
	[FE: 4F] WCLI_PoseidonEnergyTurbine.esp
	[FE: 50] eXoKetarosLootableTreasures.esp
	[FE: 51] WCLI_RockIslandLighthouse.esp
	[FE: 52] WCLI_NatickSubstation.esp
	[FE: 53] BetterFarHarbor_Open.esp
	[FE: 54] NewtonsRegards.esp
	[FE: 55] Dank_ECO.esp
	[FE: 56] Rifles Rebirth - Unofficial Update.esp
	[FE: 57] CROSS_InstituteExpeditionarySuit.esp
	[FE: 58] Bullpup Bozar - Unofficial Update.esp
	[FE: 59] WCLI_North_Point_Park.esp
	[FE: 5A] Diamond City Owns It's Crops.esp
	[FE: 5B] Dank_LEO.esp
	[FE: 5C] SS2-AUR-HangmansAlleyCityPlanTweaks.esp
	[FE: 5D] NoVault88Radiation.esp
	[FE: 5E] Improved Quest Objectives for FO4 - IQOFO4.esp
	[FE: 5F] stealth_module.esp
	[FE: 60] MiscHairstyle.esp
	[FE: 61] LookingStranger.esp
	[FE: 62] Lots More Facial Hair.esp
	[FE: 63] Lots More Male Hairstyles.esp
	[FE: 64] SF Institute.esp
	[FE: 65] FS_FarHarborBoatFastTravel.esp
	[FE: 66] DualGun.esp
	[FE: 67] SelectRevolver.esp
	[FE: 68] 10SPECIAL.esp
	[FE: 69] UNDRCVR_SimplySettledFairlineOutpost.esp
	[FE: 6A] SS2Extended_OutfitInjectionPatch.esp
	[FE: 6B] SS2AOP_VaultTecTools.esp
	[FE: 6C] SS2_RobotMod.esp
	[FE: 6D] SS2_DLCSettlerPatch.esp
	[FE: 6E] SelectAssaultRifle.esp
	[FE: 6F] SelectPowerArmor.esp
	[FE: 70] SS2 Lexington Underground Fix.esp
	[FE: 71] SimSettlements2_AddOnPack_ApocalypticAdditions_SirLach.esp
	[FE: 72] SimHomestead2.esp
	[FE: 73] NukaWorldRedRocket Sim Settlements 2 Plan.esp
	[FE: 74] LooksMenu.esp
	[FE: 75] JunkTown-FENCES2.esp
	[FE: 76] Dank_ECO-Munitions.esp
	[FE: 77] Dank_WOP-22SilentPistol.esp
	[FE: 78] Dank_ECO_DLCRobot.esp
	[FE: 79] Dank_ECO_DLCNukaWorld.esp
	[FE: 7A] Dank_ECO_DLCCoast.esp
	[FE: 7B] [SS2] BBVault 88.esp
	[FE: 7C] [SS2 Addon] BloodMoonRaiders.esp
	[FE: 7D] 22LR Silenced Pistol - Hi-Res Textures.esp
	[FE: 7E] SS2C2PoliceWeaponsPatch.esp
	[FE: 7F] Munitions-Additional Ammo.esp
	[FE: 80] KitCompanionPerkNoFall.esp
	[FE: 81] Operator Edits - Companion Fall Damage Immunity.esp
	[FE: 82] AutomatronUnlocked.esp
	[FE: 83] LibraryExtras.esp
	[FE: 84] GenericDeliverer.esp
	[FE: 85] Compact Pistol - Unofficial Tweaks.esp
	[FE: 86] Compact Pistol - Unofficial Tweaks - Deliverer Patch.esp
	[FE: 87] Vault-Tec Armor Redux - Modular Expansion & Fixes.esp
	[FE: 88] AGNISNikaCola01-XDI patch.esp
	[FE: 89] CoAPowerArmor.esp
	[FE: 8A] TMaH Atlantic Office fix.esp
	[FE: 8B] DiscreteFemaleSkeleton.esp
	[FE: 8C] LooksMenu1stPersonViewItemsFix.esp
	[FE: 8D] DX Courser X-92 Power Suit.esp
	[FE: 8E] CROSS_CourserStrigidae.esp
	[FE: 8F] HeavySelectShotgun.esp
	[FE: 90] PhotonDisruptor.esp
	[FE: 91] SelectPhoton_ITOinjectPatch.esp
	[FE: 92] BulldogRevolver.esp
	[FE: 93] Manwell Rifle - Unofficial Update.esp
	[FE: 94] Enhanced Vanilla Plants.esp
	[FE: 95] WhoIsTheGeneral.esp
	[FE: 96] CreationClubChineseStealthArmorImproved.esp
	[FE: 97] SS2 Sanctuary Green Hills.esp
	[FE: 98] SS2_NobodysLeaders2.esp
	[FE: 99] SS2_NobodysLeaders2_Automatron.esp
	[FE: 9A] SS2_NobodysLeaders2_VaultTecWorkshop.esp
	[FE: 9B] SS2_XDI Patch.esp
	[FE: 9C] SS2Addon_MS_BareEssentials.esp
	[FE: 9D] CBBEHR.esp
	[FE: 9E] Dank_LEO-Automatron.esp
	[FE: 9F] Dank_LEO_DLCCoast.esp
	[FE: A0] Dank_LEO_DLCNukaWorld.esp
	[FE: A1] GaS2BVTurretsBroke.esp
	[FE: A2] Actual Legendary Rust Devils.esp
	[FE: A3] Dead Settlement Brahmin Despawn.esp
	[FE: A4] Fallout76_wpn_dmg.esp
	[FE: A5] DOOMCatalyst0.esp
	[FE: A6] Enhanced Vanilla Rocks.esp
	[FE: A7] Enhanced Vanilla Vines.esp
	[FE: A8] M8rDisablePipboyEffects.esp
	[FE: A9] Companions Use Companion Perk Overhaul.esp
	[FE: AA] Computer Console illuminated.esp
	[FE: AB] FS_NukaWorldTramFastTravel.esp
	[FE: AC] IDEKsLogisticsStation2_SS2_Patch.esp
	[FE: AD] HighlightConsoleReference.esp
	[FE: AE] SS2-AUR-HangmansAlleyCityPlan.esp
	[FE: AF] ImmersiveTeleportation_lessPower.esp
	[FE: B0] ImmersiveTeleportation_lessRads.esp
	[FE: B1] ImmersiveTeleportation_quickstart.esp
	[FE: B2] IT_SS2.esp
	[FE: B3] DCRE.esp
	[FE: B4] DCRE-FixRadio.esp
	[FE: B5] F4NV-N99 - Uncompressed.esp
	[FE: B6] GtN_DivisionCityPlan_CPC_03.23.esp
	[FE: B7] ManCoat.esp
	[FE: B8] TacticalCourser_Standalone.esp
	[FE: B9] Dank_LEO-LME.esp
	[FE: BA] Dank_LEO-MLM.esp
	[FE: BB] PR_Automatron.esp
	[FE: BC] Radium Rifle Improvements.esp
	[FE: BD] Radvolver.esp
	[FE: BE] Rusty Face Fix.esp
	[FE: BF] UncappedSettlementSurplus.esp
	[FE: C0] LessAnnoyingMMQuests.esp
	[FE: C1] AzarPonytailHairstyles.esp
	[FE: C2] PANPC - Explosion Responses.esp
	[FE: C3] PANPC - Trap Alerts.esp
	[FE: C4] ccTeslaCannon Patch.esp
	[FE: C5] SlcJoepatch.esp
	[FE: C6] 12.7mm SMG - Munitions Patch.esp
	[FE: C7] Select Marksman Rifle - Munitions Patch.esp
	[FE: C8] FATE Module - UNL Zones.esp
	[FE: C9] Dank_LAB.esp
	[FE: CA] Dank_LAB_DLCNukaWorld.esp
	[FE: CB] Dank_LAB_LEO.esp
	[FE: CC] StealthBoyBuffWithRecipe.esp
	[FE: CD] LeeEnfieldNo4MkI Skin Pack Vol1.esp
	[FE: CE] LeeEnfieldPAFootstepFix.esp
	[FE: CF] Darker CC Chinese Stealth Armor.esp
	[FE: D0] Black Codsworth and windows fix.esp
	[FE: D1] Ultimate Window Overhaul.esp
	[FE: D2] Ultimate Window Overhaul Cubemaps.esp
	[FE: D3] FO4HHS.esp
	[FE: D4] ToughGirlAttire.esp
	[FE: D5] Vtaw Wardrobe 6 Materials.esp
	[FE: D6] Vtaw Wardrobe 7 Materials 2K.esp
	[FE: D7] Vtaw Wardrobe 8 Materials 2K.esp
	[FE: D8] rfortaleza2.esp
	[FE: D9] rfortaleza2-wetsuit1.esp
	[FE: DA] rfortaleza2-pauldron.esp
	[FE: DB] rfortaleza2-mk6.esp
	[FE: DC] rfortaleza2-mk5.esp
	[FE: DD] rfortaleza2-mk4.esp
	[FE: DE] rfortaleza2-mk3.esp
	[FE: DF] rfortaleza2-mk1.esp
	[FE: E0] 4estGimp - ZapGunLL.esp
	[FE: E1] CoAPowerArmor - 4k patch.esp
	[FE: E2] Mk41GyrojetHMG - ECO - English.esp
	[FE: E3] HHFootsteps_extended.esp
	[FE: E4] Fallout 3 10mm SMG - 4K Textures.esp
	[FE: E5] Classic 10mm Pistol - Unofficial Update.esp
	[FE: E6] PA-Quick Animations.esp
	[FE: E7] PA_UnderwearPerks.esp
	[FE: E8] LootMan.esp
	[FE: E9] VtawWardrobe8 - HHSSound Patch (no hhs master).esp
	[FE: EA] CC_SlocumCoffee_Overhaul.esp
	[FE: EB] ChameleonAndStealthFixes.esp
	[FE: EC] Institute Suit.esp
	[FE: ED] Vault-Tec Mask.esp
	[FE: EE] Enhanced Vanilla Bodies - NeverNude Male.esp
	[FE: EF] Enhanced Night Sky - Improved Visible Galaxy Framework.esp
	[FE: F0] Power Armor map fix.esp
	[FE: F1] U.S. Covert Operations Manual Redux - Magazine Retexture.esp
	[FE: F2] Ultimate HD Flag Replacer - Redux.esp
	[FE: F3] MS SPECIAL Zapper.esp
	[FE: F4] A Bundle of Tape - Unofficial Update.esp
	[FE: F5] 9mm Pistol - Unofficial Update.esp
	[FE: F6] JSRS_Regions.esp
	[FE: F7] A Bundle of Tape - Varmint Rifle .22 Ammo Patch.esp
	[FE: F8] 12.7mm Pistol - Unofficial Update.esp
	[FE: F9] Capital Wasteland .32 Pistol - Unofficial Update.esp
	[FE: FA] Capital Wasteland Hunting Rifle - Unofficial Update.esp
	[FE: FB] Capital Wasteland Hunting Rifle - .30 Caliber Ammo Patch.esp
	[FE: FC] CR-74L - Unofficial Update.esp
	[FE: FD] Caravan Shotgun - Unofficial Update.esp
	[FE: FE] MS SkipPreWar.esp
	[FE: FF] LOST Audio Tweaks.esp
	[FE:100] .223 Pistol - Munitions Patch.esp
	[FE:101] American 180 - Munitions Patch.esp
	[FE:102] IMI .50AE Desert Eagle - Munitions Patch.esp
	[FE:103] Luxor's Quantum X-01 power armor.esp
	[FE:104] FATE Core - Tweaks.esp
	[FE:105] FATE Core - Fixes.esp
	[FE:106] FATE Module - Tesla Free Power.esp
	[FE:107] FATE Patch - Nuka World Reborn.esp
	[FE:108] CompanionStealth.esp
	[FE:109] Enhanced Vanilla Armor and Clothing.esp
	[FE:10A] PRP.esp
	[FE:10B] Yagisan_SSSL_Red_Rocket_Settlements.esp
	[FE:10C] SouthOfTheSea[Previs].esp
	[FE:10D] Yagisan_SSSL_Quick_Fill_Settlements.esp
	[FE:10E] OCsFiddlersGreen.esp
	[FE:10F] CambridgePoliceStationSettlement.esp
	[FE:110] OCsShovelMuseum.esp
	[FE:111] Settlement_CoA_Crater_of_Atom.esp
	[FE:112] PRP-Compat-JSRS-Regions.esp
	[FE:113] PRP-Machine&Her.esp
	[FE:114] FortStronger[Previsibines].esp
	[FE:115] PRP-SS2.esp
	[FE:116] Settlement_CoA_Ruined_Church.esp
	[FE:117] OCsNukaIsland.esp
	[FE:118] WCLIPET18F_PRP_Patch.esp
	[FE:119] WCLIRIL_PRP_SOTS_Patch.esp
	[FE:11A] PRP-SS2-Fixes-Ch2.esp
	[FE:11B] PRP-ModdingForCharity - Trunk's Malfunction.esp
	[FE:11C] WCLINS_PRP_Patch.esp
	[FE:11D] FiddlersGreenTarberrySwap.esp
	[FE:11E] PRP-SS2-Fixes.esp
	[FE:11F] AtomsRadiance_veelynnlove.esp
	[FE:120] 0_Vault120_PRP.esp
	[FE:121] PRP-TunnelSnakesRule.esp
	[FE:122] PRP-X02.esp
	[FE:123] PRP-Neon Flats.esp
	[FE:124] WCLINPP_PRP_Patch.esp
	[FE:125] PRP-Compat-VNW-CR.esp
	[FE:126] PRP-Compat-NWR-CR.esp
	[FE:127] PRP-Compat-NWR.esp
	[FE:128] PRP-Compat-VNW.esp
	[FE:129] PRP-Compat-NWP-CR.esp
	[FE:12A] PRP-Compat-NWP.esp
	[FE:12B] PRP-Compat-NWP-NWR-VNW-Combo.esp
	[FE:12C] PRP-astronautpowerarmor.esp
	[FE:12D] PRP-bhouse.esp
	[FE:12E] Neosky-Previs.esp
	[FE:12F] Smanor-Previs.esp
	[FE:130] NukaWorldFarmSettlement.esp
	[FE:131] fairlinesettlement.esp
	[FE:132] Fairline_veelynnlove.esp
	[FE:133] WCLIRIL_FV_Patch.esp
	[FE:134] Vault4-eXoPatch.esp
	[FE:135] PRP-Vault4-eXoPatch.esp
	[FE:136] BostonLibrarySettlementPRP.esp
	[FE:137] BostonLibrarySettlementSS2.esp
	[FE:138] BostonLibrarySettlementRobots.esp
	[FE:139] FO4LODGen-DLCCoast-WindTurbines.esp
	[FE:13A] FO4LODGen.esp
	[FE:13B] FOLIP - New LODs.esp
	[FE:13C] LOD Fixes and Additons.esp
	[FE:13D] Optimized Vanilla Tree LODs.esp
	[FE:13E] FOLIP Synthesis.esp
	[FE:13F] Far Harbor 3d Tree LODs.esp
	[FE:140] xLODGen_Output.esp
	[FE:141] Appealing Moles.esp
	[FE:142] Kirs freckles.esp
	[FE:143] PACE - Less Combat Chatter.esp
	[FE:144] Far Harbor Satellite Map.esp
	[FE:145] Nuka-World Satellite Map.esp
	[FE:146] Satellite World Map Fixed.esp
	[FE:147] Dank_ECO-INNR.esp
	[FE:148] Dank_ECO-Munitions_INNR.esp
	[FE:149] Dank_ECO-LEO.esp
	[FE:14A] M8r Complex Sorter.esp
	[FE:14B] M8r Complex Sorter-part2.esp
