Fallout 4 v1.10.163
Buffout 4 v1.26.2

Unhandled exception "EXCEPTION_ACCESS_VIOLATION" at 0x7FF79B1EEC97 Fallout4.exe+02FEC97

	[Compatibility]
		F4EE: true
	[Fixes]
		ActorIsHostileToActor: true
		CellInit: true
		CreateD3DAndSwapChain: true
		EncounterZoneReset: true
		GreyMovies: true
		MagicEffectApplyEvent: true
		MovementPlanner: true
		PackageAllocateLocation: true
		SafeExit: true
		TESObjectREFRGetEncounterZone: true
		UnalignedLoad: true
		UtilityShader: true
	[Patches]
		Achievements: false
		BSMTAManager: true
		BSPreCulledObjects: true
		BSTextureStreamerLocalHeap: true
		HavokMemorySystem: true
		INISettingCollection: true
		InputSwitch: false
		MaxStdIO: -1
		MemoryManager: false
		MemoryManagerDebug: false
		ScaleformAllocator: true
		SmallBlockAllocator: true
		WorkshopMenu: true
	[Warnings]
		CreateTexture2D: true
		ImageSpaceAdapter: true

SYSTEM SPECS:
	OS: Microsoft Windows 11 家庭版 v10.0.22621
	CPU: GenuineIntel 13th Gen Intel(R) Core(TM) i7-13700H
	GPU #1: Nvidia NVIDIA GeForce RTX 4060 Laptop GPU
	GPU #2: Intel Intel(R) Iris(R) Xe Graphics
	GPU #3: Microsoft Basic Render Driver
	PHYSICAL MEMORY: 15.32 GB/31.64 GB

PROBABLE CALL STACK:
	[00] 0x7FF79B1EEC97 Fallout4.exe+02FEC97 -> 1568735+0xF7
	[01] 0x7FF79B1EE37D Fallout4.exe+02FE37D -> 1439924+0x2ED
	[02] 0x7FF79B1F0A22 Fallout4.exe+0300A22 -> 319569+0x42
	[03] 0x7FF79B1EE058 Fallout4.exe+02FE058 -> 1187844+0xB8
	[04] 0x7FF79B1ED140 Fallout4.exe+02FD140 -> 1459968+0xB0
	[05] 0x7FF79B2F37AB Fallout4.exe+04037AB -> 1318239+0x33B
	[06] 0x7FF79AFD180B Fallout4.exe+00E180B -> 644594+0x13B
	[07] 0x7FF79AFD362A Fallout4.exe+00E362A -> 977597+0x11A
	[08] 0x7FF79CA0CFED Fallout4.exe+1B1CFED -> 1079791+0x3D
	[09] 0x7FFEA928257D KERNEL32.DLL+001257D
	[10] 0x7FFEAA1EAA58    ntdll.dll+005AA58

REGISTERS:
	RAX 0x0                (size_t)
	RCX 0x7FF7A0AF7C60     (void* -> Fallout4.exe+5C07C60)
	RDX 0x66696EFEFBE209   (size_t)
	RBX 0x0                (size_t)
	RSP 0x10640EDA0        (void*)
	RBP 0x10640EEA0        (void*)
	RSI 0x10640F338        (void*)
	RDI 0x0                (size_t)
	R8  0xFFFFFFFF         (size_t)
	R9  0x0                (size_t)
	R10 0x6                (size_t)
	R11 0x6                (size_t)
	R12 0x1B85D6631A0      (TESObjectSTAT*)
		File: "SS2.esm"
		Flags: 0x00000009
		Form ID: 0x1301C3D3
		Form Type: 36
	R13 0x1B85D663138      (TESObjectSTAT*)
		File: "SS2.esm"
		Flags: 0x00000009
		Form ID: 0x1301C3D3
		Form Type: 36
	R14 0x1B85DDE6708      (void*)
	R15 0xFFFFFFFFFFFFFFFF (size_t)

STACK:
	[RSP+0000] 0x0                (size_t)
	[RSP+8000] 0x0                (size_t)
	[RSP+1000] 0x1B85D6631A0      (TESObjectSTAT*)
		File: "SS2.esm"
		Flags: 0x00000009
		Form ID: 0x1301C3D3
		Form Type: 36
	[RSP+1800] 0x0                (size_t)
	[RSP+2000] 0x18020100000000   (size_t)
	[RSP+2800] 0x530A02000200     (size_t)
	[RSP+3000] 0x0                (size_t)
	[RSP+3800] 0x400000001FF2D    (size_t)
	[RSP+4000] 0x7FF700000000     (size_t)
	[RSP+4800] 0xFAB857C          (size_t)
	[RSP+5000] 0x155700000B196    (size_t)
	[RSP+5800] 0x7FF79E5E10C8     (void* -> Fallout4.exe+36F10C8)
	[RSP+6000] 0x0                (size_t)
	[RSP+6800] 0x7FF79BBA2AC9     (void* -> Fallout4.exe+0CB2AC9)
	[RSP+7000] 0x0                (size_t)
	[RSP+7800] 0x7FF79CA32FE8     (void* -> Fallout4.exe+1B42FE8)
	[RSP+8000] 0x0                (size_t)
	[RSP+8800] 0x7FF7A0DCB8E0     (void* -> Fallout4.exe+5EDB8E0)
	[RSP+9000] 0x1B875D9C060      (void*)
	[RSP+9800] 0x7FFEAA1E3330     (void* -> ntdll.dll+0053330)
	[RSP+A000] 0x10640F130        (void*)
	[RSP+A800] 0x0                (size_t)
	[RSP+B000] 0x10640EF70        (void*)
	[RSP+B800] 0x7FFEA752401B     (void* -> KERNELBASE.dll+002401B)
	[RSP+C000] 0x3                (size_t)
	[RSP+C800] 0x7FFEAA1E3330     (void* -> ntdll.dll+0053330)
	[RSP+D000] 0x57B88DAC852C     (size_t)
	[RSP+D800] 0x140000001        (size_t)
	[RSP+E000] 0x10640EF50        (void*)
	[RSP+E800] 0x7FFEA752401B     (void* -> KERNELBASE.dll+002401B)
	[RSP+F000] 0x0                (size_t)
	[RSP+F800] 0x1B9A17A1D40      (void*)
	[RSP+1000] 0x57B88DAC851C     (size_t)
	[RSP+1080] 0x0                (size_t)
	[RSP+1100] 0x10640EF80        (void*)
	[RSP+1180] 0x7FFE673E43B8     (void* -> MSVCR110.dll+00243B8)
	[RSP+1200] 0x100000000        (size_t)
	[RSP+1280] 0x1B9A17A1D40      (void*)
	[RSP+1300] 0x0                (size_t)
	[RSP+1380] 0x1B92B5DD790      (char*) "d"
	[RSP+1400] 0x1B853E657B8      (char*) "Markers\InvisibleGeneric01.nif"
	[RSP+1480] 0x7FFE673E432B     (void* -> MSVCR110.dll+002432B)
	[RSP+1500] 0x10640EF80        (void*)
	[RSP+1580] 0x1B877E81C20      (void*)
	[RSP+1600] 0x0                (size_t)
	[RSP+1680] 0x1B92B5DD790      (char*) "d"
	[RSP+1700] 0x0                (size_t)
	[RSP+1780] 0x0                (size_t)
	[RSP+1800] 0x10640F5B0        (void*)
	[RSP+1880] 0x1B86F59A390      (void*)
	[RSP+1900] 0x0                (size_t)
	[RSP+1980] 0x7FF79B086C71     (void* -> Fallout4.exe+0196C71)
	[RSP+1A00] 0x7FF7A0D3FDE0     (void* -> Fallout4.exe+5E4FDE0)
	[RSP+1A80] 0x10640F5B0        (void*)
	[RSP+1B00] 0x10640F030        (char*) "ubelPlasticRed_02.nif"
	[RSP+1B80] 0x0                (size_t)
	[RSP+1C00] 0x10640EF70        (void*)
	[RSP+1C80] 0x7FF79B086000     (void* -> Fallout4.exe+0196000)
	[RSP+1D00] 0x0                (size_t)
	[RSP+1D80] 0x0                (size_t)
	[RSP+1E00] 0x0                (size_t)
	[RSP+1E80] 0x1B781CFD6C0      (void*)
	[RSP+1F00] 0x10640F030        (char*) "ubelPlasticRed_02.nif"
	[RSP+1F80] 0x7FF79B086BC2     (void* -> Fallout4.exe+0196BC2)
	[RSP+2000] 0x1B86F59A390      (void*)
	[RSP+2080] 0x7FF7A0D3FDE0     (void* -> Fallout4.exe+5E4FDE0)
	[RSP+2100] 0x10640F5B0        (void*)
	[RSP+2180] 0x10640F5B0        (void*)
	[RSP+2200] 0x10640F1B0        (void*)
	[RSP+2280] 0x7FF79CA5F000     (void* -> Fallout4.exe+1B6F000)
	[RSP+2300] 0x0                (size_t)
	[RSP+2380] 0x1B9013F2B55      (void*)
	[RSP+2400] 0x10640F5B0        (void*)
	[RSP+2480] 0x1B92B5DD790      (char*) "d"
	[RSP+2500] 0x0                (size_t)
	[RSP+2580] 0x7FF79CB7E081     (void* -> Fallout4.exe+1C8E081)
	[RSP+2600] 0x64               (size_t)
	[RSP+2680] 0x0                (size_t)
	[RSP+2700] 0x73656D5C61746164 (size_t)
	[RSP+2780] 0x5C3253535C736568 (size_t)
	[RSP+2800] 0x6F485C73706F7250 (size_t)
	[RSP+2880] 0x61425C796164696C (size_t)
	[RSP+2900] 0x73616C506C656275 (size_t)
	[RSP+2980] 0x305F646552636974 (size_t)
	[RSP+2A00] 0x66696E2E32       (size_t)
	[RSP+2A80] 0x7FF7A0A49900     (BSSmallBlockAllocator*)
	[RSP+2B00] 0x1B86DDEFB30      (void*)
	[RSP+2B80] 0x7FF79CA32FE8     (void* -> Fallout4.exe+1B42FE8)
	[RSP+2C00] 0x1B86DDEFB20      (BSXFlags*)
	[RSP+2C80] 0x7FF79CA0C613     (void* -> Fallout4.exe+1B1C613)
	[RSP+2D00] 0x7FF79E7BC980     (void* -> Fallout4.exe+38CC980)
	[RSP+2D80] 0x7FF79CA33C21     (void* -> Fallout4.exe+1B43C21)
	[RSP+2E00] 0x7FF7A0A49A00     (void* -> Fallout4.exe+5B59A00)
	[RSP+2E80] 0x7FF7A0EEF0F8     (void* -> Fallout4.exe+5FFF0F8)
	[RSP+2F00] 0x1B875722CB0      (BGSStaticCollection::RootFacade*)
		Name: ""
	[RSP+2F80] 0x1B86DDEFB30      (void*)
	[RSP+3000] 0x1B86DDEFAE0      (void*)
	[RSP+3080] 0x7FF79CA31F2C     (void* -> Fallout4.exe+1B41F2C)
	[RSP+3100] 0x7FF79E7BC900     (char*) "ullingProcess@@"
	[RSP+3180] 0x7FF7A0EEF0F8     (void* -> Fallout4.exe+5FFF0F8)
	[RSP+3200] 0x1B86DDEFB20      (BSXFlags*)
	[RSP+3280] 0x7FF79B0BD489     (void* -> Fallout4.exe+01CD489)
	[RSP+3300] 0x1B86DDEFB20      (BSXFlags*)
	[RSP+3380] 0x7FF79CB9DE6E     (void* -> Fallout4.exe+1CADE6E)
	[RSP+3400] 0x0                (size_t)
	[RSP+3480] 0x1B92B5DD790      (char*) "d"
	[RSP+3500] 0x7FF79DB3A948     (void* -> Fallout4.exe+2C4A948)
	[RSP+3580] 0x1B86DDEFAE0      (void*)
	[RSP+3600] 0x1B86DDEFB20      (BSXFlags*)
	[RSP+3680] 0x7FF79B1F1176     (void* -> Fallout4.exe+0301176)
	[RSP+3700] 0x1B86DDEFAF8      (void*)
	[RSP+3780] 0x10640F010        (char*) "data\meshes\SS2\Props\Holiday\BaubelPlasticRed_02.nif"
	[RSP+3800] 0x1B801040035      (void*)
	[RSP+3880] 0x1B86DDEFAE0      (void*)
	[RSP+3900] 0x0                (size_t)
	[RSP+3980] 0x0                (size_t)
	[RSP+3A00] 0x1                (size_t)
	[RSP+3A80] 0x0                (size_t)
	[RSP+3B00] 0x0                (size_t)
	[RSP+3B80] 0x1B85DDE9B80      (BGSStaticCollection*)
		File: "SS2.esm"
		Flags: 0x00000009
		Form ID: 0x1301FDCD
		Form Type: 37
	[RSP+3C00] 0x1B85DDE3C80      (void*)
	[RSP+3C80] 0x1B85DDE3B18      (void*)
	[RSP+3D00] 0x10640F280        (void*)
	[RSP+3D80] 0x7FF79B1EE37D     (void* -> Fallout4.exe+02FE37D)
	[RSP+3E00] 0x1B85DDE3C80      (void*)
	[RSP+3E80] 0x10640F600        (void*)
	[RSP+3F00] 0x10640F280        (void*)
	[RSP+3F80] 0x0                (size_t)
	[RSP+4000] 0x1B875722CB0      (BGSStaticCollection::RootFacade*)
		Name: ""
	[RSP+4080] 0x7FF7A0A49900     (BSSmallBlockAllocator*)
	[RSP+4100] 0x1B92B5DD6F0      (ScrapHeap*)
	[RSP+4180] 0x0                (size_t)
	[RSP+4200] 0x10640F1B8        (void*)
	[RSP+4280] 0x0                (size_t)
	[RSP+4300] 0x0                (size_t)
	[RSP+4380] 0x0                (size_t)
	[RSP+4400] 0x0                (size_t)
	[RSP+4480] 0x7FF700000000     (size_t)
	[RSP+4500] 0x0                (size_t)
	[RSP+4580] 0x7FFE00000000     (void* -> steamclient64.dll+0CA0000)
	[RSP+4600] 0x100000000        (size_t)
	[RSP+4680] 0x0                (size_t)
	[RSP+4700] 0x57B800000000     (size_t)
	[RSP+4780] 0x0                (size_t)
	[RSP+4800] 0x10640F200        (void*)
	[RSP+4880] 0x7FFE673FCF7F     (void* -> MSVCR110.dll+003CF7F)
	[RSP+4900] 0x1B92B5DD6F0      (ScrapHeap*)
	[RSP+4980] 0x0                (size_t)
	[RSP+4A00] 0x10640F238        (void*)
	[RSP+4A80] 0x0                (size_t)
	[RSP+4B00] 0x0                (size_t)
	[RSP+4B80] 0x0                (size_t)
	[RSP+4C00] 0x0                (size_t)
	[RSP+4C80] 0x7FF700000000     (size_t)
	[RSP+4D00] 0x0                (size_t)
	[RSP+4D80] 0x1B92B5DD790      (char*) "d"
	[RSP+4E00] 0x1B92B5DD6F0      (ScrapHeap*)
	[RSP+4E80] 0x0                (size_t)
	[RSP+4F00] 0x10640F288        (void*)
	[RSP+4F80] 0x0                (size_t)
	[RSP+5000] 0x0                (size_t)
	[RSP+5080] 0x0                (size_t)
	[RSP+5100] 0x0                (size_t)
	[RSP+5180] 0x100000000        (size_t)
	[RSP+5200] 0x1B92B5DD6F0      (ScrapHeap*)
	[RSP+5280] 0x0                (size_t)
	[RSP+5300] 0x10640F2C8        (void*)
	[RSP+5380] 0x0                (size_t)
	[RSP+5400] 0x0                (size_t)
	[RSP+5480] 0x0                (size_t)
	[RSP+5500] 0x0                (size_t)
	[RSP+5580] 0x0                (size_t)
	[RSP+5600] 0x10640F360        (void*)
	[RSP+5680] 0x7FF79CA5F0FB     (void* -> Fallout4.exe+1B6F0FB)
	[RSP+5700] 0x1B878E6E220      (TESObjectREFR*)
		Object Reference: 
			File: "SS2.esm"
			Flags: 0x00000009
			Form ID: 0x1301FDCD
			Form Type: 37
		File: ""
		Flags: 0x0840050A
		Form ID: 0xFF0149B5
		Form Type: 64
	[RSP+5780] 0x77F5EF32         (size_t)
	[RSP+5800] 0x1B85DDE9B80      (BGSStaticCollection*)
		File: "SS2.esm"
		Flags: 0x00000009
		Form ID: 0x1301FDCD
		Form Type: 37
	[RSP+5880] 0x10640F600        (void*)
	[RSP+5900] 0x10640F4B0        (void*)
	[RSP+5980] 0x10640F468        (void*)
	[RSP+5A00] 0x1B85DDE9B80      (BGSStaticCollection*)
		File: "SS2.esm"
		Flags: 0x00000009
		Form ID: 0x1301FDCD
		Form Type: 37
	[RSP+5A80] 0x10640F1B0        (void*)
	[RSP+5B00] 0x10640F470        (void*)
	[RSP+5B80] 0x10640F1F0        (void*)
	[RSP+5C00] 0x10640F1A0        (void*)
	[RSP+5C80] 0x10640F230        (void*)
	[RSP+5D00] 0x10640F2C0        (void*)
	[RSP+5D80] 0x10640F280        (void*)
	[RSP+5E00] 0x30304D435C6D7365 (size_t)
	[RSP+5E80] 0x4E2E444344463130 (size_t)
	[RSP+5F00] 0x106004649        (void*)
	[RSP+5F80] 0x10640F510        (void*)
	[RSP+6000] 0x66696E77F5EF32   (size_t)
	[RSP+6080] 0x7FF7E68A1727     (size_t)
	[RSP+6100] 0x1B84EA0C900      (void*)
	[RSP+6180] 0x7FF79B321435     (void* -> Fallout4.exe+0431435)
	[RSP+6200] 0x535C73656873656D (size_t)
	[RSP+6280] 0x2E3253535C4C4F43 (size_t)
	[RSP+6300] 0x3F800000         (size_t)
	[RSP+6380] 0x0                (size_t)
	[RSP+6400] 0x3F80000000000000 (size_t)
	[RSP+6480] 0x0                (size_t)
	[RSP+6500] 0x0                (size_t)
	[RSP+6580] 0x3F800000         (size_t)
	[RSP+6600] 0x0                (size_t)
	[RSP+6680] 0x3F80000000000000 (size_t)
	[RSP+6700] 0x64               (size_t)
	[RSP+6780] 0x0                (size_t)
	[RSP+6800] 0x10640F4C0        (void*)
	[RSP+6880] 0x10640F600        (void*)
	[RSP+6900] 0x0                (size_t)
	[RSP+6980] 0x1B85DDE9B80      (BGSStaticCollection*)
		File: "SS2.esm"
		Flags: 0x00000009
		Form ID: 0x1301FDCD
		Form Type: 37
	[RSP+6A00] 0x1B878E6E220      (TESObjectREFR*)
		Object Reference: 
			File: "SS2.esm"
			Flags: 0x00000009
			Form ID: 0x1301FDCD
			Form Type: 37
		File: ""
		Flags: 0x0840050A
		Form ID: 0xFF0149B5
		Form Type: 64
	[RSP+6A80] 0x0                (size_t)
	[RSP+6B00] 0x1                (size_t)
	[RSP+6B80] 0x7FF79B1F0A22     (void* -> Fallout4.exe+0300A22)
	[RSP+6C00] 0x1B8A0000002      (void*)
	[RSP+6C80] 0x20000000         (size_t)
	[RSP+6D00] 0x10640F601        (void*)
	[RSP+6D80] 0x8                (size_t)
	[RSP+6E00] 0x1B87832D590      (void*)
	[RSP+6E80] 0x7FF79B1EE058     (void* -> Fallout4.exe+02FE058)
	[RSP+6F00] 0x10640F600        (void*)
	[RSP+6F80] 0x10640F600        (void*)
	[RSP+7000] 0x1                (size_t)
	[RSP+7080] 0x7FF700000000     (size_t)
	[RSP+7100] 0x66696E77F5EF32   (size_t)
	[RSP+7180] 0x7FF7E68A1727     (size_t)
	[RSP+7200] 0x1B85DDE9B80      (BGSStaticCollection*)
		File: "SS2.esm"
		Flags: 0x00000009
		Form ID: 0x1301FDCD
		Form Type: 37
	[RSP+7280] 0x106400001        (void*)
	[RSP+7300] 0x1B85DDE9B80      (BGSStaticCollection*)
		File: "SS2.esm"
		Flags: 0x00000009
		Form ID: 0x1301FDCD
		Form Type: 37
	[RSP+7380] 0x10640F7A0        (void*)
	[RSP+7400] 0x1                (size_t)
	[RSP+7480] 0x7FF79B1ED140     (void* -> Fallout4.exe+02FD140)
	[RSP+7500] 0x1B85DDE9B80      (BGSStaticCollection*)
		File: "SS2.esm"
		Flags: 0x00000009
		Form ID: 0x1301FDCD
		Form Type: 37
	[RSP+7580] 0x10640F589        (void*)
	[RSP+7600] 0x1B878E6E220      (TESObjectREFR*)
		Object Reference: 
			File: "SS2.esm"
			Flags: 0x00000009
			Form ID: 0x1301FDCD
			Form Type: 37
		File: ""
		Flags: 0x0840050A
		Form ID: 0xFF0149B5
		Form Type: 64
	[RSP+7680] 0x1B85DDE9B80      (BGSStaticCollection*)
		File: "SS2.esm"
		Flags: 0x00000009
		Form ID: 0x1301FDCD
		Form Type: 37
	[RSP+7700] 0x1                (size_t)
	[RSP+7780] 0x7FF79AF801F9     (void* -> Fallout4.exe+00901F9)
	[RSP+7800] 0x1B878E6E220      (TESObjectREFR*)
		Object Reference: 
			File: "SS2.esm"
			Flags: 0x00000009
			Form ID: 0x1301FDCD
			Form Type: 37
		File: ""
		Flags: 0x0840050A
		Form ID: 0xFF0149B5
		Form Type: 64
	[RSP+7880] 0x7FF79CA009C3     (void* -> Fallout4.exe+1B109C3)
	[RSP+7900] 0x7FF7A0A49A48     (void* -> Fallout4.exe+5B59A48)
	[RSP+7980] 0x7FF7A0A49900     (BSSmallBlockAllocator*)
	[RSP+7A00] 0x7FF7A0A49900     (BSSmallBlockAllocator*)
	[RSP+7A80] 0x7FFE0DA4B87E     (void* -> Buffout4.dll+008B87E)
	[RSP+7B00] 0x64               (size_t)
	[RSP+7B80] 0x7FF79CA0093F     (void* -> Fallout4.exe+1B1093F)
	[RSP+7C00] 0x1B86B707998      (void*)
	[RSP+7C80] 0x9C0              (size_t)
	[RSP+7D00] 0x1B86B707978      (void*)
	[RSP+7D80] 0xB3CD8DED66B8     (size_t)
	[RSP+7E00] 0x1B86B707978      (void*)
	[RSP+7E80] 0x7FF79AF336DE     (void* -> Fallout4.exe+00436DE)
	[RSP+7F00] 0x1B86B707998      (void*)
	[RSP+7F80] 0x1B84EA0C910      (QueuedReference*)
	[RSP+8000] 0x0                (size_t)
	[RSP+8080] 0x0                (size_t)
	[RSP+8100] 0x1                (size_t)
	[RSP+8180] 0x0                (size_t)
	[RSP+8200] 0x1B92B5DCDD0      (void*)
	[RSP+8280] 0x0                (size_t)
	[RSP+8300] 0x1                (size_t)
	[RSP+8380] 0x1B85DDE9B80      (BGSStaticCollection*)
		File: "SS2.esm"
		Flags: 0x00000009
		Form ID: 0x1301FDCD
		Form Type: 37
	[RSP+8400] 0x10640F6F0        (void*)
	[RSP+8480] 0x7FF79B2F37AB     (void* -> Fallout4.exe+04037AB)
	[RSP+8500] 0x56               (size_t)
	[RSP+8580] 0x0                (size_t)
	[RSP+8600] 0x1B87832D590      (void*)
	[RSP+8680] 0x1B878E7B870      (TESObjectREFR*)
		Object Reference: 
			File: "SS2.esm"
			Flags: 0x00412019
			Form ID: 0x1300FC07
			Form Type: 42
		File: ""
		Flags: 0x0040050A
		Form ID: 0xFF019345
		Form Type: 64
	[RSP+8700] 0x0                (size_t)
	[RSP+8780] 0x0                (size_t)
	[RSP+8800] 0x1B86E11BE60      (void*)
	[RSP+8880] 0x7FF79B46181C     (void* -> Fallout4.exe+057181C)
	[RSP+8900] 0x7FF79AEF0000     (void*)
	[RSP+8980] 0x0                (size_t)
	[RSP+8A00] 0x1B801040054      (void*)
	[RSP+8A80] 0x7FFE0A59B900     (void* -> NanakoSurgeon.dll+003B900)
	[RSP+8B00] 0x1B7E2859001      (void*)
	[RSP+8B80] 0x1B92B5DCDD0      (void*)
	[RSP+8C00] 0x1B86B762B38      (void*)
	[RSP+8C80] 0x7FF79D6AC838     (void* -> Fallout4.exe+27BC838)
	[RSP+8D00] 0x18012C           (size_t)
	[RSP+8D80] 0x1B7CF709A50      (TESNPC*)
		File: ""
		Flags: 0x00000008
		Form ID: 0xFF003229
		Form Type: 45
		Full Name: "辐射大角羊"
	[RSP+8E00] 0x1B7E28590B0      (Actor*)
		Object Reference: 
			File: ""
			Flags: 0x00000008
			Form ID: 0xFF003229
			Form Type: 45
		File: "MutantMenagerie.esm"
		Flags: 0x00420409
		Form ID: 0x0C004C74
		Form Type: 65
	[RSP+8E80] 0x7FFE0A56EAC6     (void* -> NanakoSurgeon.dll+000EAC6)
	[RSP+8F00] 0x7FF700000000     (size_t)
	[RSP+8F80] 0x7FF79AEF0000     (void*)
	[RSP+9000] 0x0                (size_t)
	[RSP+9080] 0x1                (size_t)
	[RSP+9100] 0x1B7DF821260      (NiNode*)
		Name: "RNeck4"
	[RSP+9180] 0x7FF79D6AC87D     (void* -> Fallout4.exe+27BC87D)
	[RSP+9200] 0x1B7E2859000      (void*)
	[RSP+9280] 0x7FFE0000001C     (void* -> steamclient64.dll+0CA001C)
	[RSP+9300] 0x1                (size_t)
	[RSP+9380] 0x80F1C0359000     (size_t)
	[RSP+9400] 0x36               (size_t)
	[RSP+9480] 0x0                (size_t)
	[RSP+9500] 0x0                (size_t)
	[RSP+9580] 0x1                (size_t)
	[RSP+9600] 0xBF485CEF3F1F5830 (size_t)
	[RSP+9680] 0x0                (size_t)
	[RSP+9700] 0x3F1F58303F485CEF (size_t)
	[RSP+9780] 0x0                (size_t)
	[RSP+9800] 0x0                (size_t)
	[RSP+9880] 0x7FF79B03F2B7     (void* -> Fallout4.exe+014F2B7)
	[RSP+9900] 0x0                (size_t)
	[RSP+9980] 0x0                (size_t)
	[RSP+9A00] 0x0                (size_t)
	[RSP+9A80] 0x9C0              (size_t)
	[RSP+9B00] 0x1B84EA0C910      (QueuedReference*)
	[RSP+9B80] 0x6D4              (size_t)
	[RSP+9C00] 0x0                (size_t)
	[RSP+9C80] 0x56               (size_t)
	[RSP+9D00] 0x0                (size_t)
	[RSP+9D80] 0x1B92B5DCDD0      (void*)
	[RSP+9E00] 0xFFFFFFFF         (size_t)
	[RSP+9E80] 0x7FF79AFD180B     (void* -> Fallout4.exe+00E180B)
	[RSP+9F00] 0x1B84EA0C900      (void*)
	[RSP+9F80] 0x1                (size_t)
	[RSP+A000] 0x0                (size_t)
	[RSP+A080] 0xFFFFFFFF         (size_t)
	[RSP+A100] 0x1B7E2859000      (void*)
	[RSP+A180] 0x1B80000001C      (void*)
	[RSP+A200] 0x1B86596DC01      (void*)
	[RSP+A280] 0x7FF79CA01400     (void* -> Fallout4.exe+1B11400)
	[RSP+A300] 0x100000036        (size_t)
	[RSP+A380] 0x10640F900        (void*)
	[RSP+A400] 0x28               (size_t)
	[RSP+A480] 0x1                (size_t)
	[RSP+A500] 0x1B7F4BB7B30      (NiNode*)
		Name: "Ribcage"
	[RSP+A580] 0x7FF79D6AC87D     (void* -> Fallout4.exe+27BC87D)
	[RSP+A600] 0x1B7E2859000      (void*)
	[RSP+A680] 0x1B70000001C      (size_t)
	[RSP+A700] 0x7FF7A0A57501     (void* -> Fallout4.exe+5B67501)
	[RSP+A780] 0x7FF79DBA9600     (void* -> Fallout4.exe+2CB9600)
	[RSP+A800] 0x1B800000036      (void*)
	[RSP+A880] 0x1B84EFB5FD8      (char*) "Neutral"
	[RSP+A900] 0x0                (size_t)
	[RSP+A980] 0x1                (size_t)
	[RSP+AA00] 0x1B7F91EAD40      (NiNode*)
		Name: "Spine4"
	[RSP+AA80] 0x7FF79D6AC838     (void* -> Fallout4.exe+27BC838)
	[RSP+AB00] 0x1B7E2859000      (void*)
	[RSP+AB80] 0x10000001C        (size_t)
	[RSP+AC00] 0x6E41656C616D6501 (size_t)
	[RSP+AC80] 0x7241656361466D00 (size_t)
	[RSP+AD00] 0x4E65707900000036 (size_t)
	[RSP+AD80] 0x6C6172747565     (size_t)
	[RSP+AE00] 0x0                (size_t)
	[RSP+AE80] 0x1                (size_t)
	[RSP+AF00] 0x1B7F3D396E0      (NiNode*)
		Name: "LLeg_Rear_Knee"
	[RSP+AF80] 0x7FF79D6AC87D     (void* -> Fallout4.exe+27BC87D)
	[RSP+B000] 0x1B7E2859000      (void*)
	[RSP+B080] 0x10000001C        (size_t)
	[RSP+B100] 0x1B7A20C9601      (void*)
	[RSP+B180] 0x1B7A20C9600      (void*)
	[RSP+B200] 0x36               (size_t)
	[RSP+B280] 0x7FF79C9FF39E     (void* -> Fallout4.exe+1B0F39E)
	[RSP+B300] 0x0                (size_t)
	[RSP+B380] 0x1                (size_t)
	[RSP+B400] 0x1B7F3D38FF0      (NiNode*)
		Name: "LLeg_Rear_Thigh"
	[RSP+B480] 0x7FF79D6AC87D     (void* -> Fallout4.exe+27BC87D)
	[RSP+B500] 0x1B7E2859000      (void*)
	[RSP+B580] 0x7FF70000001C     (size_t)
	[RSP+B600] 0x1B80048FB01      (void*)
	[RSP+B680] 0x1B85E77CD00      (void*)
	[RSP+B700] 0x7FF700000036     (size_t)
	[RSP+B780] 0x1B877F72C40      (BSFadeNode*)
		Name: "skeleton.nif"
	[RSP+B800] 0x8                (size_t)
	[RSP+B880] 0x1                (size_t)
	[RSP+B900] 0x1B7DA257470      (NiNode*)
		Name: "Pelvis"
	[RSP+B980] 0x7FF79D6AC87D     (void* -> Fallout4.exe+27BC87D)
	[RSP+BA00] 0x1B7E2859000      (void*)
	[RSP+BA80] 0x7FF70000001C     (size_t)
	[RSP+BB00] 0x1B7D2161601      (void*)
	[RSP+BB80] 0x7FF79D712A00     (void* -> Fallout4.exe+2822A00)
	[RSP+BC00] 0x36               (size_t)
	[RSP+BC80] 0x1B872EA4E10      (BSFaceGenNiNode*)
		Name: "BSFaceGenNiNodeSkinned"
	[RSP+BD00] 0x8                (size_t)
	[RSP+BD80] 0x1                (size_t)
	[RSP+BE00] 0x1B7F2C9CC40      (NiNode*)
		Name: "COM"
	[RSP+BE80] 0x7FF79D6AC820     (void* -> Fallout4.exe+27BC820)
	[RSP+BF00] 0x1B7E2859000      (void*)
	[RSP+BF80] 0x7FF70000001C     (size_t)
	[RSP+C000] 0x1                (size_t)
	[RSP+C080] 0x10640FA00        (char*) "6"
	[RSP+C100] 0x1B800000036      (void*)
	[RSP+C180] 0x1B7FF86A520      (void*)
	[RSP+C200] 0x18               (size_t)
	[RSP+C280] 0x1                (size_t)
	[RSP+C300] 0x1B7F4E71BE0      (NiNode*)
		Name: " (0C0131A8)[0]/ (0C0131A9)"
	[RSP+C380] 0x7FF79D6AC838     (void* -> Fallout4.exe+27BC838)
	[RSP+C400] 0x1B7E2859001      (void*)
	[RSP+C480] 0x10000001C        (size_t)
	[RSP+C500] 0x10640FA01        (void*)
	[RSP+C580] 0x0                (size_t)
	[RSP+C600] 0x1B800000036      (void*)
	[RSP+C680] 0x0                (size_t)
	[RSP+C700] 0x18               (size_t)
	[RSP+C780] 0x1                (size_t)
	[RSP+C800] 0x1B92B5DD790      (char*) "d"
	[RSP+C880] 0x1B86FD30A80      (void*)
	[RSP+C900] 0x1B86FD30AD0      (void*)
	[RSP+C980] 0x7FF79B6256A1     (void* -> Fallout4.exe+07356A1)
	[RSP+CA00] 0x901              (size_t)
	[RSP+CA80] 0x1B87680C000      (BSFadeNode*)
		Name: "ImpactBloodSprayUnarmed"
	[RSP+CB00] 0x7                (size_t)
	[RSP+CB80] 0x1B7FF86A520      (void*)
	[RSP+CC00] 0x1B7E28590B0      (Actor*)
		Object Reference: 
			File: ""
			Flags: 0x00000008
			Form ID: 0xFF003229
			Form Type: 45
		File: "MutantMenagerie.esm"
		Flags: 0x00420409
		Form ID: 0x0C004C74
		Form Type: 65
	[RSP+CC80] 0x7FF79CB92CAB     (void* -> Fallout4.exe+1CA2CAB)
	[RSP+CD00] 0x1                (size_t)
	[RSP+CD80] 0x7FFEA75344EE     (void* -> KERNELBASE.dll+00344EE)
	[RSP+CE00] 0x1B7E28590B0      (Actor*)
		Object Reference: 
			File: ""
			Flags: 0x00000008
			Form ID: 0xFF003229
			Form Type: 45
		File: "MutantMenagerie.esm"
		Flags: 0x00420409
		Form ID: 0x0C004C74
		Form Type: 65
	[RSP+CE80] 0x1B70000001C      (size_t)
	[RSP+CF00] 0x3                (size_t)
	[RSP+CF80] 0x1B92B5DD790      (char*) "d"
	[RSP+D000] 0x0                (size_t)
	[RSP+D080] 0x10640FB88        (void*)
	[RSP+D100] 0x48               (size_t)
	[RSP+D180] 0x1                (size_t)
	[RSP+D200] 0x0                (size_t)
	[RSP+D280] 0x0                (size_t)
	[RSP+D300] 0x0                (size_t)
	[RSP+D380] 0x0                (size_t)
	[RSP+D400] 0x0                (size_t)
	[RSP+D480] 0x5                (size_t)
	[RSP+D500] 0x3                (size_t)
	[RSP+D580] 0x1B92B5DD790      (char*) "d"
	[RSP+D600] 0x1B84EA0C910      (QueuedReference*)
	[RSP+D680] 0x1B7B906CCC0      (BackgroundProcessThread*)
	[RSP+D700] 0x2                (size_t)
	[RSP+D780] 0x7FF79AFD362A     (void* -> Fallout4.exe+00E362A)
	[RSP+D800] 0x25E3ED           (size_t)
	[RSP+D880] 0x0                (size_t)
	[RSP+D900] 0x1B878E6E220      (TESObjectREFR*)
		Object Reference: 
			File: "SS2.esm"
			Flags: 0x00000009
			Form ID: 0x1301FDCD
			Form Type: 37
		File: ""
		Flags: 0x0840050A
		Form ID: 0xFF0149B5
		Form Type: 64
	[RSP+D980] 0x0                (size_t)
	[RSP+DA00] 0x0                (size_t)
	[RSP+DA80] 0x0                (size_t)
	[RSP+DB00] 0x0                (size_t)
	[RSP+DB80] 0x0                (size_t)
	[RSP+DC00] 0x0                (size_t)
	[RSP+DC80] 0x0                (size_t)
	[RSP+DD00] 0x0                (size_t)
	[RSP+DD80] 0x7FF79CA0CFED     (void* -> Fallout4.exe+1B1CFED)
	[RSP+DE00] 0x0                (size_t)
	[RSP+DE80] 0x1B84EA0C910      (QueuedReference*)
	[RSP+DF00] 0x63AC             (size_t)
	[RSP+DF80] 0x1B7B906CCC0      (BackgroundProcessThread*)
	[RSP+E000] 0x1B7B906CCC0      (BackgroundProcessThread*)
	[RSP+E080] 0x0                (size_t)
	[RSP+E100] 0x0                (size_t)
	[RSP+E180] 0x7FFEA928257D     (void* -> KERNEL32.DLL+001257D)
	[RSP+E200] 0x0                (size_t)
	[RSP+E280] 0x0                (size_t)
	[RSP+E300] 0x0                (size_t)
	[RSP+E380] 0x0                (size_t)
	[RSP+E400] 0x0                (size_t)
	[RSP+E480] 0x7FFEAA1EAA58     (void* -> ntdll.dll+005AA58)
	[RSP+E500] 0x0                (size_t)
	[RSP+E580] 0x0                (size_t)
	[RSP+E600] 0x0                (size_t)
	[RSP+E680] 0x0                (size_t)
	[RSP+E700] 0x0                (size_t)
	[RSP+E780] 0x0                (size_t)
	[RSP+E800] 0xBC4E27F600000000 (size_t)
	[RSP+E880] 0x0                (size_t)
	[RSP+E900] 0x4F0FFFFFB30      (size_t)
	[RSP+E980] 0x7FFEA765C6C0     (void* -> KERNELBASE.dll+015C6C0)
	[RSP+EA00] 0x10640DEC0        (void*)
	[RSP+EA80] 0x1FFF86CAF84D800  (size_t)
	[RSP+EB00] 0x7FFE1B2BE136     (size_t)
	[RSP+EB80] 0x10640DEC0        (void*)
	[RSP+EC00] 0x0                (size_t)
	[RSP+EC80] 0x0                (size_t)
	[RSP+ED00] 0x0                (size_t)
	[RSP+ED80] 0x0                (size_t)
	[RSP+EE00] 0x0                (size_t)
	[RSP+EE80] 0x0                (size_t)
	[RSP+EF00] 0x0                (size_t)
	[RSP+EF80] 0x0                (size_t)
	[RSP+F000] 0x0                (size_t)
	[RSP+F080] 0x0                (size_t)
	[RSP+F100] 0x0                (size_t)
	[RSP+F180] 0x0                (size_t)
	[RSP+F200] 0x0                (size_t)
	[RSP+F280] 0x0                (size_t)
	[RSP+F300] 0x0                (size_t)
	[RSP+F380] 0x0                (size_t)
	[RSP+F400] 0x0                (size_t)
	[RSP+F480] 0x0                (size_t)
	[RSP+F500] 0x0                (size_t)
	[RSP+F580] 0x0                (size_t)
	[RSP+F600] 0x0                (size_t)
	[RSP+F680] 0x0                (size_t)
	[RSP+F700] 0x0                (size_t)
	[RSP+F780] 0x0                (size_t)
	[RSP+F800] 0x0                (size_t)
	[RSP+F880] 0x0                (size_t)
	[RSP+F900] 0x0                (size_t)
	[RSP+F980] 0x0                (size_t)
	[RSP+FA00] 0x0                (size_t)
	[RSP+FA80] 0x0                (size_t)
	[RSP+FB00] 0x0                (size_t)
	[RSP+FB80] 0x0                (size_t)
	[RSP+FC00] 0x0                (size_t)
	[RSP+FC80] 0x0                (size_t)
	[RSP+FD00] 0x0                (size_t)
	[RSP+FD80] 0x0                (size_t)
	[RSP+FE00] 0x0                (size_t)
	[RSP+FE80] 0x0                (size_t)
	[RSP+FF00] 0x0                (size_t)
	[RSP+FF80] 0x0                (size_t)
	[RSP+1000] 0x0                (size_t)
	[RSP+1008] 0x0                (size_t)
	[RSP+1010] 0x0                (size_t)
	[RSP+1018] 0x0                (size_t)
	[RSP+1020] 0x0                (size_t)
	[RSP+1028] 0x0                (size_t)
	[RSP+1030] 0x0                (size_t)
	[RSP+1038] 0x0                (size_t)
	[RSP+1040] 0x0                (size_t)
	[RSP+1048] 0x0                (size_t)
	[RSP+1050] 0x0                (size_t)
	[RSP+1058] 0x0                (size_t)
	[RSP+1060] 0x0                (size_t)
	[RSP+1068] 0x0                (size_t)
	[RSP+1070] 0x0                (size_t)
	[RSP+1078] 0x0                (size_t)
	[RSP+1080] 0x0                (size_t)
	[RSP+1088] 0x0                (size_t)
	[RSP+1090] 0x0                (size_t)
	[RSP+1098] 0x0                (size_t)
	[RSP+10A0] 0x0                (size_t)
	[RSP+10A8] 0x0                (size_t)
	[RSP+10B0] 0x0                (size_t)
	[RSP+10B8] 0x0                (size_t)
	[RSP+10C0] 0x0                (size_t)
	[RSP+10C8] 0x0                (size_t)
	[RSP+10D0] 0x0                (size_t)
	[RSP+10D8] 0x0                (size_t)
	[RSP+10E0] 0x0                (size_t)
	[RSP+10E8] 0x0                (size_t)
	[RSP+10F0] 0x0                (size_t)
	[RSP+10F8] 0x0                (size_t)
	[RSP+1100] 0x0                (size_t)
	[RSP+1108] 0x0                (size_t)
	[RSP+1110] 0x0                (size_t)
	[RSP+1118] 0x0                (size_t)
	[RSP+1120] 0x0                (size_t)
	[RSP+1128] 0x0                (size_t)
	[RSP+1130] 0x0                (size_t)
	[RSP+1138] 0x0                (size_t)
	[RSP+1140] 0x0                (size_t)
	[RSP+1148] 0x0                (size_t)
	[RSP+1150] 0x0                (size_t)
	[RSP+1158] 0x0                (size_t)
	[RSP+1160] 0x0                (size_t)
	[RSP+1168] 0x0                (size_t)
	[RSP+1170] 0x0                (size_t)
	[RSP+1178] 0x0                (size_t)
	[RSP+1180] 0x0                (size_t)
	[RSP+1188] 0x0                (size_t)
	[RSP+1190] 0x0                (size_t)
	[RSP+1198] 0x0                (size_t)
	[RSP+11A0] 0x0                (size_t)
	[RSP+11A8] 0x0                (size_t)
	[RSP+11B0] 0x0                (size_t)
	[RSP+11B8] 0x0                (size_t)
	[RSP+11C0] 0x0                (size_t)
	[RSP+11C8] 0x0                (size_t)
	[RSP+11D0] 0x0                (size_t)
	[RSP+11D8] 0x0                (size_t)
	[RSP+11E0] 0x0                (size_t)
	[RSP+11E8] 0x0                (size_t)
	[RSP+11F0] 0x0                (size_t)
	[RSP+11F8] 0x0                (size_t)
	[RSP+1200] 0x0                (size_t)
	[RSP+1208] 0x0                (size_t)
	[RSP+1210] 0x0                (size_t)
	[RSP+1218] 0x0                (size_t)
	[RSP+1220] 0x0                (size_t)
	[RSP+1228] 0x0                (size_t)
	[RSP+1230] 0x0                (size_t)
	[RSP+1238] 0x0                (size_t)
	[RSP+1240] 0x0                (size_t)
	[RSP+1248] 0x0                (size_t)
	[RSP+1250] 0x0                (size_t)
	[RSP+1258] 0x0                (size_t)

MODULES:

F4SE PLUGINS:
	achievements.dll
	BakaScrapHeap.dll v1.3
	BetterConsole.dll
	Buffout4.dll v1.26.2
	BulletCountedReload.dll
	cbp.dll
	CHW_ASS.dll
	ClassicHolsteredWeapons.dll
	ClockWidget.dll
	CustomScaleFix.dll
	enbhelperf4.dll v1
	ENBInputDisabler.dll v1
	ESPExplorer.dll
	f4ee.dll
	f4pm.dll
	FakeThroughScope.dll v0.9.4
	Fallout4Upscaler.dll v1
	FavoritesMenuEx.dll
	FloatingDamage.dll
	fmt.dll
	HHS.dll
	HighFPSPhysicsFix.dll
	hudextension.dll
	HUDPlusPlus.dll
	LL_fourPlay_1_10_163.dll v46
	mcm.dll
	MyCustomNanako.dll v1.4.1
	NAF.dll v0.8.10
	NanakoSurgeon.dll v1
	place.dll
	PowerGridTools.dll
	ProjectMojave.dll
	RobCo_Patcher.dll v3.5
	SAF.dll
	ScreenArcherMenu.dll
	SeamlessInspect.dll v1
	ShadowBoostFO4.dll
	SideAimAni.dll v1.6.1
	SimpleImpact.dll v1
	spdlog.dll v1.10
	SSW.dll
	TullPatcherF4.dll v0.6.1
	UneducatedShooter.dll v1
	UnlimitedFastTravel.dll
	UnlimitedSurvivalMode.dll
	WeaponDebrisCrashFix.dll
	wsfw_identifier.dll
	XDI.dll

PLUGINS:
	[00]     Fallout4.esm
	[01]     DLCRobot.esm
	[02]     DLCworkshop01.esm
	[03]     DLCCoast.esm
	[04]     DLCworkshop02.esm
	[05]     DLCworkshop03.esm
	[06]     DLCNukaWorld.esm
	[07]     Unofficial Fallout 4 Patch.esp
	[08]     AAF.esm
	[09]     ArmorKeywords.esm
	[0A]     HUDFramework.esm
	[0B]     TacticalReload.esm
	[0C]     MutantMenagerie.esm
	[0D]     MutantMenagerie_FarHarbor.esm
	[0E]     AnimeRace_Nanako.esp
	[0F]     ProjectMojave.esm
	[10]     CWPointLookoutFO4.esm
	[11]     WorkshopFramework.esm
	[12]     SouthOfTheSea.esm
	[13]     SS2.esm
	[14]     TortureDevices.esm
	[15]     PACE.esm
	[16]     PANPC.esm
	[17]     Darlene.esm
	[18]     SS2_XPAC_Chapter2.esm
	[19]     JonsMod.esm
	[1A]     TheWilderness.esm
	[1B]     Devious Devices.esm
	[1C]     NAF.esp
	[1D]     LooksMenu.esp
	[1E]     SideAim.esp
	[1F]     Armorsmith Extended.esp
	[20]     CarPhysicsDeathBugfix.esp
	[21]     VisibleCompanionAffinity.esp
	[22]     CompanionStatus.esp
	[23]     ValdacilsItemSorting-00-ValsPicks-DLCVersion-VanillaWeight.esp
	[24]     ValdacilsItemSorting-Junk+DEF_INV.esp
	[25]     ValdacilsItemSortingArmorFix.esp
	[26]     WheelMenu.esp
	[27]     NAC.esp
	[28]     NAC-NW.esp
	[29]     NAC-FH.esp
	[2A]     Nac X Fogline Fix.esp
	[2B]     The Collector's Guides AIO.esp
	[2C]     FO4LaserBolts - InstituteRoyalBlue.esp
	[2D]     FO4LaserBolts.esp
	[2E]     dD-Enhanced Blood.esp
	[2F]     MWHitFx.esp
	[30]     Liga.esp
	[31]     PIP-Pad.esp
	[32]     MinQuestReceiver.esp
	[33]     MilitarizedMinutemen.esp
	[34]     MilitarisedMinutemen_PatchesAddon.esp
	[35]     Running with Corpses.esp
	[36]     Nuke Screen Effect Remover.esp
	[37]     Sandbag Fortifications - Version 2C.esp
	[38]     DD_Khassar_De_Templari_Increased_build.esp
	[39]     ShootingTarget.esp
	[3A]     FlagsExtended.esp
	[3B]     PosterForYou.esp
	[3C]     LazmansPoses.esp
	[3D]     Slave&ModelPinup.esp
	[3E]     THPoses.esp
	[3F]     KziitdAnimationPoses.esp
	[40]     JNFA.esp
	[41]     ImmersiveAnimationFramework.esp
	[42]     jsrs.esp
	[43]     JSRS_Footsteps.esp
	[44]     AK400.esp
	[45]     Zenit.esp
	[46]     MWAN94.esp
	[47]     SigMCX.esp
	[48]     SIGMCXArmoryProject.esp
	[49]     MWRam7.esp
	[4A]     MWAUG.esp
	[4B]     MK18.esp
	[4C]     FnScar.esp
	[4D]     G3A3.esp
	[4E]     QBZ191.esp
	[4F]     BH_MCX_Spear.esp
	[50]     AX50_by_tooun.esp
	[51]     SPR300.esp
	[52]     Escape from Boston - M200 Intervention.esp
	[53]     XM2010_SniperRifle_by_tooun.esp
	[54]     XM2010_SniperRifle_STS.esp
	[55]     LeeEnfieldNo4MkI.esp
	[56]     mjp_PTRS41ATR.esp
	[57]     TeslaCannonRedux.esp
	[58]     FNX45.esp
	[59]     HKUSP9mm.esp
	[5A]     MWEagle.esp
	[5B]     Glock19x.esp
	[5C]     MWStriker.esp
	[5D]     M203.esp
	[5E]     Quad_RAWLauncher.esp
	[5F]     CazadorML.esp
	[60]     M2Agency.esp
	[61]     RemingtonM11.esp
	[62]     ImiUzi.esp
	[63]     Cyberpunk 2077 Malorian Arms 3516.esp
	[64]     Cyberpunk 2077 G-58 Dian.esp
	[65]     CombinedArmsNV.esp
	[66]     CombinedArmsEXPack.esp
	[67]     TacticalReloadDLC.esp
	[68]     BF1 Animations - Hunting Rifle v1.3.esp
	[69]     PipeGun.esp
	[6A]     DoubleBarrelShotgun.esp
	[6B]     10MMTF.esp
	[6C]     Scopes.esp
	[6D]     3dscopes-replacer-leeenfield.esp
	[6E]     3dscopes-replacer.esp
	[6F]     XM2010 Night Vision Brightness Patch.esp
	[70]     Sailor_662.esp
	[71]     662kx.esp
	[72]     Chole.esp
	[73]     6362.esp
	[74]     70.esp
	[75]     kalie.esp
	[76]     Aether Gazer Tiangou_662.esp
	[77]     662_XQTD.esp
	[78]     Yawl.esp
	[79]     amiya.esp
	[7A]     renou.esp
	[7B]     sailor.esp
	[7C]     tolass.esp
	[7D]     uniform.esp
	[7E]     Miku race.esp
	[7F]     QUQU Uniform.esp
	[80]     misaki.esp
	[81]     Synth Agent Outfit.esp
	[82]     slitsuit_662.esp
	[83]     NIKKE_662.esp
	[84]     GF2 662.esp
	[85]     Nemesis_662.esp
	[86]     Homura.esp
	[87]     Maya's Wardrobe.esp
	[88]     VCR_Mariel.esp
	[89]     VCR_Eri.esp
	[8A]     VRC_Binaco.esp
	[8B]     Maya.esp
	[8C]     VCR_Rgray.esp
	[8D]     (Booth) French Maid.esp
	[8E]     (HI3)Bronya.esp
	[8F]     BNS School Girl.esp
	[90]     Nyangsuit FO4.esp
	[91]     policeuniform.esp
	[92]     CODM_AN94.esp
	[93]     AK_Lappland.esp
	[94]     AK_Saileach.esp
	[95]     AK_Sora.esp
	[96]     AK_W.esp
	[97]     Canadian Joint Task Force 2.esp
	[98]     Survivalist.esp
	[99]     DOA Wedding Dress.esp
	[9A]     SA2MIYA.esp
	[9B]     BattleTowels.esp
	[9C]     TheNurse.esp
	[9D]     Tull Collection.esp
	[9E]     BZW_Collection.esp
	[9F]     Custom Kemono Hair.esp
	[A0]     TulliusHair.esp
	[A1]     CBBE.esp
	[A2]     512StandaloneHairColors.esp
	[A3]     BlueArchiveClothes.esp
	[A4]     TactiGirl.esp
	[A5]     AnimeRace_NanaKoEyes1.esp
	[A6]     AnimeRace_NanakoHarmonyPatch.esp
	[A7]     Sequel_Collection.esp
	[A8]     VTB.esp
	[A9]     lueduozhe.esp
	[AA]     Ldz Nanako-114.esp
	[AB]     Hezi Ldz Nanako-114.esp
	[AC]     Faxin NanaKo 114.esp
	[AD]     FeituNPC Nanako-114.esp
	[AE]     Qiangshou Nanako-114.esp
	[AF]     Anbao NanaKo-114.esp
	[B0]     Yuanz Nanako-114.esp
	[B1]     My little nick.esp
	[B2]     Gourou Nanako-114.esp
	[B3]     Live Dismemberment - POSTAL.esp
	[B4]     Teshu NPC Nanako 114.esp
	[B5]     SlowTime.esp
	[B6]     jiantihanhua.esp
	[B7]     Scrap Everything - Ultimate Edition.esp
	[B8]     nia.esp
	[B9]     P08_662.esp
	[BA]     Adolescent_U.esp
	[BB]     OutcastsAndRemnants.esp
	[BC]     ProjectValkyrie.esp
	[BD]     Depravity.esp
	[BE]     NukaWorldReborn.esp
	[BF]     VivaNukaWorld.esp
	[C0]     projectmojave-wolfes-expansion_beta.esp
	[C1]     FTS.esp
	[C2]     FTS-M249.esp
	[C3]     FTS_Vanilla.esp
	[C4]     ESPExplorerFO4.esp
	[C5]     Power Conduits and Pylons - Increased Radius x3.esp
	[C6]     AdvSettleTurretSet.esp
	[C7]     SKKPlayerUndead.esp
	[C8]     NPCs Use Items.esp
	[C9]     NoAffinityCooldown.esp
	[CA]     TheyWantThatAss.esp
	[CB]     Realistic Roads - Black Asphalt.esp
	[CC]     TrueGrass.esp
	[CD]     Armament.esp
	[CE]     MsAbominations.esp
	[CF]     The Deadly Commonwealth Expansion.esp
	[D0]     WorkingNCMachine.esp
	[D1]     Workshop_Planters.esp
	[D2]     WorkingFridges.esp
	[D3]     Crazy_Animations_Gun.esp
	[D4]     AAF_BadEnd_Animations.esp
	[D5]     VivaNukaWorldQuests.esp
	[D6]     VivaNukaWorldQuests - Depravity Integration.esp
	[D7]     Insignificant Object Remover.esp
	[D8]     RED.esp
	[D9]     DarleneDLC.esp
	[DA]     ellen.esp
	[DB]     llamaCompanionHeatherv2.esp
	[DC]     Northern Springs-expansion project.esp
	[DD]     AnimatedRadaway.esp
	[DE]     AnimChemRedux.esp
	[DF]     M8r Complex Sorter.esp
	[E0]     M8r Complex Sorter-part2.esp
	[E1]     MaxwellsWorl.esp
	[E2]     MaxwellsWorl XDI Patch.esp
	[E3]     AAF_Violate.esp
	[E4]     FPAttributes.esp
	[E5]     FP_SexualHarassment.esp
	[E6]     AAF_CreaturePack01.esp
	[E7]     SavageCabbage_Animations.esp
	[FE:000] AnimeRace - NPC replace.esp
	[FE:001] XDI.esm
	[FE:002] ZPoses.esl
	[FE:003] Drifter Pose Pack.esl
	[FE:004] Quick_Change_Armor_by_tooun.esl
	[FE:005] Cho1_UMP40_Outfit.esl
	[FE:006] Inspectweapons.esl
	[FE:007] Chiisana_Amai_Koi_by_tooun.esl
	[FE:008] IceStormsGRL45.esl
	[FE:009] Nanako - CBBE.esl
	[FE:00A] Black Qipao.esl
	[FE:00B] RR Yor.esl
	[FE:00C] VtawGamerGrill.esl
	[FE:00D] Munitions - An Ammo Expansion.esl
	[FE:00E] Munitions - Vanilla Ammo Addon.esl
	[FE:00F] FaceLight.esl
	[FE:010] tooun_Animationpack.esl
	[FE:011] Skb_MachinegunsRebirth.esl
	[FE:012] CWPointLookoutFO4Patch.esl
	[FE:013] Loot Detector.esl
	[FE:014] EsmeraldaPrefabMCMHouses.esl
	[FE:015] PPF.esm
	[FE:016] AAFThemes.esl
	[FE:017] IceStorms Poses.esl
	[FE:018] SimpleAttackReactions.esp
	[FE:019] PuddleReflectionFix.esp
	[FE:01A] SimpleDeathReactions.esp
	[FE:01B] M8rDisablePipboyEffects.esp
	[FE:01C] Region Names on Save Files.esp
	[FE:01D] NAC-RemoveMenuItem.esp
	[FE:01E] Gloomy Glass.esp
	[FE:01F] FO4ParticlePatch.esp
	[FE:020] DoomHeartBeat.esp
	[FE:021] SimpleImpact.esp
	[FE:022] MWHitFX - Automatron Patch.esp
	[FE:023] AnotherLife.esp
	[FE:024] PhotoMode.esp
	[FE:025] RichMerchants.esp
	[FE:026] Voice no slow down.esp
	[FE:027] WQSH.esp
	[FE:028] LongerPowerLines3x.esp
	[FE:029] CompactCrafting.esp
	[FE:02A] 10duckpose.esp
	[FE:02B] GSPosesFO4.esp
	[FE:02C] TTiKKeop poses.esp
	[FE:02D] Tullius Poses Pack.esp
	[FE:02E] VVPoses.esp
	[FE:02F] ScreenArcherMenu.esp
	[FE:030] DynamicPinup1.2_ESL.esp
	[FE:031] IAF - Far Harbor & Nuka World.esp
	[FE:032] JSRS_Regions.esp
	[FE:033] Fallout4_Debad_BGM_Pack.esp
	[FE:034] Stimpaks help you breathe.esp
	[FE:035] SprintStutterRemover.esp
	[FE:036] SigMCX_LvlListPatch.esp
	[FE:037] SigMCX_MaterialPack.esp
	[FE:038] FnScar_LvlListPatch.esp
	[FE:039] FnScar_TacticalReload.esp
	[FE:03A] QBZ191_TR_patch.esp
	[FE:03B] BH_MCX_Spear_TR.esp
	[FE:03C] BH_MCX_Spear_STS_Patch.esp
	[FE:03D] SPR300_LvlList.esp
	[FE:03E] SPR300_TacticalReload.esp
	[FE:03F] Escape from Boston - M200 Intervention TR.esp
	[FE:040] EFB M200 - Close Sights Pack.esp
	[FE:041] HKUSP9mmLvlList.esp
	[FE:042] HKUSP9mmTacReload.esp
	[FE:043] ImiUziLvlList.esp
	[FE:044] PPS43.esp
	[FE:045] M2AgencyLvlListPatch.esp
	[FE:046] M2AgencyTacticalReloadPatch.esp
	[FE:047] RemingtonM11_LvlListPatch.esp
	[FE:048] RemingtonM11_TacticalReloadPatch.esp
	[FE:049] SigMCX_TacticalReload.esp
	[FE:04A] AK400_TacticalReloadPatch.esp
	[FE:04B] CombinedArmsNV_TacticalReloadPatch.esp
	[FE:04C] Zenit_TacticalReloadPatch.esp
	[FE:04D] MK18_TacticalReloadPatch.esp
	[FE:04E] HitmanNukaworldAK_TacticalReloadPatch.esp
	[FE:04F] Glock19x_TacticalReloadPatch.esp
	[FE:050] ImiUzi_TacticalReloadPatch.esp
	[FE:051] baller_662.esp
	[FE:052] GF2 Nagant .esp
	[FE:053] GF2 lounge .esp
	[FE:054] Karin.esp
	[FE:055] Kikyo.esp
	[FE:056] Koyuki.esp
	[FE:057] Asym Skirt.esp
	[FE:058] (Maya)Z84 Zip Up Hoodie.esp
	[FE:059] Maya School Uniform.esp
	[FE:05A] Black Rose.esp
	[FE:05B] FOver_VRC_NUN.esp
	[FE:05C] Rindo.esp
	[FE:05D] Luruleah.esp
	[FE:05E] (Booth)EYO_Maid.esp
	[FE:05F] Tactical Maid.esp
	[FE:060] CTN_CNQP.esp
	[FE:061] CTN_platinum03.esp
	[FE:062] CTN_RIN.esp
	[FE:063] CTN_Starlight.esp
	[FE:064] CTN_WPcoat.esp
	[FE:065] Tactical_Bunny_64.esp
	[FE:066] LMY_64.esp
	[FE:067] Project_64.esp
	[FE:068] Pantyhosecollections.esp
	[FE:069] InoueFoxTails.esp
	[FE:06A] elf ear.esp
	[FE:06B] BA Halo.esp
	[FE:06C] Deep_Dark_ACC.esp
	[FE:06D] charolicSuit.esp
	[FE:06E] FO4 Cosplay_Sailor14.esp
	[FE:06F] ElinSailor.esp
	[FE:070] RR School Uniform.esp
	[FE:071] Venator.esp
	[FE:072] (FO4) Neko Meka.esp
	[FE:073] Neonix_Moe.esp
	[FE:074] StreetPE.esp
	[FE:075] Street_Agent.esp
	[FE:076] GFL 9A91.esp
	[FE:077] VepleySR.esp
	[FE:078] GFL AK-12.esp
	[FE:079] Gura_Outfit.esp
	[FE:07A] NunAiri.esp
	[FE:07B] ribbons.esp
	[FE:07C] Izumi Sagiri.esp
	[FE:07D] Mochizuki Anna SHS+.esp
	[FE:07E] [Hirosin] Vivian Witch Outfit.esp
	[FE:07F] Misuzu Aio.esp
	[FE:080] Prico Bishokuden AIO.esp
	[FE:081] AzurLane AIO Pack 1.esp
	[FE:082] The Rebel.esp
	[FE:083] [XHX] MW Domino Security Detail.esp
	[FE:084] [Tulius] 10duckHairpackFO4.esp
	[FE:085] lilia.esp
	[FE:086] MajoTabi.esp
	[FE:087] CTNHAIR.esp
	[FE:088] Tullius_HairProject.esp
	[FE:089] AG_Sculd.esp
	[FE:08A] Darkstar_Hel.esp
	[FE:08B] HailMary_Pack.esp
	[FE:08C] BluAka Hifumi.esp
	[FE:08D] BluAka Hoshino.esp
	[FE:08E] BluAka Shiroko.esp
	[FE:08F] BA Azusa.esp
	[FE:090] illya.esp
	[FE:091] GF2.esp
	[FE:092] AnimeRace_LittleNanakoPlayer.esp
	[FE:093] newnanako_patch.esp
	[FE:094] newnanako_patch2.esp
	[FE:095] [Tullius]10duck_Backparts.esp
	[FE:096] [Tullius]10duck_recipe.esp
	[FE:097] [Tullius]10duck_Backparts_VIS-F.esp
	[FE:098] [Tullius]10duck_wig_addon.esp
	[FE:099] [Nanako]NakonakoClothes.esp
	[FE:09A] SynthNanako-114.esp
	[FE:09B] Shigui Nanako 114.esp
	[FE:09C] AnimeRace_Children.esp
	[FE:09D] MyCustomNanako.esp
	[FE:09E] AnimeRace_Nanako Replace.esp
	[FE:09F] Nanako M_Plugin - MyCustomNanako.esp
	[FE:0A0] Nanako M_Patch - AnimeRace_Children.esp
	[FE:0A1] Nanako_Ex_Patch - nana4race 114.esp.esp
	[FE:0A2] FO4HHS_AAF.esp
	[FE:0A3] CheatTerminal.esp
	[FE:0A4] Weightless Ammo - All DLC.esp
	[FE:0A5] Dank_LEO.esp
	[FE:0A6] Dank_LEO-Automatron.esp
	[FE:0A7] Dank_LEO_DLCCoast.esp
	[FE:0A8] Dank_LEO_DLCNukaWorld.esp
	[FE:0A9] Dank_ECO.esp
	[FE:0AA] Dank_LEO-MLM.esp
	[FE:0AB] Dank_ECO-INNR.esp
	[FE:0AC] Dank_ECO_DLCCoast.esp
	[FE:0AD] Dank_ECO_DLCNukaWorld.esp
	[FE:0AE] Dank_ECO_DLCRobot.esp
	[FE:0AF] Dank_ECO-LEO.esp
	[FE:0B0] TAEPE - MWStriker.esp
	[FE:0B1] DR_03.esp
	[FE:0B2] act_662.esp
	[FE:0B3] FTS-AKM.esp
	[FE:0B4] FTS-ASVAL.esp
	[FE:0B5] FTS-CAM82A3.esp
	[FE:0B6] FTS-CAMK12.esp
	[FE:0B7] FTS-CASG550.esp
	[FE:0B8] FTS-G36.esp
	[FE:0B9] FTS-SV98.esp
	[FE:0BA] FTS-G3A3.esp
	[FE:0BB] MCXSpear_FTSPatch.esp
	[FE:0BC] XM2010_tooun_FTS.esp
	[FE:0BD] qbz_FTSPatch.esp
	[FE:0BE] SPR300_FTSPatch.esp
	[FE:0BF] Combined Arms EX_LLI.esp
	[FE:0C0] Combined Arms_LLI.esp
	[FE:0C1] MW-AN94_LLInjector.esp
	[FE:0C2] QBZ191_LLInjector.esp
	[FE:0C3] XM2010_LLInjector.esp
	[FE:0C4] Luxor's Clean Water.esp
	[FE:0C5] Dank_WOP-CombinedArms.esp
	[FE:0C6] The Sanctuary Bridge.esp
	[FE:0C7] CombinedArmsIntegrationProject - Armament.esp
	[FE:0C8] CombinedArmsIntegrationProject - Armament_TR.esp
	[FE:0C9] PRP.esp
	[FE:0CA] PRP-Compat-RegionNames.esp
	[FE:0CB] PRP-Compat-JSRS-Regions.esp
	[FE:0CC] SouthOfTheSea[Previs].esp
	[FE:0CD] OAR_CELL.esp
	[FE:0CE] OAR_Previsibines.esp
	[FE:0CF] PRP-Compat-PointLookout.esp
	[FE:0D0] Default AnimeRace - NanaHuman.esp
	[FE:0D1] Default AnimeRace - PenaHuman.esp
	[FE:0D2] PACE - Less Combat Chatter.esp
	[FE:0D3] PANPC - Explosion Responses.esp
	[FE:0D4] PANPC - Trap Alerts.esp
	[FE:0D5] AnimatedIngestibles.esp
	[FE:0D6] PRP-Compat-NWR-CR.esp
	[FE:0D7] PRP-Compat-NWR.esp
	[FE:0D8] PRP-Compat-VNW-CR.esp
	[FE:0D9] PRP-Compat-VNW.esp
	[FE:0DA] PRP-TheWilderness.esp
	[FE:0DB] Vivid Fallout - LOD.esp
	[FE:0DC] Vivid Fallout - Nuka World LOD.esp
	[FE:0DD] Vivid Fallout - Far Harbor LOD.esp
	[FE:0DE] PRP-MaxwellsWorl.esp
	[FE:0DF] MaxwellsWorl-eXoPatch.esp
	[FE:0E0] MaxwellsWorl-eXoXDIPatch.esp
