Fallout 4 v1.10.163
Buffout 4 v1.28.6

Unhandled exception "EXCEPTION_ACCESS_VIOLATION" at 0x7FF723FD1EEE Fallout4.exe+1B41EEE

	[Compatibility]
		F4EE: false
	[Crashlog]
		AutoOpen: true
		PromptUpload: true
	[Fixes]
		ActorIsHostileToActor: true
		CellInit: true
		CreateD3DAndSwapChain: true
		EncounterZoneReset: true
		GreyMovies: true
		MagicEffectApplyEvent: true
		MovementPlanner: true
		PackageAllocateLocation: true
		SafeExit: true
		TESObjectREFRGetEncounterZone: true
		UnalignedLoad: true
		UtilityShader: true
	[Patches]
		Achievements: true
		ArchiveLimit: false
		BSMTAManager: true
		BSPreCulledObjects: true
		BSTextureStreamerLocalHeap: false
		HavokMemorySystem: true
		INISettingCollection: true
		InputSwitch: false
		MaxStdIO: -1
		MemoryManager: true
		MemoryManagerDebug: false
		ScaleformAllocator: true
		SmallBlockAllocator: true
		WorkshopMenu: true
	[Warnings]
		CreateTexture2D: true
		ImageSpaceAdapter: true

SYSTEM SPECS:
	OS: Microsoft Windows 11 Home v10.0.22621
	CPU: GenuineIntel 13th Gen Intel(R) Core(TM) i7-13700H
	GPU #1: Nvidia AD107M [GeForce0RTX040600Max-Q0/0Mobile]
	GPU #2: Intel Raptor Lake-P [Iris0Xe0Graphics]
	GPU #3: Microsoft Basic Render Driver
	PHYSICAL MEMORY: 12.47 GB/15.64 GB

PROBABLE CALL STACK:
	[00] 0x7FF723FD1EEE Fallout4.exe+1B41EEE -> 533176+0x1E
	[01] 0x7FF724049AD4 Fallout4.exe+1BB9AD4 -> 1374106+0x84
	[02] 0x7FF7240274D1 Fallout4.exe+1B974D1 -> 534848+0x21
	[03] 0x7FF724C4B888 Fallout4.exe+27BB888 -> 1216665+0x28
	[04] 0x7FF724C5C3F2 Fallout4.exe+27CC3F2 -> 322955+0x62
	[05] 0x7FF72404AEC2 Fallout4.exe+1BBAEC2 -> 1140469+0x152
	[06] 0x7FF72404980E Fallout4.exe+1BB980E -> 85643+0x2E
	[07] 0x7FF72416FE9C Fallout4.exe+1CDFE9C -> 160035+0x7C
	[08] 0x7FF72411D7EF Fallout4.exe+1C8D7EF -> 817372+0xEF
	[09] 0x7FF722626CCF Fallout4.exe+0196CCF -> 1123530+0xAF
	[10] 0x7FF722626BC2 Fallout4.exe+0196BC2 -> 259923+0xE2
	[11] 0x7FF72411E068 Fallout4.exe+1C8E068 -> 1066398+0x108
	[12] 0x7FF722E64800 Fallout4.exe+09D4800 -> 1218711+0x80
	[13] 0x7FF722E677AE Fallout4.exe+09D77AE -> 547739+0x7E
	[14] 0x7FF722E686B3 Fallout4.exe+09D86B3 -> 105761+0xB3
	[15] 0x7FF722E690D5 Fallout4.exe+09D90D5 -> 324285+0x35
	[16] 0x7FF722E60352 Fallout4.exe+09D0352 -> 1473731+0x302
	[17] 0x7FF72332E2DF Fallout4.exe+0E9E2DF -> 263152+0xDAF
	[18] 0x7FF7231C9FD0 Fallout4.exe+0D39FD0 -> 1318162+0x190
	[19] 0x7FF72314E3B5 Fallout4.exe+0CBE3B5 -> 556439+0xF5
	[20] 0x7FF72314E5B7 Fallout4.exe+0CBE5B7 -> 169721+0x17
	[21] 0x7FF72314D20D Fallout4.exe+0CBD20D -> 151212+0x7D
	[22] 0x7FF7231507A7 Fallout4.exe+0CC07A7 -> 1166392+0x87
	[23] 0x7FF723FACFED Fallout4.exe+1B1CFED -> 1079791+0x3D
	[24] 0x7FFE14CB257D KERNEL32.DLL+001257D
	[25] 0x7FFE164AAA58    ntdll.dll+005AA58

REGISTERS:
	RAX 0x1A82BBABFE0      (void*)
	RCX 0x1A99F5E7010      (void*)
	RDX 0x1A99F5F8390      (void*)
	RBX 0x1A99F5E7010      (void*)
	RSP 0x5C3A1AEA00       (void*)
	RBP 0x1A99F5E7000      (BSLightingShaderProperty*)
		Name: ""
	RSI 0x5C3A1AECB0       (BSStream*)
		File Name: "meshes\Clothes\MilitaryMinutemen\Male\Uniform\MaleMilitaryMinutemenUniformRolledSleeves_1stperson.nif"
	RDI 0x1A99F5E7010      (void*)
	R8  0x3F80000000000000 (size_t)
	R9  0x1                (size_t)
	R10 0x5C3A1AEA60       (char*) "Q"
	R11 0x5C3A1AE910       (void*)
	R12 0x0                (size_t)
	R13 0x5C3A1AF750       (void*)
	R14 0x5C3A1AECB0       (BSStream*)
		File Name: "meshes\Clothes\MilitaryMinutemen\Male\Uniform\MaleMilitaryMinutemenUniformRolledSleeves_1stperson.nif"
	R15 0x0                (size_t)

STACK:
	[RSP+0000] 0x0                (size_t)
	[RSP+8000] 0x7FFD6868BF65     (void* -> Buffout4.dll+004BF65)
	[RSP+1000] 0x0                (size_t)
	[RSP+1800] 0x5C3A1AECB0       (BSStream*)
		File Name: "meshes\Clothes\MilitaryMinutemen\Male\Uniform\MaleMilitaryMinutemenUniformRolledSleeves_1stperson.nif"
	[RSP+2000] 0x5C3A1AEC78       (BSResourceNiBinaryStream*)
	[RSP+2800] 0x7FF724049AD4     (void* -> Fallout4.exe+1BB9AD4)
	[RSP+3000] 0x1A82BBABFE0      (void*)
	[RSP+3800] 0x5C3A1AECB0       (BSStream*)
		File Name: "meshes\Clothes\MilitaryMinutemen\Male\Uniform\MaleMilitaryMinutemenUniformRolledSleeves_1stperson.nif"
	[RSP+4000] 0x5C3A1AF750       (void*)
	[RSP+4800] 0x0                (size_t)
	[RSP+5000] 0x5C3A1AECB0       (BSStream*)
		File Name: "meshes\Clothes\MilitaryMinutemen\Male\Uniform\MaleMilitaryMinutemenUniformRolledSleeves_1stperson.nif"
	[RSP+5800] 0x7FF7240274D1     (void* -> Fallout4.exe+1B974D1)
	[RSP+6000] 0x5C00000051       (size_t)
	[RSP+6800] 0x1A99F5E7000      (BSLightingShaderProperty*)
		Name: ""
	[RSP+7000] 0x1A99F5E7000      (BSLightingShaderProperty*)
		Name: ""
	[RSP+7800] 0x1A99F60B4A0      (BSLightingShaderMaterialSkinTint*)
	[RSP+8000] 0x5C3A1AECB0       (BSStream*)
		File Name: "meshes\Clothes\MilitaryMinutemen\Male\Uniform\MaleMilitaryMinutemenUniformRolledSleeves_1stperson.nif"
	[RSP+8800] 0x7FF724C4B888     (void* -> Fallout4.exe+27BB888)
	[RSP+9000] 0x5C3A1AEC78       (BSResourceNiBinaryStream*)
	[RSP+9800] 0x7FF7240200AB     (void* -> Fallout4.exe+1B900AB)
	[RSP+A000] 0x4                (size_t)
	[RSP+A800] 0x5C3A1AEB80       (void*)
	[RSP+B000] 0x1A99F60B4A0      (BSLightingShaderMaterialSkinTint*)
	[RSP+B800] 0x7FF724C5C3F2     (void* -> Fallout4.exe+27CC3F2)
	[RSP+C000] 0x5C3A1AEC78       (BSResourceNiBinaryStream*)
	[RSP+C800] 0x5C3A1AEB80       (void*)
	[RSP+D000] 0x1A99F5E7000      (BSLightingShaderProperty*)
		Name: ""
	[RSP+D800] 0x5C3A1AECB0       (BSStream*)
		File Name: "meshes\Clothes\MilitaryMinutemen\Male\Uniform\MaleMilitaryMinutemenUniformRolledSleeves_1stperson.nif"
	[RSP+E000] 0x5C3A1AECB0       (BSStream*)
		File Name: "meshes\Clothes\MilitaryMinutemen\Male\Uniform\MaleMilitaryMinutemenUniformRolledSleeves_1stperson.nif"
	[RSP+E800] 0x0                (size_t)
	[RSP+F000] 0x5C3A1AECB0       (BSStream*)
		File Name: "meshes\Clothes\MilitaryMinutemen\Male\Uniform\MaleMilitaryMinutemenUniformRolledSleeves_1stperson.nif"
	[RSP+F800] 0x7FF72404AEC2     (void* -> Fallout4.exe+1BBAEC2)
	[RSP+1000] 0x5C00000005       (size_t)
	[RSP+1080] 0x5C3A1AECB0       (BSStream*)
		File Name: "meshes\Clothes\MilitaryMinutemen\Male\Uniform\MaleMilitaryMinutemenUniformRolledSleeves_1stperson.nif"
	[RSP+1100] 0x5C3A1AEC78       (BSResourceNiBinaryStream*)
	[RSP+1180] 0x39               (size_t)
	[RSP+1200] 0x7FF7250D9DB8     (void* -> Fallout4.exe+2C49DB8)
	[RSP+1280] 0x5C3A1AEB60       (void*)
	[RSP+1300] 0x7FF7250D9DB8     (void* -> Fallout4.exe+2C49DB8)
	[RSP+1380] 0x5C3A1AEB40       (void*)
	[RSP+1400] 0x1A8565C91E0      (ScrapHeap*)
	[RSP+1480] 0x1A99F5CBA00      (void*)
	[RSP+1500] 0x5C00000080       (size_t)
	[RSP+1580] 0x5C00000063       (size_t)
	[RSP+1600] 0x1A8565C91E0      (ScrapHeap*)
	[RSP+1680] 0x1A85C8ED000      (void*)
	[RSP+1700] 0x100              (size_t)
	[RSP+1780] 0xD2               (size_t)
	[RSP+1800] 0x5C3A1AF660       (void*)
	[RSP+1880] 0x5C3A1AECB0       (BSStream*)
		File Name: "meshes\Clothes\MilitaryMinutemen\Male\Uniform\MaleMilitaryMinutemenUniformRolledSleeves_1stperson.nif"
	[RSP+1900] 0x1A8D4820318      (char*) "meshes\Clothes\MilitaryMinutemen\Male\Uniform\MaleMilitaryMinutemenUniformRolledSleeves_1stperson.nif"
	[RSP+1980] 0x7FF72404980E     (void* -> Fallout4.exe+1BB980E)
	[RSP+1A00] 0xFFFFFFFF         (size_t)
	[RSP+1A80] 0x0                (size_t)
	[RSP+1B00] 0x5C3A1AEC78       (BSResourceNiBinaryStream*)
	[RSP+1B80] 0x7FF7240491A7     (void* -> Fallout4.exe+1BB91A7)
	[RSP+1C00] 0x5C3A1AEEB8       (char*) "meshes\Clothes\MilitaryMinutemen\Male\Uniform\MaleMilitaryMinutemenUniformRolledSleeves_1stperson.nif"
	[RSP+1C80] 0x7FF72416FE9C     (void* -> Fallout4.exe+1CDFE9C)
	[RSP+1D00] 0x0                (size_t)
	[RSP+1D80] 0x1A8D4820318      (char*) "meshes\Clothes\MilitaryMinutemen\Male\Uniform\MaleMilitaryMinutemenUniformRolledSleeves_1stperson.nif"
	[RSP+1E00] 0x7FF7250F2EA8     (void* -> Fallout4.exe+2C62EA8)
	[RSP+1E80] 0x5C3A1AEE80       (void*)
	[RSP+1F00] 0x1A8D4820318      (char*) "meshes\Clothes\MilitaryMinutemen\Male\Uniform\MaleMilitaryMinutemenUniformRolledSleeves_1stperson.nif"
	[RSP+1F80] 0x7FF72411D7EF     (void* -> Fallout4.exe+1C8D7EF)
	[RSP+2000] 0x10               (size_t)
	[RSP+2080] 0x5C3A1AED00       (char*) "ools 3ds Max Plugins 4.0.0.beta2"
	[RSP+2100] 0x1A99F5C7E70      (void*)
	[RSP+2180] 0x1A8D4820318      (char*) "meshes\Clothes\MilitaryMinutemen\Male\Uniform\MaleMilitaryMinutemenUniformRolledSleeves_1stperson.nif"
	[RSP+2200] 0x1A85BB37548      (void*)
	[RSP+2280] 0x7FF722CB4780     (void* -> Fallout4.exe+0824780)
	[RSP+2300] 0x7FF722CB4780     (void* -> Fallout4.exe+0824780)
	[RSP+2380] 0x1A8565C9280      (void*)
	[RSP+2400] 0x7FF722CB4780     (void* -> Fallout4.exe+0824780)
	[RSP+2480] 0x7FF722CB8600     (void* -> Fallout4.exe+0828600)
	[RSP+2500] 0x7FF722CB9860     (void* -> Fallout4.exe+0829860)
	[RSP+2580] 0x7FF722CBA820     (void* -> Fallout4.exe+082A820)
	[RSP+2600] 0x7FF722CB4780     (void* -> Fallout4.exe+0824780)
	[RSP+2680] 0x7FF722CB47B0     (void* -> Fallout4.exe+08247B0)
	[RSP+2700] 0x7FF722CB47B0     (void* -> Fallout4.exe+08247B0)
	[RSP+2780] 0x7FF7252A4278     (void* -> Fallout4.exe+2E14278)
	[RSP+2800] 0xB68A             (size_t)
	[RSP+2880] 0x1A99F648A80      (BSResource::Archive2::ReaderStream*)
	[RSP+2900] 0x0                (size_t)
	[RSP+2980] 0xB68A             (size_t)
	[RSP+2A00] 0x7FF700000000     (size_t)
	[RSP+2A80] 0x7FF722CBA000     (void* -> Fallout4.exe+082A000)
	[RSP+2B00] 0x7FF72512BF88     (void* -> Fallout4.exe+2C9BF88)
	[RSP+2B80] 0x72646E0000000082 (size_t)
	[RSP+2C00] 0x616D6F68742E7765 (size_t)
	[RSP+2C80] 0x7FF722CB0073     (void* -> Fallout4.exe+0820073)
	[RSP+2D00] 0x7FF722CB6DD0     (void* -> Fallout4.exe+0826DD0)
	[RSP+2D80] 0x7FF722CB6E70     (void* -> Fallout4.exe+0826E70)
	[RSP+2E00] 0x7FF722CB6F10     (void* -> Fallout4.exe+0826F10)
	[RSP+2E80] 0x7FF722CB6E20     (void* -> Fallout4.exe+0826E20)
	[RSP+2F00] 0x7FF722CB6EC0     (void* -> Fallout4.exe+0826EC0)
	[RSP+2F80] 0x7466694E22CB8ED0 (size_t)
	[RSP+3000] 0x73643320736C6F6F (size_t)
	[RSP+3080] 0x756C502078614D20 (size_t)
	[RSP+3100] 0x302E3420736E6967 (size_t)
	[RSP+3180] 0x32617465622E302E (size_t)
	[RSP+3200] 0x7FF722006600     (size_t)
	[RSP+3280] 0x7FF722CB6DD0     (void* -> Fallout4.exe+0826DD0)
	[RSP+3300] 0x7FF722CB6E70     (void* -> Fallout4.exe+0826E70)
	[RSP+3380] 0x2045500022CB6F10 (size_t)
	[RSP+3400] 0x2064656E6E696B53 (size_t)
	[RSP+3480] 0x797274656D6F6547 (size_t)
	[RSP+3500] 0x7FF722CB8E00     (void* -> Fallout4.exe+0828E00)
	[RSP+3580] 0x7FF722CBA000     (void* -> Fallout4.exe+082A000)
	[RSP+3600] 0x7FF722CBB0C0     (void* -> Fallout4.exe+082B0C0)
	[RSP+3680] 0x7FF722CB47A0     (void* -> Fallout4.exe+08247A0)
	[RSP+3700] 0x7FF722CB47B0     (void* -> Fallout4.exe+08247B0)
	[RSP+3780] 0x5F5C3A0022CB7FA0 (size_t)
	[RSP+3800] 0x74617263535C3446 (size_t)
	[RSP+3880] 0x6F746964455C6863 (size_t)
	[RSP+3900] 0x5C617461445C3172 (size_t)
	[RSP+3980] 0x415C73656873654D (size_t)
	[RSP+3A00] 0x61654C5C726F6D72 (size_t)
	[RSP+3A80] 0x4C5F4D5C72656874 (size_t)
	[RSP+3B00] 0x79766165485F6765 (size_t)
	[RSP+3B80] 0x2E00746B682E4C5F (size_t)
	[RSP+3C00] 0x746B6800746B68   (size_t)
	[RSP+3C80] 0x746B682E6E       (size_t)
	[RSP+3D00] 0x7FF722CB83E0     (void* -> Fallout4.exe+08283E0)
	[RSP+3D80] 0x7FF722CB6DD0     (void* -> Fallout4.exe+0826DD0)
	[RSP+3E00] 0x7FF722CB6E70     (void* -> Fallout4.exe+0826E70)
	[RSP+3E80] 0x7FF722CB6F10     (void* -> Fallout4.exe+0826F10)
	[RSP+3F00] 0x7FF722CB6E20     (void* -> Fallout4.exe+0826E20)
	[RSP+3F80] 0x7FF722CB6EC0     (void* -> Fallout4.exe+0826EC0)
	[RSP+4000] 0x7FF722CB8ED0     (void* -> Fallout4.exe+0828ED0)
	[RSP+4080] 0x7FF722CBA000     (void* -> Fallout4.exe+082A000)
	[RSP+4100] 0x7FF722CBB0C0     (void* -> Fallout4.exe+082B0C0)
	[RSP+4180] 0x7FF722CB47A0     (void* -> Fallout4.exe+08247A0)
	[RSP+4200] 0x7FF722CB47B0     (void* -> Fallout4.exe+08247B0)
	[RSP+4280] 0x7FF722CB7D80     (void* -> Fallout4.exe+0827D80)
	[RSP+4300] 0x7FF722CB6DD0     (void* -> Fallout4.exe+0826DD0)
	[RSP+4380] 0x7FF722CB6E70     (void* -> Fallout4.exe+0826E70)
	[RSP+4400] 0x7FF722CB6F10     (void* -> Fallout4.exe+0826F10)
	[RSP+4480] 0x7FF722CB6E20     (void* -> Fallout4.exe+0826E20)
	[RSP+4500] 0x7FF722CB6EC0     (void* -> Fallout4.exe+0826EC0)
	[RSP+4580] 0x7FF722CB8ED0     (void* -> Fallout4.exe+0828ED0)
	[RSP+4600] 0x7FF722CBA000     (void* -> Fallout4.exe+082A000)
	[RSP+4680] 0x7FF722CBB0C0     (void* -> Fallout4.exe+082B0C0)
	[RSP+4700] 0x7FF722CB47A0     (void* -> Fallout4.exe+08247A0)
	[RSP+4780] 0x7FF722CB47B0     (void* -> Fallout4.exe+08247B0)
	[RSP+4800] 0x7FF780000004     (size_t)
	[RSP+4880] 0x0                (size_t)
	[RSP+4900] 0x7FF722CB6E70     (void* -> Fallout4.exe+0826E70)
	[RSP+4980] 0x7FF722CB6F10     (void* -> Fallout4.exe+0826F10)
	[RSP+4A00] 0x7FF722CB6E20     (void* -> Fallout4.exe+0826E20)
	[RSP+4A80] 0x7FF700000001     (size_t)
	[RSP+4B00] 0xC14020007        (size_t)
	[RSP+4B80] 0x435C73656873656D (size_t)
	[RSP+4C00] 0x4D5C736568746F6C (size_t)
	[RSP+4C80] 0x4D79726174696C69 (size_t)
	[RSP+4D00] 0x6E656D6574756E69 (size_t)
	[RSP+4D80] 0x6E555C656C614D5C (size_t)
	[RSP+4E00] 0x614D5C6D726F6669 (size_t)
	[RSP+4E80] 0x6174696C694D656C (size_t)
	[RSP+4F00] 0x6574756E694D7972 (size_t)
	[RSP+4F80] 0x6F66696E556E656D (size_t)
	[RSP+5000] 0x64656C6C6F526D72 (size_t)
	[RSP+5080] 0x5F73657665656C53 (size_t)
	[RSP+5100] 0x6F73726570747331 (size_t)
	[RSP+5180] 0x66696E2E6E       (size_t)
	[RSP+5200] 0x7FF722CB9550     (void* -> Fallout4.exe+0829550)
	[RSP+5280] 0x7FF722CBA570     (void* -> Fallout4.exe+082A570)
	[RSP+5300] 0x7FF722CBA570     (void* -> Fallout4.exe+082A570)
	[RSP+5380] 0x7FF722CBA570     (void* -> Fallout4.exe+082A570)
	[RSP+5400] 0x7FF722CBA570     (void* -> Fallout4.exe+082A570)
	[RSP+5480] 0x7FF722CBA570     (void* -> Fallout4.exe+082A570)
	[RSP+5500] 0x7FF722CBA570     (void* -> Fallout4.exe+082A570)
	[RSP+5580] 0x7FF722CBA570     (void* -> Fallout4.exe+082A570)
	[RSP+5600] 0x7FF722CB8ED0     (void* -> Fallout4.exe+0828ED0)
	[RSP+5680] 0x7FF722CBA2B0     (void* -> Fallout4.exe+082A2B0)
	[RSP+5700] 0x7FF722CBA570     (void* -> Fallout4.exe+082A570)
	[RSP+5780] 0x7FF722CBA570     (void* -> Fallout4.exe+082A570)
	[RSP+5800] 0x7FF722CBB6F0     (void* -> Fallout4.exe+082B6F0)
	[RSP+5880] 0x7FF722CBB6F0     (void* -> Fallout4.exe+082B6F0)
	[RSP+5900] 0x7FF722CBB6F0     (void* -> Fallout4.exe+082B6F0)
	[RSP+5980] 0x7FF722CBB6F0     (void* -> Fallout4.exe+082B6F0)
	[RSP+5A00] 0x7FF722CBB6F0     (void* -> Fallout4.exe+082B6F0)
	[RSP+5A80] 0x7FF722CBB6F0     (void* -> Fallout4.exe+082B6F0)
	[RSP+5B00] 0x7FF722CBB6F0     (void* -> Fallout4.exe+082B6F0)
	[RSP+5B80] 0x10122CB8ED0      (size_t)
	[RSP+5C00] 0x0                (size_t)
	[RSP+5C80] 0x7FF7252A7140     (void* -> Fallout4.exe+2E17140)
	[RSP+5D00] 0x1A99F5CBC08      (void*)
	[RSP+5D80] 0x3900000039       (size_t)
	[RSP+5E00] 0x40000000039      (size_t)
	[RSP+5E80] 0x7FF7252A7160     (void* -> Fallout4.exe+2E17160)
	[RSP+5F00] 0x1A99F5E6F00      (void*)
	[RSP+5F80] 0x3900000039       (size_t)
	[RSP+6000] 0x100000039        (size_t)
	[RSP+6080] 0x7FF7252A7140     (void* -> Fallout4.exe+2E17140)
	[RSP+6100] 0x0                (size_t)
	[RSP+6180] 0x0                (size_t)
	[RSP+6200] 0x100000000        (size_t)
	[RSP+6280] 0x7FF7252A7180     (void* -> Fallout4.exe+2E17180)
	[RSP+6300] 0x1A99F5F8108      (void*)
	[RSP+6380] 0x3100000031       (size_t)
	[RSP+6400] 0x8000000031       (size_t)
	[RSP+6480] 0x5C3A1AEC78       (BSResourceNiBinaryStream*)
	[RSP+6500] 0x0                (size_t)
	[RSP+6580] 0x0                (size_t)
	[RSP+6600] 0x7FF7252A71D8     (void* -> Fallout4.exe+2E171D8)
	[RSP+6680] 0x25               (size_t)
	[RSP+6700] 0x1A99F5F0540      (void*)
	[RSP+6780] 0x0                (size_t)
	[RSP+6800] 0x1000000000000    (size_t)
	[RSP+6880] 0x37               (size_t)
	[RSP+6900] 0x0                (size_t)
	[RSP+6980] 0x0                (size_t)
	[RSP+6A00] 0x0                (size_t)
	[RSP+6A80] 0x0                (size_t)
	[RSP+6B00] 0x0                (size_t)
	[RSP+6B80] 0x0                (size_t)
	[RSP+6C00] 0x0                (size_t)
	[RSP+6C80] 0x0                (size_t)
	[RSP+6D00] 0x0                (size_t)
	[RSP+6D80] 0x0                (size_t)
	[RSP+6E00] 0x0                (size_t)
	[RSP+6E80] 0x0                (size_t)
	[RSP+6F00] 0x0                (size_t)
	[RSP+6F80] 0x0                (size_t)
	[RSP+7000] 0x0                (size_t)
	[RSP+7080] 0x0                (size_t)
	[RSP+7100] 0x0                (size_t)
	[RSP+7180] 0x0                (size_t)
	[RSP+7200] 0x0                (size_t)
	[RSP+7280] 0x0                (size_t)
	[RSP+7300] 0x0                (size_t)
	[RSP+7380] 0x0                (size_t)
	[RSP+7400] 0x0                (size_t)
	[RSP+7480] 0x0                (size_t)
	[RSP+7500] 0x0                (size_t)
	[RSP+7580] 0x0                (size_t)
	[RSP+7600] 0x0                (size_t)
	[RSP+7680] 0x0                (size_t)
	[RSP+7700] 0x0                (size_t)
	[RSP+7780] 0x0                (size_t)
	[RSP+7800] 0x0                (size_t)
	[RSP+7880] 0x0                (size_t)
	[RSP+7900] 0x0                (size_t)
	[RSP+7980] 0x7F0000000000     (size_t)
	[RSP+7A00] 0x47858F7500009FBF (size_t)
	[RSP+7A80] 0x7FFD7D54B816     (void* -> MSVCR110.dll+008B816)
	[RSP+7B00] 0x45D55F66         (size_t)
	[RSP+7B80] 0x1A8D8B1A080      (PlayerCharacter*)
		Object Reference: 
			File: "Fallout4.esm"
			Flags: 0x00040009
			Form ID: 0x00000007
			Form Type: 45
		File: ""
		Flags: 0x00400448
		Form ID: 0x00000014
		Form Type: 65
	[RSP+7C00] 0x42F1ED4642F1ED46 (size_t)
	[RSP+7C80] 0x7FF724020E9D     (void* -> Fallout4.exe+1B90E9D)
	[RSP+7D00] 0x1A997705830      (void*)
	[RSP+7D80] 0x7FFD7D541206     (void* -> MSVCR110.dll+0081206)
	[RSP+7E00] 0x1A800009FBF      (void*)
	[RSP+7E80] 0x0                (size_t)
	[RSP+7F00] 0x3F7FFFFC00000000 (size_t)
	[RSP+7F80] 0x3A2EE7FF         (size_t)
	[RSP+8000] 0x0                (size_t)
	[RSP+8080] 0x0                (size_t)
	[RSP+8100] 0x3F7FFFFE         (size_t)
	[RSP+8180] 0x0                (size_t)
	[RSP+8200] 0x3F800000         (size_t)
	[RSP+8280] 0x0                (size_t)
	[RSP+8300] 0x0                (size_t)
	[RSP+8380] 0x0                (size_t)
	[RSP+8400] 0x0                (size_t)
	[RSP+8480] 0x0                (size_t)
	[RSP+8500] 0xC2E3FFFA         (size_t)
	[RSP+8580] 0x0                (size_t)
	[RSP+8600] 0x0                (size_t)
	[RSP+8680] 0x0                (size_t)
	[RSP+8700] 0x0                (size_t)
	[RSP+8780] 0x0                (size_t)
	[RSP+8800] 0x0                (size_t)
	[RSP+8880] 0x0                (size_t)
	[RSP+8900] 0x0                (size_t)
	[RSP+8980] 0x0                (size_t)
	[RSP+8A00] 0x0                (size_t)
	[RSP+8A80] 0x0                (size_t)
	[RSP+8B00] 0x0                (size_t)
	[RSP+8B80] 0x0                (size_t)
	[RSP+8C00] 0x0                (size_t)
	[RSP+8C80] 0x0                (size_t)
	[RSP+8D00] 0x0                (size_t)
	[RSP+8D80] 0x0                (size_t)
	[RSP+8E00] 0x0                (size_t)
	[RSP+8E80] 0x0                (size_t)
	[RSP+8F00] 0x0                (size_t)
	[RSP+8F80] 0x0                (size_t)
	[RSP+9000] 0x0                (size_t)
	[RSP+9080] 0x0                (size_t)
	[RSP+9100] 0x0                (size_t)
	[RSP+9180] 0x0                (size_t)
	[RSP+9200] 0x0                (size_t)
	[RSP+9280] 0x0                (size_t)
	[RSP+9300] 0x0                (size_t)
	[RSP+9380] 0x0                (size_t)
	[RSP+9400] 0x0                (size_t)
	[RSP+9480] 0x0                (size_t)
	[RSP+9500] 0x0                (size_t)
	[RSP+9580] 0x0                (size_t)
	[RSP+9600] 0x0                (size_t)
	[RSP+9680] 0x0                (size_t)
	[RSP+9700] 0x0                (size_t)
	[RSP+9780] 0x0                (size_t)
	[RSP+9800] 0x0                (size_t)
	[RSP+9880] 0x0                (size_t)
	[RSP+9900] 0x0                (size_t)
	[RSP+9980] 0x0                (size_t)
	[RSP+9A00] 0x0                (size_t)
	[RSP+9A80] 0x0                (size_t)
	[RSP+9B00] 0x0                (size_t)
	[RSP+9B80] 0x5C3A1AF498       (void*)
	[RSP+9C00] 0x0                (size_t)
	[RSP+9C80] 0x1A8565C9280      (void*)
	[RSP+9D00] 0x5C3A1AF750       (void*)
	[RSP+9D80] 0x0                (size_t)
	[RSP+9E00] 0x1A8D4820318      (char*) "meshes\Clothes\MilitaryMinutemen\Male\Uniform\MaleMilitaryMinutemenUniformRolledSleeves_1stperson.nif"
	[RSP+9E80] 0x0                (size_t)
	[RSP+9F00] 0x1A99F5C7E50      (void*)
	[RSP+9F80] 0x7FF722626CCF     (void* -> Fallout4.exe+0196CCF)
	[RSP+A000] 0x5C3A1AF6A0       (void*)
	[RSP+A080] 0x1A8D4820318      (char*) "meshes\Clothes\MilitaryMinutemen\Male\Uniform\MaleMilitaryMinutemenUniformRolledSleeves_1stperson.nif"
	[RSP+A100] 0x0                (size_t)
	[RSP+A180] 0x1A99F5C7E70      (void*)
	[RSP+A200] 0x1A99F5C7E78      (void*)
	[RSP+A280] 0x1A8565C9200      (void*)
	[RSP+A300] 0x5C00000001       (size_t)
	[RSP+A380] 0x1A99F648A80      (BSResource::Archive2::ReaderStream*)
	[RSP+A400] 0x1A8D4820300      (void*)
	[RSP+A480] 0x5C3A1AF6A0       (void*)
	[RSP+A500] 0x5C3A1AF4F0       (void*)
	[RSP+A580] 0x7FF722626BC2     (void* -> Fallout4.exe+0196BC2)
	[RSP+A600] 0x1A99F5C7E50      (void*)
	[RSP+A680] 0x7FF7282DFDE0     (void* -> Fallout4.exe+5E4FDE0)
	[RSP+A700] 0x5C3A1AF6A0       (void*)
	[RSP+A780] 0x5C00000001       (size_t)
	[RSP+A800] 0x5C3A1AF660       (void*)
	[RSP+A880] 0x7FF723FFF000     (void* -> Fallout4.exe+1B6F000)
	[RSP+A900] 0x1A85B91FE80      (void*)
	[RSP+A980] 0x5C3A1AF490       (void*)
	[RSP+AA00] 0x5C3A1AF6A0       (void*)
	[RSP+AA80] 0x1A8565C9280      (void*)
	[RSP+AB00] 0x0                (size_t)
	[RSP+AB80] 0x7FF72411E068     (void* -> Fallout4.exe+1C8E068)
	[RSP+AC00] 0x66               (size_t)
	[RSP+AC80] 0x5C3A1AF660       (void*)
	[RSP+AD00] 0x5C3A1AF700       (void*)
	[RSP+AD80] 0x1A8F8050680      (TESObjectARMA*)
		File: "MilitarizedMinutemen.esp"
		Flags: 0x00000248
		Form ID: 0x1A0132BD
		Form Type: 105
	[RSP+AE00] 0x1A8FEEAF000      (void*)
	[RSP+AE80] 0x5C3A1AF660       (void*)
	[RSP+AF00] 0x66696E771D24BF   (size_t)
	[RSP+AF80] 0x7FF77EB043CB     (size_t)
	[RSP+B000] 0x0                (size_t)
	[RSP+B080] 0x5C3A1AF640       (void*)
	[RSP+B100] 0x435C73656873656D (size_t)
	[RSP+B180] 0x4D5C736568746F6C (size_t)
	[RSP+B200] 0x4D79726174696C69 (size_t)
	[RSP+B280] 0x6E656D6574756E69 (size_t)
	[RSP+B300] 0x6E555C656C614D5C (size_t)
	[RSP+B380] 0x614D5C6D726F6669 (size_t)
	[RSP+B400] 0x6174696C694D656C (size_t)
	[RSP+B480] 0x6574756E694D7972 (size_t)
	[RSP+B500] 0x6F66696E556E656D (size_t)
	[RSP+B580] 0x64656C6C6F526D72 (size_t)
	[RSP+B600] 0x5F73657665656C53 (size_t)
	[RSP+B680] 0x6F73726570747331 (size_t)
	[RSP+B700] 0x66696E2E6E       (size_t)
	[RSP+B780] 0x7FF724CB39FC     (void* -> Fallout4.exe+28239FC)
	[RSP+B800] 0x0                (size_t)
	[RSP+B880] 0x1A99F5F5BC0      (NiNode*)
		Name: "MaleMilitaryMinutemenUniform"
	[RSP+B900] 0x5C3A1AF640       (void*)
	[RSP+B980] 0x1A82BB789C0      (ActorValueInfo*)
		File: ""
		Flags: 0x00000008
		Form ID: 0x0000035C
		Form Type: 98
		Full Name: ""
	[RSP+BA00] 0x4E               (size_t)
	[RSP+BA80] 0x270              (size_t)
	[RSP+BB00] 0x0                (size_t)
	[RSP+BB80] 0x7FF724CB3A4A     (void* -> Fallout4.exe+2823A4A)
	[RSP+BC00] 0x0                (size_t)
	[RSP+BC80] 0x5C3A1AF640       (void*)
	[RSP+BD00] 0x1A99F5F5BC0      (NiNode*)
		Name: "MaleMilitaryMinutemenUniform"
	[RSP+BD80] 0x0                (size_t)
	[RSP+BE00] 0x1A85BB37520      (void*)
	[RSP+BE80] 0x5C3A1AF701       (void*)
	[RSP+BF00] 0x1A99F5F5BC0      (NiNode*)
		Name: "MaleMilitaryMinutemenUniform"
	[RSP+BF80] 0x7FF724CACDC9     (void* -> Fallout4.exe+281CDC9)
	[RSP+C000] 0x5C0000004F       (size_t)
	[RSP+C080] 0x5C3A1AF640       (void*)
	[RSP+C100] 0x0                (size_t)
	[RSP+C180] 0x5C3A1AF510       (char*) "meshes\Clothes\MilitaryMinutemen\Male\Uniform\MaleMilitaryMinutemenUniformRolledSleeves_1stperson.nif"
	[RSP+C200] 0x5C3A1AF7B0       (void*)
	[RSP+C280] 0x1A8F7D7C400      (TESObjectARMO*)
		File: "MilitarizedMinutemen.esp"
		Flags: 0x00000008
		Form ID: 0x1A002674
		Form Type: 29
		Full Name: "Minutemen Uniform"
	[RSP+C300] 0x0                (size_t)
	[RSP+C380] 0x7FF722E64800     (void* -> Fallout4.exe+09D4800)
	[RSP+C400] 0x7FF7282DFCE0     (BSResource::EntryDB<BSModelDB::DBTraits>*)
	[RSP+C480] 0x1A8F8050680      (TESObjectARMA*)
		File: "MilitarizedMinutemen.esp"
		Flags: 0x00000248
		Form ID: 0x1A0132BD
		Form Type: 105
	[RSP+C500] 0x1A932243550      (void*)
	[RSP+C580] 0x1A8F80507D0      (BGSModelMaterialSwap*)
	[RSP+C600] 0x3                (size_t)
	[RSP+C680] 0x1A85B91F7AC      (void*)
	[RSP+C700] 0x5C3A1AF7B0       (void*)
	[RSP+C780] 0x1A8F7D891E0      (void*)
	[RSP+C800] 0x1A8F7D891D0      (void*)
	[RSP+C880] 0x7FF722E677AE     (void* -> Fallout4.exe+09D77AE)
	[RSP+C900] 0x1A8F7D891D0      (void*)
	[RSP+C980] 0x1A8F8050680      (TESObjectARMA*)
		File: "MilitarizedMinutemen.esp"
		Flags: 0x00000248
		Form ID: 0x1A0132BD
		Form Type: 105
	[RSP+CA00] 0x1A99F5C7E50      (void*)
	[RSP+CA80] 0x8000000080000000 (size_t)
	[RSP+CB00] 0x2                (size_t)
	[RSP+CB80] 0x7FF722E686B3     (void* -> Fallout4.exe+09D86B3)
	[RSP+CC00] 0x1A9321E3B80      (BGSInventoryItem::Stack*)
	[RSP+CC80] 0x1A932243310      (void*)
	[RSP+CD00] 0x5C3A1AF8A0       (void*)
	[RSP+CD80] 0x7FF723FA093F     (void* -> Fallout4.exe+1B1093F)
	[RSP+CE00] 0x1A8D8B1A080      (PlayerCharacter*)
		Object Reference: 
			File: "Fallout4.esm"
			Flags: 0x00040009
			Form ID: 0x00000007
			Form Type: 45
		File: ""
		Flags: 0x00400448
		Form ID: 0x00000014
		Form Type: 65
	[RSP+CE80] 0x1A8D8B1A080      (PlayerCharacter*)
		Object Reference: 
			File: "Fallout4.esm"
			Flags: 0x00040009
			Form ID: 0x00000007
			Form Type: 45
		File: ""
		Flags: 0x00400448
		Form ID: 0x00000014
		Form Type: 65
	[RSP+CF00] 0x1A8565C88C0      (void*)
	[RSP+CF80] 0x7FF7250DA2A8     (void* -> Fallout4.exe+2C4A2A8)
	[RSP+D000] 0x1A93224BEF8      (void*)
	[RSP+D080] 0x7FF722E690D5     (void* -> Fallout4.exe+09D90D5)
	[RSP+D100] 0x5C3A1AF8A0       (void*)
	[RSP+D180] 0x2                (size_t)
	[RSP+D200] 0x1A93224BE80      (void*)
	[RSP+D280] 0x2                (size_t)
	[RSP+D300] 0x1A8D8B1A080      (PlayerCharacter*)
		Object Reference: 
			File: "Fallout4.esm"
			Flags: 0x00040009
			Form ID: 0x00000007
			Form Type: 45
		File: ""
		Flags: 0x00400448
		Form ID: 0x00000014
		Form Type: 65
	[RSP+D380] 0x7FF7250DA2A8     (void* -> Fallout4.exe+2C4A2A8)
	[RSP+D400] 0x1A85BB35E70      (ExtraPowerArmorPreload*)
	[RSP+D480] 0x7FF722E60352     (void* -> Fallout4.exe+09D0352)
	[RSP+D500] 0x5C3A1AF7B0       (void*)
	[RSP+D580] 0x1A8E5929440      (TESObjectREFR*)
		Object Reference: 
			File: "PEACE-ProjectExtendAndChangeEverything.esp"
			Flags: 0x0240201D
			Form ID: 0x0019DED9
			Form Type: 42
		File: "Fallout4.esm"
		Flags: 0x00400409
		Form ID: 0x000370E3
		Form Type: 64
	[RSP+D600] 0x5C3A1AF8A0       (void*)
	[RSP+D680] 0x2                (size_t)
	[RSP+D700] 0x3C75C290         (size_t)
	[RSP+D780] 0x0                (size_t)
	[RSP+D800] 0x7FF7250DA270     (void* -> Fallout4.exe+2C4A270)
	[RSP+D880] 0x2                (size_t)
	[RSP+D900] 0x0                (size_t)
	[RSP+D980] 0x7FF72332E2DF     (void* -> Fallout4.exe+0E9E2DF)
	[RSP+DA00] 0x7FF70020AD43     (size_t)
	[RSP+DA80] 0x7FF727EF6DD0     (UI*)
	[RSP+DB00] 0x100000000        (size_t)
	[RSP+DB80] 0x1A8E5929440      (TESObjectREFR*)
		Object Reference: 
			File: "PEACE-ProjectExtendAndChangeEverything.esp"
			Flags: 0x0240201D
			Form ID: 0x0019DED9
			Form Type: 42
		File: "Fallout4.esm"
		Flags: 0x00400409
		Form ID: 0x000370E3
		Form Type: 64
	[RSP+DC00] 0x1A82BAC6C00      (void*)
	[RSP+DC80] 0x0                (size_t)
	[RSP+DD00] 0x0                (size_t)
	[RSP+DD80] 0x32               (size_t)
	[RSP+DE00] 0x0                (size_t)
	[RSP+DE80] 0x1A9975EFF10      (bhkRagdollPenetrationUtil*)
	[RSP+DF00] 0x202369D8B1A150   (size_t)
	[RSP+DF80] 0x7FF72402968E     (void* -> Fallout4.exe+1B9968E)
	[RSP+E000] 0x1A8E216F400      (TESObjectWEAP*)
		File: "AmmoTweaks_Default_NoDLCs.esp"
		Flags: 0x40400009
		Form ID: 0x000DC8E7
		Form Type: 43
		Full Name: "Deliverer"
	[RSP+E080] 0x1A92D1B2980      (TESObjectWEAP::InstanceData*)
	[RSP+E100] 0x2                (size_t)
	[RSP+E180] 0x1A8E5929440      (TESObjectREFR*)
		Object Reference: 
			File: "PEACE-ProjectExtendAndChangeEverything.esp"
			Flags: 0x0240201D
			Form ID: 0x0019DED9
			Form Type: 42
		File: "Fallout4.esm"
		Flags: 0x00400409
		Form ID: 0x000370E3
		Form Type: 64
	[RSP+E200] 0x0                (size_t)
	[RSP+E280] 0x0                (size_t)
	[RSP+E300] 0x1A947692F80      (BSFlattenedBoneTree*)
		Name: "Root"
	[RSP+E380] 0x0                (size_t)
	[RSP+E400] 0x1A8D8B1A150      (void*)
	[RSP+E480] 0x5C3A1AF868       (void*)
	[RSP+E500] 0x20AD4300000002   (size_t)
	[RSP+E580] 0x7FF72333618A     (void* -> Fallout4.exe+0EA618A)
	[RSP+E600] 0x5C3A1AF848       (void*)
	[RSP+E680] 0x5C3A1AF9F8       (void*)
	[RSP+E700] 0x1A8D8B1A080      (PlayerCharacter*)
		Object Reference: 
			File: "Fallout4.esm"
			Flags: 0x00040009
			Form ID: 0x00000007
			Form Type: 45
		File: ""
		Flags: 0x00400448
		Form ID: 0x00000014
		Form Type: 65
	[RSP+E780] 0x0                (size_t)
	[RSP+E800] 0x0                (size_t)
	[RSP+E880] 0x0                (size_t)
	[RSP+E900] 0x41906EA3         (size_t)
	[RSP+E980] 0x1A82BA95600      (NiCamera*)
		Name: ""
	[RSP+EA00] 0x3000080101       (size_t)
	[RSP+EA80] 0x7FF700000000     (size_t)
	[RSP+EB00] 0x1A8D8B1A0D8      (PlayerCharacter*)
		Object Reference: 
			File: "Fallout4.esm"
			Flags: 0x00040009
			Form ID: 0x00000007
			Form Type: 45
		File: ""
		Flags: 0x00400448
		Form ID: 0x00000014
		Form Type: 65
	[RSP+EB80] 0x1A85BC30CD0      (void*)
	[RSP+EC00] 0x47858F75C759953C (size_t)
	[RSP+EC80] 0x3F80000045D55F66 (size_t)
	[RSP+ED00] 0x3F7CE635BE1EE518 (size_t)
	[RSP+ED80] 0x0                (size_t)
	[RSP+EE00] 0x0                (size_t)
	[RSP+EE80] 0x3F800000         (size_t)
	[RSP+EF00] 0x3E1EE5183F7CE635 (size_t)
	[RSP+EF80] 0x0                (size_t)
	[RSP+F000] 0x47858F75C759953C (size_t)
	[RSP+F080] 0x3F80000045D55F66 (size_t)
	[RSP+F100] 0x3F7CE6353F7CE635 (size_t)
	[RSP+F180] 0x3F7CE6353F7CE635 (size_t)
	[RSP+F200] 0x0                (size_t)
	[RSP+F280] 0x0                (size_t)
	[RSP+F300] 0x0                (size_t)
	[RSP+F380] 0x7FF7224B44E3     (void* -> Fallout4.exe+00244E3)
	[RSP+F400] 0x0                (size_t)
	[RSP+F480] 0x0                (size_t)
	[RSP+F500] 0x0                (size_t)
	[RSP+F580] 0x0                (size_t)
	[RSP+F600] 0x0                (size_t)
	[RSP+F680] 0x0                (size_t)
	[RSP+F700] 0x0                (size_t)
	[RSP+F780] 0x0                (size_t)
	[RSP+F800] 0x7FF727F43B10     (VATS*)
	[RSP+F880] 0x0                (size_t)
	[RSP+F900] 0x3C75C290         (size_t)
	[RSP+F980] 0x0                (size_t)
	[RSP+FA00] 0x0                (size_t)
	[RSP+FA80] 0x0                (size_t)
	[RSP+FB00] 0x7FF727EFBDC0     (JobListManager::ServingThread*)
	[RSP+FB80] 0x0                (size_t)
	[RSP+FC00] 0x0                (size_t)
	[RSP+FC80] 0x1A8D8B1A080      (PlayerCharacter*)
		Object Reference: 
			File: "Fallout4.esm"
			Flags: 0x00040009
			Form ID: 0x00000007
			Form Type: 45
		File: ""
		Flags: 0x00400448
		Form ID: 0x00000014
		Form Type: 65
	[RSP+FD00] 0x0                (size_t)
	[RSP+FD80] 0x7FF7251D38E8     (void* -> Fallout4.exe+2D438E8)
	[RSP+FE00] 0x1A85BC30CD0      (void*)
	[RSP+FE80] 0x7FF7231C9FD0     (void* -> Fallout4.exe+0D39FD0)
	[RSP+FF00] 0x0                (size_t)
	[RSP+FF80] 0x1A83C75C290      (void*)
	[RSP+1000] 0x7FF7251D38E8     (void* -> Fallout4.exe+2D438E8)
	[RSP+1008] 0x0                (size_t)
	[RSP+1010] 0x0                (size_t)
	[RSP+1018] 0x0                (size_t)
	[RSP+1020] 0x0                (size_t)
	[RSP+1028] 0x0                (size_t)
	[RSP+1030] 0x1A85BB65980      (void*)
	[RSP+1038] 0x7FF72314E3B5     (void* -> Fallout4.exe+0CBE3B5)
	[RSP+1040] 0x0                (size_t)
	[RSP+1048] 0x1A85BB657A0      (void*)
	[RSP+1050] 0x7FF727EFBDC0     (JobListManager::ServingThread*)
	[RSP+1058] 0x0                (size_t)
	[RSP+1060] 0x47858F75C759953C (size_t)
	[RSP+1068] 0x45D55F66         (size_t)
	[RSP+1070] 0x1A85BB65780      (void*)
	[RSP+1078] 0x7FF72314E5B7     (void* -> Fallout4.exe+0CBE5B7)
	[RSP+1080] 0x1A85BC30CC8      (void*)
	[RSP+1088] 0x0                (size_t)
	[RSP+1090] 0x7FF727EFBDC0     (JobListManager::ServingThread*)
	[RSP+1098] 0x1A85BB65780      (void*)
	[RSP+10A0] 0x0                (size_t)
	[RSP+10A8] 0x7FF72314D20D     (void* -> Fallout4.exe+0CBD20D)
	[RSP+10B0] 0x1A85BC30CC8      (void*)
	[RSP+10B8] 0x1A85BC30CD0      (void*)
	[RSP+10C0] 0x0                (size_t)
	[RSP+10C8] 0x5068             (size_t)
	[RSP+10D0] 0x0                (size_t)
	[RSP+10D8] 0x0                (size_t)
	[RSP+10E0] 0x7FF727EFBDC0     (JobListManager::ServingThread*)
	[RSP+10E8] 0x7FF7231507A7     (void* -> Fallout4.exe+0CC07A7)
	[RSP+10F0] 0x1A85BC30C80      (void*)
	[RSP+10F8] 0x1A85BC30CD0      (void*)
	[RSP+1100] 0x0                (size_t)
	[RSP+1108] 0x0                (size_t)
	[RSP+1110] 0x7FF727EFBDC0     (JobListManager::ServingThread*)
	[RSP+1118] 0x7FF723FACFED     (void* -> Fallout4.exe+1B1CFED)
	[RSP+1120] 0x5090             (size_t)
	[RSP+1128] 0x5C3A1AFB40       (void*)
	[RSP+1130] 0x1A82BA8BC90      (void*)
	[RSP+1138] 0x0                (size_t)
	[RSP+1140] 0x7FF727EFBDC0     (JobListManager::ServingThread*)
	[RSP+1148] 0x0                (size_t)
	[RSP+1150] 0x0                (size_t)
	[RSP+1158] 0x7FFE14CB257D     (void* -> KERNEL32.DLL+001257D)
	[RSP+1160] 0x0                (size_t)
	[RSP+1168] 0x0                (size_t)
	[RSP+1170] 0x0                (size_t)
	[RSP+1178] 0x0                (size_t)
	[RSP+1180] 0x0                (size_t)
	[RSP+1188] 0x7FFE164AAA58     (void* -> ntdll.dll+005AA58)
	[RSP+1190] 0x0                (size_t)
	[RSP+1198] 0x0                (size_t)
	[RSP+11A0] 0x0                (size_t)
	[RSP+11A8] 0x0                (size_t)
	[RSP+11B0] 0x0                (size_t)
	[RSP+11B8] 0x0                (size_t)
	[RSP+11C0] 0xF5471C8E00000000 (size_t)
	[RSP+11C8] 0x0                (size_t)
	[RSP+11D0] 0x4F0FFFFFB30      (size_t)
	[RSP+11D8] 0x7FFE13F4C720     (void* -> KERNELBASE.dll+015C720)
	[RSP+11E0] 0x5C3A1ADB40       (void*)
	[RSP+11E8] 0x6EB80001FFFB9ACF (size_t)
	[RSP+11F0] 0x7FFEE6B3DBAE     (size_t)
	[RSP+11F8] 0x5C3A1ADB40       (void*)
	[RSP+1200] 0x0                (size_t)
	[RSP+1208] 0x0                (size_t)
	[RSP+1210] 0x0                (size_t)
	[RSP+1218] 0x0                (size_t)
	[RSP+1220] 0x0                (size_t)
	[RSP+1228] 0x0                (size_t)
	[RSP+1230] 0x0                (size_t)
	[RSP+1238] 0x0                (size_t)
	[RSP+1240] 0x0                (size_t)
	[RSP+1248] 0x0                (size_t)
	[RSP+1250] 0x0                (size_t)
	[RSP+1258] 0x0                (size_t)
	[RSP+1260] 0x0                (size_t)
	[RSP+1268] 0x0                (size_t)
	[RSP+1270] 0x0                (size_t)
	[RSP+1278] 0x0                (size_t)
	[RSP+1280] 0x0                (size_t)
	[RSP+1288] 0x0                (size_t)
	[RSP+1290] 0x0                (size_t)
	[RSP+1298] 0x0                (size_t)
	[RSP+12A0] 0x0                (size_t)
	[RSP+12A8] 0x0                (size_t)
	[RSP+12B0] 0x0                (size_t)
	[RSP+12B8] 0x0                (size_t)
	[RSP+12C0] 0x0                (size_t)
	[RSP+12C8] 0x0                (size_t)
	[RSP+12D0] 0x0                (size_t)
	[RSP+12D8] 0x0                (size_t)
	[RSP+12E0] 0x0                (size_t)
	[RSP+12E8] 0x0                (size_t)
	[RSP+12F0] 0x0                (size_t)
	[RSP+12F8] 0x0                (size_t)
	[RSP+1300] 0x0                (size_t)
	[RSP+1308] 0x0                (size_t)
	[RSP+1310] 0x0                (size_t)
	[RSP+1318] 0x0                (size_t)
	[RSP+1320] 0x0                (size_t)
	[RSP+1328] 0x0                (size_t)
	[RSP+1330] 0x0                (size_t)
	[RSP+1338] 0x0                (size_t)
	[RSP+1340] 0x0                (size_t)
	[RSP+1348] 0x0                (size_t)
	[RSP+1350] 0x0                (size_t)
	[RSP+1358] 0x0                (size_t)
	[RSP+1360] 0x0                (size_t)
	[RSP+1368] 0x0                (size_t)
	[RSP+1370] 0x0                (size_t)
	[RSP+1378] 0x0                (size_t)
	[RSP+1380] 0x0                (size_t)
	[RSP+1388] 0x0                (size_t)
	[RSP+1390] 0x0                (size_t)
	[RSP+1398] 0x0                (size_t)
	[RSP+13A0] 0x0                (size_t)
	[RSP+13A8] 0x0                (size_t)
	[RSP+13B0] 0x0                (size_t)
	[RSP+13B8] 0x0                (size_t)
	[RSP+13C0] 0x0                (size_t)
	[RSP+13C8] 0x0                (size_t)
	[RSP+13D0] 0x0                (size_t)
	[RSP+13D8] 0x0                (size_t)
	[RSP+13E0] 0x0                (size_t)
	[RSP+13E8] 0x0                (size_t)
	[RSP+13F0] 0x0                (size_t)
	[RSP+13F8] 0x0                (size_t)
	[RSP+1400] 0x0                (size_t)
	[RSP+1408] 0x0                (size_t)
	[RSP+1410] 0x0                (size_t)
	[RSP+1418] 0x0                (size_t)
	[RSP+1420] 0x0                (size_t)
	[RSP+1428] 0x0                (size_t)
	[RSP+1430] 0x0                (size_t)
	[RSP+1438] 0x0                (size_t)
	[RSP+1440] 0x0                (size_t)
	[RSP+1448] 0x0                (size_t)
	[RSP+1450] 0x0                (size_t)
	[RSP+1458] 0x0                (size_t)
	[RSP+1460] 0x0                (size_t)
	[RSP+1468] 0x0                (size_t)
	[RSP+1470] 0x0                (size_t)
	[RSP+1478] 0x0                (size_t)
	[RSP+1480] 0x0                (size_t)
	[RSP+1488] 0x0                (size_t)
	[RSP+1490] 0x0                (size_t)
	[RSP+1498] 0x0                (size_t)
	[RSP+14A0] 0x0                (size_t)
	[RSP+14A8] 0x0                (size_t)
	[RSP+14B0] 0x0                (size_t)
	[RSP+14B8] 0x0                (size_t)
	[RSP+14C0] 0x0                (size_t)
	[RSP+14C8] 0x0                (size_t)
	[RSP+14D0] 0x0                (size_t)
	[RSP+14D8] 0x0                (size_t)
	[RSP+14E0] 0x0                (size_t)
	[RSP+14E8] 0x0                (size_t)
	[RSP+14F0] 0x0                (size_t)
	[RSP+14F8] 0x0                (size_t)
	[RSP+1500] 0x0                (size_t)
	[RSP+1508] 0x0                (size_t)
	[RSP+1510] 0x0                (size_t)
	[RSP+1518] 0x0                (size_t)
	[RSP+1520] 0x0                (size_t)
	[RSP+1528] 0x0                (size_t)
	[RSP+1530] 0x0                (size_t)
	[RSP+1538] 0x0                (size_t)
	[RSP+1540] 0x0                (size_t)
	[RSP+1548] 0x0                (size_t)
	[RSP+1550] 0x0                (size_t)
	[RSP+1558] 0x0                (size_t)
	[RSP+1560] 0x0                (size_t)
	[RSP+1568] 0x0                (size_t)
	[RSP+1570] 0x0                (size_t)
	[RSP+1578] 0x0                (size_t)
	[RSP+1580] 0x0                (size_t)
	[RSP+1588] 0x0                (size_t)
	[RSP+1590] 0x0                (size_t)
	[RSP+1598] 0x0                (size_t)
	[RSP+15A0] 0x0                (size_t)
	[RSP+15A8] 0x0                (size_t)
	[RSP+15B0] 0x0                (size_t)
	[RSP+15B8] 0x0                (size_t)
	[RSP+15C0] 0x0                (size_t)
	[RSP+15C8] 0x0                (size_t)
	[RSP+15D0] 0x0                (size_t)
	[RSP+15D8] 0x0                (size_t)
	[RSP+15E0] 0x0                (size_t)
	[RSP+15E8] 0x0                (size_t)
	[RSP+15F0] 0x0                (size_t)
	[RSP+15F8] 0x0                (size_t)

MODULES:
	XINPUT1_3.dll                 0x000000400000
	X3DAudio1_7.dll               0x00006AE00000
	steam_api64.dll               0x00006AE10000
	d3d11.dll                     0x000180000000
	wintrust.dll                  0x01A851800000
	Fallout4.exe                  0x7FF722490000
	steamclient64.dll             0x7FFD5A600000
	XAudio2_7.dll                 0x7FFD61F80000
	d3dcompiler_47_64.dll         0x7FFD66D60000
	NvCamera64.dll                0x7FFD67170000
	d3dcompiler_46e.dll           0x7FFD68280000
	Buffout4.dll                  0x7FFD68640000
	D3DCOMPILER_43.dll            0x7FFD689A0000
	IPHLPAPI.DLL                  0x7FFD691F0000
	gameoverlayrenderer64.dll     0x7FFD69860000
	wsfw_identifier.dll           0x7FFD69F10000
	RobCo_Patcher.dll             0x7FFD6A280000
	LighthousePapyrusExtender.dll 0x7FFD6A370000
	tier0_s64.dll                 0x7FFD6A630000
	graphics-hook64.dll           0x7FFD6A970000
	flexRelease_x64.dll           0x7FFD6AA00000
	ResampleDmo.DLL               0x7FFD73AA0000
	DSOUND.DLL                    0x7FFD73B60000
	XDI.dll                       0x7FFD73F50000
	f4se_1_10_163.dll             0x7FFD74260000
	PRKF.dll                      0x7FFD7C9A0000
	DINPUT8.dll                   0x7FFD7D250000
	PowerGridTools.dll            0x7FFD7D450000
	MSVCR110.dll                  0x7FFD7D4C0000
	nvspcap64.dll                 0x7FFD8E880000
	place.dll                     0x7FFD9C9F0000
	vstdlib_s64.dll               0x7FFD9FB90000
	msdmo.dll                     0x7FFD9FC50000
	RustyFaceFix.dll              0x7FFDCBA80000
	mcm.dll                       0x7FFDCBB10000
	d3dx11_43.dll                 0x7FFDDC630000
	winmmbase.dll                 0x7FFDDC880000
	ncryptsslp.dll                0x7FFDDF180000
	cudart64_75.dll               0x7FFDE6600000
	GFSDK_GodraysLib.x64.dll      0x7FFDE6660000
	MSVCP110.dll                  0x7FFDE66C0000
	GFSDK_SSAO_D3D11.win64.dll    0x7FFDE7A60000
	bink2w64.dll                  0x7FFDE7AF0000
	BulletCountedReload.dll       0x7FFDE7BD0000
	f4se_steam_loader.dll         0x7FFDE7CF0000
	flexExtRelease_x64.dll        0x7FFDE7DD0000
	MessageBus.dll                0x7FFDEB560000
	webio.dll                     0x7FFDEFE30000
	libdiskCacheEnabler.dll       0x7FFDF18E0000
	usvfs_x64.dll                 0x7FFDF5850000
	textinputframework.dll        0x7FFDF5B40000
	inputhost.dll                 0x7FFDF5C90000
	Windows.UI.dll                0x7FFDF7570000
	AUDIOSES.DLL                  0x7FFDF7970000
	OneCoreCommonProxyStub.dll    0x7FFDF8580000
	MSVCP140.dll                  0x7FFDF8B00000
	nvwgf2umx.dll                 0x7FFDF9F90000
	VCRUNTIME140_1.dll            0x7FFDFFE70000
	WINSPOOL.DRV                  0x7FFE00BF0000
	COMCTL32.dll                  0x7FFE00CA0000
	amsi.dll                      0x7FFE01390000
	MpOav.dll                     0x7FFE015C0000
	MessageBus.dll                0x7FFE01B20000
	fastprox.dll                  0x7FFE02C10000
	nvgpucomp64.dll               0x7FFE030A0000
	MMDevApi.dll                  0x7FFE05290000
	MSIMG32.dll                   0x7FFE05550000
	nvapi64.dll                   0x7FFE061A0000
	wbemsvc.dll                   0x7FFE06980000
	wbemcomn.dll                  0x7FFE06A20000
	drvstore.dll                  0x7FFE088C0000
	nvldumdx.dll                  0x7FFE08A20000
	OneCoreUAPCommonProxyStub.dll 0x7FFE08F40000
	VCRUNTIME140.dll              0x7FFE09970000
	wbemprox.dll                  0x7FFE09C70000
	cryptnet.dll                  0x7FFE09CE0000
	VERSION.dll                   0x7FFE09FE0000
	nvToolsExt64_1.dll            0x7FFE0A370000
	WINMM.dll                     0x7FFE0A860000
	fwpuclnt.dll                  0x7FFE0AE80000
	CoreUIComponents.dll          0x7FFE0C640000
	rasadhlp.dll                  0x7FFE0CD20000
	dhcpcsvc.DLL                  0x7FFE0CD50000
	dhcpcsvc6.DLL                 0x7FFE0CD80000
	avrt.dll                      0x7FFE0CDA0000
	directxdatabasehelper.dll     0x7FFE0D040000
	WINHTTP.dll                   0x7FFE0D090000
	XINPUT9_1_0.dll               0x7FFE0E550000
	WindowsCodecs.dll             0x7FFE0EF40000
	d3d11.dll                     0x7FFE0F960000
	dcomp.dll                     0x7FFE0FBC0000
	CoreMessaging.dll             0x7FFE10250000
	WINNSI.DLL                    0x7FFE107A0000
	UxTheme.dll                   0x7FFE107B0000
	dxcore.dll                    0x7FFE108D0000
	dxgi.dll                      0x7FFE10910000
	dwmapi.dll                    0x7FFE10A40000
	DbgHelp.dll                   0x7FFE10B40000
	resourcepolicyclient.dll      0x7FFE11220000
	wintypes.dll                  0x7FFE11550000
	windows.storage.dll           0x7FFE11690000
	HID.DLL                       0x7FFE11F90000
	IpHlpAPI.dll                  0x7FFE121F0000
	DNSAPI.dll                    0x7FFE12220000
	Secur32.dll                   0x7FFE125D0000
	schannel.DLL                  0x7FFE12650000
	rsaenh.dll                    0x7FFE12770000
	UMPDC.dll                     0x7FFE127B0000
	POWRPROF.dll                  0x7FFE12830000
	kernel.appcore.dll            0x7FFE12880000
	ntmarta.dll                   0x7FFE128A0000
	SSPICLI.DLL                   0x7FFE12AF0000
	MSWSOCK.dll                   0x7FFE12D10000
	USERENV.dll                   0x7FFE12E20000
	CRYPTSP.dll                   0x7FFE12F80000
	CRYPTBASE.DLL                 0x7FFE12FA0000
	wldp.dll                      0x7FFE13030000
	NTASN1.dll                    0x7FFE130E0000
	ncrypt.dll                    0x7FFE13120000
	msasn1.dll                    0x7FFE13430000
	devobj.dll                    0x7FFE13450000
	DPAPI.DLL                     0x7FFE13480000
	CFGMGR32.dll                  0x7FFE13490000
	profapi.dll                   0x7FFE136C0000
	gdi32full.dll                 0x7FFE13800000
	ucrtbase.dll                  0x7FFE13920000
	win32u.dll                    0x7FFE13A40000
	bcryptPrimitives.dll          0x7FFE13A70000
	bcrypt.dll                    0x7FFE13AF0000
	CRYPT32.dll                   0x7FFE13B20000
	msvcp_win.dll                 0x7FFE13C90000
	KERNELBASE.dll                0x7FFE13DF0000
	SETUPAPI.dll                  0x7FFE141A0000
	WS2_32.dll                    0x7FFE14620000
	shcore.dll                    0x7FFE146A0000
	PSAPI.DLL                     0x7FFE147A0000
	msvcrt.dll                    0x7FFE147B0000
	USER32.dll                    0x7FFE14870000
	ADVAPI32.dll                  0x7FFE14A80000
	COMDLG32.dll                  0x7FFE14B40000
	imagehlp.dll                  0x7FFE14C40000
	NSI.dll                       0x7FFE14C80000
	KERNEL32.DLL                  0x7FFE14CA0000
	OLEAUT32.dll                  0x7FFE14E60000
	GDI32.dll                     0x7FFE14F40000
	clbcatq.dll                   0x7FFE14F70000
	sechost.dll                   0x7FFE15020000
	ole32.dll                     0x7FFE15120000
	SHELL32.dll                   0x7FFE15510000
	IMM32.DLL                     0x7FFE15D70000
	RPCRT4.dll                    0x7FFE15DB0000
	MSCTF.dll                     0x7FFE15ED0000
	SHLWAPI.dll                   0x7FFE16020000
	combase.dll                   0x7FFE16080000
	ntdll.dll                     0x7FFE16450000

F4SE PLUGINS:
	Buffout4.dll v1.28.6
	BulletCountedReload.dll
	libdiskCacheEnabler.dll
	LighthousePapyrusExtender.dll v1.4
	mcm.dll
	place.dll
	PowerGridTools.dll
	PRKF.dll
	RobCo_Patcher.dll v3.6
	RustyFaceFix.dll v2.0.1
	wsfw_identifier.dll
	XDI.dll

PLUGINS:
	[00]     Fallout4.esm
	[01]     DLCRobot.esm
	[02]     DLCworkshop01.esm
	[03]     DLCCoast.esm
	[04]     DLCworkshop02.esm
	[05]     DLCworkshop03.esm
	[06]     DLCNukaWorld.esm
	[07]     DLCUltraHighResolution.esm
	[08]     cctosfo4001-neosky.esm
	[09]     Unofficial Fallout 4 Patch.esp
	[0A]     HUDFramework.esm
	[0B]     WorkshopFramework.esm
	[0C]     XDI.esm
	[0D]     AmmoTweaks_Core.esp
	[0E]     MutantMenagerie.esm
	[0F]     SS2.esm
	[10]     SS2_XPAC_Chapter2.esm
	[11]     SS2_XPAC_Chapter3.esm
	[12]     MutantMenagerie_GrilledTurkey.esm
	[13]     K9TacticalHarness.esp
	[14]     PEACE-ProjectExtendAndChangeEverything.esp
	[15]     WARS-WeaponAdditionandReplacementSuite.esp
	[16]     SS2Extended.esp
	[17]     Reinforcements.esp
	[18]     CheatTerminal.esp
	[19]     Flashy_CrimeAndPunishment_GunForHire_Addon.esp
	[1A]     MilitarizedMinutemen.esp
	[1B]     FWR.esp
	[1C]     llamaCompanionHeatherv2.esp
	[1D]     EveryonesBestFriend.esp
	[1E]     LongerPowerLines3x.esp
	[1F]     WARS-AmmoTweaksV1Integration.esp
	[20]     NPCs Use Items.esp
	[21]     SettlementMenuManager.esp
	[22]     Be Exceptional - Uninstall.esp
	[23]     Be Exceptional.esp
	[24]     SS2_XDI Patch.esp
	[25]     CROSS_GoreCrits.esp
	[26]     CROSS_GoreCrits_FarHarborPatch.esp
	[27]     dD-Realistic Ragdoll Force.esp
	[28]     SurvivalOptions.esp
	[29]     ManufacturingExtended.esp
	[2A]     ManufacturingExtendedFH.esp
	[2B]     AtomicBeauty.esp
	[2C]     Nexus_PMC.esp
	[2D]     PMC_extended.esp
	[2E]     FCOM.esp
	[2F]     FCOM PMCs_3.0.esp
	[30]     FCOM-MM.esp
	[31]     Min_BountifulHunter.esp
	[32]     Calamity Weathers.esp
	[33]     Calamity Weathers - Far Harbor.esp
	[34]     Calamity Weathers - Nuka World.esp
	[35]     Calamity Weathers - Interiors.esp
	[36]     AmmoTweaks_Default.esp
	[37]     AmmoTweaks_Default_NoDLCs.esp
	[38]     PIP-Pad.esp
	[39]     Pip-Boy Flashlight.esp
	[3A]     PIP-Pad_Pip-BoyFlashlight.esp
	[FE:000] ccfsvfo4002-midcenturymodern.esl
	[FE:001] cceejfo4001-decorationpack.esl
	[FE:002] ccfsvfo4003-slocum.esl
	[FE:003] HellcatPA.esl
	[FE:004] SS2_GunForHire_Patch.esp
	[FE:005] M8rDisablePipboyEffects.esp
	[FE:006] Chemfluence AI Combat Dynamics.esp
	[FE:007] WARS-PEACE-WarAndPeacePatch.esp
	[FE:008] SS2_MagnussonTerminalFix.esp
	[FE:009] Rusty Face Fix.esp
	[FE:00A] WAP_Heather.esp
	[FE:00B] WorkshopFramework_ScriptOverride.esp
