Fallout 4 v1.10.984
Buffout 4 v1.36.0 Oct 13 2024 01:09:30

Unhandled exception "EXCEPTION_ACCESS_VIOLATION" at 0x7FF7D252EE1F Fallout4.exe+153EE1F	lock cmpxchg [rdi+0x04], ecx |  BSReadWriteLock::LockForRead_153EE1F)
Exception Flags: 0x00000000
Number of Parameters: 2
Access Violation: Tried to write memory at 0x7FF7D32A184C

	[Compatibility]
		F4EE: false
	[Debug]
		Symcache: c:symcache
		WaitForDebugger: false
	[Fixes]
		ActorIsHostileToActor: true
		BGSAIWorldLocationRefRadiusNull: true
		BSLightingShaderMaterialGlowmap: true
		BackportedBA2Support: true
		CellInit: true
		CreateD3DAndSwapChain: true
		EncounterZoneReset: true
		EscapeFreeze: true
		FixScriptPageAllocation: true
		FixToggleScriptsCommand: true
		FollowerStrayBullet: true
		GreyMovies: true
		InteriorNavCut: true
		MagicEffectApplyEvent: true
		MovementPlanner: true
		PackageAllocateLocation: true
		PipboyLightInvFix: true
		SafeExit: true
		TESObjectREFRGetEncounterZone: true
		UnalignedLoad: true
		UtilityShader: true
		WorkBenchSwap: true
	[Patches]
		Achievements: true
		BSMTAManager: true
		BSPreCulledObjects: true
		BSTextureStreamerLocalHeap: true
		HavokMemorySystem: true
		INISettingCollection: true
		InputSwitch: false
		MaxStdIO: 8192
		MemoryManager: true
		MemoryManagerDebug: false
		ScaleformAllocator: true
		SmallBlockAllocator: true
		WorkshopMenu: true
	[Tweaks]
		MaxPapyrusOpsPerFrame: 500
	[Warnings]
		CreateTexture2D: true
		ImageSpaceAdapter: true

SYSTEM SPECS:
	OS: Майкрософт Windows 11 Pro v10.0.26100
	CPU: GenuineIntel Intel(R) Core(TM) i5-9400F CPU @ 2.90GHz
	GPU #1: Nvidia TU116 [GeForce GTX 1660 Ti]
	GPU #2: Microsoft Basic Render Driver
	PHYSICAL MEMORY: 11.20 GB/15.95 GB


PROBABLE CALL STACK:
	[ 0] 0x7FF7D252EE1F Fallout4.exe+153EE1F	lock cmpxchg [rdi+0x04], ecx |  BSReadWriteLock::LockForRead_153EE1F -> 2267897+0x2F	lock cmpxchg [rdi+0x04], ecx
	[ 1] 0x7FF7D259256D Fallout4.exe+15A256D	mov rdx, rbp |  NiObjectNET::GetExtraData_15A256D -> 2269922+0x4D	mov rdx, rbp
	[ 2] 0x7FF7D1BCA1FF Fallout4.exe+0BDA1FF	test rax, rax |  FUN_140bd90d0_BDA1FF -> 2229704+0xBCF	test rax, rax
	[ 3] 0x7FF7D14ABC37 Fallout4.exe+04BBC37	cmp byte ptr [rdi+0x1A], 0x41 |  FUN_1404bba00_4BBC37 -> 2201071+0x237	cmp byte ptr [rdi+0x1A], 0x41
	[ 4] 0x7FF7D146C07F Fallout4.exe+047C07F	inc ebx |  FUN_14047be60_47C07F -> 2200331+0x21F	inc ebx
	[ 5] 0x7FF7D146C2D8 Fallout4.exe+047C2D8	jmp 0x00007FF7D146C452 |  FUN_14047c240_47C2D8 -> 2200333+0x98	jmp 0x00007FF7D146C452
	[ 6] 0x7FF7D126D08A Fallout4.exe+027D08A	mov rcx, rbp |  FUN_14027cf10_27D08A -> 2192048+0x17A	mov rcx, rbp
	[ 7] 0x7FF7D1CE421E Fallout4.exe+0CF421E	cmp byte ptr [rbp+0x140], 0x00 |  FUN_140cf3f50_CF421E -> 2233248+0x2CE	cmp byte ptr [rbp+0x140], 0x00
	[ 8] 0x7FF7D1CE4C0C Fallout4.exe+0CF4C0C	mov rdi, [rsp+0x50] |  FUN_140cf4920_CF4C0C -> 2233249+0x2EC	mov rdi, [rsp+0x50]
	[ 9] 0x7FF7D1CC0EF3 Fallout4.exe+0CD0EF3	mov rcx, [rsp+0x50] |  FUN_140cd0310_CD0EF3 -> 2232905+0xBE3	mov rcx, [rsp+0x50]
	[10] 0x7FF7D1BA52D5 Fallout4.exe+0BB52D5	mov [rbx], al |  PositionPlayerJob::JobFn_BB52D5 -> 2228997+0x15	mov [rbx], al
	[11] 0x7FF7D255EBFA Fallout4.exe+156EBFA	mov rax, [rdi+0x18] |  FUN_14156eb30_156EBFA -> 2268897+0xCA	mov rax, [rdi+0x18]
	[12] 0x7FF7D255F10B Fallout4.exe+156F10B	mov [rbp+0x04], eax |  FUN_14156ee60_156F10B -> 2268899+0x2AB	mov [rbp+0x04], eax
	[13] 0x7FF7D255D619 Fallout4.exe+156D619	movzx eax, byte ptr [rbx+0xA74] |  FUN_14156d5b0_156D619 -> 2268871+0x69	movzx eax, byte ptr [rbx+0xA74]
	[14] 0x7FF7D253ADED Fallout4.exe+154ADED	mov rcx, [0x00007FF7D40DF620] |  FUN_14154adb0_154ADED -> 2268179+0x3D	mov rcx, [0x00007FF7D40DF620]
	[15] 0x7FF9C005E8D7 KERNEL32.DLL+002E8D7
	[16] 0x7FF9C217FBCC    ntdll.dll+00DFBCC

REGISTERS:
	RAX 0x7FF7             (size_t) [32759]
	RCX 0x7FF8             (size_t) [32760]
	RDX 0x244E1FB55E0      (void*)
	RBX 0x0                (size_t) [0]
	RSP 0x97CFEEEBC0       (void*)
	RBP 0x7FF7D3E67A88     (void* -> Fallout4.exe+2E77A88	loopne 0x00007FF7D3E67ADF |  FUN_14229e738_2E77A88)
	RSI 0x7FF7D32A1848     (void* -> Fallout4.exe+22B1848	in al, 0xF8 |  FUN_14229e738_22B1848)
	RDI 0x7FF7D32A1848     (void* -> Fallout4.exe+22B1848	in al, 0xF8 |  FUN_14229e738_22B1848)
	R8  0x24539BC3360      (void*)
	R9  0x0                (size_t) [0]
	R10 0x7FF9830A0000     (void*)
	R11 0x0                (size_t) [0]
	R12 0x0                (size_t) [0]
	R13 0x2471A905DA0      (ExtraDismemberedLimbs*)
	R14 0x2453E987380      (bhkWorldM*)
	R15 0x247492B67F0      (TESObjectREFR*)
		Object Reference: 
		File: "Fallout4.esm"
		Flags: 0x00000209
		FormID: 0x0001D18E
		FormType: kSTAT (36)
		File: "Fallout4.esm"
		Flags: 0x00000009
		FormID: 0x001A7F5D
		FormType: kREFR (64)

STACK:
	[RSP+0   ] 0x24749E23610      (BSFlattenedBoneTree*)
		Name: "Root"
		RTTIName: "BSFlattenedBoneTree"
		Flags: e
		Checking Parent: 
			Name: "skeleton.nif"
			RTTIName: "BSFadeNode"
			Flags: 200a30680400e
			Checking Parent: 
				RTTIName: "NiNode"
				Flags: 80002000280e
				Checking Parent: 
					RTTIName: "BSMultiBoundNode"
					Flags: 4002000280e
					Checking Parent: 
						Name: "ObjectLODRoot"
						RTTIName: "NiNode"
						Flags: 2000280e
						Checking Parent: 
							Name: "shadow scene node"
							RTTIName: "ShadowSceneNode"
							Flags: 2000280e
							Checking Parent: 
								Name: "WorldRoot Node"
								RTTIName: "SceneGraph"
								Flags: 2000280e
		Name: "Root"
	[RSP+8   ] 0x5                (size_t) [5]
	[RSP+10  ] 0x24749E23610      (BSFlattenedBoneTree*)
		Name: "Root"
		RTTIName: "BSFlattenedBoneTree"
		Flags: e
		Checking Parent: 
			Name: "skeleton.nif"
			RTTIName: "BSFadeNode"
			Flags: 200a30680400e
			Checking Parent: 
				RTTIName: "NiNode"
				Flags: 80002000280e
				Checking Parent: 
					RTTIName: "BSMultiBoundNode"
					Flags: 4002000280e
					Checking Parent: 
						Name: "ObjectLODRoot"
						RTTIName: "NiNode"
						Flags: 2000280e
						Checking Parent: 
							Name: "shadow scene node"
							RTTIName: "ShadowSceneNode"
							Flags: 2000280e
							Checking Parent: 
								Name: "WorldRoot Node"
								RTTIName: "SceneGraph"
								Flags: 2000280e
		Name: "Root"
	[RSP+18  ] 0x7FF7D252EDFF     (void* -> Fallout4.exe+153EDFF	cmp [rdi], eax |  BSReadWriteLock::LockForRead_153EDFF)
	[RSP+20  ] 0x0                (size_t) [0]
	[RSP+28  ] 0x7FF7D259256D     (void* -> Fallout4.exe+15A256D	mov rdx, rbp |  NiObjectNET::GetExtraData_15A256D)
	[RSP+30  ] 0x7FF7D32A1830     (void* -> Fallout4.exe+22B1830	fdivr st0, st0 |  FUN_14229e738_22B1830)
	[RSP+38  ] 0x0                (size_t) [0]
	[RSP+40  ] 0x64               (size_t) [100]
	[RSP+48  ] 0x7FF7D123BDBD     (void* -> Fallout4.exe+024BDBD	mov rbx, [rsp+0x30] |  ExtraDataList::GetExtraData_24BDBD)
	[RSP+50  ] 0x246A2CE49B0      (void*)
	[RSP+58  ] 0x97CFEEED40       (void*)
	[RSP+60  ] 0x1                (size_t) [1]
	[RSP+68  ] 0x97CFEEED40       (void*)
	[RSP+70  ] 0x24736D613B0      (void*)
	[RSP+78  ] 0x7FF7D1BCA1FF     (void* -> Fallout4.exe+0BDA1FF	test rax, rax |  FUN_140bd90d0_BDA1FF)
	[RSP+80  ] 0x2453909A180      (Actor*)
		Object Reference: 
		Flags: 0x00000008
		FormID: 0xFF006C58
		FormType: kNPC_ (45)
		File: "Fallout4.esm"
		Flags: 0x0047000B
		FormID: 0x0009597B
		FormType: kACHR (65)
	[RSP+88  ] 0x2453E987380      (bhkWorldM*)
	[RSP+90  ] 0x24500000000      (size_t) [2495375998976]
	[RSP+98  ] 0x24531B50430      (hknpBSWorld*)
	[RSP+A0  ] 0x97CFEEF0F0       (void*)
	[RSP+A8  ] 0x2453E987380      (bhkWorldM*)
	[RSP+B0  ] 0x6400000020       (size_t) [429496729632]
	[RSP+B8  ] 0x0                (size_t) [0]
	[RSP+C0  ] 0x24539D44B60      (bhkCharRigidBodyController*)
	[RSP+C8  ] 0x2471AFA26A0      (bhkRagdollPenetrationUtil*)
	[RSP+D0  ] 0x2456A71C1A0      (void*)
	[RSP+D8  ] 0x0                (size_t) [0]
	[RSP+E0  ] 0x142400000001     (size_t) [22144851378177]
	[RSP+E8  ] 0x24749E23610      (BSFlattenedBoneTree*)
		Name: "Root"
		RTTIName: "BSFlattenedBoneTree"
		Flags: e
		Checking Parent: 
			Name: "skeleton.nif"
			RTTIName: "BSFadeNode"
			Flags: 200a30680400e
			Checking Parent: 
				RTTIName: "NiNode"
				Flags: 80002000280e
				Checking Parent: 
					RTTIName: "BSMultiBoundNode"
					Flags: 4002000280e
					Checking Parent: 
						Name: "ObjectLODRoot"
						RTTIName: "NiNode"
						Flags: 2000280e
						Checking Parent: 
							Name: "shadow scene node"
							RTTIName: "ShadowSceneNode"
							Flags: 2000280e
							Checking Parent: 
								Name: "WorldRoot Node"
								RTTIName: "SceneGraph"
								Flags: 2000280e
		Name: "Root"
	[RSP+F0  ] 0x2471AFA26A0      (bhkRagdollPenetrationUtil*)
	[RSP+F8  ] 0x24549710ED0      (void*)
	[RSP+100 ] 0x97CFEEF0F0       (void*)
	[RSP+108 ] 0x7FF7D3010E8A     (void* -> Fallout4.exe+2020E8A	mov eax, [rbx+0x18] |  FUN_142020e20_2020E8A)
	[RSP+110 ] 0x97CFEEF0F0       (void*)
	[RSP+118 ] 0x247493866C0      (BSFadeNode*)
		Name: "Weapon  (000CE97D)"
		RTTIName: "BSFadeNode"
		Flags: 400010080000e
		Checking Parent: 
			Name: "Weapon"
			RTTIName: "NiNode"
			Flags: f
			Checking Parent: 
				Name: "RArm_Hand"
				RTTIName: "NiNode"
				Flags: e
				Checking Parent: 
					Name: "RArm_ForeArm3"
					RTTIName: "NiNode"
					Flags: e
					Checking Parent: 
						Name: "RArm_ForeArm2"
						RTTIName: "NiNode"
						Flags: e
						Checking Parent: 
							Name: "RArm_ForeArm1"
							RTTIName: "NiNode"
							Flags: e
							Checking Parent: 
								Name: "RArm_UpperArm"
								RTTIName: "NiNode"
								Flags: e
								Checking Parent: 
									Name: "RArm_Collarbone"
									RTTIName: "NiNode"
									Flags: e
									Checking Parent: 
										Name: "Chest"
										RTTIName: "NiNode"
										Flags: e
										Checking Parent: 
											Name: "SPINE2"
											RTTIName: "NiNode"
											Flags: e
											Checking Parent: 
												Name: "SPINE1"
												RTTIName: "NiNode"
												Flags: e
												Checking Parent: 
													Name: "COM"
													RTTIName: "NiNode"
													Flags: e
													Checking Parent: 
														Name: "Root"
														RTTIName: "BSFlattenedBoneTree"
														Flags: e
														Checking Parent: 
															Name: "skeleton.nif"
															RTTIName: "BSFadeNode"
															Flags: 200a30680400e
															Checking Parent: 
																RTTIName: "NiNode"
																Flags: 80002000280e
																Checking Parent: 
																	RTTIName: "BSMultiBoundNode"
																	Flags: 4002000280e
																	Checking Parent: 
																		Name: "ObjectLODRoot"
																		RTTIName: "NiNode"
																		Flags: 2000280e
																		Checking Parent: 
																			Name: "shadow scene node"
																			RTTIName: "ShadowSceneNode"
																			Flags: 2000280e
																			Checking Parent: 
																				Name: "WorldRoot Node"
																				RTTIName: "SceneGraph"
																				Flags: 2000280e
		Name: "Weapon  (000CE97D)"
	[RSP+120 ] 0x1424001E1424001E (size_t) [1451285109107064862]
	[RSP+128 ] 0x1424001E00000001 (size_t) [1451285108769161217]
	[RSP+130 ] 0x24539D44B60      (bhkCharRigidBodyController*)
	[RSP+138 ] 0x7FF7D2594002     (void* -> Fallout4.exe+15A4002	cmp dword ptr [rsi+0xBC], 0x00 |  NiNode::UpdateDownwardPass_15A4002)
	[RSP+140 ] 0x24749E14D00      (NiNode*)
		Name: "Weapon"
		RTTIName: "NiNode"
		Flags: f
		Checking Parent: 
			Name: "RArm_Hand"
			RTTIName: "NiNode"
			Flags: e
			Checking Parent: 
				Name: "RArm_ForeArm3"
				RTTIName: "NiNode"
				Flags: e
				Checking Parent: 
					Name: "RArm_ForeArm2"
					RTTIName: "NiNode"
					Flags: e
					Checking Parent: 
						Name: "RArm_ForeArm1"
						RTTIName: "NiNode"
						Flags: e
						Checking Parent: 
							Name: "RArm_UpperArm"
							RTTIName: "NiNode"
							Flags: e
							Checking Parent: 
								Name: "RArm_Collarbone"
								RTTIName: "NiNode"
								Flags: e
								Checking Parent: 
									Name: "Chest"
									RTTIName: "NiNode"
									Flags: e
									Checking Parent: 
										Name: "SPINE2"
										RTTIName: "NiNode"
										Flags: e
										Checking Parent: 
											Name: "SPINE1"
											RTTIName: "NiNode"
											Flags: e
											Checking Parent: 
												Name: "COM"
												RTTIName: "NiNode"
												Flags: e
												Checking Parent: 
													Name: "Root"
													RTTIName: "BSFlattenedBoneTree"
													Flags: e
													Checking Parent: 
														Name: "skeleton.nif"
														RTTIName: "BSFadeNode"
														Flags: 200a30680400e
														Checking Parent: 
															RTTIName: "NiNode"
															Flags: 80002000280e
															Checking Parent: 
																RTTIName: "BSMultiBoundNode"
																Flags: 4002000280e
																Checking Parent: 
																	Name: "ObjectLODRoot"
																	RTTIName: "NiNode"
																	Flags: 2000280e
																	Checking Parent: 
																		Name: "shadow scene node"
																		RTTIName: "ShadowSceneNode"
																		Flags: 2000280e
																		Checking Parent: 
																			Name: "WorldRoot Node"
																			RTTIName: "SceneGraph"
																			Flags: 2000280e
		Name: "Weapon"
	[RSP+148 ] 0x3F2F9FBC         (size_t) [1060085692]
	[RSP+150 ] 0xBEF8FB423F02D9EF (size_t) [uint: 13761024923374115311 int: -4685719150335436305]
	[RSP+158 ] 0x3F356D7B         (size_t) [1060466043]
	[RSP+160 ] 0x1                (size_t) [1]
	[RSP+168 ] 0x0                (size_t) [0]
	[RSP+170 ] 0x24749E1CAD0      (NiNode*)
		Name: "RArm_Hand"
		RTTIName: "NiNode"
		Flags: e
		Checking Parent: 
			Name: "RArm_ForeArm3"
			RTTIName: "NiNode"
			Flags: e
			Checking Parent: 
				Name: "RArm_ForeArm2"
				RTTIName: "NiNode"
				Flags: e
				Checking Parent: 
					Name: "RArm_ForeArm1"
					RTTIName: "NiNode"
					Flags: e
					Checking Parent: 
						Name: "RArm_UpperArm"
						RTTIName: "NiNode"
						Flags: e
						Checking Parent: 
							Name: "RArm_Collarbone"
							RTTIName: "NiNode"
							Flags: e
							Checking Parent: 
								Name: "Chest"
								RTTIName: "NiNode"
								Flags: e
								Checking Parent: 
									Name: "SPINE2"
									RTTIName: "NiNode"
									Flags: e
									Checking Parent: 
										Name: "SPINE1"
										RTTIName: "NiNode"
										Flags: e
										Checking Parent: 
											Name: "COM"
											RTTIName: "NiNode"
											Flags: e
											Checking Parent: 
												Name: "Root"
												RTTIName: "BSFlattenedBoneTree"
												Flags: e
												Checking Parent: 
													Name: "skeleton.nif"
													RTTIName: "BSFadeNode"
													Flags: 200a30680400e
													Checking Parent: 
														RTTIName: "NiNode"
														Flags: 80002000280e
														Checking Parent: 
															RTTIName: "BSMultiBoundNode"
															Flags: 4002000280e
															Checking Parent: 
																Name: "ObjectLODRoot"
																RTTIName: "NiNode"
																Flags: 2000280e
																Checking Parent: 
																	Name: "shadow scene node"
																	RTTIName: "ShadowSceneNode"
																	Flags: 2000280e
																	Checking Parent: 
																		Name: "WorldRoot Node"
																		RTTIName: "SceneGraph"
																		Flags: 2000280e
		Name: "RArm_Hand"
	[RSP+178 ] 0x7FF700000000     (size_t) [140698833649664]
	[RSP+180 ] 0x0                (size_t) [0]
	[RSP+188 ] 0x0                (size_t) [0]
	[RSP+190 ] 0x0                (size_t) [0]
	[RSP+198 ] 0x97CFEEECA0       (void*)
	[RSP+1A0 ] 0x97CFEEEC70       (char*) " "
	[RSP+1A8 ] 0x97CFEEECA4       (void*)
	[RSP+1B0 ] 0x97CFEEF0E8       (void*)
	[RSP+1B8 ] 0x97CFEEED38       (void*)
	[RSP+1C0 ] 0x97CFEEEDA0       (void*)
	[RSP+1C8 ] 0x24531B50440      (void*)
	[RSP+1D0 ] 0x0                (size_t) [0]
	[RSP+1D8 ] 0x0                (size_t) [0]
	[RSP+1E0 ] 0x0                (size_t) [0]
	[RSP+1E8 ] 0xBC6A161E         (size_t) [3161069086]
	[RSP+1F0 ] 0x3F800000         (size_t) [1065353216]
	[RSP+1F8 ] 0x0                (size_t) [0]
	[RSP+200 ] 0x3F80000000000000 (size_t) [4575657221408423936]
	[RSP+208 ] 0x0                (size_t) [0]
	[RSP+210 ] 0x0                (size_t) [0]
	[RSP+218 ] 0x3F800000         (size_t) [1065353216]
	[RSP+220 ] 0xC3F279CBC3B6454A (size_t) [uint: 14119481697828750666 int: -4327262375880800950]
	[RSP+228 ] 0x41DC12E5         (size_t) [1104941797]
	[RSP+230 ] 0x7FF7D348C4D8     (void* -> Fallout4.exe+249C4D8	and [rdi+rsi*2], bl |  FUN_14229e738_249C4D8)
	[RSP+238 ] 0x0                (size_t) [0]
	[RSP+240 ] 0x246A35C6400      (BSFadeNode*)
		Name: "skeleton.nif"
		RTTIName: "BSFadeNode"
		Flags: 210080400e
		Name: "skeleton.nif"
	[RSP+248 ] 0x1424001E         (size_t) [337903646]
	[RSP+250 ] 0x2453E987380      (bhkWorldM*)
	[RSP+258 ] 0x3F8000003F800000 (size_t) [4575657222473777152]
	[RSP+260 ] 0x0                (size_t) [0]
	[RSP+268 ] 0x0                (size_t) [0]
	[RSP+270 ] 0x0                (size_t) [0]
	[RSP+278 ] 0x3F8000003EE2C56D (size_t) [4575657222463473005]
	[RSP+280 ] 0x300000001        (void*)
	[RSP+288 ] 0x3FEA161E3F6A161E (size_t) [4605517888108500510]
	[RSP+290 ] 0x3E83AC713E83AC71 (size_t) [4504633654680726641]
	[RSP+298 ] 0x400000003FEA161E (size_t) [4611686019499693598]
	[RSP+2A0 ] 0x0                (size_t) [0]
	[RSP+2A8 ] 0x3F6A161E         (size_t) [1063917086]
	[RSP+2B0 ] 0x0                (size_t) [0]
	[RSP+2B8 ] 0x0                (size_t) [0]
	[RSP+2C0 ] 0x1010001000001    (size_t) [282574505115649]
	[RSP+2C8 ] 0x0                (size_t) [0]
	[RSP+2D0 ] 0x7FF7D3265870     (void* -> Fallout4.exe+2275870	xor [rdi], ch |  FUN_142249a50_2275870)
	[RSP+2D8 ] 0x4071DB5DFFFF0001 (size_t) [4643733887569035265]
	[RSP+2E0 ] 0x3F23651C1424001E (size_t) [4549591219845726238]
	[RSP+2E8 ] 0x2471D018D10      (hknpDynamicCompoundShape*)
	[RSP+2F0 ] 0x0                (size_t) [0]
	[RSP+2F8 ] 0xBF6CBB50         (size_t) [3211574096]
	[RSP+300 ] 0xC3F279CBC3B6454A (size_t) [uint: 14119481697828750666 int: -4327262375880800950]
	[RSP+308 ] 0x41DC12E5         (size_t) [1104941797]
	[RSP+310 ] 0x0                (size_t) [0]
	[RSP+318 ] 0x3F80000000000000 (size_t) [4575657221408423936]
	[RSP+320 ] 0x42960000         (size_t) [1117126656]
	[RSP+328 ] 0x3DCCCCCD40800000 (size_t) [4453159313485070336]
	[RSP+330 ] 0x27FFFFFFF        (size_t) [10737418239]
	[RSP+338 ] 0x0                (size_t) [0]
	[RSP+340 ] 0x0                (size_t) [0]
	[RSP+348 ] 0x3F800000         (size_t) [1065353216]
	[RSP+350 ] 0x447A00003F860A92 (size_t) [4934256342803548818]
	[RSP+358 ] 0x3D4CCCCD41200000 (size_t) [4417130516476592128]
	[RSP+360 ] 0xBF2D522C358637BD (size_t) [uint: 13775757185026242493 int: -4670986888683309123]
	[RSP+368 ] 0x3EAE90A4         (size_t) [1051627684]
	[RSP+370 ] 0x24749E25500      (BSTriShape*)
		Name: "Eye01:0"
		RTTIName: "BSTriShape"
		Flags: e
		Checking Parent: 
			Name: "Eye01"
			RTTIName: "NiNode"
			Flags: e
			Checking Parent: 
				Name: "GoreHumanHead01"
				RTTIName: "NiNode"
				Flags: 80400e
				Checking Parent: 
					Name: "Severed Limbs"
					RTTIName: "NiNode"
					Flags: e
					Checking Parent: 
						Name: "skeleton.nif"
						RTTIName: "BSFadeNode"
						Flags: 200a30680400e
						Checking Parent: 
							RTTIName: "NiNode"
							Flags: 80002000280e
							Checking Parent: 
								RTTIName: "BSMultiBoundNode"
								Flags: 4002000280e
								Checking Parent: 
									Name: "ObjectLODRoot"
									RTTIName: "NiNode"
									Flags: 2000280e
									Checking Parent: 
										Name: "shadow scene node"
										RTTIName: "ShadowSceneNode"
										Flags: 2000280e
										Checking Parent: 
											Name: "WorldRoot Node"
											RTTIName: "SceneGraph"
											Flags: 2000280e
		Name: "Eye01:0"
	[RSP+378 ] 0x7FF7D25AA248     (void* -> Fallout4.exe+15BA248	test byte ptr [rbx+0x10], 0x01 |  BSGeometry::UpdateDownwardPass_15BA248)
	[RSP+380 ] 0xBEBB9822BDD315F0 (size_t) [uint: 13743745962832238064 int: -4702998110877313552]
	[RSP+388 ] 0x24749E25500      (BSTriShape*)
		Name: "Eye01:0"
		RTTIName: "BSTriShape"
		Flags: e
		Checking Parent: 
			Name: "Eye01"
			RTTIName: "NiNode"
			Flags: e
			Checking Parent: 
				Name: "GoreHumanHead01"
				RTTIName: "NiNode"
				Flags: 80400e
				Checking Parent: 
					Name: "Severed Limbs"
					RTTIName: "NiNode"
					Flags: e
					Checking Parent: 
						Name: "skeleton.nif"
						RTTIName: "BSFadeNode"
						Flags: 200a30680400e
						Checking Parent: 
							RTTIName: "NiNode"
							Flags: 80002000280e
							Checking Parent: 
								RTTIName: "BSMultiBoundNode"
								Flags: 4002000280e
								Checking Parent: 
									Name: "ObjectLODRoot"
									RTTIName: "NiNode"
									Flags: 2000280e
									Checking Parent: 
										Name: "shadow scene node"
										RTTIName: "ShadowSceneNode"
										Flags: 2000280e
										Checking Parent: 
											Name: "WorldRoot Node"
											RTTIName: "SceneGraph"
											Flags: 2000280e
		Name: "Eye01:0"
	[RSP+390 ] 0x0                (size_t) [0]
	[RSP+398 ] 0x0                (size_t) [0]
	[RSP+3A0 ] 0x7F7FFFFF         (size_t) [2139095039]
	[RSP+3A8 ] 0x0                (size_t) [0]
	[RSP+3B0 ] 0x0                (size_t) [0]
	[RSP+3B8 ] 0x7FF7D25943AA     (void* -> Fallout4.exe+15A43AA	test rbx, rbx |  FUN_1415a4390_15A43AA)
	[RSP+3C0 ] 0x0                (size_t) [0]
	[RSP+3C8 ] 0x0                (size_t) [0]
	[RSP+3D0 ] 0x3FC9AD26         (size_t) [1070181670]
	[RSP+3D8 ] 0x0                (size_t) [0]
	[RSP+3E0 ] 0x97CFEEF0F0       (void*)
	[RSP+3E8 ] 0x7FF7D25943BE     (void* -> Fallout4.exe+15A43BE	mov rbx, [rsp+0x30] |  FUN_1415a4390_15A43BE)
	[RSP+3F0 ] 0x2453E804A10      (SceneGraph*)
		Name: "WorldRoot Node"
		RTTIName: "SceneGraph"
		Flags: 2000280e
		Name: "WorldRoot Node"
	[RSP+3F8 ] 0x48               (size_t) [72]
	[RSP+400 ] 0x24749280190      (NiNode*)
		Name: "Eye01"
		RTTIName: "NiNode"
		Flags: e
		Checking Parent: 
			Name: "GoreHumanHead01"
			RTTIName: "NiNode"
			Flags: 80400e
			Checking Parent: 
				Name: "Severed Limbs"
				RTTIName: "NiNode"
				Flags: e
				Checking Parent: 
					Name: "skeleton.nif"
					RTTIName: "BSFadeNode"
					Flags: 200a30680400e
					Checking Parent: 
						RTTIName: "NiNode"
						Flags: 80002000280e
						Checking Parent: 
							RTTIName: "BSMultiBoundNode"
							Flags: 4002000280e
							Checking Parent: 
								Name: "ObjectLODRoot"
								RTTIName: "NiNode"
								Flags: 2000280e
								Checking Parent: 
									Name: "shadow scene node"
									RTTIName: "ShadowSceneNode"
									Flags: 2000280e
									Checking Parent: 
										Name: "WorldRoot Node"
										RTTIName: "SceneGraph"
										Flags: 2000280e
		Name: "Eye01"
	[RSP+408 ] 0x0                (size_t) [0]
	[RSP+410 ] 0x97CFEEF0F0       (void*)
	[RSP+418 ] 0x7FF7D25943BE     (void* -> Fallout4.exe+15A43BE	mov rbx, [rsp+0x30] |  FUN_1415a4390_15A43BE)
	[RSP+420 ] 0x24541A196B0      (ShadowSceneNode*)
		Name: "shadow scene node"
		RTTIName: "ShadowSceneNode"
		Flags: 2000280e
		Checking Parent: 
			Name: "WorldRoot Node"
			RTTIName: "SceneGraph"
			Flags: 2000280e
		Name: "shadow scene node"
	[RSP+428 ] 0x0                (size_t) [0]
	[RSP+430 ] 0x0                (size_t) [0]
	[RSP+438 ] 0x0                (size_t) [0]
	[RSP+440 ] 0x97CFEEF0F0       (void*)
	[RSP+448 ] 0x7FF7D25943BE     (void* -> Fallout4.exe+15A43BE	mov rbx, [rsp+0x30] |  FUN_1415a4390_15A43BE)
	[RSP+450 ] 0x2453E80F120      (NiNode*)
		Name: "ObjectLODRoot"
		RTTIName: "NiNode"
		Flags: 2000280e
		Checking Parent: 
			Name: "shadow scene node"
			RTTIName: "ShadowSceneNode"
			Flags: 2000280e
			Checking Parent: 
				Name: "WorldRoot Node"
				RTTIName: "SceneGraph"
				Flags: 2000280e
		Name: "ObjectLODRoot"
	[RSP+458 ] 0x0                (size_t) [0]
	[RSP+460 ] 0x24749E11340      (BSFadeNode*)
		Name: "skeleton.nif"
		RTTIName: "BSFadeNode"
		Flags: 200a30680400e
		Checking Parent: 
			RTTIName: "NiNode"
			Flags: 80002000280e
			Checking Parent: 
				RTTIName: "BSMultiBoundNode"
				Flags: 4002000280e
				Checking Parent: 
					Name: "ObjectLODRoot"
					RTTIName: "NiNode"
					Flags: 2000280e
					Checking Parent: 
						Name: "shadow scene node"
						RTTIName: "ShadowSceneNode"
						Flags: 2000280e
						Checking Parent: 
							Name: "WorldRoot Node"
							RTTIName: "SceneGraph"
							Flags: 2000280e
		Name: "skeleton.nif"
	[RSP+468 ] 0x7FF7D3011D64     (void* -> Fallout4.exe+2021D64	jmp 0x00007FF7D3011D86 |  FUN_142021cb0_2021D64)
	[RSP+470 ] 0x97CFEEF0F0       (void*)
	[RSP+478 ] 0x7FF7D26BEB0E     (void* -> Fallout4.exe+16CEB0E	mov rax, [rbx] |  FUN_1416ceb00_16CEB0E)
	[RSP+480 ] 0x247198997D0      (BSMultiBoundNode*)
		RTTIName: "BSMultiBoundNode"
		Flags: 4002000280e
		Checking Parent: 
			Name: "ObjectLODRoot"
			RTTIName: "NiNode"
			Flags: 2000280e
			Checking Parent: 
				Name: "shadow scene node"
				RTTIName: "ShadowSceneNode"
				Flags: 2000280e
				Checking Parent: 
					Name: "WorldRoot Node"
					RTTIName: "SceneGraph"
					Flags: 2000280e
	[RSP+488 ] 0x0                (size_t) [0]
	[RSP+490 ] 0x3FC9AD26         (size_t) [1070181670]
	[RSP+498 ] 0x0                (size_t) [0]
	[RSP+4A0 ] 0x2453909A180      (Actor*)
		Object Reference: 
		Flags: 0x00000008
		FormID: 0xFF006C58
		FormType: kNPC_ (45)
		File: "Fallout4.esm"
		Flags: 0x0047000B
		FormID: 0x0009597B
		FormType: kACHR (65)
	[RSP+4A8 ] 0x7FF7D14B5243     (void* -> Fallout4.exe+04C5243	mov rax, rbx |  TESObjectREFR::GetHandle_4C5243)
	[RSP+4B0 ] 0x97CFEEF0D8       (void*)
	[RSP+4B8 ] 0x2456A71C1A0      (void*)
	[RSP+4C0 ] 0x0                (size_t) [0]
	[RSP+4C8 ] 0x718              (size_t) [1816]
	[RSP+4D0 ] 0x1                (size_t) [1]
	[RSP+4D8 ] 0x2456A71C1A0      (void*)
	[RSP+4E0 ] 0x720              (size_t) [1824]
	[RSP+4E8 ] 0x246A2CE49B0      (void*)
	[RSP+4F0 ] 0x2453909A180      (Actor*)
		Object Reference: 
		Flags: 0x00000008
		FormID: 0xFF006C58
		FormType: kNPC_ (45)
		File: "Fallout4.esm"
		Flags: 0x0047000B
		FormID: 0x0009597B
		FormType: kACHR (65)
	[RSP+4F8 ] 0x0                (size_t) [0]
	[RSP+500 ] 0x2456A71C1A0      (void*)
	[RSP+508 ] 0x7FF7D14ABC37     (void* -> Fallout4.exe+04BBC37	cmp byte ptr [rdi+0x1A], 0x41 |  FUN_1404bba00_4BBC37)
	[RSP+510 ] 0x2469D6B1A01      (void*)
	[RSP+518 ] 0x218CAD           (size_t) [2198701]
	[RSP+520 ] 0x2453909B101      (void*)
	[RSP+528 ] 0x0                (size_t) [0]
	[RSP+530 ] 0x4A3500000000     (size_t) [81591493722112]
	[RSP+538 ] 0x0                (size_t) [0]
	[RSP+540 ] 0x2B00080000       (size_t) [184684118016]
	[RSP+548 ] 0x7FF700000000     (size_t) [140698833649664]
	[RSP+550 ] 0x0                (size_t) [0]
	[RSP+558 ] 0x9C0              (size_t) [2496]
	[RSP+560 ] 0x0                (size_t) [0]
	[RSP+568 ] 0xFFFFFFFF         (size_t) [4294967295]
	[RSP+570 ] 0x2469D6B1A00      (TESObjectCELL*)
		File: "prp.esp"
		Modified by: Fallout4.esm -> unofficial fallout 4 patch.esp -> prp.esp
		Flags: 0x0004000B
		EditorID: "HardwareTownExt02"
		FormID: 0x0000E530
		FormType: kCELL (63)
		File: "prp.esp"
		Modified by: Fallout4.esm -> unofficial fallout 4 patch.esp -> prp.esp
		Flags: 0x0004000B
		EditorID: "HardwareTownExt02"
		FormID: 0x0000E530
		FormType: kCELL (63)
	[RSP+578 ] 0x7FF7D146C07F     (void* -> Fallout4.exe+047C07F	inc ebx |  FUN_14047be60_47C07F)
	[RSP+580 ] 0x247198997D0      (BSMultiBoundNode*)
		RTTIName: "BSMultiBoundNode"
		Flags: 4002000280e
		Checking Parent: 
			Name: "ObjectLODRoot"
			RTTIName: "NiNode"
			Flags: 2000280e
			Checking Parent: 
				Name: "shadow scene node"
				RTTIName: "ShadowSceneNode"
				Flags: 2000280e
				Checking Parent: 
					Name: "WorldRoot Node"
					RTTIName: "SceneGraph"
					Flags: 2000280e
	[RSP+588 ] 0x1                (size_t) [1]
	[RSP+590 ] 0x97CFEEF1A8       (void*)
	[RSP+598 ] 0x0                (size_t) [0]
	[RSP+5A0 ] 0x7FF7D3264CE8     (void* -> Fallout4.exe+2274CE8	 |  FUN_142249a50_2274CE8)
	[RSP+5A8 ] 0x97CFEEF180       (void*)
	[RSP+5B0 ] 0x7FF7D3265110     (void* -> Fallout4.exe+2275110	and [rsi+0x7FF7D11C], cl |  FUN_142249a50_2275110)
	[RSP+5B8 ] 0x97CFEEF180       (void*)
	[RSP+5C0 ] 0x2456A71CAC0      (void*)
	[RSP+5C8 ] 0x2471AA3EF40      (void*)
	[RSP+5D0 ] 0x970000000A       (size_t) [648540061706]
	[RSP+5D8 ] 0x7FF700000002     (size_t) [140698833649666]
	[RSP+5E0 ] 0x0                (size_t) [0]
	[RSP+5E8 ] 0x97CFEEF300       (void*)
	[RSP+5F0 ] 0x2                (size_t) [2]
	[RSP+5F8 ] 0x247198997D0      (BSMultiBoundNode*)
		RTTIName: "BSMultiBoundNode"
		Flags: 4002000280e
		Checking Parent: 
			Name: "ObjectLODRoot"
			RTTIName: "NiNode"
			Flags: 2000280e
			Checking Parent: 
				Name: "shadow scene node"
				RTTIName: "ShadowSceneNode"
				Flags: 2000280e
				Checking Parent: 
					Name: "WorldRoot Node"
					RTTIName: "SceneGraph"
					Flags: 2000280e
	[RSP+600 ] 0x2469D6B1A00      (TESObjectCELL*)
		File: "prp.esp"
		Modified by: Fallout4.esm -> unofficial fallout 4 patch.esp -> prp.esp
		Flags: 0x0004000B
		EditorID: "HardwareTownExt02"
		FormID: 0x0000E530
		FormType: kCELL (63)
		File: "prp.esp"
		Modified by: Fallout4.esm -> unofficial fallout 4 patch.esp -> prp.esp
		Flags: 0x0004000B
		EditorID: "HardwareTownExt02"
		FormID: 0x0000E530
		FormType: kCELL (63)
	[RSP+608 ] 0x7FF7D146C2D8     (void* -> Fallout4.exe+047C2D8	jmp 0x00007FF7D146C452 |  FUN_14047c240_47C2D8)
	[RSP+610 ] 0x2469D6B1A00      (TESObjectCELL*)
		File: "prp.esp"
		Modified by: Fallout4.esm -> unofficial fallout 4 patch.esp -> prp.esp
		Flags: 0x0004000B
		EditorID: "HardwareTownExt02"
		FormID: 0x0000E530
		FormType: kCELL (63)
		File: "prp.esp"
		Modified by: Fallout4.esm -> unofficial fallout 4 patch.esp -> prp.esp
		Flags: 0x0004000B
		EditorID: "HardwareTownExt02"
		FormID: 0x0000E530
		FormType: kCELL (63)
	[RSP+618 ] 0x2469D6B1A00      (TESObjectCELL*)
		File: "prp.esp"
		Modified by: Fallout4.esm -> unofficial fallout 4 patch.esp -> prp.esp
		Flags: 0x0004000B
		EditorID: "HardwareTownExt02"
		FormID: 0x0000E530
		FormType: kCELL (63)
		File: "prp.esp"
		Modified by: Fallout4.esm -> unofficial fallout 4 patch.esp -> prp.esp
		Flags: 0x0004000B
		EditorID: "HardwareTownExt02"
		FormID: 0x0000E530
		FormType: kCELL (63)
	[RSP+620 ] 0x2456A71C1A0      (void*)
	[RSP+628 ] 0x9C0              (size_t) [2496]
	[RSP+630 ] 0x0                (size_t) [0]
	[RSP+638 ] 0x0                (size_t) [0]
	[RSP+640 ] 0x100080000        (size_t) [4295491584]
	[RSP+648 ] 0x0                (size_t) [0]
	[RSP+650 ] 0x24541533F90      (TESObjectCELL*)
		File: "prp.esp"
		Modified by: Fallout4.esm -> unofficial fallout 4 patch.esp -> ppf.esm -> prp.esp
		Flags: 0x0004000B
		EditorID: "FensParkviewApartments02"
		FormID: 0x000C8040
		FormType: kCELL (63)
		File: "prp.esp"
		Modified by: Fallout4.esm -> unofficial fallout 4 patch.esp -> ppf.esm -> prp.esp
		Flags: 0x0004000B
		EditorID: "FensParkviewApartments02"
		FormID: 0x000C8040
		FormType: kCELL (63)
		GetFullName: "Parkview Lounge"
	[RSP+658 ] 0x1                (size_t) [1]
	[RSP+660 ] 0x0                (size_t) [0]
	[RSP+668 ] 0x1                (size_t) [1]
	[RSP+670 ] 0x2453E850AF0      (TES*)
	[RSP+678 ] 0x7FF7D126D08A     (void* -> Fallout4.exe+027D08A	mov rcx, rbp |  FUN_14027cf10_27D08A)
	[RSP+680 ] 0x246851DCC10      (GridCellArray*)
	[RSP+688 ] 0x97CFEEF300       (void*)
	[RSP+690 ] 0x2469D6B1A00      (TESObjectCELL*)
		File: "prp.esp"
		Modified by: Fallout4.esm -> unofficial fallout 4 patch.esp -> prp.esp
		Flags: 0x0004000B
		EditorID: "HardwareTownExt02"
		FormID: 0x0000E530
		FormType: kCELL (63)
		File: "prp.esp"
		Modified by: Fallout4.esm -> unofficial fallout 4 patch.esp -> prp.esp
		Flags: 0x0004000B
		EditorID: "HardwareTownExt02"
		FormID: 0x0000E530
		FormType: kCELL (63)
	[RSP+698 ] 0x24531B83760      (PlayerCharacter*)
		Flags: 0x00440448
		FormID: 0x00000014
		FormType: kACHR (65)
		Object Reference: 
		File: "Fallout4.esm"
		Flags: 0x00040009
		FormID: 0x00000007
		FormType: kNPC_ (45)
		Flags: 0x00440448
		FormID: 0x00000014
		FormType: kACHR (65)
	[RSP+6A0 ] 0x2469D6C5040      (TESObjectCELL*)
		File: "prp.esp"
		Modified by: Fallout4.esm -> unofficial fallout 4 patch.esp -> ppf.esm -> prp.esp
		Flags: 0x0004000B
		EditorID: "FensSquare"
		FormID: 0x0000E4ED
		FormType: kCELL (63)
		File: "prp.esp"
		Modified by: Fallout4.esm -> unofficial fallout 4 patch.esp -> ppf.esm -> prp.esp
		Flags: 0x0004000B
		EditorID: "FensSquare"
		FormID: 0x0000E4ED
		FormType: kCELL (63)
	[RSP+6A8 ] 0x7FF7D126C7E6     (void* -> Fallout4.exe+027C7E6	add rsp, 0x48 |  FUN_14027c540_27C7E6)
	[RSP+6B0 ] 0x2469D6C5040      (TESObjectCELL*)
		File: "prp.esp"
		Modified by: Fallout4.esm -> unofficial fallout 4 patch.esp -> ppf.esm -> prp.esp
		Flags: 0x0004000B
		EditorID: "FensSquare"
		FormID: 0x0000E4ED
		FormType: kCELL (63)
		File: "prp.esp"
		Modified by: Fallout4.esm -> unofficial fallout 4 patch.esp -> ppf.esm -> prp.esp
		Flags: 0x0004000B
		EditorID: "FensSquare"
		FormID: 0x0000E4ED
		FormType: kCELL (63)
	[RSP+6B8 ] 0x0                (size_t) [0]
	[RSP+6C0 ] 0x97CFEEF3C0       (void*)
	[RSP+6C8 ] 0x7FF7D14B30C4     (void* -> Fallout4.exe+04C30C4	test al, al |  TESObjectREFR::SetParentCell_4C30C4)
	[RSP+6D0 ] 0x97CFEEF5D4       (void*)
	[RSP+6D8 ] 0x24531B83701      (void*)
	[RSP+6E0 ] 0x0                (size_t) [0]
	[RSP+6E8 ] 0x0                (size_t) [0]
	[RSP+6F0 ] 0x24531B83760      (PlayerCharacter*)
		Flags: 0x00440448
		FormID: 0x00000014
		FormType: kACHR (65)
		Object Reference: 
		File: "Fallout4.esm"
		Flags: 0x00040009
		FormID: 0x00000007
		FormType: kNPC_ (45)
		Flags: 0x00440448
		FormID: 0x00000014
		FormType: kACHR (65)
	[RSP+6F8 ] 0x7FF7D1CE421E     (void* -> Fallout4.exe+0CF421E	cmp byte ptr [rbp+0x140], 0x00 |  FUN_140cf3f50_CF421E)
	[RSP+700 ] 0x0                (size_t) [0]
	[RSP+708 ] 0x0                (size_t) [0]
	[RSP+710 ] 0x97CFEEF3C0       (void*)
	[RSP+718 ] 0x2469D6C5040      (TESObjectCELL*)
		File: "prp.esp"
		Modified by: Fallout4.esm -> unofficial fallout 4 patch.esp -> ppf.esm -> prp.esp
		Flags: 0x0004000B
		EditorID: "FensSquare"
		FormID: 0x0000E4ED
		FormType: kCELL (63)
		File: "prp.esp"
		Modified by: Fallout4.esm -> unofficial fallout 4 patch.esp -> ppf.esm -> prp.esp
		Flags: 0x0004000B
		EditorID: "FensSquare"
		FormID: 0x0000E4ED
		FormType: kCELL (63)
	[RSP+720 ] 0x246CB9D51F0      (voltek::memory_manager::page_t<voltek::memory_manager::block_base_t<128>,voltek::core::bits_regions>*)
	[RSP+728 ] 0x2460000188D      (size_t) [2499670972557]
	[RSP+730 ] 0x24441DCE4E8      (void*)
	[RSP+738 ] 0x30               (size_t) [48]
	[RSP+740 ] 0xC6D618EEC6A654A4 (size_t) [uint: 14327666678339884196 int: -4119077395369667420]
	[RSP+748 ] 0x452C3F63         (size_t) [1160527715]
	[RSP+750 ] 0x2456A71CB60      (char*) "8"
	[RSP+758 ] 0x30               (size_t) [48]
	[RSP+760 ] 0x2456A71CB60      (char*) "8"
	[RSP+768 ] 0x30               (size_t) [48]
	[RSP+770 ] 0x0                (size_t) [0]
	[RSP+778 ] 0x24439D574E0      (voltek::memory_manager::memory_manager*)
	[RSP+780 ] 0x97CFEEF3B0       (void*)
	[RSP+788 ] 0x7FF9830BF678     (void* -> x-cell-ng2.dll+001F678	lea r11, [rsp+0x60])
	[RSP+790 ] 0x4                (size_t) [4]
	[RSP+798 ] 0x97CFEEF380       (void*)
	[RSP+7A0 ] 0x4                (size_t) [4]
	[RSP+7A8 ] 0x246C1E89F70      (hknpPhysicsSystem*)
	[RSP+7B0 ] 0xC6D618EEC6A654A4 (size_t) [uint: 14327666678339884196 int: -4119077395369667420]
	[RSP+7B8 ] 0x3F7FFF3E4533C71D (size_t) [4575656389345789725]
	[RSP+7C0 ] 0xBB9D4A94         (size_t) [3147647636]
	[RSP+7C8 ] 0x2468D879230      (voltek::memory_manager::page_t<voltek::memory_manager::block_base_t<64>,voltek::core::bits_regions>*)
	[RSP+7D0 ] 0x62FD             (size_t) [25341]
	[RSP+7D8 ] 0x7FF7D12D4A21     (void* -> Fallout4.exe+02E4A21	mov eax, [rbx+0x10] |  FUN_1402e49d0_2E4A21)
	[RSP+7E0 ] 0x24439D57510      (voltek::core::_internal::simple_lock*)
	[RSP+7E8 ] 0x7FF7D1B57B2E     (void* -> Fallout4.exe+0B67B2E	mov r12d, [rsp+0x60] |  FUN_140b67b00_B67B2E)
	[RSP+7F0 ] 0x2456A71CB60      (char*) "8"
	[RSP+7F8 ] 0x24531B83760      (PlayerCharacter*)
		Flags: 0x00440448
		FormID: 0x00000014
		FormType: kACHR (65)
		Object Reference: 
		File: "Fallout4.esm"
		Flags: 0x00040009
		FormID: 0x00000007
		FormType: kNPC_ (45)
		Flags: 0x00440448
		FormID: 0x00000014
		FormType: kACHR (65)
	[RSP+800 ] 0x246C1E89F78      (void*)
	[RSP+808 ] 0x7FF7D1279903     (void* -> Fallout4.exe+0289903	mov esi, eax |  BSSpinLock::Lock_289903)
	[RSP+810 ] 0x7FF7D3265110     (void* -> Fallout4.exe+2275110	and [rsi+0x7FF7D11C], cl |  FUN_142249a50_2275110)
	[RSP+818 ] 0x7FF7D252EE83     (void* -> Fallout4.exe+153EE83	mov esi, eax |  BSReadWriteLock::LockForWrite_153EE83)
	[RSP+820 ] 0x80000000         (size_t) [2147483648]
	[RSP+828 ] 0x225B4F           (size_t) [2251599]
	[RSP+830 ] 0x2456A71CB60      (char*) "8"
	[RSP+838 ] 0x2                (size_t) [2]
	[RSP+840 ] 0x80000000         (size_t) [2147483648]
	[RSP+848 ] 0x7FF7D1B57756     (void* -> Fallout4.exe+0B67756	mov rbx, [rsp+0x80] |  FUN_140b67660_B67756)
	[RSP+850 ] 0x245042CCF1A      (size_t) [2495446044442]
	[RSP+858 ] 0x2452B2E1980      (void*)
	[RSP+860 ] 0x2452B2E1950      (void*)
	[RSP+868 ] 0x24531B83760      (PlayerCharacter*)
		Flags: 0x00440448
		FormID: 0x00000014
		FormType: kACHR (65)
		Object Reference: 
		File: "Fallout4.esm"
		Flags: 0x00040009
		FormID: 0x00000007
		FormType: kNPC_ (45)
		Flags: 0x00440448
		FormID: 0x00000014
		FormType: kACHR (65)
	[RSP+870 ] 0x80000000         (size_t) [2147483648]
	[RSP+878 ] 0x7FF7D143A098     (void* -> Fallout4.exe+044A098	xor r12d, r12d |  FUN_14044a050_44A098)
	[RSP+880 ] 0xFFFFFFFA         (size_t) [4294967290]
	[RSP+888 ] 0x24531B83760      (PlayerCharacter*)
		Flags: 0x00440448
		FormID: 0x00000014
		FormType: kACHR (65)
		Object Reference: 
		File: "Fallout4.esm"
		Flags: 0x00040009
		FormID: 0x00000007
		FormType: kNPC_ (45)
		Flags: 0x00440448
		FormID: 0x00000014
		FormType: kACHR (65)
	[RSP+890 ] 0x0                (size_t) [0]
	[RSP+898 ] 0x0                (size_t) [0]
	[RSP+8A0 ] 0x0                (size_t) [0]
	[RSP+8A8 ] 0x0                (size_t) [0]
	[RSP+8B0 ] 0x0                (size_t) [0]
	[RSP+8B8 ] 0x0                (size_t) [0]
	[RSP+8C0 ] 0x0                (size_t) [0]
	[RSP+8C8 ] 0x0                (size_t) [0]
	[RSP+8D0 ] 0x80000000         (size_t) [2147483648]
	[RSP+8D8 ] 0xFFFFFFFF         (size_t) [4294967295]
	[RSP+8E0 ] 0x24531B83760      (PlayerCharacter*)
		Flags: 0x00440448
		FormID: 0x00000014
		FormType: kACHR (65)
		Object Reference: 
		File: "Fallout4.esm"
		Flags: 0x00040009
		FormID: 0x00000007
		FormType: kNPC_ (45)
		Flags: 0x00440448
		FormID: 0x00000014
		FormType: kACHR (65)
	[RSP+8E8 ] 0x0                (size_t) [0]
	[RSP+8F0 ] 0x97CFEEF5C8       (void*)
	[RSP+8F8 ] 0x2469D6C5040      (TESObjectCELL*)
		File: "prp.esp"
		Modified by: Fallout4.esm -> unofficial fallout 4 patch.esp -> ppf.esm -> prp.esp
		Flags: 0x0004000B
		EditorID: "FensSquare"
		FormID: 0x0000E4ED
		FormType: kCELL (63)
		File: "prp.esp"
		Modified by: Fallout4.esm -> unofficial fallout 4 patch.esp -> ppf.esm -> prp.esp
		Flags: 0x0004000B
		EditorID: "FensSquare"
		FormID: 0x0000E4ED
		FormType: kCELL (63)
	[RSP+900 ] 0x0                (size_t) [0]
	[RSP+908 ] 0x0                (size_t) [0]
	[RSP+910 ] 0x24541AF7140      (TESWorldSpace*)
		File: "prp.esp"
		Modified by: Fallout4.esm -> DLCRobot.esm -> DLCCoast.esm -> DLCworkshop03.esm -> DLCNukaWorld.esm -> ccBGSFO4044-HellfirePowerArmor.esl -> ccBGSFO4115-X02.esl -> ccBGSFO4046-TesCan.esl -> ccSBJFO4003-Grenade.esl -> ccOTMFO4001-Remnants.esl -> unofficial fallout 4 patch.esp -> community fixes merged.esp -> ppf.esm -> prp.esp
		Flags: 0x0000000B
		EditorID: "Commonwealth"
		FormID: 0x0000003C
		FormType: kWRLD (74)
		GetFullName: "Commonwealth"
	[RSP+918 ] 0x7FF7D1CE4C0C     (void* -> Fallout4.exe+0CF4C0C	mov rdi, [rsp+0x50] |  FUN_140cf4920_CF4C0C)
	[RSP+920 ] 0x24695540000      (void*)
	[RSP+928 ] 0x0                (size_t) [0]
	[RSP+930 ] 0x24541AF7140      (TESWorldSpace*)
		File: "prp.esp"
		Modified by: Fallout4.esm -> DLCRobot.esm -> DLCCoast.esm -> DLCworkshop03.esm -> DLCNukaWorld.esm -> ccBGSFO4044-HellfirePowerArmor.esl -> ccBGSFO4115-X02.esl -> ccBGSFO4046-TesCan.esl -> ccSBJFO4003-Grenade.esl -> ccOTMFO4001-Remnants.esl -> unofficial fallout 4 patch.esp -> community fixes merged.esp -> ppf.esm -> prp.esp
		Flags: 0x0000000B
		EditorID: "Commonwealth"
		FormID: 0x0000003C
		FormType: kWRLD (74)
		GetFullName: "Commonwealth"
	[RSP+938 ] 0x97CFEEF5C8       (void*)
	[RSP+940 ] 0x0                (size_t) [0]
	[RSP+948 ] 0x0                (size_t) [0]
	[RSP+950 ] 0x86A78B7A         (size_t) [2259127162]
	[RSP+958 ] 0x0                (size_t) [0]
	[RSP+960 ] 0xFFFFFFFF         (size_t) [4294967295]
	[RSP+968 ] 0x0                (size_t) [0]
	[RSP+970 ] 0x24531B83CD8      (void*)
	[RSP+978 ] 0x0                (size_t) [0]
	[RSP+980 ] 0x24531B83760      (PlayerCharacter*)
		Flags: 0x00440448
		FormID: 0x00000014
		FormType: kACHR (65)
		Object Reference: 
		File: "Fallout4.esm"
		Flags: 0x00040009
		FormID: 0x00000007
		FormType: kNPC_ (45)
		Flags: 0x00440448
		FormID: 0x00000014
		FormType: kACHR (65)
	[RSP+988 ] 0x7FF7D4161500     (void* -> Fallout4.exe+3171500	add [rax], al |  FUN_14229e738_3171500)
	[RSP+990 ] 0x97CFEEF660       (void*)
	[RSP+998 ] 0x7FF7D1CC0EF3     (void* -> Fallout4.exe+0CD0EF3	mov rcx, [rsp+0x50] |  FUN_140cd0310_CD0EF3)
	[RSP+9A0 ] 0x0                (size_t) [0]
	[RSP+9A8 ] 0x97CFEEF660       (void*)
	[RSP+9B0 ] 0x97CFEEF5D4       (void*)
	[RSP+9B8 ] 0x1                (size_t) [1]
	[RSP+9C0 ] 0x0                (size_t) [0]
	[RSP+9C8 ] 0x3F7AE14800000000 (size_t) [4574216070902054912]
	[RSP+9D0 ] 0x3E503371BC230001 (size_t) [4490145392069115905]
	[RSP+9D8 ] 0x246955400B0      (BGSLocation*)
		File: "Fallout4.esm"
		Flags: 0x00000009
		FormID: 0x001F578F
		FormType: kLCTN (107)
		GetFullName: "Parkview Lounge"
	[RSP+9E0 ] 0x3F559C47BF0E312A (size_t) [4563725629371855146]
	[RSP+9E8 ] 0xC453AA5CBE42F7F1 (size_t) [uint: 14146838169806632945 int: -4299905903902918671]
	[RSP+9F0 ] 0x24541AF7140      (TESWorldSpace*)
		File: "prp.esp"
		Modified by: Fallout4.esm -> DLCRobot.esm -> DLCCoast.esm -> DLCworkshop03.esm -> DLCNukaWorld.esm -> ccBGSFO4044-HellfirePowerArmor.esl -> ccBGSFO4115-X02.esl -> ccBGSFO4046-TesCan.esl -> ccSBJFO4003-Grenade.esl -> ccOTMFO4001-Remnants.esl -> unofficial fallout 4 patch.esp -> community fixes merged.esp -> ppf.esm -> prp.esp
		Flags: 0x0000000B
		EditorID: "Commonwealth"
		FormID: 0x0000003C
		FormType: kWRLD (74)
		GetFullName: "Commonwealth"
	[RSP+9F8 ] 0x0                (size_t) [0]
	[RSP+A00 ] 0x0                (size_t) [0]
	[RSP+A08 ] 0xC6D618EEC6A654A4 (size_t) [uint: 14327666678339884196 int: -4119077395369667420]
	[RSP+A10 ] 0x452B9F63         (size_t) [1160486755]
	[RSP+A18 ] 0x3FC9AD2680000000 (size_t) [4596395275576147968]
	[RSP+A20 ] 0x0                (size_t) [0]
	[RSP+A28 ] 0x7FF7D14076E0     (void* -> Fallout4.exe+04176E0	mov [rsp+0x10], rbx |  FUN_1404176e0_4176E0)
	[RSP+A30 ] 0x2453F5781A0      (TESObjectREFR*)
		Object Reference: 
		File: "Fallout4.esm"
		Flags: 0x00000009
		FormID: 0x000C9717
		FormType: kDOOR (32)
		File: "Fallout4.esm"
		Flags: 0x00000409
		FormID: 0x000C952E
		FormType: kREFR (64)
	[RSP+A38 ] 0x0                (size_t) [0]
	[RSP+A40 ] 0x10000000000      (size_t) [1099511627776]
	[RSP+A48 ] 0x300000001        (void*)
	[RSP+A50 ] 0xBE17F7B7B4800000 (size_t) [uint: 13697689160050016256 int: -4749054913659535360]
	[RSP+A58 ] 0x420BB40E3F7D2A49 (size_t) [4759095404534770249]
	[RSP+A60 ] 0x3F7D2A4A00000000 (size_t) [4574859293794238464]
	[RSP+A68 ] 0x405854083E17F7B7 (size_t) [4636548210756155319]
	[RSP+A70 ] 0xB5100000BF7FFFFF (size_t) [uint: 13046928123705163775 int: -5399815950004387841]
	[RSP+A78 ] 0x39637928B4800000 (size_t) [4135282098590187520]
	[RSP+A80 ] 0x0                (size_t) [0]
	[RSP+A88 ] 0x3F80000000000000 (size_t) [4575657221408423936]
	[RSP+A90 ] 0x0                (size_t) [0]
	[RSP+A98 ] 0x0                (size_t) [0]
	[RSP+AA0 ] 0x0                (size_t) [0]
	[RSP+AA8 ] 0x7FF700000000     (size_t) [140698833649664]
	[RSP+AB0 ] 0x24400000000      (void*)
	[RSP+AB8 ] 0x0                (size_t) [0]
	[RSP+AC0 ] 0x7FF7D3265110     (void* -> Fallout4.exe+2275110	and [rsi+0x7FF7D11C], cl |  FUN_142249a50_2275110)
	[RSP+AC8 ] 0x97CFEEF658       (void*)
	[RSP+AD0 ] 0x0                (size_t) [0]
	[RSP+AD8 ] 0x0                (size_t) [0]
	[RSP+AE0 ] 0x0                (size_t) [0]
	[RSP+AE8 ] 0x0                (size_t) [0]
	[RSP+AF0 ] 0x0                (size_t) [0]
	[RSP+AF8 ] 0x0                (size_t) [0]
	[RSP+B00 ] 0x0                (size_t) [0]
	[RSP+B08 ] 0x0                (size_t) [0]
	[RSP+B10 ] 0x0                (size_t) [0]
	[RSP+B18 ] 0x0                (size_t) [0]
	[RSP+B20 ] 0x0                (size_t) [0]
	[RSP+B28 ] 0x0                (size_t) [0]
	[RSP+B30 ] 0x2453D46AB18      (void*)
	[RSP+B38 ] 0x24547546188      (void*)
	[RSP+B40 ] 0x24547546C38      (void*)
	[RSP+B48 ] 0x244E24742C0      (void*)
	[RSP+B50 ] 0x2456A71CB60      (char*) "8"
	[RSP+B58 ] 0x1E               (size_t) [30]
	[RSP+B60 ] 0x7FF7D4C96BD8     (void* -> Fallout4.exe+3CA6BD8	 |  FUN_14229e738_3CA6BD8)
	[RSP+B68 ] 0x7FF7D309585B     (void* -> Fallout4.exe+20A585B	cmp eax, 0xFFFFFFFF |  FUN_1420a5800_20A585B)
	[RSP+B70 ] 0x24718045A40      (BSSubIndexTriShape*)
		Name: "Raider02BodyF:0"
		RTTIName: "BSSubIndexTriShape"
		Flags: e
		Checking Parent: 
			Name: " (000304B3)[1]/ (00019568)"
			RTTIName: "NiNode"
			Flags: e
			Checking Parent: 
				Name: "skeleton.nif"
				RTTIName: "BSFadeNode"
				Flags: a34480400e
				Checking Parent: 
					RTTIName: "BSMultiBoundRoom"
					Flags: 80002000080e
					Checking Parent: 
						RTTIName: "NiNode"
						Flags: 2000280e
						Checking Parent: 
							RTTIName: "BSMultiBoundNode"
							Flags: 2000280e
		Name: "Raider02BodyF:0"
	[RSP+B78 ] 0x7FF7D30B5F4F     (void* -> Fallout4.exe+20C5F4F	cmp byte ptr [rbx+0x3D], 0x00 |  FUN_1420c5ed0_20C5F4F)
	[RSP+B80 ] 0x24500000039      (size_t) [2495375999033]
	[RSP+B88 ] 0x39               (size_t) [57]
	[RSP+B90 ] 0x7FF7D3265908     (void* -> Fallout4.exe+2275908	shl byte ptr [rcx], 0x01 |  FUN_142249a50_2275908)
	[RSP+B98 ] 0x7FF7D4C96BD8     (void* -> Fallout4.exe+3CA6BD8	 |  FUN_14229e738_3CA6BD8)
	[RSP+BA0 ] 0x244E24742C0      (void*)
	[RSP+BA8 ] 0x7FF7D30B4246     (void* -> Fallout4.exe+20C4246	jmp 0x00007FF7D30B42CC |  FUN_1420c3cd0_20C4246)
	[RSP+BB0 ] 0x1E               (size_t) [30]
	[RSP+BB8 ] 0x24547546100      (void*)
	[RSP+BC0 ] 0x24547546100      (void*)
	[RSP+BC8 ] 0x244E24742C0      (void*)
	[RSP+BD0 ] 0x2454754613C      (void*)
	[RSP+BD8 ] 0x40C33DE66C       (size_t) [278153520748]
	[RSP+BE0 ] 0x444EF1E9C2BEB674 (size_t) [4922137429059483252]
	[RSP+BE8 ] 0x247C2898A38      (size_t) [2507229727288]
	[RSP+BF0 ] 0x7FF7D3265908     (void* -> Fallout4.exe+2275908	shl byte ptr [rcx], 0x01 |  FUN_142249a50_2275908)
	[RSP+BF8 ] 0x7FF7D4CA5940     (void* -> Fallout4.exe+3CB5940	adc [rcx+0x0F], dh |  FUN_14229e738_3CB5940)
	[RSP+C00 ] 0x0                (size_t) [0]
	[RSP+C08 ] 0x0                (size_t) [0]
	[RSP+C10 ] 0x0                (size_t) [0]
	[RSP+C18 ] 0x0                (size_t) [0]
	[RSP+C20 ] 0x0                (size_t) [0]
	[RSP+C28 ] 0x2459CC6A498      (void*)
	[RSP+C30 ] 0x2456A71C1A0      (void*)
	[RSP+C38 ] 0x24667A25D58      (void*)
	[RSP+C40 ] 0x7FF7D4C96BD8     (void* -> Fallout4.exe+3CA6BD8	 |  FUN_14229e738_3CA6BD8)
	[RSP+C48 ] 0x1564             (size_t) [5476]
	[RSP+C50 ] 0x2453D46AA50      (void*)
	[RSP+C58 ] 0xFFFFFFFF         (size_t) [4294967295]
	[RSP+C60 ] 0x0                (size_t) [0]
	[RSP+C68 ] 0x7FF7D30680E0     (void* -> Fallout4.exe+20780E0	mov rbx, [rbx+0x38] |  FUN_142078000_20780E0)
	[RSP+C70 ] 0x0                (size_t) [0]
	[RSP+C78 ] 0x0                (size_t) [0]
	[RSP+C80 ] 0x0                (size_t) [0]
	[RSP+C88 ] 0x0                (size_t) [0]
	[RSP+C90 ] 0x0                (size_t) [0]
	[RSP+C98 ] 0x0                (size_t) [0]
	[RSP+CA0 ] 0x0                (size_t) [0]
	[RSP+CA8 ] 0x0                (size_t) [0]
	[RSP+CB0 ] 0x7FF7D4161504     (void* -> Fallout4.exe+3171504	add [rax], al |  FUN_14229e738_3171504)
	[RSP+CB8 ] 0x7FF7D4161500     (void* -> Fallout4.exe+3171500	add [rax], al |  FUN_14229e738_3171500)
	[RSP+CC0 ] 0x244E2033E10      (void*)
	[RSP+CC8 ] 0x1                (size_t) [1]
	[RSP+CD0 ] 0x7FF7D4161508     (void* -> Fallout4.exe+3171508	add [rax], al |  FUN_14229e738_3171508)
	[RSP+CD8 ] 0x97CE6FF7F0       (void*)
	[RSP+CE0 ] 0x97CFEEF900       (void*)
	[RSP+CE8 ] 0x7FF7D1BA52D5     (void* -> Fallout4.exe+0BB52D5	mov [rbx], al |  PositionPlayerJob::JobFn_BB52D5)
	[RSP+CF0 ] 0x0                (size_t) [0]
	[RSP+CF8 ] 0x0                (size_t) [0]
	[RSP+D00 ] 0x0                (size_t) [0]
	[RSP+D08 ] 0x7FF7D4C96B00     (void* -> Fallout4.exe+3CA6B00	add [rax], al |  FUN_14229e738_3CA6B00)
	[RSP+D10 ] 0x7FF7D4163FA0     (void* -> Fallout4.exe+3173FA0	adc [rsi], bh |  FUN_14229e738_3173FA0)
	[RSP+D18 ] 0x7FF7D255EBFA     (void* -> Fallout4.exe+156EBFA	mov rax, [rdi+0x18] |  FUN_14156eb30_156EBFA)
	[RSP+D20 ] 0x7FF7D4163FA0     (void* -> Fallout4.exe+3173FA0	adc [rsi], bh |  FUN_14229e738_3173FA0)
	[RSP+D28 ] 0x7FF7D4163FA0     (void* -> Fallout4.exe+3173FA0	adc [rsi], bh |  FUN_14229e738_3173FA0)
	[RSP+D30 ] 0x97CFEEF900       (void*)
	[RSP+D38 ] 0x7FF9BF92081D     (void* -> KERNELBASE.dll+00B081D	nop [rax+rax*1], eax)
	[RSP+D40 ] 0x0                (size_t) [0]
	[RSP+D48 ] 0x7FF7D4163F30     (BSJobs::JobThread*)
	[RSP+D50 ] 0x1                (size_t) [1]
	[RSP+D58 ] 0x7FF7D4163FA0     (void* -> Fallout4.exe+3173FA0	adc [rsi], bh |  FUN_14229e738_3173FA0)
	[RSP+D60 ] 0x7FF7D4177D00     (void* -> Fallout4.exe+3187D00	mov al, 0xBF |  FUN_14229e738_3187D00)
	[RSP+D68 ] 0x7FF7D255F10B     (void* -> Fallout4.exe+156F10B	mov [rbp+0x04], eax |  FUN_14156ee60_156F10B)
	[RSP+D70 ] 0x97CFEEF980       (void*)
	[RSP+D78 ] 0x1                (size_t) [1]
	[RSP+D80 ] 0x0                (size_t) [0]
	[RSP+D88 ] 0x1                (size_t) [1]
	[RSP+D90 ] 0x7FF98315D270     (void* -> x-cell-ng2.dll+00BD270	loopne 0x00007FF98315D2C7)
	[RSP+D98 ] 0x24439D57510      (voltek::core::_internal::simple_lock*)
	[RSP+DA0 ] 0x4A353328E9A9     (size_t) [81592352041385]
	[RSP+DA8 ] 0x7FF9BF9F3315     (void* -> KERNELBASE.dll+0183315	nop [rax+rax*1], eax)
	[RSP+DB0 ] 0x1                (size_t) [1]
	[RSP+DB8 ] 0xA8               (size_t) [168]
	[RSP+DC0 ] 0x200000001        (size_t) [8589934593]
	[RSP+DC8 ] 0x7FF7D4163FA0     (void* -> Fallout4.exe+3173FA0	adc [rsi], bh |  FUN_14229e738_3173FA0)
	[RSP+DD0 ] 0x2452E771900      (void*)
	[RSP+DD8 ] 0x7FF9BF8BC89F     (void* -> KERNELBASE.dll+004C89F	nop [rax+rax*1], eax)
	[RSP+DE0 ] 0x1                (size_t) [1]
	[RSP+DE8 ] 0x2454091BA60      (void*)
	[RSP+DF0 ] 0x100000011        (size_t) [4294967313]
	[RSP+DF8 ] 0x268EC            (size_t) [157932]
	[RSP+E00 ] 0x24500000000      (size_t) [2495375998976]
	[RSP+E08 ] 0x0                (size_t) [0]
	[RSP+E10 ] 0x48               (size_t) [72]
	[RSP+E18 ] 0x1                (size_t) [1]
	[RSP+E20 ] 0x0                (size_t) [0]
	[RSP+E28 ] 0x0                (size_t) [0]
	[RSP+E30 ] 0x0                (size_t) [0]
	[RSP+E38 ] 0x0                (size_t) [0]
	[RSP+E40 ] 0x0                (size_t) [0]
	[RSP+E48 ] 0x0                (size_t) [0]
	[RSP+E50 ] 0x0                (size_t) [0]
	[RSP+E58 ] 0x0                (size_t) [0]
	[RSP+E60 ] 0x0                (size_t) [0]
	[RSP+E68 ] 0x0                (size_t) [0]
	[RSP+E70 ] 0x0                (size_t) [0]
	[RSP+E78 ] 0x7FF7D255D619     (void* -> Fallout4.exe+156D619	movzx eax, byte ptr [rbx+0xA74] |  FUN_14156d5b0_156D619)
	[RSP+E80 ] 0x7FF7D4163F30     (BSJobs::JobThread*)
	[RSP+E88 ] 0x0                (size_t) [0]
	[RSP+E90 ] 0x0                (size_t) [0]
	[RSP+E98 ] 0x3AC              (size_t) [940]
	[RSP+EA0 ] 0x7FF7D4163F30     (BSJobs::JobThread*)
	[RSP+EA8 ] 0x7FF7D253ADED     (void* -> Fallout4.exe+154ADED	mov rcx, [0x00007FF7D40DF620] |  FUN_14154adb0_154ADED)
	[RSP+EB0 ] 0x4A88             (size_t) [19080]
	[RSP+EB8 ] 0x0                (size_t) [0]
	[RSP+EC0 ] 0x0                (size_t) [0]
	[RSP+EC8 ] 0x0                (size_t) [0]
	[RSP+ED0 ] 0x7FF7D4163F30     (BSJobs::JobThread*)
	[RSP+ED8 ] 0x0                (size_t) [0]
	[RSP+EE0 ] 0x0                (size_t) [0]
	[RSP+EE8 ] 0x7FF9C005E8D7     (void* -> KERNEL32.DLL+002E8D7	mov ecx, eax)
	[RSP+EF0 ] 0x0                (size_t) [0]
	[RSP+EF8 ] 0x0                (size_t) [0]
	[RSP+F00 ] 0x0                (size_t) [0]
	[RSP+F08 ] 0x0                (size_t) [0]
	[RSP+F10 ] 0x0                (size_t) [0]
	[RSP+F18 ] 0x7FF9C217FBCC     (void* -> ntdll.dll+00DFBCC	jmp 0x00007FF9C217FBF6)
	[RSP+F20 ] 0x0                (size_t) [0]
	[RSP+F28 ] 0x0                (size_t) [0]
	[RSP+F30 ] 0x4F0FFFFFB30      (size_t) [5433133628208]
	[RSP+F38 ] 0x4D0FFFFFB30      (size_t) [5295694674736]
	[RSP+F40 ] 0x21               (size_t) [33]
	[RSP+F48 ] 0x7FF9BF98D2E0     (void* -> KERNELBASE.dll+011D2E0	mov [rsp+0x10], rbx)
	[RSP+F50 ] 0x97CFEEDC80       (void*)
	[RSP+F58 ] 0x97CFEEDC80       (void*)
	[RSP+F60 ] 0x0                (size_t) [0]
	[RSP+F68 ] 0x0                (size_t) [0]
	[RSP+F70 ] 0x0                (size_t) [0]
	[RSP+F78 ] 0x0                (size_t) [0]
	[RSP+F80 ] 0x0                (size_t) [0]
	[RSP+F88 ] 0x0                (size_t) [0]
	[RSP+F90 ] 0x0                (size_t) [0]
	[RSP+F98 ] 0x0                (size_t) [0]
	[RSP+FA0 ] 0x0                (size_t) [0]
	[RSP+FA8 ] 0x0                (size_t) [0]
	[RSP+FB0 ] 0x0                (size_t) [0]
	[RSP+FB8 ] 0x0                (size_t) [0]
	[RSP+FC0 ] 0x0                (size_t) [0]
	[RSP+FC8 ] 0x0                (size_t) [0]
	[RSP+FD0 ] 0x0                (size_t) [0]
	[RSP+FD8 ] 0x0                (size_t) [0]
	[RSP+FE0 ] 0x0                (size_t) [0]
	[RSP+FE8 ] 0x0                (size_t) [0]
	[RSP+FF0 ] 0x0                (size_t) [0]
	[RSP+FF8 ] 0x0                (size_t) [0]
	[RSP+1000] 0x0                (size_t) [0]
	[RSP+1008] 0x0                (size_t) [0]
	[RSP+1010] 0x0                (size_t) [0]
	[RSP+1018] 0x0                (size_t) [0]
	[RSP+1020] 0x0                (size_t) [0]
	[RSP+1028] 0x0                (size_t) [0]
	[RSP+1030] 0x0                (size_t) [0]
	[RSP+1038] 0x0                (size_t) [0]
	[RSP+1040] 0x0                (size_t) [0]
	[RSP+1048] 0x0                (size_t) [0]
	[RSP+1050] 0x0                (size_t) [0]
	[RSP+1058] 0x0                (size_t) [0]
	[RSP+1060] 0x0                (size_t) [0]
	[RSP+1068] 0x0                (size_t) [0]
	[RSP+1070] 0x0                (size_t) [0]
	[RSP+1078] 0x0                (size_t) [0]
	[RSP+1080] 0x0                (size_t) [0]
	[RSP+1088] 0x0                (size_t) [0]
	[RSP+1090] 0x0                (size_t) [0]
	[RSP+1098] 0x0                (size_t) [0]
	[RSP+10A0] 0x0                (size_t) [0]
	[RSP+10A8] 0x0                (size_t) [0]
	[RSP+10B0] 0x0                (size_t) [0]
	[RSP+10B8] 0x0                (size_t) [0]
	[RSP+10C0] 0x0                (size_t) [0]
	[RSP+10C8] 0x0                (size_t) [0]
	[RSP+10D0] 0x0                (size_t) [0]
	[RSP+10D8] 0x0                (size_t) [0]
	[RSP+10E0] 0x0                (size_t) [0]
	[RSP+10E8] 0x0                (size_t) [0]
	[RSP+10F0] 0x0                (size_t) [0]
	[RSP+10F8] 0x0                (size_t) [0]
	[RSP+1100] 0x0                (size_t) [0]
	[RSP+1108] 0x0                (size_t) [0]
	[RSP+1110] 0x0                (size_t) [0]
	[RSP+1118] 0x0                (size_t) [0]
	[RSP+1120] 0x0                (size_t) [0]
	[RSP+1128] 0x0                (size_t) [0]
	[RSP+1130] 0x0                (size_t) [0]
	[RSP+1138] 0x0                (size_t) [0]
	[RSP+1140] 0x0                (size_t) [0]
	[RSP+1148] 0x0                (size_t) [0]
	[RSP+1150] 0x0                (size_t) [0]
	[RSP+1158] 0x0                (size_t) [0]
	[RSP+1160] 0x0                (size_t) [0]
	[RSP+1168] 0x0                (size_t) [0]
	[RSP+1170] 0x0                (size_t) [0]
	[RSP+1178] 0x0                (size_t) [0]
	[RSP+1180] 0x0                (size_t) [0]
	[RSP+1188] 0x0                (size_t) [0]
	[RSP+1190] 0x0                (size_t) [0]
	[RSP+1198] 0x0                (size_t) [0]
	[RSP+11A0] 0x0                (size_t) [0]
	[RSP+11A8] 0x0                (size_t) [0]
	[RSP+11B0] 0x0                (size_t) [0]
	[RSP+11B8] 0x0                (size_t) [0]
	[RSP+11C0] 0x0                (size_t) [0]
	[RSP+11C8] 0x0                (size_t) [0]
	[RSP+11D0] 0x0                (size_t) [0]
	[RSP+11D8] 0x0                (size_t) [0]
	[RSP+11E0] 0x0                (size_t) [0]
	[RSP+11E8] 0x0                (size_t) [0]
	[RSP+11F0] 0x0                (size_t) [0]
	[RSP+11F8] 0x0                (size_t) [0]
	[RSP+1200] 0x0                (size_t) [0]
	[RSP+1208] 0x0                (size_t) [0]
	[RSP+1210] 0x0                (size_t) [0]
	[RSP+1218] 0x0                (size_t) [0]
	[RSP+1220] 0x0                (size_t) [0]
	[RSP+1228] 0x0                (size_t) [0]
	[RSP+1230] 0x0                (size_t) [0]
	[RSP+1238] 0x0                (size_t) [0]
	[RSP+1240] 0x0                (size_t) [0]
	[RSP+1248] 0x0                (size_t) [0]
	[RSP+1250] 0x0                (size_t) [0]
	[RSP+1258] 0x0                (size_t) [0]
	[RSP+1260] 0x0                (size_t) [0]
	[RSP+1268] 0x0                (size_t) [0]
	[RSP+1270] 0x0                (size_t) [0]
	[RSP+1278] 0x0                (size_t) [0]
	[RSP+1280] 0x0                (size_t) [0]
	[RSP+1288] 0x0                (size_t) [0]
	[RSP+1290] 0x0                (size_t) [0]
	[RSP+1298] 0x0                (size_t) [0]
	[RSP+12A0] 0x0                (size_t) [0]
	[RSP+12A8] 0x0                (size_t) [0]
	[RSP+12B0] 0x0                (size_t) [0]
	[RSP+12B8] 0x0                (size_t) [0]
	[RSP+12C0] 0x0                (size_t) [0]
	[RSP+12C8] 0x0                (size_t) [0]
	[RSP+12D0] 0x0                (size_t) [0]
	[RSP+12D8] 0x0                (size_t) [0]
	[RSP+12E0] 0x0                (size_t) [0]
	[RSP+12E8] 0x0                (size_t) [0]
	[RSP+12F0] 0x0                (size_t) [0]
	[RSP+12F8] 0x0                (size_t) [0]
	[RSP+1300] 0x0                (size_t) [0]
	[RSP+1308] 0x0                (size_t) [0]
	[RSP+1310] 0x0                (size_t) [0]
	[RSP+1318] 0x0                (size_t) [0]
	[RSP+1320] 0x0                (size_t) [0]
	[RSP+1328] 0x0                (size_t) [0]
	[RSP+1330] 0x0                (size_t) [0]
	[RSP+1338] 0x0                (size_t) [0]
	[RSP+1340] 0x0                (size_t) [0]
	[RSP+1348] 0x0                (size_t) [0]
	[RSP+1350] 0x0                (size_t) [0]
	[RSP+1358] 0x0                (size_t) [0]
	[RSP+1360] 0x0                (size_t) [0]
	[RSP+1368] 0x0                (size_t) [0]
	[RSP+1370] 0x0                (size_t) [0]
	[RSP+1378] 0x0                (size_t) [0]
	[RSP+1380] 0x0                (size_t) [0]
	[RSP+1388] 0x0                (size_t) [0]
	[RSP+1390] 0x0                (size_t) [0]
	[RSP+1398] 0x0                (size_t) [0]
	[RSP+13A0] 0x0                (size_t) [0]
	[RSP+13A8] 0x0                (size_t) [0]
	[RSP+13B0] 0x0                (size_t) [0]
	[RSP+13B8] 0x0                (size_t) [0]
	[RSP+13C0] 0x0                (size_t) [0]
	[RSP+13C8] 0x0                (size_t) [0]
	[RSP+13D0] 0x0                (size_t) [0]
	[RSP+13D8] 0x0                (size_t) [0]
	[RSP+13E0] 0x0                (size_t) [0]
	[RSP+13E8] 0x0                (size_t) [0]
	[RSP+13F0] 0x0                (size_t) [0]
	[RSP+13F8] 0x0                (size_t) [0]
	[RSP+1400] 0x0                (size_t) [0]
	[RSP+1408] 0x0                (size_t) [0]
	[RSP+1410] 0x0                (size_t) [0]
	[RSP+1418] 0x0                (size_t) [0]
	[RSP+1420] 0x0                (size_t) [0]
	[RSP+1428] 0x0                (size_t) [0]
	[RSP+1430] 0x0                (size_t) [0]
	[RSP+1438] 0x0                (size_t) [0]

MODULES:
	XINPUT1_3.dll                                 0x000000400000
	X3DAudio1_7.dll                               0x0000533C0000
	wintrust.dll                                  0x02457F350000
	Fallout4.exe                                  0x7FF7D0FF0000
	nvcuda64.dll                                  0x7FF92F610000
	nvppex.dll                                    0x7FF948750000
	ResampleDmo.DLL                               0x7FF9488B0000
	DSOUND.DLL                                    0x7FF94BB50000
	PhysXDevice64.dll                             0x7FF96D4C0000
	nvcuda.dll                                    0x7FF96D580000
	nvdxgdmal64.dll                               0x7FF97EEB0000
	XAudio2_7.dll                                 0x7FF97F380000
	steamclient64.dll                             0x7FF980D00000
	WINHTTP.dll                                   0x7FF9823C0000
	flexRelease_x64.dll                           0x7FF982840000
	gameoverlayrenderer64.dll                     0x7FF982990000
	x-cell-ng2.dll                                0x7FF9830A0000
	HighFPSPhysicsFix.dll                         0x7FF9831A0000
	Buffout4.dll                                  0x7FF9832F0000
	MagicSystemFixes.dll                          0x7FF986170000
	winmmbase.dll                                 0x7FF986A60000
	f4se_1_10_984.dll                             0x7FF98E410000
	VoltekLib.Detours.dll                         0x7FF98E6E0000
	MSVCR110.dll                                  0x7FF98EF70000
	MSVCP110.dll                                  0x7FF98F0D0000
	GFSDK_SSAO_D3D11.win64.dll                    0x7FF98FA40000
	cudart64_75.dll                               0x7FF98FC90000
	GFSDK_GodraysLib.x64.dll                      0x7FF990A10000
	nvspcap64.dll                                 0x7FF992A30000
	AUDIOSES.DLL                                  0x7FF9959D0000
	tier0_s64.dll                                 0x7FF9994F0000
	flexExtRelease_x64.dll                        0x7FF999750000
	bink2w64.dll                                  0x7FF9997B0000
	WeaponDebrisCrashFix.dll                      0x7FF99C360000
	vstdlib_s64.dll                               0x7FF99C3B0000
	SprintStutteringFix.dll                       0x7FF99DC00000
	steam_api64.dll                               0x7FF99EFB0000
	FacialExpressionAndEyeTrackingEngineFixes.dll 0x7FF99F2F0000
	encounter_zone_recalculation.dll              0x7FF99F370000
	VoltekLib.RelocationDatabase.dll              0x7FF99F680000
	gdiplus.dll                                   0x7FF99FB90000
	VoltekLib.MemoryManager.dll                   0x7FF99FD70000
	Windows.UI.dll                                0x7FF9A1AD0000
	MSIMG32.dll                                   0x7FF9A2670000
	COMCTL32.dll                                  0x7FF9A2E50000
	ncryptsslp.dll                                0x7FF9A3130000
	VCOMP140.DLL                                  0x7FF9A32E0000
	VoltekLib.UnicodeConverter.dll                0x7FF9A3390000
	webio.dll                                     0x7FF9A3D50000
	NvMessageBus.dll                              0x7FF9A4AB0000
	CONCRT140.dll                                 0x7FF9A59B0000
	AmmoRemover.dll                               0x7FF9A5AA0000
	nvapi64.dll                                   0x7FF9A8A70000
	VCRUNTIME140_1.dll                            0x7FF9A9EB0000
	MSVCP140.dll                                  0x7FF9A9EC0000
	VCRUNTIME140.dll                              0x7FF9A9F50000
	msdmo.dll                                     0x7FF9AC320000
	MSVCP140_ATOMIC_WAIT.dll                      0x7FF9ACF70000
	WINMM.dll                                     0x7FF9AD110000
	textinputframework.dll                        0x7FF9AD150000
	nvwgf2umx.dll                                 0x7FF9AD430000
	nvgpucomp64.dll                               0x7FF9B39E0000
	MMDevApi.dll                                  0x7FF9B6760000
	drvstore.dll                                  0x7FF9B7050000
	cryptnet.dll                                  0x7FF9B73B0000
	VERSION.dll                                   0x7FF9B7410000
	nvldumdx.dll                                  0x7FF9B7420000
	rasadhlp.dll                                  0x7FF9B74F0000
	CoreUIComponents.dll                          0x7FF9B7D70000
	avrt.dll                                      0x7FF9B8380000
	wintypes.dll                                  0x7FF9B8520000
	fwpuclnt.dll                                  0x7FF9B88B0000
	nvToolsExt64_1.dll                            0x7FF9B95E0000
	WINHTTP.DLL                                   0x7FF9B95F0000
	Microsoft.Internal.WarpPal.dll                0x7FF9BA260000
	d3d11.dll                                     0x7FF9BA4F0000
	dcomp.dll                                     0x7FF9BAD90000
	CoreMessaging.dll                             0x7FF9BB440000
	Secur32.dll                                   0x7FF9BBB50000
	apphelp.dll                                   0x7FF9BBB60000
	UxTheme.dll                                   0x7FF9BC270000
	WINNSI.DLL                                    0x7FF9BC380000
	directxdatabasehelper.dll                     0x7FF9BC3E0000
	dxcore.dll                                    0x7FF9BC440000
	dxgi.dll                                      0x7FF9BC490000
	dwmapi.dll                                    0x7FF9BC5E0000
	resourcepolicyclient.dll                      0x7FF9BC870000
	dbghelp.dll                                   0x7FF9BCD30000
	windows.storage.dll                           0x7FF9BD160000
	IPHLPAPI.DLL                                  0x7FF9BDC90000
	DNSAPI.dll                                    0x7FF9BDCD0000
	schannel.DLL                                  0x7FF9BE0B0000
	rsaenh.dll                                    0x7FF9BE1D0000
	kernel.appcore.dll                            0x7FF9BE270000
	ntmarta.dll                                   0x7FF9BE390000
	SSPICLI.DLL                                   0x7FF9BE510000
	MSWSOCK.dll                                   0x7FF9BE750000
	CRYPTBASE.DLL                                 0x7FF9BE980000
	wldp.dll                                      0x7FF9BEA20000
	CRYPTSP.dll                                   0x7FF9BEB00000
	msasn1.dll                                    0x7FF9BEB60000
	NTASN1.dll                                    0x7FF9BEC00000
	ncrypt.dll                                    0x7FF9BEC50000
	bcrypt.dll                                    0x7FF9BEC90000
	devobj.dll                                    0x7FF9BEFC0000
	CFGMGR32.dll                                  0x7FF9BEFF0000
	DPAPI.DLL                                     0x7FF9BF060000
	UMPDC.dll                                     0x7FF9BF230000
	powrprof.dll                                  0x7FF9BF300000
	profapi.dll                                   0x7FF9BF380000
	gdi32full.dll                                 0x7FF9BF470000
	bcryptPrimitives.dll                          0x7FF9BF630000
	msvcp_win.dll                                 0x7FF9BF6D0000
	win32u.dll                                    0x7FF9BF840000
	KERNELBASE.dll                                0x7FF9BF870000
	CRYPT32.dll                                   0x7FF9BFC30000
	ucrtbase.dll                                  0x7FF9BFDB0000
	PSAPI.DLL                                     0x7FF9BFF00000
	KERNEL32.DLL                                  0x7FF9C0030000
	shcore.dll                                    0x7FF9C0100000
	SETUPAPI.dll                                  0x7FF9C01E0000
	msvcrt.dll                                    0x7FF9C0670000
	SHELL32.dll                                   0x7FF9C08F0000
	COMDLG32.dll                                  0x7FF9C1080000
	ole32.dll                                     0x7FF9C1170000
	WS2_32.dll                                    0x7FF9C1310000
	RPCRT4.dll                                    0x7FF9C1390000
	IMM32.DLL                                     0x7FF9C14B0000
	NSI.dll                                       0x7FF9C14F0000
	combase.dll                                   0x7FF9C1550000
	MSCTF.dll                                     0x7FF9C18E0000
	OLEAUT32.dll                                  0x7FF9C1A40000
	clbcatq.dll                                   0x7FF9C1B20000
	GDI32.dll                                     0x7FF9C1C40000
	SHLWAPI.dll                                   0x7FF9C1C70000
	USER32.dll                                    0x7FF9C1CD0000
	imagehlp.dll                                  0x7FF9C1EA0000
	sechost.dll                                   0x7FF9C1ED0000
	ADVAPI32.dll                                  0x7FF9C1FA0000
	ntdll.dll                                     0x7FF9C20A0000

F4SE PLUGINS:
	AmmoRemover.dll v1.2.2
	Buffout4.dll v1.36
	encounter_zone_recalculation.dll
	FacialExpressionAndEyeTrackingEngineFixes.dll v1.2
	HighFPSPhysicsFix.dll v0.8.11
	MagicSystemFixes.dll v1
	SprintStutteringFix.dll v1.3
	WeaponDebrisCrashFix.dll v1.3
	x-cell-ng2.dll v1.6

PLUGINS:
	[00]Fallout4.esm
	[01]DLCRobot.esm
	[02]DLCworkshop01.esm
	[03]DLCCoast.esm
	[04]DLCworkshop02.esm
	[05]DLCworkshop03.esm
	[06]DLCNukaWorld.esm
	[FE]ccBGSFO4044-HellfirePowerArmor.esl
	[FE]ccBGSFO4115-X02.esl
	[FE]ccBGSFO4116-HeavyFlamer.esl
	[FE]ccBGSFO4110-WS_Enclave.esl
	[FE]ccBGSFO4096-AS_Enclave.esl
	[FE]ccFSVFO4007-Halloween.esl
	[FE]ccBGSFO4046-TesCan.esl
	[FE]ccSBJFO4003-Grenade.esl
	[FE]ccOTMFO4001-Remnants.esl
	[07]unofficial fallout 4 patch.esp
	[FE]community fixes merged.esp
	[FE]ppf.esm
	[FE]skins.esm
	[FE]armor balancing project.esm
	[FE]inspired legendary effects.esm
	[FE]inspired perk selection.esm
	[FE]inspired clothing articles.esm
	[FE]reasonable economy changes.esm
	[FE]weapon balancing project.esm
	[FE]consumable balancing project.esm
	[FE]prp.esp
