Fallout 4 v1.10.163
Buffout 4 v1.28.6

Unhandled exception "EXCEPTION_ACCESS_VIOLATION" at 0x7FF661CFACD2 Fallout4.exe+03BACD2

	[Compatibility]
		F4EE: false
	[Crashlog]
		AutoOpen: true
		PromptUpload: true
	[Fixes]
		ActorIsHostileToActor: true
		CellInit: true
		CreateD3DAndSwapChain: true
		EncounterZoneReset: true
		GreyMovies: true
		MagicEffectApplyEvent: true
		MovementPlanner: true
		PackageAllocateLocation: true
		SafeExit: true
		TESObjectREFRGetEncounterZone: true
		UnalignedLoad: true
		UtilityShader: true
	[Patches]
		Achievements: true
		ArchiveLimit: false
		BSMTAManager: true
		BSPreCulledObjects: true
		BSTextureStreamerLocalHeap: false
		HavokMemorySystem: true
		INISettingCollection: true
		InputSwitch: false
		MaxStdIO: -1
		MemoryManager: true
		MemoryManagerDebug: false
		ScaleformAllocator: true
		SmallBlockAllocator: true
		WorkshopMenu: true
	[Warnings]
		CreateTexture2D: true
		ImageSpaceAdapter: true

SYSTEM SPECS:
	OS: Microsoft Windows 10 Home v10.0.19045
	CPU: GenuineIntel 12th Gen Intel(R) Core(TM) i5-12400
	GPU #1: AMD Navi 23 [Radeon0RX066500XT0/06700S0/06800S]
	GPU #2: Intel Alder Lake-S GT1 [UHD0Graphics0730]
	GPU #3: Microsoft Basic Render Driver
	PHYSICAL MEMORY: 25.85 GB/31.78 GB

PROBABLE CALL STACK:
	[00] 0x7FF661CFACD2 Fallout4.exe+03BACD2 -> 209268+0xA2
	[01] 0x7FF6620BCC1F Fallout4.exe+077CC1F -> 756105+0xBF
	[02] 0x7FF6620BF182 Fallout4.exe+077F182 -> 647590+0x82
	[03] 0x7FF6620BE275 Fallout4.exe+077E275 -> 214903+0x65
	[04] 0x7FF6620BCB37 Fallout4.exe+077CB37 -> 783565+0x217
	[05] 0x7FF6620AAC65 Fallout4.exe+076AC65 -> 1112543+0x105
	[06] 0x7FF6620AAD35 Fallout4.exe+076AD35 -> 128013+0x65
	[07] 0x7FF662605769 Fallout4.exe+0CC5769 -> 190041+0x69
	[08] 0x7FF6626059F8 Fallout4.exe+0CC59F8 -> 348584+0x198
	[09] 0x7FF66260A45C Fallout4.exe+0CCA45C -> 27550+0x7C
	[10] 0x7FF662605823 Fallout4.exe+0CC5823 -> 1412526+0x83
	[11] 0x7FF66261324F Fallout4.exe+0CD324F -> 1204275+0x4F
	[12] 0x7FF6628248B4 Fallout4.exe+0EE48B4 -> 65255+0x1C4
	[13] 0x7FF6627E031D Fallout4.exe+0EA031D -> 151816+0xDD
	[14] 0x7FF661D1FB02 Fallout4.exe+03DFB02 -> 128520+0x1E2
	[15] 0x7FF6627FC9DA Fallout4.exe+0EBC9DA -> 1123858+0x31A
	[16] 0x7FF6627DB7CB Fallout4.exe+0E9B7CB -> 146861+0xB6B
	[17] 0x7FF662680D85 Fallout4.exe+0D40D85 -> 222694+0x15
	[18] 0x7FF663490F26 Fallout4.exe+1B50F26 -> 329005+0xC6
	[19] 0x7FF663491432 Fallout4.exe+1B51432 -> 194800+0x202
	[20] 0x7FF663493F67 Fallout4.exe+1B53F67 -> 1492866+0x67
	[21] 0x7FF66345CFED Fallout4.exe+1B1CFED -> 1079791+0x3D
	[22] 0x7FFEC1AD7344 KERNEL32.DLL+0017344
	[23] 0x7FFEC33426B1    ntdll.dll+00526B1

REGISTERS:
	RAX 0x0                (size_t)
	RCX 0x0                (size_t)
	RDX 0x29804906CC8      (void*)
	RBX 0x29691987F00      (void*)
	RSP 0xF5082FE910       (void*)
	RBP 0x2977CEEE840      (TESObjectREFR*)
		Object Reference: None
		File: "T6M-WORedux.esp"
		Flags: 0x00000008
		Form ID: 0x00073274
		Form Type: 64
	RSI 0x9C0              (size_t)
	RDI 0x4A               (size_t)
	R8  0x0                (size_t)
	R9  0xF5082FE9D0       (void*)
	R10 0x29786CAAB00      (void*)
	R11 0x29752616B00      (TESWorldSpace*)
		File: "Z_Architect_HomePlate.esp"
		Flags: 0x0000000B
		Form ID: 0x0000003C
		Form Type: 74
		Full Name: "Commonwealth"
	R12 0x29804906CC8      (void*)
	R13 0xF5082FE9D0       (void*)
	R14 0x67D              (size_t)
	R15 0x2975DCA0A00      (TESObjectCELL*)
		File: "T6M-WORedux.esp"
		Flags: 0x00040009
		Form ID: 0x000320A2
		Form Type: 63
		Full Name: "Super Duper Mart"

STACK:
	[RSP+0000] 0x29691987F00      (void*)
	[RSP+8000] 0xF5082FEA39       (void*)
	[RSP+1000] 0x9C0              (size_t)
	[RSP+1800] 0x0                (size_t)
	[RSP+2000] 0x48F42400         (size_t)
	[RSP+2800] 0x0                (size_t)
	[RSP+3000] 0xF5082FEBC0       (TeleportDoorSearch*)
	[RSP+3800] 0x9C0              (size_t)
	[RSP+4000] 0xF5082FECF8       (void*)
	[RSP+4800] 0x29804906CA0      (void*)
	[RSP+5000] 0xF5082FEBC0       (TeleportDoorSearch*)
	[RSP+5800] 0x0                (size_t)
	[RSP+6000] 0x0                (size_t)
	[RSP+6800] 0x7FF6620BCC1F     (void* -> Fallout4.exe+077CC1F)
	[RSP+7000] 0xF5082FEA39       (void*)
	[RSP+7800] 0xF5082FEA39       (void*)
	[RSP+8000] 0x0                (size_t)
	[RSP+8800] 0x29691987F00      (void*)
	[RSP+9000] 0x29752616B00      (TESWorldSpace*)
		File: "Z_Architect_HomePlate.esp"
		Flags: 0x0000000B
		Form ID: 0x0000003C
		Form Type: 74
		Full Name: "Commonwealth"
	[RSP+9800] 0x29786CA3C40      (void*)
	[RSP+A000] 0x29786CA3C40      (void*)
	[RSP+A800] 0x29786CA3C40      (void*)
	[RSP+B000] 0x29804906CC8      (void*)
	[RSP+B800] 0xF5082FEB20       (void*)
	[RSP+C000] 0x29691988820      (ScrapHeap*)
	[RSP+C800] 0x0                (size_t)
	[RSP+D000] 0xF5082FE9D8       (void*)
	[RSP+D800] 0x0                (size_t)
	[RSP+E000] 0x0                (size_t)
	[RSP+E800] 0x0                (size_t)
	[RSP+F000] 0x0                (size_t)
	[RSP+F800] 0xF500000000       (size_t)
	[RSP+1000] 0x2975D537DC0      (void*)
	[RSP+1080] 0xF5082FEA50       (void*)
	[RSP+1100] 0x0                (size_t)
	[RSP+1180] 0x0                (size_t)
	[RSP+1200] 0x0                (size_t)
	[RSP+1280] 0x0                (size_t)
	[RSP+1300] 0x48F42400         (size_t)
	[RSP+1380] 0x0                (size_t)
	[RSP+1400] 0xF5082FEBD0       (void*)
	[RSP+1480] 0xF5082FECF8       (void*)
	[RSP+1500] 0x9C0              (size_t)
	[RSP+1580] 0xF5082FEBC0       (TeleportDoorSearch*)
	[RSP+1600] 0x0                (size_t)
	[RSP+1680] 0xF5082FED00       (void*)
	[RSP+1700] 0xF5082FEDF0       (void*)
	[RSP+1780] 0xF5082FEBC0       (TeleportDoorSearch*)
	[RSP+1800] 0xF5082FEDF0       (void*)
	[RSP+1880] 0x7FF6620BF182     (void* -> Fallout4.exe+077F182)
	[RSP+1900] 0x29804908BE8      (void*)
	[RSP+1980] 0x29804906CA0      (void*)
	[RSP+1A00] 0xF5082FECF8       (void*)
	[RSP+1A80] 0x29786CA3C50      (void*)
	[RSP+1B00] 0x48F42400         (size_t)
	[RSP+1B80] 0x0                (size_t)
	[RSP+1C00] 0x52616B00         (size_t)
	[RSP+1C80] 0x1                (size_t)
	[RSP+1D00] 0xF5082FEE08       (void*)
	[RSP+1D80] 0x7FF6620BE275     (void* -> Fallout4.exe+077E275)
	[RSP+1E00] 0xF5082FEBC0       (TeleportDoorSearch*)
	[RSP+1E80] 0xF5082FEDF0       (void*)
	[RSP+1F00] 0xF5082FED18       (void*)
	[RSP+1F80] 0xF5082FED18       (void*)
	[RSP+2000] 0xF5082FEEC0       (void*)
	[RSP+2080] 0x7FF6620BCB37     (void* -> Fallout4.exe+077CB37)
	[RSP+2100] 0xF5082FEBC0       (TeleportDoorSearch*)
	[RSP+2180] 0x7FF66458A948     (void* -> Fallout4.exe+2C4A948)
	[RSP+2200] 0xF5082FEE90       (void*)
	[RSP+2280] 0x7FF663451042     (void* -> Fallout4.exe+1B11042)
	[RSP+2300] 0xF53F800000       (size_t)
	[RSP+2380] 0xF5082FEE90       (void*)
	[RSP+2400] 0xFFFFFFFF         (size_t)
	[RSP+2480] 0xF5082FEDF0       (void*)
	[RSP+2500] 0xF5082FEE90       (void*)
	[RSP+2580] 0x7FF6620AAC65     (void* -> Fallout4.exe+076AC65)
	[RSP+2600] 0xF5082FEEC0       (void*)
	[RSP+2680] 0x29691987F00      (void*)
	[RSP+2700] 0x2F               (size_t)
	[RSP+2780] 0x0                (size_t)
	[RSP+2800] 0x0                (size_t)
	[RSP+2880] 0x48F42400         (size_t)
	[RSP+2900] 0x0                (size_t)
	[RSP+2980] 0x3                (size_t)
	[RSP+2A00] 0x7FF66458A948     (void* -> Fallout4.exe+2C4A948)
	[RSP+2A80] 0xF5082FEE08       (void*)
	[RSP+2B00] 0x7FF664640050     (void* -> Fallout4.exe+2D00050)
	[RSP+2B80] 0x29800000000      (void*)
	[RSP+2C00] 0x298049044C0      (void*)
	[RSP+2C80] 0x2980490F4C0      (void*)
	[RSP+2D00] 0x298049044C0      (void*)
	[RSP+2D80] 0x0                (size_t)
	[RSP+2E00] 0x29804909ED0      (void*)
	[RSP+2E80] 0x298049044C0      (void*)
	[RSP+2F00] 0x106              (size_t)
	[RSP+2F80] 0x7FF6636BF7E3     (void* -> Fallout4.exe+1D7F7E3)
	[RSP+3000] 0x1A400000106      (size_t)
	[RSP+3080] 0x29786CA9600      (void*)
	[RSP+3100] 0x0                (size_t)
	[RSP+3180] 0x7FF6BF800000     (size_t)
	[RSP+3200] 0x0                (size_t)
	[RSP+3280] 0x0                (size_t)
	[RSP+3300] 0x0                (size_t)
	[RSP+3380] 0x0                (size_t)
	[RSP+3400] 0x0                (size_t)
	[RSP+3480] 0x0                (size_t)
	[RSP+3500] 0x0                (size_t)
	[RSP+3580] 0x0                (size_t)
	[RSP+3600] 0x0                (size_t)
	[RSP+3680] 0x0                (size_t)
	[RSP+3700] 0x0                (size_t)
	[RSP+3780] 0x0                (size_t)
	[RSP+3800] 0x0                (size_t)
	[RSP+3880] 0x0                (size_t)
	[RSP+3900] 0x0                (size_t)
	[RSP+3980] 0x0                (size_t)
	[RSP+3A00] 0x0                (size_t)
	[RSP+3A80] 0x0                (size_t)
	[RSP+3B00] 0x0                (size_t)
	[RSP+3B80] 0x29804906E58      (void*)
	[RSP+3C00] 0x298049044C0      (void*)
	[RSP+3C80] 0x29804906CA0      (void*)
	[RSP+3D00] 0x298049044C0      (void*)
	[RSP+3D80] 0x0                (size_t)
	[RSP+3E00] 0x0                (size_t)
	[RSP+3E80] 0x7FFE00000200     (size_t)
	[RSP+3F00] 0x29786C4AB00      (void*)
	[RSP+3F80] 0x7FF600000000     (size_t)
	[RSP+4000] 0x7FFE42AC8C00     (void* -> Buffout4.dll+0318C00)
	[RSP+4080] 0x7FFE427FC201     (void* -> Buffout4.dll+004C201)
	[RSP+4100] 0x29752616B00      (TESWorldSpace*)
		File: "Z_Architect_HomePlate.esp"
		Flags: 0x0000000B
		Form ID: 0x0000003C
		Form Type: 74
		Full Name: "Commonwealth"
	[RSP+4180] 0x0                (size_t)
	[RSP+4200] 0xC7A3DE7946616EE1 (size_t)
	[RSP+4280] 0x7FF644939AED     (size_t)
	[RSP+4300] 0x0                (size_t)
	[RSP+4380] 0x29682C9C420      (void*)
	[RSP+4400] 0x29814EAAAE0      (PathingCell*)
	[RSP+4480] 0xFFFF             (size_t)
	[RSP+4500] 0xA3600            (size_t)
	[RSP+4580] 0x0                (size_t)
	[RSP+4600] 0x2975D39F300      (TESObjectCELL*)
		File: "T6M-WORedux.esp"
		Flags: 0x0004008B
		Form ID: 0x000A36EA
		Form Type: 63
		Full Name: "Root Cellar"
	[RSP+4680] 0x48F4240000000000 (size_t)
	[RSP+4700] 0x0                (size_t)
	[RSP+4780] 0x7FF600000003     (size_t)
	[RSP+4800] 0x0                (size_t)
	[RSP+4880] 0x29786CA3D88      (void*)
	[RSP+4900] 0xF5082FF010       (char*) "Y>!"
	[RSP+4980] 0x7FF6620AAD35     (void* -> Fallout4.exe+076AD35)
	[RSP+4A00] 0xF5082FEE90       (void*)
	[RSP+4A80] 0xF5082FEF79       (void*)
	[RSP+4B00] 0x7FF6673F3500     (Pathing*)
	[RSP+4B80] 0xF5082FEEC0       (void*)
	[RSP+4C00] 0x29700000000      (void*)
	[RSP+4C80] 0x29748F42400      (void*)
	[RSP+4D00] 0x0                (size_t)
	[RSP+4D80] 0x7FF600000003     (size_t)
	[RSP+4E00] 0x29815062000      (void*)
	[RSP+4E80] 0x7FF60000000A     (size_t)
	[RSP+4F00] 0xF500000000       (size_t)
	[RSP+4F80] 0x29815062200      (void*)
	[RSP+5000] 0xF50000000A       (size_t)
	[RSP+5080] 0x29700000000      (void*)
	[RSP+5100] 0xC7A3DE7946616EE1 (size_t)
	[RSP+5180] 0xC34F2AD744939AED (size_t)
	[RSP+5200] 0xBFD188484379BF9D (size_t)
	[RSP+5280] 0xF5082FEF00       (void*)
	[RSP+5300] 0x48F42400         (size_t)
	[RSP+5380] 0x0                (size_t)
	[RSP+5400] 0x29786CA3D80      (void*)
	[RSP+5480] 0x7FF662605769     (void* -> Fallout4.exe+0CC5769)
	[RSP+5500] 0x2975F7A47C0      (TESObjectREFR*)
		Object Reference: 
			File: "Fallout4.esm"
			Flags: 0x00000009
			Form ID: 0x0001D2F9
			Form Type: 32
		File: "Fallout4.esm"
		Flags: 0x00000409
		Form ID: 0x000A3701
		Form Type: 64
	[RSP+5580] 0x29786CA3D80      (void*)
	[RSP+5600] 0x29764443730      (void*)
	[RSP+5680] 0x0                (size_t)
	[RSP+5700] 0x0                (size_t)
	[RSP+5780] 0x3                (size_t)
	[RSP+5800] 0x4379BF9DC34F2AD7 (size_t)
	[RSP+5880] 0x7FF6BFD18848     (size_t)
	[RSP+5900] 0x2975D06F4C0      (char*) "C7
"
	[RSP+5980] 0x0                (size_t)
	[RSP+5A00] 0x29814EAAFC0      (PathingCell*)
	[RSP+5A80] 0x1FFFF            (size_t)
	[RSP+5B00] 0xC7A3DE7946616EE1 (size_t)
	[RSP+5B80] 0x7FF644939AED     (size_t)
	[RSP+5C00] 0x0                (size_t)
	[RSP+5C80] 0x29682C9C420      (void*)
	[RSP+5D00] 0x29814EAAAE0      (PathingCell*)
	[RSP+5D80] 0xFFFF             (size_t)
	[RSP+5E00] 0x42B80000         (size_t)
	[RSP+5E80] 0x0                (size_t)
	[RSP+5F00] 0x297673A1E40      (TESObjectREFR*)
		Object Reference: 
			File: "Fallout4.esm"
			Flags: 0x00000009
			Form ID: 0x0001FA5A
			Form Type: 27
		File: "DLCworkshop03.esm"
		Flags: 0x00400C09
		Form ID: 0x05004FBD
		Form Type: 64
	[RSP+5F80] 0x7FF6626059F8     (void* -> Fallout4.exe+0CC59F8)
	[RSP+6000] 0xA36EA            (size_t)
	[RSP+6080] 0x297673A1E40      (TESObjectREFR*)
		Object Reference: 
			File: "Fallout4.esm"
			Flags: 0x00000009
			Form ID: 0x0001FA5A
			Form Type: 27
		File: "DLCworkshop03.esm"
		Flags: 0x00400C09
		Form ID: 0x05004FBD
		Form Type: 64
	[RSP+6100] 0xF5082FEF79       (void*)
	[RSP+6180] 0xF5082FF080       (void*)
	[RSP+6200] 0xF5082FF030       (void*)
	[RSP+6280] 0x1                (size_t)
	[RSP+6300] 0x2975F7A47C0      (TESObjectREFR*)
		Object Reference: 
			File: "Fallout4.esm"
			Flags: 0x00000009
			Form ID: 0x0001D2F9
			Form Type: 32
		File: "Fallout4.esm"
		Flags: 0x00000409
		Form ID: 0x000A3701
		Form Type: 64
	[RSP+6380] 0x297673A1E40      (TESObjectREFR*)
		Object Reference: 
			File: "Fallout4.esm"
			Flags: 0x00000009
			Form ID: 0x0001FA5A
			Form Type: 27
		File: "DLCworkshop03.esm"
		Flags: 0x00400C09
		Form ID: 0x05004FBD
		Form Type: 64
	[RSP+6400] 0x4743500042B80000 (size_t)
	[RSP+6480] 0x48F42400         (size_t)
	[RSP+6500] 0x7FF6673AD8C0     (void* -> Fallout4.exe+5A6D8C0)
	[RSP+6580] 0x7FF6776622CF     (size_t)
	[RSP+6600] 0x213E59           (size_t)
	[RSP+6680] 0x297673A1E40      (TESObjectREFR*)
		Object Reference: 
			File: "Fallout4.esm"
			Flags: 0x00000009
			Form ID: 0x0001FA5A
			Form Type: 27
		File: "DLCworkshop03.esm"
		Flags: 0x00400C09
		Form ID: 0x05004FBD
		Form Type: 64
	[RSP+6700] 0xF5082FF030       (void*)
	[RSP+6780] 0x7FF661D0D555     (void* -> Fallout4.exe+03CD555)
	[RSP+6800] 0x29786CA3D80      (void*)
	[RSP+6880] 0x29786CA3D80      (void*)
	[RSP+6900] 0x404552E7         (size_t)
	[RSP+6980] 0x0                (size_t)
	[RSP+6A00] 0xF5082FF16C       (void*)
	[RSP+6A80] 0x0                (size_t)
	[RSP+6B00] 0x297DBC3A300      (void*)
	[RSP+6B80] 0x297DBC39E98      (char*) "Y>!"
	[RSP+6C00] 0xF5082FF080       (void*)
	[RSP+6C80] 0x7FF66260A45C     (void* -> Fallout4.exe+0CCA45C)
	[RSP+6D00] 0x297DBC3A300      (void*)
	[RSP+6D80] 0x296919888C0      (char*) "d"
	[RSP+6E00] 0xA36EA            (size_t)
	[RSP+6E80] 0x0                (size_t)
	[RSP+6F00] 0x296919888C0      (char*) "d"
	[RSP+6F80] 0x7FF662605823     (void* -> Fallout4.exe+0CC5823)
	[RSP+7000] 0x29700213E59      (void*)
	[RSP+7080] 0x2975D39F300      (TESObjectCELL*)
		File: "T6M-WORedux.esp"
		Flags: 0x0004008B
		Form ID: 0x000A36EA
		Form Type: 63
		Full Name: "Root Cellar"
	[RSP+7100] 0x0                (size_t)
	[RSP+7180] 0x297892E67A8      (void*)
	[RSP+7200] 0x29691988820      (ScrapHeap*)
	[RSP+7280] 0x29786CA3D80      (void*)
	[RSP+7300] 0x29786CA3E80      (void*)
	[RSP+7380] 0x29786CA3D80      (void*)
	[RSP+7400] 0x0                (size_t)
	[RSP+7480] 0x29786CA3D88      (void*)
	[RSP+7500] 0x29786CA3D80      (void*)
	[RSP+7580] 0x7FF600000001     (size_t)
	[RSP+7600] 0x67               (size_t)
	[RSP+7680] 0x7FF66261324F     (void* -> Fallout4.exe+0CD324F)
	[RSP+7700] 0xF5082FF030       (void*)
	[RSP+7780] 0x63CBD0F4         (size_t)
	[RSP+7800] 0x297892E67A8      (void*)
	[RSP+7880] 0x2975D39F300      (TESObjectCELL*)
		File: "T6M-WORedux.esp"
		Flags: 0x0004008B
		Form ID: 0x000A36EA
		Form Type: 63
		Full Name: "Root Cellar"
	[RSP+7900] 0x29753FC9588      (void*)
	[RSP+7980] 0x7FF6628248B4     (void* -> Fallout4.exe+0EE48B4)
	[RSP+7A00] 0x297892E6798      (void*)
	[RSP+7A80] 0x297892E6790      (void*)
	[RSP+7B00] 0x0                (size_t)
	[RSP+7B80] 0x297892E67A8      (void*)
	[RSP+7C00] 0x0                (size_t)
	[RSP+7C80] 0x0                (size_t)
	[RSP+7D00] 0x0                (size_t)
	[RSP+7D80] 0x0                (size_t)
	[RSP+7E00] 0x0                (size_t)
	[RSP+7E80] 0x1                (size_t)
	[RSP+7F00] 0x29745032430      (void*)
	[RSP+7F80] 0x29745032380      (`anonymous namespace'::PathManagerServer*)
	[RSP+8000] 0x0                (size_t)
	[RSP+8080] 0x0                (size_t)
	[RSP+8100] 0x29753FC90C0      (PlayerCharacter*)
		Object Reference: 
			File: "NanakochanReplacer_AllDLCs_All.esp"
			Flags: 0x00040009
			Form ID: 0x00000007
			Form Type: 45
		File: ""
		Flags: 0x00400448
		Form ID: 0x00000014
		Form Type: 65
	[RSP+8180] 0x29691987F00      (void*)
	[RSP+8200] 0x2975D39F300      (TESObjectCELL*)
		File: "T6M-WORedux.esp"
		Flags: 0x0004008B
		Form ID: 0x000A36EA
		Form Type: 63
		Full Name: "Root Cellar"
	[RSP+8280] 0x7FF6627E031D     (void* -> Fallout4.exe+0EA031D)
	[RSP+8300] 0x0                (size_t)
	[RSP+8380] 0xF5082FF16C       (void*)
	[RSP+8400] 0x297892E6798      (void*)
	[RSP+8480] 0xC                (size_t)
	[RSP+8500] 0x7FF6673F3240     (void* -> Fallout4.exe+5AB3240)
	[RSP+8580] 0x200000919888C0   (size_t)
	[RSP+8600] 0xA36EA            (size_t)
	[RSP+8680] 0x7FF661D25399     (void* -> Fallout4.exe+03E5399)
	[RSP+8700] 0x4FD              (size_t)
	[RSP+8780] 0x7FF661D04733     (void* -> Fallout4.exe+03C4733)
	[RSP+8800] 0x29753FC90C0      (PlayerCharacter*)
		Object Reference: 
			File: "NanakochanReplacer_AllDLCs_All.esp"
			Flags: 0x00040009
			Form ID: 0x00000007
			Form Type: 45
		File: ""
		Flags: 0x00400448
		Form ID: 0x00000014
		Form Type: 65
	[RSP+8880] 0x2975D39F300      (TESObjectCELL*)
		File: "T6M-WORedux.esp"
		Flags: 0x0004008B
		Form ID: 0x000A36EA
		Form Type: 63
		Full Name: "Root Cellar"
	[RSP+8900] 0x0                (size_t)
	[RSP+8980] 0xF5082FF350       (void*)
	[RSP+8A00] 0x2                (size_t)
	[RSP+8A80] 0x7FF661D1FB02     (void* -> Fallout4.exe+03DFB02)
	[RSP+8B00] 0x2                (size_t)
	[RSP+8B80] 0xF500200000       (size_t)
	[RSP+8C00] 0xF5082FF564       (void*)
	[RSP+8C80] 0xF5082FF564       (void*)
	[RSP+8D00] 0x29752830E00      (void*)
	[RSP+8D80] 0x7FF66278927E     (void* -> Fallout4.exe+0E4927E)
	[RSP+8E00] 0x29700000000      (void*)
	[RSP+8E80] 0x0                (size_t)
	[RSP+8F00] 0x296919888C0      (char*) "d"
	[RSP+8F80] 0xF500000000       (size_t)
	[RSP+9000] 0x29691B0FE00      (void*)
	[RSP+9080] 0xF5082FF564       (void*)
	[RSP+9100] 0x2975D39F300      (TESObjectCELL*)
		File: "T6M-WORedux.esp"
		Flags: 0x0004008B
		Form ID: 0x000A36EA
		Form Type: 63
		Full Name: "Root Cellar"
	[RSP+9180] 0x29753FC90C0      (PlayerCharacter*)
		Object Reference: 
			File: "NanakochanReplacer_AllDLCs_All.esp"
			Flags: 0x00040009
			Form ID: 0x00000007
			Form Type: 45
		File: ""
		Flags: 0x00400448
		Form ID: 0x00000014
		Form Type: 65
	[RSP+9200] 0xFFFFFFFF         (size_t)
	[RSP+9280] 0x29753FC9638      (void*)
	[RSP+9300] 0x0                (size_t)
	[RSP+9380] 0x7FF6627FC9DA     (void* -> Fallout4.exe+0EBC9DA)
	[RSP+9400] 0xF5082FF350       (void*)
	[RSP+9480] 0x29753FC90C0      (PlayerCharacter*)
		Object Reference: 
			File: "NanakochanReplacer_AllDLCs_All.esp"
			Flags: 0x00040009
			Form ID: 0x00000007
			Form Type: 45
		File: ""
		Flags: 0x00400448
		Form ID: 0x00000014
		Form Type: 65
	[RSP+9500] 0x2975D39F300      (TESObjectCELL*)
		File: "T6M-WORedux.esp"
		Flags: 0x0004008B
		Form ID: 0x000A36EA
		Form Type: 63
		Full Name: "Root Cellar"
	[RSP+9580] 0x29753FC90C0      (PlayerCharacter*)
		Object Reference: 
			File: "NanakochanReplacer_AllDLCs_All.esp"
			Flags: 0x00040009
			Form ID: 0x00000007
			Form Type: 45
		File: ""
		Flags: 0x00400448
		Form ID: 0x00000014
		Form Type: 65
	[RSP+9600] 0x29752830E00      (void*)
	[RSP+9680] 0x29752830E00      (void*)
	[RSP+9700] 0xFFFFFFFFFFFFFFFF (size_t)
	[RSP+9780] 0x0                (size_t)
	[RSP+9800] 0x4358E9CCC34F8BB5 (size_t)
	[RSP+9880] 0x41200000         (size_t)
	[RSP+9900] 0x20               (size_t)
	[RSP+9980] 0x0                (size_t)
	[RSP+9A00] 0x0                (size_t)
	[RSP+9A80] 0x0                (size_t)
	[RSP+9B00] 0xFFFFFFFFFFFFFFFF (size_t)
	[RSP+9B80] 0x0                (size_t)
	[RSP+9C00] 0x79AED03081E4     (size_t)
	[RSP+9C80] 0x7FF662C70B5F     (void* -> Fallout4.exe+1330B5F)
	[RSP+9D00] 0x0                (size_t)
	[RSP+9D80] 0x4044F5           (void* -> XINPUT1_3.dll+00044F5)
	[RSP+9E00] 0x29728BAF048      (void*)
	[RSP+9E80] 0x7FF661ACD27B     (void* -> Fallout4.exe+018D27B)
	[RSP+9F00] 0x4358E9CCC34F8BB5 (size_t)
	[RSP+9F80] 0x3D6F1A1843027B9C (size_t)
	[RSP+A000] 0xBF7F903F         (size_t)
	[RSP+A080] 0x7FFE427FBDCE     (void* -> Buffout4.dll+004BDCE)
	[RSP+A100] 0x29728BAF048      (void*)
	[RSP+A180] 0x7FF6619644E3     (void* -> Fallout4.exe+00244E3)
	[RSP+A200] 0x7FF664589DB8     (void* -> Fallout4.exe+2C49DB8)
	[RSP+A280] 0xF5082FF3C0       (void*)
	[RSP+A300] 0x29753EE7670      (void*)
	[RSP+A380] 0x29753FC90C0      (PlayerCharacter*)
		Object Reference: 
			File: "NanakochanReplacer_AllDLCs_All.esp"
			Flags: 0x00040009
			Form ID: 0x00000007
			Form Type: 45
		File: ""
		Flags: 0x00400448
		Form ID: 0x00000014
		Form Type: 65
	[RSP+A400] 0x29753EE7688      (void*)
	[RSP+A480] 0x7FF661ACC85D     (void* -> Fallout4.exe+018C85D)
	[RSP+A500] 0x0                (size_t)
	[RSP+A580] 0xF5082FF3B9       (void*)
	[RSP+A600] 0x29766CBBD50      (void*)
	[RSP+A680] 0x7FF661CD4B20     (void* -> Fallout4.exe+0394B20)
	[RSP+A700] 0x297DB7DEB00      (void*)
	[RSP+A780] 0x7FF6634509C3     (void* -> Fallout4.exe+1B109C3)
	[RSP+A800] 0x7FF664589DB8     (void* -> Fallout4.exe+2C49DB8)
	[RSP+A880] 0xF5082FF3A0       (void*)
	[RSP+A900] 0x0                (size_t)
	[RSP+A980] 0x0                (size_t)
	[RSP+AA00] 0x0                (size_t)
	[RSP+AA80] 0x7FF600000000     (size_t)
	[RSP+AB00] 0x0                (size_t)
	[RSP+AB80] 0x0                (size_t)
	[RSP+AC00] 0xF500000000       (size_t)
	[RSP+AC80] 0x7FF600000000     (size_t)
	[RSP+AD00] 0x29753FC90C0      (PlayerCharacter*)
		Object Reference: 
			File: "NanakochanReplacer_AllDLCs_All.esp"
			Flags: 0x00040009
			Form ID: 0x00000007
			Form Type: 45
		File: ""
		Flags: 0x00400448
		Form ID: 0x00000014
		Form Type: 65
	[RSP+AD80] 0xFFFFFFFF         (size_t)
	[RSP+AE00] 0x0                (size_t)
	[RSP+AE80] 0x29753FC9638      (void*)
	[RSP+AF00] 0x29766CBBD50      (void*)
	[RSP+AF80] 0xF5082FF5D8       (void*)
	[RSP+B000] 0xF5082FF5E0       (void*)
	[RSP+B080] 0x7FF661A3EE12     (void* -> Fallout4.exe+00FEE12)
	[RSP+B100] 0x0                (size_t)
	[RSP+B180] 0x0                (size_t)
	[RSP+B200] 0x0                (size_t)
	[RSP+B280] 0x0                (size_t)
	[RSP+B300] 0x0                (size_t)
	[RSP+B380] 0x0                (size_t)
	[RSP+B400] 0x0                (size_t)
	[RSP+B480] 0x0                (size_t)
	[RSP+B500] 0x0                (size_t)
	[RSP+B580] 0x0                (size_t)
	[RSP+B600] 0x0                (size_t)
	[RSP+B680] 0x0                (size_t)
	[RSP+B700] 0x0                (size_t)
	[RSP+B780] 0x0                (size_t)
	[RSP+B800] 0x29700000000      (void*)
	[RSP+B880] 0x29753FC90C0      (PlayerCharacter*)
		Object Reference: 
			File: "NanakochanReplacer_AllDLCs_All.esp"
			Flags: 0x00040009
			Form ID: 0x00000007
			Form Type: 45
		File: ""
		Flags: 0x00400448
		Form ID: 0x00000014
		Form Type: 65
	[RSP+B900] 0x29691B0FE01      (void*)
	[RSP+B980] 0x29691B0FE01      (void*)
	[RSP+BA00] 0x0                (size_t)
	[RSP+BA80] 0x7FF667528000     (void* -> Fallout4.exe+5BE8000)
	[RSP+BB00] 0x29753FC9638      (void*)
	[RSP+BB80] 0x0                (size_t)
	[RSP+BC00] 0xF5082FF5E0       (void*)
	[RSP+BC80] 0x7FF6627DB7CB     (void* -> Fallout4.exe+0E9B7CB)
	[RSP+BD00] 0x0                (size_t)
	[RSP+BD80] 0xF5082FF5D8       (void*)
	[RSP+BE00] 0x29766CBBD50      (void*)
	[RSP+BE80] 0x1                (size_t)
	[RSP+BF00] 0xF5082FF500       (void*)
	[RSP+BF80] 0x7FF6641BD5E9     (void* -> Fallout4.exe+287D5E9)
	[RSP+C000] 0xF5082F0001       (void*)
	[RSP+C080] 0x0                (size_t)
	[RSP+C100] 0x297644BCF40      (BGSLocation*)
		File: "Z_Architect_EnhancedSettlements.esp"
		Flags: 0x00000009
		Form ID: 0x0001F228
		Form Type: 107
		Full Name: "Sanctuary Hills"
	[RSP+C180] 0xF5082FF590       (void*)
	[RSP+C200] 0xF5082FF588       (void*)
	[RSP+C280] 0x7FF6641A11A9     (void* -> Fallout4.exe+28611A9)
	[RSP+C300] 0x0                (size_t)
	[RSP+C380] 0x2975D39F300      (TESObjectCELL*)
		File: "T6M-WORedux.esp"
		Flags: 0x0004008B
		Form ID: 0x000A36EA
		Form Type: 63
		Full Name: "Root Cellar"
	[RSP+C400] 0x0                (size_t)
	[RSP+C480] 0x4358E9CCC34F8BB5 (size_t)
	[RSP+C500] 0x0                (size_t)
	[RSP+C580] 0x404552E780000000 (size_t)
	[RSP+C600] 0x0                (size_t)
	[RSP+C680] 0x7FF661C7D9C0     (void* -> Fallout4.exe+033D9C0)
	[RSP+C700] 0x2975FC69E40      (TESObjectREFR*)
		Object Reference: 
			File: "Fallout4.esm"
			Flags: 0x00000009
			Form ID: 0x0001F65A
			Form Type: 32
		File: "Z_Architect_EnhancedSettlements.esp"
		Flags: 0x00000409
		Form ID: 0x000A36EB
		Form Type: 64
	[RSP+C780] 0x0                (size_t)
	[RSP+C800] 0x10000000000      (size_t)
	[RSP+C880] 0x297DBCE7901      (void*)
	[RSP+C900] 0x7FF66458A948     (void* -> Fallout4.exe+2C4A948)
	[RSP+C980] 0x7FF668063AA0     (void* -> Fallout4.exe+6723AA0)
	[RSP+CA00] 0x297864AD060      (void*)
	[RSP+CA80] 0x7FF600000000     (size_t)
	[RSP+CB00] 0x7FF668063AB8     (void* -> Fallout4.exe+6723AB8)
	[RSP+CB80] 0x29789061DE0      (void*)
	[RSP+CC00] 0x60               (size_t)
	[RSP+CC80] 0x7F0000000000     (size_t)
	[RSP+CD00] 0x29691987F00      (void*)
	[RSP+CD80] 0x297882EA468      (void*)
	[RSP+CE00] 0x29789061D20      (void*)
	[RSP+CE80] 0x1E               (size_t)
	[RSP+CF00] 0x7FF668063AA0     (void* -> Fallout4.exe+6723AA0)
	[RSP+CF80] 0x7FF6641A0BDB     (void* -> Fallout4.exe+2860BDB)
	[RSP+D000] 0x1E               (size_t)
	[RSP+D080] 0x7FF6641C18FE     (void* -> Fallout4.exe+28818FE)
	[RSP+D100] 0x29788EBF250      (void*)
	[RSP+D180] 0x0                (size_t)
	[RSP+D200] 0x7FF66458A948     (void* -> Fallout4.exe+2C4A948)
	[RSP+D280] 0x7FF668063AA0     (void* -> Fallout4.exe+6723AA0)
	[RSP+D300] 0x29789062B00      (void*)
	[RSP+D380] 0x7FF6641C0FC3     (void* -> Fallout4.exe+2880FC3)
	[RSP+D400] 0x2                (size_t)
	[RSP+D480] 0x297892ACF00      (char*) "@"
	[RSP+D500] 0x2                (size_t)
	[RSP+D580] 0x2976AF48FC8      (BSBatchRenderer*)
	[RSP+D600] 0x29800000060      (void*)
	[RSP+D680] 0x7FF66416D0C8     (void* -> Fallout4.exe+282D0C8)
	[RSP+D700] 0x297DA832E00      (BSLeafAnimNode*)
		Name: "GrassMoundHalves10"
	[RSP+D780] 0x297BC373A00      (BSTriShape*)
		Name: "TapREF_mesh:0"
	[RSP+D800] 0x0                (size_t)
	[RSP+D880] 0x0                (size_t)
	[RSP+D900] 0x0                (size_t)
	[RSP+D980] 0x0                (size_t)
	[RSP+DA00] 0x0                (size_t)
	[RSP+DA80] 0x0                (size_t)
	[RSP+DB00] 0x0                (size_t)
	[RSP+DB80] 0x0                (size_t)
	[RSP+DC00] 0x0                (size_t)
	[RSP+DC80] 0x0                (size_t)
	[RSP+DD00] 0x29691989468      (void*)
	[RSP+DD80] 0x7FF667528080     (void* -> Fallout4.exe+5BE8080)
	[RSP+DE00] 0x7FF667528088     (void* -> Fallout4.exe+5BE8088)
	[RSP+DE80] 0x2976AF48F00      (BSShaderAccumulator*)
	[RSP+DF00] 0x297BCC0D700      (BSLightingShaderProperty*)
		Name: "C:\projects\Fallout4\Build\PC\Data\materials\Architecture\Buildings\Tiles02.BGSM"
	[RSP+DF80] 0x7FF66416D8D4     (void* -> Fallout4.exe+282D8D4)
	[RSP+E000] 0x29789062B00      (void*)
	[RSP+E080] 0x2976AF48F00      (BSShaderAccumulator*)
	[RSP+E100] 0x0                (size_t)
	[RSP+E180] 0x29691989400      (void*)
	[RSP+E200] 0x29691989460      (void*)
	[RSP+E280] 0x7FF6641A1B67     (void* -> Fallout4.exe+2861B67)
	[RSP+E300] 0x0                (size_t)
	[RSP+E380] 0x0                (size_t)
	[RSP+E400] 0x0                (size_t)
	[RSP+E480] 0x0                (size_t)
	[RSP+E500] 0x0                (size_t)
	[RSP+E580] 0x0                (size_t)
	[RSP+E600] 0x7FF667528084     (void* -> Fallout4.exe+5BE8084)
	[RSP+E680] 0x7FF667528080     (void* -> Fallout4.exe+5BE8080)
	[RSP+E700] 0x7FF667528088     (void* -> Fallout4.exe+5BE8088)
	[RSP+E780] 0x1                (size_t)
	[RSP+E800] 0x29691B0FE40      (void*)
	[RSP+E880] 0xF5064FFAE0       (void*)
	[RSP+E900] 0x0                (size_t)
	[RSP+E980] 0x7FF662680D85     (void* -> Fallout4.exe+0D40D85)
	[RSP+EA00] 0x0                (size_t)
	[RSP+EA80] 0x10101000000      (size_t)
	[RSP+EB00] 0x0                (size_t)
	[RSP+EB80] 0x7FFEC0A03001     (void* -> KERNELBASE.dll+0023001)
	[RSP+EC00] 0x7FF66752B598     (void* -> Fallout4.exe+5BEB598)
	[RSP+EC80] 0x7FF663490F26     (void* -> Fallout4.exe+1B50F26)
	[RSP+ED00] 0x7FF66752B598     (void* -> Fallout4.exe+5BEB598)
	[RSP+ED80] 0x7FF66752B598     (void* -> Fallout4.exe+5BEB598)
	[RSP+EE00] 0x0                (size_t)
	[RSP+EE80] 0x7FFEC0A3507D     (void* -> KERNELBASE.dll+005507D)
	[RSP+EF00] 0x0                (size_t)
	[RSP+EF80] 0x0                (size_t)
	[RSP+F000] 0x7FF667540640     (void* -> Fallout4.exe+5C00640)
	[RSP+F080] 0x1                (size_t)
	[RSP+F100] 0x7FF66752B528     (BSJobs::JobThread*)
	[RSP+F180] 0x7FF663491432     (void* -> Fallout4.exe+1B51432)
	[RSP+F200] 0x1                (size_t)
	[RSP+F280] 0x7FF66752B548     (void* -> Fallout4.exe+5BEB548)
	[RSP+F300] 0x0                (size_t)
	[RSP+F380] 0xF5082FF8A0       (char*) "hU"
	[RSP+F400] 0x0                (size_t)
	[RSP+F480] 0x0                (size_t)
	[RSP+F500] 0x0                (size_t)
	[RSP+F580] 0x7FF663493F67     (void* -> Fallout4.exe+1B53F67)
	[RSP+F600] 0x7FF66752B528     (BSJobs::JobThread*)
	[RSP+F680] 0x0                (size_t)
	[RSP+F700] 0x0                (size_t)
	[RSP+F780] 0x0                (size_t)
	[RSP+F800] 0x7FF66752B528     (BSJobs::JobThread*)
	[RSP+F880] 0x7FF66345CFED     (void* -> Fallout4.exe+1B1CFED)
	[RSP+F900] 0x5568             (size_t)
	[RSP+F980] 0xF5082FF8C0       (void*)
	[RSP+FA00] 0x29691AEBC90      (void*)
	[RSP+FA80] 0x0                (size_t)
	[RSP+FB00] 0x7FF66752B528     (BSJobs::JobThread*)
	[RSP+FB80] 0x0                (size_t)
	[RSP+FC00] 0x0                (size_t)
	[RSP+FC80] 0x7FFEC1AD7344     (void* -> KERNEL32.DLL+0017344)
	[RSP+FD00] 0x0                (size_t)
	[RSP+FD80] 0x0                (size_t)
	[RSP+FE00] 0x0                (size_t)
	[RSP+FE80] 0x0                (size_t)
	[RSP+FF00] 0x0                (size_t)
	[RSP+FF80] 0x7FFEC33426B1     (void* -> ntdll.dll+00526B1)
	[RSP+1000] 0x0                (size_t)
	[RSP+1008] 0x0                (size_t)
	[RSP+1010] 0x0                (size_t)
	[RSP+1018] 0x0                (size_t)
	[RSP+1020] 0x0                (size_t)
	[RSP+1028] 0x0                (size_t)
	[RSP+1030] 0xBF9F645300000000 (size_t)
	[RSP+1038] 0x0                (size_t)
	[RSP+1040] 0x0                (size_t)
	[RSP+1048] 0x7FFEC0B0DC60     (void* -> KERNELBASE.dll+012DC60)
	[RSP+1050] 0xF5082FDA80       (void*)
	[RSP+1058] 0xF70660000FFFCFE5 (size_t)
	[RSP+1060] 0x7FFE7F2FB833     (size_t)
	[RSP+1068] 0xF5082FDA80       (void*)
	[RSP+1070] 0x0                (size_t)
	[RSP+1078] 0x0                (size_t)
	[RSP+1080] 0x0                (size_t)
	[RSP+1088] 0x0                (size_t)
	[RSP+1090] 0x0                (size_t)
	[RSP+1098] 0x0                (size_t)
	[RSP+10A0] 0x0                (size_t)
	[RSP+10A8] 0x0                (size_t)
	[RSP+10B0] 0x0                (size_t)
	[RSP+10B8] 0x0                (size_t)
	[RSP+10C0] 0x0                (size_t)
	[RSP+10C8] 0x0                (size_t)
	[RSP+10D0] 0x0                (size_t)
	[RSP+10D8] 0x0                (size_t)
	[RSP+10E0] 0x0                (size_t)
	[RSP+10E8] 0x0                (size_t)
	[RSP+10F0] 0x0                (size_t)
	[RSP+10F8] 0x0                (size_t)
	[RSP+1100] 0x0                (size_t)
	[RSP+1108] 0x0                (size_t)
	[RSP+1110] 0x0                (size_t)
	[RSP+1118] 0x0                (size_t)
	[RSP+1120] 0x0                (size_t)
	[RSP+1128] 0x0                (size_t)
	[RSP+1130] 0x0                (size_t)
	[RSP+1138] 0x0                (size_t)
	[RSP+1140] 0x0                (size_t)
	[RSP+1148] 0x0                (size_t)
	[RSP+1150] 0x0                (size_t)
	[RSP+1158] 0x0                (size_t)
	[RSP+1160] 0x0                (size_t)
	[RSP+1168] 0x0                (size_t)
	[RSP+1170] 0x0                (size_t)
	[RSP+1178] 0x0                (size_t)
	[RSP+1180] 0x0                (size_t)
	[RSP+1188] 0x0                (size_t)
	[RSP+1190] 0x0                (size_t)
	[RSP+1198] 0x0                (size_t)
	[RSP+11A0] 0x0                (size_t)
	[RSP+11A8] 0x0                (size_t)
	[RSP+11B0] 0x0                (size_t)
	[RSP+11B8] 0x0                (size_t)
	[RSP+11C0] 0x0                (size_t)
	[RSP+11C8] 0x0                (size_t)
	[RSP+11D0] 0x0                (size_t)
	[RSP+11D8] 0x0                (size_t)
	[RSP+11E0] 0x0                (size_t)
	[RSP+11E8] 0x0                (size_t)
	[RSP+11F0] 0x0                (size_t)
	[RSP+11F8] 0x0                (size_t)
	[RSP+1200] 0x0                (size_t)
	[RSP+1208] 0x0                (size_t)
	[RSP+1210] 0x0                (size_t)
	[RSP+1218] 0x0                (size_t)
	[RSP+1220] 0x0                (size_t)
	[RSP+1228] 0x0                (size_t)
	[RSP+1230] 0x0                (size_t)
	[RSP+1238] 0x0                (size_t)
	[RSP+1240] 0x0                (size_t)
	[RSP+1248] 0x0                (size_t)
	[RSP+1250] 0x0                (size_t)
	[RSP+1258] 0x0                (size_t)
	[RSP+1260] 0x0                (size_t)
	[RSP+1268] 0x0                (size_t)
	[RSP+1270] 0x0                (size_t)
	[RSP+1278] 0x0                (size_t)
	[RSP+1280] 0x0                (size_t)
	[RSP+1288] 0x0                (size_t)
	[RSP+1290] 0x0                (size_t)
	[RSP+1298] 0x0                (size_t)
	[RSP+12A0] 0x0                (size_t)
	[RSP+12A8] 0x0                (size_t)
	[RSP+12B0] 0x0                (size_t)
	[RSP+12B8] 0x0                (size_t)
	[RSP+12C0] 0x0                (size_t)
	[RSP+12C8] 0x0                (size_t)
	[RSP+12D0] 0x0                (size_t)
	[RSP+12D8] 0x0                (size_t)
	[RSP+12E0] 0x0                (size_t)
	[RSP+12E8] 0x0                (size_t)
	[RSP+12F0] 0x0                (size_t)
	[RSP+12F8] 0x0                (size_t)
	[RSP+1300] 0x0                (size_t)
	[RSP+1308] 0x0                (size_t)
	[RSP+1310] 0x0                (size_t)
	[RSP+1318] 0x0                (size_t)
	[RSP+1320] 0x0                (size_t)
	[RSP+1328] 0x0                (size_t)
	[RSP+1330] 0x0                (size_t)
	[RSP+1338] 0x0                (size_t)
	[RSP+1340] 0x0                (size_t)
	[RSP+1348] 0x0                (size_t)
	[RSP+1350] 0x0                (size_t)
	[RSP+1358] 0x0                (size_t)
	[RSP+1360] 0x0                (size_t)
	[RSP+1368] 0x0                (size_t)
	[RSP+1370] 0x0                (size_t)
	[RSP+1378] 0x0                (size_t)
	[RSP+1380] 0x0                (size_t)
	[RSP+1388] 0x0                (size_t)
	[RSP+1390] 0x0                (size_t)
	[RSP+1398] 0x0                (size_t)
	[RSP+13A0] 0x0                (size_t)
	[RSP+13A8] 0x0                (size_t)
	[RSP+13B0] 0x0                (size_t)
	[RSP+13B8] 0x0                (size_t)
	[RSP+13C0] 0x0                (size_t)
	[RSP+13C8] 0x0                (size_t)
	[RSP+13D0] 0x0                (size_t)
	[RSP+13D8] 0x0                (size_t)
	[RSP+13E0] 0x0                (size_t)
	[RSP+13E8] 0x0                (size_t)
	[RSP+13F0] 0x0                (size_t)
	[RSP+13F8] 0x0                (size_t)
	[RSP+1400] 0x0                (size_t)
	[RSP+1408] 0x0                (size_t)
	[RSP+1410] 0x0                (size_t)
	[RSP+1418] 0x0                (size_t)
	[RSP+1420] 0x0                (size_t)
	[RSP+1428] 0x0                (size_t)
	[RSP+1430] 0x0                (size_t)
	[RSP+1438] 0x0                (size_t)
	[RSP+1440] 0x0                (size_t)
	[RSP+1448] 0x0                (size_t)
	[RSP+1450] 0x0                (size_t)
	[RSP+1458] 0x0                (size_t)
	[RSP+1460] 0x0                (size_t)
	[RSP+1468] 0x0                (size_t)
	[RSP+1470] 0x0                (size_t)
	[RSP+1478] 0x0                (size_t)
	[RSP+1480] 0x0                (size_t)
	[RSP+1488] 0x0                (size_t)
	[RSP+1490] 0x0                (size_t)
	[RSP+1498] 0x0                (size_t)
	[RSP+14A0] 0x0                (size_t)
	[RSP+14A8] 0x0                (size_t)
	[RSP+14B0] 0x0                (size_t)
	[RSP+14B8] 0x0                (size_t)
	[RSP+14C0] 0x0                (size_t)
	[RSP+14C8] 0x0                (size_t)
	[RSP+14D0] 0x0                (size_t)
	[RSP+14D8] 0x0                (size_t)
	[RSP+14E0] 0x0                (size_t)
	[RSP+14E8] 0x0                (size_t)
	[RSP+14F0] 0x0                (size_t)
	[RSP+14F8] 0x0                (size_t)
	[RSP+1500] 0x0                (size_t)
	[RSP+1508] 0x0                (size_t)
	[RSP+1510] 0x0                (size_t)
	[RSP+1518] 0x0                (size_t)
	[RSP+1520] 0x0                (size_t)
	[RSP+1528] 0x0                (size_t)
	[RSP+1530] 0x0                (size_t)
	[RSP+1538] 0x0                (size_t)
	[RSP+1540] 0x0                (size_t)
	[RSP+1548] 0x0                (size_t)
	[RSP+1550] 0x0                (size_t)
	[RSP+1558] 0x0                (size_t)
	[RSP+1560] 0x0                (size_t)
	[RSP+1568] 0x0                (size_t)
	[RSP+1570] 0x0                (size_t)
	[RSP+1578] 0x0                (size_t)
	[RSP+1580] 0x0                (size_t)
	[RSP+1588] 0x0                (size_t)
	[RSP+1590] 0x0                (size_t)
	[RSP+1598] 0x0                (size_t)
	[RSP+15A0] 0x0                (size_t)
	[RSP+15A8] 0x0                (size_t)
	[RSP+15B0] 0x0                (size_t)
	[RSP+15B8] 0x0                (size_t)
	[RSP+15C0] 0x0                (size_t)
	[RSP+15C8] 0x0                (size_t)
	[RSP+15D0] 0x0                (size_t)
	[RSP+15D8] 0x0                (size_t)
	[RSP+15E0] 0x0                (size_t)
	[RSP+15E8] 0x0                (size_t)
	[RSP+15F0] 0x0                (size_t)
	[RSP+15F8] 0x0                (size_t)
	[RSP+1600] 0x0                (size_t)
	[RSP+1608] 0x0                (size_t)
	[RSP+1610] 0x0                (size_t)
	[RSP+1618] 0x0                (size_t)
	[RSP+1620] 0x0                (size_t)
	[RSP+1628] 0x0                (size_t)
	[RSP+1630] 0x0                (size_t)
	[RSP+1638] 0x0                (size_t)
	[RSP+1640] 0x0                (size_t)
	[RSP+1648] 0x0                (size_t)
	[RSP+1650] 0x0                (size_t)
	[RSP+1658] 0x0                (size_t)
	[RSP+1660] 0x0                (size_t)
	[RSP+1668] 0x0                (size_t)
	[RSP+1670] 0x0                (size_t)
	[RSP+1678] 0x0                (size_t)
	[RSP+1680] 0x0                (size_t)
	[RSP+1688] 0x0                (size_t)
	[RSP+1690] 0x0                (size_t)
	[RSP+1698] 0x0                (size_t)
	[RSP+16A0] 0x0                (size_t)
	[RSP+16A8] 0x0                (size_t)
	[RSP+16B0] 0x0                (size_t)
	[RSP+16B8] 0x0                (size_t)
	[RSP+16C0] 0x0                (size_t)
	[RSP+16C8] 0x0                (size_t)
	[RSP+16D0] 0x0                (size_t)
	[RSP+16D8] 0x0                (size_t)
	[RSP+16E0] 0x0                (size_t)
	[RSP+16E8] 0x0                (size_t)

MODULES:
	XINPUT1_3.dll                 0x000000400000
	X3DAudio1_7.dll               0x0000567A0000
	steam_api64.dll               0x0000567B0000
	amdenc64.dll                  0x0000567F0000
	gpapi.dll                     0x02972A270000
	Fallout4.exe                  0x7FF661940000
	OWClient.dll                  0x7FFE120D0000
	D3DX9_43.dll                  0x7FFE12A50000
	steamclient64.dll             0x7FFE12CC0000
	D3DCompiler_43.dll            0x7FFE25A70000
	gameoverlayrenderer64.dll     0x7FFE271E0000
	XAudio2_7.dll                 0x7FFE27A60000
	wsfw_identifier.dll           0x7FFE27C80000
	RobCo_Patcher.dll             0x7FFE27D80000
	po3_BaseObjectSwapperF4.dll   0x7FFE27E70000
	mcm.dll                       0x7FFE2C990000
	f4ee.dll                      0x7FFE3FE60000
	PowerGridTools.dll            0x7FFE42740000
	Buffout4.dll                  0x7FFE427B0000
	BakaFramework.dll             0x7FFE42B10000
	f4se_1_10_163.dll             0x7FFE42CB0000
	vstdlib_s64.dll               0x7FFE42D90000
	tier0_s64.dll                 0x7FFE42E50000
	cudart64_75.dll               0x7FFE42FF0000
	GFSDK_SSAO_D3D11.win64.dll    0x7FFE43050000
	flexRelease_x64.dll           0x7FFE430E0000
	d3dx11_43.dll                 0x7FFE65EC0000
	UnlimitedSurvivalMode.dll     0x7FFE6AF30000
	GFSDK_GodraysLib.x64.dll      0x7FFE7D840000
	MSVCR110.dll                  0x7FFE7D8A0000
	DSOUND.DLL                    0x7FFE7FD30000
	MSVCP110.dll                  0x7FFE80B70000
	bink2w64.dll                  0x7FFE83490000
	ConsoleUtilF4.dll             0x7FFE83F70000
	OWUtils.dll                   0x7FFE84390000
	AUDIOSES.DLL                  0x7FFE8A3F0000
	flexExtRelease_x64.dll        0x7FFE917C0000
	ncryptsslp.dll                0x7FFE927F0000
	MpOav.dll                     0x7FFE971D0000
	winmmbase.dll                 0x7FFE9E610000
	mskeyprotect.dll              0x7FFE9E6F0000
	cryptnet.dll                  0x7FFEA10C0000
	amsi.dll                      0x7FFEA1D90000
	COMCTL32.dll                  0x7FFEA6360000
	OWExplorer.dll                0x7FFEA6AA0000
	MSVCP140.dll                  0x7FFEA7480000
	VCRUNTIME140.dll              0x7FFEA9550000
	VCRUNTIME140_1.dll            0x7FFEA9570000
	f4se_steam_loader.dll         0x7FFEA9F80000
	Secur32.dll                   0x7FFEAB460000
	webio.dll                     0x7FFEABC20000
	nvToolsExt64_1.dll            0x7FFEAD770000
	OneCoreCommonProxyStub.dll    0x7FFEAD950000
	wbemsvc.dll                   0x7FFEAEAF0000
	fastprox.dll                  0x7FFEAEB40000
	wbemcomn.dll                  0x7FFEAF2E0000
	fwpuclnt.dll                  0x7FFEAF370000
	rasadhlp.dll                  0x7FFEAF550000
	wbemprox.dll                  0x7FFEAF5E0000
	amdihk64.dll                  0x7FFEB07E0000
	atidxx64.dll                  0x7FFEB0820000
	WINMM.dll                     0x7FFEB2280000
	InputHost.dll                 0x7FFEB23B0000
	textinputframework.dll        0x7FFEB2510000
	Windows.UI.dll                0x7FFEB2610000
	amdxx64.dll                   0x7FFEB2760000
	dxcore.dll                    0x7FFEB5F40000
	OneCoreUAPCommonProxyStub.dll 0x7FFEB6A40000
	avrt.dll                      0x7FFEB7B50000
	dhcpcsvc.DLL                  0x7FFEB7B60000
	dhcpcsvc6.DLL                 0x7FFEB7BC0000
	WINNSI.DLL                    0x7FFEB7BE0000
	WINHTTP.dll                   0x7FFEB7BF0000
	VERSION.dll                   0x7FFEB8000000
	dbghelp.dll                   0x7FFEB90A0000
	twinapi.appcore.dll           0x7FFEB9350000
	MMDevApi.dll                  0x7FFEB9560000
	WindowManagementAPI.dll       0x7FFEB9D40000
	PROPSYS.dll                   0x7FFEBC520000
	d3d11.dll                     0x7FFEBC6B0000
	wintypes.dll                  0x7FFEBD4C0000
	dcomp.dll                     0x7FFEBD9A0000
	CoreUIComponents.dll          0x7FFEBDBE0000
	CoreMessaging.dll             0x7FFEBDF40000
	apphelp.dll                   0x7FFEBE2B0000
	uxtheme.dll                   0x7FFEBE3B0000
	resourcepolicyclient.dll      0x7FFEBE480000
	dwmapi.dll                    0x7FFEBE6A0000
	kernel.appcore.dll            0x7FFEBE880000
	windows.storage.dll           0x7FFEBEA80000
	HID.DLL                       0x7FFEBF220000
	dxgi.dll                      0x7FFEBF260000
	schannel.DLL                  0x7FFEBF8B0000
	rsaenh.dll                    0x7FFEBF9A0000
	ntmarta.dll                   0x7FFEBFAC0000
	IPHLPAPI.DLL                  0x7FFEBFD60000
	DNSAPI.dll                    0x7FFEBFDA0000
	MSWSOCK.dll                   0x7FFEC0070000
	CRYPTSP.dll                   0x7FFEC0260000
	CRYPTBASE.DLL                 0x7FFEC0280000
	Wldp.dll                      0x7FFEC0310000
	NTASN1.dll                    0x7FFEC0340000
	ncrypt.dll                    0x7FFEC0380000
	MSASN1.dll                    0x7FFEC04A0000
	DEVOBJ.dll                    0x7FFEC0670000
	DPAPI.DLL                     0x7FFEC06D0000
	UMPDC.dll                     0x7FFEC07F0000
	powrprof.dll                  0x7FFEC0810000
	USERENV.dll                   0x7FFEC0860000
	SSPICLI.DLL                   0x7FFEC0890000
	profapi.dll                   0x7FFEC08E0000
	bcrypt.dll                    0x7FFEC09B0000
	KERNELBASE.dll                0x7FFEC09E0000
	msvcp_win.dll                 0x7FFEC0CE0000
	win32u.dll                    0x7FFEC0D80000
	bcryptPrimitives.dll          0x7FFEC0DB0000
	CRYPT32.dll                   0x7FFEC0E40000
	ucrtbase.dll                  0x7FFEC0FA0000
	gdi32full.dll                 0x7FFEC10A0000
	cfgmgr32.dll                  0x7FFEC1270000
	WINTRUST.dll                  0x7FFEC12C0000
	SHCORE.dll                    0x7FFEC1330000
	SETUPAPI.dll                  0x7FFEC13E0000
	ole32.dll                     0x7FFEC18B0000
	KERNEL32.DLL                  0x7FFEC1AC0000
	NSI.dll                       0x7FFEC1B80000
	RPCRT4.dll                    0x7FFEC1B90000
	ADVAPI32.dll                  0x7FFEC1CC0000
	imagehlp.dll                  0x7FFEC1D80000
	USER32.dll                    0x7FFEC1DB0000
	combase.dll                   0x7FFEC1F50000
	OLEAUT32.dll                  0x7FFEC22B0000
	shlwapi.dll                   0x7FFEC2380000
	COMDLG32.dll                  0x7FFEC23E0000
	GDI32.dll                     0x7FFEC24C0000
	IMM32.DLL                     0x7FFEC24F0000
	clbcatq.dll                   0x7FFEC2530000
	SHELL32.dll                   0x7FFEC25E0000
	PSAPI.DLL                     0x7FFEC2F40000
	WS2_32.dll                    0x7FFEC2F50000
	msvcrt.dll                    0x7FFEC2FC0000
	sechost.dll                   0x7FFEC3060000
	MSCTF.dll                     0x7FFEC3100000
	ntdll.dll                     0x7FFEC32F0000

F4SE PLUGINS:
	BakaFramework.dll v1.10
	Buffout4.dll v1.28.6
	ConsoleUtilF4.dll v1.0.1
	f4ee.dll
	mcm.dll
	po3_BaseObjectSwapperF4.dll v1.1
	PowerGridTools.dll
	RobCo_Patcher.dll v3.6
	UnlimitedSurvivalMode.dll
	wsfw_identifier.dll

PLUGINS:
	[00]     Fallout4.esm
	[01]     DLCRobot.esm
	[02]     DLCworkshop01.esm
	[03]     DLCCoast.esm
	[04]     DLCworkshop02.esm
	[05]     DLCworkshop03.esm
	[06]     DLCNukaWorld.esm
	[07]     WorkshopFramework.esm
	[08]     Loads.esm
	[09]     AnimeFramework.esm
	[0A]     Z_Architect.esm
	[0B]     TrueStormsFO4.esm
	[0C]     GKX CCBJ Remix.esp
	[0D]     Z_Architect_WorldManager.esp
	[0E]     Z_Architect_WorldManager_DLC.esp
	[0F]     RaceCustomizer.esp
	[10]     AnimeRace_Nanako.esp
	[11]     T6M-WORedux.esp
	[12]     Z_Architect_Empire.esp
	[13]     Z_Architect_WorldFixes.esp
	[14]     F4NVServiceRifleRedux.esp
	[15]     3dscopes.esp
	[16]     Loads of Ammo - Leveled Lists.esp
	[17]     mjp_PTRS41ATR.esp
	[18]     M14.esp
	[19]     Extended weapon mods.esp
	[1A]     Yona_Weapon_DefenseGun.esp
	[1B]     ASVektor.esp
	[1C]     BattleRifle.esp
	[1D]     AtomicAnnieLagrieGun.esp
	[1E]     10mmRevolver.esp
	[1F]     SigMCX.esp
	[20]     MWStriker.esp
	[21]     PINK SEASON.esp
	[22]     QwibBackpacksFo4.esp
	[23]     MP7.esp
	[24]     Sex Radio.esp
	[25]     Glock19x.esp
	[26]     L96A1.esp
	[27]     SIGMCXArmoryProject.esp
	[28]     CustomCamera.esp
	[29]     WorkshopPlus.esp
	[2A]     StickerRifle.esp
	[2B]     T6M_WO-R_3dScopes.esp
	[2C]     Z_Architect_CaravanRobots.esp
	[2D]     LegendaryModification.esp
	[2E]     LegendaryModification2LM.esp
	[2F]     LegendaryModificationCSA.esp
	[30]     LegendaryModificationGroknak.esp
	[31]     LegendaryModificationMisc.esp
	[32]     KSHairdos.esp
	[33]     512StandaloneHairColors.esp
	[34]     AtomicBeauty.esp
	[35]     PigAAMDeag.esp
	[36]     MAID_by_Justice.esp
	[37]     dD-Enhanced Blood Basic.esp
	[38]     KSHairdos_oel.esp
	[39]     VermillionFrost.esp
	[3A]     Custom Comic Framework.esp
	[3B]     NanakoCurie.esp
	[3C]     AnimeRace_Companion_Curie.esp
	[3D]     Lacy Underwear.esp
	[3E]     LooksMenu.esp
	[3F]     X01Light.esp
	[40]     Faster Terminal Displays (20x).esp
	[41]     Seiryuu Beam Katana.esp
	[42]     GR123 Anime PA Paint.esp
	[43]     SettlementMenuManager.esp
	[44]     pillow3.esp
	[45]     hugpillows2.esp
	[46]     CBBE.esp
	[47]     VisibleWeapons.esp
	[48]     NX6-Avalon.esp
	[49]     256StandaloneHairColors.esp
	[4A]     Celest_jacket.esp
	[4B]     IM GAY.esp
	[4C]     Ghoulsnd.esp
	[4D]     PIP-Pad.esp
	[4E]     Caladbolg.esp
	[4F]     death scythe.esp
	[50]     TouhouFumos.esp
	[51]     R3z_rad_BigSword.esp
	[52]     Miku race.esp
	[53]     TrueStormsFO4-EarlierSunsets.esp
	[54]     TrueStormsFO4-FarHarbor.esp
	[55]     TrueStormsFO4-EarlierSunsetsFH.esp
	[56]     rezero call of the witch death sound replacer.esp
	[57]     256MoreStandaloneHairColors.esp
	[58]     PA-Quick Animations.esp
	[59]     CompetitionSwimsuit.esp
	[5A]     DD_bleu_Ump_Extreme_Lore_friendly_edition.esp
	[5B]     Z_Architect_Extras.esp
	[5C]     Z_BlurRemoval.esp
	[5D]     Z_Architect_EnhancedSettlements.esp
	[5E]     Z_Architect_OptimizedLocations.esp
	[5F]     Z_Architect_EnhancedSettlements_DLC.esp
	[60]     Z_Architect_HomePlate.esp
	[61]     Pip-Boy Flashlight.esp
	[62]     PIP-Pad_Pip-BoyFlashlight.esp
	[FE:000] BakaFramework.esm
	[FE:001] ComfySocks.esl
	[FE:002] SmallerMoon17.esl
	[FE:003] NanakochanReplacer_AllDLCs_All.esp
	[FE:004] L96A1_Additions.esp
	[FE:005] 662-ins.esp
	[FE:006] lilia-sig.esp
	[FE:007] BA_NIKO.esp
	[FE:008] JiCHeng.esp
	[FE:009] GF2 Charolic.esp
	[FE:00A] M8rDisablePipboyEffects.esp
	[FE:00B] Nanakofy_VermillionFrost_ver.0.6.esp
	[FE:00C] FOVSlider.esp
	[FE:00D] Animequin.esp
	[FE:00E] AG_Sculd.esp
	[FE:00F] Darkstar_Hel.esp
	[FE:010] Radio_Announce_Jp.esp
	[FE:011] Remington870.esp
