Fallout 4 v1.10.163
Buffout 4 v1.28.6

Unhandled exception "EXCEPTION_ACCESS_VIOLATION" at 0x7FF8D9E37AE3 flexRelease_x64.dll+0027AE3

	[Compatibility]
		F4EE: false
	[Crashlog]
		AutoOpen: true
		PromptUpload: true
	[Fixes]
		ActorIsHostileToActor: true
		CellInit: true
		CreateD3DAndSwapChain: true
		EncounterZoneReset: true
		GreyMovies: true
		MagicEffectApplyEvent: true
		MovementPlanner: true
		PackageAllocateLocation: true
		SafeExit: true
		TESObjectREFRGetEncounterZone: true
		UnalignedLoad: true
		UtilityShader: true
	[Patches]
		Achievements: true
		ArchiveLimit: false
		BSMTAManager: true
		BSPreCulledObjects: true
		BSTextureStreamerLocalHeap: false
		HavokMemorySystem: true
		INISettingCollection: true
		InputSwitch: false
		MaxStdIO: -1
		MemoryManager: true
		MemoryManagerDebug: false
		ScaleformAllocator: true
		SmallBlockAllocator: true
		WorkshopMenu: true
	[Warnings]
		CreateTexture2D: true
		ImageSpaceAdapter: true

SYSTEM SPECS:
	OS: Microsoft Windows 11 Home v10.0.22621
	CPU: AuthenticAMD AMD Ryzen 7 5800H with Radeon Graphics         
	GPU #1: Nvidia GA104M [GeForce0RTX030700Mobile0/0Max-Q]
	GPU #2: Microsoft Basic Render Driver
	PHYSICAL MEMORY: 15.52 GB/31.86 GB

PROBABLE CALL STACK:
	[0] 0x7FF8D9E37AE3 flexRelease_x64.dll+0027AE3
	[1] 0x01CF01EE8758                    

REGISTERS:
	RAX 0x0                (size_t)
	RCX 0x78               (size_t)
	RDX 0x0                (size_t)
	RBX 0x1CF58EB1260      (hknpCompressedMeshShape*)
	RSP 0x4F5571E640       (void*)
	RBP 0x4F5571E890       (void*)
	RSI 0x1CF01EE8680      (void*)
	RDI 0x0                (size_t)
	R8  0x78               (size_t)
	R9  0x8                (size_t)
	R10 0x7FF8E10F1390     (void* -> MSVCR110.dll+00C1390)
	R11 0x0                (size_t)
	R12 0x1CEDC5F6080      (hknpBSWorld*)
	R13 0x1CF58EB1260      (hknpCompressedMeshShape*)
	R14 0x1CF01EE8680      (void*)
	R15 0x4F5571F9C0       (void*)

STACK:
	[RSP+0000] 0x1CF01EE8758      (void*)
	[RSP+8000] 0x7FF8D9E15CCA     (void* -> flexRelease_x64.dll+0005CCA)
	[RSP+1000] 0x1CF00000078      (void*)
	[RSP+1800] 0x1CF01EE8680      (void*)
	[RSP+2000] 0xC3FD946D43DA54FD (size_t)
	[RSP+2800] 0x7FF8D12DBF65     (void* -> Buffout4.dll+004BF65)
	[RSP+3000] 0xC3FD2E1D43DC23C3 (size_t)
	[RSP+3800] 0x7FF79DA19CFD     (void* -> Fallout4.exe+0259CFD)
	[RSP+4000] 0x0                (size_t)
	[RSP+4800] 0x0                (size_t)
	[RSP+5000] 0x0                (size_t)
	[RSP+5800] 0x0                (size_t)
	[RSP+6000] 0x405FF800         (size_t)
	[RSP+6800] 0x1CEC04F5730      (void*)
	[RSP+7000] 0x1CF01EE8758      (void*)
	[RSP+7800] 0x7FF79DA16F3C     (void* -> Fallout4.exe+0256F3C)
	[RSP+8000] 0x1CF58EB1260      (hknpCompressedMeshShape*)
	[RSP+8800] 0x1CF01EE8680      (void*)
	[RSP+9000] 0x3C23D70A         (size_t)
	[RSP+9800] 0x0                (size_t)
	[RSP+A000] 0x3F800000         (size_t)
	[RSP+A800] 0x0                (size_t)
	[RSP+B000] 0xBE8275A9C18EAC20 (size_t)
	[RSP+B800] 0xBE8275A9BE8275A9 (size_t)
	[RSP+C000] 0x1CF58EB1260      (hknpCompressedMeshShape*)
	[RSP+C800] 0x7FF79ED3B319     (void* -> Fallout4.exe+157B319)
	[RSP+D000] 0x0                (size_t)
	[RSP+D800] 0x7FF7A0426EC8     (char*) "CreateTriangleMesh"
	[RSP+E000] 0x4F5571F9C0       (void*)
	[RSP+E800] 0x1CFF7010A01      (void*)
	[RSP+F000] 0x1CFF7010A84      (void*)
	[RSP+F800] 0x1CF01EE8758      (void*)
	[RSP+1000] 0x1CF01EE8680      (void*)
	[RSP+1080] 0x4F5571E890       (void*)
	[RSP+1100] 0x0                (size_t)
	[RSP+1180] 0x7FF79DA35ED7     (void* -> Fallout4.exe+0275ED7)
	[RSP+1200] 0x0                (size_t)
	[RSP+1280] 0x4F5571E890       (void*)
	[RSP+1300] 0x4F5571F5D0       (hknpTriangleShape*)
	[RSP+1380] 0x4F5571E980       (void*)
	[RSP+1400] 0x4F5571E898       (void*)
	[RSP+1480] 0x4F5571E814       (void*)
	[RSP+1500] 0x1CF01EE8758      (void*)
	[RSP+1580] 0x1CF01EE87A0      (void*)
	[RSP+1600] 0x1CF01EE87B8      (void*)
	[RSP+1680] 0x1CF01EE87D0      (void*)
	[RSP+1700] 0x1CF01EE87E8      (void*)
	[RSP+1780] 0x1CF01EE8800      (void*)
	[RSP+1800] 0x1CF01EE8818      (void*)
	[RSP+1880] 0x1CF01EE8788      (void*)
	[RSP+1900] 0x1CF01EE8770      (void*)
	[RSP+1980] 0x0                (size_t)
	[RSP+1A00] 0x0                (size_t)
	[RSP+1A80] 0x3F800000         (size_t)
	[RSP+1B00] 0x0                (size_t)
	[RSP+1B80] 0x3F80000000000000 (size_t)
	[RSP+1C00] 0x3F8000003F800000 (size_t)
	[RSP+1C80] 0x3F8000003F800000 (size_t)
	[RSP+1D00] 0x1CEEBFFFFFF      (void*)
	[RSP+1D80] 0x21               (size_t)
	[RSP+1E00] 0x3C96F0FDBE744814 (size_t)
	[RSP+1E80] 0x4F3FB07FC9       (size_t)
	[RSP+1F00] 0x3E3E9000C1BC05BE (size_t)
	[RSP+1F80] 0x0                (size_t)
	[RSP+2000] 0x40E3B067413C47F0 (size_t)
	[RSP+2080] 0x430BD85A         (size_t)
	[RSP+2100] 0x1D00574F200      (void*)
	[RSP+2180] 0x4F00000080       (size_t)
	[RSP+2200] 0x50               (size_t)
	[RSP+2280] 0x1D0035BBA00      (void*)
	[RSP+2300] 0x4F00000040       (size_t)
	[RSP+2380] 0x7FF800000022     (size_t)
	[RSP+2400] 0x1CEBADADC86      (void*)
	[RSP+2480] 0x0                (size_t)
	[RSP+2500] 0xB524863BB524863B (size_t)
	[RSP+2580] 0xFFFFFFFF         (size_t)
	[RSP+2600] 0x0                (size_t)
	[RSP+2680] 0x0                (size_t)
	[RSP+2700] 0x800000017        (size_t)
	[RSP+2780] 0x1300000018       (size_t)
	[RSP+2800] 0x3400000034000000 (size_t)
	[RSP+2880] 0x3400000034000000 (size_t)
	[RSP+2900] 0x0                (size_t)
	[RSP+2980] 0x1CEBEBD0B30      (void*)
	[RSP+2A00] 0x7FF7A04096C8     (void* -> Fallout4.exe+2C496C8)
	[RSP+2A80] 0x4F5571E868       (void*)
	[RSP+2B00] 0x7FF7A04096C8     (void* -> Fallout4.exe+2C496C8)
	[RSP+2B80] 0x4F5571E850       (void*)
	[RSP+2C00] 0x3C96F0FDBE744814 (size_t)
	[RSP+2C80] 0x3F0000023FB07FC9 (size_t)
	[RSP+2D00] 0x7FF7A04096C8     (void* -> Fallout4.exe+2C496C8)
	[RSP+2D80] 0x4F5571E850       (void*)
	[RSP+2E00] 0x0                (size_t)
	[RSP+2E80] 0x1CEBEBD0B30      (void*)
	[RSP+2F00] 0x0                (size_t)
	[RSP+2F80] 0x4F5571ED78       (void*)
	[RSP+3000] 0x0                (size_t)
	[RSP+3080] 0x0                (size_t)
	[RSP+3100] 0x3F463E5BBF85D378 (size_t)
	[RSP+3180] 0x3AC928573E9ACCA4 (size_t)
	[RSP+3200] 0x7FF7A0428280     (char*) "NVFlex::convertCompressedMeshShape"
	[RSP+3280] 0x3AC928573F0ACDAD (size_t)
	[RSP+3300] 0x3F4D2001BF8C4F01 (size_t)
	[RSP+3380] 0x3AC928573E9ACCA4 (size_t)
	[RSP+3400] 0x3F800000         (size_t)
	[RSP+3480] 0x0                (size_t)
	[RSP+3500] 0x3F80000000000000 (size_t)
	[RSP+3580] 0x0                (size_t)
	[RSP+3600] 0x0                (size_t)
	[RSP+3680] 0x3F800000         (size_t)
	[RSP+3700] 0x0                (size_t)
	[RSP+3780] 0x3F80000000000000 (size_t)
	[RSP+3800] 0x3F8000003F800000 (size_t)
	[RSP+3880] 0x3F8000003F800000 (size_t)
	[RSP+3900] 0x1CE00000015      (void*)
	[RSP+3980] 0x4F5571F5D0       (hknpTriangleShape*)
	[RSP+3A00] 0x1CEBEBD0000      (void*)
	[RSP+3A80] 0x4F5571F5D0       (hknpTriangleShape*)
	[RSP+3B00] 0x1CF58EB1260      (hknpCompressedMeshShape*)
	[RSP+3B80] 0xFFFFFFFF         (size_t)
	[RSP+3C00] 0x4F5571EB00       (void*)
	[RSP+3C80] 0x1                (size_t)
	[RSP+3D00] 0x1CEBEBD0B30      (void*)
	[RSP+3D80] 0x1CEC03BD600      (void*)
	[RSP+3E00] 0x1                (size_t)
	[RSP+3E80] 0x1CEBEBD0B30      (void*)
	[RSP+3F00] 0x1CEC04F5730      (void*)
	[RSP+3F80] 0x1CEC04F5730      (void*)
	[RSP+4000] 0x1CEBEBD0B30      (void*)
	[RSP+4080] 0x0                (size_t)
	[RSP+4100] 0x70D142387CC0     (size_t)
	[RSP+4180] 0x7FF8C520D893     (void* -> nvcuda64.dll+01CD893)
	[RSP+4200] 0x0                (size_t)
	[RSP+4280] 0x1CEBEBD0B30      (void*)
	[RSP+4300] 0x4F5571ED60       (void*)
	[RSP+4380] 0x1CEBEBD0B30      (void*)
	[RSP+4400] 0x1CEBEBD0B30      (void*)
	[RSP+4480] 0x1CEBEBD0B30      (void*)
	[RSP+4500] 0x1CEC04F5740      (void*)
	[RSP+4580] 0x1CEC04F5740      (void*)
	[RSP+4600] 0x0                (size_t)
	[RSP+4680] 0x7FF8C509852F     (void* -> nvcuda64.dll+005852F)
	[RSP+4700] 0x1CEC04F5730      (void*)
	[RSP+4780] 0x1CEC0A0A800      (void*)
	[RSP+4800] 0x1CEC04F5730      (void*)
	[RSP+4880] 0x0                (size_t)
	[RSP+4900] 0x1CE00000002      (void*)
	[RSP+4980] 0x0                (size_t)
	[RSP+4A00] 0x0                (size_t)
	[RSP+4A80] 0x0                (size_t)
	[RSP+4B00] 0x25571ED00        (size_t)
	[RSP+4B80] 0x4F5571ED60       (void*)
	[RSP+4C00] 0x0                (size_t)
	[RSP+4C80] 0x1CEC04F5730      (void*)
	[RSP+4D00] 0x3C936026BE7C99B3 (size_t)
	[RSP+4D80] 0x398111633FB07FC9 (size_t)
	[RSP+4E00] 0x3D8D3DDFBEABED7F (size_t)
	[RSP+4E80] 0x398111633FF67FB3 (size_t)
	[RSP+4F00] 0x3C96F0FDBE744814 (size_t)
	[RSP+4F80] 0x398111633FB07FC9 (size_t)
	[RSP+5000] 0x3C936026BE7C99B3 (size_t)
	[RSP+5080] 0x398111633FB07FC9 (size_t)
	[RSP+5100] 0x0                (size_t)
	[RSP+5180] 0x0                (size_t)
	[RSP+5200] 0x4F5571ED60       (void*)
	[RSP+5280] 0x4F5571ED78       (void*)
	[RSP+5300] 0x0                (size_t)
	[RSP+5380] 0x7FF8C5098B16     (void* -> nvcuda64.dll+0058B16)
	[RSP+5400] 0x4F5571ED60       (void*)
	[RSP+5480] 0x0                (size_t)
	[RSP+5500] 0x40000000         (size_t)
	[RSP+5580] 0x4F5571ED78       (void*)
	[RSP+5600] 0x1CEC04F5730      (void*)
	[RSP+5680] 0x1CEC04F5730      (void*)
	[RSP+5700] 0x2                (size_t)
	[RSP+5780] 0x0                (size_t)
	[RSP+5800] 0x2                (size_t)
	[RSP+5880] 0x4F5571ED70       (void*)
	[RSP+5900] 0xFFFFFFFFFFFF0000 (size_t)
	[RSP+5980] 0xFFFFFFFFFFFFFFFF (size_t)
	[RSP+5A00] 0x9C3FFFFFFFF      (size_t)
	[RSP+5A80] 0x0                (size_t)
	[RSP+5B00] 0x304F4F000        (void*)
	[RSP+5B80] 0x7FF800000000     (size_t)
	[RSP+5C00] 0x0                (size_t)
	[RSP+5C80] 0x304F4F000        (void*)
	[RSP+5D00] 0x1CEC04F5730      (void*)
	[RSP+5D80] 0x1D008AEEB90      (void*)
	[RSP+5E00] 0x1CEC04F5730      (void*)
	[RSP+5E80] 0x4F5571ED40       (char*) "x"
	[RSP+5F00] 0x0                (size_t)
	[RSP+5F80] 0x7FF8C509E317     (void* -> nvcuda64.dll+005E317)
	[RSP+6000] 0x304F4F000        (void*)
	[RSP+6080] 0x0                (size_t)
	[RSP+6100] 0x1CEC04F5730      (void*)
	[RSP+6180] 0x1CEC04F5730      (void*)
	[RSP+6200] 0x1                (size_t)
	[RSP+6280] 0x4F5571EC88       (void*)
	[RSP+6300] 0x1000000000000    (size_t)
	[RSP+6380] 0x1CEC07CBBA0      (void*)
	[RSP+6400] 0x0                (size_t)
	[RSP+6480] 0x0                (size_t)
	[RSP+6500] 0x0                (size_t)
	[RSP+6580] 0x0                (size_t)
	[RSP+6600] 0x0                (size_t)
	[RSP+6680] 0x0                (size_t)
	[RSP+6700] 0x1                (size_t)
	[RSP+6780] 0x304F4F000        (void*)
	[RSP+6800] 0x0                (size_t)
	[RSP+6880] 0x0                (size_t)
	[RSP+6900] 0x0                (size_t)
	[RSP+6980] 0x0                (size_t)
	[RSP+6A00] 0x0                (size_t)
	[RSP+6A80] 0x0                (size_t)
	[RSP+6B00] 0x0                (size_t)
	[RSP+6B80] 0x0                (size_t)
	[RSP+6C00] 0x0                (size_t)
	[RSP+6C80] 0x14A0000000002    (size_t)
	[RSP+6D00] 0x0                (size_t)
	[RSP+6D80] 0xC09751600        (size_t)
	[RSP+6E00] 0x0                (size_t)
	[RSP+6E80] 0x0                (size_t)
	[RSP+6F00] 0x0                (size_t)
	[RSP+6F80] 0x0                (size_t)
	[RSP+7000] 0x78               (size_t)
	[RSP+7080] 0x1                (size_t)
	[RSP+7100] 0x1                (size_t)
	[RSP+7180] 0x0                (size_t)
	[RSP+7200] 0x0                (size_t)
	[RSP+7280] 0x1CEC04F5730      (void*)
	[RSP+7300] 0x1CEBEBD0B30      (void*)
	[RSP+7380] 0x1                (size_t)
	[RSP+7400] 0x0                (size_t)
	[RSP+7480] 0x0                (size_t)
	[RSP+7500] 0xFFFFFFFFFFFF0000 (size_t)
	[RSP+7580] 0xFFFFFFFFFFFFFFFF (size_t)
	[RSP+7600] 0x9E3FFFFFFFF      (size_t)
	[RSP+7680] 0x78               (size_t)
	[RSP+7700] 0x1                (size_t)
	[RSP+7780] 0x0                (size_t)
	[RSP+7800] 0x0                (size_t)
	[RSP+7880] 0x0                (size_t)
	[RSP+7900] 0x0                (size_t)
	[RSP+7980] 0x0                (size_t)
	[RSP+7A00] 0x0                (size_t)
	[RSP+7A80] 0x0                (size_t)
	[RSP+7B00] 0x0                (size_t)
	[RSP+7B80] 0x0                (size_t)
	[RSP+7C00] 0x0                (size_t)
	[RSP+7C80] 0x0                (size_t)
	[RSP+7D00] 0xFFFFFFFE00000001 (size_t)
	[RSP+7D80] 0x0                (size_t)
	[RSP+7E00] 0x0                (size_t)
	[RSP+7E80] 0x0                (size_t)
	[RSP+7F00] 0x0                (size_t)
	[RSP+7F80] 0x1                (size_t)
	[RSP+8000] 0x0                (size_t)
	[RSP+8080] 0x0                (size_t)
	[RSP+8100] 0x0                (size_t)
	[RSP+8180] 0x1D008AF5790      (void*)
	[RSP+8200] 0x0                (size_t)
	[RSP+8280] 0x78               (size_t)
	[RSP+8300] 0x1                (size_t)
	[RSP+8380] 0x0                (size_t)
	[RSP+8400] 0x0                (size_t)
	[RSP+8480] 0x0                (size_t)
	[RSP+8500] 0x0                (size_t)
	[RSP+8580] 0x0                (size_t)
	[RSP+8600] 0x0                (size_t)
	[RSP+8680] 0x0                (size_t)
	[RSP+8700] 0x0                (size_t)
	[RSP+8780] 0x0                (size_t)
	[RSP+8800] 0x0                (size_t)
	[RSP+8880] 0x0                (size_t)
	[RSP+8900] 0xFFFFFFFE00000002 (size_t)
	[RSP+8980] 0x0                (size_t)
	[RSP+8A00] 0x0                (size_t)
	[RSP+8A80] 0x0                (size_t)
	[RSP+8B00] 0x0                (size_t)
	[RSP+8B80] 0x78               (size_t)
	[RSP+8C00] 0x1                (size_t)
	[RSP+8C80] 0x1                (size_t)
	[RSP+8D00] 0x0                (size_t)
	[RSP+8D80] 0x0                (size_t)
	[RSP+8E00] 0x0                (size_t)
	[RSP+8E80] 0x0                (size_t)
	[RSP+8F00] 0x0                (size_t)
	[RSP+8F80] 0x0                (size_t)
	[RSP+9000] 0x100000002        (size_t)
	[RSP+9080] 0x7FF800000001     (size_t)
	[RSP+9100] 0x70D142387800     (size_t)
	[RSP+9180] 0x7FF800000000     (size_t)
	[RSP+9200] 0x304F4F000        (void*)
	[RSP+9280] 0x78               (size_t)
	[RSP+9300] 0x304F4F000        (void*)
	[RSP+9380] 0xC09751600        (size_t)
	[RSP+9400] 0x304F4F000        (void*)
	[RSP+9480] 0x0                (size_t)
	[RSP+9500] 0x4F5571F029       (void*)
	[RSP+9580] 0x7FF8C529F303     (void* -> nvcuda64.dll+025F303)
	[RSP+9600] 0x2                (size_t)
	[RSP+9680] 0x1CE61FED838      (char*) "@"
	[RSP+9700] 0x0                (size_t)
	[RSP+9780] 0x7FF8EAC7509D     (void* -> cudart64_75.dll+000509D)
	[RSP+9800] 0x1CF000003E7      (void*)
	[RSP+9880] 0x0                (size_t)
	[RSP+9900] 0x4F5571F049       (void*)
	[RSP+9980] 0x7FF8EAC9D7F7     (void* -> cudart64_75.dll+002D7F7)
	[RSP+9A00] 0x7FF8D9E333B0     (void* -> flexRelease_x64.dll+00233B0)
	[RSP+9A80] 0x0                (size_t)
	[RSP+9B00] 0x1CE5E370FF0      (void*)
	[RSP+9B80] 0x1CE61FED710      (void*)
	[RSP+9C00] 0x1CE5E370FF0      (void*)
	[RSP+9C80] 0x1CE61FE0860      (void*)
	[RSP+9D00] 0x0                (size_t)
	[RSP+9D80] 0x7FF8EAC9DC41     (void* -> cudart64_75.dll+002DC41)
	[RSP+9E00] 0x0                (size_t)
	[RSP+9E80] 0x4F5571F120       (void*)
	[RSP+9F00] 0x4F5571F220       (void*)
	[RSP+9F80] 0x4F5571F290       (void*)
	[RSP+A000] 0x0                (size_t)
	[RSP+A080] 0x0                (size_t)
	[RSP+A100] 0x7FF8C5040000     (void*)
	[RSP+A180] 0x4F5571EFC0       (void*)
	[RSP+A200] 0x100000100        (size_t)
	[RSP+A280] 0x7FF800000001     (size_t)
	[RSP+A300] 0x0                (size_t)
	[RSP+A380] 0xC09751600        (size_t)
	[RSP+A400] 0x4F5571F190       (void*)
	[RSP+A480] 0x7FF8EAC8C175     (void* -> cudart64_75.dll+001C175)
	[RSP+A500] 0x78               (size_t)
	[RSP+A580] 0xC09751600        (size_t)
	[RSP+A600] 0x304F4F000        (void*)
	[RSP+A680] 0xC09751600        (size_t)
	[RSP+A700] 0xC09751600        (size_t)
	[RSP+A780] 0x7FF800000000     (size_t)
	[RSP+A800] 0x0                (size_t)
	[RSP+A880] 0x0                (size_t)
	[RSP+A900] 0x4F5571F6C0       (void*)
	[RSP+A980] 0x7FF8C522B4EC     (void* -> nvcuda64.dll+01EB4EC)
	[RSP+AA00] 0x7FF8D9E333B0     (void* -> flexRelease_x64.dll+00233B0)
	[RSP+AA80] 0x7FF8C5040000     (void*)
	[RSP+AB00] 0x7FF8C5040000     (void*)
	[RSP+AB80] 0x4F5571EFC0       (void*)
	[RSP+AC00] 0x0                (size_t)
	[RSP+AC80] 0x7FF8EAC8683D     (void* -> cudart64_75.dll+001683D)
	[RSP+AD00] 0xC00000200        (size_t)
	[RSP+AD80] 0x7FF8C5040000     (void*)
	[RSP+AE00] 0x0                (size_t)
	[RSP+AE80] 0x0                (size_t)
	[RSP+AF00] 0xC09751600        (size_t)
	[RSP+AF80] 0x304F4F000        (void*)
	[RSP+B000] 0xC09751600        (size_t)
	[RSP+B080] 0x7FF8EAC888CA     (void* -> cudart64_75.dll+00188CA)
	[RSP+B100] 0x1                (size_t)
	[RSP+B180] 0x0                (size_t)
	[RSP+B200] 0x1CE61FED6D0      (void*)
	[RSP+B280] 0x4F5571F1C0       (void*)
	[RSP+B300] 0x1                (size_t)
	[RSP+B380] 0x78               (size_t)
	[RSP+B400] 0x304F4F000        (void*)
	[RSP+B480] 0x7FF8EAC84273     (void* -> cudart64_75.dll+0014273)
	[RSP+B500] 0x1CE61FED710      (void*)
	[RSP+B580] 0x7FF8C5040000     (void*)
	[RSP+B600] 0x4F5571EFC0       (void*)
	[RSP+B680] 0x7FF8EAC8C07F     (void* -> cudart64_75.dll+001C07F)
	[RSP+B700] 0x304F4F000        (void*)
	[RSP+B780] 0x7FF8EAC76C2E     (void* -> cudart64_75.dll+0006C2E)
	[RSP+B800] 0x1CE61FED710      (void*)
	[RSP+B880] 0x0                (size_t)
	[RSP+B900] 0x78               (size_t)
	[RSP+B980] 0x1                (size_t)
	[RSP+BA00] 0x0                (size_t)
	[RSP+BA80] 0x7FF8C5040000     (void*)
	[RSP+BB00] 0x4F5571EFC0       (void*)
	[RSP+BB80] 0x7FF8EAC76BF0     (void* -> cudart64_75.dll+0006BF0)
	[RSP+BC00] 0x78               (size_t)
	[RSP+BC80] 0x7FF8EAC76CD1     (void* -> cudart64_75.dll+0006CD1)
	[RSP+BD00] 0x1CE61FE0860      (void*)
	[RSP+BD80] 0x4F5571F311       (void*)
	[RSP+BE00] 0x1                (size_t)
	[RSP+BE80] 0x4F5571F4D8       (void*)
	[RSP+BF00] 0x0                (size_t)
	[RSP+BF80] 0x4F5571EF00       (void*)
	[RSP+C000] 0x7FF8EAC76CBA     (void* -> cudart64_75.dll+0006CBA)
	[RSP+C080] 0x7FF8EAC9B531     (void* -> cudart64_75.dll+002B531)
	[RSP+C100] 0x100000100        (size_t)
	[RSP+C180] 0x1                (size_t)
	[RSP+C200] 0x4410000000000000 (size_t)
	[RSP+C280] 0x7FF800000000     (size_t)
	[RSP+C300] 0x0                (size_t)
	[RSP+C380] 0x1                (size_t)
	[RSP+C400] 0x3C08888100000000 (size_t)
	[RSP+C480] 0x0                (size_t)
	[RSP+C500] 0x100000100        (size_t)
	[RSP+C580] 0x1CE00000001      (void*)
	[RSP+C600] 0x100000100        (size_t)
	[RSP+C680] 0x7FF800000001     (size_t)
	[RSP+C700] 0x3C0888813A000000 (size_t)
	[RSP+C780] 0x4F3A000000       (size_t)
	[RSP+C800] 0x38D1B71738D1B717 (size_t)
	[RSP+C880] 0x7FF838D1B717     (size_t)
	[RSP+C900] 0x100000002        (size_t)
	[RSP+C980] 0x7FF800000001     (size_t)
	[RSP+CA00] 0x100000100        (size_t)
	[RSP+CA80] 0x1                (size_t)
	[RSP+CB00] 0x100000002        (size_t)
	[RSP+CB80] 0x7FF800000001     (size_t)
	[RSP+CC00] 0x100000002        (size_t)
	[RSP+CC80] 0x4F00000001       (size_t)
	[RSP+CD00] 0x100000100        (size_t)
	[RSP+CD80] 0x7FF800000001     (size_t)
	[RSP+CE00] 0x100000100        (size_t)
	[RSP+CE80] 0x7FF8C5040000     (void*)
	[RSP+CF00] 0x4F5571EFC0       (void*)
	[RSP+CF80] 0x7FF8EAC9B3C2     (void* -> cudart64_75.dll+002B3C2)
	[RSP+D000] 0x1CEDC6E3CB0      (void*)
	[RSP+D080] 0x7FF8D12DBF65     (void* -> Buffout4.dll+004BF65)
	[RSP+D100] 0x0                (size_t)
	[RSP+D180] 0x7FF79DA1A62F     (void* -> Fallout4.exe+025A62F)
	[RSP+D200] 0x4F00000000       (size_t)
	[RSP+D280] 0x7FF8D12DAB4F     (void* -> Buffout4.dll+004AB4F)
	[RSP+D300] 0x269              (size_t)
	[RSP+D380] 0x6                (size_t)
	[RSP+D400] 0x1CF01EE8770      (void*)
	[RSP+D480] 0x1CF01EE8758      (void*)
	[RSP+D500] 0x1CFF7003FA0      (void*)
	[RSP+D580] 0x7FF8D12DC289     (void* -> Buffout4.dll+004C289)
	[RSP+D600] 0x1CFF7003FA0      (void*)
	[RSP+D680] 0x1CF41AE3AC0      (hknpConvexPolytopeShape*)
	[RSP+D700] 0x1CF41AE3AC0      (hknpConvexPolytopeShape*)
	[RSP+D780] 0x0                (size_t)
	[RSP+D800] 0x0                (size_t)
	[RSP+D880] 0x7FF79DA39DF0     (void* -> Fallout4.exe+0279DF0)
	[RSP+D900] 0x6                (size_t)
	[RSP+D980] 0x1CF3C23D70A      (void*)
	[RSP+DA00] 0x4F5571F4E0       (void*)
	[RSP+DA80] 0x7FF79DA1A62F     (void* -> Fallout4.exe+025A62F)
	[RSP+DB00] 0x1CFF7003FA0      (void*)
	[RSP+DB80] 0x600000000        (size_t)
	[RSP+DC00] 0x0                (size_t)
	[RSP+DC80] 0x7FF79DA1A62F     (void* -> Fallout4.exe+025A62F)
	[RSP+DD00] 0x7FF7A057D468     (void* -> Fallout4.exe+2DBD468)
	[RSP+DD80] 0xF00001           (size_t)
	[RSP+DE00] 0x10009C3          (size_t)
	[RSP+DE80] 0x0                (size_t)
	[RSP+DF00] 0x0                (size_t)
	[RSP+DF80] 0x0                (size_t)
	[RSP+E000] 0x200004           (size_t)
	[RSP+E080] 0x0                (size_t)
	[RSP+E100] 0x8C000400500004   (size_t)
	[RSP+E180] 0x980008           (size_t)
	[RSP+E200] 0x3F463E5BBF85D378 (size_t)
	[RSP+E280] 0x3F0000003E9ACCA4 (size_t)
	[RSP+E300] 0xBD6D4A5EBFC6D942 (size_t)
	[RSP+E380] 0x3F0000013F0ACDAD (size_t)
	[RSP+E400] 0x3F4D2001BF8C4F04 (size_t)
	[RSP+E480] 0x3F0000023E9ACCA4 (size_t)
	[RSP+E500] 0x3F463E5BBF85D378 (size_t)
	[RSP+E580] 0x3F0000003E9ACCA4 (size_t)
	[RSP+E600] 0xBE586B18BDE5BBB2 (size_t)
	[RSP+E680] 0x3EAE0D2DBF789061 (size_t)
	[RSP+E700] 0x3E586B183DE5BBB2 (size_t)
	[RSP+E780] 0xBEAE0D2D3F789061 (size_t)
	[RSP+E800] 0xBE586B18BDE5BBB2 (size_t)
	[RSP+E880] 0x3EAE0D2DBF789061 (size_t)
	[RSP+E900] 0xBE586B18BDE5BBB2 (size_t)
	[RSP+E980] 0x3EAE0D2DBF789061 (size_t)
	[RSP+EA00] 0x7F0400047F040000 (size_t)
	[RSP+EA80] 0x7F0400007F040000 (size_t)
	[RSP+EB00] 0x300010203020100  (size_t)
	[RSP+EB80] 0x0                (size_t)
	[RSP+EC00] 0x0                (size_t)
	[RSP+EC80] 0x0                (size_t)
	[RSP+ED00] 0x0                (size_t)
	[RSP+ED80] 0x0                (size_t)
	[RSP+EE00] 0x0                (size_t)
	[RSP+EE80] 0x7FF79DA1A62F     (void* -> Fallout4.exe+025A62F)
	[RSP+EF00] 0x0                (size_t)
	[RSP+EF80] 0x0                (size_t)
	[RSP+F000] 0x3F800000         (size_t)
	[RSP+F080] 0x0                (size_t)
	[RSP+F100] 0x405FF8D5         (size_t)
	[RSP+F180] 0x0                (size_t)
	[RSP+F200] 0x1CEDC7D3E00      (void*)
	[RSP+F280] 0x1CFF70109A4      (void*)
	[RSP+F300] 0x0                (size_t)
	[RSP+F380] 0x1CEDC5F6080      (hknpBSWorld*)
	[RSP+F400] 0x1CF01EE8758      (void*)
	[RSP+F480] 0x1CF01EE8680      (void*)
	[RSP+F500] 0x1D002112106      (void*)
	[RSP+F580] 0x7FF79DA1679C     (void* -> Fallout4.exe+025679C)
	[RSP+F600] 0x1CF01EE8680      (void*)
	[RSP+F680] 0x1CF41B95080      (hknpCompressedMeshShape*)
	[RSP+F700] 0x4F5571F8A0       (void*)
	[RSP+F780] 0x1CF01EE87A0      (void*)
	[RSP+F800] 0x1CF405FF8D5      (void*)
	[RSP+F880] 0x1CF01EE8700      (char*) "M"
	[RSP+F900] 0x7FF7A057D468     (void* -> Fallout4.exe+2DBD468)
	[RSP+F980] 0xF00001           (size_t)
	[RSP+FA00] 0x10009E3          (size_t)
	[RSP+FA80] 0xE538F7DB         (size_t)
	[RSP+FB00] 0x0                (size_t)
	[RSP+FB80] 0x0                (size_t)
	[RSP+FC00] 0x200004           (size_t)
	[RSP+FC80] 0x0                (size_t)
	[RSP+FD00] 0x8C000400500004   (size_t)
	[RSP+FD80] 0x980008           (size_t)
	[RSP+FE00] 0x3C936026BE7C99B3 (size_t)
	[RSP+FE80] 0x3F0000003FB07FC9 (size_t)
	[RSP+FF00] 0x3D8D3DDFBEABED7F (size_t)
	[RSP+FF80] 0x3F0000013FF67FB3 (size_t)
	[RSP+1000] 0x3C96F0FDBE744814 (size_t)
	[RSP+1008] 0x3F0000023FB07FC9 (size_t)
	[RSP+1010] 0x3C936026BE7C99B3 (size_t)
	[RSP+1018] 0x3F0000003FB07FC9 (size_t)
	[RSP+1020] 0x3F7E51A9BD5A05B9 (size_t)
	[RSP+1028] 0x3DDE814CBDCF6905 (size_t)
	[RSP+1030] 0xBF7E51A93D5A05B9 (size_t)
	[RSP+1038] 0xBDDE814C3DCF6905 (size_t)
	[RSP+1040] 0x3F7E51A9BD5A05B9 (size_t)
	[RSP+1048] 0x3DDE814CBDCF6905 (size_t)
	[RSP+1050] 0x3F7E51A9BD5A05B9 (size_t)
	[RSP+1058] 0x3DDE814CBDCF6905 (size_t)
	[RSP+1060] 0x7F0400047F040000 (size_t)
	[RSP+1068] 0x7F0400007F040000 (size_t)
	[RSP+1070] 0x300010203020100  (size_t)
	[RSP+1078] 0x0                (size_t)
	[RSP+1080] 0x0                (size_t)
	[RSP+1088] 0x0                (size_t)
	[RSP+1090] 0x0                (size_t)
	[RSP+1098] 0x0                (size_t)
	[RSP+10A0] 0x0                (size_t)
	[RSP+10A8] 0x0                (size_t)
	[RSP+10B0] 0x0                (size_t)
	[RSP+10B8] 0x0                (size_t)
	[RSP+10C0] 0x3F800000         (size_t)
	[RSP+10C8] 0x0                (size_t)
	[RSP+10D0] 0x405FF8D5         (size_t)
	[RSP+10D8] 0x0                (size_t)
	[RSP+10E0] 0x1CEDC7DCD70      (void*)
	[RSP+10E8] 0x1CFF7010A84      (void*)
	[RSP+10F0] 0x0                (size_t)
	[RSP+10F8] 0x1CEDC5F6080      (hknpBSWorld*)
	[RSP+1100] 0x1CF01EE8758      (void*)
	[RSP+1108] 0x1CF01EE8680      (void*)
	[RSP+1110] 0x4F5571F890       (void*)
	[RSP+1118] 0x7FF79DA16565     (void* -> Fallout4.exe+0256565)
	[RSP+1120] 0x1CF01EE8680      (void*)
	[RSP+1128] 0x1CF58EB1260      (hknpCompressedMeshShape*)
	[RSP+1130] 0x4F5571F9C0       (void*)
	[RSP+1138] 0x1CF01EE87A0      (void*)
	[RSP+1140] 0x1CF405FF8D5      (void*)
	[RSP+1148] 0x1CF01EE8700      (char*) "M"
	[RSP+1150] 0x1CFF7010A84      (void*)
	[RSP+1158] 0x1CF01EE8758      (void*)
	[RSP+1160] 0x1CF01EE87A0      (void*)
	[RSP+1168] 0x1CF01EE87B8      (void*)
	[RSP+1170] 0x1CF01EE87D0      (void*)
	[RSP+1178] 0x1CF01EE87E8      (void*)
	[RSP+1180] 0x1CF01EE8800      (void*)
	[RSP+1188] 0x1CF01EE8818      (void*)
	[RSP+1190] 0x1CF01EE8788      (void*)
	[RSP+1198] 0x1CF01EE8770      (void*)
	[RSP+11A0] 0x0                (size_t)
	[RSP+11A8] 0x0                (size_t)
	[RSP+11B0] 0x0                (size_t)
	[RSP+11B8] 0x0                (size_t)
	[RSP+11C0] 0x0                (size_t)
	[RSP+11C8] 0x0                (size_t)
	[RSP+11D0] 0x1D002112100      (void*)
	[RSP+11D8] 0x8000001000000000 (size_t)
	[RSP+11E0] 0x1D002112100      (void*)
	[RSP+11E8] 0x10               (size_t)
	[RSP+11F0] 0x4                (size_t)
	[RSP+11F8] 0x1D002112108      (void*)
	[RSP+1200] 0x7FF7A0428E28     (char*) "COMPRESSED_MESH"
	[RSP+1208] 0x7FF8C51DD207     (void* -> nvcuda64.dll+019D207)
	[RSP+1210] 0x1                (size_t)
	[RSP+1218] 0x7FF8C51AAB18     (void* -> nvcuda64.dll+016AB18)
	[RSP+1220] 0x3F800000         (size_t)
	[RSP+1228] 0x3F00004000000000 (size_t)
	[RSP+1230] 0x3F80000000000000 (size_t)
	[RSP+1238] 0x0                (size_t)
	[RSP+1240] 0x0                (size_t)
	[RSP+1248] 0x3F0000903F800000 (size_t)
	[RSP+1250] 0x0                (size_t)
	[RSP+1258] 0x3F00000400000000 (size_t)
	[RSP+1260] 0xBE9CF7D6BF73AC22 (size_t)
	[RSP+1268] 0x7FF8E1066480     (void* -> MSVCR110.dll+0036480)
	[RSP+1270] 0xBF73AC223E9CF7D6 (size_t)
	[RSP+1278] 0xC41C72DA00000000 (size_t)
	[RSP+1280] 0x0                (size_t)
	[RSP+1288] 0xC11383C53F800000 (size_t)
	[RSP+1290] 0x1D0056DFAE0      (void*)
	[RSP+1298] 0x7FF79DA18365     (void* -> Fallout4.exe+0258365)
	[RSP+12A0] 0x1D0056DFD70      (void*)
	[RSP+12A8] 0x7FF79F2D093F     (void* -> Fallout4.exe+1B1093F)
	[RSP+12B0] 0x405FF8D5         (size_t)
	[RSP+12B8] 0x0                (size_t)
	[RSP+12C0] 0x1CF01EE86A0      (char*) "*"
	[RSP+12C8] 0x9E6F1DFF         (size_t)
	[RSP+12D0] 0x4F5571FA20       (void*)
	[RSP+12D8] 0x7FF79DA16AD6     (void* -> Fallout4.exe+0256AD6)
	[RSP+12E0] 0x1CEDC5F6710      (void*)
	[RSP+12E8] 0x1CF58EB1260      (hknpCompressedMeshShape*)
	[RSP+12F0] 0x1CEDC5F6710      (void*)
	[RSP+12F8] 0x4F5571F9C0       (void*)
	[RSP+1300] 0x4F3F800000       (size_t)
	[RSP+1308] 0x4F5571FA00       (void*)
	[RSP+1310] 0x1CFF7010A84      (void*)
	[RSP+1318] 0x7FF8D12DBF65     (void* -> Buffout4.dll+004BF65)
	[RSP+1320] 0x5700000000       (size_t)
	[RSP+1328] 0x9E6F1DFF00001BEF (size_t)
	[RSP+1330] 0x9E6F1DFF         (size_t)
	[RSP+1338] 0x26               (size_t)
	[RSP+1340] 0x1CE7CE35170      (void*)
	[RSP+1348] 0x7FF7A04096C8     (void* -> Fallout4.exe+2C496C8)
	[RSP+1350] 0x1CF01EE8680      (void*)
	[RSP+1358] 0x1CEDC5F6080      (hknpBSWorld*)
	[RSP+1360] 0xCA               (size_t)
	[RSP+1368] 0x7FF7A0426E10     (char*) "NVFlex::CollisionGeometryCache::GetCollisionGeometries"
	[RSP+1370] 0xF6FC3E00         (size_t)
	[RSP+1378] 0x1CEDC5F6001      (void*)
	[RSP+1380] 0x3F7FE40DBCEF3760 (size_t)
	[RSP+1388] 0x44020BF500000000 (size_t)
	[RSP+1390] 0xBCEF3760BF7FE40D (size_t)
	[RSP+1398] 0x43D75B4100000000 (size_t)
	[RSP+13A0] 0x0                (size_t)
	[RSP+13A8] 0xC113482C3F800000 (size_t)
	[RSP+13B0] 0xC3FDB1A143DEDC13 (size_t)
	[RSP+13B8] 0x4113482C         (size_t)
	[RSP+13C0] 0x3C89A9FC         (size_t)
	[RSP+13C8] 0x0                (size_t)
	[RSP+13D0] 0x3C89A9FC         (size_t)
	[RSP+13D8] 0x0                (size_t)
	[RSP+13E0] 0x0                (size_t)
	[RSP+13E8] 0x0                (size_t)
	[RSP+13F0] 0x1CEFD67B0E8      (void*)
	[RSP+13F8] 0x1CF01EE8100      (void*)
	[RSP+1400] 0x1CEDC5F6080      (hknpBSWorld*)
	[RSP+1408] 0x1CEDC946E10      (void*)
	[RSP+1410] 0x4F5571FAE9       (void*)
	[RSP+1418] 0x7FF79DA2CA1E     (void* -> Fallout4.exe+026CA1E)
	[RSP+1420] 0x1CF01EE8680      (void*)
	[RSP+1428] 0x1CEDC5F6080      (hknpBSWorld*)
	[RSP+1430] 0x4F5571FA80       (void*)
	[RSP+1438] 0x7FF79DA2DEED     (void* -> Fallout4.exe+026DEED)
	[RSP+1440] 0x1D005753C00      (char*) "C"
	[RSP+1448] 0x1CF00000100      (void*)
	[RSP+1450] 0x1CE000000CA      (void*)
	[RSP+1458] 0x0                (size_t)
	[RSP+1460] 0x407F220C5ADD     (size_t)
	[RSP+1468] 0x4081220F5ADF     (size_t)
	[RSP+1470] 0x7FF7A04096C8     (void* -> Fallout4.exe+2C496C8)
	[RSP+1478] 0x4F5571FA80       (void*)
	[RSP+1480] 0x7FF7A0427F08     (char*) "Collect Havok Ids"
	[RSP+1488] 0x40C3DCCE         (size_t)
	[RSP+1490] 0xC3F05D6A43E3BA01 (size_t)
	[RSP+1498] 0x4145601F         (size_t)
	[RSP+14A0] 0x7FF7A0427ED0     (char*) "NVFlex::Simulation::updateCollisionGeometryCache"
	[RSP+14A8] 0x7FF7A0427E88     (char*) "NVFlex::Simulation::updateHostSideSolverData"
	[RSP+14B0] 0x1                (size_t)
	[RSP+14B8] 0x1CE00000001      (void*)
	[RSP+14C0] 0x3C89A9FC         (size_t)
	[RSP+14C8] 0x0                (size_t)
	[RSP+14D0] 0x0                (size_t)
	[RSP+14D8] 0x0                (size_t)
	[RSP+14E0] 0x0                (size_t)
	[RSP+14E8] 0x1CEFD67B0E8      (void*)
	[RSP+14F0] 0x0                (size_t)
	[RSP+14F8] 0x1CE5C7C5600      (NVFlex::FlexThread*)
	[RSP+1500] 0x1CF01EE8100      (void*)
	[RSP+1508] 0x7FF79DA2C45E     (void* -> Fallout4.exe+026C45E)
	[RSP+1510] 0x1CF01EE8100      (void*)
	[RSP+1518] 0x1CEFD67B0E0      (void*)
	[RSP+1520] 0x0                (size_t)
	[RSP+1528] 0x39               (size_t)
	[RSP+1530] 0x0                (size_t)
	[RSP+1538] 0x0                (size_t)
	[RSP+1540] 0x0                (size_t)
	[RSP+1548] 0x0                (size_t)
	[RSP+1550] 0x0                (size_t)
	[RSP+1558] 0x0                (size_t)
	[RSP+1560] 0x0                (size_t)
	[RSP+1568] 0x7FF79DA2AB0C     (void* -> Fallout4.exe+026AB0C)
	[RSP+1570] 0x1CEFD67B0E0      (void*)
	[RSP+1578] 0x1CE5C7C5600      (NVFlex::FlexThread*)
	[RSP+1580] 0x1CEFD67B0E8      (void*)
	[RSP+1588] 0x0                (size_t)
	[RSP+1590] 0x0                (size_t)
	[RSP+1598] 0x7FF79F2DCFED     (void* -> Fallout4.exe+1B1CFED)
	[RSP+15A0] 0x1CE5C7C5600      (NVFlex::FlexThread*)
	[RSP+15A8] 0x0                (size_t)
	[RSP+15B0] 0x0                (size_t)
	[RSP+15B8] 0x0                (size_t)
	[RSP+15C0] 0x1CE5C7C5600      (NVFlex::FlexThread*)
	[RSP+15C8] 0x0                (size_t)
	[RSP+15D0] 0x0                (size_t)
	[RSP+15D8] 0x7FF9388026AD     (void* -> KERNEL32.DLL+00126AD)
	[RSP+15E0] 0x0                (size_t)
	[RSP+15E8] 0x0                (size_t)
	[RSP+15F0] 0x0                (size_t)
	[RSP+15F8] 0x0                (size_t)
	[RSP+1600] 0x0                (size_t)
	[RSP+1608] 0x7FF939E0AA68     (void* -> ntdll.dll+005AA68)
	[RSP+1610] 0x0                (size_t)
	[RSP+1618] 0x0                (size_t)
	[RSP+1620] 0x0                (size_t)
	[RSP+1628] 0x0                (size_t)
	[RSP+1630] 0x0                (size_t)
	[RSP+1638] 0x0                (size_t)
	[RSP+1640] 0xC5FC878800000000 (size_t)
	[RSP+1648] 0x0                (size_t)
	[RSP+1650] 0x4F0FFFFFB30      (size_t)
	[RSP+1658] 0x7FF93738BD30     (void* -> KERNELBASE.dll+015BD30)
	[RSP+1660] 0x4F5571D780       (void*)
	[RSP+1668] 0xB800007FF9F2C43A (size_t)
	[RSP+1670] 0x7FF9F2C43AB8     (size_t)
	[RSP+1678] 0x4F5571D780       (void*)
	[RSP+1680] 0x0                (size_t)
	[RSP+1688] 0x0                (size_t)
	[RSP+1690] 0x0                (size_t)
	[RSP+1698] 0x0                (size_t)
	[RSP+16A0] 0x0                (size_t)
	[RSP+16A8] 0x0                (size_t)
	[RSP+16B0] 0x0                (size_t)
	[RSP+16B8] 0x0                (size_t)
	[RSP+16C0] 0x0                (size_t)
	[RSP+16C8] 0x0                (size_t)
	[RSP+16D0] 0x0                (size_t)
	[RSP+16D8] 0x0                (size_t)
	[RSP+16E0] 0x0                (size_t)
	[RSP+16E8] 0x0                (size_t)
	[RSP+16F0] 0x0                (size_t)
	[RSP+16F8] 0x0                (size_t)
	[RSP+1700] 0x0                (size_t)
	[RSP+1708] 0x0                (size_t)
	[RSP+1710] 0x0                (size_t)
	[RSP+1718] 0x0                (size_t)
	[RSP+1720] 0x0                (size_t)
	[RSP+1728] 0x0                (size_t)
	[RSP+1730] 0x0                (size_t)
	[RSP+1738] 0x0                (size_t)
	[RSP+1740] 0x0                (size_t)
	[RSP+1748] 0x0                (size_t)
	[RSP+1750] 0x0                (size_t)
	[RSP+1758] 0x0                (size_t)
	[RSP+1760] 0x0                (size_t)
	[RSP+1768] 0x0                (size_t)
	[RSP+1770] 0x0                (size_t)
	[RSP+1778] 0x0                (size_t)
	[RSP+1780] 0x0                (size_t)
	[RSP+1788] 0x0                (size_t)
	[RSP+1790] 0x0                (size_t)
	[RSP+1798] 0x0                (size_t)
	[RSP+17A0] 0x0                (size_t)
	[RSP+17A8] 0x0                (size_t)
	[RSP+17B0] 0x0                (size_t)
	[RSP+17B8] 0x0                (size_t)
	[RSP+17C0] 0x0                (size_t)
	[RSP+17C8] 0x0                (size_t)
	[RSP+17D0] 0x0                (size_t)
	[RSP+17D8] 0x0                (size_t)
	[RSP+17E0] 0x0                (size_t)
	[RSP+17E8] 0x0                (size_t)
	[RSP+17F0] 0x0                (size_t)
	[RSP+17F8] 0x0                (size_t)
	[RSP+1800] 0x0                (size_t)
	[RSP+1808] 0x0                (size_t)
	[RSP+1810] 0x0                (size_t)
	[RSP+1818] 0x0                (size_t)
	[RSP+1820] 0x0                (size_t)
	[RSP+1828] 0x0                (size_t)
	[RSP+1830] 0x0                (size_t)
	[RSP+1838] 0x0                (size_t)
	[RSP+1840] 0x0                (size_t)
	[RSP+1848] 0x0                (size_t)
	[RSP+1850] 0x0                (size_t)
	[RSP+1858] 0x0                (size_t)
	[RSP+1860] 0x0                (size_t)
	[RSP+1868] 0x0                (size_t)
	[RSP+1870] 0x0                (size_t)
	[RSP+1878] 0x0                (size_t)
	[RSP+1880] 0x0                (size_t)
	[RSP+1888] 0x0                (size_t)
	[RSP+1890] 0x0                (size_t)
	[RSP+1898] 0x0                (size_t)
	[RSP+18A0] 0x0                (size_t)
	[RSP+18A8] 0x0                (size_t)
	[RSP+18B0] 0x0                (size_t)
	[RSP+18B8] 0x0                (size_t)
	[RSP+18C0] 0x0                (size_t)
	[RSP+18C8] 0x0                (size_t)
	[RSP+18D0] 0x0                (size_t)
	[RSP+18D8] 0x0                (size_t)
	[RSP+18E0] 0x0                (size_t)
	[RSP+18E8] 0x0                (size_t)
	[RSP+18F0] 0x0                (size_t)
	[RSP+18F8] 0x0                (size_t)
	[RSP+1900] 0x0                (size_t)
	[RSP+1908] 0x0                (size_t)
	[RSP+1910] 0x0                (size_t)
	[RSP+1918] 0x0                (size_t)
	[RSP+1920] 0x0                (size_t)
	[RSP+1928] 0x0                (size_t)
	[RSP+1930] 0x0                (size_t)
	[RSP+1938] 0x0                (size_t)
	[RSP+1940] 0x0                (size_t)
	[RSP+1948] 0x0                (size_t)
	[RSP+1950] 0x0                (size_t)
	[RSP+1958] 0x0                (size_t)
	[RSP+1960] 0x0                (size_t)
	[RSP+1968] 0x0                (size_t)
	[RSP+1970] 0x0                (size_t)
	[RSP+1978] 0x0                (size_t)
	[RSP+1980] 0x0                (size_t)
	[RSP+1988] 0x0                (size_t)
	[RSP+1990] 0x0                (size_t)
	[RSP+1998] 0x0                (size_t)
	[RSP+19A0] 0x0                (size_t)
	[RSP+19A8] 0x0                (size_t)
	[RSP+19B0] 0x0                (size_t)
	[RSP+19B8] 0x0                (size_t)

MODULES:
	xinput1_3.dll                 0x000000400000
	X3DAudio1_7.dll               0x00006CA70000
	steam_api64.dll               0x00006CA80000
	Fallout4.exe                  0x7FF79D7C0000
	nvcuda.dll                    0x7FF8C3D80000
	nvcuda64.dll                  0x7FF8C5040000
	d3dcompiler_47_64.dll         0x7FF8C59E0000
	steamclient64.dll             0x7FF8C5DF0000
	NvCamera64.dll                0x7FF8CE140000
	gameoverlayrenderer64.dll     0x7FF8CE9A0000
	PhysXDevice64.dll             0x7FF8D0180000
	Buffout4.dll                  0x7FF8D1290000
	XAudio2_7.dll                 0x7FF8D1F10000
	IPHLPAPI.DLL                  0x7FF8D2310000
	ShadowBoostFO4.dll            0x7FF8D2B30000
	XDI.dll                       0x7FF8D5400000
	mcm.dll                       0x7FF8D5470000
	place.dll                     0x7FF8D5680000
	ClassicHolsteredWeapons.dll   0x7FF8D6170000
	DINPUT8.dll                   0x7FF8D6CE0000
	tier0_s64.dll                 0x7FF8D8760000
	BakaScrapHeap.dll             0x7FF8D8AD0000
	f4se_1_10_163.dll             0x7FF8D8F20000
	flexRelease_x64.dll           0x7FF8D9E10000
	HighFPSPhysicsFix.dll         0x7FF8DB620000
	vstdlib_s64.dll               0x7FF8DBAB0000
	SprintSpeedController.dll     0x7FF8E0E10000
	MSVCR110.dll                  0x7FF8E1030000
	GFSDK_SSAO_D3D11.win64.dll    0x7FF8E1380000
	MSVCP110.dll                  0x7FF8E1CB0000
	achievements.dll              0x7FF8E2EE0000
	bink2w64.dll                  0x7FF8E7930000
	cudart64_75.dll               0x7FF8EAC70000
	GFSDK_GodraysLib.x64.dll      0x7FF8F3B20000
	ShadowBoost.asi               0x7FF8F45E0000
	flexExtRelease_x64.dll        0x7FF8F4AD0000
	nvspcap64.dll                 0x7FF8F5B70000
	AudioDevProps2.dll            0x7FF8F86F0000
	ProductInfo.dll               0x7FF8F9B90000
	dxgi.dll                      0x7FF8FCEC0000
	f4se_steam_loader.dll         0x7FF8FF1A0000
	xinput1_4.dll                 0x7FF905BF0000
	PriorityMod.dll               0x7FF9065B0000
	MessageBus.dll                0x7FF90BD90000
	TextShaping.dll               0x7FF90CA20000
	textinputframework.dll        0x7FF90E2B0000
	VCRUNTIME140_1.dll            0x7FF913F10000
	MSVCP140.dll                  0x7FF913F20000
	VCRUNTIME140.dll              0x7FF913FB0000
	ResampleDmo.DLL               0x7FF914320000
	MessageBus.dll                0x7FF9145D0000
	DSOUND.DLL                    0x7FF914EE0000
	inputhost.dll                 0x7FF914F90000
	msdmo.dll                     0x7FF915C20000
	ncryptsslp.dll                0x7FF917210000
	Secur32.dll                   0x7FF91A2D0000
	XINPUT1_3.dll                 0x7FF91D6A0000
	winmmbase.dll                 0x7FF91F000000
	nvwgf2umx.dll                 0x7FF91FD40000
	nvapi64.dll                   0x7FF925690000
	Windows.UI.dll                0x7FF9268C0000
	OneCoreCommonProxyStub.dll    0x7FF926DC0000
	ASM.Plugin.AudioDevProps2.dll 0x7FF927DE0000
	AudioSes.dll                  0x7FF9286F0000
	SprintStutteringFix.dll       0x7FF928B00000
	WINSPOOL.DRV                  0x7FF929600000
	COMCTL32.dll                  0x7FF929860000
	webio.dll                     0x7FF929C00000
	XINPUT9_1_0.dll               0x7FF92ABE0000
	MpOav.dll                     0x7FF92ACD0000
	amsi.dll                      0x7FF92AD50000
	wbemsvc.dll                   0x7FF92B030000
	fastprox.dll                  0x7FF92B0D0000
	MMDevApi.dll                  0x7FF92BC70000
	OneCoreUAPCommonProxyStub.dll 0x7FF92BE70000
	nvldumdx.dll                  0x7FF92C5F0000
	wbemcomn.dll                  0x7FF92CBC0000
	wbemprox.dll                  0x7FF92CC40000
	rasadhlp.dll                  0x7FF92E0C0000
	drvstore.dll                  0x7FF92E120000
	cryptnet.dll                  0x7FF92E280000
	fwpuclnt.dll                  0x7FF92E3C0000
	dhcpcsvc.DLL                  0x7FF92F210000
	dhcpcsvc6.DLL                 0x7FF92F230000
	CoreUIComponents.dll          0x7FF92F710000
	avrt.dll                      0x7FF92FA80000
	VERSION.dll                   0x7FF92FA90000
	WINHTTP.dll                   0x7FF92FAA0000
	WINMM.dll                     0x7FF92FBE0000
	directxdatabasehelper.dll     0x7FF930690000
	nvToolsExt64_1.dll            0x7FF930DB0000
	PropSys.dll                   0x7FF9321E0000
	MSIMG32.dll                   0x7FF9327F0000
	D3DCOMPILER_47.dll            0x7FF9328A0000
	WindowsCodecs.dll             0x7FF932C90000
	d3d11.dll                     0x7FF933680000
	dcomp.dll                     0x7FF9338E0000
	CoreMessaging.dll             0x7FF933F40000
	apphelp.dll                   0x7FF934220000
	WINNSI.DLL                    0x7FF9343C0000
	UxTheme.dll                   0x7FF934430000
	dxcore.dll                    0x7FF934510000
	dxgi.dll                      0x7FF934550000
	dwmapi.dll                    0x7FF934750000
	resourcepolicyclient.dll      0x7FF9348C0000
	DbgHelp.dll                   0x7FF934DD0000
	wintypes.dll                  0x7FF935020000
	windows.storage.dll           0x7FF935160000
	HID.DLL                       0x7FF935A50000
	IpHlpAPI.dll                  0x7FF935D20000
	DNSAPI.dll                    0x7FF935D90000
	UMPDC.dll                     0x7FF936060000
	powrprof.dll                  0x7FF936080000
	schannel.DLL                  0x7FF936120000
	rsaenh.dll                    0x7FF936230000
	kernel.appcore.dll            0x7FF9362C0000
	ntmarta.dll                   0x7FF9362E0000
	SSPICLI.DLL                   0x7FF936520000
	MSWSOCK.dll                   0x7FF936740000
	USERENV.dll                   0x7FF936830000
	CRYPTBASE.DLL                 0x7FF936990000
	CRYPTSP.dll                   0x7FF9369A0000
	wldp.dll                      0x7FF936A40000
	NTASN1.dll                    0x7FF936AC0000
	ncrypt.dll                    0x7FF936B00000
	bcrypt.dll                    0x7FF936B30000
	devobj.dll                    0x7FF936E30000
	cfgmgr32.dll                  0x7FF936E60000
	msasn1.dll                    0x7FF936EB0000
	DPAPI.DLL                     0x7FF936EF0000
	profapi.dll                   0x7FF9370C0000
	msvcp_win.dll                 0x7FF937190000
	KERNELBASE.dll                0x7FF937230000
	win32u.dll                    0x7FF9375E0000
	CRYPT32.dll                   0x7FF9376D0000
	gdi32full.dll                 0x7FF937840000
	ucrtbase.dll                  0x7FF937960000
	WINTRUST.DLL                  0x7FF937A80000
	bcryptPrimitives.dll          0x7FF937AF0000
	GDI32.dll                     0x7FF937C30000
	combase.dll                   0x7FF937C60000
	COMDLG32.dll                  0x7FF938070000
	shcore.dll                    0x7FF938170000
	clbcatq.dll                   0x7FF9382E0000
	RPCRT4.dll                    0x7FF938390000
	NSI.dll                       0x7FF9384B0000
	msvcrt.dll                    0x7FF9384C0000
	USER32.dll                    0x7FF938570000
	sechost.dll                   0x7FF938720000
	imagehlp.dll                  0x7FF9387D0000
	KERNEL32.DLL                  0x7FF9387F0000
	SHLWAPI.dll                   0x7FF9388C0000
	WS2_32.dll                    0x7FF938920000
	IMM32.DLL                     0x7FF9389A0000
	ole32.dll                     0x7FF9389E0000
	ADVAPI32.dll                  0x7FF938B80000
	SETUPAPI.dll                  0x7FF938C30000
	SHELL32.dll                   0x7FF9390B0000
	PSAPI.DLL                     0x7FF939B40000
	OLEAUT32.dll                  0x7FF939B60000
	MSCTF.dll                     0x7FF939C40000
	ntdll.dll                     0x7FF939DB0000

F4SE PLUGINS:
	achievements.dll
	BakaScrapHeap.dll v1.3
	Buffout4.dll v1.28.6
	ClassicHolsteredWeapons.dll
	HighFPSPhysicsFix.dll
	mcm.dll
	place.dll
	PriorityMod.dll
	ShadowBoostFO4.dll
	SprintSpeedController.dll v1
	SprintStutteringFix.dll
	XDI.dll

PLUGINS:
	[00]     Fallout4.esm
	[01]     DLCRobot.esm
	[02]     DLCworkshop01.esm
	[03]     DLCCoast.esm
	[04]     DLCworkshop02.esm
	[05]     DLCworkshop03.esm
	[06]     DLCNukaWorld.esm
	[07]     Unofficial Fallout 4 Patch.esp
	[08]     ArmorKeywords.esm
	[09]     XDI.esm
	[0A]     CWPointLookoutFO4.esm
	[0B]     SettlementKeywords.esm
	[0C]     Arbitration - Resources.esm
	[0D]     BetterModDescriptions.esp
	[0E]     Armorsmith Extended.esp
	[0F]     Eli_Armour_Compendium.esp
	[10]     PrivateContract.esp
	[11]     MilitarizedMinutemen.esp
	[12]     Mercenary.esp
	[13]     CombinedArmsNV.esp
	[14]     DOOMMerged.esp
	[15]     BioshockInspiredPowerArmor.esp
	[16]     9mmPistol.esp
	[17]     F4NVServiceRifleRedux.esp
	[18]     LAER.esp
	[19]     Rangergearnew.esp
	[1A]     NCRMaskLampFix Flashlight AllVer.esp
	[1B]     WattzLaserGun.esp
	[1C]     SCAR-L.esp
	[1D]     SigSauer127.esp
	[1E]     mk14.esp
	[1F]     45autoPistol.esp
	[20]     BetterGenerators.esp
	[21]     More Power Armour Mods.esp
	[22]     Consistent Power Armor Overhaul.esp
	[23]     Brotherhood Power Armor Overhaul.esp
	[24]     PAMAP.esp
	[25]     More Power Armour Mods - Automatron.esp
	[26]     Companion Infinite Ammo.esp
	[27]     Companion Infinite Ammo and Unbreakable Power Armour.esp
	[28]     EveryonesBestFriend.esp
	[29]     combat_PA.esp
	[2A]     tumbajamba Advanced Engineering.esp
	[2B]     combat_PA - tAE - AWKCR.esp
	[2C]     DCWestSuperMutants.esp
	[2D]     dD-Enhanced Blood Basic.esp
	[2E]     ClassicSniper.esp
	[2F]     M1Garand.esp
	[30]     RU556.esp
	[31]     DesertEagleNV.esp
	[32]     D.E.C.A.Y.esp
	[33]     EnclaveX02.esp
	[34]     Extended weapon mods.esp
	[35]     FIS-Naming-Weap-Armo-EN.esp
	[36]     Factor.esp
	[37]     Scopes.esp
	[38]     GlovesOfTheCommonwealth.esp
	[39]     Grasslands - Unhealthy.esp
	[3A]     Hellfirenew.esp
	[3B]     Gunner_Operator.esp
	[3C]     LongerPowerLines3x.esp
	[3D]     RemoteExplosives.esp
	[3E]     ConceptCentaur.esp
	[3F]     LegendaryModification.esp
	[40]     LegendaryModification2LM.esp
	[41]     LegendaryModification2LMAKPatch.esp
	[42]     LegendaryModificationMisc.esp
	[43]     Lots More Facial Hair.esp
	[44]     Live Dismemberment - Regular.esp
	[45]     GrenadeLauncherStandalone.esp
	[46]     Nexus_PMC.esp
	[47]     NightOfTheCreeps.esp
	[48]     PMC_extended.esp
	[49]     AzarPonytailHairstyles.esp
	[4A]     dD-Realistic Ragdoll Force.esp
	[4B]     DOOMSCARLK.esp
	[4C]     SkibsWeapons-REDUX.esp
	[4D]     SkibsWeapons_REDUX_CheapTurrets.esp
	[4E]     3dscopes.esp
	[4F]     F4NVServiceRifleReduxAmmoPatch.esp
	[50]     SkjAlert_All_DLC.esp
	[51]     VeryRichMerchants.esp
	[52]     Wasteland Sniper by Hothtrooper44.esp
	[53]     AnS Wearable Backpacks and Pouches.esp
	[54]     AnS Wearable Backpacks and Pouches - Ballistic Weave.esp
	[55]     AnS Wearable Backpacks and Pouches - Power Armor Carry Capacity.esp
	[56]     Insignificant Object Remover.esp
	[57]     BlurKillerComplete.esp
	[58]     Arbitration - Button Lowered Weapons.esp
	[59]     StartMeUp.esp
	[FE:000] PPF.esm
	[FE:001] RCW.esp
	[FE:002] Architecture.esp
	[FE:003] SetDressing2.esp
	[FE:004] Actors.esp
	[FE:005] Terrains LOD.esp
	[FE:006] FAR.esp
	[FE:007] Landscape.esp
	[FE:008] Vehicles.esp
	[FE:009] Props.esp
	[FE:00A] interiors.esp
	[FE:00B] SetDressing1.esp
	[FE:00C] effects.esp
	[FE:00D] SetDressing3.esp
	[FE:00E] SetDressing4.esp
	[FE:00F] Weapons.esp
	[FE:010] freefov.esp
	[FE:011] freefovpowerarmor.esp
	[FE:012] PRP.esp
