Fallout 4 v1.10.163
Buffout 4 v1.28.6

Unhandled exception "EXCEPTION_ACCESS_VIOLATION" at 0x7FF6BAC038F0 Fallout4.exe+1B938F0

	[Compatibility]
		F4EE: false
	[Crashlog]
		AutoOpen: true
		PromptUpload: true
	[Fixes]
		ActorIsHostileToActor: true
		CellInit: true
		CreateD3DAndSwapChain: true
		EncounterZoneReset: true
		GreyMovies: true
		MagicEffectApplyEvent: true
		MovementPlanner: true
		PackageAllocateLocation: true
		SafeExit: true
		TESObjectREFRGetEncounterZone: true
		UnalignedLoad: true
		UtilityShader: true
	[Patches]
		Achievements: true
		ArchiveLimit: false
		BSMTAManager: true
		BSPreCulledObjects: true
		BSTextureStreamerLocalHeap: false
		HavokMemorySystem: true
		INISettingCollection: true
		InputSwitch: false
		MaxStdIO: -1
		MemoryManager: true
		MemoryManagerDebug: false
		ScaleformAllocator: true
		SmallBlockAllocator: true
		WorkshopMenu: true
	[Warnings]
		CreateTexture2D: true
		ImageSpaceAdapter: true

SYSTEM SPECS:
	OS: Microsoft Windows 11 Pro N v10.0.22621
	CPU: AuthenticAMD AMD Ryzen 5 2600 Six-Core Processor            
	GPU #1: Nvidia TU117 [GeForce0GTX01650]
	GPU #2: Microsoft Basic Render Driver
	PHYSICAL MEMORY: 10.80 GB/15.91 GB

PROBABLE CALL STACK:
	[00] 0x7FF6BAC038F0      Fallout4.exe+1B938F0 -> 306612+0xB0
	[01] 0x7FF6BA75902C      Fallout4.exe+16E902C -> 1130555+0x5C
	[02] 0x7FF6BA7596D8      Fallout4.exe+16E96D8 -> 875252+0x88
	[03] 0x7FF6BA758ACC      Fallout4.exe+16E8ACC -> 228779+0x4C
	[04] 0x7FF6B919A0F4      Fallout4.exe+012A0F4 -> 610272+0x1C4
	[05] 0x7FF6B918B7D5      Fallout4.exe+011B7D5 -> 189223+0x765
	[06] 0x7FF6B9187075      Fallout4.exe+0117075 -> 57137+0x455
	[07] 0x7FF6B9DA7CD4      Fallout4.exe+0D37CD4 -> 708657+0x2F4
	[08] 0x7FF6B9DAF253      Fallout4.exe+0D3F253 -> 407290+0x263
	[09] 0x7FF6B9DC35A9      Fallout4.exe+0D535A9 -> 1085735+0x29
	[10] 0x7FFFE601A8AC f4se_1_10_163.dll+000A8AC
	[11] 0x7FF6BAB8CFED      Fallout4.exe+1B1CFED -> 1079791+0x3D
	[12] 0x7FF825D8257D      KERNEL32.DLL+001257D
	[13] 0x7FF8274CAA78         ntdll.dll+005AA78

REGISTERS:
	RAX 0x172DC8EF8B0      (void*)
	RCX 0x0                (size_t)
	RDX 0x9C0              (size_t)
	RBX 0x61               (size_t)
	RSP 0x463717ED70       (void*)
	RBP 0x463717EEC0       (void*)
	RSI 0x463717EE30       (BSResourceNiBinaryStream*)
	RDI 0x1                (size_t)
	R8  0x1                (size_t)
	R9  0x1                (size_t)
	R10 0x0                (size_t)
	R11 0x463717F4C8       (void*)
	R12 0x1727DC6A6D0      (void*)
	R13 0x0                (size_t)
	R14 0x463717F4F0       (void*)
	R15 0x1                (size_t)

STACK:
	[RSP+0000] 0x172DF8B9010      (void*)
	[RSP+8000] 0x172DF8BA640      (void*)
	[RSP+1000] 0x0                (size_t)
	[RSP+1800] 0x0                (size_t)
	[RSP+2000] 0x463717F650       (void*)
	[RSP+2800] 0x1727DC6A408      (void*)
	[RSP+3000] 0x1727DC6A409      (void*)
	[RSP+3800] 0x0                (size_t)
	[RSP+4000] 0x463717F560       (void*)
	[RSP+4800] 0x7FF6BA75902C     (void* -> Fallout4.exe+16E902C)
	[RSP+5000] 0x463717EEC0       (void*)
	[RSP+5800] 0x1                (size_t)
	[RSP+6000] 0x463717F4F0       (void*)
	[RSP+6800] 0x7FF8274AAB01     (void* -> ntdll.dll+003AB01)
	[RSP+7000] 0x172DF8BA470      (char*) "S"
	[RSP+7800] 0x17237FA0000      (void*)
	[RSP+8000] 0x0                (size_t)
	[RSP+8800] 0x0                (size_t)
	[RSP+9000] 0x0                (size_t)
	[RSP+9800] 0x87944CFF8775     (size_t)
	[RSP+A000] 0x0                (size_t)
	[RSP+A800] 0x7FF82747E507     (void* -> ntdll.dll+000E507)
	[RSP+B000] 0x463717EE70       (void*)
	[RSP+B800] 0x463717F4F0       (void*)
	[RSP+C000] 0x7FF6BBE84278     (void* -> Fallout4.exe+2E14278)
	[RSP+C800] 0x0                (size_t)
	[RSP+D000] 0x0                (size_t)
	[RSP+D800] 0x0                (size_t)
	[RSP+E000] 0x0                (size_t)
	[RSP+E800] 0x17300000000      (void*)
	[RSP+F000] 0x463717EFE8       (NiBinaryStream*)
	[RSP+F800] 0x7FF6BAC03D2F     (void* -> Fallout4.exe+1B93D2F)
	[RSP+1000] 0x0                (size_t)
	[RSP+1080] 0x0                (size_t)
	[RSP+1100] 0x463717F300       (char*) "."
	[RSP+1180] 0x7FF6BABFF566     (void* -> Fallout4.exe+1B8F566)
	[RSP+1200] 0x463717F0A0       (void*)
	[RSP+1280] 0x7FFFE9776480     (void* -> MSVCR110.dll+0036480)
	[RSP+1300] 0x4                (size_t)
	[RSP+1380] 0x7FF6BA680E26     (void* -> Fallout4.exe+1610E26)
	[RSP+1400] 0x3D1DF76000000030 (size_t)
	[RSP+1480] 0x7F0360FC01DA0529 (size_t)
	[RSP+1500] 0x3C92B13501DA0A15 (size_t)
	[RSP+1580] 0x1DA08EB          (size_t)
	[RSP+1600] 0x17200010000      (size_t)
	[RSP+1680] 0x0                (size_t)
	[RSP+1700] 0x463717F4B0       (void*)
	[RSP+1780] 0x7FF6BABF3C57     (void* -> Fallout4.exe+1B83C57)
	[RSP+1800] 0x4600000000       (size_t)
	[RSP+1880] 0x7FF6BABB2FE8     (void* -> Fallout4.exe+1B42FE8)
	[RSP+1900] 0x40               (size_t)
	[RSP+1980] 0x4600000000       (size_t)
	[RSP+1A00] 0x463717F500       (void*)
	[RSP+1A80] 0x7FFFE2B6BDCE     (void* -> Buffout4.dll+004BDCE)
	[RSP+1B00] 0x0                (size_t)
	[RSP+1B80] 0x463717EFE8       (NiBinaryStream*)
	[RSP+1C00] 0x463717F480       (void*)
	[RSP+1C80] 0x463717F500       (void*)
	[RSP+1D00] 0x72676F72705C3A63 (size_t)
	[RSP+1D80] 0x73656C6966206D61 (size_t)
	[RSP+1E00] 0x735C293638782820 (size_t)
	[RSP+1E80] 0x6574735C6D616574 (size_t)
	[RSP+1F00] 0x635C737070616D61 (size_t)
	[RSP+1F80] 0x61465C6E6F6D6D6F (size_t)
	[RSP+2000] 0x5C342074756F6C6C (size_t)
	[RSP+2080] 0x53454D5C41544144 (size_t)
	[RSP+2100] 0x6D696E415C534548 (size_t)
	[RSP+2180] 0x6174614474786554 (size_t)
	[RSP+2200] 0x6974616D696E415C (size_t)
	[RSP+2280] 0x6144656C69466E6F (size_t)
	[RSP+2300] 0x2E5C6174         (size_t)
	[RSP+2380] 0x7FF6BA680C55     (void* -> Fallout4.exe+1610C55)
	[RSP+2400] 0x7FF6BEAC8600     (void* -> Fallout4.exe+5A58600)
	[RSP+2480] 0x7FF6BEAC8648     (void* -> Fallout4.exe+5A58648)
	[RSP+2500] 0x7FF6BEBD7580     (void* -> Fallout4.exe+5B67580)
	[RSP+2580] 0x4                (size_t)
	[RSP+2600] 0x463717EFE0       (void*)
	[RSP+2680] 0x463717F460       (void*)
	[RSP+2700] 0x1730DC74A60      (void*)
	[RSP+2780] 0x7FF6BBE7F118     (void* -> Fallout4.exe+2E0F118)
	[RSP+2800] 0x44               (size_t)
	[RSP+2880] 0x1730AECF840      (void*)
	[RSP+2900] 0x17254790610      (void*)
	[RSP+2980] 0x44               (size_t)
	[RSP+2A00] 0x0                (size_t)
	[RSP+2A80] 0x7FF6B918EEC0     (void* -> Fallout4.exe+011EEC0)
	[RSP+2B00] 0x3456             (size_t)
	[RSP+2B80] 0x7FF6BE940D00     (void* -> Fallout4.exe+58D0D00)
	[RSP+2C00] 0xF8               (size_t)
	[RSP+2C80] 0x7FF6B918F99B     (void* -> Fallout4.exe+011F99B)
	[RSP+2D00] 0x10A              (size_t)
	[RSP+2D80] 0x7FF6B918EEC0     (void* -> Fallout4.exe+011EEC0)
	[RSP+2E00] 0x10A              (size_t)
	[RSP+2E80] 0x7FF6BE940D00     (void* -> Fallout4.exe+58D0D00)
	[RSP+2F00] 0xF8               (size_t)
	[RSP+2F80] 0x1727DC6A6D0      (void*)
	[RSP+3000] 0x1727DC6A409      (void*)
	[RSP+3080] 0x0                (size_t)
	[RSP+3100] 0x172BB8738E8      (char*) "DATA\MESHES\AnimTextData\AnimationFileData\."
	[RSP+3180] 0x17253ABBD20      (BSResource::LooseFileLocation*)
	[RSP+3200] 0x463717F4F0       (void*)
	[RSP+3280] 0x7FF6BABF442D     (void* -> Fallout4.exe+1B8442D)
	[RSP+3300] 0x4600000000       (size_t)
	[RSP+3380] 0x17253ABBD20      (BSResource::LooseFileLocation*)
	[RSP+3400] 0x172BB8738E8      (char*) "DATA\MESHES\AnimTextData\AnimationFileData\."
	[RSP+3480] 0x463717F4F0       (void*)
	[RSP+3500] 0x463717F4B0       (void*)
	[RSP+3580] 0x7FF6B918F900     (void* -> Fallout4.exe+011F900)
	[RSP+3600] 0x53454D5C41544144 (size_t)
	[RSP+3680] 0x6D696E415C534548 (size_t)
	[RSP+3700] 0x6174614474786554 (size_t)
	[RSP+3780] 0x6974616D696E415C (size_t)
	[RSP+3800] 0x6144656C69466E6F (size_t)
	[RSP+3880] 0x7F00005C6174     (size_t)
	[RSP+3900] 0x10E              (size_t)
	[RSP+3980] 0x7FF6B918EEC0     (void* -> Fallout4.exe+011EEC0)
	[RSP+3A00] 0x10E              (size_t)
	[RSP+3A80] 0x7FF6BE940D00     (void* -> Fallout4.exe+58D0D00)
	[RSP+3B00] 0xF8               (size_t)
	[RSP+3B80] 0x7FF6B918F99B     (void* -> Fallout4.exe+011F99B)
	[RSP+3C00] 0x10F              (size_t)
	[RSP+3C80] 0x7FF6B918EEC0     (void* -> Fallout4.exe+011EEC0)
	[RSP+3D00] 0x10F              (size_t)
	[RSP+3D80] 0x7FF6BE940D00     (void* -> Fallout4.exe+58D0D00)
	[RSP+3E00] 0xF8               (size_t)
	[RSP+3E80] 0x7FF6B918F99B     (void* -> Fallout4.exe+011F99B)
	[RSP+3F00] 0x110              (size_t)
	[RSP+3F80] 0x7FF6B918EEC0     (void* -> Fallout4.exe+011EEC0)
	[RSP+4000] 0x110              (size_t)
	[RSP+4080] 0x7FF6BE940D00     (void* -> Fallout4.exe+58D0D00)
	[RSP+4100] 0xF8               (size_t)
	[RSP+4180] 0x7FF6B918F99B     (void* -> Fallout4.exe+011F99B)
	[RSP+4200] 0x111              (size_t)
	[RSP+4280] 0x7FF6B918EEC0     (void* -> Fallout4.exe+011EEC0)
	[RSP+4300] 0x111              (size_t)
	[RSP+4380] 0x7FF6BE940D00     (void* -> Fallout4.exe+58D0D00)
	[RSP+4400] 0xF8               (size_t)
	[RSP+4480] 0x7FF6B918F99B     (void* -> Fallout4.exe+011F99B)
	[RSP+4500] 0x112              (size_t)
	[RSP+4580] 0x7FF6B918EEC0     (void* -> Fallout4.exe+011EEC0)
	[RSP+4600] 0x0                (size_t)
	[RSP+4680] 0x172BB873913      (char*) "."
	[RSP+4700] 0x172BB873914      (void*)
	[RSP+4780] 0x1                (size_t)
	[RSP+4800] 0x53454D5C41544144 (size_t)
	[RSP+4880] 0x6D696E415C534548 (size_t)
	[RSP+4900] 0x6174614474786554 (size_t)
	[RSP+4980] 0x6974616D696E415C (size_t)
	[RSP+4A00] 0x6144656C69466E6F (size_t)
	[RSP+4A80] 0x7FFF005C6174     (size_t)
	[RSP+4B00] 0x1                (size_t)
	[RSP+4B80] 0x7FFFE2B763BC     (void* -> Buffout4.dll+00563BC)
	[RSP+4C00] 0x32000            (size_t)
	[RSP+4C80] 0x7FFFE2E38CB0     (void* -> Buffout4.dll+0318CB0)
	[RSP+4D00] 0x172FB25C040      (void*)
	[RSP+4D80] 0x7FF6B918F99B     (void* -> Fallout4.exe+011F99B)
	[RSP+4E00] 0x32000            (size_t)
	[RSP+4E80] 0x0                (size_t)
	[RSP+4F00] 0x0                (size_t)
	[RSP+4F80] 0x7FFFE2E38CE0     (void* -> Buffout4.dll+0318CE0)
	[RSP+5000] 0x0                (size_t)
	[RSP+5080] 0x7FFFE2E38CB0     (void* -> Buffout4.dll+0318CB0)
	[RSP+5100] 0x32000            (size_t)
	[RSP+5180] 0x32000            (size_t)
	[RSP+5200] 0x1                (size_t)
	[RSP+5280] 0x18               (size_t)
	[RSP+5300] 0x7FFFE2E38CB0     (void* -> Buffout4.dll+0318CB0)
	[RSP+5380] 0x7FFFE2B756FB     (void* -> Buffout4.dll+00556FB)
	[RSP+5400] 0x172FB25C040      (void*)
	[RSP+5480] 0x0                (size_t)
	[RSP+5500] 0x0                (size_t)
	[RSP+5580] 0x6500             (size_t)
	[RSP+5600] 0x0                (size_t)
	[RSP+5680] 0x7FFFE2E38CB0     (void* -> Buffout4.dll+0318CB0)
	[RSP+5700] 0x32000            (size_t)
	[RSP+5780] 0x7FFFE2B75F6C     (void* -> Buffout4.dll+0055F6C)
	[RSP+5800] 0x2                (size_t)
	[RSP+5880] 0x65FB             (size_t)
	[RSP+5900] 0x2E               (size_t)
	[RSP+5980] 0x7FFFE2B72F59     (void* -> Buffout4.dll+0052F59)
	[RSP+5A00] 0x30000            (size_t)
	[RSP+5A80] 0x7FFFE2E38C00     (void* -> Buffout4.dll+0318C00)
	[RSP+5B00] 0x463717F3A0       (void*)
	[RSP+5B80] 0x1730AECD340      (void*)
	[RSP+5C00] 0x7FF600000018     (size_t)
	[RSP+5C80] 0x7FF6BABB2FE8     (void* -> Fallout4.exe+1B42FE8)
	[RSP+5D00] 0x463717F3A8       (void*)
	[RSP+5D80] 0x32000            (size_t)
	[RSP+5E00] 0x0                (size_t)
	[RSP+5E80] 0x7FFFE2E3EDF0     (void* -> Buffout4.dll+031EDF0)
	[RSP+5F00] 0x172539F7580      (void*)
	[RSP+5F80] 0x0                (size_t)
	[RSP+6000] 0x40               (size_t)
	[RSP+6080] 0x32000            (size_t)
	[RSP+6100] 0x7FFFE2E38CB0     (void* -> Buffout4.dll+0318CB0)
	[RSP+6180] 0x7FFFE2E38CA0     (void* -> Buffout4.dll+0318CA0)
	[RSP+6200] 0xCB500000015      (size_t)
	[RSP+6280] 0x7FFFE2B6B6FC     (void* -> Buffout4.dll+004B6FC)
	[RSP+6300] 0x172E533FE68      (void*)
	[RSP+6380] 0x7FF6BABB2FE8     (void* -> Fallout4.exe+1B42FE8)
	[RSP+6400] 0xCB500000002      (size_t)
	[RSP+6480] 0x7FFFE2E38C01     (void* -> Buffout4.dll+0318C01)
	[RSP+6500] 0xCB500000015      (size_t)
	[RSP+6580] 0x7FFFE2B6BDCE     (void* -> Buffout4.dll+004BDCE)
	[RSP+6600] 0xC0C03EB4         (size_t)
	[RSP+6680] 0x172E533FE48      (void*)
	[RSP+6700] 0x7FF6BEC77C40     (void* -> Fallout4.exe+5C07C40)
	[RSP+6780] 0x172E533FE68      (void*)
	[RSP+6800] 0x463717F501       (void*)
	[RSP+6880] 0x7FF6BABB1F2C     (void* -> Fallout4.exe+1B41F2C)
	[RSP+6900] 0x30000            (size_t)
	[RSP+6980] 0x7FFFE2B6C18D     (void* -> Buffout4.dll+004C18D)
	[RSP+6A00] 0x61               (size_t)
	[RSP+6A80] 0x7FF6BABE1B93     (void* -> Fallout4.exe+1B71B93)
	[RSP+6B00] 0x463717F4F0       (void*)
	[RSP+6B80] 0x172E533FD00      (void*)
	[RSP+6C00] 0x463717F500       (void*)
	[RSP+6C80] 0x17312ACAC00      (void*)
	[RSP+6D00] 0x172FB275600      (char*) "ap_BangingLarge_"
	[RSP+6D80] 0x0                (size_t)
	[RSP+6E00] 0x172E533FD00      (void*)
	[RSP+6E80] 0x7FF6BABE8116     (void* -> Fallout4.exe+1B78116)
	[RSP+6F00] 0x1                (size_t)
	[RSP+6F80] 0x463717F650       (void*)
	[RSP+7000] 0x463717F4F8       (void*)
	[RSP+7080] 0x172E533FD00      (void*)
	[RSP+7100] 0x463717F560       (void*)
	[RSP+7180] 0x463717F4F0       (void*)
	[RSP+7200] 0x1                (size_t)
	[RSP+7280] 0x7FF6BABE1FDB     (void* -> Fallout4.exe+1B71FDB)
	[RSP+7300] 0x1727DC6A408      (void*)
	[RSP+7380] 0x1                (size_t)
	[RSP+7400] 0x9A3C16E9         (size_t)
	[RSP+7480] 0x463717F560       (void*)
	[RSP+7500] 0x0                (size_t)
	[RSP+7580] 0x7FF6BA7596D8     (void* -> Fallout4.exe+16E96D8)
	[RSP+7600] 0x1                (size_t)
	[RSP+7680] 0x0                (size_t)
	[RSP+7700] 0x463717F560       (void*)
	[RSP+7780] 0x9A3C16E9         (size_t)
	[RSP+7800] 0x0                (size_t)
	[RSP+7880] 0x0                (size_t)
	[RSP+7900] 0x1729A3C16E9      (void*)
	[RSP+7980] 0x0                (size_t)
	[RSP+7A00] 0x1729A3C16E9      (void*)
	[RSP+7A80] 0x463717F510       (void*)
	[RSP+7B00] 0x7FF6BE93ECA0     (void* -> Fallout4.exe+58CECA0)
	[RSP+7B80] 0x7FF6BA758ACC     (void* -> Fallout4.exe+16E8ACC)
	[RSP+7C00] 0x7FF6BEB73170     (`anonymous namespace'::AnimationFileLookupSingletonHelper*)
	[RSP+7C80] 0x7FF6BEB72560     (void* -> Fallout4.exe+5B02560)
	[RSP+7D00] 0x172F9DF4568      (void*)
	[RSP+7D80] 0x172E533FD00      (void*)
	[RSP+7E00] 0x0                (size_t)
	[RSP+7E80] 0x1729A3C16E9      (void*)
	[RSP+7F00] 0x7FF6BEB72970     (void* -> Fallout4.exe+5B02970)
	[RSP+7F80] 0x7FF6BEB73170     (`anonymous namespace'::AnimationFileLookupSingletonHelper*)
	[RSP+8000] 0x172F9DF4548      (void*)
	[RSP+8080] 0x7FF6B919A0F4     (void* -> Fallout4.exe+012A0F4)
	[RSP+8100] 0x0                (size_t)
	[RSP+8180] 0x172F9DF4540      (void*)
	[RSP+8200] 0x172F9DF4568      (void*)
	[RSP+8280] 0x7FF60329EA7C     (size_t)
	[RSP+8300] 0x7FF6BEB72850     (void* -> Fallout4.exe+5B02850)
	[RSP+8380] 0x7FF6BEB72848     (void* -> Fallout4.exe+5B02848)
	[RSP+8400] 0x1F               (size_t)
	[RSP+8480] 0x7FF6B9192480     (void* -> Fallout4.exe+0122480)
	[RSP+8500] 0x0                (size_t)
	[RSP+8580] 0x0                (size_t)
	[RSP+8600] 0x172BB70E3E0      (void*)
	[RSP+8680] 0x7FF640000000     (size_t)
	[RSP+8700] 0x7FF6BE940D00     (void* -> Fallout4.exe+58D0D00)
	[RSP+8780] 0x7FF6BEB72560     (void* -> Fallout4.exe+5B02560)
	[RSP+8800] 0x0                (size_t)
	[RSP+8880] 0x1727DC6A6D0      (void*)
	[RSP+8900] 0x0                (size_t)
	[RSP+8980] 0x7FF6B918B7D5     (void* -> Fallout4.exe+011B7D5)
	[RSP+8A00] 0x1                (size_t)
	[RSP+8A80] 0x463717F650       (void*)
	[RSP+8B00] 0x172F9DF4548      (void*)
	[RSP+8B80] 0x7FF6BE940D00     (void* -> Fallout4.exe+58D0D00)
	[RSP+8C00] 0x172EC70CDA0      (void*)
	[RSP+8C80] 0x2                (size_t)
	[RSP+8D00] 0x172FA67D400      (void*)
	[RSP+8D80] 0x7FF6B9187075     (void* -> Fallout4.exe+0117075)
	[RSP+8E00] 0x7FF6BEB4FF00     (void* -> Fallout4.exe+5ADFF00)
	[RSP+8E80] 0x172EC70CDA0      (void*)
	[RSP+8F00] 0x7FF6BE940B00     (void* -> Fallout4.exe+58D0B00)
	[RSP+8F80] 0x2                (size_t)
	[RSP+9000] 0x7FF6BBCB96C8     (void* -> Fallout4.exe+2C496C8)
	[RSP+9080] 0x7FF6BE941AD8     (void* -> Fallout4.exe+58D1AD8)
	[RSP+9100] 0x7FF6BE940B00     (void* -> Fallout4.exe+58D0B00)
	[RSP+9180] 0x463717F6E0       (void*)
	[RSP+9200] 0x66               (size_t)
	[RSP+9280] 0x9C0              (size_t)
	[RSP+9300] 0x17253AD2800      (SceneGraph*)
		Name: "WorldRoot Node"
	[RSP+9380] 0x0                (size_t)
	[RSP+9400] 0x0                (size_t)
	[RSP+9480] 0x1727DC69D00      (void*)
	[RSP+9500] 0x7FF6BC7FE400     (void* -> Fallout4.exe+378E400)
	[RSP+9580] 0x17253BDCCC0      (NiNode*)
		Name: "ObjectLODRoot"
	[RSP+9600] 0x7FF6BC7FE400     (void* -> Fallout4.exe+378E400)
	[RSP+9680] 0x7FF6B9DA7CD4     (void* -> Fallout4.exe+0D37CD4)
	[RSP+9700] 0x7FF600200000     (size_t)
	[RSP+9780] 0x172FA616000      (void*)
	[RSP+9800] 0x7FF600000002     (size_t)
	[RSP+9880] 0x1727DC6A6D0      (void*)
	[RSP+9900] 0x0                (size_t)
	[RSP+9980] 0x17253BDCF40      (NiNode*)
		Name: "WaterLOD"
	[RSP+9A00] 0x0                (size_t)
	[RSP+9A80] 0x0                (size_t)
	[RSP+9B00] 0x80000            (size_t)
	[RSP+9B80] 0x7FF600000000     (size_t)
	[RSP+9C00] 0x0                (size_t)
	[RSP+9C80] 0x0                (size_t)
	[RSP+9D00] 0x0                (size_t)
	[RSP+9D80] 0x0                (size_t)
	[RSP+9E00] 0x7FF6BEB4D640     (GameScript::PathingCallbackMgr*)
	[RSP+9E80] 0x7FF6BAB80DBA     (void* -> Fallout4.exe+1B10DBA)
	[RSP+9F00] 0x7FF6BEB15178     (void* -> Fallout4.exe+5AA5178)
	[RSP+9F80] 0x7FF6BEB15168     (void* -> Fallout4.exe+5AA5168)
	[RSP+A000] 0x0                (size_t)
	[RSP+A080] 0x0                (size_t)
	[RSP+A100] 0x0                (size_t)
	[RSP+A180] 0x0                (size_t)
	[RSP+A200] 0x7FF6BEB15160     (void* -> Fallout4.exe+5AA5160)
	[RSP+A280] 0x7FF6BA3B1B9B     (void* -> Fallout4.exe+1341B9B)
	[RSP+A300] 0x7FF6BEB15160     (void* -> Fallout4.exe+5AA5160)
	[RSP+A380] 0x0                (size_t)
	[RSP+A400] 0x1727DC6A6D0      (void*)
	[RSP+A480] 0x172F5A18880      (void*)
	[RSP+A500] 0x5680             (size_t)
	[RSP+A580] 0x7FFFE2B6BDCE     (void* -> Buffout4.dll+004BDCE)
	[RSP+A600] 0x0                (size_t)
	[RSP+A680] 0x5680             (size_t)
	[RSP+A700] 0x7FF6BBCBA948     (void* -> Fallout4.exe+2C4A948)
	[RSP+A780] 0x7FF6BEB15168     (void* -> Fallout4.exe+5AA5168)
	[RSP+A800] 0x7FF6BEB4D640     (GameScript::PathingCallbackMgr*)
	[RSP+A880] 0x7FF6BA3AFDE6     (void* -> Fallout4.exe+133FDE6)
	[RSP+A900] 0x0                (size_t)
	[RSP+A980] 0x1727DC6A6D0      (void*)
	[RSP+AA00] 0x2                (size_t)
	[RSP+AA80] 0x0                (size_t)
	[RSP+AB00] 0x1727DC6A6D0      (void*)
	[RSP+AB80] 0x7FF6BA3E1DAA     (void* -> Fallout4.exe+1371DAA)
	[RSP+AC00] 0x2                (size_t)
	[RSP+AC80] 0x0                (size_t)
	[RSP+AD00] 0x0                (size_t)
	[RSP+AD80] 0x0                (size_t)
	[RSP+AE00] 0x0                (size_t)
	[RSP+AE80] 0x7FF6B9DAF253     (void* -> Fallout4.exe+0D3F253)
	[RSP+AF00] 0x2                (size_t)
	[RSP+AF80] 0x0                (size_t)
	[RSP+B000] 0x0                (size_t)
	[RSP+B080] 0x1727DC6A6D0      (void*)
	[RSP+B100] 0x0                (size_t)
	[RSP+B180] 0x7FF6B9DC35A9     (void* -> Fallout4.exe+0D535A9)
	[RSP+B200] 0x172BB64E980      (`anonymous namespace'::InitGameDataThread*)
	[RSP+B280] 0x0                (size_t)
	[RSP+B300] 0x0                (size_t)
	[RSP+B380] 0x0                (size_t)
	[RSP+B400] 0x172BB64E980      (`anonymous namespace'::InitGameDataThread*)
	[RSP+B480] 0x7FFFE601A8AC     (void* -> f4se_1_10_163.dll+000A8AC)
	[RSP+B500] 0x0                (size_t)
	[RSP+B580] 0x0                (size_t)
	[RSP+B600] 0x0                (size_t)
	[RSP+B680] 0x0                (size_t)
	[RSP+B700] 0x0                (size_t)
	[RSP+B780] 0x0                (size_t)
	[RSP+B800] 0x172BB64E980      (`anonymous namespace'::InitGameDataThread*)
	[RSP+B880] 0x0                (size_t)
	[RSP+B900] 0x0                (size_t)
	[RSP+B980] 0x7FF6BAB8CFED     (void* -> Fallout4.exe+1B1CFED)
	[RSP+BA00] 0x0                (size_t)
	[RSP+BA80] 0x463717F930       (void*)
	[RSP+BB00] 0x17253ABBC90      (void*)
	[RSP+BB80] 0x0                (size_t)
	[RSP+BC00] 0x172BB64E980      (`anonymous namespace'::InitGameDataThread*)
	[RSP+BC80] 0x0                (size_t)
	[RSP+BD00] 0x0                (size_t)
	[RSP+BD80] 0x7FF825D8257D     (void* -> KERNEL32.DLL+001257D)
	[RSP+BE00] 0x0                (size_t)
	[RSP+BE80] 0x0                (size_t)
	[RSP+BF00] 0x0                (size_t)
	[RSP+BF80] 0x0                (size_t)
	[RSP+C000] 0x0                (size_t)
	[RSP+C080] 0x7FF8274CAA78     (void* -> ntdll.dll+005AA78)
	[RSP+C100] 0x0                (size_t)
	[RSP+C180] 0x0                (size_t)
	[RSP+C200] 0x0                (size_t)
	[RSP+C280] 0x0                (size_t)
	[RSP+C300] 0x0                (size_t)
	[RSP+C380] 0x0                (size_t)
	[RSP+C400] 0xFD8C977400000000 (size_t)
	[RSP+C480] 0x0                (size_t)
	[RSP+C500] 0x4F0FFFFFB30      (size_t)
	[RSP+C580] 0x7FF824E8C550     (void* -> KERNELBASE.dll+015C550)
	[RSP+C600] 0x463717DE80       (void*)
	[RSP+C680] 0x7FF8D9645224000  (size_t)
	[RSP+C700] 0x7FF8D9645224     (size_t)
	[RSP+C780] 0x463717DE80       (void*)
	[RSP+C800] 0x0                (size_t)
	[RSP+C880] 0x0                (size_t)
	[RSP+C900] 0x0                (size_t)
	[RSP+C980] 0x0                (size_t)
	[RSP+CA00] 0x0                (size_t)
	[RSP+CA80] 0x0                (size_t)
	[RSP+CB00] 0x0                (size_t)
	[RSP+CB80] 0x0                (size_t)
	[RSP+CC00] 0x0                (size_t)
	[RSP+CC80] 0x0                (size_t)
	[RSP+CD00] 0x0                (size_t)
	[RSP+CD80] 0x0                (size_t)
	[RSP+CE00] 0x0                (size_t)
	[RSP+CE80] 0x0                (size_t)
	[RSP+CF00] 0x0                (size_t)
	[RSP+CF80] 0x0                (size_t)
	[RSP+D000] 0x0                (size_t)
	[RSP+D080] 0x0                (size_t)
	[RSP+D100] 0x0                (size_t)
	[RSP+D180] 0x0                (size_t)
	[RSP+D200] 0x0                (size_t)
	[RSP+D280] 0x0                (size_t)
	[RSP+D300] 0x0                (size_t)
	[RSP+D380] 0x0                (size_t)
	[RSP+D400] 0x0                (size_t)
	[RSP+D480] 0x0                (size_t)
	[RSP+D500] 0x0                (size_t)
	[RSP+D580] 0x0                (size_t)
	[RSP+D600] 0x0                (size_t)
	[RSP+D680] 0x0                (size_t)
	[RSP+D700] 0x0                (size_t)
	[RSP+D780] 0x0                (size_t)
	[RSP+D800] 0x0                (size_t)
	[RSP+D880] 0x0                (size_t)
	[RSP+D900] 0x0                (size_t)
	[RSP+D980] 0x0                (size_t)
	[RSP+DA00] 0x0                (size_t)
	[RSP+DA80] 0x0                (size_t)
	[RSP+DB00] 0x0                (size_t)
	[RSP+DB80] 0x0                (size_t)
	[RSP+DC00] 0x0                (size_t)
	[RSP+DC80] 0x0                (size_t)
	[RSP+DD00] 0x0                (size_t)
	[RSP+DD80] 0x0                (size_t)
	[RSP+DE00] 0x0                (size_t)
	[RSP+DE80] 0x0                (size_t)
	[RSP+DF00] 0x0                (size_t)
	[RSP+DF80] 0x0                (size_t)
	[RSP+E000] 0x0                (size_t)
	[RSP+E080] 0x0                (size_t)
	[RSP+E100] 0x0                (size_t)
	[RSP+E180] 0x0                (size_t)
	[RSP+E200] 0x0                (size_t)
	[RSP+E280] 0x0                (size_t)
	[RSP+E300] 0x0                (size_t)
	[RSP+E380] 0x0                (size_t)
	[RSP+E400] 0x0                (size_t)
	[RSP+E480] 0x0                (size_t)
	[RSP+E500] 0x0                (size_t)
	[RSP+E580] 0x0                (size_t)
	[RSP+E600] 0x0                (size_t)
	[RSP+E680] 0x0                (size_t)
	[RSP+E700] 0x0                (size_t)
	[RSP+E780] 0x0                (size_t)
	[RSP+E800] 0x0                (size_t)
	[RSP+E880] 0x0                (size_t)
	[RSP+E900] 0x0                (size_t)
	[RSP+E980] 0x0                (size_t)
	[RSP+EA00] 0x0                (size_t)
	[RSP+EA80] 0x0                (size_t)
	[RSP+EB00] 0x0                (size_t)
	[RSP+EB80] 0x0                (size_t)
	[RSP+EC00] 0x0                (size_t)
	[RSP+EC80] 0x0                (size_t)
	[RSP+ED00] 0x0                (size_t)
	[RSP+ED80] 0x0                (size_t)
	[RSP+EE00] 0x0                (size_t)
	[RSP+EE80] 0x0                (size_t)
	[RSP+EF00] 0x0                (size_t)
	[RSP+EF80] 0x0                (size_t)
	[RSP+F000] 0x0                (size_t)
	[RSP+F080] 0x0                (size_t)
	[RSP+F100] 0x0                (size_t)
	[RSP+F180] 0x0                (size_t)
	[RSP+F200] 0x0                (size_t)
	[RSP+F280] 0x0                (size_t)
	[RSP+F300] 0x0                (size_t)
	[RSP+F380] 0x0                (size_t)
	[RSP+F400] 0x0                (size_t)
	[RSP+F480] 0x0                (size_t)
	[RSP+F500] 0x0                (size_t)
	[RSP+F580] 0x0                (size_t)
	[RSP+F600] 0x0                (size_t)
	[RSP+F680] 0x0                (size_t)
	[RSP+F700] 0x0                (size_t)
	[RSP+F780] 0x0                (size_t)
	[RSP+F800] 0x0                (size_t)
	[RSP+F880] 0x0                (size_t)
	[RSP+F900] 0x0                (size_t)
	[RSP+F980] 0x0                (size_t)
	[RSP+FA00] 0x0                (size_t)
	[RSP+FA80] 0x0                (size_t)
	[RSP+FB00] 0x0                (size_t)
	[RSP+FB80] 0x0                (size_t)
	[RSP+FC00] 0x0                (size_t)
	[RSP+FC80] 0x0                (size_t)
	[RSP+FD00] 0x0                (size_t)
	[RSP+FD80] 0x0                (size_t)
	[RSP+FE00] 0x0                (size_t)
	[RSP+FE80] 0x0                (size_t)
	[RSP+FF00] 0x0                (size_t)
	[RSP+FF80] 0x0                (size_t)
	[RSP+1000] 0x0                (size_t)
	[RSP+1008] 0x0                (size_t)
	[RSP+1010] 0x0                (size_t)
	[RSP+1018] 0x0                (size_t)
	[RSP+1020] 0x0                (size_t)
	[RSP+1028] 0x0                (size_t)
	[RSP+1030] 0x0                (size_t)
	[RSP+1038] 0x0                (size_t)
	[RSP+1040] 0x0                (size_t)
	[RSP+1048] 0x0                (size_t)
	[RSP+1050] 0x0                (size_t)
	[RSP+1058] 0x0                (size_t)
	[RSP+1060] 0x0                (size_t)
	[RSP+1068] 0x0                (size_t)
	[RSP+1070] 0x0                (size_t)
	[RSP+1078] 0x0                (size_t)
	[RSP+1080] 0x0                (size_t)
	[RSP+1088] 0x0                (size_t)
	[RSP+1090] 0x0                (size_t)
	[RSP+1098] 0x0                (size_t)
	[RSP+10A0] 0x0                (size_t)
	[RSP+10A8] 0x0                (size_t)
	[RSP+10B0] 0x0                (size_t)
	[RSP+10B8] 0x0                (size_t)
	[RSP+10C0] 0x0                (size_t)
	[RSP+10C8] 0x0                (size_t)
	[RSP+10D0] 0x0                (size_t)
	[RSP+10D8] 0x0                (size_t)
	[RSP+10E0] 0x0                (size_t)
	[RSP+10E8] 0x0                (size_t)
	[RSP+10F0] 0x0                (size_t)
	[RSP+10F8] 0x0                (size_t)
	[RSP+1100] 0x0                (size_t)
	[RSP+1108] 0x0                (size_t)
	[RSP+1110] 0x0                (size_t)
	[RSP+1118] 0x0                (size_t)
	[RSP+1120] 0x0                (size_t)
	[RSP+1128] 0x0                (size_t)
	[RSP+1130] 0x0                (size_t)
	[RSP+1138] 0x0                (size_t)
	[RSP+1140] 0x0                (size_t)
	[RSP+1148] 0x0                (size_t)
	[RSP+1150] 0x0                (size_t)
	[RSP+1158] 0x0                (size_t)
	[RSP+1160] 0x0                (size_t)
	[RSP+1168] 0x0                (size_t)
	[RSP+1170] 0x0                (size_t)
	[RSP+1178] 0x0                (size_t)
	[RSP+1180] 0x0                (size_t)
	[RSP+1188] 0x0                (size_t)
	[RSP+1190] 0x0                (size_t)
	[RSP+1198] 0x0                (size_t)
	[RSP+11A0] 0x0                (size_t)
	[RSP+11A8] 0x0                (size_t)
	[RSP+11B0] 0x0                (size_t)
	[RSP+11B8] 0x0                (size_t)
	[RSP+11C0] 0x0                (size_t)
	[RSP+11C8] 0x0                (size_t)
	[RSP+11D0] 0x0                (size_t)
	[RSP+11D8] 0x0                (size_t)
	[RSP+11E0] 0x0                (size_t)
	[RSP+11E8] 0x0                (size_t)
	[RSP+11F0] 0x0                (size_t)
	[RSP+11F8] 0x0                (size_t)
	[RSP+1200] 0x0                (size_t)
	[RSP+1208] 0x0                (size_t)
	[RSP+1210] 0x0                (size_t)
	[RSP+1218] 0x0                (size_t)
	[RSP+1220] 0x0                (size_t)
	[RSP+1228] 0x0                (size_t)
	[RSP+1230] 0x0                (size_t)
	[RSP+1238] 0x0                (size_t)
	[RSP+1240] 0x0                (size_t)
	[RSP+1248] 0x0                (size_t)
	[RSP+1250] 0x0                (size_t)
	[RSP+1258] 0x0                (size_t)
	[RSP+1260] 0x0                (size_t)
	[RSP+1268] 0x0                (size_t)
	[RSP+1270] 0x0                (size_t)
	[RSP+1278] 0x0                (size_t)
	[RSP+1280] 0x0                (size_t)
	[RSP+1288] 0x0                (size_t)

MODULES:
	XINPUT1_3.dll                 0x000000400000
	X3DAudio1_7.dll               0x00005D760000
	steam_api64.dll               0x00005D770000
	d3d11.dll                     0x000180000000
	clbcatq.dll                   0x01720A130000
	Fallout4.exe                  0x7FF6B9070000
	X3DAudio1_7.dll               0x7FF804F80000
	OneCoreCommonProxyStub.dll    0x7FF805D60000
	MpOav.dll                     0x7FF806B20000
	MessageBus.dll                0x7FF807650000
	amsi.dll                      0x7FF808780000
	MSVCP140.dll                  0x7FF8087A0000
	VCRUNTIME140_1.dll            0x7FF808AC0000
	VCRUNTIME140.dll              0x7FF808AD0000
	nvwgf2umx.dll                 0x7FF808E20000
	MessageBus.dll                0x7FF80E230000
	wbemsvc.dll                   0x7FF80E970000
	fastprox.dll                  0x7FF80E9E0000
	wbemcomn.dll                  0x7FF80F780000
	nvapi64.dll                   0x7FF80F830000
	XINPUT9_1_0.dll               0x7FF8107A0000
	SprintStutteringFix.dll       0x7FF8107E0000
	Windows.UI.dll                0x7FF811130000
	winmmbase.dll                 0x7FF812020000
	inputhost.dll                 0x7FF812530000
	nvgpucomp64.dll               0x7FF813890000
	dbghelp.dll                   0x7FF815C00000
	textinputframework.dll        0x7FF817D60000
	AUDIOSES.DLL                  0x7FF818150000
	COMCTL32.dll                  0x7FF818FD0000
	nvldumdx.dll                  0x7FF819AA0000
	OneCoreUAPCommonProxyStub.dll 0x7FF819F00000
	MMDevApi.dll                  0x7FF81A5F0000
	wbemprox.dll                  0x7FF81AA40000
	drvstore.dll                  0x7FF81B1C0000
	cryptnet.dll                  0x7FF81B320000
	WINHTTP.dll                   0x7FF81C640000
	dhcpcsvc.DLL                  0x7FF81CDA0000
	CoreUIComponents.dll          0x7FF81CDE0000
	WINMM.dll                     0x7FF81D150000
	avrt.dll                      0x7FF81DA90000
	directxdatabasehelper.dll     0x7FF81DDC0000
	VERSION.dll                   0x7FF81E160000
	nvToolsExt64_1.dll            0x7FF81FE10000
	WindowsCodecs.dll             0x7FF820020000
	D3DCOMPILER_47.dll            0x7FF820280000
	d3d11.dll                     0x7FF8208F0000
	dcomp.dll                     0x7FF821140000
	CoreMessaging.dll             0x7FF8217D0000
	uxtheme.dll                   0x7FF821D30000
	dxcore.dll                    0x7FF821E50000
	dxgi.dll                      0x7FF821EB0000
	dwmapi.dll                    0x7FF821FC0000
	resourcepolicyclient.dll      0x7FF8222F0000
	wintypes.dll                  0x7FF822600000
	windows.storage.dll           0x7FF822740000
	HID.DLL                       0x7FF823050000
	IPHLPAPI.DLL                  0x7FF823330000
	UMPDC.dll                     0x7FF823660000
	powrprof.dll                  0x7FF823680000
	Secur32.dll                   0x7FF8236F0000
	rsaenh.dll                    0x7FF823880000
	kernel.appcore.dll            0x7FF8238C0000
	ntmarta.dll                   0x7FF823940000
	SSPICLI.DLL                   0x7FF823B80000
	MSWSOCK.dll                   0x7FF823DA0000
	USERENV.dll                   0x7FF823E90000
	CRYPTBASE.DLL                 0x7FF823FF0000
	CRYPTSP.dll                   0x7FF824000000
	wldp.dll                      0x7FF8240A0000
	bcrypt.dll                    0x7FF824190000
	msasn1.dll                    0x7FF824490000
	devobj.dll                    0x7FF8244B0000
	CFGMGR32.dll                  0x7FF8244E0000
	profapi.dll                   0x7FF824720000
	msvcp_win.dll                 0x7FF8247F0000
	CRYPT32.dll                   0x7FF824890000
	ucrtbase.dll                  0x7FF824A00000
	win32u.dll                    0x7FF824B20000
	gdi32full.dll                 0x7FF824C10000
	KERNELBASE.dll                0x7FF824D30000
	wintrust.dll                  0x7FF8250E0000
	bcryptPrimitives.dll          0x7FF825150000
	RPCRT4.dll                    0x7FF8251D0000
	PSAPI.DLL                     0x7FF8252F0000
	GDI32.dll                     0x7FF825300000
	sechost.dll                   0x7FF825400000
	imagehlp.dll                  0x7FF8254B0000
	MSCTF.dll                     0x7FF8254F0000
	shlwapi.dll                   0x7FF825640000
	ole32.dll                     0x7FF8256A0000
	IMM32.DLL                     0x7FF825840000
	NSI.dll                       0x7FF8258A0000
	WS2_32.dll                    0x7FF825960000
	combase.dll                   0x7FF8259E0000
	KERNEL32.DLL                  0x7FF825D70000
	msvcrt.dll                    0x7FF825FA0000
	SETUPAPI.dll                  0x7FF826050000
	SHELL32.dll                   0x7FF8264D0000
	OLEAUT32.dll                  0x7FF826D30000
	USER32.dll                    0x7FF826E10000
	COMDLG32.dll                  0x7FF826FC0000
	ADVAPI32.dll                  0x7FF827280000
	SHCORE.dll                    0x7FF827330000
	ntdll.dll                     0x7FF827470000
	steamclient64.dll             0x7FFF94360000
	nvcuda64.dll                  0x7FFF95ED0000
	NvCamera64.dll                0x7FFF97180000
	ResampleDmo.DLL               0x7FFF97D40000
	DSOUND.DLL                    0x7FFF97E00000
	D3DCOMPILER_43.dll            0x7FFFA4E50000
	nvcuda.dll                    0x7FFFD19D0000
	d3dcompiler_47_64.dll         0x7FFFDDF30000
	tier0_s64.dll                 0x7FFFDF820000
	d3dcompiler_46e.dll           0x7FFFE22C0000
	XDI.dll                       0x7FFFE2680000
	wsfw_identifier.dll           0x7FFFE26F0000
	ShadowBoostFO4.dll            0x7FFFE27F0000
	RobCo_Patcher.dll             0x7FFFE28C0000
	NVIDIA_Reflex.dll             0x7FFFE29B0000
	mcm.dll                       0x7FFFE2A80000
	Buffout4.dll                  0x7FFFE2B20000
	PowerGridTools.dll            0x7FFFE3C90000
	FakeThroughScope.dll          0x7FFFE44B0000
	f4ee.dll                      0x7FFFE4590000
	nvspcap64.dll                 0x7FFFE4790000
	HighFPSPhysicsFix.dll         0x7FFFE4E40000
	vstdlib_s64.dll               0x7FFFE5410000
	DINPUT8.dll                   0x7FFFE54D0000
	BakaScrapHeap.dll             0x7FFFE5520000
	flexRelease_x64.dll           0x7FFFE56A0000
	f4se_1_10_163.dll             0x7FFFE6010000
	ClassicHolsteredWeapons.dll   0x7FFFE6710000
	FloatingDamage.dll            0x7FFFE8460000
	RustyFaceFix.dll              0x7FFFE8980000
	hudextension.dll              0x7FFFE8B50000
	FineZoom.dll                  0x7FFFE8D80000
	ESPExplorer.dll               0x7FFFE96E0000
	MSVCR110.dll                  0x7FFFE9740000
	MSVCP110.dll                  0x7FFFE9820000
	PhysXDevice64.dll             0x7FFFE9900000
	gameoverlayrenderer64.dll     0x7FFFE99C0000
	BulletCountedReload.dll       0x7FFFE9B60000
	GFSDK_SSAO_D3D11.win64.dll    0x7FFFEA630000
	enbhelperf4.dll               0x7FFFEE3A0000
	AutoBeam.dll                  0x7FFFF0CC0000
	ClockWidget.dll               0x7FFFF13B0000
	cudart64_75.dll               0x7FFFF14D0000
	bink2w64.dll                  0x7FFFF4260000
	GFSDK_GodraysLib.x64.dll      0x7FFFF4DC0000
	f4se_steam_loader.dll         0x7FFFFB530000
	AchievementsModsEnabler.dll   0x7FFFFB620000
	XAudio2_7.dll                 0x7FFFFB660000
	WeaponDebrisCrashFix.dll      0x7FFFFB8E0000
	flexExtRelease_x64.dll        0x7FFFFBA40000
	d3dx11_43.dll                 0x7FFFFC910000
	xinput1_4.dll                 0x7FFFFCA10000
	msdmo.dll                     0x7FFFFCA30000

F4SE PLUGINS:
	AutoBeam.dll v1
	BakaScrapHeap.dll v1.3
	Buffout4.dll v1.28.6
	BulletCountedReload.dll
	ClassicHolsteredWeapons.dll
	ClockWidget.dll
	enbhelperf4.dll v1
	ESPExplorer.dll
	f4ee.dll
	FakeThroughScope.dll v0.9.4
	FineZoom.dll
	FloatingDamage.dll
	HighFPSPhysicsFix.dll
	hudextension.dll
	mcm.dll
	NVIDIA_Reflex.dll v1
	PowerGridTools.dll
	RobCo_Patcher.dll v3.5
	RustyFaceFix.dll v2.0.1
	ShadowBoostFO4.dll
	SprintStutteringFix.dll
	WeaponDebrisCrashFix.dll
	wsfw_identifier.dll
	XDI.dll

PLUGINS:
	[00]     Fallout4.esm
	[01]     DLCRobot.esm
	[02]     DLCworkshop01.esm
	[03]     DLCCoast.esm
	[04]     DLCworkshop02.esm
	[05]     DLCworkshop03.esm
	[06]     DLCNukaWorld.esm
	[07]     Unofficial Fallout 4 Patch.esp
	[08]     ArmorKeywords.esm
	[09]     HUDFramework.esm
	[0A]     WorkshopFramework.esm
	[0B]     XDI.esm
	[0C]     MutantMenagerie.esm
	[0D]     MutantMenagerie_FarHarbor.esm
	[0E]     CompanionIvy.esm
	[0F]     SouthOfTheSea.esm
	[10]     InstituteTechnologyOverhaul.esm
	[11]     SimSettlements.esm
	[12]     AdditionalAmmoTypes.esm
	[13]     MutantMenagerie_NukaWorld.esm
	[14]     TacticalReload.esm
	[15]     ExtendedWeaponSystem.esm
	[16]     PiperCaitCurieDialogueOverhaul.esp
	[17]     OA_LootableMaterialsCrates_vanilla_mergedDLC.esp
	[18]     OA_LootableMaterialsCrates_vanilla.esp
	[19]     A Forest.esp
	[1A]     Red Rocket Settlements.esp
	[1B]     LootableCars.esp
	[1C]     Phase4DLC.esp
	[1D]     Unique NPCs.esp
	[1E]     InstituteTechnologyOverhaul - FULL.esp
	[1F]     NAC.esp
	[20]     RailroadRedone.esp
	[21]     AnimatedCandles.esp
	[22]     Wasteland Illumination.esp
	[23]     Raider Gang Extended NPC (Fixed & Cleaned).esp
	[24]     Eli_Faction Housing Overhaul - Institute.esp
	[25]     WZWildWasteland.esp
	[26]     CompanionIvy_quest.esp
	[27]     BetterSettlers.esp
	[28]     W.A.T.Minutemen.esp
	[29]     My_Minutemen.esp
	[2A]     DT_GunnerOutfitPack.esp
	[2B]     DTG_LeveledListIntegration.esp
	[2C]     MilitarizedMinutemen.esp
	[2D]     4estGimp - SotS AS MMWatchtower.esp
	[2E]     D.E.C.A.Y.esp
	[2F]     CombinedArmsNV.esp
	[30]     CombinedArmsEXPack.esp
	[31]     Zenit.esp
	[32]     RussianAssaultPack.esp
	[33]     WZXM4.esp
	[34]     ChinaLakeandHolorifle.esp
	[35]     PKMnv.esp
	[36]     QBZ191.esp
	[37]     SPR300.esp
	[38]     LString_Bow.esp
	[39]     Groza.esp
	[3A]     American180nv.esp
	[3B]     F4NV-AMR.esp
	[3C]     GrenadeExpansionPack.esp
	[3D]     G11.esp
	[3E]     AER15.esp
	[3F]     RPD.esp
	[40]     HaxRPG7.esp
	[41]     Glock19x.esp
	[42]     Allow Companions Into The Institute.esp
	[43]     Tbi_RailroadSafehouse.esp
	[44]     M2045MagnumRevolverRifle.esp
	[45]     FO4 NPCs Travel.esp
	[46]     SettlementTeleporters.esp
	[47]     BullpupBozar.esp
	[48]     HK_MP5.esp
	[49]     GaussRevolver.esp
	[4A]     pulsecarbine.esp
	[4B]     AnimChemRedux.esp
	[4C]     AsianFace.esp
	[4D]     More Power Armour Mods.esp
	[4E]     Consistent Power Armor Overhaul.esp
	[4F]     Brotherhood Power Armor Overhaul.esp
	[50]     More Power Armour Mods - Automatron.esp
	[51]     LeverActionBCR.esp
	[52]     HiPolyFaces.esp
	[53]     CBBE.esp
	[54]     Armament.esp
	[55]     ChinaLake_1.5xDamage.esp
	[56]     GrenadeExpansionPackChinaLakePatch.esp
	[57]     Holorifle_1.5xDamage.esp
	[58]     ChineseStealthSuit.esp
	[59]     CF_AtomicWarlord.esp
	[5A]     Companion Infinite Ammo.esp
	[5B]     CompanionStatus.esp
	[5C]     CorpusPraesidium.esp
	[5D]     CustomCamera.esp
	[5E]     [ARRETH] FGEP.esp
	[5F]     AAlpha12.esp
	[60]     AzarPonytailHairstyles.esp
	[61]     MilitarisedMinutemen_PatchesAddon.esp
	[62]     BLUE WATM-MilM Patch.esp
	[63]     BetterSettlersMortalPack.esp
	[64]     EvilViking13_MinutemenMorale.esp
	[65]     FTS.esp
	[66]     FTS_Vanilla.esp
	[67]     FineZoom.esp
	[68]     FlaconOil_BA2_1K_Part2.esp
	[69]     FlaconOil_BA2_1K_Part3.esp
	[6A]     GrenadeExpansionPackAWKCRPatch.esp
	[6B]     USP .45_by_tooun.esp
	[6C]     HuntingRevolver.esp
	[6D]     ImmersiveAnimationFramework.esp
	[6E]     ImpactBaseballGrenades.esp
	[6F]     InstitutePowerArmor.esp
	[70]     KSHairsFemsheppingRadbeetle.esp
	[71]     TacticalTablet.esp
	[72]     LooksMenu Customization Compendium.esp
	[73]     The Eyes Of Beauty.esp
	[74]     Lacy Underwear.esp
	[75]     LooksMenu.esp
	[76]     Lots More Facial Hair.esp
	[77]     Lots More Male Hairstyles.esp
	[78]     Lunatic's Unhelpful Loading Screens - DLC.esp
	[79]     Lunatic's Unhelpful Loading Screens.esp
	[7A]     MG42.esp
	[7B]     Maska_helmet.esp
	[7C]     MiscHairstyle.esp
	[7D]     NAC-FH.esp
	[7E]     NAC-NW.esp
	[7F]     Enemies Don't Shoot So Good 75% All DLC esp.esp
	[80]     NPC Accuracy Revised.esp
	[81]     NPCs Use Items.esp
	[82]     Nexus_PMC.esp
	[83]     NoRandomGunShellEjectDirection.esp
	[84]     ORPinupPiper.esp
	[85]     ORPunkCait.esp
	[86]     PEACEKEEPER.esp
	[87]     PMC Operators Pack.esp
	[88]     PMC_extended.esp
	[89]     PigAAMKS23.esp
	[8A]     PigAAMDeag.esp
	[8B]     Quad_Fusillade.esp
	[8C]     RAW INPUT.esp
	[8D]     Rangemaster.esp
	[8E]     RealAI.esp
	[8F]     Russian_Operator_Pack.esp
	[90]     Scopes.esp
	[91]     SkibsWeapons-REDUX.esp
	[92]     SkibsWeapons_REDUX_CheapTurrets.esp
	[93]     SprintStutterRemover.esp
	[94]     Synth Overhaul.esp
	[95]     Synth Overhaul - No level requirements Patch.esp
	[96]     TDVaultStalker.esp
	[97]     TERAPunk.esp
	[98]     TacticalTablet_LMCC.esp
	[99]     USP .45_by_tooun_TR_patch.esp
	[9A]     Unique NPCs FarHarbor.esp
	[9B]     Unique NPCs_Red Rocket Settlements.esp
	[9C]     Unlimited Sprint.esp
	[9D]     VtawMaxyDressNE.esp
	[9E]     WestTekTacticalOptics.esp
	[9F]     mjp_PTRS41ATR.esp
	[A0]     EasyHacking.esp
	[A1]     3dscopes.esp
	[A2]     ak_suppressor_fix.esp
	[A3]     EyesoftheUniverse.esp
	[A4]     grenarc.esp
	[A5]     ESPExplorerFO4.esp
	[A6]     DP-27.esp
	[A7]     DP-27_Scope.esp
	[A8]     Communist_Army.esp
	[A9]     BOS_overhaul.esp
	[AA]     Brown Face Fix Female.esp
	[AB]     Brown Face Fix Male.esp
	[AC]     AnimatedRadaway.esp
	[AD]     10MMTF.esp
	[AE]     StartMeUp.esp
	[AF]     PlayerComments.esp
	[B0]     PlayerCommentsStartMeUpPiperFix.esp
	[B1]     StartMeUpNukaWorldPatch.esp
	[B2]     Pip-Boy Flashlight.esp
	[B3]     TacticalTablet_Pip-BoyFlashlight.esp
	[B4]     SatelliteWorldMap.esp
	[FE:000] PPF.esm
	[FE:001] Munitions - An Ammo Expansion.esl
	[FE:002] Quick_Modification_Weapon_by_tooun.esl
	[FE:003] SSTMinutemanWatchtowers.esl
	[FE:004] ammoUI_by_tooun.esl
	[FE:005] CanarySaveFileMonitor.esl
	[FE:006] CWGaussRifle.esl
	[FE:007] HiPolyFacesCompanionPlugin.esl
	[FE:008] KillTips_by_tooun.esl
	[FE:009] M84FlashBang.esl
	[FE:00A] M84FlashBang Advanced.esl
	[FE:00B] Munitions - Vanilla Ammo Addon.esl
	[FE:00C] IllumBillboardsAIO.esl
	[FE:00D] SouthOfTheSea[Previs].esp
	[FE:00E] TheKite_Railroad_Handmaiden.esp
	[FE:00F] Look At Me RE.esp
	[FE:010] SouthOfTheSea[PatchWZWildWasteland].esp
	[FE:011] PulseCarbine_ITO_FULLpatch.esp
	[FE:012] Burst Impact Blast FX.esp
	[FE:013] ClassicRadiationPoisoning2.esp
	[FE:014] 4estGimp - FGEP_TankTweakFix.esp
	[FE:015] AAlpha12_TR.esp
	[FE:016] WATM-MM-MMUPAIA_CustomPatch.esp
	[FE:017] G11_TR.esp
	[FE:018] Groza_FTSPacth.esp
	[FE:019] Groza_TR.esp
	[FE:01A] HuntingRevolver_RangerSequoia_Patch.esp
	[FE:01B] IAF - Far Harbor & Nuka World.esp
	[FE:01C] IvyEdit.esp
	[FE:01D] LetMeUseThat.esp
	[FE:01E] M8rDisablePipboyEffects.esp
	[FE:01F] Pumpkin Grenades.esp
	[FE:020] QBZ191_NO_LL_Patch.esp
	[FE:021] QBZ191_QMW_Magnifieronoff_patch.esp
	[FE:022] RB_SynthkindRedefined.esp
	[FE:023] RB_SynthkindRedefined_Valentine_Wardrobe_Addon.esp
	[FE:024] Raw Input - Sprint Fix Patch.esp
	[FE:025] RussianStimpack.esp
	[FE:026] Rusty Face Fix.esp
	[FE:027] StartMeUpShaunDefaultAppearance.esp
	[FE:028] Stimpaks help you breathe.esp
	[FE:029] Type_56_AK47_M70.esp
	[FE:02A] VeryZenFGEP_2k.esp
	[FE:02B] W.A.T.M_MM+PA.esp
	[FE:02C] Zenit_TacticalReloadPatch.esp
	[FE:02D] [ARRETH] FGEP - DECAY Patch.esp
	[FE:02E] qbz_FTSPatch.esp
	[FE:02F] QBZ191_TR_patch.esp
	[FE:030] Groza_Armament.esp
	[FE:031] AER15_DamageModifiers.esp
	[FE:032] WET.esp
	[FE:033] PRP.esp
