Fallout 4 v1.10.163
Buffout 4 v1.28.6

Unhandled exception "EXCEPTION_ACCESS_VIOLATION" at 0x7FF777046520 Fallout4.exe+0706520

	[Compatibility]
		F4EE: false
	[Crashlog]
		AutoOpen: true
		PromptUpload: true
	[Fixes]
		ActorIsHostileToActor: true
		CellInit: true
		CreateD3DAndSwapChain: true
		EncounterZoneReset: true
		GreyMovies: true
		MagicEffectApplyEvent: true
		MovementPlanner: true
		PackageAllocateLocation: true
		SafeExit: true
		TESObjectREFRGetEncounterZone: true
		UnalignedLoad: true
		UtilityShader: true
	[Patches]
		Achievements: true
		ArchiveLimit: false
		BSMTAManager: true
		BSPreCulledObjects: true
		BSTextureStreamerLocalHeap: false
		HavokMemorySystem: true
		INISettingCollection: true
		InputSwitch: false
		MaxStdIO: -1
		MemoryManager: true
		MemoryManagerDebug: false
		ScaleformAllocator: true
		SmallBlockAllocator: true
		WorkshopMenu: true
	[Warnings]
		CreateTexture2D: true
		ImageSpaceAdapter: true

SYSTEM SPECS:
	OS: Microsoft Windows 10 Home v10.0.19045
	CPU: GenuineIntel Intel(R) Core(TM) i7-9700F CPU @ 3.00GHz
	GPU #1: Nvidia TU116 [GeForce0GTX016600Ti]
	GPU #2: Microsoft Basic Render Driver
	PHYSICAL MEMORY: 14.38 GB/15.94 GB

PROBABLE CALL STACK:
	[00] 0x7FF777046520      Fallout4.exe+0706520 -> 450906+0x70
	[01] 0x7FF7778922C1      Fallout4.exe+0F522C1 -> 54379+0xB1
	[02] 0x7FF77776225C      Fallout4.exe+0E2225C -> 548567+0xDC
	[03] 0x7FF7777821B7      Fallout4.exe+0E421B7 -> 1496738+0x37
	[04] 0x7FF7776E03AD      Fallout4.exe+0DA03AD -> 25555+0x5D
	[05] 0x7FF77761C3B4      Fallout4.exe+0CDC3B4 -> 1370961+0x134
	[06] 0x7FF77761F476      Fallout4.exe+0CDF476 -> 1328347+0xA86
	[07] 0x7FFDB733EDC5 f4se_1_10_163.dll+000EDC5
	[08] 0x7FF77762DA7D      Fallout4.exe+0CEDA7D -> 540706+0x38D
	[09] 0x7FF777633A4D      Fallout4.exe+0CF3A4D -> 646554+0x2D
	[10] 0x7FF778490F26      Fallout4.exe+1B50F26 -> 329005+0xC6
	[11] 0x7FF778491432      Fallout4.exe+1B51432 -> 194800+0x202
	[12] 0x7FF778493F67      Fallout4.exe+1B53F67 -> 1492866+0x67
	[13] 0x7FF77845CFED      Fallout4.exe+1B1CFED -> 1079791+0x3D
	[14] 0x7FFDFD3D7344      KERNEL32.DLL+0017344
	[15] 0x7FFDFED226B1         ntdll.dll+00526B1

REGISTERS:
	RAX 0x0                (size_t)
	RCX 0x0                (size_t)
	RDX 0x158A3772580      (BGSProcedureHoldPositionExecState*)
	RBX 0x158A3772580      (BGSProcedureHoldPositionExecState*)
	RSP 0x359562EC70       (void*)
	RBP 0x1                (size_t)
	RSI 0x15859BA5A80      (BGSProcedureTreeSequence*)
	RDI 0x158A37725A0      (BGSProcedureTreeSequenceExecState*)
	R8  0x15730143E50      (void*)
	R9  0x92               (size_t)
	R10 0x15858314138      (void*)
	R11 0x15880438840      (void*)
	R12 0x1                (size_t)
	R13 0x359562EE20       (BGSLoadFormBuffer*)
	R14 0x359562ECF0       (void*)
	R15 0x15755A37F2C      (void*)

STACK:
	[RSP+0000] 0x1                (size_t)
	[RSP+8000] 0x7FF77845093F     (void* -> Fallout4.exe+1B1093F)
	[RSP+1000] 0x359562EE20       (BGSLoadFormBuffer*)
	[RSP+1800] 0x0                (size_t)
	[RSP+2000] 0x15859B76940      (TESPackage*)
		File: "MaxwellsWorl.esp"
		Flags: 0x00000008
		Form ID: 0x17052B13
		Form Type: 82
	[RSP+2800] 0x7FF7778922C1     (void* -> Fallout4.exe+0F522C1)
	[RSP+3000] 0x15859B3D680      (TESCustomPackageData*)
	[RSP+3800] 0x158A376B460      (CustomActorPackageData*)
	[RSP+4000] 0x15858314150      (void*)
	[RSP+4800] 0x7FF776AE6ACA     (void* -> Fallout4.exe+01A6ACA)
	[RSP+5000] 0x158584A7500      (void*)
	[RSP+5800] 0x7FF77776225C     (void* -> Fallout4.exe+0E2225C)
	[RSP+6000] 0x158584A7518      (void*)
	[RSP+6800] 0x0                (size_t)
	[RSP+7000] 0x359562EE20       (BGSLoadFormBuffer*)
	[RSP+7800] 0x158582EF900      (Actor*)
		Object Reference: 
			File: "MaxwellsWorl.esp"
			Flags: 0x00040008
			Form ID: 0x1700437D
			Form Type: 45
		File: "MaxwellsWorl.esp"
		Flags: 0x00600408
		Form ID: 0x1704F53A
		Form Type: 65
	[RSP+8000] 0x359562EE20       (BGSLoadFormBuffer*)
	[RSP+8800] 0x15859B76940      (TESPackage*)
		File: "MaxwellsWorl.esp"
		Flags: 0x00000008
		Form ID: 0x17052B13
		Form Type: 82
	[RSP+9000] 0x157D7AA6080      (void*)
	[RSP+9800] 0x7FF7777821B7     (void* -> Fallout4.exe+0E421B7)
	[RSP+A000] 0x158582EF900      (Actor*)
		Object Reference: 
			File: "MaxwellsWorl.esp"
			Flags: 0x00040008
			Form ID: 0x1700437D
			Form Type: 45
		File: "MaxwellsWorl.esp"
		Flags: 0x00600408
		Form ID: 0x1704F53A
		Form Type: 65
	[RSP+A800] 0x359562EE20       (BGSLoadFormBuffer*)
	[RSP+B000] 0x158582EF900      (Actor*)
		Object Reference: 
			File: "MaxwellsWorl.esp"
			Flags: 0x00040008
			Form ID: 0x1700437D
			Form Type: 45
		File: "MaxwellsWorl.esp"
		Flags: 0x00600408
		Form ID: 0x1704F53A
		Form Type: 65
	[RSP+B800] 0x7FF7769CFB9B     (void* -> Fallout4.exe+008FB9B)
	[RSP+C000] 0x0                (size_t)
	[RSP+C800] 0x359562EE20       (BGSLoadFormBuffer*)
	[RSP+D000] 0x158582EF900      (Actor*)
		Object Reference: 
			File: "MaxwellsWorl.esp"
			Flags: 0x00040008
			Form ID: 0x1700437D
			Form Type: 45
		File: "MaxwellsWorl.esp"
		Flags: 0x00600408
		Form ID: 0x1704F53A
		Form Type: 65
	[RSP+D800] 0x359562EE20       (BGSLoadFormBuffer*)
	[RSP+E000] 0x158582EF900      (Actor*)
		Object Reference: 
			File: "MaxwellsWorl.esp"
			Flags: 0x00040008
			Form ID: 0x1700437D
			Form Type: 45
		File: "MaxwellsWorl.esp"
		Flags: 0x00600408
		Form ID: 0x1704F53A
		Form Type: 65
	[RSP+E800] 0x7FF776D2F95E     (void* -> Fallout4.exe+03EF95E)
	[RSP+F000] 0x0                (size_t)
	[RSP+F800] 0x158582EF900      (Actor*)
		Object Reference: 
			File: "MaxwellsWorl.esp"
			Flags: 0x00040008
			Form ID: 0x1700437D
			Form Type: 45
		File: "MaxwellsWorl.esp"
		Flags: 0x00600408
		Form ID: 0x1704F53A
		Form Type: 65
	[RSP+1000] 0x3B43D7           (size_t)
	[RSP+1080] 0x0                (size_t)
	[RSP+1100] 0x157D7AA6080      (void*)
	[RSP+1180] 0x0                (size_t)
	[RSP+1200] 0x157D7AA6080      (void*)
	[RSP+1280] 0x7FF7776E03AD     (void* -> Fallout4.exe+0DA03AD)
	[RSP+1300] 0x15800000000      (void*)
	[RSP+1380] 0x0                (size_t)
	[RSP+1400] 0x158582EF900      (Actor*)
		Object Reference: 
			File: "MaxwellsWorl.esp"
			Flags: 0x00040008
			Form ID: 0x1700437D
			Form Type: 45
		File: "MaxwellsWorl.esp"
		Flags: 0x00600408
		Form ID: 0x1704F53A
		Form Type: 65
	[RSP+1480] 0x0                (size_t)
	[RSP+1500] 0x0                (size_t)
	[RSP+1580] 0x157D6374100      (PlayerCharacter*)
		Object Reference: 
			File: "WRVR.esp"
			Flags: 0x00240009
			Form ID: 0x00000007
			Form Type: 45
		File: ""
		Flags: 0x00600448
		Form ID: 0x00000014
		Form Type: 65
	[RSP+1600] 0x0                (size_t)
	[RSP+1680] 0x15755A37F2C      (void*)
	[RSP+1700] 0x157D7AA6080      (void*)
	[RSP+1780] 0x913D             (size_t)
	[RSP+1800] 0x15882ED5990      (void*)
	[RSP+1880] 0x7FF77761C3B4     (void* -> Fallout4.exe+0CDC3B4)
	[RSP+1900] 0x0                (size_t)
	[RSP+1980] 0x0                (size_t)
	[RSP+1A00] 0x0                (size_t)
	[RSP+1A80] 0x0                (size_t)
	[RSP+1B00] 0x7FF779596C68     (void* -> Fallout4.exe+2C56C68)
	[RSP+1B80] 0x0                (size_t)
	[RSP+1C00] 0x0                (size_t)
	[RSP+1C80] 0x7FF700000000     (size_t)
	[RSP+1D00] 0x0                (size_t)
	[RSP+1D80] 0x29A1704F53A      (size_t)
	[RSP+1E00] 0x0                (size_t)
	[RSP+1E80] 0x158582EF900      (Actor*)
		Object Reference: 
			File: "MaxwellsWorl.esp"
			Flags: 0x00040008
			Form ID: 0x1700437D
			Form Type: 45
		File: "MaxwellsWorl.esp"
		Flags: 0x00600408
		Form ID: 0x1704F53A
		Form Type: 65
	[RSP+1F00] 0x200000182000001  (size_t)
	[RSP+1F80] 0x44410000         (size_t)
	[RSP+2000] 0x84798            (size_t)
	[RSP+2080] 0x157D7AA63B8      (void*)
	[RSP+2100] 0x158184A91C0      (char*) "Exitsave0_654A833CS43697269_Commonwealth_010225_20240309054520_30_2"
	[RSP+2180] 0x58               (size_t)
	[RSP+2200] 0x0                (size_t)
	[RSP+2280] 0x7FF77761F476     (void* -> Fallout4.exe+0CDF476)
	[RSP+2300] 0x1588A00F040      (void*)
	[RSP+2380] 0x1588A00F040      (void*)
	[RSP+2400] 0x359562EFA0       (void*)
	[RSP+2480] 0x158C3B1A841      (size_t)
	[RSP+2500] 0x7FF779599601     (void* -> Fallout4.exe+2C59601)
	[RSP+2580] 0x2                (size_t)
	[RSP+2600] 0x0                (size_t)
	[RSP+2680] 0x35000108F4       (size_t)
	[RSP+2700] 0x84798            (size_t)
	[RSP+2780] 0x158A5141200      (void*)
	[RSP+2800] 0x15700000058      (void*)
	[RSP+2880] 0x0                (size_t)
	[RSP+2900] 0x7FF780000446     (size_t)
	[RSP+2980] 0x158A5141200      (void*)
	[RSP+2A00] 0x7FF779596C68     (void* -> Fallout4.exe+2C56C68)
	[RSP+2A80] 0x0                (size_t)
	[RSP+2B00] 0x0                (size_t)
	[RSP+2B80] 0x7FFD00000000     (size_t)
	[RSP+2C00] 0x0                (size_t)
	[RSP+2C80] 0x4DFF00D254       (size_t)
	[RSP+2D00] 0x0                (size_t)
	[RSP+2D80] 0x157FB06D080      (TESObjectREFR*)
		Object Reference: 
			File: "SS2.esm"
			Flags: 0x00402019
			Form ID: 0x0A011658
			Form Type: 42
		File: ""
		Flags: 0x00600508
		Form ID: 0xFF00D254
		Form Type: 64
	[RSP+2E00] 0x80000543         (size_t)
	[RSP+2E80] 0x44000000         (size_t)
	[RSP+2F00] 0x15755A38030      (char*) "X"
	[RSP+2F80] 0x15755A37F2C      (void*)
	[RSP+3000] 0x0                (size_t)
	[RSP+3080] 0x7FFD00000000     (size_t)
	[RSP+3100] 0x15700000000      (void*)
	[RSP+3180] 0x0                (size_t)
	[RSP+3200] 0x0                (size_t)
	[RSP+3280] 0x7FFD00000000     (size_t)
	[RSP+3300] 0x351A676034A3CFA  (size_t)
	[RSP+3380] 0x119BE7000F1152   (size_t)
	[RSP+3400] 0xAF714C00129366   (size_t)
	[RSP+3480] 0xE0000000C        (size_t)
	[RSP+3500] 0x108F400000008    (size_t)
	[RSP+3580] 0x0                (size_t)
	[RSP+3600] 0x0                (size_t)
	[RSP+3680] 0x0                (size_t)
	[RSP+3700] 0x0                (size_t)
	[RSP+3780] 0x0                (size_t)
	[RSP+3800] 0x0                (size_t)
	[RSP+3880] 0x0                (size_t)
	[RSP+3900] 0x0                (size_t)
	[RSP+3980] 0x0                (size_t)
	[RSP+3A00] 0xFFFFFFFF         (size_t)
	[RSP+3A80] 0x2A6D8E10         (size_t)
	[RSP+3B00] 0x0                (size_t)
	[RSP+3B80] 0x7FF77A00DAD4     (void* -> Fallout4.exe+36CDAD4)
	[RSP+3C00] 0x1572A6D8E10      (char*) "
ull save path: C:\Users\user\Documents\My Games\Fallout4\Saves\\Exitsave0_654A833CS43697269_Commonwealth_010225_20240309054520_30_2.f4sectlyorrectly"
	[RSP+3C80] 0x0                (size_t)
	[RSP+3D00] 0x3                (size_t)
	[RSP+3D80] 0xB73ADABE         (size_t)
	[RSP+3E00] 0x0                (size_t)
	[RSP+3E80] 0x7FF77A00DAD4     (void* -> Fallout4.exe+36CDAD4)
	[RSP+3F00] 0x7FFDB73F40E8     (void* -> f4se_1_10_163.dll+00C40E8)
	[RSP+3F80] 0x0                (size_t)
	[RSP+4000] 0xBE3D00000001     (size_t)
	[RSP+4080] 0x7FFDB73A2F7D     (void* -> f4se_1_10_163.dll+0072F7D)
	[RSP+4100] 0x6576617374697845 (size_t)
	[RSP+4180] 0x3338413435365F30 (size_t)
	[RSP+4200] 0x3739363334534333 (size_t)
	[RSP+4280] 0x6D6D6F435F393632 (size_t)
	[RSP+4300] 0x68746C6165776E6F (size_t)
	[RSP+4380] 0x5F3532323031305F (size_t)
	[RSP+4400] 0x3930333034323032 (size_t)
	[RSP+4480] 0x335F303235343530 (size_t)
	[RSP+4500] 0x736F662E325F30   (size_t)
	[RSP+4580] 0x7FFDB739C89E     (void* -> f4se_1_10_163.dll+006C89E)
	[RSP+4600] 0x7FFDB73F40E8     (void* -> f4se_1_10_163.dll+00C40E8)
	[RSP+4680] 0x7FFDB73A2BDC     (void* -> f4se_1_10_163.dll+0072BDC)
	[RSP+4700] 0x1572A7099E0      (void*)
	[RSP+4780] 0x359562F140       (void*)
	[RSP+4800] 0x359562F268       (void*)
	[RSP+4880] 0x7FFDB73A2E18     (void* -> f4se_1_10_163.dll+0072E18)
	[RSP+4900] 0x0                (size_t)
	[RSP+4980] 0xA                (size_t)
	[RSP+4A00] 0x1572A709900      (void*)
	[RSP+4A80] 0x7FFDB73F4270     (void* -> f4se_1_10_163.dll+00C4270)
	[RSP+4B00] 0x1572A728640      (void*)
	[RSP+4B80] 0x1572A709901      (void*)
	[RSP+4C00] 0x359562F100       (void*)
	[RSP+4C80] 0x359562F100       (void*)
	[RSP+4D00] 0x7FFDB73F40E8     (void* -> f4se_1_10_163.dll+00C40E8)
	[RSP+4D80] 0x7FFDB73F40E8     (void* -> f4se_1_10_163.dll+00C40E8)
	[RSP+4E00] 0x359562F1A0       (char*) "21:45:23, EXE Version: 1.10.163.0, Save Version 15.68"
	[RSP+4E80] 0x359562F100       (void*)
	[RSP+4F00] 0x359562F1A8       (char*) ", EXE Version: 1.10.163.0, Save Version 15.68"
	[RSP+4F80] 0x359562F1B0       (char*) "rsion: 1.10.163.0, Save Version 15.68"
	[RSP+5000] 0x359562F1B8       (char*) ".10.163.0, Save Version 15.68"
	[RSP+5080] 0x7FFDB73A2CBD     (void* -> f4se_1_10_163.dll+0072CBD)
	[RSP+5100] 0x7FFDB73C1A70     (char*) "%s
"
	[RSP+5180] 0x7FFDB73F40E8     (void* -> f4se_1_10_163.dll+00C40E8)
	[RSP+5200] 0x33202D2072657375 (size_t)
	[RSP+5280] 0x20343230322F392F (size_t)
	[RSP+5300] 0x33323A35343A3132 (size_t)
	[RSP+5380] 0x655620455845202C (size_t)
	[RSP+5400] 0x31203A6E6F697372 (size_t)
	[RSP+5480] 0x2E3336312E30312E (size_t)
	[RSP+5500] 0x2065766153202C30 (size_t)
	[RSP+5580] 0x206E6F6973726556 (size_t)
	[RSP+5600] 0x38362E3531       (size_t)
	[RSP+5680] 0x359562F268       (void*)
	[RSP+5700] 0x157C46AD001      (char*) ":\Users\user\Documents\My Games\Fallout4\Saves\\Exitsave0_654A833CS43697269_Commonwealth_010225_20240309054520_30_2.f4se"
	[RSP+5780] 0x7FFDB738F551     (void* -> f4se_1_10_163.dll+005F551)
	[RSP+5800] 0x7FFDB73C1A70     (char*) "%s
"
	[RSP+5880] 0x7FFDB73FB770     (char*) "full save path: C:\Users\user\Documents\My Games\Fallout4\Saves\\Exitsave0_654A833CS43697269_Commonwealth_010225_20240309054520_30_2.f4se"
	[RSP+5900] 0x7FFDB73FE7D0     (void* -> f4se_1_10_163.dll+00CE7D0)
	[RSP+5980] 0x1572A6D8E11      (char*) "ull save path: C:\Users\user\Documents\My Games\Fallout4\Saves\\Exitsave0_654A833CS43697269_Commonwealth_010225_20240309054520_30_2.f4sectlyorrectly"
	[RSP+5A00] 0x0                (size_t)
	[RSP+5A80] 0x359562F268       (void*)
	[RSP+5B00] 0x0                (size_t)
	[RSP+5B80] 0x7FFDB73344EA     (void* -> f4se_1_10_163.dll+00044EA)
	[RSP+5C00] 0x157C46AD000      (char*) "C:\Users\user\Documents\My Games\Fallout4\Saves\\Exitsave0_654A833CS43697269_Commonwealth_010225_20240309054520_30_2.f4se"
	[RSP+5C80] 0x43               (size_t)
	[RSP+5D00] 0x0                (size_t)
	[RSP+5D80] 0xFFFFFFFF         (size_t)
	[RSP+5E00] 0x3                (size_t)
	[RSP+5E80] 0x1572C77B940      (void*)
	[RSP+5F00] 0x7FFDB73D52B8     (char*) "F4SE"
	[RSP+5F80] 0x7FFDB738B371     (void* -> f4se_1_10_163.dll+005B371)
	[RSP+6000] 0x1572A7A8340      (void*)
	[RSP+6080] 0x1                (size_t)
	[RSP+6100] 0x1581CA9BA00      (void*)
	[RSP+6180] 0x2                (size_t)
	[RSP+6200] 0x7FFDB73D52B8     (char*) "F4SE"
	[RSP+6280] 0x4300000002       (size_t)
	[RSP+6300] 0x158184A91C0      (char*) "Exitsave0_654A833CS43697269_Commonwealth_010225_20240309054520_30_2"
	[RSP+6380] 0x7FF77C3B34C0     (char*) "Exitsave0_654A833CS43697269_Commonwealth_010225_20240309054520_30_2"
	[RSP+6400] 0xFFFFFF00         (size_t)
	[RSP+6480] 0x0                (size_t)
	[RSP+6500] 0x359562F390       (void*)
	[RSP+6580] 0x1                (size_t)
	[RSP+6600] 0x157D7AA6080      (void*)
	[RSP+6680] 0x7FFDB733EDC5     (void* -> f4se_1_10_163.dll+000EDC5)
	[RSP+6700] 0x158184A9101      (void*)
	[RSP+6780] 0x158184A91C0      (char*) "Exitsave0_654A833CS43697269_Commonwealth_010225_20240309054520_30_2"
	[RSP+6800] 0x158184A91C0      (char*) "Exitsave0_654A833CS43697269_Commonwealth_010225_20240309054520_30_2"
	[RSP+6880] 0x7FFDFC416B95     (void* -> KERNELBASE.dll+0086B95)
	[RSP+6900] 0x0                (size_t)
	[RSP+6980] 0x0                (size_t)
	[RSP+6A00] 0x0                (size_t)
	[RSP+6A80] 0x0                (size_t)
	[RSP+6B00] 0x0                (size_t)
	[RSP+6B80] 0x0                (size_t)
	[RSP+6C00] 0x2                (size_t)
	[RSP+6C80] 0x7FF77762DA7D     (void* -> Fallout4.exe+0CEDA7D)
	[RSP+6D00] 0x1                (size_t)
	[RSP+6D80] 0x359562F440       (void*)
	[RSP+6E00] 0x1579E436B00      (BGSSaveLoadManager*)
	[RSP+6E80] 0x2                (size_t)
	[RSP+6F00] 0x0                (size_t)
	[RSP+6F80] 0x0                (size_t)
	[RSP+7000] 0x15800000000      (void*)
	[RSP+7080] 0x359562F640       (char*) "3CS43697269_Commonwealth_010225_20240309054520_30_2"
	[RSP+7100] 0x0                (size_t)
	[RSP+7180] 0x0                (size_t)
	[RSP+7200] 0x15755A37F90      (ScrapHeap*)
	[RSP+7280] 0x158184B1A00      (void*)
	[RSP+7300] 0x7FF700000020     (size_t)
	[RSP+7380] 0x7FF70000001D     (size_t)
	[RSP+7400] 0x15755A38030      (char*) "X"
	[RSP+7480] 0x7FF77845093F     (void* -> Fallout4.exe+1B1093F)
	[RSP+7500] 0x15755880960      (void*)
	[RSP+7580] 0x7FF77C528001     (void* -> Fallout4.exe+5BE8001)
	[RSP+7600] 0x334E83EC         (size_t)
	[RSP+7680] 0x7FF77845093F     (void* -> Fallout4.exe+1B1093F)
	[RSP+7700] 0x62003AD9         (size_t)
	[RSP+7780] 0x7FF77845093F     (void* -> Fallout4.exe+1B1093F)
	[RSP+7800] 0x1573026BE20      (void*)
	[RSP+7880] 0x7FF779599308     (char*) "QUST"
	[RSP+7900] 0x1CC2A            (size_t)
	[RSP+7980] 0x7FF776A92D26     (void* -> Fallout4.exe+0152D26)
	[RSP+7A00] 0xA46FC            (size_t)
	[RSP+7A80] 0x7FF776A92D26     (void* -> Fallout4.exe+0152D26)
	[RSP+7B00] 0x1573026BE20      (void*)
	[RSP+7B80] 0x158D11C9621      (size_t)
	[RSP+7C00] 0x1586C8F0758      (char*) ";"
	[RSP+7C80] 0x7FF77845093F     (void* -> Fallout4.exe+1B1093F)
	[RSP+7D00] 0x1587147FAD8      (char*) "H"
	[RSP+7D80] 0x7FF77706D633     (void* -> Fallout4.exe+072D633)
	[RSP+7E00] 0x1587147FAD8      (char*) "H"
	[RSP+7E80] 0x1584248B0E7      (void*)
	[RSP+7F00] 0x158714E6200      (TESQuest*)
		File: "CWCreateABot.esp"
		Flags: 0x00000008
		Form ID: 0x8E001420
		Form Type: 80
		Full Name: "PC Settlement - Caravan Stop"
	[RSP+7F80] 0x7FF77706D4F7     (void* -> Fallout4.exe+072D4F7)
	[RSP+8000] 0x1573026BE20      (void*)
	[RSP+8080] 0x7FF77845093F     (void* -> Fallout4.exe+1B1093F)
	[RSP+8100] 0x1586A825600      (TESQuest*)
		File: "NukaWorldPlus.esp"
		Flags: 0x00400008
		Form ID: 0x62004338
		Form Type: 80
		Full Name: "Much effort, much prosperity."
	[RSP+8180] 0x7FFDB66FBDCE     (void* -> Buffout4.dll+004BDCE)
	[RSP+8200] 0x1587147FC98      (void*)
	[RSP+8280] 0x7FF77706D633     (void* -> Fallout4.exe+072D633)
	[RSP+8300] 0x100087B          (size_t)
	[RSP+8380] 0x7FF776A92D26     (void* -> Fallout4.exe+0152D26)
	[RSP+8400] 0x1573026BE20      (void*)
	[RSP+8480] 0x7FFDB66FC289     (void* -> Buffout4.dll+004C289)
	[RSP+8500] 0x1584DEA5EA0      (void*)
	[RSP+8580] 0x1584DEA5EC0      (void*)
	[RSP+8600] 0x1587147F8D8      (char*) "J"
	[RSP+8680] 0x7FF77706D633     (void* -> Fallout4.exe+072D633)
	[RSP+8700] 0x1587147F8D8      (char*) "J"
	[RSP+8780] 0x158C52A46B3      (size_t)
	[RSP+8800] 0x158714E5C00      (TESQuest*)
		File: "CWCreateABot.esp"
		Flags: 0x00400008
		Form ID: 0x8E001BD3
		Form Type: 80
		Full Name: "Securitrons"
	[RSP+8880] 0x7FFDB66FBDCE     (void* -> Buffout4.dll+004BDCE)
	[RSP+8900] 0x0                (size_t)
	[RSP+8980] 0x7FF778483162     (void* -> Fallout4.exe+1B43162)
	[RSP+8A00] 0x158640AEC20      (void*)
	[RSP+8A80] 0x7FF7784509C3     (void* -> Fallout4.exe+1B109C3)
	[RSP+8B00] 0x73726573555C3A43 (size_t)
	[RSP+8B80] 0x6F445C726573755C (size_t)
	[RSP+8C00] 0x5C73746E656D7563 (size_t)
	[RSP+8C80] 0x73656D614720794D (size_t)
	[RSP+8D00] 0x74756F6C6C61465C (size_t)
	[RSP+8D80] 0x5C73657661535C34 (size_t)
	[RSP+8E00] 0x6576617374697845 (size_t)
	[RSP+8E80] 0x3338413435365F30 (size_t)
	[RSP+8F00] 0x3739363334534333 (size_t)
	[RSP+8F80] 0x6D6D6F435F393632 (size_t)
	[RSP+9000] 0x68746C6165776E6F (size_t)
	[RSP+9080] 0x5F3532323031305F (size_t)
	[RSP+9100] 0x3930333034323032 (size_t)
	[RSP+9180] 0x335F303235343530 (size_t)
	[RSP+9200] 0x736F662E325F30   (size_t)
	[RSP+9280] 0x158640B0770      (void*)
	[RSP+9300] 0x158640B0770      (void*)
	[RSP+9380] 0x7FFDBEB6F686     (void* -> MSVCR110.dll+005F686)
	[RSP+9400] 0x157D84EA0C0      (void*)
	[RSP+9480] 0x7FF77761D147     (void* -> Fallout4.exe+0CDD147)
	[RSP+9500] 0x157D84EA0F0      (void*)
	[RSP+9580] 0x7FFDB66FBDCE     (void* -> Buffout4.dll+004BDCE)
	[RSP+9600] 0x7FF77A00ECB8     (type_info*)
	[RSP+9680] 0x0                (size_t)
	[RSP+9700] 0x0                (size_t)
	[RSP+9780] 0x7FF77A00B140     (type_info*)
	[RSP+9800] 0x157E6316E00      (AlchemyItem*)
		File: "Fallout4.esm"
		Flags: 0x20000009
		Form ID: 0x00023736
		Form Type: 48
		Full Name: "Stimpak"
	[RSP+9880] 0x7FF7799E8708     (void* -> Fallout4.exe+30A8708)
	[RSP+9900] 0x15869F2B8A0      (void*)
	[RSP+9980] 0x7FFDBEB6FB8F     (void* -> MSVCR110.dll+005FB8F)
	[RSP+9A00] 0x157E6316E00      (AlchemyItem*)
		File: "Fallout4.esm"
		Flags: 0x20000009
		Form ID: 0x00023736
		Form Type: 48
		Full Name: "Stimpak"
	[RSP+9A80] 0x0                (size_t)
	[RSP+9B00] 0x7FF77A00B140     (type_info*)
	[RSP+9B80] 0x7FFDBEB6F686     (void* -> MSVCR110.dll+005F686)
	[RSP+9C00] 0x6576617374697845 (size_t)
	[RSP+9C80] 0x3338413435365F30 (size_t)
	[RSP+9D00] 0x3739363334534333 (size_t)
	[RSP+9D80] 0x6D6D6F435F393632 (size_t)
	[RSP+9E00] 0x68746C6165776E6F (size_t)
	[RSP+9E80] 0x5F3532323031305F (size_t)
	[RSP+9F00] 0x3930333034323032 (size_t)
	[RSP+9F80] 0x335F303235343530 (size_t)
	[RSP+A000] 0x15800325F30      (void*)
	[RSP+A080] 0x7FF779A0FAE8     (void* -> Fallout4.exe+30CFAE8)
	[RSP+A100] 0x359562F768       (char*) "_010225_20240309054520_30_2.fos"
	[RSP+A180] 0x7FF77845093F     (void* -> Fallout4.exe+1B1093F)
	[RSP+A200] 0x15865439800      (BGSMessage*)
		File: "OWR2.esp"
		Flags: 0x00000008
		Form ID: 0xCE006779
		Form Type: 108
		Full Name: "The Cat's Meow (Atom Cats Radio)"
	[RSP+A280] 0x0                (size_t)
	[RSP+A300] 0x7FF77A00B140     (type_info*)
	[RSP+A380] 0x0                (size_t)
	[RSP+A400] 0x0                (size_t)
	[RSP+A480] 0x7FF778982234     (void* -> Fallout4.exe+2042234)
	[RSP+A500] 0x7FF77C3A6DD0     (UI*)
	[RSP+A580] 0x0                (size_t)
	[RSP+A600] 0x2                (size_t)
	[RSP+A680] 0x7FFDBEB6FB8F     (void* -> MSVCR110.dll+005FB8F)
	[RSP+A700] 0x1573017FE00      (void*)
	[RSP+A780] 0x7FF7777DAC99     (void* -> Fallout4.exe+0E9AC99)
	[RSP+A800] 0x7FF742DC1434     (size_t)
	[RSP+A880] 0x0                (size_t)
	[RSP+A900] 0x157D6374100      (PlayerCharacter*)
		Object Reference: 
			File: "WRVR.esp"
			Flags: 0x00240009
			Form ID: 0x00000007
			Form Type: 45
		File: ""
		Flags: 0x00600448
		Form ID: 0x00000014
		Form Type: 65
	[RSP+A980] 0x7FF77C3A6DD0     (UI*)
	[RSP+AA00] 0x7FF77A00E430     (type_info*)
	[RSP+AA80] 0x7FF776EBD4E7     (void* -> Fallout4.exe+057D4E7)
	[RSP+AB00] 0x0                (size_t)
	[RSP+AB80] 0x7FF776F16D00     (void* -> Fallout4.exe+05D6D00)
	[RSP+AC00] 0x158731C9F00      (TESQuest*)
		File: "Robot Home Defence.esp"
		Flags: 0x00000008
		Form ID: 0xDB00091B
		Form Type: 80
		Full Name: "RHD Quest"
	[RSP+AC80] 0x7FF776F2760B     (void* -> Fallout4.exe+05E760B)
	[RSP+AD00] 0x6576617374697845 (size_t)
	[RSP+AD80] 0x3338413435365F30 (size_t)
	[RSP+AE00] 0x3739363334534333 (size_t)
	[RSP+AE80] 0x6D6D6F435F393632 (size_t)
	[RSP+AF00] 0x68746C6165776E6F (size_t)
	[RSP+AF80] 0x5F3532323031305F (size_t)
	[RSP+B000] 0x3930333034323032 (size_t)
	[RSP+B080] 0x335F303235343530 (size_t)
	[RSP+B100] 0x736F662E325F30   (size_t)
	[RSP+B180] 0x9C0              (size_t)
	[RSP+B200] 0x7FF77C528080     (void* -> Fallout4.exe+5BE8080)
	[RSP+B280] 0x7FF77C528088     (void* -> Fallout4.exe+5BE8088)
	[RSP+B300] 0x62               (size_t)
	[RSP+B380] 0x7FF776F15CA5     (void* -> Fallout4.exe+05D5CA5)
	[RSP+B400] 0x1                (size_t)
	[RSP+B480] 0x2                (size_t)
	[RSP+B500] 0x0                (size_t)
	[RSP+B580] 0x158731C9F00      (TESQuest*)
		File: "Robot Home Defence.esp"
		Flags: 0x00000008
		Form ID: 0xDB00091B
		Form Type: 80
		Full Name: "RHD Quest"
	[RSP+B600] 0x359562F840       (void*)
	[RSP+B680] 0x7FF776A87A82     (void* -> Fallout4.exe+0147A82)
	[RSP+B700] 0x7FF77C528080     (void* -> Fallout4.exe+5BE8080)
	[RSP+B780] 0x7FF77C528088     (void* -> Fallout4.exe+5BE8088)
	[RSP+B800] 0x0                (size_t)
	[RSP+B880] 0x7FF77C528084     (void* -> Fallout4.exe+5BE8084)
	[RSP+B900] 0x1                (size_t)
	[RSP+B980] 0x158731C9F00      (TESQuest*)
		File: "Robot Home Defence.esp"
		Flags: 0x00000008
		Form ID: 0xDB00091B
		Form Type: 80
		Full Name: "RHD Quest"
	[RSP+BA00] 0x15755A38030      (char*) "X"
	[RSP+BA80] 0x7FF776A92C3C     (void* -> Fallout4.exe+0152C3C)
	[RSP+BB00] 0x158731C9F00      (TESQuest*)
		File: "Robot Home Defence.esp"
		Flags: 0x00000008
		Form ID: 0xDB00091B
		Form Type: 80
		Full Name: "RHD Quest"
	[RSP+BB80] 0x0                (size_t)
	[RSP+BC00] 0x2                (size_t)
	[RSP+BC80] 0x2                (size_t)
	[RSP+BD00] 0x158731C9F00      (TESQuest*)
		File: "Robot Home Defence.esp"
		Flags: 0x00000008
		Form ID: 0xDB00091B
		Form Type: 80
		Full Name: "RHD Quest"
	[RSP+BD80] 0x0                (size_t)
	[RSP+BE00] 0x73726573555C3A43 (size_t)
	[RSP+BE80] 0x6F445C726573755C (size_t)
	[RSP+BF00] 0x5C73746E656D7563 (size_t)
	[RSP+BF80] 0x73656D614720794D (size_t)
	[RSP+C000] 0x74756F6C6C61465C (size_t)
	[RSP+C080] 0x5C73657661535C34 (size_t)
	[RSP+C100] 0x158731C9F00      (TESQuest*)
		File: "Robot Home Defence.esp"
		Flags: 0x00000008
		Form ID: 0xDB00091B
		Form Type: 80
		Full Name: "RHD Quest"
	[RSP+C180] 0x0                (size_t)
	[RSP+C200] 0x0                (size_t)
	[RSP+C280] 0x0                (size_t)
	[RSP+C300] 0x0                (size_t)
	[RSP+C380] 0x0                (size_t)
	[RSP+C400] 0x0                (size_t)
	[RSP+C480] 0x0                (size_t)
	[RSP+C500] 0x0                (size_t)
	[RSP+C580] 0x0                (size_t)
	[RSP+C600] 0x0                (size_t)
	[RSP+C680] 0x0                (size_t)
	[RSP+C700] 0x0                (size_t)
	[RSP+C780] 0x0                (size_t)
	[RSP+C800] 0x0                (size_t)
	[RSP+C880] 0x0                (size_t)
	[RSP+C900] 0x0                (size_t)
	[RSP+C980] 0x0                (size_t)
	[RSP+CA00] 0x0                (size_t)
	[RSP+CA80] 0x0                (size_t)
	[RSP+CB00] 0x0                (size_t)
	[RSP+CB80] 0x0                (size_t)
	[RSP+CC00] 0x0                (size_t)
	[RSP+CC80] 0x0                (size_t)
	[RSP+CD00] 0x0                (size_t)
	[RSP+CD80] 0x0                (size_t)
	[RSP+CE00] 0x0                (size_t)
	[RSP+CE80] 0x0                (size_t)
	[RSP+CF00] 0x0                (size_t)
	[RSP+CF80] 0x35939BFB90       (void*)
	[RSP+D000] 0x7FF77C528084     (void* -> Fallout4.exe+5BE8084)
	[RSP+D080] 0x1                (size_t)
	[RSP+D100] 0x7FF77C528080     (void* -> Fallout4.exe+5BE8080)
	[RSP+D180] 0x7FF77C528088     (void* -> Fallout4.exe+5BE8088)
	[RSP+D200] 0x1573017FF20      (void*)
	[RSP+D280] 0x0                (size_t)
	[RSP+D300] 0x0                (size_t)
	[RSP+D380] 0x7FF777633A4D     (void* -> Fallout4.exe+0CF3A4D)
	[RSP+D400] 0x1                (size_t)
	[RSP+D480] 0x7FF77C3B34C0     (char*) "Exitsave0_654A833CS43697269_Commonwealth_010225_20240309054520_30_2"
	[RSP+D500] 0xFFFFFFFF         (size_t)
	[RSP+D580] 0x0                (size_t)
	[RSP+D600] 0x0                (size_t)
	[RSP+D680] 0x7FFDFC3B3001     (void* -> KERNELBASE.dll+0023001)
	[RSP+D700] 0x7FF77C528B98     (void* -> Fallout4.exe+5BE8B98)
	[RSP+D780] 0x7FF778490F26     (void* -> Fallout4.exe+1B50F26)
	[RSP+D800] 0x7FF77C528B98     (void* -> Fallout4.exe+5BE8B98)
	[RSP+D880] 0x0                (size_t)
	[RSP+D900] 0x7FF700000000     (size_t)
	[RSP+D980] 0x7FFDFC3E507D     (void* -> KERNELBASE.dll+005507D)
	[RSP+DA00] 0x0                (size_t)
	[RSP+DA80] 0x0                (size_t)
	[RSP+DB00] 0x7FF77C53FA00     (void* -> Fallout4.exe+5BFFA00)
	[RSP+DB80] 0x0                (size_t)
	[RSP+DC00] 0x7FF77C528B48     (BSJobs::JobThread*)
	[RSP+DC80] 0x7FF778491432     (void* -> Fallout4.exe+1B51432)
	[RSP+DD00] 0x0                (size_t)
	[RSP+DD80] 0x7FF77C528B48     (BSJobs::JobThread*)
	[RSP+DE00] 0x0                (size_t)
	[RSP+DE80] 0x359562FAB0       (char*) "<K"
	[RSP+DF00] 0x0                (size_t)
	[RSP+DF80] 0x0                (size_t)
	[RSP+E000] 0x0                (size_t)
	[RSP+E080] 0x7FF778493F67     (void* -> Fallout4.exe+1B53F67)
	[RSP+E100] 0x7FF77C528B48     (BSJobs::JobThread*)
	[RSP+E180] 0x0                (size_t)
	[RSP+E200] 0x0                (size_t)
	[RSP+E280] 0x0                (size_t)
	[RSP+E300] 0x7FF77C528B48     (BSJobs::JobThread*)
	[RSP+E380] 0x7FF77845CFED     (void* -> Fallout4.exe+1B1CFED)
	[RSP+E400] 0x4B3C             (size_t)
	[RSP+E480] 0x359562FAD0       (void*)
	[RSP+E500] 0x1573015BC90      (void*)
	[RSP+E580] 0x0                (size_t)
	[RSP+E600] 0x7FF77C528B48     (BSJobs::JobThread*)
	[RSP+E680] 0x0                (size_t)
	[RSP+E700] 0x0                (size_t)
	[RSP+E780] 0x7FFDFD3D7344     (void* -> KERNEL32.DLL+0017344)
	[RSP+E800] 0x0                (size_t)
	[RSP+E880] 0x0                (size_t)
	[RSP+E900] 0x0                (size_t)
	[RSP+E980] 0x0                (size_t)
	[RSP+EA00] 0x0                (size_t)
	[RSP+EA80] 0x7FFDFED226B1     (void* -> ntdll.dll+00526B1)
	[RSP+EB00] 0x0                (size_t)
	[RSP+EB80] 0x0                (size_t)
	[RSP+EC00] 0x0                (size_t)
	[RSP+EC80] 0x0                (size_t)
	[RSP+ED00] 0x0                (size_t)
	[RSP+ED80] 0x0                (size_t)
	[RSP+EE00] 0x8CF6385600000000 (size_t)
	[RSP+EE80] 0x0                (size_t)
	[RSP+EF00] 0x0                (size_t)
	[RSP+EF80] 0x7FFDFC4BDC60     (void* -> KERNELBASE.dll+012DC60)
	[RSP+F000] 0x359562DD40       (void*)
	[RSP+F080] 0xF790D80001FFF5C2 (size_t)
	[RSP+F100] 0x7FFD70BDE436     (size_t)
	[RSP+F180] 0x359562DD40       (void*)
	[RSP+F200] 0x0                (size_t)
	[RSP+F280] 0x0                (size_t)
	[RSP+F300] 0x0                (size_t)
	[RSP+F380] 0x0                (size_t)
	[RSP+F400] 0x0                (size_t)
	[RSP+F480] 0x0                (size_t)
	[RSP+F500] 0x0                (size_t)
	[RSP+F580] 0x0                (size_t)
	[RSP+F600] 0x0                (size_t)
	[RSP+F680] 0x0                (size_t)
	[RSP+F700] 0x0                (size_t)
	[RSP+F780] 0x0                (size_t)
	[RSP+F800] 0x0                (size_t)
	[RSP+F880] 0x0                (size_t)
	[RSP+F900] 0x0                (size_t)
	[RSP+F980] 0x0                (size_t)
	[RSP+FA00] 0x0                (size_t)
	[RSP+FA80] 0x0                (size_t)
	[RSP+FB00] 0x0                (size_t)
	[RSP+FB80] 0x0                (size_t)
	[RSP+FC00] 0x0                (size_t)
	[RSP+FC80] 0x0                (size_t)
	[RSP+FD00] 0x0                (size_t)
	[RSP+FD80] 0x0                (size_t)
	[RSP+FE00] 0x0                (size_t)
	[RSP+FE80] 0x0                (size_t)
	[RSP+FF00] 0x0                (size_t)
	[RSP+FF80] 0x0                (size_t)
	[RSP+1000] 0x0                (size_t)
	[RSP+1008] 0x0                (size_t)
	[RSP+1010] 0x0                (size_t)
	[RSP+1018] 0x0                (size_t)
	[RSP+1020] 0x0                (size_t)
	[RSP+1028] 0x0                (size_t)
	[RSP+1030] 0x0                (size_t)
	[RSP+1038] 0x0                (size_t)
	[RSP+1040] 0x0                (size_t)
	[RSP+1048] 0x0                (size_t)
	[RSP+1050] 0x0                (size_t)
	[RSP+1058] 0x0                (size_t)
	[RSP+1060] 0x0                (size_t)
	[RSP+1068] 0x0                (size_t)
	[RSP+1070] 0x0                (size_t)
	[RSP+1078] 0x0                (size_t)
	[RSP+1080] 0x0                (size_t)
	[RSP+1088] 0x0                (size_t)
	[RSP+1090] 0x0                (size_t)
	[RSP+1098] 0x0                (size_t)
	[RSP+10A0] 0x0                (size_t)
	[RSP+10A8] 0x0                (size_t)
	[RSP+10B0] 0x0                (size_t)
	[RSP+10B8] 0x0                (size_t)
	[RSP+10C0] 0x0                (size_t)
	[RSP+10C8] 0x0                (size_t)
	[RSP+10D0] 0x0                (size_t)
	[RSP+10D8] 0x0                (size_t)
	[RSP+10E0] 0x0                (size_t)
	[RSP+10E8] 0x0                (size_t)
	[RSP+10F0] 0x0                (size_t)
	[RSP+10F8] 0x0                (size_t)
	[RSP+1100] 0x0                (size_t)
	[RSP+1108] 0x0                (size_t)
	[RSP+1110] 0x0                (size_t)
	[RSP+1118] 0x0                (size_t)
	[RSP+1120] 0x0                (size_t)
	[RSP+1128] 0x0                (size_t)
	[RSP+1130] 0x0                (size_t)
	[RSP+1138] 0x0                (size_t)
	[RSP+1140] 0x0                (size_t)
	[RSP+1148] 0x0                (size_t)
	[RSP+1150] 0x0                (size_t)
	[RSP+1158] 0x0                (size_t)
	[RSP+1160] 0x0                (size_t)
	[RSP+1168] 0x0                (size_t)
	[RSP+1170] 0x0                (size_t)
	[RSP+1178] 0x0                (size_t)
	[RSP+1180] 0x0                (size_t)
	[RSP+1188] 0x0                (size_t)
	[RSP+1190] 0x0                (size_t)
	[RSP+1198] 0x0                (size_t)
	[RSP+11A0] 0x0                (size_t)
	[RSP+11A8] 0x0                (size_t)
	[RSP+11B0] 0x0                (size_t)
	[RSP+11B8] 0x0                (size_t)
	[RSP+11C0] 0x0                (size_t)
	[RSP+11C8] 0x0                (size_t)
	[RSP+11D0] 0x0                (size_t)
	[RSP+11D8] 0x0                (size_t)
	[RSP+11E0] 0x0                (size_t)
	[RSP+11E8] 0x0                (size_t)
	[RSP+11F0] 0x0                (size_t)
	[RSP+11F8] 0x0                (size_t)
	[RSP+1200] 0x0                (size_t)
	[RSP+1208] 0x0                (size_t)
	[RSP+1210] 0x0                (size_t)
	[RSP+1218] 0x0                (size_t)
	[RSP+1220] 0x0                (size_t)
	[RSP+1228] 0x0                (size_t)
	[RSP+1230] 0x0                (size_t)
	[RSP+1238] 0x0                (size_t)
	[RSP+1240] 0x0                (size_t)
	[RSP+1248] 0x0                (size_t)
	[RSP+1250] 0x0                (size_t)
	[RSP+1258] 0x0                (size_t)
	[RSP+1260] 0x0                (size_t)
	[RSP+1268] 0x0                (size_t)
	[RSP+1270] 0x0                (size_t)
	[RSP+1278] 0x0                (size_t)
	[RSP+1280] 0x0                (size_t)
	[RSP+1288] 0x0                (size_t)
	[RSP+1290] 0x0                (size_t)
	[RSP+1298] 0x0                (size_t)
	[RSP+12A0] 0x0                (size_t)
	[RSP+12A8] 0x0                (size_t)
	[RSP+12B0] 0x0                (size_t)
	[RSP+12B8] 0x0                (size_t)
	[RSP+12C0] 0x0                (size_t)
	[RSP+12C8] 0x0                (size_t)
	[RSP+12D0] 0x0                (size_t)
	[RSP+12D8] 0x0                (size_t)
	[RSP+12E0] 0x0                (size_t)
	[RSP+12E8] 0x0                (size_t)
	[RSP+12F0] 0x0                (size_t)
	[RSP+12F8] 0x0                (size_t)
	[RSP+1300] 0x0                (size_t)
	[RSP+1308] 0x0                (size_t)
	[RSP+1310] 0x0                (size_t)
	[RSP+1318] 0x0                (size_t)
	[RSP+1320] 0x0                (size_t)
	[RSP+1328] 0x0                (size_t)
	[RSP+1330] 0x0                (size_t)
	[RSP+1338] 0x0                (size_t)
	[RSP+1340] 0x0                (size_t)
	[RSP+1348] 0x0                (size_t)
	[RSP+1350] 0x0                (size_t)
	[RSP+1358] 0x0                (size_t)
	[RSP+1360] 0x0                (size_t)
	[RSP+1368] 0x0                (size_t)
	[RSP+1370] 0x0                (size_t)
	[RSP+1378] 0x0                (size_t)
	[RSP+1380] 0x0                (size_t)
	[RSP+1388] 0x0                (size_t)

MODULES:
	XINPUT1_3.dll                 0x000000400000
	X3DAudio1_7.dll               0x000064020000
	steam_api64.dll               0x000064030000
	mdnsNSP.dll                   0x000064180000
	Fallout4.exe                  0x7FF776940000
	steamclient64.dll             0x7FFD81330000
	nvcuda64.dll                  0x7FFD962D0000
	NvCamera64.dll                0x7FFD96CF0000
	d3dcompiler_47_64.dll         0x7FFDAC090000
	gameoverlayrenderer64.dll     0x7FFDB56F0000
	wsfw_identifier.dll           0x7FFDB5D60000
	f4ee.dll                      0x7FFDB65A0000
	Buffout4.dll                  0x7FFDB66B0000
	f4se_1_10_163.dll             0x7FFDB7330000
	tier0_s64.dll                 0x7FFDB7410000
	flexRelease_x64.dll           0x7FFDB9FD0000
	XAudio2_7.dll                 0x7FFDBCBD0000
	BulletCountedReload.dll       0x7FFDBD9E0000
	vstdlib_s64.dll               0x7FFDBE5E0000
	XDI.dll                       0x7FFDBE8D0000
	GFSDK_SSAO_D3D11.win64.dll    0x7FFDBE940000
	MSVCR110.dll                  0x7FFDBEB10000
	PowerGridTools.dll            0x7FFDBED20000
	BetterConsole.dll             0x7FFDC0430000
	DINPUT8.dll                   0x7FFDC0E80000
	cudart64_75.dll               0x7FFDC1D20000
	MSVCP110.dll                  0x7FFDC1D80000
	f4se_steam_loader.dll         0x7FFDC6A40000
	nvspcap64.dll                 0x7FFDCD010000
	bink2w64.dll                  0x7FFDCD800000
	winmmbase.dll                 0x7FFDD1530000
	GFSDK_GodraysLib.x64.dll      0x7FFDD3480000
	MessageBus.dll                0x7FFDDC4B0000
	flexExtRelease_x64.dll        0x7FFDDFF50000
	DSOUND.DLL                    0x7FFDE1F10000
	mskeyprotect.dll              0x7FFDE4470000
	ncryptsslp.dll                0x7FFDE4530000
	webio.dll                     0x7FFDE4560000
	XINPUT9_1_0.dll               0x7FFDE5A60000
	nvwgf2umx.dll                 0x7FFDE60A0000
	NvMessageBus.dll              0x7FFDEA7C0000
	fastprox.dll                  0x7FFDEAE10000
	textinputframework.dll        0x7FFDEAFA0000
	inputhost.dll                 0x7FFDEB0A0000
	Windows.UI.dll                0x7FFDEB200000
	wbemcomn.dll                  0x7FFDEB400000
	nvapi64.dll                   0x7FFDEB9D0000
	Secur32.dll                   0x7FFDEC490000
	OneCoreCommonProxyStub.dll    0x7FFDEC740000
	nvgpucomp64.dll               0x7FFDED290000
	dbghelp.dll                   0x7FFDF0590000
	WINMM.dll                     0x7FFDF0ED0000
	nvToolsExt64_1.dll            0x7FFDF29F0000
	COMCTL32.dll                  0x7FFDF3370000
	MpOav.dll                     0x7FFDF3610000
	amsi.dll                      0x7FFDF3880000
	wbemsvc.dll                   0x7FFDF4210000
	nvldumdx.dll                  0x7FFDF44D0000
	OneCoreUAPCommonProxyStub.dll 0x7FFDF4650000
	dxcore.dll                    0x7FFDF4F50000
	wbemprox.dll                  0x7FFDF4F90000
	fwpuclnt.dll                  0x7FFDF5730000
	drvstore.dll                  0x7FFDF5870000
	cryptnet.dll                  0x7FFDF59C0000
	VERSION.dll                   0x7FFDF5A90000
	rasadhlp.dll                  0x7FFDF5D60000
	MMDevApi.dll                  0x7FFDF60D0000
	AUDIOSES.DLL                  0x7FFDF6160000
	WindowsCodecs.dll             0x7FFDF62F0000
	WINHTTP.dll                   0x7FFDF64B0000
	twinapi.appcore.dll           0x7FFDF6870000
	WindowManagementAPI.dll       0x7FFDF6BF0000
	dhcpcsvc.DLL                  0x7FFDF6EB0000
	dhcpcsvc6.DLL                 0x7FFDF6ED0000
	WINNSI.DLL                    0x7FFDF7120000
	avrt.dll                      0x7FFDF7130000
	PROPSYS.dll                   0x7FFDF7F00000
	d3d11.dll                     0x7FFDF8080000
	wintypes.dll                  0x7FFDF8E70000
	dcomp.dll                     0x7FFDF8FD0000
	CoreUIComponents.dll          0x7FFDF9540000
	CoreMessaging.dll             0x7FFDF98A0000
	uxtheme.dll                   0x7FFDF9D90000
	resourcepolicyclient.dll      0x7FFDF9E50000
	dwmapi.dll                    0x7FFDFA150000
	kernel.appcore.dll            0x7FFDFA260000
	windows.storage.dll           0x7FFDFA460000
	HID.DLL                       0x7FFDFAC00000
	dxgi.dll                      0x7FFDFAD60000
	schannel.DLL                  0x7FFDFB2F0000
	rsaenh.dll                    0x7FFDFB3E0000
	ntmarta.dll                   0x7FFDFB500000
	UMPDC.dll                     0x7FFDFB7A0000
	IPHLPAPI.DLL                  0x7FFDFB7C0000
	DNSAPI.dll                    0x7FFDFB800000
	powrprof.dll                  0x7FFDFB8E0000
	MSWSOCK.dll                   0x7FFDFBB20000
	CRYPTBASE.DLL                 0x7FFDFBD10000
	CRYPTSP.dll                   0x7FFDFBD20000
	Wldp.dll                      0x7FFDFBDC0000
	NTASN1.dll                    0x7FFDFBDF0000
	ncrypt.dll                    0x7FFDFBE30000
	msasn1.dll                    0x7FFDFBF50000
	devobj.dll                    0x7FFDFC120000
	DPAPI.DLL                     0x7FFDFC180000
	USERENV.dll                   0x7FFDFC240000
	SSPICLI.DLL                   0x7FFDFC270000
	profapi.dll                   0x7FFDFC2C0000
	KERNELBASE.dll                0x7FFDFC390000
	CRYPT32.dll                   0x7FFDFC690000
	ucrtbase.dll                  0x7FFDFC7F0000
	wintrust.dll                  0x7FFDFC8F0000
	bcryptPrimitives.dll          0x7FFDFC960000
	msvcp_win.dll                 0x7FFDFCAA0000
	win32u.dll                    0x7FFDFCB40000
	gdi32full.dll                 0x7FFDFCB70000
	cfgmgr32.dll                  0x7FFDFCC90000
	bcrypt.dll                    0x7FFDFCCE0000
	sechost.dll                   0x7FFDFCD10000
	SETUPAPI.dll                  0x7FFDFCDB0000
	MSCTF.dll                     0x7FFDFD220000
	shlwapi.dll                   0x7FFDFD340000
	NSI.dll                       0x7FFDFD3B0000
	KERNEL32.DLL                  0x7FFDFD3C0000
	RPCRT4.dll                    0x7FFDFD480000
	IMM32.DLL                     0x7FFDFD820000
	GDI32.dll                     0x7FFDFD860000
	PSAPI.DLL                     0x7FFDFD890000
	msvcrt.dll                    0x7FFDFD8A0000
	clbcatq.dll                   0x7FFDFD9D0000
	WS2_32.dll                    0x7FFDFDA80000
	OLEAUT32.dll                  0x7FFDFDAF0000
	SHCORE.dll                    0x7FFDFDCA0000
	ole32.dll                     0x7FFDFDD50000
	imagehlp.dll                  0x7FFDFDE80000
	combase.dll                   0x7FFDFDEA0000
	COMDLG32.dll                  0x7FFDFE200000
	SHELL32.dll                   0x7FFDFE2E0000
	USER32.dll                    0x7FFDFEA30000
	ADVAPI32.dll                  0x7FFDFEBD0000
	ntdll.dll                     0x7FFDFECD0000

F4SE PLUGINS:
	BetterConsole.dll
	Buffout4.dll v1.28.6
	BulletCountedReload.dll
	f4ee.dll
	PowerGridTools.dll
	wsfw_identifier.dll
	XDI.dll

PLUGINS:
	[00]     Fallout4.esm
	[01]     DLCRobot.esm
	[02]     DLCworkshop01.esm
	[03]     DLCCoast.esm
	[04]     DLCworkshop02.esm
	[05]     DLCworkshop03.esm
	[06]     DLCNukaWorld.esm
	[07]     Unofficial Fallout 4 Patch.esp
	[08]     WorkshopFramework.esm
	[09]     HUDFramework.esm
	[0A]     SS2.esm
	[0B]     SS2_XPAC_Chapter2.esm
	[0C]     SS2_XPAC_Chapter3.esm
	[0D]     AmericaRising2.esm
	[0E]     XDI.esm
	[0F]     CWPointLookoutFO4.esm
	[10]     DCGuard_Overhaul.esp
	[11]     SouthOfTheSea.esm
	[12]     TrueStormsFO4.esm
	[13]     ArmorKeywords.esm
	[14]     MutantMenagerie.esm
	[15]     integratedcommonwealth.esm
	[16]     ProjectZeta.esm
	[17]     MaxwellsWorl.esp
	[18]     SS2-Jampads2.esp
	[19]     CBBE.esp
	[1A]     SS2WastelandVenturers.esp
	[1B]     [SS20Addon] SimSettlements SuperStructures.esp
	[1C]     SS2_Addon_NWE.esp
	[1D]     SS2_Addon_R2R.esp
	[1E]     SS2_Addon_FHE.esp
	[1F]     3dnpc_fo4.esp
	[20]     OutcastsAndRemnants.esp
	[21]     Wasteland Illumination.esp
	[22]     ImmersiveDrumlinDiner.esp
	[23]     Vault4.esp
	[24]     Stm_DiamondCityExpansion.esp
	[25]     3DNPC_FO4Settler.esp
	[26]     3DNPC_FO4_DLC.esp
	[27]     ProjectValkyrie.esp
	[28]     OldTimeReligion.esp
	[29]     ellen.esp
	[2A]     Miami Misadventures EP1.esp
	[2B]     0_Vault120.esp
	[2C]     AtomicRadio.esp
	[2D]     Eli_Armour_Compendium.esp
	[2E]     SettlementMenuManager.esp
	[2F]     AzarPonytailHairstyles.esp
	[30]     PD_LowerWeapon.esp
	[31]     BetterSettlers.esp
	[32]     DarkerNightsDetection.esp
	[33]     FO4 NPCs Travel.esp
	[34]     SkipDiMAMemories.esp
	[35]     TheEyesOfBeauty.esp
	[36]     Nexus_PMC.esp
	[37]     Better_Notes.esp
	[38]     Publick Occurrences Expanded.esp
	[39]     Vault-Tec Workshop Overhaul Redux.esp
	[3A]     W.A.T.Minutemen.esp
	[3B]     cVc Dead Wasteland 6.esp
	[3C]     cVc Dead Wasteland 6 DLC.esp
	[3D]     cVc Dead Wasteland 6 DLC3.esp
	[3E]     KSHairdos.esp
	[3F]     cVc Dead Wasteland 6 DLC2.esp
	[40]     WattzLaserGun.esp
	[41]     ClassicSniper.esp
	[42]     LooksMenu Customization Compendium.esp
	[43]     The Eyes Of Beauty.esp
	[44]     Vault88 - Essentials.esp
	[45]     DCRE.esp
	[46]     OWR.esp
	[47]     OWR_CraftableDecor.esp
	[48]     Cho1SS2FlagsMod.esp
	[49]     Graffity2ElectricBoogaloo.esp
	[4A]     Lore Friendly Posters.esp
	[4B]     WorkingNCMachine.esp
	[4C]     cVc Fishery.esp
	[4D]     Rebel of Apocalypse.esp
	[4E]     PMC_extended.esp
	[4F]     CombinedArmsNV.esp
	[50]     Backpacks of the Commonwealth.esp
	[51]     Mk41GyrojetHMG.esp
	[52]     CorvalhoWidowShotgun.esp
	[53]     AER15.esp
	[54]     X12Plasmacaster.esp
	[55]     BullpupBozar.esp
	[56]     ACR-W17.esp
	[57]     HN66-SiriusArmor.esp
	[58]     TERARogue.esp
	[59]     tschutschiWardrobe2.esp
	[5A]     Viper6610.esp
	[5B]     WestTekTacticalOptics.esp
	[5C]     Armorsmith Extended.esp
	[5D]     Tactical Flashlights.esp
	[5E]     Tactical Flashlights - Settings.esp
	[5F]     MikesFallout Flags.esp
	[60]     Clean & Smooth - Commonwealth Collection.esp
	[61]     NukaWorldReborn.esp
	[62]     NukaWorldPlus.esp
	[63]     MoreUniques.esp
	[64]     WelcometoGoodneighbor.esp
	[65]     BTInteriors_Project.esp
	[66]     subwayrunnnerdynamiclighting.esp
	[67]     clothingoverhaul.esp
	[68]     FunctionalDisplays.esp
	[69]     FunctionalDisplays-Collectibles.esp
	[6A]     FunctionalDisplays-MISC-Vanilla.esp
	[6B]     nvvault1080.esp
	[6C]     MojaveImports.esp
	[6D]     CrimeTown.esp
	[6E]     Underground Railroad.esp
	[6F]     MadRock-999-01.esp
	[70]     DiamondCitywithoutTrash0.5.esp
	[71]     crowdedcommonwealth.esp
	[72]     CombatZoneRestored.esp
	[73]     Kellogg_House.esp
	[74]     DiamondCitywithoutTrash0.21.esp
	[75]     WRVR.esp
	[76]     PennsWoods.esp
	[77]     Integration.esp
	[78]     MikeMooresMCAM.esp
	[79]     mjp_PTRS41ATR.esp
	[7A]     SCAR-L.esp
	[7B]     M14.esp
	[7C]     FusionCoreRefueler.esp
	[7D]     This is MY Bed (Basic).esp
	[7E]     TravisTips.esp
	[7F]     BetterOpenSeason.esp
	[80]     Galaxy News Radio.esp
	[81]     Modern Firearms.esp
	[82]     UniqueUniques.esp
	[83]     MilitarizedMinutemen.esp
	[84]     bigenoughradio.esp
	[85]     NVUMP.esp
	[86]     DOOMMerged.esp
	[87]     mk14.esp
	[88]     Survivalist.esp
	[89]     TheRon_MapMarker.esp
	[8A]     MP40.esp
	[8B]     45autoPistol.esp
	[8C]     MG42.esp
	[8D]     Zapgun.esp
	[8E]     CWCreateABot.esp
	[8F]     raptureradio.esp
	[90]     M1Garand.esp
	[91]     P90.esp
	[92]     P90NPC.esp
	[93]     M60-M60E3.esp
	[94]     QuantumBox.esp
	[95]     M2045MagnumRevolverRifle.esp
	[96]     AK74M.esp
	[97]     P99.esp
	[98]     SVT40.esp
	[99]     SVT40-AWKCR.esp
	[9A]     SimpleSurvivalConsole.esp
	[9B]     StG44.esp
	[9C]     NAC.esp
	[9D]     Waterworld.esp
	[9E]     SkibsWeapons-REDUX.esp
	[9F]     MilitarisedMinutemen_PatchesAddon.esp
	[A0]     Crimsomrider's Illusive Man's Eyes.esp
	[A1]     VtawWardrobe1.esp
	[A2]     Clothing Of The Commonwealth.esp
	[A3]     VtawWardrobe7.esp
	[A4]     Edit_Hancock.esp
	[A5]     TheFriedShirts.esp
	[A6]     Female Tactical Armor.esp
	[A7]     More_Clothes_Textures.esp
	[A8]     Modern - Cross Explorer.esp
	[A9]     Light Radius Redux AIO.esp
	[AA]     NAC-FH.esp
	[AB]     NAC-NW.esp
	[AC]     capazon_computerized_supply_shop_fixed.esp
	[AD]     aesexplorerrestored.esp
	[AE]     Black Widow Suit.esp
	[AF]     miracleofsoundradio.esp
	[B0]     155mm Howitzer M1.esp
	[B1]     ASVektor.esp
	[B2]     MP7.esp
	[B3]     AUG-A1.esp
	[B4]     AtomCatsRadio.esp
	[B5]     HK_MP5.esp
	[B6]     G36Complex.esp
	[B7]     M2216.esp
	[B8]     Yona_Weapon_DefenseGun.esp
	[B9]     M9.esp
	[BA]     ClothingOverhaulSP_XB1_PC.esp
	[BB]     AlienAssaultRifle.esp
	[BC]     Craftable Vault 81 Cure (Earned).esp
	[BD]     NiTeNull - Shade Girl Leather Outfits.esp
	[BE]     SS2_CityPlanPack_RiseOfTheCommonwealth.esp
	[BF]     ZellaHairDye.esp
	[C0]     AdvSettleTurretSet.esp
	[C1]     OWR_OWT.esp
	[C2]     OWR_AOC.esp
	[C3]     Eli_Accessories.esp
	[C4]     BetterSettlersCCAPack2.0.esp
	[C5]     BetterSettlersNoLollygagging.esp
	[C6]     BattleRifle.esp
	[C7]     DD_bleu_Ump_Extreme_Lore_friendly_edition.esp
	[C8]     Eli_ArmourCollection.esp
	[C9]     Eli_Utility Jumpsuits.esp
	[CA]     Scopes.esp
	[CB]     Glock19x.esp
	[CC]     DOOM1911.esp
	[CD]     Mosin.esp
	[CE]     OWR2.esp
	[CF]     OWR2_CraftableDecor.esp
	[D0]     OWR2_CraftableDecor_CW.esp
	[D1]     M1A.esp
	[D2]     RemingtonNewArmy.esp
	[D3]     RichMerchantsLessCaps.esp
	[D4]     GtN_SettlersatPlay.esp
	[D5]     VtawWardrobe6.esp
	[D6]     AutoDoors.esp
	[D7]     Eli_Display Shelves.esp
	[D8]     Farming Resources.esp
	[D9]     HoloDisplay.esp
	[DA]     RRTV_MyFirstInfirmary.esp
	[DB]     Robot Home Defence.esp
	[DC]     FunctionalDisplays-AID-Vanilla.esp
	[DD]     m60.esp
	[DE]     fn five-seven v3.0.esp
	[DF]     m82a.esp
	[E0]     Eli_Faction Housing Overhaul - AiO.esp
	[E1]     Pip-Boy Flashlight.esp
	[E2]     LooksMenu.esp
	[FE:000] ThrowMoneyAtSS2.esl
	[FE:001] MTM-NukaTownEastArchwayFix.esl
	[FE:002] Legendary, rearmed.esl
	[FE:003] RadioactiveSignsAIO.esl
	[FE:004] BerettaM9FS.esl
	[FE:005] SS2AOP_VaultTecTools.esp
	[FE:006] DiamondCityExpansion-RedSeat.esp
	[FE:007] Fixed Gobo Effects.esp
	[FE:008] GoodneighborView.esp
	[FE:009] BoS_HagenFix.esp
	[FE:00A] SouthOfTheSea-Atomic.esp
	[FE:00B] LootableCars-Exiguous.esp
	[FE:00C] DCRE-FixRadio.esp
	[FE:00D] Backpacks of the Commonwealth - eXoPatch.esp
	[FE:00E] VividFallout - AiO - BestChoice.esp
	[FE:00F] NACskintonefix.esp
	[FE:010] NACX-Realistic Wind Patch.esp
	[FE:011] SS2_NobodysLeaders2.esp
	[FE:012] SS2_NobodysLeaders2_Automatron.esp
	[FE:013] SS2_NobodysLeaders2_VaultTecWorkshop.esp
	[FE:014] LetMeUseThat.esp
	[FE:015] StandaloneWorkbenches.esp
	[FE:016] WhoIsTheGeneral.esp
	[FE:017] SouthOfTheSea[Previs].esp
	[FE:018] RBValentineJawSync.esp
	[FE:019] WorkshopFramework_ScriptOverride.esp
