Fallout 4 v1.10.984
Buffout 4 v1.36.0 Oct 13 2024 01:09:30

Unhandled exception at 0x7FF884F7B699 KERNELBASE.dll+003B699	nop [rax+rax*1], eax
Exception Flags: 0x00000001
Number of Parameters: 4
Exception Information Parameters:
	Parameter[0]: 0x000019930520
	Parameter[1]: 0x000CF521F160
	Parameter[2]: 0x7FF86A147408
	Parameter[3]: 0x7FF86A130000

	[Compatibility]
		F4EE: false
	[Debug]
		Symcache: c:symcache
		WaitForDebugger: false
	[Fixes]
		ActorIsHostileToActor: true
		BGSAIWorldLocationRefRadiusNull: true
		BSLightingShaderMaterialGlowmap: true
		BackportedBA2Support: true
		CellInit: true
		CreateD3DAndSwapChain: true
		EncounterZoneReset: true
		EscapeFreeze: true
		FixScriptPageAllocation: true
		FixToggleScriptsCommand: true
		FollowerStrayBullet: true
		GreyMovies: true
		InteriorNavCut: true
		MagicEffectApplyEvent: true
		MovementPlanner: true
		PackageAllocateLocation: true
		PipboyLightInvFix: true
		SafeExit: true
		TESObjectREFRGetEncounterZone: true
		UnalignedLoad: true
		UtilityShader: true
		WorkBenchSwap: true
	[Patches]
		Achievements: true
		BSMTAManager: true
		BSPreCulledObjects: true
		BSTextureStreamerLocalHeap: true
		HavokMemorySystem: true
		INISettingCollection: true
		InputSwitch: false
		MaxStdIO: 2048
		MemoryManager: true
		MemoryManagerDebug: false
		ScaleformAllocator: true
		SmallBlockAllocator: true
		WorkshopMenu: true
	[Tweaks]
		MaxPapyrusOpsPerFrame: 500
	[Warnings]
		CreateTexture2D: true
		ImageSpaceAdapter: true

SYSTEM SPECS:
	OS: Microsoft Windows 10 Home v10.0.19041
	CPU: GenuineIntel 12th Gen Intel(R) Core(TM) i9-12900K
	GPU #1: Nvidia AD104 [GeForce RTX 4070 Ti]
	GPU #2: Intel AlderLake-S GT1
	PHYSICAL MEMORY: 13.23 GB/63.78 GB


PROBABLE CALL STACK:
	[ 0] 0x7FF884F7B699   KERNELBASE.dll+003B699
	[ 1] 0x7FF86A135267 VCRUNTIME140.dll+0005267
	[ 2] 0x7FF86A134E51 VCRUNTIME140.dll+0004E51
	[ 3] 0x7FF83CC297E8          cbp.dll+00197E8
	[ 4] 0x7FF7B17B62EA     Fallout4.exe+19662EA	mov byte ptr [r13+0x249], 0x00 |  FUN_141965340_19662EA -> 2284754+0xFAA	mov byte ptr [r13+0x249], 0x00
	[ 5] 0x7FF7B09A5C03     Fallout4.exe+0B55C03	mov rcx, [0x00007FF7B2CB6400] |  long (mangled: JobListManager::UIJob)_B55C03 -> 2227547+0x63	mov rcx, [0x00007FF7B2CB6400]
	[ 6] 0x7FF7B13BEBFA     Fallout4.exe+156EBFA	mov rax, [rdi+0x18] |  FUN_14156eb30_156EBFA -> 2268897+0xCA	mov rax, [rdi+0x18]
	[ 7] 0x7FF7B13BF10B     Fallout4.exe+156F10B	mov [rbp+0x04], eax |  FUN_14156ee60_156F10B -> 2268899+0x2AB	mov [rbp+0x04], eax
	[ 8] 0x7FF7B13BD619     Fallout4.exe+156D619	movzx eax, byte ptr [rbx+0xA74] |  FUN_14156d5b0_156D619 -> 2268871+0x69	movzx eax, byte ptr [rbx+0xA74]
	[ 9] 0x7FF7B139ADED     Fallout4.exe+154ADED	mov rcx, [0x00007FF7B2F3F620] |  FUN_14154adb0_154ADED -> 2268179+0x3D	mov rcx, [0x00007FF7B2F3F620]
	[10] 0x7FF886157374     KERNEL32.DLL+0017374
	[11] 0x7FF8875DCC91        ntdll.dll+004CC91

REGISTERS:
	RAX 0x7FF86A146D94     (void* -> VCRUNTIME140.dll+0016D94	add al, [rax])
	RBX 0x7FF86A147408     (void* -> VCRUNTIME140.dll+0017408	add [rax], al)
	RSI 0xCF521F160        (std::__non_rtti_object*)
	R10 0x7FF7B17A6228     (void* -> Fallout4.exe+1956228	movaps xmm0, [rsp+0x70] |  FUN_141955d00_1956228)
	R12 0x7FF7B2B78850     (type_info*)
	R14 0x7FF7B2E47DA8     (char*) "x!"
	R15 0x7FF7B2B796B0     (type_info*)

STACK:
	[RSP+8   ] 0x7FF86A147408     (void* -> VCRUNTIME140.dll+0017408	add [rax], al)
	[RSP+10  ] 0xCF521F160        (std::__non_rtti_object*)
	[RSP+18  ] 0x7FF88548F0B0     (void* -> ucrtbase.dll+00EF0B0	)
	[RSP+30  ] 0x7FF884F7B699     (void* -> KERNELBASE.dll+003B699	nop [rax+rax*1], eax)
	[RSP+48  ] 0xCF521F160        (std::__non_rtti_object*)
	[RSP+50  ] 0x7FF86A147408     (void* -> VCRUNTIME140.dll+0017408	add [rax], al)
	[RSP+68  ] 0x7FF7B2B78850     (type_info*)
	[RSP+70  ] 0xCF521F160        (std::__non_rtti_object*)
	[RSP+88  ] 0x7FF8875C4A5F     (void* -> ntdll.dll+0034A5F	mov rax, [rsp+0x28])
	[RSP+A8  ] 0x0                (size_t) [0]
	[RSP+B0  ] 0x7FF86A14A000     (void* -> VCRUNTIME140.dll+001A000	add [rax], dl)
	[RSP+C8  ] 0x7FF7B13B1CCC     (void* -> Fallout4.exe+1561CCC	mov rax, rbx |  FUN_141561c70_1561CCC)
	[RSP+D0  ] 0x7FF86A147408     (void* -> VCRUNTIME140.dll+0017408	add [rax], al)
	[RSP+D8  ] 0x7FF86A135267     (void* -> VCRUNTIME140.dll+0005267	mov rbx, [rsp+0x70])
	[RSP+E8  ] 0x7FF83CC15DCC     (void* -> cbp.dll+0005DCC	mov byte ptr [rdi+rsi*1], 0x00)
	[RSP+F8  ] 0x7FF7B14FE51D     (void* -> Fallout4.exe+16AE51D	movzx r8d, word ptr [rdi+0x0E] |  FUN_1416ae4c0_16AE51D)
	[RSP+110 ] 0xCF521F160        (std::__non_rtti_object*)
	[RSP+118 ] 0x7FF86A147408     (void* -> VCRUNTIME140.dll+0017408	add [rax], al)
	[RSP+138 ] 0x7FF86A134E51     (void* -> VCRUNTIME140.dll+0004E51	nop)
	[RSP+140 ] 0x2019F2A06A0      (MissileProjectile*)
		Object Reference: 
		File: "ccBGSFO4116-HeavyFlamer.esl"
		Flags: 0x00000009
		FormID: 0xFE002832
		FormType: kPROJ (51)
		Flags: 0x00000008
		FormID: 0xFF00DA9B
		FormType: kPMIS (66)
	[RSP+160 ] 0x7FF7B2B796B0     (type_info*)
	[RSP+170 ] 0x7FF86A1444D8     (void* -> VCRUNTIME140.dll+00144D8	)
	[RSP+178 ] 0x7FF86A1444E8     (char*) "Access violation - no RTTI data!"
	[RSP+188 ] 0x7FF7B010D4C1     (void* -> Fallout4.exe+02BD4C1	mov rax, rbx |  FUN_1402bd440_2BD4C1)
	[RSP+190 ] 0x2012EC81590      (TESObjectCELL*)
		File: "unofficial fallout 4 patch.esp"
		Modified by: Fallout4.esm -> unofficial fallout 4 patch.esp
		Flags: 0x0004000B
		EditorID: "BigJohnsSalvageExt04"
		FormID: 0x0000E56B
		FormType: kCELL (63)
		File: "unofficial fallout 4 patch.esp"
		Modified by: Fallout4.esm -> unofficial fallout 4 patch.esp
		Flags: 0x0004000B
		EditorID: "BigJohnsSalvageExt04"
		FormID: 0x0000E56B
		FormType: kCELL (63)
	[RSP+198 ] 0x7FF7B2E47DA8     (char*) "x!"
	[RSP+1B8 ] 0x7FF83CC297E8     (void* -> cbp.dll+00197E8	mov rdi, rax)
	[RSP+1D8 ] 0x658814AC9B9D4AEF (size_t) [7316120326241077999]
	[RSP+1F8 ] 0x0                (size_t) [0]
	[RSP+218 ] 0x0                (size_t) [0]
	[RSP+238 ] 0x0                (size_t) [0]
	[RSP+248 ] 0x20179551CE0      (Actor*)
		Object Reference: 
		File: "Fallout4.esm"
		Flags: 0x00440009
		FormID: 0x00027683
		FormType: kNPC_ (45)
		File: "Fallout4.esm"
		Flags: 0x00540449
		FormID: 0x0005DE4D
		FormType: kACHR (65)
	[RSP+268 ] 0x201EF7B35D0      (void*)
	[RSP+278 ] 0x2020D5D3200      (hkbBlenderGenerator*)
	[RSP+288 ] 0x7FF83CC29F50     (void* -> cbp.dll+0019F50	sub rsp, 0x28)
	[RSP+2A8 ] 0x1                (size_t) [1]
	[RSP+2C8 ] 0x201F52C4500      (void*)
	[RSP+2E8 ] 0x0                (size_t) [0]
	[RSP+308 ] 0x7FF7B1095883     (void* -> Fallout4.exe+1245883	mov dword ptr [rbx], 0x00 |  FUN_1412457a0_1245883)
	[RSP+328 ] 0x0                (size_t) [0]
	[RSP+348 ] 0x0                (size_t) [0]
	[RSP+368 ] 0x7FF7B11B9D9D     (void* -> Fallout4.exe+1369D9D	movaps xmm5, [rbp-0x70] |  FUN_141369a30_1369D9D)
	[RSP+378 ] 0x7FF7B1748CDD     (void* -> Fallout4.exe+18F8CDD	 |  FUN_1418f8680_18F8CDD)
	[RSP+398 ] 0x0                (size_t) [0]
	[RSP+3B8 ] 0x3D968910         (size_t) [1033275664]
	[RSP+3D8 ] 0xBF6026C5BEF746C9 (size_t) [uint: 13790064689762748105 int: -4656679383946803511]
	[RSP+3F8 ] 0xBC18C730         (size_t) [3155740464]
	[RSP+418 ] 0x3D168AC8BF7F4BDE (size_t) [4401858280612121566]
	[RSP+438 ] 0xBC18C7A1         (size_t) [3155740577]
	[RSP+458 ] 0xBEF746C93D968910 (size_t) [uint: 13760545016589486352 int: -4686199057120065264]
	[RSP+478 ] 0x3F80000042B39415 (size_t) [4575657222527489045]
	[RSP+498 ] 0x0                (size_t) [0]
	[RSP+4B8 ] 0x0                (size_t) [0]
	[RSP+4D8 ] 0x0                (size_t) [0]
	[RSP+4F8 ] 0x0                (size_t) [0]
	[RSP+518 ] 0x0                (size_t) [0]
	[RSP+538 ] 0x0                (size_t) [0]
	[RSP+558 ] 0x7FF7B11B969C     (void* -> Fallout4.exe+136969C	movaps xmm0, [rsp+0x20] |  FUN_141369680_136969C)
	[RSP+570 ] 0x2020DA51800      (BSClothUtils::BSTransformSet*)
	[RSP+590 ] 0x3EAD493D3F1FE539 (size_t) [4516346528723363129]
	[RSP+5B0 ] 0xB2C000003F80008B (size_t) [uint: 12880294935344971915 int: -5566449138364579701]
	[RSP+5D0 ] 0xB3B04000B33C0000 (size_t) [uint: 12947919300441407488 int: -5498824773268144128]
	[RSP+5F0 ] 0xB2C002343F7FFFFF (size_t) [uint: 12880297357706526719 int: -5566446716003024897]
	[RSP+610 ] 0xB3B04206B33BFF33 (size_t) [uint: 12947921525234466611 int: -5498822548475085005]
	[RSP+630 ] 0xBCE020E33D8D048E (size_t) [uint: 13609914234275955854 int: -4836829839433595762]
	[RSP+650 ] 0xBF6026C8BEF746CC (size_t) [uint: 13790064702647649996 int: -4656679371061901620]
	[RSP+670 ] 0x2013207E380      (void*)
	[RSP+678 ] 0x7FF7B15DC642     (void* -> Fallout4.exe+178C642	add rbx, 0x40 |  FUN_14178b6b0_178C642)
	[RSP+688 ] 0x2020DA51600      (hclSimClothInstance*)
	[RSP+698 ] 0x7FF7B1691B84     (void* -> Fallout4.exe+1841B84	movsxd r8, dword ptr [rsp+0x30] |  FUN_141841080_1841B84)
	[RSP+6B8 ] 0x3D97265B         (size_t) [1033315931]
	[RSP+6D8 ] 0x3F80000042B394E7 (size_t) [4575657222527489255]
	[RSP+6F8 ] 0x3F7631B7         (size_t) [1064710583]
	[RSP+718 ] 0x3F8000004143326F (size_t) [4575657222503346799]
	[RSP+738 ] 0x3B7B4140         (size_t) [997933376]
	[RSP+758 ] 0x3C87D37EBF1FAA0A (size_t) [4361687305457478154]
	[RSP+778 ] 0x0                (size_t) [0]
	[RSP+788 ] 0x7FF7B17BE63C     (void* -> Fallout4.exe+196E63C	xor r13d, r13d |  FUN_14196e610_196E63C)
	[RSP+7A8 ] 0x3F80000000000000 (size_t) [4575657221408423936]
	[RSP+7B8 ] 0x7FF83CC2925A     (void* -> cbp.dll+001925A	add rsp, 0x28)
	[RSP+7C8 ] 0x7FF7B2E47DA8     (char*) "x!"
	[RSP+7D0 ] 0x7FF7B2E47BD0     (UI*)
	[RSP+7E8 ] 0x7FF7B17B62EA     (void* -> Fallout4.exe+19662EA	mov byte ptr [r13+0x249], 0x00 |  FUN_141965340_19662EA)
	[RSP+7F8 ] 0x2016978E790      (char*) "`9"
	[RSP+800 ] 0x2016978E790      (char*) "`9"
	[RSP+808 ] 0x2016978E790      (char*) "`9"
	[RSP+818 ] 0x7FF7B39511D0     (void* -> Fallout4.exe+3B011D0	sbb [rbx+0x07], ch |  FUN_14229e738_3B011D0)
	[RSP+838 ] 0x2020DA4E2A0      (hclClothInstance*)
	[RSP+848 ] 0x7FF7B0B2034A     (void* -> Fallout4.exe+0CD034A	test al, al |  FUN_140cd0310_CD034A)
	[RSP+850 ] 0x7FF7B2E47BD0     (UI*)
	[RSP+870 ] 0x406495FC40FB1DC2 (size_t) [4639998426752949698]
	[RSP+878 ] 0x202368C3580      (char*) "B"
	[RSP+898 ] 0xBE8CEF02         (size_t) [3196907266]
	[RSP+8A0 ] 0x7FF7B2E47DA8     (char*) "x!"
	[RSP+8C0 ] 0x3DFBE283BF7B70BD (size_t) [4466412510949109949]
	[RSP+8E0 ] 0x3F77900E3DB8A171 (size_t) [4573282337457480049]
	[RSP+900 ] 0x3EAD497E3F1FE498 (size_t) [4516346807896237208]
	[RSP+920 ] 0x3EAD497E3F1FE498 (size_t) [4516346807896237208]
	[RSP+938 ] 0x7FF7B17B940E     (void* -> Fallout4.exe+196940E	mov rcx, [rdi+0x28] |  FUN_1419693e0_196940E)
	[RSP+948 ] 0x7FF7B139E7BD     (void* -> Fallout4.exe+154E7BD	xor r15d, r15d |  FUN_14154e7a0_154E7BD)
	[RSP+960 ] 0x7FF7B2E94EE0     (MenuControls*)
	[RSP+968 ] 0x7FF7B17B509D     (void* -> Fallout4.exe+196509D	mov rcx, [rsp+0x20] |  UI::GetMenuOpen_196509D)
	[RSP+970 ] 0x7FF7B2FC1504     (void* -> Fallout4.exe+3171504	add [rax], al |  FUN_14229e738_3171504)
	[RSP+978 ] 0x7FF7B2F402E8     (CursorMoveEvent*)
	[RSP+980 ] 0x7FF7B2E94BF0     (FavoritesManager*)
	[RSP+988 ] 0x7FF7B0034273     (void* -> Fallout4.exe+01E4273	mov esi, eax |  FUN_1401e4260_1E4273)
	[RSP+990 ] 0x7FF7B2E94EE0     (MenuControls*)
	[RSP+998 ] 0x7FF7B2E47BD0     (UI*)
	[RSP+9A8 ] 0x7FF7B2FC1504     (void* -> Fallout4.exe+3171504	add [rax], al |  FUN_14229e738_3171504)
	[RSP+9B0 ] 0x7FF7B2E94B00     (void* -> Fallout4.exe+3044B00	loopne 0x00007FF7B2E94B2D |  FUN_14229e738_3044B00)
	[RSP+9B8 ] 0x7FF7B0E115D8     (void* -> Fallout4.exe+0FC15D8	test bpl, bpl |  FUN_140fc1490_FC15D8)
	[RSP+9C0 ] 0x7FF7B2E94EB0     (void* -> Fallout4.exe+3044EB0	add [rax], al |  FUN_14229e738_3044EB0)
	[RSP+9D0 ] 0x7FF7B2E94B00     (void* -> Fallout4.exe+3044B00	loopne 0x00007FF7B2E94B2D |  FUN_14229e738_3044B00)
	[RSP+9F0 ] 0x0                (size_t) [0]
	[RSP+A10 ] 0x3F800000         (size_t) [1065353216]
	[RSP+A20 ] 0x7FF7B20DF980     (char*) "Et"
	[RSP+A30 ] 0x2020E0A2900      (hclClothState*)
	[RSP+A50 ] 0x7FF7B20DF980     (char*) "Et"
	[RSP+A58 ] 0x7FF7B138EDFF     (void* -> Fallout4.exe+153EDFF	cmp [rdi], eax |  BSReadWriteLock::LockForRead_153EDFF)
	[RSP+A78 ] 0x7FF7B093BD55     (void* -> Fallout4.exe+0AEBD55	add rbx, 0x18 |  FUN_140aebcd0_AEBD55)
	[RSP+A88 ] 0x7FF7B1393358     (void* -> Fallout4.exe+1543358	mov rax, [rsp+0x30] |  FUN_141543340_1543358)
	[RSP+A90 ] 0x201316489B0      (PipboyPrimitiveThrottledValue<float>*)
	[RSP+A98 ] 0x7FF7B091AE2A     (void* -> Fallout4.exe+0ACAE2A	xor r12d, r12d |  FUN_140acae00_ACAE2A)
	[RSP+AA8 ] 0x7FF7B093BD55     (void* -> Fallout4.exe+0AEBD55	add rbx, 0x18 |  FUN_140aebcd0_AEBD55)
	[RSP+AC8 ] 0x7FF7B2FC1504     (void* -> Fallout4.exe+3171504	add [rax], al |  FUN_14229e738_3171504)
	[RSP+AD8 ] 0x7FF7B093BD55     (void* -> Fallout4.exe+0AEBD55	add rbx, 0x18 |  FUN_140aebcd0_AEBD55)
	[RSP+AE0 ] 0x2012E9F2450      (char*) "@@"
	[RSP+AF0 ] 0x7FF7B2FC1500     (void* -> Fallout4.exe+3171500	add [rax], al |  FUN_14229e738_3171500)
	[RSP+AF8 ] 0x7FF7B2FC1508     (void* -> Fallout4.exe+3171508	add [rax], al |  FUN_14229e738_3171508)
	[RSP+B08 ] 0x7FF7B093BD55     (void* -> Fallout4.exe+0AEBD55	add rbx, 0x18 |  FUN_140aebcd0_AEBD55)
	[RSP+B10 ] 0x201200A0E58      (char*) "`A"
	[RSP+B30 ] 0x7FF7B2E94AD8     (void* -> Fallout4.exe+3044AD8	add [rax], al |  FUN_14229e738_3044AD8)
	[RSP+B38 ] 0x7FF7B091B8C8     (void* -> Fallout4.exe+0ACB8C8	lea rbx, [rbx+0x08] |  FUN_140acb820_ACB8C8)
	[RSP+B40 ] 0x7FF7B2E94A80     (void* -> Fallout4.exe+3044A80	 |  FUN_14229e738_3044A80)
	[RSP+B50 ] 0x7FF7B2E94AD0     (void* -> Fallout4.exe+3044AD0	 |  FUN_14229e738_3044AD0)
	[RSP+B58 ] 0x7FF7B2FC1504     (void* -> Fallout4.exe+3171504	add [rax], al |  FUN_14229e738_3171504)
	[RSP+B68 ] 0x7FF7B2FC1500     (void* -> Fallout4.exe+3171500	add [rax], al |  FUN_14229e738_3171500)
	[RSP+B70 ] 0x7FF7B2FC1508     (void* -> Fallout4.exe+3171508	add [rax], al |  FUN_14229e738_3171508)
	[RSP+B88 ] 0x7FF7B2FC2018     (void* -> Fallout4.exe+3172018	loopne 0x00007FF7B2FC204B |  FUN_14229e738_3172018)
	[RSP+B98 ] 0x7FF7B09A5C03     (void* -> Fallout4.exe+0B55C03	mov rcx, [0x00007FF7B2CB6400] |  long (mangled: JobListManager::UIJob)_B55C03)
	[RSP+BA0 ] 0x7FF7B2E47BD0     (UI*)
	[RSP+BC0 ] 0x201200832B0      (void*)
	[RSP+BC8 ] 0x7FF7B13BEBFA     (void* -> Fallout4.exe+156EBFA	mov rax, [rdi+0x18] |  FUN_14156eb30_156EBFA)
	[RSP+BD0 ] 0x7FF7B2FC2018     (void* -> Fallout4.exe+3172018	loopne 0x00007FF7B2FC204B |  FUN_14229e738_3172018)
	[RSP+BE8 ] 0x7FF884FA6A2D     (void* -> KERNELBASE.dll+0066A2D	nop [rax+rax*1], eax)
	[RSP+BF8 ] 0x7FF7B2FC1FC8     (BSJobs::JobThread*)
	[RSP+C08 ] 0x7FF7B2FC2018     (void* -> Fallout4.exe+3172018	loopne 0x00007FF7B2FC204B |  FUN_14229e738_3172018)
	[RSP+C10 ] 0x7FF7B2FDA300     (void* -> Fallout4.exe+318A300	mov al, 0x32 |  FUN_14229e738_318A300)
	[RSP+C18 ] 0x7FF7B13BF10B     (void* -> Fallout4.exe+156F10B	mov [rbp+0x04], eax |  FUN_14156ee60_156F10B)
	[RSP+C38 ] 0x1                (size_t) [1]
	[RSP+C48 ] 0x7FF7B15E4D75     (void* -> Fallout4.exe+1794D75	test rbx, rbx |  FUN_141794990_1794D75)
	[RSP+C58 ] 0x7FF7B2FC2018     (void* -> Fallout4.exe+3172018	loopne 0x00007FF7B2FC204B |  FUN_14229e738_3172018)
	[RSP+C78 ] 0x20120083110      (void*)
	[RSP+C88 ] 0x7FF884F6920E     (void* -> KERNELBASE.dll+002920E	nop [rax+rax*1], eax)
	[RSP+CA8 ] 0x500000005        (size_t) [21474836485]
	[RSP+CC8 ] 0x7FF700000001     (size_t) [140698833649665]
	[RSP+CE8 ] 0x0                (size_t) [0]
	[RSP+D08 ] 0x0                (size_t) [0]
	[RSP+D28 ] 0x7FF7B13BD619     (void* -> Fallout4.exe+156D619	movzx eax, byte ptr [rbx+0xA74] |  FUN_14156d5b0_156D619)
	[RSP+D30 ] 0x7FF7B2FC1FC8     (BSJobs::JobThread*)
	[RSP+D50 ] 0x7FF7B2FC1FC8     (BSJobs::JobThread*)
	[RSP+D58 ] 0x7FF7B139ADED     (void* -> Fallout4.exe+154ADED	mov rcx, [0x00007FF7B2F3F620] |  FUN_14154adb0_154ADED)
	[RSP+D78 ] 0x0                (size_t) [0]
	[RSP+D80 ] 0x7FF7B2FC1FC8     (BSJobs::JobThread*)
	[RSP+D98 ] 0x7FF886157374     (void* -> KERNEL32.DLL+0017374	mov ecx, eax)
	[RSP+DB8 ] 0x0                (size_t) [0]
	[RSP+DC8 ] 0x7FF8875DCC91     (void* -> ntdll.dll+004CC91	jmp 0x00007FF8875DCCB3)
	[RSP+DE8 ] 0x0                (size_t) [0]
	[RSP+E08 ] 0x0                (size_t) [0]
	[RSP+E18 ] 0x7FF885073C50     (void* -> KERNELBASE.dll+0133C50	mov [rsp+0x10], rbx)
	[RSP+E38 ] 0xCF521E080        (void*)
	[RSP+E58 ] 0x0                (size_t) [0]
	[RSP+E78 ] 0x0                (size_t) [0]
	[RSP+E98 ] 0x0                (size_t) [0]
	[RSP+EB8 ] 0x0                (size_t) [0]
	[RSP+ED8 ] 0x0                (size_t) [0]
	[RSP+EF8 ] 0x0                (size_t) [0]
	[RSP+F18 ] 0x0                (size_t) [0]
	[RSP+F38 ] 0x0                (size_t) [0]
	[RSP+F58 ] 0x0                (size_t) [0]
	[RSP+F78 ] 0x0                (size_t) [0]
	[RSP+F98 ] 0x0                (size_t) [0]
	[RSP+FB8 ] 0x0                (size_t) [0]
	[RSP+FD8 ] 0x0                (size_t) [0]
	[RSP+FF8 ] 0x0                (size_t) [0]

MODULES:
	XINPUT1_3.dll              0x000000400000
	X3DAudio1_7.dll            0x00005F140000
	dcomp.dll                  0x020236CF0000
	Fallout4.exe               0x7FF7AFE50000
	steamclient64.dll          0x7FF807280000
	NvCamera64.dll             0x7FF80A920000
	Buffout4.dll               0x7FF80E010000
	DSOUND.DLL                 0x7FF813370000
	usvfs_x64.dll              0x7FF815E10000
	XAudio2_7.dll              0x7FF8160A0000
	gameoverlayrenderer64.dll  0x7FF819D90000
	MODExplorer.dll            0x7FF819F30000
	mcm.dll                    0x7FF819FB0000
	HighFPSPhysicsFix.dll      0x7FF81A370000
	DINPUT8.dll                0x7FF826760000
	HHS.dll                    0x7FF8267B0000
	XDI.dll                    0x7FF829B90000
	f4ee.dll                   0x7FF82BCD0000
	vstdlib_s64.dll            0x7FF82BDF0000
	tier0_s64.dll              0x7FF82BEB0000
	flexRelease_x64.dll        0x7FF836960000
	f4se_1_10_984.dll          0x7FF837BB0000
	nvppex.dll                 0x7FF8397D0000
	nvspcap64.dll              0x7FF839930000
	MSVCR110.dll               0x7FF839DA0000
	place.dll                  0x7FF83C310000
	cbp.dll                    0x7FF83CC10000
	MSVCP110.dll               0x7FF83D440000
	FloatingDamage.dll         0x7FF83DA00000
	crafting_highlight_fix.dll 0x7FF841800000
	mskeyprotect.dll           0x7FF85A560000
	ncryptsslp.dll             0x7FF85A5B0000
	winmmbase.dll              0x7FF85CC20000
	GFSDK_SSAO_D3D11.win64.dll 0x7FF85F190000
	CONCRT140.dll              0x7FF85FAE0000
	MessageBus.dll             0x7FF861F50000
	Secur32.dll                0x7FF8642E0000
	cudart64_75.dll            0x7FF867040000
	inputhost.dll              0x7FF8680D0000
	textinputframework.dll     0x7FF8682B0000
	Windows.UI.dll             0x7FF868480000
	webio.dll                  0x7FF869880000
	MSVCP140.dll               0x7FF86A000000
	VCRUNTIME140.dll           0x7FF86A130000
	VCRUNTIME140_1.dll         0x7FF86A170000
	nvwgf2umx.dll              0x7FF86AE10000
	nvgpucomp64.dll            0x7FF8715C0000
	GFSDK_GodraysLib.x64.dll   0x7FF874580000
	NvMessageBus.dll           0x7FF874E30000
	flexExtRelease_x64.dll     0x7FF877D20000
	nvldumdx.dll               0x7FF8780D0000
	nvapi64.dll                0x7FF8781A0000
	dxcore.dll                 0x7FF8788A0000
	dbghelp.dll                0x7FF8788E0000
	WINMM.dll                  0x7FF879220000
	fwpuclnt.dll               0x7FF87A4C0000
	rasadhlp.dll               0x7FF87C460000
	WindowManagementAPI.dll    0x7FF87C530000
	WINHTTP.dll                0x7FF87C9A0000
	twinapi.appcore.dll        0x7FF87CE90000
	drvstore.dll               0x7FF87D230000
	bink2w64.dll               0x7FF87D730000
	steam_api64.dll            0x7FF87D900000
	cryptnet.dll               0x7FF87DBB0000
	dhcpcsvc.DLL               0x7FF87DD50000
	VERSION.dll                0x7FF87E100000
	WINNSI.DLL                 0x7FF87E380000
	avrt.dll                   0x7FF87E450000
	MMDevApi.dll               0x7FF87E470000
	AUDIOSES.DLL               0x7FF87E6C0000
	d3d11.dll                  0x7FF87FAA0000
	CoreUIComponents.dll       0x7FF880580000
	CoreMessaging.dll          0x7FF8808E0000
	MSVCP140_ATOMIC_WAIT.dll   0x7FF880D50000
	XINPUT9_1_0.dll            0x7FF880F30000
	nvToolsExt64_1.dll         0x7FF881240000
	wintypes.dll               0x7FF881810000
	PROPSYS.dll                0x7FF881F30000
	WindowsCodecs.dll          0x7FF8822F0000
	uxtheme.dll                0x7FF882540000
	resourcepolicyclient.dll   0x7FF8826C0000
	dwmapi.dll                 0x7FF8828F0000
	kernel.appcore.dll         0x7FF882AD0000
	windows.storage.dll        0x7FF882CD0000
	HID.DLL                    0x7FF883480000
	gpapi.dll                  0x7FF883490000
	dxgi.dll                   0x7FF8834C0000
	schannel.DLL               0x7FF883B80000
	rsaenh.dll                 0x7FF883C70000
	ntmarta.dll                0x7FF883EC0000
	UMPDC.dll                  0x7FF884030000
	IPHLPAPI.DLL               0x7FF884050000
	DNSAPI.dll                 0x7FF884090000
	POWRPROF.dll               0x7FF8841C0000
	MSWSOCK.dll                0x7FF8843C0000
	CRYPTSP.dll                0x7FF8845B0000
	CRYPTBASE.DLL              0x7FF8845D0000
	Wldp.dll                   0x7FF884660000
	NTASN1.dll                 0x7FF884690000
	ncrypt.dll                 0x7FF8846D0000
	msasn1.dll                 0x7FF8847F0000
	devobj.dll                 0x7FF8849C0000
	DPAPI.DLL                  0x7FF884A20000
	SSPICLI.DLL                0x7FF884B10000
	profapi.dll                0x7FF884B60000
	msvcp_win.dll              0x7FF884C30000
	wintrust.dll               0x7FF884CD0000
	win32u.dll                 0x7FF884D40000
	gdi32full.dll              0x7FF884E20000
	KERNELBASE.dll             0x7FF884F40000
	CRYPT32.dll                0x7FF885240000
	ucrtbase.dll               0x7FF8853A0000
	bcryptPrimitives.dll       0x7FF8854A0000
	bcrypt.dll                 0x7FF885530000
	cfgmgr32.dll               0x7FF885560000
	ADVAPI32.dll               0x7FF8855B0000
	NSI.dll                    0x7FF885670000
	ole32.dll                  0x7FF8856E0000
	sechost.dll                0x7FF885A40000
	imagehlp.dll               0x7FF885AE0000
	MSCTF.dll                  0x7FF885B00000
	shlwapi.dll                0x7FF885C20000
	SHCORE.dll                 0x7FF885C80000
	msvcrt.dll                 0x7FF885D30000
	combase.dll                0x7FF885DE0000
	KERNEL32.DLL               0x7FF886140000
	SHELL32.dll                0x7FF886210000
	clbcatq.dll                0x7FF886980000
	IMM32.DLL                  0x7FF886A90000
	SETUPAPI.dll               0x7FF886BB0000
	WS2_32.dll                 0x7FF887020000
	PSAPI.DLL                  0x7FF887090000
	GDI32.dll                  0x7FF8870A0000
	RPCRT4.dll                 0x7FF8871B0000
	USER32.dll                 0x7FF8872E0000
	OLEAUT32.dll               0x7FF887480000
	ntdll.dll                  0x7FF887590000
	d3dcompiler_47_64.dll      0x7FFFFA490000

F4SE PLUGINS:
	Buffout4.dll v1.36
	cbp.dll
	crafting_highlight_fix.dll
	f4ee.dll
	FloatingDamage.dll
	HHS.dll
	HighFPSPhysicsFix.dll
	mcm.dll
	MODExplorer.dll
	place.dll
	XDI.dll

PLUGINS:
	[00]Fallout4.esm
	[01]DLCRobot.esm
	[02]DLCworkshop01.esm
	[03]DLCCoast.esm
	[04]DLCworkshop02.esm
	[05]DLCworkshop03.esm
	[06]DLCNukaWorld.esm
	[FE]ccBGSFO4044-HellfirePowerArmor.esl
	[FE]ccBGSFO4115-X02.esl
	[FE]ccBGSFO4116-HeavyFlamer.esl
	[FE]ccBGSFO4110-WS_Enclave.esl
	[FE]ccBGSFO4096-AS_Enclave.esl
	[FE]ccFSVFO4007-Halloween.esl
	[FE]ccBGSFO4046-TesCan.esl
	[FE]ccSBJFO4003-Grenade.esl
	[FE]ccOTMFO4001-Remnants.esl
	[07]unofficial fallout 4 patch.esp
	[08]XDI.esm
	[FE]NoDialogueAutoRotAndForcedPos.esl
	[FE]ClassicMeleePack.esl
	[FE]ClassicUnarmedPack.esl
	[FE]Dank_ArmorPaintExtended.esl
	[FE]Skb-MinigunsRebirth.esl
	[FE]Skb_MachinegunsRebirth.esl
	[FE]community fixes merged.esp
	[09]Homemaker.esm
	[0A]KSHairdos.esp
	[0B]CBBE.esp
	[0C]LooksMenu.esp
	[0D]AzarPonytailHairstyles.esp
	[0E]rpampas.esp
	[0F]The Eyes Of Beauty.esp
	[10]TheEyesOfBeauty.esp
	[FE]Dank_ArmorOverrides.esp
	[FE]Dank_ArmorOverrides_DLCNukaWorld.esp
	[11]Simple Ballistic Weave Expansion.esp
	[12]The Deadly Commonwealth Expansion.esp
	[13]W.A.T.Minutemen.esp
	[14]Vivid Weathers - FO4.esp
	[15]RRTV_GoodneighborCondo.esp
	[FE]Dank_LEO.esp
	[16]Backpacks of the Commonwealth.esp
	[FE]Dank_ECO.esp
	[17]DOOMMerged.esp
	[18]officersRevolver.esp
	[19]Eli_Armour_Compendium.esp
	[1A]CorvalhoWidowShotgun.esp
	[1B]MK18.esp
	[1C]RU556.esp
	[1D]AAC_HoneyBadger.esp
	[1E]TavorX95.esp
	[1F]AK74M.esp
	[20]FalloutSamurai.esp
	[21]SKKMobileWorkshop.esp
	[22]Companion Infinite Ammo and Unbreakable Power Armour.esp
	[23]NoRailRoadBallisticWeave.esp
	[24]SettlementMenuManager.esp
	[25]Homemaker - Streetlights Use Passive Power.esp
	[26]DarkerNightsDetection.esp
	[27]Vivid Weathers - FO4 - Far Harbor.esp
	[28]DarkerNights.esp
	[29]Vivid Weathers - Nuka World.esp
	[2A]SKKFeralNights.esp
	[2B]VendorTrunk.esp
	[2C]Building Materials Dispenser.esp
	[2D]SkibsWeapons-REDUX.esp
	[2E]DX_Banshee_Recon_Armor.esp
	[2F]MP7.esp
	[30]AQUILA.esp
	[31]HK_MP5.esp
	[32]GIAT_FAMAS.esp
	[33]HK_UMP.esp
	[34]G36Complex.esp
	[35]Glock19x.esp
	[36]9x39Project.esp
	[37]Krebs.esp
	[38]HuntingRevolver.esp
	[39]M1A.esp
	[3A]OTs33Pernach.esp
	[3B]ConceptCentaur.esp
	[3C]BetterSettlersNoLollygagging.esp
	[3D]BetterSettlers.esp
	[3E]IncreasedCarryWeight.esp
	[3F]LongerPowerLines3x.esp
	[40]RAW INPUT.esp
	[41]VendorCaps.esp
	[42]FalloutKensei.esp
	[43]G231_HoldBlock.esp
	[FE]StartMeUpShaunDefaultAppearance.esp
	[44]FIS-Naming-Weap-Armo-EN.esp
	[FE]Dank_ArmorOverrides_DLCInterconnected.esp
	[FE]Eli_Armour_Compendium_LIF.esp
	[FE]Dank_ArmorOverrides_DLCCoast.esp
	[FE]Dank_ArmorOverrides_DLCRobot.esp
	[FE]Eli_Armour_Compendium_Tweaks.esp
	[FE]Dank_SynthArmorDarkDefault.esp
	[FE]Dank_SynthUniformDistribution.esp
	[FE]Dank_ECO_DLCCoast.esp
	[FE]Dank_ECO_DLCNukaWorld.esp
	[FE]Dank_ECO_DLCRobot.esp
	[FE]Dank_LEO-Automatron.esp
	[FE]Dank_LEO_ChipCraft_Mats.esp
	[FE]Dank_LEO_DLCCoast.esp
	[FE]Dank_LEO_DLCNukaWorld.esp
	[45]Elysium.esp
	[46]ReconPack.esp
	[47]AUG-A1.esp
	[48]Mosin.esp
	[49]REAPER.esp
	[4A]Factor.esp
	[4B]PIP-Pad.esp
	[4C]NezzarSexyOutfitCollection.esp
	[4D]NezzarUltimateCollection.esp
	[4E]xy - Jumpsuits.esp
	[4F]xy - Misty Outfit.esp
	[50]Clothes Pack 4 by DonEb14n.esp
	[51]Clothes Pack v2.0 by DonEb14n.esp
	[52]Clothes Pack 2 by DonEb14n.esp
	[53]Clothes Pack 3 by DonEb14n.esp
	[54]Clothes Pack 6 by DonEb14n.esp
	[55]VtawWardrobe1.esp
	[56]VtawWardrobe2.esp
	[57]VtawWardrobe7.esp
	[58]VtawCammy.esp
	[59]VtawWardrobe4.esp
	[5A]VtawWardrobe6.esp
	[5B]VtawWardrobe8.esp
	[5C]ESPExplorerFO4.esp
	[5D]VtawWardrobe5.esp
	[5E]Crimsomrider's Accessories.esp
	[5F]Idiot Slut.esp
	[60]TheStaffmaster.esp
	[61]LightsaberMod.esp
	[FE]LightsaberAnimations.esp
	[FE]FOVSlider.esp
	[62]StartMeUp.esp
	[63]StartMeUpNukaWorldPatch.esp
	[64]Vivid Waters.esp
	[65]HaxRPG7.esp
	[66]CBBEHeadRearFix.esp
	[67]No Underarmor Scaling Far Harbor.esp
	[68]No Underarmor Scaling Nuka World.esp
	[69]No UnderArmor Scaling.esp
	[6A]RRTV_AtomCats_Home.esp
	[6B]CraftableAmmo.esp
	[6C]CraftableAmmo_plus.esp
	[FE]Anti-Aging Cream.esp
	[FF]Bashed Patch, 0.esp
	[FF]RPD.esp
