Fallout 4 v1.10.163
Buffout 4 v1.28.6

Unhandled exception "EXCEPTION_ACCESS_VIOLATION" at 0x7FFCB92EC169 Buffout4.dll+004C169

	[Compatibility]
		F4EE: true
	[Crashlog]
		AutoOpen: true
		PromptUpload: true
	[Fixes]
		ActorIsHostileToActor: true
		CellInit: true
		CreateD3DAndSwapChain: true
		EncounterZoneReset: true
		GreyMovies: true
		MagicEffectApplyEvent: true
		MovementPlanner: true
		PackageAllocateLocation: true
		SafeExit: true
		TESObjectREFRGetEncounterZone: true
		UnalignedLoad: true
		UtilityShader: true
	[Patches]
		Achievements: false
		ArchiveLimit: false
		BSMTAManager: true
		BSPreCulledObjects: true
		BSTextureStreamerLocalHeap: true
		HavokMemorySystem: true
		INISettingCollection: true
		InputSwitch: false
		MaxStdIO: -1
		MemoryManager: true
		MemoryManagerDebug: false
		ScaleformAllocator: true
		SmallBlockAllocator: true
		WorkshopMenu: true
	[Warnings]
		CreateTexture2D: true
		ImageSpaceAdapter: true

SYSTEM SPECS:
	OS: Microsoft Windows 11 Pro v10.0.22631
	CPU: AuthenticAMD AMD Ryzen 7 7800X3D 8-Core Processor           
	GPU #1: Nvidia AD102 [GeForce RTX 4090]
	GPU #2: AMD Raphael
	GPU #3: Microsoft Basic Render Driver
	PHYSICAL MEMORY: 13.20 GB/31.10 GB

PROBABLE CALL STACK:
	[ 0] 0x7FFCB92EC169      Buffout4.dll+004C169
	[ 1] 0x7FFCB92EC1EC      Buffout4.dll+004C1EC
	[ 2] 0x7FF637EFE48C      Fallout4.exe+05CE48C -> 665098+0x7C
	[ 3] 0x7FFCB6445D26 RobCo_Patcher.dll+0055D26
	[ 4] 0x7FFCB64422E9 RobCo_Patcher.dll+00522E9
	[ 5] 0x7FFCB64438B0 RobCo_Patcher.dll+00538B0
	[ 6] 0x7FFCB63F60CB RobCo_Patcher.dll+00060CB
	[ 7] 0x7FFCC12DA9E5 f4se_1_10_163.dll+000A9E5
	[ 8] 0x7FF63866F26D      Fallout4.exe+0D3F26D -> 407290+0x27D
	[ 9] 0x7FF6386835A9      Fallout4.exe+0D535A9 -> 1085735+0x29
	[10] 0x7FFCC12DA8AC f4se_1_10_163.dll+000A8AC
	[11] 0x7FF63944CFED      Fallout4.exe+1B1CFED -> 1079791+0x3D
	[12] 0x7FFD00D2259D      KERNEL32.DLL+001259D
	[13] 0x7FFD0222AF38         ntdll.dll+005AF38

REGISTERS:
	RAX 0x3                (size_t)
	RCX 0x1                (size_t)
	RDX 0x17B35C80000      (void*)
	RBX 0x2                (size_t)
	RSP 0x79FA9BEA60       (void*)
	RBP 0x7FFCB95B8CA0     (void* -> Buffout4.dll+0318CA0)
	RSI 0x2                (size_t)
	RDI 0x17A53DF6798      (void*)
	R8  0xBA0000017B       (size_t)
	R9  0x0                (size_t)
	R10 0x17A525177F8      (void*)
	R11 0x79FA9BEAF0       (void*)
	R12 0x0                (size_t)
	R13 0x8                (size_t)
	R14 0x17A53DF6780      (void*)
	R15 0x17B42E08F00      (BGSMod::Attachment::Mod*)
		File: "SS2.esm"
		Flags: 0x00000019
		Form ID: 0x16017340
		Form Type: 144
		Full Name: "Red Metal by frogprincess"

STACK:
	[RSP+0   ] 0x79FA9BEA70       (void*)
	[RSP+8   ] 0x3                (size_t)
	[RSP+10  ] 0x0                (size_t)
	[RSP+18  ] 0x79FA9BEAA3       (void*)
	[RSP+20  ] 0x17B42E08F00      (BGSMod::Attachment::Mod*)
		File: "SS2.esm"
		Flags: 0x00000019
		Form ID: 0x16017340
		Form Type: 144
		Full Name: "Red Metal by frogprincess"
	[RSP+28  ] 0x17AF2878D00      (void*)
	[RSP+30  ] 0x0                (size_t)
	[RSP+38  ] 0x0                (size_t)
	[RSP+40  ] 0x1                (size_t)
	[RSP+48  ] 0x7FFCB92EC1EC     (void* -> Buffout4.dll+004C1EC)
	[RSP+50  ] 0x2                (size_t)
	[RSP+58  ] 0x17B5CDCD390      (BGSKeyword*)
		File: "Dank_LEO.esp"
		Flags: 0x00000008
		Form ID: 0xFE0B11FF
		Form Type: 04
	[RSP+60  ] 0x2                (size_t)
	[RSP+68  ] 0x7073652E         (size_t)
	[RSP+70  ] 0x17B42E08FA0      (void*)
	[RSP+78  ] 0x7FF637EFE48C     (void* -> Fallout4.exe+05CE48C)
	[RSP+80  ] 0x17B42E08FA0      (void*)
	[RSP+88  ] 0x17B5CDCD390      (BGSKeyword*)
		File: "Dank_LEO.esp"
		Flags: 0x00000008
		Form ID: 0xFE0B11FF
		Form Type: 04
	[RSP+90  ] 0x14               (size_t)
	[RSP+98  ] 0x17B5CDCD390      (BGSKeyword*)
		File: "Dank_LEO.esp"
		Flags: 0x00000008
		Form ID: 0xFE0B11FF
		Form Type: 04
	[RSP+A0  ] 0x79FA9BEDD0       (void*)
	[RSP+A8  ] 0x7FFCB6445D26     (void* -> RobCo_Patcher.dll+0055D26)
	[RSP+B0  ] 0x14               (size_t)
	[RSP+B8  ] 0x17B5CDCD390      (BGSKeyword*)
		File: "Dank_LEO.esp"
		Flags: 0x00000008
		Form ID: 0xFE0B11FF
		Form Type: 04
	[RSP+C0  ] 0x7FF637930000     (void*)
	[RSP+C8  ] 0x17B5CDCD390      (BGSKeyword*)
		File: "Dank_LEO.esp"
		Flags: 0x00000008
		Form ID: 0xFE0B11FF
		Form Type: 04
	[RSP+D0  ] 0xF6B9265B81BE16CD (size_t)
	[RSP+D8  ] 0x18B747776FB077E1 (size_t)
	[RSP+E0  ] 0xFF0F6A7088085AE6 (size_t)
	[RSP+E8  ] 0x11010B5C66063BCA (size_t)
	[RSP+F0  ] 0x79FA9BEDC0       (void*)
	[RSP+F8  ] 0x17B42E08F00      (BGSMod::Attachment::Mod*)
		File: "SS2.esm"
		Flags: 0x00000019
		Form ID: 0x16017340
		Form Type: 144
		Full Name: "Red Metal by frogprincess"
	[RSP+100 ] 0x17B3EBD7D28      (void*)
	[RSP+108 ] 0x17AF431B6D0      (void*)
	[RSP+110 ] 0x1F               (size_t)
	[RSP+118 ] 0x13               (size_t)
	[RSP+120 ] 0x79FA9BEDD0       (void*)
	[RSP+128 ] 0x7FFCFF7F1966     (void* -> ucrtbase.dll+0011966)
	[RSP+130 ] 0x0                (size_t)
	[RSP+138 ] 0x20               (size_t)
	[RSP+140 ] 0x17B3EBD7D28      (void*)
	[RSP+148 ] 0x17AF4310000      (void*)
	[RSP+150 ] 0x1F               (size_t)
	[RSP+158 ] 0x7FFCB64944FF     (void* -> RobCo_Patcher.dll+00A44FF)
	[RSP+160 ] 0x20               (size_t)
	[RSP+168 ] 0x7FFCFF7F1966     (void* -> ucrtbase.dll+0011966)
	[RSP+170 ] 0x0                (size_t)
	[RSP+178 ] 0x20               (size_t)
	[RSP+180 ] 0x17AFABBB9B0      (void*)
	[RSP+188 ] 0x7FFCB640B358     (void* -> RobCo_Patcher.dll+001B358)
	[RSP+190 ] 0x79FA9BEDC0       (void*)
	[RSP+198 ] 0x2C               (size_t)
	[RSP+1A0 ] 0xA260A            (size_t)
	[RSP+1A8 ] 0x79FA9BEC69       (void*)
	[RSP+1B0 ] 0x17AFABBC4F0      (char*) "Dank_LEO.esp|1FF"
	[RSP+1B8 ] 0x0                (size_t)
	[RSP+1C0 ] 0x10               (size_t)
	[RSP+1C8 ] 0x1F               (size_t)
	[RSP+1D0 ] 0x17AFAB47AB0      (void*)
	[RSP+1D8 ] 0x13               (size_t)
	[RSP+1E0 ] 0x17AFABBB9B0      (void*)
	[RSP+1E8 ] 0x17AFAB47630      (char*) "Fallout4.esm|1E32C8"
	[RSP+1F0 ] 0x79FA9BF150       (void*)
	[RSP+1F8 ] 0x17AFABBB9B0      (void*)
	[RSP+200 ] 0x17AFABBB9D0      (void*)
	[RSP+208 ] 0x79FA9BF150       (void*)
	[RSP+210 ] 0x183BA29B5B83     (size_t)
	[RSP+218 ] 0x0                (size_t)
	[RSP+220 ] 0x0                (size_t)
	[RSP+228 ] 0x13               (size_t)
	[RSP+230 ] 0x79FA9BEDC0       (void*)
	[RSP+238 ] 0x183BA29B5CA3     (size_t)
	[RSP+240 ] 0x0                (size_t)
	[RSP+248 ] 0x13               (size_t)
	[RSP+250 ] 0x17B3EBD7D28      (void*)
	[RSP+258 ] 0x17AF431B6D0      (void*)
	[RSP+260 ] 0x17AF431BA80      (void*)
	[RSP+268 ] 0x7FFCB64422E9     (void* -> RobCo_Patcher.dll+00522E9)
	[RSP+270 ] 0x79FA9BEDC0       (void*)
	[RSP+278 ] 0x17AF431B6C0      (void*)
	[RSP+280 ] 0x17AF431B6C0      (void*)
	[RSP+288 ] 0x17B42E08F00      (BGSMod::Attachment::Mod*)
		File: "SS2.esm"
		Flags: 0x00000019
		Form ID: 0x16017340
		Form Type: 144
		Full Name: "Red Metal by frogprincess"
	[RSP+290 ] 0x1010101001E3201  (size_t)
	[RSP+298 ] 0x0                (size_t)
	[RSP+2A0 ] 0x17B3EBD7D28      (void*)
	[RSP+2A8 ] 0x0                (size_t)
	[RSP+2B0 ] 0x0                (size_t)
	[RSP+2B8 ] 0x0                (size_t)
	[RSP+2C0 ] 0x0                (size_t)
	[RSP+2C8 ] 0x0                (size_t)
	[RSP+2D0 ] 0x0                (size_t)
	[RSP+2D8 ] 0x0                (size_t)
	[RSP+2E0 ] 0x0                (size_t)
	[RSP+2E8 ] 0x0                (size_t)
	[RSP+2F0 ] 0x0                (size_t)
	[RSP+2F8 ] 0x1                (size_t)
	[RSP+300 ] 0x0                (size_t)
	[RSP+308 ] 0x0                (size_t)
	[RSP+310 ] 0x0                (size_t)
	[RSP+318 ] 0x0                (size_t)
	[RSP+320 ] 0x0                (size_t)
	[RSP+328 ] 0x17AE4E53440      (void*)
	[RSP+330 ] 0x17B3EBF1FE8      (void*)
	[RSP+338 ] 0x1D               (size_t)
	[RSP+340 ] 0x7FFCB64A3C40     (char*) "processing patch instructions"
	[RSP+348 ] 0x1D               (size_t)
	[RSP+350 ] 0x17AF2878D14      (void*)
	[RSP+358 ] 0x17AF431BA80      (void*)
	[RSP+360 ] 0x0                (size_t)
	[RSP+368 ] 0x0                (size_t)
	[RSP+370 ] 0x0                (size_t)
	[RSP+378 ] 0x0                (size_t)
	[RSP+380 ] 0x0                (size_t)
	[RSP+388 ] 0x0                (size_t)
	[RSP+390 ] 0x0                (size_t)
	[RSP+398 ] 0x0                (size_t)
	[RSP+3A0 ] 0x0                (size_t)
	[RSP+3A8 ] 0x0                (size_t)
	[RSP+3B0 ] 0x0                (size_t)
	[RSP+3B8 ] 0x0                (size_t)
	[RSP+3C0 ] 0x0                (size_t)
	[RSP+3C8 ] 0x0                (size_t)
	[RSP+3D0 ] 0x0                (size_t)
	[RSP+3D8 ] 0x0                (size_t)
	[RSP+3E0 ] 0x0                (size_t)
	[RSP+3E8 ] 0x0                (size_t)
	[RSP+3F0 ] 0x0                (size_t)
	[RSP+3F8 ] 0x0                (size_t)
	[RSP+400 ] 0x0                (size_t)
	[RSP+408 ] 0x0                (size_t)
	[RSP+410 ] 0x0                (size_t)
	[RSP+418 ] 0x0                (size_t)
	[RSP+420 ] 0x0                (size_t)
	[RSP+428 ] 0x0                (size_t)
	[RSP+430 ] 0x0                (size_t)
	[RSP+438 ] 0x0                (size_t)
	[RSP+440 ] 0x0                (size_t)
	[RSP+448 ] 0x0                (size_t)
	[RSP+450 ] 0xF                (size_t)
	[RSP+458 ] 0x0                (size_t)
	[RSP+460 ] 0x0                (size_t)
	[RSP+468 ] 0x0                (size_t)
	[RSP+470 ] 0xF                (size_t)
	[RSP+478 ] 0x0                (size_t)
	[RSP+480 ] 0x0                (size_t)
	[RSP+488 ] 0x0                (size_t)
	[RSP+490 ] 0xF                (size_t)
	[RSP+498 ] 0x0                (size_t)
	[RSP+4A0 ] 0x0                (size_t)
	[RSP+4A8 ] 0x0                (size_t)
	[RSP+4B0 ] 0x0                (size_t)
	[RSP+4B8 ] 0x0                (size_t)
	[RSP+4C0 ] 0x0                (size_t)
	[RSP+4C8 ] 0x0                (size_t)
	[RSP+4D0 ] 0x0                (size_t)
	[RSP+4D8 ] 0x0                (size_t)
	[RSP+4E0 ] 0x0                (size_t)
	[RSP+4E8 ] 0x0                (size_t)
	[RSP+4F0 ] 0x0                (size_t)
	[RSP+4F8 ] 0x0                (size_t)
	[RSP+500 ] 0x0                (size_t)
	[RSP+508 ] 0x0                (size_t)
	[RSP+510 ] 0x0                (size_t)
	[RSP+518 ] 0x0                (size_t)
	[RSP+520 ] 0x0                (size_t)
	[RSP+528 ] 0x0                (size_t)
	[RSP+530 ] 0x0                (size_t)
	[RSP+538 ] 0x0                (size_t)
	[RSP+540 ] 0x0                (size_t)
	[RSP+548 ] 0x0                (size_t)
	[RSP+550 ] 0x0                (size_t)
	[RSP+558 ] 0x0                (size_t)
	[RSP+560 ] 0x0                (size_t)
	[RSP+568 ] 0x0                (size_t)
	[RSP+570 ] 0x0                (size_t)
	[RSP+578 ] 0x0                (size_t)
	[RSP+580 ] 0x0                (size_t)
	[RSP+588 ] 0x0                (size_t)
	[RSP+590 ] 0x0                (size_t)
	[RSP+598 ] 0x0                (size_t)
	[RSP+5A0 ] 0x0                (size_t)
	[RSP+5A8 ] 0x0                (size_t)
	[RSP+5B0 ] 0x0                (size_t)
	[RSP+5B8 ] 0x0                (size_t)
	[RSP+5C0 ] 0x0                (size_t)
	[RSP+5C8 ] 0x0                (size_t)
	[RSP+5D0 ] 0x17AFABBC2E0      (void*)
	[RSP+5D8 ] 0x17AFABBC300      (void*)
	[RSP+5E0 ] 0x17AFABBC300      (void*)
	[RSP+5E8 ] 0x0                (size_t)
	[RSP+5F0 ] 0x0                (size_t)
	[RSP+5F8 ] 0x0                (size_t)
	[RSP+600 ] 0x656E6F6E         (size_t)
	[RSP+608 ] 0x0                (size_t)
	[RSP+610 ] 0x4                (size_t)
	[RSP+618 ] 0xF                (size_t)
	[RSP+620 ] 0x656E6F6E         (size_t)
	[RSP+628 ] 0x0                (size_t)
	[RSP+630 ] 0x4                (size_t)
	[RSP+638 ] 0xF                (size_t)
	[RSP+640 ] 0x656E6F6E         (size_t)
	[RSP+648 ] 0x0                (size_t)
	[RSP+650 ] 0x4                (size_t)
	[RSP+658 ] 0xF                (size_t)
	[RSP+660 ] 0x0                (size_t)
	[RSP+668 ] 0x0                (size_t)
	[RSP+670 ] 0x0                (size_t)
	[RSP+678 ] 0xF                (size_t)
	[RSP+680 ] 0x0                (size_t)
	[RSP+688 ] 0x0                (size_t)
	[RSP+690 ] 0x0                (size_t)
	[RSP+698 ] 0xF                (size_t)
	[RSP+6A0 ] 0x0                (size_t)
	[RSP+6A8 ] 0x0                (size_t)
	[RSP+6B0 ] 0x0                (size_t)
	[RSP+6B8 ] 0xF                (size_t)
	[RSP+6C0 ] 0x0                (size_t)
	[RSP+6C8 ] 0x0                (size_t)
	[RSP+6D0 ] 0x0                (size_t)
	[RSP+6D8 ] 0x0                (size_t)
	[RSP+6E0 ] 0x0                (size_t)
	[RSP+6E8 ] 0x0                (size_t)
	[RSP+6F0 ] 0x17AFABBB9B0      (void*)
	[RSP+6F8 ] 0x17AFABBB9D0      (void*)
	[RSP+700 ] 0x17AFABBB9D0      (void*)
	[RSP+708 ] 0x79FA9BF220       (void*)
	[RSP+710 ] 0x7FFCB64A66B0     (char*) "C:\dev\po3 CommonLibF4\CommonLibF4\ExampleProject\src\object_omod.cpp"
	[RSP+718 ] 0x213              (size_t)
	[RSP+720 ] 0x7FFCB64A6700     (char*) "void __cdecl OMOD::process_patch_instructions(const class std::list<struct OMOD::line_content,class std::allocator<struct OMOD::line_content> > &)"
	[RSP+728 ] 0x79FA9BF220       (void*)
	[RSP+730 ] 0x17AFABBBB00      (char*) "Fallout4"
	[RSP+738 ] 0x0                (size_t)
	[RSP+740 ] 0x13               (size_t)
	[RSP+748 ] 0x1F               (size_t)
	[RSP+750 ] 0x0                (size_t)
	[RSP+758 ] 0x7FFCFF7E4B61     (void* -> ucrtbase.dll+0004B61)
	[RSP+760 ] 0x0                (size_t)
	[RSP+768 ] 0x79FA9BF3E0       (void*)
	[RSP+770 ] 0x0                (size_t)
	[RSP+778 ] 0x79FA9BF220       (void*)
	[RSP+780 ] 0x0                (size_t)
	[RSP+788 ] 0x0                (size_t)
	[RSP+790 ] 0x0                (size_t)
	[RSP+798 ] 0x7FFCFF7E4AEE     (void* -> ucrtbase.dll+0004AEE)
	[RSP+7A0 ] 0x17AF431C901      (void*)
	[RSP+7A8 ] 0x79FA9BF570       (std::basic_filebuf<char,std::char_traits<char> >*)
	[RSP+7B0 ] 0x17AE4BDD730      (void*)
	[RSP+7B8 ] 0x17AF431BA80      (void*)
	[RSP+7C0 ] 0x0                (size_t)
	[RSP+7C8 ] 0x79FA9BF2C0       (std::basic_ifstream<char,std::char_traits<char> >*)
	[RSP+7D0 ] 0x17AF431BA00      (void*)
	[RSP+7D8 ] 0x7FFCFF8DF0C0     (void* -> ucrtbase.dll+00FF0C0)
	[RSP+7E0 ] 0x17A39861120      (void*)
	[RSP+7E8 ] 0x7FFCCEA93B01     (void* -> MSVCP140.dll+0003B01)
	[RSP+7F0 ] 0x79FA9BF500       (char*) "5"
	[RSP+7F8 ] 0x79FA9BF500       (char*) "5"
	[RSP+800 ] 0x79FA9BF570       (std::basic_filebuf<char,std::char_traits<char> >*)
	[RSP+808 ] 0x7FFCB6411C24     (void* -> RobCo_Patcher.dll+0021C24)
	[RSP+810 ] 0x79FA9BF560       (void*)
	[RSP+818 ] 0x0                (size_t)
	[RSP+820 ] 0x2                (size_t)
	[RSP+828 ] 0x17B3EBCCB00      (void*)
	[RSP+830 ] 0x4A9D             (size_t)
	[RSP+838 ] 0x4A9D             (size_t)
	[RSP+840 ] 0x183BA29B5B63     (size_t)
	[RSP+848 ] 0x7FFC00000000     (size_t)
	[RSP+850 ] 0x0                (size_t)
	[RSP+858 ] 0x7FFCB64A4248     (void* -> RobCo_Patcher.dll+00B4248)
	[RSP+860 ] 0x7FFCB64A4238     (void* -> RobCo_Patcher.dll+00B4238)
	[RSP+868 ] 0x17AF287AF10      (void*)
	[RSP+870 ] 0x79FA9BF3E0       (void*)
	[RSP+878 ] 0x7FFCB64438B0     (void* -> RobCo_Patcher.dll+00538B0)
	[RSP+880 ] 0x10               (size_t)
	[RSP+888 ] 0x17AF431BA80      (void*)
	[RSP+890 ] 0x17AF431C980      (void*)
	[RSP+898 ] 0x0                (size_t)
	[RSP+8A0 ] 0x79FA9BF350       (void*)
	[RSP+8A8 ] 0x7FFD00D1B941     (void* -> KERNEL32.DLL+000B941)
	[RSP+8B0 ] 0xFF39AD610        (size_t)
	[RSP+8B8 ] 0x17AF287AF10      (void*)
	[RSP+8C0 ] 0x17AF287B038      (void*)
	[RSP+8C8 ] 0x79FA9BF900       (void*)
	[RSP+8D0 ] 0x7FFC0000000F     (size_t)
	[RSP+8D8 ] 0x1D               (size_t)
	[RSP+8E0 ] 0x7FFCB64A67D0     (char*) "void *__cdecl OMOD::readConfig(const class std::basic_string<char,struct std::char_traits<char>,class std::allocator<char> > &)"
	[RSP+8E8 ] 0x79FA9BF980       (void*)
	[RSP+8F0 ] 0x7FFCB64A3D98     (char*) "************************************************************"
	[RSP+8F8 ] 0x3C               (size_t)
	[RSP+900 ] 0x7FFCB64A66B0     (char*) "C:\dev\po3 CommonLibF4\CommonLibF4\ExampleProject\src\object_omod.cpp"
	[RSP+908 ] 0x7FFC00000426     (size_t)
	[RSP+910 ] 0x7FFCB64A67D0     (char*) "void *__cdecl OMOD::readConfig(const class std::basic_string<char,struct std::char_traits<char>,class std::allocator<char> > &)"
	[RSP+918 ] 0x7                (size_t)
	[RSP+920 ] 0x7FFCB64A66B0     (char*) "C:\dev\po3 CommonLibF4\CommonLibF4\ExampleProject\src\object_omod.cpp"
	[RSP+928 ] 0x7FFC00000426     (size_t)
	[RSP+930 ] 0x7FFCB64A67D0     (char*) "void *__cdecl OMOD::readConfig(const class std::basic_string<char,struct std::char_traits<char>,class std::allocator<char> > &)"
	[RSP+938 ] 0xF                (size_t)
	[RSP+940 ] 0x17AF287AF10      (void*)
	[RSP+948 ] 0x79FA9BF678       (void*)
	[RSP+950 ] 0x79FA9BF440       (char*) "P"
	[RSP+958 ] 0x7FFCDEA78828     (void* -> usvfs_x64.dll+0068828)
	[RSP+960 ] 0x17AF287AF10      (void*)
	[RSP+968 ] 0x17AFA864300      (char*) "g"
	[RSP+970 ] 0x0                (size_t)
	[RSP+978 ] 0x0                (size_t)
	[RSP+980 ] 0xF                (size_t)
	[RSP+988 ] 0x4                (size_t)
	[RSP+990 ] 0x696E692E         (size_t)
	[RSP+998 ] 0xF                (size_t)
	[RSP+9A0 ] 0x79FA9BF490       (void*)
	[RSP+9A8 ] 0x0                (size_t)
	[RSP+9B0 ] 0x0                (size_t)
	[RSP+9B8 ] 0x17A41A063F0      (char*) "D:\The Midnight Ride\Fallout 4\mods\RobCo Patcher\F4SE\Plugins\RobCo_Patcher.ini"
	[RSP+9C0 ] 0x50               (size_t)
	[RSP+9C8 ] 0x79FA9BF4B8       (void*)
	[RSP+9D0 ] 0x1                (size_t)
	[RSP+9D8 ] 0x7FFCFF934F0C     (void* -> KERNELBASE.dll+0034F0C)
	[RSP+9E0 ] 0x50               (size_t)
	[RSP+9E8 ] 0x7FFD0220C360     (void* -> ntdll.dll+003C360)
	[RSP+9F0 ] 0x7FFCB64A3D98     (char*) "************************************************************"
	[RSP+9F8 ] 0x3C               (size_t)
	[RSP+A00 ] 0x7FFCB64A3CA8     (char*) "Processing config file {}... "
	[RSP+A08 ] 0x1D               (size_t)
	[RSP+A10 ] 0x7FFCB64A3D98     (char*) "************************************************************"
	[RSP+A18 ] 0x3C               (size_t)
	[RSP+A20 ] 0x79FA9BF4A0       (void*)
	[RSP+A28 ] 0x0                (size_t)
	[RSP+A30 ] 0x17AFA9506F0      (void*)
	[RSP+A38 ] 0x0                (size_t)
	[RSP+A40 ] 0x17AF431BA80      (void*)
	[RSP+A48 ] 0x2                (size_t)
	[RSP+A50 ] 0x17A3CDA6730      (char*) ".\Data\F4se\Plugins\RobCo_Patcher\objectModification\\Dank_LEO.esp.ini"
	[RSP+A58 ] 0x0                (size_t)
	[RSP+A60 ] 0x46               (size_t)
	[RSP+A68 ] 0x5E               (size_t)
	[RSP+A70 ] 0x4F454C5F6B6E6144 (size_t)
	[RSP+A78 ] 0x7073652E         (size_t)
	[RSP+A80 ] 0xC                (size_t)
	[RSP+A88 ] 0xF                (size_t)
	[RSP+A90 ] 0x17AFA8638C0      (char*) ".\Data\F4se\Plugins\RobCo_Patcher\objectModification\"
	[RSP+A98 ] 0x0                (size_t)
	[RSP+AA0 ] 0x35               (size_t)
	[RSP+AA8 ] 0x3F               (size_t)
	[RSP+AB0 ] 0x17A3CD9C680      (char*) "filterByAttachPoint=Fallout4.esm|1E32C8:attachParentSlotKeywordsToAdd=Dank_LEO.esp|8EB"
	[RSP+AB8 ] 0x7261646E656765   (size_t)
	[RSP+AC0 ] 0x56               (size_t)
	[RSP+AC8 ] 0x9D               (size_t)
	[RSP+AD0 ] 0x11               (size_t)
	[RSP+AD8 ] 0x696E692E         (size_t)
	[RSP+AE0 ] 0x0                (size_t)
	[RSP+AE8 ] 0x4                (size_t)
	[RSP+AF0 ] 0xF                (size_t)
	[RSP+AF8 ] 0x7FFD0220D69A     (void* -> ntdll.dll+003D69A)
	[RSP+B00 ] 0x7FFCB64A4228     (void* -> RobCo_Patcher.dll+00B4228)
	[RSP+B08 ] 0x0                (size_t)
	[RSP+B10 ] 0x7FFCB64A4248     (void* -> RobCo_Patcher.dll+00B4248)
	[RSP+B18 ] 0x0                (size_t)
	[RSP+B20 ] 0x0                (size_t)
	[RSP+B28 ] 0x79FA9BF578       (void*)
	[RSP+B30 ] 0x79FA9BF580       (void*)
	[RSP+B38 ] 0x0                (size_t)
	[RSP+B40 ] 0x0                (size_t)
	[RSP+B48 ] 0x79FA9BF598       (void*)
	[RSP+B50 ] 0x79FA9BF5A0       (void*)
	[RSP+B58 ] 0x0                (size_t)
	[RSP+B60 ] 0x79FA9BF5B8       (void*)
	[RSP+B68 ] 0x79FA9BF5BC       (void*)
	[RSP+B70 ] 0x17AFA90B900      (void*)
	[RSP+B78 ] 0x0                (size_t)
	[RSP+B80 ] 0x0                (size_t)
	[RSP+B88 ] 0x0                (size_t)
	[RSP+B90 ] 0x0                (size_t)
	[RSP+B98 ] 0x0                (size_t)
	[RSP+BA0 ] 0x0                (size_t)
	[RSP+BA8 ] 0x0                (size_t)
	[RSP+BB0 ] 0x7FFCB64A4238     (void* -> RobCo_Patcher.dll+00B4238)
	[RSP+BB8 ] 0x0                (size_t)
	[RSP+BC0 ] 0x3                (size_t)
	[RSP+BC8 ] 0x201              (size_t)
	[RSP+BD0 ] 0x6                (size_t)
	[RSP+BD8 ] 0x0                (size_t)
	[RSP+BE0 ] 0x0                (size_t)
	[RSP+BE8 ] 0x0                (size_t)
	[RSP+BF0 ] 0x17AFA90B9E0      (void*)
	[RSP+BF8 ] 0x79FA9BF570       (std::basic_filebuf<char,std::char_traits<char> >*)
	[RSP+C00 ] 0x0                (size_t)
	[RSP+C08 ] 0x20               (size_t)
	[RSP+C10 ] 0x36               (size_t)
	[RSP+C18 ] 0x81B6000000000003 (size_t)
	[RSP+C20 ] 0x1                (size_t)
	[RSP+C28 ] 0x1A300000003      (size_t)
	[RSP+C30 ] 0x67741916         (size_t)
	[RSP+C38 ] 0x650592DD         (size_t)
	[RSP+C40 ] 0x66CAB446         (size_t)
	[RSP+C48 ] 0x17A578AECC0      (void*)
	[RSP+C50 ] 0x0                (size_t)
	[RSP+C58 ] 0x0                (size_t)
	[RSP+C60 ] 0x0                (size_t)
	[RSP+C68 ] 0x0                (size_t)
	[RSP+C70 ] 0x0                (size_t)
	[RSP+C78 ] 0x0                (size_t)
	[RSP+C80 ] 0x0                (size_t)
	[RSP+C88 ] 0x0                (size_t)
	[RSP+C90 ] 0x0                (size_t)
	[RSP+C98 ] 0x0                (size_t)
	[RSP+CA0 ] 0x0                (size_t)
	[RSP+CA8 ] 0x0                (size_t)
	[RSP+CB0 ] 0x0                (size_t)
	[RSP+CB8 ] 0x0                (size_t)
	[RSP+CC0 ] 0x0                (size_t)
	[RSP+CC8 ] 0x0                (size_t)
	[RSP+CD0 ] 0x0                (size_t)
	[RSP+CD8 ] 0x0                (size_t)
	[RSP+CE0 ] 0x0                (size_t)
	[RSP+CE8 ] 0x0                (size_t)
	[RSP+CF0 ] 0x0                (size_t)
	[RSP+CF8 ] 0x0                (size_t)
	[RSP+D00 ] 0x0                (size_t)
	[RSP+D08 ] 0x0                (size_t)
	[RSP+D10 ] 0x0                (size_t)
	[RSP+D18 ] 0x0                (size_t)
	[RSP+D20 ] 0x0                (size_t)
	[RSP+D28 ] 0x0                (size_t)
	[RSP+D30 ] 0x0                (size_t)
	[RSP+D38 ] 0x0                (size_t)
	[RSP+D40 ] 0xF                (size_t)
	[RSP+D48 ] 0x0                (size_t)
	[RSP+D50 ] 0x0                (size_t)
	[RSP+D58 ] 0x0                (size_t)
	[RSP+D60 ] 0xF                (size_t)
	[RSP+D68 ] 0x0                (size_t)
	[RSP+D70 ] 0x0                (size_t)
	[RSP+D78 ] 0x0                (size_t)
	[RSP+D80 ] 0xF                (size_t)
	[RSP+D88 ] 0x0                (size_t)
	[RSP+D90 ] 0x0                (size_t)
	[RSP+D98 ] 0x0                (size_t)
	[RSP+DA0 ] 0x0                (size_t)
	[RSP+DA8 ] 0x0                (size_t)
	[RSP+DB0 ] 0x0                (size_t)
	[RSP+DB8 ] 0x0                (size_t)
	[RSP+DC0 ] 0x0                (size_t)
	[RSP+DC8 ] 0x0                (size_t)
	[RSP+DD0 ] 0x0                (size_t)
	[RSP+DD8 ] 0x0                (size_t)
	[RSP+DE0 ] 0x0                (size_t)
	[RSP+DE8 ] 0x0                (size_t)
	[RSP+DF0 ] 0x0                (size_t)
	[RSP+DF8 ] 0x0                (size_t)
	[RSP+E00 ] 0x0                (size_t)
	[RSP+E08 ] 0x0                (size_t)
	[RSP+E10 ] 0x0                (size_t)
	[RSP+E18 ] 0x0                (size_t)
	[RSP+E20 ] 0x0                (size_t)
	[RSP+E28 ] 0x0                (size_t)
	[RSP+E30 ] 0x0                (size_t)
	[RSP+E38 ] 0x0                (size_t)
	[RSP+E40 ] 0x0                (size_t)
	[RSP+E48 ] 0x0                (size_t)
	[RSP+E50 ] 0x0                (size_t)
	[RSP+E58 ] 0x0                (size_t)
	[RSP+E60 ] 0x0                (size_t)
	[RSP+E68 ] 0x0                (size_t)
	[RSP+E70 ] 0x0                (size_t)
	[RSP+E78 ] 0x0                (size_t)
	[RSP+E80 ] 0x0                (size_t)
	[RSP+E88 ] 0x0                (size_t)
	[RSP+E90 ] 0x0                (size_t)
	[RSP+E98 ] 0x0                (size_t)
	[RSP+EA0 ] 0x0                (size_t)
	[RSP+EA8 ] 0x0                (size_t)
	[RSP+EB0 ] 0x0                (size_t)
	[RSP+EB8 ] 0x0                (size_t)
	[RSP+EC0 ] 0x0                (size_t)
	[RSP+EC8 ] 0x0                (size_t)
	[RSP+ED0 ] 0x0                (size_t)
	[RSP+ED8 ] 0x0                (size_t)
	[RSP+EE0 ] 0x0                (size_t)
	[RSP+EE8 ] 0x0                (size_t)
	[RSP+EF0 ] 0x656E6F00         (size_t)
	[RSP+EF8 ] 0x0                (size_t)
	[RSP+F00 ] 0x0                (size_t)
	[RSP+F08 ] 0xF                (size_t)
	[RSP+F10 ] 0x656E6F00         (size_t)
	[RSP+F18 ] 0x0                (size_t)
	[RSP+F20 ] 0x0                (size_t)
	[RSP+F28 ] 0xF                (size_t)
	[RSP+F30 ] 0x656E6F00         (size_t)
	[RSP+F38 ] 0x0                (size_t)
	[RSP+F40 ] 0x0                (size_t)
	[RSP+F48 ] 0xF                (size_t)
	[RSP+F50 ] 0x0                (size_t)
	[RSP+F58 ] 0x0                (size_t)
	[RSP+F60 ] 0x0                (size_t)
	[RSP+F68 ] 0xF                (size_t)
	[RSP+F70 ] 0x0                (size_t)
	[RSP+F78 ] 0x0                (size_t)
	[RSP+F80 ] 0x0                (size_t)
	[RSP+F88 ] 0xF                (size_t)
	[RSP+F90 ] 0x0                (size_t)
	[RSP+F98 ] 0x0                (size_t)
	[RSP+FA0 ] 0x0                (size_t)
	[RSP+FA8 ] 0xF                (size_t)
	[RSP+FB0 ] 0x0                (size_t)
	[RSP+FB8 ] 0x0                (size_t)
	[RSP+FC0 ] 0x0                (size_t)
	[RSP+FC8 ] 0x0                (size_t)
	[RSP+FD0 ] 0x0                (size_t)
	[RSP+FD8 ] 0x0                (size_t)
	[RSP+FE0 ] 0x0                (size_t)
	[RSP+FE8 ] 0x0                (size_t)
	[RSP+FF0 ] 0x0                (size_t)
	[RSP+FF8 ] 0x0                (size_t)
	[RSP+1000] 0x183BA29B4553     (size_t)
	[RSP+1008] 0x7FFCCEAA2F9E     (void* -> MSVCP140.dll+0012F9E)
	[RSP+1010] 0x0                (size_t)
	[RSP+1018] 0x0                (size_t)
	[RSP+1020] 0x7FFCB64A20B0     (char*) "C:\dev\po3 CommonLibF4\CommonLibF4\ExampleProject\src\main.cpp"
	[RSP+1028] 0x0                (size_t)
	[RSP+1030] 0x79FA9BFBA0       (void*)
	[RSP+1038] 0x7FFCB63F60CB     (void* -> RobCo_Patcher.dll+00060CB)
	[RSP+1040] 0x1DB5B9FCF8AB9BC  (size_t)
	[RSP+1048] 0x3DA9C0FA4C39BC   (size_t)
	[RSP+1050] 0x6666666666666667 (size_t)
	[RSP+1058] 0x7FFCB64A20F0     (char*) "void __cdecl `anonymous-namespace'::MessageHandler(struct F4SE::MessagingInterface::Message *)"
	[RSP+1060] 0x79FA9BFB80       (void*)
	[RSP+1068] 0x0                (size_t)
	[RSP+1070] 0x7FFCB64A20B0     (char*) "C:\dev\po3 CommonLibF4\CommonLibF4\ExampleProject\src\main.cpp"
	[RSP+1078] 0x7FFC000000D4     (size_t)
	[RSP+1080] 0x7FFCB64A20F0     (char*) "void __cdecl `anonymous-namespace'::MessageHandler(struct F4SE::MessagingInterface::Message *)"
	[RSP+1088] 0x0                (size_t)
	[RSP+1090] 0x7FFCB64A2430     (char*) ">>>>>>>>>>>>>>>>>>>>>>>>>>> Constructible Object Patcher finished in {} seconds"
	[RSP+1098] 0x4F               (size_t)
	[RSP+10A0] 0x17AFA863820      (char*) ".\Data\F4se\Plugins\RobCo_Patcher\objectModification\"
	[RSP+10A8] 0x0                (size_t)
	[RSP+10B0] 0x35               (size_t)
	[RSP+10B8] 0x3F               (size_t)
	[RSP+10C0] 0x17A00000000      (void*)
	[RSP+10C8] 0x7FFCB6DF0CA8     (void* -> PRKF.dll+0020CA8)
	[RSP+10D0] 0x7FFCC13752B8     (char*) "F4SE"
	[RSP+10D8] 0x0                (size_t)
	[RSP+10E0] 0x7FF63D3083E0     (void* -> Fallout4.exe+59D83E0)
	[RSP+10E8] 0x7FFCB6DFA924     (void* -> PRKF.dll+002A924)
	[RSP+10F0] 0xFFFFFFFFFFFFFFFE (size_t)
	[RSP+10F8] 0x0                (size_t)
	[RSP+1100] 0x7FFCB64A20B0     (char*) "C:\dev\po3 CommonLibF4\CommonLibF4\ExampleProject\src\main.cpp"
	[RSP+1108] 0x7FFC000000D4     (size_t)
	[RSP+1110] 0x7FFCB64A20F0     (char*) "void __cdecl `anonymous-namespace'::MessageHandler(struct F4SE::MessagingInterface::Message *)"
	[RSP+1118] 0x7FFCB6DEC2B8     (void* -> PRKF.dll+001C2B8)
	[RSP+1120] 0x3F716872B020C49C (size_t)
	[RSP+1128] 0x7FF63D3083E0     (void* -> Fallout4.exe+59D83E0)
	[RSP+1130] 0x183BA29B4D13     (size_t)
	[RSP+1138] 0x0                (size_t)
	[RSP+1140] 0x0                (size_t)
	[RSP+1148] 0x0                (size_t)
	[RSP+1150] 0x0                (size_t)
	[RSP+1158] 0x0                (size_t)
	[RSP+1160] 0x0                (size_t)
	[RSP+1168] 0x0                (size_t)
	[RSP+1170] 0x7FFCC13752B8     (char*) "F4SE"
	[RSP+1178] 0x7FFCC12DA9E5     (void* -> f4se_1_10_163.dll+000A9E5)
	[RSP+1180] 0x17A3CC80860      (void*)
	[RSP+1188] 0x0                (size_t)
	[RSP+1190] 0x1                (size_t)
	[RSP+1198] 0x0                (size_t)
	[RSP+11A0] 0x7FFCC13752B8     (char*) "F4SE"
	[RSP+11A8] 0x10000000A        (size_t)
	[RSP+11B0] 0x1                (size_t)
	[RSP+11B8] 0x7FF63D3EBFD8     (StaticAvoidNodeManager*)
	[RSP+11C0] 0x17AEBD435F0      (void*)
	[RSP+11C8] 0x7FF63866F26D     (void* -> Fallout4.exe+0D3F26D)
	[RSP+11D0] 0x2                (size_t)
	[RSP+11D8] 0x0                (size_t)
	[RSP+11E0] 0x0                (size_t)
	[RSP+11E8] 0x17AEBD435F0      (void*)
	[RSP+11F0] 0x0                (size_t)
	[RSP+11F8] 0x7FF6386835A9     (void* -> Fallout4.exe+0D535A9)
	[RSP+1200] 0x17ACBD5E680      (`anonymous namespace'::InitGameDataThread*)
	[RSP+1208] 0x0                (size_t)
	[RSP+1210] 0x0                (size_t)
	[RSP+1218] 0x0                (size_t)
	[RSP+1220] 0x17ACBD5E680      (`anonymous namespace'::InitGameDataThread*)
	[RSP+1228] 0x7FFCC12DA8AC     (void* -> f4se_1_10_163.dll+000A8AC)
	[RSP+1230] 0x0                (size_t)
	[RSP+1238] 0x0                (size_t)
	[RSP+1240] 0x0                (size_t)
	[RSP+1248] 0x0                (size_t)
	[RSP+1250] 0x0                (size_t)
	[RSP+1258] 0x0                (size_t)
	[RSP+1260] 0x17ACBD5E680      (`anonymous namespace'::InitGameDataThread*)
	[RSP+1268] 0x0                (size_t)
	[RSP+1270] 0x0                (size_t)
	[RSP+1278] 0x7FF63944CFED     (void* -> Fallout4.exe+1B1CFED)
	[RSP+1280] 0x0                (size_t)
	[RSP+1288] 0x79FA9BFD00       (void*)
	[RSP+1290] 0x17A53EBBC90      (void*)
	[RSP+1298] 0x0                (size_t)
	[RSP+12A0] 0x17ACBD5E680      (`anonymous namespace'::InitGameDataThread*)
	[RSP+12A8] 0x0                (size_t)
	[RSP+12B0] 0x0                (size_t)
	[RSP+12B8] 0x7FFD00D2259D     (void* -> KERNEL32.DLL+001259D)
	[RSP+12C0] 0x0                (size_t)
	[RSP+12C8] 0x0                (size_t)
	[RSP+12D0] 0x0                (size_t)
	[RSP+12D8] 0x0                (size_t)
	[RSP+12E0] 0x0                (size_t)
	[RSP+12E8] 0x7FFD0222AF38     (void* -> ntdll.dll+005AF38)
	[RSP+12F0] 0x0                (size_t)
	[RSP+12F8] 0x0                (size_t)
	[RSP+1300] 0x0                (size_t)
	[RSP+1308] 0x0                (size_t)
	[RSP+1310] 0x0                (size_t)
	[RSP+1318] 0x0                (size_t)
	[RSP+1320] 0xABC05FED00000000 (size_t)
	[RSP+1328] 0x0                (size_t)
	[RSP+1330] 0x4F0FFFFFB30      (size_t)
	[RSP+1338] 0x7FFCFFA6C830     (void* -> KERNELBASE.dll+016C830)
	[RSP+1340] 0x79FA9BD540       (void*)
	[RSP+1348] 0xFFE2A334BEE80003 (size_t)
	[RSP+1350] 0x7FFC546697DD     (size_t)
	[RSP+1358] 0x79FA9BD540       (void*)
	[RSP+1360] 0x0                (size_t)
	[RSP+1368] 0x0                (size_t)
	[RSP+1370] 0x0                (size_t)
	[RSP+1378] 0x0                (size_t)
	[RSP+1380] 0x0                (size_t)
	[RSP+1388] 0x0                (size_t)
	[RSP+1390] 0x0                (size_t)
	[RSP+1398] 0x0                (size_t)
	[RSP+13A0] 0x0                (size_t)
	[RSP+13A8] 0x0                (size_t)
	[RSP+13B0] 0x0                (size_t)
	[RSP+13B8] 0x0                (size_t)
	[RSP+13C0] 0x0                (size_t)
	[RSP+13C8] 0x0                (size_t)
	[RSP+13D0] 0x0                (size_t)
	[RSP+13D8] 0x0                (size_t)
	[RSP+13E0] 0x0                (size_t)
	[RSP+13E8] 0x0                (size_t)
	[RSP+13F0] 0x0                (size_t)
	[RSP+13F8] 0x0                (size_t)
	[RSP+1400] 0x0                (size_t)
	[RSP+1408] 0x0                (size_t)
	[RSP+1410] 0x0                (size_t)
	[RSP+1418] 0x0                (size_t)
	[RSP+1420] 0x0                (size_t)
	[RSP+1428] 0x0                (size_t)
	[RSP+1430] 0x0                (size_t)
	[RSP+1438] 0x0                (size_t)
	[RSP+1440] 0x0                (size_t)
	[RSP+1448] 0x0                (size_t)
	[RSP+1450] 0x0                (size_t)
	[RSP+1458] 0x0                (size_t)
	[RSP+1460] 0x0                (size_t)
	[RSP+1468] 0x0                (size_t)
	[RSP+1470] 0x0                (size_t)
	[RSP+1478] 0x0                (size_t)
	[RSP+1480] 0x0                (size_t)
	[RSP+1488] 0x0                (size_t)
	[RSP+1490] 0x0                (size_t)
	[RSP+1498] 0x0                (size_t)
	[RSP+14A0] 0x0                (size_t)
	[RSP+14A8] 0x0                (size_t)
	[RSP+14B0] 0x0                (size_t)
	[RSP+14B8] 0x0                (size_t)
	[RSP+14C0] 0x0                (size_t)
	[RSP+14C8] 0x0                (size_t)
	[RSP+14D0] 0x0                (size_t)
	[RSP+14D8] 0x0                (size_t)
	[RSP+14E0] 0x0                (size_t)
	[RSP+14E8] 0x0                (size_t)
	[RSP+14F0] 0x0                (size_t)
	[RSP+14F8] 0x0                (size_t)
	[RSP+1500] 0x0                (size_t)
	[RSP+1508] 0x0                (size_t)
	[RSP+1510] 0x0                (size_t)
	[RSP+1518] 0x0                (size_t)
	[RSP+1520] 0x0                (size_t)
	[RSP+1528] 0x0                (size_t)
	[RSP+1530] 0x0                (size_t)
	[RSP+1538] 0x0                (size_t)
	[RSP+1540] 0x0                (size_t)
	[RSP+1548] 0x0                (size_t)
	[RSP+1550] 0x0                (size_t)
	[RSP+1558] 0x0                (size_t)
	[RSP+1560] 0x0                (size_t)
	[RSP+1568] 0x0                (size_t)
	[RSP+1570] 0x0                (size_t)
	[RSP+1578] 0x0                (size_t)
	[RSP+1580] 0x0                (size_t)
	[RSP+1588] 0x0                (size_t)
	[RSP+1590] 0x0                (size_t)
	[RSP+1598] 0x0                (size_t)

MODULES:
	XINPUT1_3.dll                    0x000000400000
	X3DAudio1_7.dll                  0x000064200000
	steam_api64.dll                  0x000064210000
	LL_fourPlay_1_10_163.dll         0x000180000000
	BulletCountedReload.dll          0x017A414A0000
	wintrust.dll                     0x017A7A0A0000
	clbcatq.dll                      0x017A7F9B0000
	Fallout4.exe                     0x7FF637930000
	d3dcompiler_47_64.dll            0x7FFC95E00000
	NvCamera64.dll                   0x7FFC96210000
	BackportedBA2Support.dll         0x7FFC96A80000
	steamclient64.dll                0x7FFC97740000
	gameoverlayrenderer64.dll        0x7FFC99200000
	transfer_settlements.dll         0x7FFC993A0000
	wsfw_identifier.dll              0x7FFCAA730000
	GardenOfEdenPapyrusExtender.dll  0x7FFCAA830000
	terminal+.dll                    0x7FFCB62A0000
	RobCo_Patcher.dll                0x7FFCB63F0000
	XAudio2_7.dll                    0x7FFCB66A0000
	XDI.dll                          0x7FFCB6770000
	LighthousePapyrusExtender.dll    0x7FFCB67E0000
	WINHTTP.dll                      0x7FFCB6910000
	PRKF.dll                         0x7FFCB6DD0000
	HighFPSPhysicsFix.dll            0x7FFCB7BE0000
	place.dll                        0x7FFCB7FE0000
	Buffout4.dll                     0x7FFCB92A0000
	BLD_Helper.dll                   0x7FFCB9600000
	mcm.dll                          0x7FFCBA9F0000
	DINPUT8.dll                      0x7FFCBEBF0000
	f4ee.dll                         0x7FFCC0400000
	ResampleDmo.DLL                  0x7FFCC0510000
	DSOUND.DLL                       0x7FFCC0700000
	PowerGridTools.dll               0x7FFCC08C0000
	EscapeFreeze.dll                 0x7FFCC0930000
	ClassicHolsteredWeapons.dll      0x7FFCC1190000
	f4se_1_10_163.dll                0x7FFCC12D0000
	BakaScrapHeap.dll                0x7FFCC3740000
	vstdlib_s64.dll                  0x7FFCC3810000
	KnockoutFramework.dll            0x7FFCC3CA0000
	winmmbase.dll                    0x7FFCC7A70000
	FallSouls.dll                    0x7FFCC7B20000
	tier0_s64.dll                    0x7FFCC8B30000
	flexRelease_x64.dll              0x7FFCC8E60000
	nvppex.dll                       0x7FFCCAD60000
	VoltekLib.Detours.dll            0x7FFCCD500000
	msdmo.dll                        0x7FFCCD6E0000
	MessageBus.dll                   0x7FFCCE2E0000
	MSVCP140.dll                     0x7FFCCEA90000
	WeaponDebrisCrashFix.dll         0x7FFCCED10000
	VCRUNTIME140_1.dll               0x7FFCCED80000
	VCRUNTIME140.dll                 0x7FFCCED90000
	cudart64_75.dll                  0x7FFCCF740000
	rename_anything.dll              0x7FFCCFC50000
	GFSDK_GodraysLib.x64.dll         0x7FFCCFCA0000
	GFSDK_SSAO_D3D11.win64.dll       0x7FFCD0680000
	inputhost.dll                    0x7FFCD0D50000
	OneCoreCommonProxyStub.dll       0x7FFCD1E90000
	Windows.UI.dll                   0x7FFCD21D0000
	textinputframework.dll           0x7FFCD2EE0000
	AUDIOSES.DLL                     0x7FFCD5E50000
	PriorityMod.dll                  0x7FFCD6DA0000
	GLXRM_UnleveledWorld.dll         0x7FFCD9B30000
	nvspcap64.dll                    0x7FFCDBE80000
	usvfs_x64.dll                    0x7FFCDEA10000
	pppl.dll                         0x7FFCE0FD0000
	flexExtRelease_x64.dll           0x7FFCE1260000
	MSVCR110.dll                     0x7FFCE12C0000
	crafting_highlight_fix.dll       0x7FFCE1480000
	encounter_zone_recalculation.dll 0x7FFCE2CE0000
	MSVCP110.dll                     0x7FFCE2E90000
	bink2w64.dll                     0x7FFCE2F40000
	f4se_steam_loader.dll            0x7FFCE3270000
	BetterConsole.dll                0x7FFCE33D0000
	VCOMP140.DLL                     0x7FFCE34A0000
	VoltekLib.MemoryManager.dll      0x7FFCE3570000
	VoltekLib.RelocationDatabase.dll 0x7FFCE5820000
	COMCTL32.dll                     0x7FFCE5920000
	gdiplus.dll                      0x7FFCE5BC0000
	MSIMG32.dll                      0x7FFCE5D80000
	VoltekLib.UnicodeConverter.dll   0x7FFCE5E30000
	MMDevApi.dll                     0x7FFCE73D0000
	nvwgf2umx.dll                    0x7FFCE8640000
	NvMessageBus.dll                 0x7FFCECAB0000
	nvgpucomp64.dll                  0x7FFCECFA0000
	nvapi64.dll                      0x7FFCEEF90000
	nvldumdx.dll                     0x7FFCF1DB0000
	OneCoreUAPCommonProxyStub.dll    0x7FFCF26B0000
	CoreUIComponents.dll             0x7FFCF5650000
	dbghelp.dll                      0x7FFCF5F90000
	drvstore.dll                     0x7FFCF6320000
	cryptnet.dll                     0x7FFCF6D70000
	VERSION.dll                      0x7FFCF6DB0000
	directxdatabasehelper.dll        0x7FFCF6F10000
	d3d11.dll                        0x7FFCF8820000
	dcomp.dll                        0x7FFCF9090000
	CoreMessaging.dll                0x7FFCF9890000
	AmmoRemover.dll                  0x7FFCF9E00000
	apphelp.dll                      0x7FFCFA830000
	WINMM.dll                        0x7FFCFB570000
	avrt.dll                         0x7FFCFB8A0000
	dhcpcsvc.DLL                     0x7FFCFB980000
	WINHTTP.DLL                      0x7FFCFBC50000
	nvToolsExt64_1.dll               0x7FFCFC350000
	achievements.dll                 0x7FFCFC370000
	XINPUT9_1_0.dll                  0x7FFCFC6F0000
	WindowsCodecs.dll                0x7FFCFC700000
	UxTheme.dll                      0x7FFCFC8F0000
	dxgi.dll                         0x7FFCFCA70000
	dwmapi.dll                       0x7FFCFCB80000
	dxcore.dll                       0x7FFCFCBF0000
	resourcepolicyclient.dll         0x7FFCFCEA0000
	wintypes.dll                     0x7FFCFD2B0000
	windows.storage.dll              0x7FFCFD3F0000
	HID.DLL                          0x7FFCFDD00000
	IPHLPAPI.DLL                     0x7FFCFDFD0000
	UMPDC.dll                        0x7FFCFE310000
	POWRPROF.dll                     0x7FFCFE330000
	Secur32.dll                      0x7FFCFE3A0000
	rsaenh.dll                       0x7FFCFE530000
	kernel.appcore.dll               0x7FFCFE5D0000
	ntmarta.dll                      0x7FFCFE6E0000
	SSPICLI.DLL                      0x7FFCFE830000
	MSWSOCK.dll                      0x7FFCFEA50000
	gpapi.dll                        0x7FFCFEAE0000
	CRYPTBASE.DLL                    0x7FFCFECA0000
	CRYPTSP.dll                      0x7FFCFECB0000
	wldp.dll                         0x7FFCFED50000
	msasn1.dll                       0x7FFCFF140000
	devobj.dll                       0x7FFCFF160000
	CFGMGR32.dll                     0x7FFCFF190000
	profapi.dll                      0x7FFCFF3D0000
	CRYPT32.dll                      0x7FFCFF4A0000
	win32u.dll                       0x7FFCFF610000
	gdi32full.dll                    0x7FFCFF6C0000
	ucrtbase.dll                     0x7FFCFF7E0000
	KERNELBASE.dll                   0x7FFCFF900000
	bcrypt.dll                       0x7FFCFFD80000
	bcryptPrimitives.dll             0x7FFCFFDB0000
	msvcp_win.dll                    0x7FFCFFE30000
	combase.dll                      0x7FFCFFED0000
	sechost.dll                      0x7FFD00260000
	SHLWAPI.dll                      0x7FFD00310000
	SHELL32.dll                      0x7FFD00370000
	KERNEL32.DLL                     0x7FFD00D10000
	WS2_32.dll                       0x7FFD00DE0000
	msvcrt.dll                       0x7FFD00E60000
	shcore.dll                       0x7FFD00F10000
	IMM32.DLL                        0x7FFD012C0000
	USER32.dll                       0x7FFD01300000
	SETUPAPI.dll                     0x7FFD014B0000
	ole32.dll                        0x7FFD01930000
	NSI.dll                          0x7FFD01AE0000
	PSAPI.DLL                        0x7FFD01B80000
	COMDLG32.dll                     0x7FFD01BC0000
	imagehlp.dll                     0x7FFD01CC0000
	ADVAPI32.dll                     0x7FFD01CE0000
	OLEAUT32.dll                     0x7FFD01DA0000
	RPCRT4.dll                       0x7FFD01E80000
	MSCTF.dll                        0x7FFD01FA0000
	GDI32.dll                        0x7FFD02160000
	ntdll.dll                        0x7FFD021D0000

F4SE PLUGINS:
	achievements.dll
	AmmoRemover.dll v1.0.5
	BackportedBA2Support.dll v1
	BakaScrapHeap.dll v1.3
	BetterConsole.dll
	BLD_Helper.dll v1
	Buffout4.dll v1.28.6
	BulletCountedReload.dll
	ClassicHolsteredWeapons.dll
	crafting_highlight_fix.dll
	encounter_zone_recalculation.dll
	EscapeFreeze.dll v1
	f4ee.dll
	FallSouls.dll
	GardenOfEdenPapyrusExtender.dll v19.3
	GLXRM_UnleveledWorld.dll v1
	HighFPSPhysicsFix.dll v0.8.11
	KnockoutFramework.dll v1.4
	LighthousePapyrusExtender.dll v1.4
	LL_fourPlay_1_10_163.dll v46
	mcm.dll
	place.dll
	PowerGridTools.dll
	pppl.dll
	PriorityMod.dll
	PRKF.dll
	rename_anything.dll
	RobCo_Patcher.dll v3.6
	terminal+.dll
	transfer_settlements.dll
	WeaponDebrisCrashFix.dll v1.3
	wsfw_identifier.dll
	XDI.dll

PLUGINS:
	[00]     Fallout4.esm
	[01]     DLCRobot.esm
	[02]     DLCworkshop01.esm
	[03]     DLCCoast.esm
	[04]     DLCworkshop02.esm
	[05]     DLCworkshop03.esm
	[06]     DLCNukaWorld.esm
	[07]     ccrzrfo4001-tunnelsnakes.esm
	[08]     cctosfo4001-neosky.esm
	[09]     cczsefo4002-smanor.esm
	[0A]     cctosfo4002_neonflats.esm
	[0B]     Unofficial Fallout 4 Patch.esp
	[0C]     XDI.esm
	[0D]     HUDFramework.esm
	[0E]     WorkshopFramework.esm
	[0F]     CleanMySettlement.esm
	[10]     MutantMenagerie.esm
	[11]     NoraSpouse.esm
	[12]     DCGuard_Overhaul.esp
	[13]     SouthOfTheSea.esm
	[14]     NAC.esm
	[15]     GoodneighborExpanded.esp
	[16]     SS2.esm
	[17]     SS2_XPAC_Chapter2.esm
	[18]     SS2_XPAC_Chapter3.esm
	[19]     AmericaRising2.esm
	[1A]     CWPointLookoutFO4.esm
	[1B]     MutantMenagerie_BackwaterBeasts.esm
	[1C]     SubwayRunnnerDynamicLighting.esp
	[1D]     MFC2024_EndAlz_ShadyMotives.esm
	[1E]     LobotomitePack.esm
	[1F]     Loads.esm
	[20]     Knockout Framework.esm
	[21]     AAF.esm
	[22]     Homemaker.esm
	[23]     PANPC.esm
	[24]     PiperCaitCurieDialogueOverhaul.esp
	[25]     UltraInteriorLighting.esp
	[26]     3DNPC_FO4.esp
	[27]     WorkshopRearranged.esp
	[28]     NukaWorldReborn.esp
	[29]     VivaNukaWorldQuests.esp
	[2A]     Unique NPCs - Creatures and Monsters.esp
	[2B]     Better Locational Damage.esp
	[2C]     You Are Exceptional.esp
	[2D]     SS2Extended.esp
	[2E]     Ketaros_Treasures.esp
	[2F]     Vault4.esp
	[30]     RaiderOverhaul.esp
	[31]     SuperMutantRedux.esp
	[32]     Reverb and Ambiance Overhaul.esp
	[33]     LOST Audio Tweaks.esp
	[34]     TrainBar.esp
	[35]     MojaveImports.esp
	[36]     The Deadly Commonwealth Expansion.esp
	[37]     Raider Gang Extended NPC (Fixed & Cleaned).esp
	[38]     ITOcore.esp
	[39]     AttachPack.esp
	[3A]     Better Explosives Redux.esp
	[3B]     DiverseWasteland.esp
	[3C]     NoraSpouseFarHarbor.esp
	[3D]     BetterOpenSeason.esp
	[3E]     RecruitableSettlers.esp
	[3F]     W.A.T.Minutemen.esp
	[40]     Wattz3000mkII.esp
	[41]     127mmSMG.esp
	[42]     SS2-Jampads2.esp
	[43]     ImiUzi.esp
	[44]     M72GaussRifle.esp
	[45]     ThumperGL.esp
	[46]     9mmPistol.esp
	[47]     RecruitableSettlersFH.esp
	[48]     GhoulBlood.esp
	[49]     AtlasSummit.esp
	[4A]     RA_Remnants.esp
	[4B]     Radical.esp
	[4C]     Flashy_PersonalEssentials.esp
	[4D]     NightstrikerCreatureMod.esp
	[4E]     Rangergearnew.esp
	[4F]     WestTekTacticalOptics.esp
	[50]     RangerGear Cruiser FIX.esp
	[51]     Children of Ug Qualtoth.esp
	[52]     EnclaveFactionItems.esp
	[53]     Flashy_CrimeAndPunishment.esp
	[54]     DT_GunnerOutfitPack.esp
	[55]     DTG_LeveledListIntegration.esp
	[56]     WorkshopRearranged_ArcadeCabinets_Patch.esp
	[57]     Flashy_CrimeAndPunishment_GunForHire_Addon.esp
	[58]     ITOworldedits.esp
	[59]     UniqueUniques.esp
	[5A]     Backpacks of the Commonwealth.esp
	[5B]     3DNPC_FO4Settler.esp
	[5C]     SS2_FDK_TinyLiving.esp
	[5D]     NVUMP.esp
	[5E]     Deeper Thoughts - Expressive Curie.esp
	[5F]     Better_Notes.esp
	[60]     Glock86.esp
	[61]     Eli_Armour_Compendium.esp
	[62]     InsideJobs.esp
	[63]     LimaOutpost.esp
	[64]     RealHandcuffs.esp
	[65]     OldTimeReligion.esp
	[66]     F4NV-AMR.esp
	[67]     [ARRETH] FGEP-DE.esp
	[68]     CreationClubDelay.esp
	[69]     ChinaLakeandHolorifle.esp
	[6A]     ClassicSniper.esp
	[6B]     SS2WastelandVenturers.esp
	[6C]     4estGimp - FSD CandP.esp
	[6D]     M1Garand.esp
	[6E]     PBW-TheServicePackRELOADED.esp
	[6F]     llamaCompanionHeatherv2.esp
	[70]     0_Vault120.esp
	[71]     ECV_Remnants.esp
	[72]     Cho1_SS2_Encv_Plots.esp
	[73]     FO4 NPCs Travel.esp
	[74]     [SS2 Addon] SimSettlements SuperStructures.esp
	[75]     Non-Lethal Armory.esp
	[76]     CavesOfTheCommonwealth.esp
	[77]     PBW-TheChineseAssaultRifle.esp
	[78]     MiamiEnclave.esp
	[79]     ElMudoStore.esp
	[7A]     In The Flesh.esp
	[7B]     SS2_ruined_simsettlement_addonpack.esp
	[7C]     SS2_Addon_R2R.esp
	[7D]     SS2Addon_FPh_AlleyCabaret.esp
	[7E]     JunkTownTwo.esp
	[7F]     SS2_Addon_FHE.esp
	[80]     Wattz3000mkII_UniqueAddon.esp
	[81]     SS2-PraRandomAddon.esp
	[82]     HuntingShotgun.esp
	[83]     3dscopes.esp
	[84]     DP_CaravanShotgun.esp
	[85]     P94PlasmaRifle.esp
	[86]     DakRiotShotgun.esp
	[87]     AlexCavalryPistol.esp
	[88]     FCOM.esp
	[89]     WestTek.esp
	[8A]     Enclave12.esp
	[8B]     WinCowbowRepeater.esp
	[8C]     SettlementMenuManager.esp
	[8D]     EnclavePropagandaPack.esp
	[8E]     GreaseRatGarbs.esp
	[8F]     LD50_Leaders.esp
	[90]     HuntingRevolver.esp
	[91]     SigSauer127.esp
	[92]     CROSS_GoreCrits.esp
	[93]     MTM-LaserPlasmaWeaponMods.esp
	[94]     KSHairdos.esp
	[95]     KSHairdos_oel.esp
	[96]     Pip2000MkVi_Replacer.esp
	[97]     AzarPonytailHairstyles.esp
	[98]     Enclave-X02.esp
	[99]     PlasmaDefenderStandalone.esp
	[9A]     PBW-LaserRCW.esp
	[9B]     PBW-PlasmaPistol.esp
	[9C]     TrueGrass.esp
	[9D]     ImmersiveVendors.esp
	[9E]     NAC.esp
	[9F]     HorriganStrong_PA.esp
	[A0]     SecretServiceArmorRecreation.esp
	[A1]     ECV_RemnantsArmor.esp
	[A2]     BetterSettlers.esp
	[A3]     Eli_Armour Compendium NPC Extra.esp
	[A4]     Tactical Flashlights.esp
	[A5]     CF_AtomicWarlord.esp
	[A6]     TransferSettlements.esp
	[A7]     SS2WastelandReconstructionKit.esp
	[A8]     SS2_MsB_PlainPlans.esp
	[A9]     SS2_SIMPDDDD.esp
	[AA]     ohSIM_Sim2_Settlements_Scrappers_Addon.esp
	[AB]     SS2_CityPlanPack_RiseOfTheCommonwealth.esp
	[AC]     PostersForYouLandscape.esp
	[AD]     SSEX.esp
	[AE]     SettleObjExpandPack.esp
	[AF]     Thematic and Practical.esp
	[B0]     Thematic and Practical - DLC.esp
	[B1]     EnhancedCreaturesAIOverhaul.esp
	[B2]     D.E.C.A.Y.esp
	[B3]     FCOM-CCX02.esp
	[B4]     FCOM-AR2.esp
	[B5]     FCOM-CCHellfire.esp
	[B6]     ImprovedAREnclave.esp
	[B7]     ImprovedAREncounters.esp
	[B8]     RecruitableSettlersLeaders2.esp
	[B9]     FilledBrahminFeedTroughs.esp
	[BA]     DakDeagle.esp
	[BB]     WinchesterP94Balanced2.esp
	[BC]     AVBGuns.esp
	[BD]     3dscopes-cowboyrepeater.esp
	[BE]     3dscopes-avbguns.esp
	[BF]     3dscopes-bullpupbozar.esp
	[C0]     3dscopes-cccr74.esp
	[C1]     3dscopes-ccamr.esp
	[C2]     3dscopes-ccclassic10mm.esp
	[C3]     3dscopes-ccgauss.esp
	[C4]     3dscopes-ccmanwell.esp
	[C5]     3dscopes-cczetan.esp
	[C6]     3dscopes-classicsniper.esp
	[C7]     3dscopes-f4nvamr.esp
	[C8]     Smoke-able Cigars.esp
	[C9]     PANPC - Trap Alerts.esp
	[CA]     PANPC - Explosion Responses.esp
	[CB]     BetterCompanions.esp
	[CC]     th1nkEyebot.esp
	[CD]     th1nkEyeBot-FarHarbor.esp
	[CE]     LooksMenu Customization Compendium.esp
	[CF]     The Eyes Of Beauty.esp
	[D0]     ConceptCentaur.esp
	[D1]     SlowTime.esp
	[D2]     Weapons of Fate.esp
	[D3]     SKKCombatStalkers.esp
	[D4]     WhatsYourName-FCOM.esp
	[D5]     EnhancedCreaturesAIOverhaulFarHarbor.esp
	[D6]     EnhancedCreaturesAIOverhaulNukaWorld.esp
	[D7]     EnhancedCreaturesAIOverhaulMMFull.esp
	[D8]     AR2LimaDetachment.esp
	[D9]     4estGimp - FSD_Vault4.esp
	[DA]     AR2 Attachment Pack Patch.esp
	[DB]     Fallout_More_Dank_ECO.esp
	[DC]     AR NW Patch.esp
	[DD]     AR2 Outfit Pack.esp
	[DE]     F4CW10mmSMG.esp
	[DF]     ImprovedInstitute.esp
	[E0]     ImprovedInstituteEncounters.esp
	[E1]     WinchesterP94PlasmaTweaks.esp
	[E2]     AR2NewOutfitInjection.esp
	[E3]     Campsite.esp
	[FE:000] ccbgsfo4018-gaussrifleprototype.esl
	[FE:001] ccbgsfo4020-powerarmorskin(black).esl
	[FE:002] ccbgsfo4044-hellfirepowerarmor.esl
	[FE:003] ccfsvfo4001-modularmilitarybackpack.esl
	[FE:004] ccfsvfo4002-midcenturymodern.esl
	[FE:005] cceejfo4001-decorationpack.esl
	[FE:006] ccbgsfo4045-advarccab.esl
	[FE:007] ccfsvfo4003-slocum.esl
	[FE:008] ccfrsfo4002-antimaterielrifle.esl
	[FE:009] ccbgsfo4115-x02.esl
	[FE:00A] ccrzrfo4002-disintegrate.esl
	[FE:00B] ccbgsfo4116-heavyflamer.esl
	[FE:00C] ccbgsfo4110-ws_enclave.esl
	[FE:00D] ccbgsfo4096-as_enclave.esl
	[FE:00E] ccfrsfo4003-cr75l.esl
	[FE:00F] ccsbjfo4002_manwellrifle.esl
	[FE:010] ccbgsfo4046-tescan.esl
	[FE:011] ccgcafo4025-pagunmm.esl
	[FE:012] ppf.esm
	[FE:013] REFramework.esm
	[FE:014] ppf-neonflats-cr.esm
	[FE:015] LIF.esl
	[FE:016] RecruitInstituteMembers.esl
	[FE:017] K198Recruit.esl
	[FE:018] CWPointLookoutFO4Patch.esl
	[FE:019] TrailCarbine.esl
	[FE:01A] Munitions - An Ammo Expansion.esl
	[FE:01B] Munitions - Vanilla Ammo Addon.esl
	[FE:01C] RecruitAmnesiac.esl
	[FE:01D] RecruitRickyDalton.esl
	[FE:01E] RecruitRaiders.esl
	[FE:01F] RecruitTraderRylee.esl
	[FE:020] RecruitWoundedDog.esl
	[FE:021] RecruitPhyllis.esl
	[FE:022] RecruitMac.esl
	[FE:023] Enclave_Robot.esl
	[FE:024] Godrays Performance Fix.esm
	[FE:025] Dank_ArmorPaintExtended.esl
	[FE:026] Dank_ArmorPaintExtended_CIS.esl
	[FE:027] NPSShopping.esl
	[FE:028] GavMan_Vault88_Layouts.esl
	[FE:029] GavMan_CastleMar22_Layouts.esl
	[FE:02A] SS2CityPlanContest_Murkwater_Carinth_S3.esl
	[FE:02B] SS2CityPlanContest_DaltonFarm_KezzDaddy_S3.esl
	[FE:02C] SS2CityPlanContest_Murkwater_Blackbelt_S3.esl
	[FE:02D] SS2CityPlanContest_OutpostZimonja_zhinjio_S3.esl
	[FE:02E] SS2CityPlanContest_MechanistsLair_UNDRCVRGmrLdy_S3.esl
	[FE:02F] SS2CityPlanContest_DaltonFarm_veelynnlove_S3.esl
	[FE:030] SS2CityPlanContest_TaffingtonBoathouse_xMORIDARx_S1.esl
	[FE:031] SS2CityPlanContest_LongfellowsCabin_Kharon93_S2.esl
	[FE:032] SS2CityPlanContest_RedRocket_moonracer_S3.esl
	[FE:033] SS2CityPlanContest_EchoLakeLumber_KynthiaBarnes_S2.esl
	[FE:034] SS2CityPlanContest_KingsportLighthouse_altasilvapuer_S1.esl
	[FE:035] SS2CityPlanContest_BostonAirport_NigauD_S3.esl
	[FE:036] SS2CityPlanContest_CroupManor_Karvoc_S3.esl
	[FE:037] SS2CityPlanContest_CroupManor_Gavman_S3.esl
	[FE:038] SS2CityPlanContest_CroupManor_WaningGibbous_S3.esl
	[FE:039] SS2CityPlanContest_KingsportLighthouse_WaningGibbous_S3.esl
	[FE:03A] SS2CityPlanContest_GreentopNursery_tate1066_S3.esl
	[FE:03B] SS2CityPlanContest_LongfellowsCabin_Ausplat_S2.esl
	[FE:03C] SS2CityPlanContest_OutpostZimonja_Ausplat_S2.esl
	[FE:03D] SS2CityPlanContest_OberlandStation_RowanNightstalker_S3.esl
	[FE:03E] SS2CityPlanContest_FinchFarm_Myrmarachne_S1.esl
	[FE:03F] SS2CityPlanContest_EchoLakeLumber_NDCowdy_S2.esl
	[FE:040] SS2CityPlanContest_CoastalCottage_CryingCube2_S3.esl
	[FE:041] SS2CityPlanContest_RedRocket_xMORIDARx_S3.esl
	[FE:042] SS2CityPlanContest_LongfellowsCabin_KynthiaBarnes_S2.esl
	[FE:043] SS2CityPlanContest_CoastalCottage_PhilTCasual_S1.esl
	[FE:044] SS2CityPlanContest_Slog_NDCowdy_S1.esl
	[FE:045] SS2CityPlanContest_Murkwater_PyrateLV_S1.esl
	[FE:046] SS2CityPlanContest_CoastalCottage_Cessori_S3.esl
	[FE:047] SS2CityPlanContest_JamaicaPlain_Gavman_S3.esl
	[FE:048] SS2CityPlanContest_TaffingtonBoathouse_SimSatan_S3.esl
	[FE:049] SS2CityPlanContest_NukaRedRocket_NigauD_S3.esl
	[FE:04A] SS2CityPlanContest_Slog_xMoridarx_S1.esl
	[FE:04B] SS2CityPlanContest_Tenpines Bluff_Karvoc_S3.esl
	[FE:04C] SS2CityPlanContest_Abernathy_GavMan_S3.esl
	[FE:04D] SS2CityPlanContest_BostonAirport_xMORIDARx_S3.esl
	[FE:04E] SS2CityPlanContest_BunkerHill_NigauD_S3.esl
	[FE:04F] SS2CityPlanContest_BunkerHill_WaningGibbous_S3.esl
	[FE:050] SS2CityPlanContest_Covenant_GavMan_S3.esl
	[FE:051] SS2CityPlanContest_Covenant_harkness13_S2.esl
	[FE:052] SS2CityPlanContest_CroupManor_NDCowdy_S1.esl
	[FE:053] SS2CityPlanContest_DaltonFarm_Choochoo1_S3.esl
	[FE:054] SS2CityPlanContest_DaltonFarm_NDCowdy_S2.esl
	[FE:055] SS2CityPlanContest_EchoLakeLumber_aSemioticGhost_S2.esl
	[FE:056] SS2CityPlanContest_EgretToursMarina_Blackbelt_S3.esl
	[FE:057] SS2CityPlanContest_EgretToursMarina_GavMan_S3.esl
	[FE:058] SS2CityPlanContest_FinchFarm_Gavman_S3.esl
	[FE:059] SS2CityPlanContest_Graygarden_Cessori_S3.esl
	[FE:05A] SS2CityPlanContest_Warwick_Karvoc_S3.esl
	[FE:05B] SS2CityPlanContest_Graygarden_CodeNamed1_S3.esl
	[FE:05C] SS2CityPlanContest_GreentopNursery_Cessori_S3.esl
	[FE:05D] SS2CityPlanContest_GreentopNursery_MadGax_S3.esl
	[FE:05E] SS2CityPlanContest_JamaicaPlain_NiGaud_S3.esl
	[FE:05F] SS2CityPlanContest_KingsportLighthouse_Carinth_S3.esl
	[FE:060] SS2CityPlanContest_MechanistsLair_Karvoc_S2.esl
	[FE:061] SS2CityPlanContest_MechanistsLair_LouAshfield_S3.esl
	[FE:062] SS2CityPlanContest_Murkwater_WaningGibbous_S3.esl
	[FE:063] SS2CityPlanContest_NordhagenBeach_Cessori_S3.esl
	[FE:064] SS2CityPlanContest_NordhagenBeach_GavMan_S3.esl
	[FE:065] SS2CityPlanContest_NPVCenter_FEAROFCAPS_S3.esl
	[FE:066] SS2CityPlanContest_NukaRedRocket_Myrmarachne_S1.esl
	[FE:067] SS2CityPlanContest_OberlandStation_Myrmarachne_S1.esl
	[FE:068] SS2CityPlanContest_OberlandStation_NigauD_S3.esl
	[FE:069] SS2CityPlanContest_OutpostZimonja_GavMan_S3.esl
	[FE:06A] SS2CityPlanContest_OutpostZimonja_Karvoc_S2.esl
	[FE:06B] SS2CityPlanContest_SomervillePlace_GavMan_S3.esl
	[FE:06C] SS2CityPlanContest_SanctuaryHills_Myrmarachne_S2.esl
	[FE:06D] SS2CityPlanContest_SanctuaryHills_SimSatan_S3.esl
	[FE:06E] SS2CityPlanContest_SanctuaryHills_WaningGibbous_S3.esl
	[FE:06F] SS2CityPlanContest_Slog_WaningGibbous_S3.esl
	[FE:070] SS2CityPlanContest_SomervillePlace_tate1066_S3.esl
	[FE:071] SS2CityPlanContest_SpectacleIsland_Blackbelt_S3.esl
	[FE:072] SS2CityPlanContest_SpectacleIsland_KynthiaBarnes_S1.esl
	[FE:073] SS2CityPlanContest_SpectacleIsland_Myrmarachne_S1.esl
	[FE:074] SS2CityPlanContest_SpectacleIsland_WaningGibbous_S3.esl
	[FE:075] SS2CityPlanContest_SunshineTidings_Carinth_S3.esl
	[FE:076] SS2CityPlanContest_SunshineTidings_NigauD_S3.esl
	[FE:077] SS2CityPlanContest_TaffingtonBoathouse_KynthiaBarnes_S1.esl
	[FE:078] SS2CityPlanContest_TaffingtonBoathouse_NDCowdy_S1.esl
	[FE:079] SS2CityPlanContest_Tenpines Bluff_Carinth_S3.esl
	[FE:07A] SS2CityPlanContest_Warwick_Tarkh_S3.esl
	[FE:07B] LarannKiarRecruitModsAIOArchivePackESL.esl
	[FE:07C] NukaWorldOpenSeasonExtend.esl
	[FE:07D] RecruitDixie.esl
	[FE:07E] DixieCompanion.esl
	[FE:07F] RobotsAsSecondaryCompanions.esl
	[FE:080] Mantis.esl
	[FE:081] CanarySaveFileMonitor.esl
	[FE:082] PRCH.esl
	[FE:083] RecruitVirgil.esl
	[FE:084] RRPW.esl
	[FE:085] RecruitTheMariner.esl
	[FE:086] RecruitRESettlers.esl
	[FE:087] RecruitJulietteHart.esl
	[FE:088] RecruitJule.esl
	[FE:089] RecruitMiranda.esl
	[FE:08A] RecruitEmogene.esl
	[FE:08B] RecruitShellyTiller.esl
	[FE:08C] RecruitKat.esl
	[FE:08D] RecruitIsabelCruz.esl
	[FE:08E] RecruitKatelyn.esl
	[FE:08F] RecruitSierra.esl
	[FE:090] RecruitDarla.esl
	[FE:091] RecruitHaylen.esl
	[FE:092] RecruitCora.esl
	[FE:093] WhatsYourName.esl
	[FE:094] AmericaRising2-Hellfire-CC.esl
	[FE:095] AmericaRising2-Incinerator-CC.esl
	[FE:096] AmericaRising2-TeslaCannon-CC.esl
	[FE:097] AmericaRising2-X02-CC.esl
	[FE:098] RecruitDixie_EditableAppearancePatch.esl
	[FE:099] ppf-heavyflamer-cr.esm
	[FE:09A] Fixed Gobo Effects.esp
	[FE:09B] 3DNPC_FO4-Patch.esp
	[FE:09C] Fallout More.esp
	[FE:09D] Gunsmith Overhaul.esp
	[FE:09E] UNPC - NamesHeightsWeights.esp
	[FE:09F] Dank_ArmorOverrides.esp
	[FE:0A0] eXoKetarosLootableTreasures.esp
	[FE:0A1] 3DNPC-eXoPatch.esp
	[FE:0A2] Vault4-eXoPatch.esp
	[FE:0A3] RaiderOverhaul - A StoryWealth Patch.esp
	[FE:0A4] Em_VivaNWReborn_UFO4P_Patch.esp
	[FE:0A5] JOTCPatch NukaWorldRebornViva UFO4P.esp
	[FE:0A6] Clothing Of The Commonwealth.esp
	[FE:0A7] WulfRaiderAccessories.esp
	[FE:0A8] Look At Me RAE.esp
	[FE:0A9] 4estGimp Edit - Raider Gangs Extended.esp
	[FE:0AA] RotPP.esp
	[FE:0AB] Better Locational Damage - DLC_Nuka_World.esp
	[FE:0AC] Gunsmith Overhaul - BLD Patch.esp
	[FE:0AD] Attach Pack Modcol.esp
	[FE:0AE] Better Locational Damage - DLC_Far_Harbor.esp
	[FE:0AF] BLD - Leveled Lists - DLC.esp
	[FE:0B0] UltraInteriorLighting_DarkerAmbience.esp
	[FE:0B1] Dank_LEO.esp
	[FE:0B2] Dank_ECO.esp
	[FE:0B3] SS2AOP_VaultTecTools.esp
	[FE:0B4] 9mm Pistol - Unofficial Update.esp
	[FE:0B5] dD-Enhanced Blood Basic.esp
	[FE:0B6] Keep Radiants In Commonwealth.esp
	[FE:0B7] RecruitableSettlers-Unbroken.esp
	[FE:0B8] AmericaRising2-eXoPatch.esp
	[FE:0B9] Diverse Cats.esp
	[FE:0BA] ShadyMotives-eXoPatch.esp
	[FE:0BB] Wattz-eXoPatch.esp
	[FE:0BC] ThatsGunnerLife.esp
	[FE:0BD] DT_GunnerOutfitPack-Optics.esp
	[FE:0BE] 4estGimp - GOP NPC LL Integration Update.esp
	[FE:0BF] eXofied Gunners.esp
	[FE:0C0] SS2_FensSheriffDept_Patch.esp
	[FE:0C1] CutContentNPCsAiO.esp
	[FE:0C2] EveryonesBestFriend.esp
	[FE:0C3] JOTCPatch SettlerCompanionDialogueOverhaul UFO4P.esp
	[FE:0C4] Publick Occurrences Expanded.esp
	[FE:0C5] Publick Occurrences Expanded - DLC-SS2-UFO4P Patch.esp
	[FE:0C6] NoraSpousePatch.esp
	[FE:0C7] RansackedRelay.esp
	[FE:0C8] LIF_DLC_Guns.esp
	[FE:0C9] W.A.T.Minutemen-eXoPatch.esp
	[FE:0CA] JOTCPatch TheFens UFO4P.esp
	[FE:0CB] FPVertibird.esp
	[FE:0CC] FPV_Armored.esp
	[FE:0CD] FGEP-Legendary.esp
	[FE:0CE] MFGeXopansionPatch.esp
	[FE:0CF] PRP-SS2-Fixes-Ch2.esp
	[FE:0D0] SS2_GunForHire_Patch.esp
	[FE:0D1] DoorsNotWalls.esp
	[FE:0D2] JOTCPatch 3DNCP SS2.esp
	[FE:0D3] Vault4-PreVis.esp
	[FE:0D4] RecruitableSettlers-SS2Patch.esp
	[FE:0D5] JOTCPatch SS2 UFO4P.esp
	[FE:0D6] ECV_Remnants_Fix.esp
	[FE:0D7] XR92_Rifle.esp
	[FE:0D8] NV_LMG.esp
	[FE:0D9] SS2-Ch2-CR-NeonFlats.esp
	[FE:0DA] OldTimeReligion-UgPatch.esp
	[FE:0DB] InsideJobs_UFO4P.esp
	[FE:0DC] VanBuren_223.esp
	[FE:0DD] PRP-SS2-Fixes-Ch1.esp
	[FE:0DE] BullpupBozar.esp
	[FE:0DF] M1918A2.esp
	[FE:0E0] LIF_DLC_Grenade.esp
	[FE:0E1] CROSS_GoreCrits_FarHarborPatch.esp
	[FE:0E2] REPatch_AmericaRising2LegacyOfTheEnclave.esp
	[FE:0E3] DCGuard_Overhaul-RandomEncounters.esp
	[FE:0E4] Project Reality Footsteps FO4.esp
	[FE:0E5] ITOmunitionsPatch.esp
	[FE:0E6] LIF_DLC_Ammo.esp
	[FE:0E7] LIF_DLC_Cola.esp
	[FE:0E8] RL_Recruit_Framework.esp
	[FE:0E9] SS2_MagnussonTerminalFix.esp
	[FE:0EA] MS SkipPreWar.esp
	[FE:0EB] DCRE.esp
	[FE:0EC] 10SPECIAL.esp
	[FE:0ED] 12.7mm Pistol - Unofficial Update.esp
	[FE:0EE] Classic Sniper - Unofficial Update.esp
	[FE:0EF] SS2_XDI Patch.esp
	[FE:0F0] VividFallout - AiO - BestChoice.esp
	[FE:0F1] FAR.esp
	[FE:0F2] Perfect landscape.esp
	[FE:0F3] Insignificant Object Remover.esp
	[FE:0F4] ECV_Remnants_Patch.esp
	[FE:0F5] MiamiEnclave_Patch.esp
	[FE:0F6] No Bloody Mess.esp
	[FE:0F7] ImmersiveAnimationFramework.esp
	[FE:0F8] PIE_IAF.esp
	[FE:0F9] IAF - Far Harbor & Nuka World.esp
	[FE:0FA] YAE_Munitions_Patch.esp
	[FE:0FB] Loads of Ammo - Leveled Lists.esp
	[FE:0FC] NonlethalLoadsArmory.esp
	[FE:0FD] Loads-DLCRecepies-Vanilla.esp
	[FE:0FE] 9mmPistol - Munitions Patch.esp
	[FE:0FF] Loads - Munitions and DLC Patch.esp
	[FE:100] NAC-NW.esp
	[FE:101] NAC-FH.esp
	[FE:102] NACX-AN76-WeatherCompatibility.esp
	[FE:103] NoNegativeAffinityNoFucks.esp
	[FE:104] NoAffinityCooldown.esp
	[FE:105] NAC-RemoveMenuItem.esp
	[FE:106] LooksMenu.esp
	[FE:107] AmericaRising2-StoryWealth-Armaments.esp
	[FE:108] Dank_ECO-INNR.esp
	[FE:109] FIS-Naming-Weap-Armo-EN.esp
	[FE:10A] SOTS Atom's Storm - IAF Patch.esp
	[FE:10B] Attach Pack Mod Description Fixes.esp
	[FE:10C] strong_PA.esp
	[FE:10D] tumbajamba Advanced Engineering.esp
	[FE:10E] strong_PA - tAE.esp
	[FE:10F] SecretServiceArmorWestTecOpticsPatch.esp
	[FE:110] Eli_Armour_Compendium_Tweaks.esp
	[FE:111] BetterSettlersCleanFacePack.esp
	[FE:112] GreaseRatGarbs_RaiderPatch.esp
	[FE:113] CAC.esp
	[FE:114] AnS Wearable Backpacks and Pouches.esp
	[FE:115] AnS Wearable Backpacks and Pouches - Ballistic Weave.esp
	[FE:116] AnS Wearable Backpacks and Pouches - Power Armor Carry Capacity.esp
	[FE:117] Tactical Flashlights - Settings.esp
	[FE:118] Dank_ArmorOverrides_DLCRobot.esp
	[FE:119] Eli_Armour_Compendium_LIF.esp
	[FE:11A] Dank_ArmorOverrides_DLCCoast.esp
	[FE:11B] Dank_ArmorOverrides_DLCNukaWorld.esp
	[FE:11C] Dank_ECO_DLCCoast.esp
	[FE:11D] Dank_ECO_DLCNukaWorld.esp
	[FE:11E] Dank_ECO_DLCRobot.esp
	[FE:11F] Dank_WOP-PointLookout.esp
	[FE:120] Dank_ECO-Munitions.esp
	[FE:121] Dank_ECO-Munitions_INNR_CS.esp
	[FE:122] 4estGimp - RO1 BoT 3Pack Injection.esp
	[FE:123] SS2_DLCSettlerPatch.esp
	[FE:124] SS2Addon_MS_BareEssentials.esp
	[FE:125] SS2Extended_OutfitInjectionPatch.esp
	[FE:126] [SS2 Addon] BloodMoonRaiders.esp
	[FE:127] SS2_Addon_ShazbotsCots.esp
	[FE:128] SS2_NobodysLeaders2.esp
	[FE:129] SS2_NobodysLeaders2_Automatron.esp
	[FE:12A] SS2_NobodysLeaders2_VaultTecWorkshop.esp
	[FE:12B] SimSettlements2_AddOnPack_ApocalypticAdditions_SirLach.esp
	[FE:12C] Sim Settlers 2 Go Shopping.esp
	[FE:12D] Sim Settlements 2 Enclave Flags.esp
	[FE:12E] SS2_Addon_3DNPC_SotC.esp
	[FE:12F] SS2-PraRandomAddon-FIS.esp
	[FE:130] SS2-Jampads2_ImportsSJPatch.esp
	[FE:131] CountryCrossing.esp
	[FE:132] BL Faction Pack Injector.esp
	[FE:133] Enclave Lite Faction Pack for SS2.esp
	[FE:134] REPatch_TheFensSheriffsDepartmentBleachers2.esp
	[FE:135] REPatch_CrimeAndPunishmentGunForHire.esp
	[FE:136] AtlasSummitBallisticWeave.esp
	[FE:137] America Rising 2 CC Hellfire Paintjob.esp
	[FE:138] America Rising 2 CC X02 Paintjob.esp
	[FE:139] SettleObjExpandPack-LightShadowDisabler.esp
	[FE:13A] SS2-Jampads2-UniqueNPCsCreaturesPatch.esp
	[FE:13B] 4estGimp - MFG_FGEP-DE Merged.esp
	[FE:13C] PAVertibirdDockFix.esp
	[FE:13D] REPatch_CrimeAndPunishment.esp
	[FE:13E] SS2_CityPlan_TheAlley Cabaret.esp
	[FE:13F] FCOM-CCIncinerator.esp
	[FE:140] ImprovedAREnclaveCWX02Patch.esp
	[FE:141] ImprovedAREnclaveCCX03Patch.esp
	[FE:142] ImprovedAREnclaveCrossGorePatch.esp
	[FE:143] ImprovedAREnclaveFCOMPatch.esp
	[FE:144] ImprovedAREnclaveSSARPatch.esp
	[FE:145] VeryZenFGEP_2k.esp
	[FE:146] BetterSettlersNoLollygagging.esp
	[FE:147] BetterSettlersCCAPack2.0.esp
	[FE:148] ImiUziLvlList.esp
	[FE:149] MTM-AR2-LaserPlasmaMods.esp
	[FE:14A] MTM-P94PlasmaRifleMods.esp
	[FE:14B] MTM-PlasmaAutoBarrels.esp
	[FE:14C] CWPointLookoutFO4FixesAndAdditions.esp
	[FE:14D] RemoteExplosives.esp
	[FE:14E] M72GaussRifleAttachmentPack.esp
	[FE:14F] Dank_WOP-M1Garand.esp
	[FE:150] DV-Durable Vertibirds.esp
	[FE:151] th1nkEyeBot-NukaWorld.esp
	[FE:152] th1nkEyeBot-DLC03DLC04Addon.esp
	[FE:153] AmericaRising2-Armaments-Marine.esp
	[FE:154] Nick Valentine likes your Clothes.esp
	[FE:155] PlatinumCurieV2.1.esp
	[FE:156] Dank_LEO_DLCCoast.esp
	[FE:157] Better Locational Damage - DLC_Automatron.esp
	[FE:158] Dank_LEO-Automatron.esp
	[FE:159] Dank_LEO_DLCNukaWorld.esp
	[FE:15A] Dank_ECO-LEO.esp
	[FE:15B] Glowing Animals Emit Light.esp
	[FE:15C] FGEP-Legendary-AllIn.esp
	[FE:15D] Erikson'sGuardDogTweaks.esp
	[FE:15E] Gunsmith Overhaul - 3dscopes Patch.esp
	[FE:15F] Better Locational Damage - Ghoul Edition.esp
	[FE:160] Better Locational Damage - DLC_WWorkshop.esp
	[FE:161] BLD_Nightstriker.esp
	[FE:162] BLD_LooksMenuPatch.esp
	[FE:163] Better Aim Models.esp
	[FE:164] BLD_IAF_Patch.esp
	[FE:165] BLD_Armor_Overhaul.esp
	[FE:166] dD-Realistic Ragdoll Force.esp
	[FE:167] Wasteland Imports Reloaded - ECO-NEO Patch.esp
	[FE:168] Wasteland Imports Reloaded - Vanilla Additions.esp
	[FE:169] Wasteland Imports Reloaded - Munitions Vanilla Ammo.esp
	[FE:16A] DiverseEnclaveAR2.esp
	[FE:16B] RecruitInstituteMembers_EliArmorCompendiumPatch.esp
	[FE:16C] HFB - Nuka World Reborn Viva Nuka World NACX - PATCH.esp
	[FE:16D] dD - Small Splatter Size.esp
	[FE:16E] zzzzzzenhcancedblood.esp
	[FE:16F] Live Action Handy.esp
	[FE:170] EAMR.esp
	[FE:171] RecruitableCutContentNPCsAiO.esp
	[FE:172] RotPP-eXoPatch-LiTE.esp
	[FE:173] MM real loot.esp
	[FE:174] 12.7mm SMG - Munitions Patch.esp
	[FE:175] Cowboy Repeater - Munitions Patch.esp
	[FE:176] M1918A2 - Munitions Patch.esp
	[FE:177] Point Lookout - Munitions Patch.esp
	[FE:178] Van Buren .223 Autoloader - Munitions Patch.esp
	[FE:179] JOTCPatch SuperMutantRedux WestTek.esp
	[FE:17A] JOTCPatch MutantMenagerie UFO4P.esp
	[FE:17B] JOTCPatch FGEP DECAY.esp
	[FE:17C] JOTCPatch MutantMenagerie FGEP.esp
	[FE:17D] JOTCPatch SuperMutantRedux PANPC.esp
	[FE:17E] JOTCPatch SuperMutantRedux UFO4P.esp
	[FE:17F] JOTCPatch Fourville UFO4P.esp
	[FE:180] JOTCPatch TheFens Fourville.esp
	[FE:181] JOTCPatch AR2 DLC.esp
	[FE:182] JOTCPatch NukaWorldRebornViva SS2.esp
	[FE:183] JOTCPatch SS2 TheFens.esp
	[FE:184] JOTCPatch SS2 VivaNukaworld.esp
	[FE:185] JOTCPatch TheFens AmericaRising2.esp
	[FE:186] JOTCPatch BetterSettlers UFO4P.esp
	[FE:187] JOTCPatch EnhancedBlood LostAudioTweaks.esp
	[FE:188] JOTCPatch SuperMutantRedux YouAreExceptional.esp
	[FE:189] JOTCPatch AN76 SuperMutantRedux.esp
	[FE:18A] JOTCPatch SS2 TalesFromTheCommonwealth.esp
	[FE:18B] JOTCPatch NEO WATMinutemen.esp
	[FE:18C] JOTCPatch SS2 AdvancedNeeds76.esp
	[FE:18D] JOTCPatch SS2 LostAudioTweaks.esp
	[FE:18E] Backpacks-EliArmours.esp
	[FE:18F] Backpacks-Minutemen.esp
	[FE:190] Backpacks-GunnersLife.esp
	[FE:191] AmericaRising2-EnclaveBlackDevilX-02.esp
	[FE:192] Fallout More - UFOP.esp
	[FE:193] SubwayRunnerDarkerTunnels.esp
	[FE:194] DOOMThatGun.esp
	[FE:195] DOOMThatGun-WestTek.esp
	[FE:196] Caravan Shotgun - Unofficial Update.esp
	[FE:197] 4estGimp - F3_10mmSMG_Edit.esp
	[FE:198] DT_GunnerOutfitPack-Optics-TGL.esp
	[FE:199] ThatsGunnerLife - Original BotC.esp
	[FE:19A] ITOSynthNPC.esp
	[FE:19B] ImprovedInstituteNPCTravelPatch.esp
	[FE:19C] ImprovedInstituteBoss.esp
	[FE:19D] ImprovedInstITO2Patch.esp
	[FE:19E] ITO-Addon.esp
	[FE:19F] MFGeXopansionPatch-SS2.esp
	[FE:1A0] MFGeXopansionPatch-SotS.esp
	[FE:1A1] AmericaRising2-Armaments-X02.esp
	[FE:1A2] DiverseWasteland-WSFW-SS2-Compat.esp
	[FE:1A3] GoodneighborExpanded[Patch-Previs].esp
	[FE:1A4] MTM-Wattz3000Mk2Mods.esp
	[FE:1A5] Lore Friendly Posters.esp
	[FE:1A6] JOTCPatch WorkshopRearranged UFO4P.esp
	[FE:1A7] WorkshopRearranged_DecorationsPack_Patch.esp
	[FE:1A8] WorkshopRearranged_MidCentury_Patch.esp
	[FE:1A9] WorkshopRearranged_MojaveImports_Patch.esp
	[FE:1AA] WorkshopRearranged_SlocumsJoe_Patch.esp
	[FE:1AB] 3dscopes-nightvision.esp
	[FE:1AC] DOOMThatGun-3dScopes.esp
	[FE:1AD] AmericaRising2-Armaments-3dScopes.esp
	[FE:1AE] 3dscopes-replacer-classicsniper.esp
	[FE:1AF] 3dscopes-replacer-bullpupbozar.esp
	[FE:1B0] EnclaveSettlersAR2.esp
	[FE:1B1] EnclaveSettlersImmersionPack.esp
	[FE:1B2] prp.esp
	[FE:1B3] PRP-SS2.esp
	[FE:1B4] PRP-Compat-PointLookout.esp
	[FE:1B5] AmericaRising2_Patch.esp
	[FE:1B6] SouthOfTheSea[Previs].esp
	[FE:1B7] Em_VivaNWReborn_Previs.esp
	[FE:1B8] UltraInteriorLighting_Previs_Patch.esp
	[FE:1B9] Em_3DNPC_FO4_Previs.esp
	[FE:1BA] Em_Vault4_Previs.esp
	[FE:1BB] Children of Ug Qualtoth_Patch.esp
	[FE:1BC] GoodneighborExpanded[Patch-PRP].esp
	[FE:1BD] JOTCPatch RansackedRelays PRP.esp
	[FE:1BE] JOTCPatch NukaWorldRebornViva PRP.esp
	[FE:1BF] JOTCPatch PointLookout PRP.esp
	[FE:1C0] JOTCPatch TheFens PRP.esp
	[FE:1C1] LAT - PRP Update Patch.esp
	[FE:1C2] JOTCPatch AN76 PRP.esp
	[FE:1C3] WET.esp
