Fallout 4 v1.10.163
Buffout 4 v1.28.6
 
Unhandled exception "EXCEPTION_ACCESS_VIOLATION" at 0x7FF77E4BD9B3 Fallout4.exe+07DD9B3
 
	[Compatibility]
		F4EE: true
	[Crashlog]
		AutoOpen: true
		PromptUpload: true
	[Fixes]
		ActorIsHostileToActor: true
		CellInit: true
		CreateD3DAndSwapChain: true
		EncounterZoneReset: true
		GreyMovies: true
		MagicEffectApplyEvent: true
		MovementPlanner: true
		PackageAllocateLocation: true
		SafeExit: true
		TESObjectREFRGetEncounterZone: true
		UnalignedLoad: true
		UtilityShader: true
	[Patches]
		Achievements: true
		ArchiveLimit: false
		BSMTAManager: true
		BSPreCulledObjects: true
		BSTextureStreamerLocalHeap: false
		HavokMemorySystem: false
		INISettingCollection: true
		InputSwitch: false
		MaxStdIO: -1
		MemoryManager: false
		MemoryManagerDebug: false
		ScaleformAllocator: false
		SmallBlockAllocator: false
		WorkshopMenu: true
	[Warnings]
		CreateTexture2D: true
		ImageSpaceAdapter: true
 
SYSTEM SPECS:
	OS: Microsoft Windows 11 Home v10.0.22631
	CPU: GenuineIntel Intel(R) Core(TM) i7-14700K
	GPU #1: Nvidia GA102 [GeForce RTX 3080 Lite Hash Rate]
	GPU #2: Microsoft Basic Render Driver
	PHYSICAL MEMORY: 24.42 GB/63.85 GB
 
PROBABLE CALL STACK:
	[0] 0x7FF77E4BD9B3 Fallout4.exe+07DD9B3 -> 1496807+0x7A3
	[1] 0x7FF7805374EA Fallout4.exe+28574EA -> 984743+0x6A
	[2] 0x7FF77EA1CCBF Fallout4.exe+0D3CCBF -> 408683+0xDF
	[3] 0x7FF77EA18906 Fallout4.exe+0D38906 -> 1075087+0x206
	[4] 0x7FF77EA19551 Fallout4.exe+0D39551 -> 633524+0x6F1
	[5] 0x7FF77EA16E10 Fallout4.exe+0D36E10 -> 1125396+0xC0
	[6] 0x7FF77EA15950 Fallout4.exe+0D35950 -> 668528+0x20
	[7] 0x7FF780617157 Fallout4.exe+2937157 -> 1104651+0x143
	[8] 0x7FFD1BF5259D KERNEL32.DLL+001259D
	[9] 0x7FFD1DF2AF38    ntdll.dll+005AF38
 
REGISTERS:
	RAX 0x0                (size_t)
	RCX 0x2807830A530      (BSMultiBoundOBB*)
	RDX 0x2                (size_t)
	RBX 0x27EB824BC40      (void*)
	RSP 0xC0E21AF8B0       (void*)
	RBP 0xC0E21AF9B0       (void*)
	RSI 0x200              (size_t)
	RDI 0x28000000035      (size_t)
	R8  0xC0E21AF890       (char*) "5"
	R9  0x27ECC886634      (void*)
	R10 0x18               (size_t)
	R11 0xC0E21AF440       (void*)
	R12 0x3500000029       (size_t)
	R13 0x3D0000003D       (size_t)
	R14 0x3D0000003D       (size_t)
	R15 0x3D0000003D       (size_t)
 
STACK:
	[RSP+0  ] 0x7FF7835B2EF0     (void* -> Fallout4.exe+58D2EF0)
	[RSP+8  ] 0x18               (size_t)
	[RSP+10 ] 0x27EB824BC40      (void*)
	[RSP+18 ] 0x7FF7FF7FFFFF     (size_t)
	[RSP+20 ] 0x280C15FBBF0      (BSTriShape*)
		Name: ""
	[RSP+28 ] 0xC0E21AFA30       (void*)
	[RSP+30 ] 0x0                (size_t)
	[RSP+38 ] 0x0                (size_t)
	[RSP+40 ] 0x280C15FBBF0      (BSTriShape*)
		Name: ""
	[RSP+48 ] 0x7FF77F890DAD     (void* -> Fallout4.exe+1BB0DAD)
	[RSP+50 ] 0xC0E21AFA30       (void*)
	[RSP+58 ] 0x27E99A47250      (void*)
	[RSP+60 ] 0x27EB824BC40      (void*)
	[RSP+68 ] 0x7FF77FA02B4C     (void* -> Fallout4.exe+1D22B4C)
	[RSP+70 ] 0x4332953D43329A98 (size_t)
	[RSP+78 ] 0x43248D1843249274 (size_t)
	[RSP+80 ] 0x4008000000000000 (size_t)
	[RSP+88 ] 0x0                (size_t)
	[RSP+90 ] 0x0                (size_t)
	[RSP+98 ] 0x0                (size_t)
	[RSP+A0 ] 0x0                (size_t)
	[RSP+A8 ] 0x0                (size_t)
	[RSP+B0 ] 0x0                (size_t)
	[RSP+B8 ] 0x0                (size_t)
	[RSP+C0 ] 0x0                (size_t)
	[RSP+C8 ] 0x0                (size_t)
	[RSP+D0 ] 0x0                (size_t)
	[RSP+D8 ] 0x0                (size_t)
	[RSP+E0 ] 0x0                (size_t)
	[RSP+E8 ] 0x0                (size_t)
	[RSP+F0 ] 0x0                (size_t)
	[RSP+F8 ] 0x0                (size_t)
	[RSP+100] 0x0                (size_t)
	[RSP+108] 0x0                (size_t)
	[RSP+110] 0x42A00000         (size_t)
	[RSP+118] 0x0                (size_t)
	[RSP+120] 0x0                (size_t)
	[RSP+128] 0x0                (size_t)
	[RSP+130] 0x0                (size_t)
	[RSP+138] 0x27E99A47C10      (char*) """
	[RSP+140] 0x0                (size_t)
	[RSP+148] 0x27ECC891460      (ShadowSceneNode*)
		Name: "shadow scene node"
	[RSP+150] 0x0                (size_t)
	[RSP+158] 0x0                (size_t)
	[RSP+160] 0x0                (size_t)
	[RSP+168] 0x7FF7805374EA     (void* -> Fallout4.exe+28574EA)
	[RSP+170] 0x1600080000       (size_t)
	[RSP+178] 0x27ECC8865B0      (BSGeometryListCullingProcess*)
	[RSP+180] 0x27E7F7FFFFF      (size_t)
	[RSP+188] 0x18               (size_t)
	[RSP+190] 0x100080001        (size_t)
	[RSP+198] 0x7FF700000000     (size_t)
	[RSP+1A0] 0x0                (size_t)
	[RSP+1A8] 0x0                (size_t)
	[RSP+1B0] 0x0                (size_t)
	[RSP+1B8] 0x0                (size_t)
	[RSP+1C0] 0x0                (size_t)
	[RSP+1C8] 0x0                (size_t)
	[RSP+1D0] 0x42A00000         (size_t)
	[RSP+1D8] 0x0                (size_t)
	[RSP+1E0] 0x27ECC8861A0      (Main*)
	[RSP+1E8] 0x7FF77EA1CCBF     (void* -> Fallout4.exe+0D3CCBF)
	[RSP+1F0] 0x2                (size_t)
	[RSP+1F8] 0x0                (size_t)
	[RSP+200] 0x0                (size_t)
	[RSP+208] 0x27ECC8861A0      (Main*)
	[RSP+210] 0x0                (size_t)
	[RSP+218] 0x7FF77EA18906     (void* -> Fallout4.exe+0D38906)
	[RSP+220] 0x27ECC8861A0      (Main*)
	[RSP+228] 0x0                (size_t)
	[RSP+230] 0x1                (size_t)
	[RSP+238] 0x0                (size_t)
	[RSP+240] 0x0                (size_t)
	[RSP+248] 0xC0E21AFB89       (void*)
	[RSP+250] 0x0                (size_t)
	[RSP+258] 0x27ECC891650      (void*)
	[RSP+260] 0x27ECC891460      (ShadowSceneNode*)
		Name: "shadow scene node"
	[RSP+268] 0x7FF77DDDE71F     (void* -> Fallout4.exe+00FE71F)
	[RSP+270] 0x27EE1762630      (void*)
	[RSP+278] 0x27EE1762628      (void*)
	[RSP+280] 0xC0E21AFB89       (void*)
	[RSP+288] 0x0                (size_t)
	[RSP+290] 0x9C0              (size_t)
	[RSP+298] 0x0                (size_t)
	[RSP+2A0] 0xC0E21AFBD0       (void*)
	[RSP+2A8] 0x7FF77EA21B0A     (void* -> Fallout4.exe+0D41B0A)
	[RSP+2B0] 0x27E99A47250      (void*)
	[RSP+2B8] 0x27E95A4D0B4      (void*)
	[RSP+2C0] 0x27ECC8861A8      (void*)
	[RSP+2C8] 0xC0E21AFC28       (void*)
	[RSP+2D0] 0x432D96FA         (size_t)
	[RSP+2D8] 0x44BB3FB444BB91C3 (size_t)
	[RSP+2E0] 0x432B93D8         (size_t)
	[RSP+2E8] 0x0                (size_t)
	[RSP+2F0] 0x2                (size_t)
	[RSP+2F8] 0x7FF77EA1AA75     (void* -> Fallout4.exe+0D3AA75)
	[RSP+300] 0x27E95A4D0B4      (void*)
	[RSP+308] 0x27E95A4D0B8      (void*)
	[RSP+310] 0x0                (size_t)
	[RSP+318] 0x27ED5B7D9C0      (Actor*)
		Object Reference: 
			File: "Unofficial Fallout 4 Patch.esp"
			Flags: 0x00440009
			Form ID: 0x00002F24
			Form Type: 45
		File: "Fallout4.esm"
		Flags: 0x00440449
		Form ID: 0x00002F25
		Form Type: 65
	[RSP+320] 0xC0E21AFC20       (void*)
	[RSP+328] 0x27ECC8861A0      (Main*)
	[RSP+330] 0x42A00000         (size_t)
	[RSP+338] 0x0                (size_t)
	[RSP+340] 0x0                (size_t)
	[RSP+348] 0x0                (size_t)
	[RSP+350] 0x27ECC8861A0      (Main*)
	[RSP+358] 0x1                (size_t)
	[RSP+360] 0x27ECC8861A0      (Main*)
	[RSP+368] 0x7FF77EA19551     (void* -> Fallout4.exe+0D39551)
	[RSP+370] 0x7FF783746DD0     (UI*)
	[RSP+378] 0x200B2E           (size_t)
	[RSP+380] 0x7FF783746DD0     (UI*)
	[RSP+388] 0x4E48             (size_t)
	[RSP+390] 0x1                (size_t)
	[RSP+398] 0x0                (size_t)
	[RSP+3A0] 0x0                (size_t)
	[RSP+3A8] 0x0                (size_t)
	[RSP+3B0] 0x0                (size_t)
	[RSP+3B8] 0x7FF77EA16E10     (void* -> Fallout4.exe+0D36E10)
	[RSP+3C0] 0x1010862          (size_t)
	[RSP+3C8] 0xA                (size_t)
	[RSP+3D0] 0xA                (size_t)
	[RSP+3D8] 0xA                (size_t)
	[RSP+3E0] 0x0                (size_t)
	[RSP+3E8] 0x7FF77EA15950     (void* -> Fallout4.exe+0D35950)
	[RSP+3F0] 0x27E99A4B187      (void*)
	[RSP+3F8] 0x1010862          (size_t)
	[RSP+400] 0x673FF970         (size_t)
	[RSP+408] 0x27E99A4B187      (void*)
	[RSP+410] 0x0                (size_t)
	[RSP+418] 0x7FF780617157     (void* -> Fallout4.exe+2937157)
	[RSP+420] 0x27E99A4B186      (char*) """
	[RSP+428] 0xA                (size_t)
	[RSP+430] 0x0                (size_t)
	[RSP+438] 0xA                (size_t)
	[RSP+440] 0x0                (size_t)
	[RSP+448] 0x27E99A4B187      (void*)
	[RSP+450] 0x0                (size_t)
	[RSP+458] 0x7FFD1BF5259D     (void* -> KERNEL32.DLL+001259D)
	[RSP+460] 0x0                (size_t)
	[RSP+468] 0x0                (size_t)
	[RSP+470] 0x1                (size_t)
	[RSP+478] 0x5B58             (size_t)
	[RSP+480] 0x0                (size_t)
	[RSP+488] 0x7FFD1DF2AF38     (void* -> ntdll.dll+005AF38)
	[RSP+490] 0x0                (size_t)
	[RSP+498] 0x0                (size_t)
	[RSP+4A0] 0x0                (size_t)
	[RSP+4A8] 0x0                (size_t)
	[RSP+4B0] 0x0                (size_t)
	[RSP+4B8] 0x0                (size_t)
	[RSP+4C0] 0x13DB988100000000 (size_t)
	[RSP+4C8] 0x0                (size_t)
	[RSP+4D0] 0x0                (size_t)
	[RSP+4D8] 0x7FFD1B84BE00     (void* -> KERNELBASE.dll+016BE00)
	[RSP+4E0] 0xC0E21AE9C0       (void*)
	[RSP+4E8] 0x80003FFE842F9340 (size_t)
	[RSP+4F0] 0x7FFD085F2681     (size_t)
	[RSP+4F8] 0xC0E21AE9C0       (void*)
	[RSP+500] 0x7FFD1DF2AF10     (void* -> ntdll.dll+005AF10)
	[RSP+508] 0x0                (size_t)
	[RSP+510] 0x0                (size_t)
	[RSP+518] 0x0                (size_t)
	[RSP+520] 0x0                (size_t)
	[RSP+528] 0x0                (size_t)
	[RSP+530] 0x0                (size_t)
	[RSP+538] 0x0                (size_t)
	[RSP+540] 0x0                (size_t)
	[RSP+548] 0x0                (size_t)
	[RSP+550] 0x0                (size_t)
	[RSP+558] 0x0                (size_t)
	[RSP+560] 0x0                (size_t)
	[RSP+568] 0x0                (size_t)
	[RSP+570] 0x0                (size_t)
	[RSP+578] 0x0                (size_t)
	[RSP+580] 0x0                (size_t)
	[RSP+588] 0x0                (size_t)
	[RSP+590] 0x0                (size_t)
	[RSP+598] 0x0                (size_t)
	[RSP+5A0] 0x0                (size_t)
	[RSP+5A8] 0x0                (size_t)
	[RSP+5B0] 0x0                (size_t)
	[RSP+5B8] 0x0                (size_t)
	[RSP+5C0] 0x0                (size_t)
	[RSP+5C8] 0x0                (size_t)
	[RSP+5D0] 0x0                (size_t)
	[RSP+5D8] 0x0                (size_t)
	[RSP+5E0] 0x0                (size_t)
	[RSP+5E8] 0x0                (size_t)
	[RSP+5F0] 0x0                (size_t)
	[RSP+5F8] 0x0                (size_t)
	[RSP+600] 0x0                (size_t)
	[RSP+608] 0x0                (size_t)
	[RSP+610] 0x0                (size_t)
	[RSP+618] 0x0                (size_t)
	[RSP+620] 0x0                (size_t)
	[RSP+628] 0x0                (size_t)
	[RSP+630] 0x0                (size_t)
	[RSP+638] 0x0                (size_t)
	[RSP+640] 0x0                (size_t)
	[RSP+648] 0x0                (size_t)
	[RSP+650] 0x0                (size_t)
	[RSP+658] 0x0                (size_t)
	[RSP+660] 0x0                (size_t)
	[RSP+668] 0x0                (size_t)
	[RSP+670] 0x0                (size_t)
	[RSP+678] 0x0                (size_t)
	[RSP+680] 0x0                (size_t)
	[RSP+688] 0x0                (size_t)
	[RSP+690] 0x0                (size_t)
	[RSP+698] 0x0                (size_t)
	[RSP+6A0] 0x0                (size_t)
	[RSP+6A8] 0x0                (size_t)
	[RSP+6B0] 0x0                (size_t)
	[RSP+6B8] 0x0                (size_t)
	[RSP+6C0] 0x0                (size_t)
	[RSP+6C8] 0x0                (size_t)
	[RSP+6D0] 0x0                (size_t)
	[RSP+6D8] 0x0                (size_t)
	[RSP+6E0] 0x0                (size_t)
	[RSP+6E8] 0x0                (size_t)
	[RSP+6F0] 0x0                (size_t)
	[RSP+6F8] 0x0                (size_t)
	[RSP+700] 0x0                (size_t)
	[RSP+708] 0x0                (size_t)
	[RSP+710] 0x0                (size_t)
	[RSP+718] 0x0                (size_t)
	[RSP+720] 0x0                (size_t)
	[RSP+728] 0x0                (size_t)
	[RSP+730] 0x0                (size_t)
	[RSP+738] 0x0                (size_t)
	[RSP+740] 0x0                (size_t)
	[RSP+748] 0x0                (size_t)
 
MODULES:
	XINPUT1_3.dll                    0x000000400000
	mdnsNSP.dll                      0x00005D2A0000
	steam_api64.dll                  0x00005D610000
	X3DAudio1_7.dll                  0x00005D650000
	d3d11.dll                        0x000180000000
	BetterConsole.dll                0x027EA14C0000
	LL_fourPlay_1_10_163.dll         0x027EB59D0000
	Fallout4.exe                     0x7FF77DCE0000
	graphics-hook64.dll              0x7FFC77A90000
	ResampleDmo.DLL                  0x7FFC7E610000
	DSOUND.DLL                       0x7FFC7FB10000
	XAudio2_7.dll                    0x7FFC8E750000
	BackportedBA2Support.dll         0x7FFC8F3B0000
	d3dcompiler_46.dll               0x7FFC90760000
	gameoverlayrenderer64.dll        0x7FFC90B70000
	x-cell-fo4.dll                   0x7FFC90D10000
	wsfw_identifier.dll              0x7FFC90E00000
	WmkActiveEffects.dll             0x7FFC91270000
	SUP_F4SE.dll                     0x7FFC912F0000
	steamclient64.dll                0x7FFC91520000
	f4se_steam_loader.dll            0x7FFC92BE0000
	bink2w64.dll                     0x7FFC92C20000
	d3dx11_43.dll                    0x7FFC92CB0000
	cudart64_75.dll                  0x7FFC95780000
	VoltekLib.Detours.dll            0x7FFC957E0000
	GFSDK_SSAO_D3D11.win64.dll       0x7FFC95860000
	GFSDK_GodraysLib.x64.dll         0x7FFC95A00000
	flexRelease_x64.dll              0x7FFC95A60000
	WINHTTP.dll                      0x7FFC95BB0000
	SSW.dll                          0x7FFC96020000
	RobCo_Patcher.dll                0x7FFC96080000
	PowerGridTools.dll               0x7FFC96160000
	place.dll                        0x7FFC961D0000
	mcm.dll                          0x7FFC96250000
	CONCRT140.dll                    0x7FFC962F0000
	Interior-NavCut-Fix.dll          0x7FFC96340000
	HighFPSPhysicsFix.dll            0x7FFC96390000
	f4pm.dll                         0x7FFC96420000
	f4ee.dll                         0x7FFC96490000
	enbhelperf4.dll                  0x7FFC965A0000
	crafting_highlight_fix.dll       0x7FFC965E0000
	ClassicHolsteredWeapons.dll      0x7FFC96630000
	Buffout4.dll                     0x7FFC966E0000
	f4se_1_10_163.dll                0x7FFC96AB0000
	tier0_s64.dll                    0x7FFC96B90000
	flexExtRelease_x64.dll           0x7FFC9C590000
	MSVCR110.dll                     0x7FFC9FCB0000
	VoltekLib.RelocationDatabase.dll 0x7FFCA0350000
	MSVCP110.dll                     0x7FFCA0390000
	vstdlib_s64.dll                  0x7FFCA1150000
	usvfs_x64.dll                    0x7FFCA4200000
	la_D3D11.dll                     0x7FFCB0A00000
	VCOMP140.DLL                     0x7FFCB4E30000
	D3DCOMPILER_43.dll               0x7FFCB4FD0000
	VoltekLib.MemoryManager.dll      0x7FFCC6F60000
	msdmo.dll                        0x7FFCC79D0000
	nvppex.dll                       0x7FFCC94A0000
	VoltekLib.UnicodeConverter.dll   0x7FFCD4B90000
	Windows.UI.dll                   0x7FFCF9630000
	webio.dll                        0x7FFCF9900000
	nvToolsExt64_1.dll               0x7FFCFC2B0000
	OneCoreCommonProxyStub.dll       0x7FFCFF730000
	nvwgf2umx.dll                    0x7FFD030D0000
	MpOav.dll                        0x7FFD07970000
	amsi.dll                         0x7FFD07A40000
	wbemsvc.dll                      0x7FFD07FE0000
	fastprox.dll                     0x7FFD08080000
	winmmbase.dll                    0x7FFD092A0000
	WININET.dll                      0x7FFD09410000
	nvgpucomp64.dll                  0x7FFD09CA0000
	NvMessageBus.dll                 0x7FFD0CA20000
	nvapi64.dll                      0x7FFD0CF60000
	MSVCP140.dll                     0x7FFD0DC60000
	VCRUNTIME140.dll                 0x7FFD0DCF0000
	VCRUNTIME140_1.dll               0x7FFD0DD10000
	rasadhlp.dll                     0x7FFD0ECF0000
	textinputframework.dll           0x7FFD0EE20000
	AUDIOSES.DLL                     0x7FFD0F380000
	COMCTL32.dll                     0x7FFD0FED0000
	gdiplus.dll                      0x7FFD10170000
	dbghelp.dll                      0x7FFD10370000
	WINMM.dll                        0x7FFD10E60000
	nvldumdx.dll                     0x7FFD11A10000
	OneCoreUAPCommonProxyStub.dll    0x7FFD11EB0000
	MSIMG32.dll                      0x7FFD13240000
	MMDevApi.dll                     0x7FFD13550000
	wbemcomn.dll                     0x7FFD13E70000
	wbemprox.dll                     0x7FFD13EF0000
	CoreUIComponents.dll             0x7FFD14840000
	avrt.dll                         0x7FFD15040000
	drvstore.dll                     0x7FFD151A0000
	cryptnet.dll                     0x7FFD15360000
	VERSION.dll                      0x7FFD153A0000
	directxdatabasehelper.dll        0x7FFD153B0000
	fwpuclnt.dll                     0x7FFD15630000
	dhcpcsvc.DLL                     0x7FFD160E0000
	WINHTTP.DLL                      0x7FFD16250000
	dhcpcsvc6.DLL                    0x7FFD168E0000
	d3d11.Dll                        0x7FFD16B80000
	dcomp.dll                        0x7FFD173D0000
	ncryptsslp.dll                   0x7FFD176F0000
	CoreMessaging.dll                0x7FFD17BF0000
	UxTheme.dll                      0x7FFD185D0000
	dxgi.dll                         0x7FFD18750000
	dwmapi.dll                       0x7FFD18860000
	WINNSI.DLL                       0x7FFD18890000
	dxcore.dll                       0x7FFD188D0000
	resourcepolicyclient.dll         0x7FFD18B80000
	wintypes.dll                     0x7FFD18F90000
	windows.storage.dll              0x7FFD190D0000
	HID.DLL                          0x7FFD199E0000
	IPHLPAPI.DLL                     0x7FFD19CB0000
	DNSAPI.dll                       0x7FFD19D20000
	UMPDC.dll                        0x7FFD1A000000
	POWRPROF.dll                     0x7FFD1A020000
	Secur32.dll                      0x7FFD1A0A0000
	schannel.DLL                     0x7FFD1A110000
	kernel.appcore.dll               0x7FFD1A220000
	rsaenh.dll                       0x7FFD1A240000
	SSPICLI.DLL                      0x7FFD1A520000
	MSWSOCK.dll                      0x7FFD1A730000
	USERENV.dll                      0x7FFD1A7E0000
	CRYPTSP.dll                      0x7FFD1A940000
	CRYPTBASE.DLL                    0x7FFD1A960000
	msasn1.dll                       0x7FFD1AA20000
	wldp.dll                         0x7FFD1AAA0000
	NTASN1.dll                       0x7FFD1AB50000
	ncrypt.dll                       0x7FFD1AB90000
	CFGMGR32.dll                     0x7FFD1AE90000
	devobj.dll                       0x7FFD1AEE0000
	DPAPI.DLL                        0x7FFD1AF30000
	profapi.dll                      0x7FFD1B100000
	ucrtbase.dll                     0x7FFD1B1D0000
	wintrust.dll                     0x7FFD1B3B0000
	bcryptPrimitives.dll             0x7FFD1B420000
	CRYPT32.dll                      0x7FFD1B4A0000
	msvcp_win.dll                    0x7FFD1B610000
	bcrypt.dll                       0x7FFD1B6B0000
	KERNELBASE.dll                   0x7FFD1B6E0000
	gdi32full.dll                    0x7FFD1BAA0000
	win32u.dll                       0x7FFD1BBC0000
	WS2_32.dll                       0x7FFD1BBF0000
	msvcrt.dll                       0x7FFD1BC70000
	OLEAUT32.dll                     0x7FFD1BE60000
	KERNEL32.DLL                     0x7FFD1BF40000
	SHLWAPI.dll                      0x7FFD1C010000
	combase.dll                      0x7FFD1C070000
	IMM32.DLL                        0x7FFD1C400000
	PSAPI.DLL                        0x7FFD1C450000
	ADVAPI32.dll                     0x7FFD1C460000
	shcore.dll                       0x7FFD1C530000
	NSI.dll                          0x7FFD1C630000
	GDI32.dll                        0x7FFD1C640000
	COMDLG32.dll                     0x7FFD1C670000
	clbcatq.dll                      0x7FFD1C980000
	SHELL32.dll                      0x7FFD1CAC0000
	imagehlp.dll                     0x7FFD1D340000
	MSCTF.dll                        0x7FFD1D360000
	SETUPAPI.dll                     0x7FFD1D4C0000
	sechost.dll                      0x7FFD1D940000
	USER32.dll                       0x7FFD1D9F0000
	RPCRT4.dll                       0x7FFD1DBA0000
	ole32.dll                        0x7FFD1DCE0000
	ntdll.dll                        0x7FFD1DED0000
 
F4SE PLUGINS:
	BackportedBA2Support.dll v1
	BetterConsole.dll
	Buffout4.dll v1.28.6
	ClassicHolsteredWeapons.dll
	crafting_highlight_fix.dll
	enbhelperf4.dll v1
	f4ee.dll
	f4pm.dll
	HighFPSPhysicsFix.dll
	Interior-NavCut-Fix.dll v1.0.3
	LL_fourPlay_1_10_163.dll
	mcm.dll
	place.dll
	PowerGridTools.dll
	RobCo_Patcher.dll v3.6
	SSW.dll
	SUP_F4SE.dll
	WmkActiveEffects.dll
	wsfw_identifier.dll
	x-cell-fo4.dll v1.5
 
PLUGINS:
	[00]     Fallout4.esm
	[01]     DLCRobot.esm
	[02]     DLCworkshop01.esm
	[03]     DLCCoast.esm
	[04]     DLCworkshop02.esm
	[05]     DLCworkshop03.esm
	[06]     DLCNukaWorld.esm
	[07]     Unofficial Fallout 4 Patch.esp
	[08]     HUDFramework.esm
	[09]     WorkshopFramework.esm
	[0A]     PANPC.esm
	[0B]     SS2.esm
	[0C]     SS2_XPAC_Chapter2.esm
	[0D]     SS2_XPAC_Chapter3.esm
	[0E]     Arbitration - Resources.esm
	[0F]     DEF_WIDGETS_CORE.esm
	[10]     TrueStormsFO4.esm
	[11]     PACE.esm
	[12]     AAF.esm
	[13]     DCGuard_Overhaul.esp
	[14]     MindGames.esp
	[15]     Homemaker.esm
	[16]     UltraInteriorLighting.esp
	[17]     AllSetsExtended.esp
	[18]     AnimatedCandles.esp
	[19]     W.A.T.Minutemen.esp
	[1A]     PACE - Less Combat Chatter.esp
	[1B]     FaceMaxson.esp
	[1C]     CombatZoneRestored.esp
	[1D]     functionalbridges.esp
	[1E]     spacefiddle_Scarcity_Full.esp
	[1F]     Better Cooking Stations.esp
	[20]     WPS - Worsin's_Paint_Shop.esp
	[21]     brotherhood of steel overhaul.esp
	[22]     CreationClubDelay.esp
	[23]     X12Plasmacaster.esp
	[24]     WattzLaserGun.esp
	[25]     LooksMenu.esp
	[26]     FireSupportGlitchWorkaround.esp
	[27]     KSHairdos.esp
	[28]     Fr4nssonsLightTweaks.esp
	[29]     Eye_Adaptation_Off.esp
	[2A]     CourserCrusher.esp
	[2B]     PersistentVolumeSliders.esp
	[2C]     spacefiddle_Assault-Masks.esp
	[2D]     Eli_Companions 9000 GTX.esp
	[2E]     Quad_Accelerator.esp
	[2F]     spacefiddle_WattzSoundAndReverb.esp
	[30]     Homemaker - Greenhouse and Bunker Disabler.esp
	[31]     BowieKnifes.esp
	[32]     The  Real Solution to the Broken Melee System (Original).esp
	[33]     spacefiddle_Effective-Melee-Blocking.esp
	[34]     spacefiddle_BowieSurvivalOverride.esp
	[35]     ClassicSniper.esp
	[36]     SS2WastelandVenturers.esp
	[37]     [SS2 Addon] SimSettlements SuperStructures.esp
	[38]     BetterOpenSeason.esp
	[39]     FO4 NPCs Travel.esp
	[3A]     NotJustBasements.esp
	[3B]     FIS-Naming-Weap-Armo-EN.esp
	[3C]     FO4Hotkeys.esp
	[3D]     LooksMenu Customization Compendium.esp
	[3E]     IWDesdemona.esp
	[3F]     IWTinaDeLuca.esp
	[40]     IWCait.esp
	[41]     IWGlory.esp
	[42]     IWPiper.esp
	[43]     LongerHeadlampLight.esp
	[44]     spacefiddle_Follower-Stealth-Distance-Fixes.esp
	[45]     No Underarmor Scalling.esp
	[46]     PANPC - Explosion Responses.esp
	[47]     PANPC - Trap Alerts.esp
	[48]     SaveAcadiaFromBoS.esp
	[49]     WmkActiveEffects.esp
	[4A]     spacefiddle_QuadAccel_Updates.esp
	[4B]     SpotlightFix-150-Shadow.esp
	[4C]     SurvivalPowerArmorCraftingFix.esp
	[4D]     Zanthir_Minigun.esp
	[4E]     SS2Extended.esp
	[4F]     BuildableBurningCampfires.esp
	[50]     Configurable Artillery.esp
	[51]     Arbitration - Button Lowered Weapons.esp
	[52]     3dscopes.esp
	[53]     mjp_PTRS41ATR.esp
	[54]     SCAR-L.esp
	[55]     AlienAssaultRifle.esp
	[56]     AlienAssaultRifle-DMG85.esp.esp
	[57]     NinjaFix.esp
	[58]     def_w_PA1.esp
	[59]     def_w_PA1_remove_PAConditionIndicator.esp
	[5A]     VaultTecAcceleratedFocusSystem.esp
	[5B]     CriticalHitsOutsideofVATS.esp
	[5C]     ClassicSniperSounds.esp
	[5D]     Companion Fall Damage Immunity.esp
	[5E]     EvilViking13_WastelandWalls.esp
	[5F]     free_downgrades.esp
	[60]     EasyHacking.esp
	[61]     Esk_NoTeleportingMoleRats.esp
	[62]     FIXEDGoodfeels_no_DLC_needed.esp
	[63]     FuckOffStagger.esp
	[64]     No Aggro Impact Landing.esp
	[65]     LovingCurie_1.0.3b.esp
	[66]     mjp_PTRS41ATR-MagFix.esp
	[67]     Move (Get Out the Way).esp
	[68]     MulticraftChem.esp
	[69]     NoVanillaRadiantDLCLocations.esp
	[6A]     OutfitSwitcher.esp
	[6B]     Passthrough.esp
	[6C]     SFE.esp
	[6D]     spacefiddle_Perforation_BetterAutomaticWeapons.esp
	[6E]     Sneaky Kills.esp
	[6F]     StabAnim4All.esp
	[70]     TakeCover.esp
	[71]     VaultTecAcceleratedFocusSystem - NukaWorld.esp
	[72]     VaultTecAcceleratedFocusSystem - FarHarbor.esp
	[73]     VerticalConduits.esp
	[74]     WestTekTacticalOptics.esp
	[75]     You Talk Too Much.esp
	[76]     TrueStormsFO4-EarlierSunsets.esp
	[77]     TrueStormsFO4-FarHarbor.esp
	[78]     TrueStormsFO4-EarlierSunsetsFH.esp
	[79]     TrueStormsFO4-FarHarborExtraRads.esp
	[7A]     TrueStormsFO4-GlowingSeaExtraRads.esp
	[7B]     TrueStormsFO4-NukaWorld-FH-Compat.esp
	[7C]     DarkerNights.esp
	[7D]     Brighter Wasteland Workshop Lights.esp
	[7E]     Glorious_Glowing_Plasma_Weapons_by_Diranar.esp
	[7F]     Molerat_Disease_Immunity_PA_Hazmat.esp
	[80]     Sandbag Fortifications - Version 2C.esp
	[81]     3pMeleeTweak.esp
	[82]     CleanPoweredDoors.esp
	[83]     AirportWorkBench.esp
	[84]     PhotoMode.esp
	[85]     Depth of Field Removal.esp
	[86]     Eli_Display Shelves.esp
	[87]     BalconySupports.esp
	[88]     Glowing Animals Emit Light.esp
	[89]     Laurent's Robot Skins.esp
	[8A]     KURO.esp
	[8B]     MasterworkArchitectureProject.esp
	[8C]     nw77_vanillawavingflagpolespack.esp
	[8D]     ValiusHDTextures2K.esp
	[8E]     RealTroughs.esp
	[8F]     DV-Very Durable Vertibirds.esp
	[90]     DV-Armored Pilots.esp
	[91]     DV-No Levelled Vertibirds.esp
	[92]     Great Actors - Drummer Boy.esp
	[93]     Great Actors - High Rise.esp
	[94]     Great Actors - Tinker Tom.esp
	[95]     AssaultronTankLeg.esp
	[96]     AutomatronWheelLegs.esp
	[97]     Better Artillery Flares (vanilla weight version).esp
	[98]     R97R Camo Robot Skins.esp
	[99]     CREAtiveClutter.esp
	[9A]     dinoshelf.esp
	[9B]     dinoshelf_extra_ammo.esp
	[9C]     SettleObjExpandPack.esp
	[9D]     TurretStands.esp
	[9E]     AutoDoors.esp
	[9F]     SettleObjExpandPack-AutoDoorsPatch.esp
	[A0]     AD_DLC.esp
	[A1]     cartman1975_concrete-glass.esp
	[A2]     cartman1975_concrete-glass_grey.esp
	[A3]     SettlementMenuManager.esp
	[A4]     Better_Settlement_Defence.esp
	[A5]     spacefiddle_Mastermind-Robot-Provisioners.esp
	[A6]     QuickTrade.esp
	[A7]     spacefiddle_HomeDespot.esp
	[A8]     RealThrowingWeapons.esp
	[A9]     SnapBeds.esp
	[AA]     SettlementPrivacy.esp
	[AB]     SS2WastelandReconstructionKit.esp
	[AC]     SS2_CustomizableFactionIdentity.esp
	[AD]     Vault-Tec Workshop Overhaul Redux.esp
	[AE]     Vault88 - Essentials.esp
	[AF]     Scrap Everything - Ultimate Edition.esp
	[B0]     BuildingGroundFix.esp
	[B1]     SMM_Example_Plugin.esp
	[B2]     spacefiddle_NovaWarlockArmor.esp
	[B3]     AdvancedSynthUniform-EN.esp
	[B4]     BrighterSettlementLights.esp
	[FE:000] ccBGSFO4044-HellfirePowerArmor.esl
	[FE:001] ccBGSFO4115-X02.esl
	[FE:002] ccBGSFO4116-HeavyFlamer.esl
	[FE:003] ccBGSFO4110-WS_Enclave.esl
	[FE:004] ccBGSFO4096-AS_Enclave.esl
	[FE:005] ccFSVFO4007-Halloween.esl
	[FE:006] ccBGSFO4046-TesCan.esl
	[FE:007] ccSBJFO4003-Grenade.esl
	[FE:008] ccOTMFO4001-Remnants.esl
	[FE:009] COOTS_BOS_PipBoy.esl
	[FE:00A] SurvivalConsoleEnabler.esl
	[FE:00B] GraveDigger.esl
	[FE:00C] Vault88_Front_Spawn_ESL.esl
	[FE:00D] ODT - Raider Armors Retextured.esl
	[FE:00E] HoloDisplay.esl
	[FE:00F] ShackRoofAddon.esl
	[FE:010] SS2 Facegen.esl
	[FE:011] CROSS_CoA.esl
	[FE:012] Dank_ECO.esp
	[FE:013] WIPAP_Paint_Garage_Style_3_Master.esp
	[FE:014] WIPAP_Paint_Garage_Style_4_Master.esp
	[FE:015] Targeted Textures.esp
	[FE:016] functionalsanctuarybridge.esp
	[FE:017] SightAlignment-PapyrusEdition.esp
	[FE:018] ChameleonAndStealthFixes.esp
	[FE:019] CROSS_InstituteExpeditionarySuit.esp
	[FE:01A] Dank_LEO.esp
	[FE:01B] whisperRaiderBlades.esp
	[FE:01C] Dank_ECO-INNR.esp
	[FE:01D] 4estGimp FSD FaceGen.esp
	[FE:01E] M8rDisablePipboyEffects.esp
	[FE:01F] Yagisan_WO_Better_Caravans.esp
	[FE:020] PANPC SS2 NoEnableKeyword Patch.esp
	[FE:021] Better Combat Medic.esp
	[FE:022] CROSS_CourserStrigidae.esp
	[FE:023] K9TacticalHarness.esp
	[FE:024] SolarPower.esp
	[FE:025] UntrashedRaiderArmor.esp
	[FE:026] SS2_WestTek.esp
	[FE:027] HandsOff.esp
	[FE:028] WIPAD_Decal_Station.esp
	[FE:029] RustyFaceFixRedux.esp
	[FE:02A] BAM-BetterArmoryMod.esp
	[FE:02B] DisplayMarker.esp
	[FE:02C] Dank_ECO_DLCNukaWorld.esp
	[FE:02D] Dank_ECO_DLCCoast.esp
	[FE:02E] Dank_ECO_DLCRobot.esp
	[FE:02F] Dank_LEO_DLCCoast.esp
	[FE:030] Dank_LEO-Automatron.esp
	[FE:031] Dank_LEO_ChipCraft_Mats_ECO.esp
	[FE:032] Dank_LEO_DLCNukaWorld.esp
	[FE:033] Dank_ECO-LEO.esp
	[FE:034] X12Plasmacaster-FactionSkins.esp
	[FE:035] Base Face.esp
	[FE:036] AD_Homemaker_1_72_ESL_PATCH.esp
	[FE:037] SettleObjExpandPack_GlassRoofRainStop.esp
	[FE:038] Sandbag Fortifications - Version 2C SMM.esp
	[FE:039] Snappable Covenant Walls.esp
	[FE:03A] Really Balanced Real Throwing Weapons.esp
	[FE:03B] Tina De Luca and Doctor Penske Face Gen Data.esp
	[FE:03C] DLCRobot Sentry Face Light Fix.esp