Skyrim SSE v1.6.640
CrashLoggerSSE v1-11-1-0 Nov 18 2023 13:56:33

Unhandled exception "EXCEPTION_ACCESS_VIOLATION" at 0x7FF6639C92BF SkyrimSE.exe+04992BF	call [rax+0x08]

SYSTEM SPECS:
	OS: Microsoft Windows 11 Pro v10.0.22631
	CPU: AuthenticAMD AMD Ryzen 7 7800X3D 8-Core Processor           
	GPU #1: Nvidia AD104 [GeForce RTX 4070]
	GPU #2: AMD Raphael
	GPU #3: Microsoft Basic Render Driver
	PHYSICAL MEMORY: 43.15 GB/63.15 GB
	GPU MEMORY: 5.01/10.99 GB

PROBABLE CALL STACK:
	[0] 0x7FF6639C92BF SkyrimSE.exe+04992BF -> 30790+0x4F	call [rax+0x08]
	[1] 0x7FF66465EB79 SkyrimSE.exe+112EB79 -> 90968+0x109	test al, al
	[2] 0x7FF664640803 SkyrimSE.exe+1110803 -> 90396+0x143	movzx esi, sil
	[3] 0x7FF66467B858 SkyrimSE.exe+114B858 -> 91414+0x148	cmp byte ptr [rdi+0x88], 0x00
	[4] 0x7FF6641A594B SkyrimSE.exe+0C7594B -> 69617+0xCB	cmp [rbx+0x08], r14b
	[5] 0x7FF6641A5A76 SkyrimSE.exe+0C75A76 -> 69620+0x16	mov rcx, rbx
	[6] 0x7FFE88EA257D KERNEL32.DLL+001257D
	[7] 0x7FFE89ACAA58    ntdll.dll+005AA58

REGISTERS:
	RAX 0x3                (size_t) [3]
	RCX 0x202A1867980      (void*)
	RDX 0x203CC322488      (void*)
	RBX 0xA5E9A03C         (size_t) [2783551548]
	RSP 0x4FD6EFF660       (void*)
	RBP 0x200AA193D50      (void*)
	RSI 0x202C2D85860      (PathingCell*)
	RDI 0x203CC322488      (void*)
	R8  0x0                (size_t) [0]
	R9  0x0                (size_t) [0]
	R10 0x11               (size_t) [17]
	R11 0x4FD6EFF620       (void*)
	R12 0x768              (size_t) [1896]
	R13 0x0                (size_t) [0]
	R14 0x202A1867980      (void*)
	R15 0x428              (size_t) [1064]

STACK:
	[RSP+0  ] 0x200AA193D50      (void*)
	[RSP+8  ] 0x7FF6639E2700     (void* -> SkyrimSE.exe+04B2700	mov [rsp+0x18], r8)
	[RSP+10 ] 0xFFFFFFFFFFFFFFFE (size_t) [uint: 18446744073709551614 int: -2]
	[RSP+18 ] 0x7FF664CC91B8     (void* -> SkyrimSE.exe+17991B8	xor [rbx-0x26], al)
	[RSP+20 ] 0x12               (size_t) [18]
	[RSP+28 ] 0x7FF66465EB79     (void* -> SkyrimSE.exe+112EB79	test al, al)
	[RSP+30 ] 0x203CC4A3E80      (void*)
	[RSP+38 ] 0x7FF664C44FD0     (void* -> SkyrimSE.exe+1714FD0	jo 0x00007FF664C44F64)
	[RSP+40 ] 0x202C2D85860      (PathingCell*)
	[RSP+48 ] 0x7FF6664D8C98     (AutoRegisterPathBuilderFactory<PathingRequest,`anonymous namespace'::PathBuilderPathingRequest>*)
	[RSP+50 ] 0x7FF6664D8C98     (AutoRegisterPathBuilderFactory<PathingRequest,`anonymous namespace'::PathBuilderPathingRequest>*)
	[RSP+58 ] 0x7FF664640803     (void* -> SkyrimSE.exe+1110803	movzx esi, sil)
	[RSP+60 ] 0x1                (size_t) [1]
	[RSP+68 ] 0x203702498D8      (void*)
	[RSP+70 ] 0x203702498D0      (void*)
	[RSP+78 ] 0x4E               (size_t) [78]
	[RSP+80 ] 0x203CC4A3E80      (void*)
	[RSP+88 ] 0xFFFFFFFFFFFFFFFE (size_t) [uint: 18446744073709551614 int: -2]
	[RSP+90 ] 0x200AA1944B8      (char*) "N"
	[RSP+98 ] 0x0                (size_t) [0]
	[RSP+A0 ] 0x0                (size_t) [0]
	[RSP+A8 ] 0x0                (size_t) [0]
	[RSP+B0 ] 0x203702498A0      (PathingTaskData*)
	[RSP+B8 ] 0xFFFFFFFF         (size_t) [4294967295]
	[RSP+C0 ] 0x4FD6EFF7B9       (void*)
	[RSP+C8 ] 0x7FF66467B858     (void* -> SkyrimSE.exe+114B858	cmp byte ptr [rdi+0x88], 0x00)
	[RSP+D0 ] 0x0                (size_t) [0]
	[RSP+D8 ] 0x20320C75C5E      (void*)
	[RSP+E0 ] 0x2023553EB30      (void*)
	[RSP+E8 ] 0x2020000004E      (void*)
	[RSP+F0 ] 0x0                (size_t) [0]
	[RSP+F8 ] 0x203CC4A3F40      (void*)
	[RSP+100] 0x20000000000      (size_t) [2199023255552]
	[RSP+108] 0x7FFE89AC51B3     (void* -> ntdll.dll+00551B3	mov ebx, eax)
	[RSP+110] 0x2009CC53D80      (void*)
	[RSP+118] 0x7FFE86E844EE     (void* -> KERNELBASE.dll+00344EE	nop [rax+rax*1], eax)
	[RSP+120] 0x2                (size_t) [2]
	[RSP+128] 0x7FF6665F72B0     (void* -> SkyrimSE.exe+30C72B0	)
	[RSP+130] 0x1                (size_t) [1]
	[RSP+138] 0x7FFE86E9506D     (void* -> KERNELBASE.dll+004506D	nop [rax+rax*1], eax)
	[RSP+140] 0x0                (size_t) [0]
	[RSP+148] 0x0                (size_t) [0]
	[RSP+150] 0xFFFFFFFFFFFFFFFE (size_t) [uint: 18446744073709551614 int: -2]
	[RSP+158] 0x0                (size_t) [0]
	[RSP+160] 0x0                (size_t) [0]
	[RSP+168] 0x0                (size_t) [0]
	[RSP+170] 0x7FF6665DB600     (BSWin32TaskletManager*)
	[RSP+178] 0x0                (size_t) [0]
	[RSP+180] 0x0                (size_t) [0]
	[RSP+188] 0x0                (size_t) [0]
	[RSP+190] 0x0                (size_t) [0]
	[RSP+198] 0x2023554F830      (BSWin32TaskletGroupData*)
	[RSP+1A0] 0x7FF6665DB600     (BSWin32TaskletManager*)
	[RSP+1A8] 0x203702498A0      (PathingTaskData*)
	[RSP+1B0] 0x0                (size_t) [0]
	[RSP+1B8] 0x7FF6641A594B     (void* -> SkyrimSE.exe+0C7594B	cmp [rbx+0x08], r14b)
	[RSP+1C0] 0x2037024B700      (void*)
	[RSP+1C8] 0x2                (size_t) [2]
	[RSP+1D0] 0x203CC4A3E80      (void*)
	[RSP+1D8] 0x7FF6665DB600     (BSWin32TaskletManager*)
	[RSP+1E0] 0x0                (size_t) [0]
	[RSP+1E8] 0x7FF6641A5A76     (void* -> SkyrimSE.exe+0C75A76	mov rcx, rbx)
	[RSP+1F0] 0x7FF6665DB600     (BSWin32TaskletManager*)
	[RSP+1F8] 0x0                (size_t) [0]
	[RSP+200] 0x0                (size_t) [0]
	[RSP+208] 0x0                (size_t) [0]
	[RSP+210] 0x0                (size_t) [0]
	[RSP+218] 0x7FFE88EA257D     (void* -> KERNEL32.DLL+001257D	mov ecx, eax)
	[RSP+220] 0x0                (size_t) [0]
	[RSP+228] 0x0                (size_t) [0]
	[RSP+230] 0x0                (size_t) [0]
	[RSP+238] 0x0                (size_t) [0]
	[RSP+240] 0x0                (size_t) [0]
	[RSP+248] 0x7FFE89ACAA58     (void* -> ntdll.dll+005AA58	jmp 0x00007FFE89ACAA79)
	[RSP+250] 0x0                (size_t) [0]
	[RSP+258] 0x0                (size_t) [0]
	[RSP+260] 0x0                (size_t) [0]
	[RSP+268] 0x0                (size_t) [0]
	[RSP+270] 0x0                (size_t) [0]
	[RSP+278] 0x0                (size_t) [0]
	[RSP+280] 0x84F62EF400000000 (size_t) [uint: 9580896882784206848 int: -8865847190925344768]
	[RSP+288] 0x0                (size_t) [0]
	[RSP+290] 0x4F0FFFFFB30      (size_t) [5433133628208]
	[RSP+298] 0x7FFE86FAC720     (void* -> KERNELBASE.dll+015C720	mov [rsp+0x10], rbx)
	[RSP+2A0] 0x4FD6EFE140       (void*)
	[RSP+2A8] 0x7FFE020CE9D4000  (size_t) [576425708836700160]
	[RSP+2B0] 0x7FFE020CE9D4     (size_t) [140728932821460]
	[RSP+2B8] 0x4FD6EFE140       (void*)
	[RSP+2C0] 0x0                (size_t) [0]
	[RSP+2C8] 0x0                (size_t) [0]
	[RSP+2D0] 0x0                (size_t) [0]
	[RSP+2D8] 0x0                (size_t) [0]
	[RSP+2E0] 0x0                (size_t) [0]
	[RSP+2E8] 0x0                (size_t) [0]
	[RSP+2F0] 0x0                (size_t) [0]
	[RSP+2F8] 0x0                (size_t) [0]
	[RSP+300] 0x0                (size_t) [0]
	[RSP+308] 0x0                (size_t) [0]
	[RSP+310] 0x0                (size_t) [0]
	[RSP+318] 0x0                (size_t) [0]
	[RSP+320] 0x0                (size_t) [0]
	[RSP+328] 0x0                (size_t) [0]
	[RSP+330] 0x0                (size_t) [0]
	[RSP+338] 0x0                (size_t) [0]
	[RSP+340] 0x0                (size_t) [0]
	[RSP+348] 0x0                (size_t) [0]
	[RSP+350] 0x0                (size_t) [0]
	[RSP+358] 0x0                (size_t) [0]
	[RSP+360] 0x0                (size_t) [0]
	[RSP+368] 0x0                (size_t) [0]
	[RSP+370] 0x0                (size_t) [0]
	[RSP+378] 0x0                (size_t) [0]
	[RSP+380] 0x0                (size_t) [0]
	[RSP+388] 0x0                (size_t) [0]
	[RSP+390] 0x0                (size_t) [0]
	[RSP+398] 0x0                (size_t) [0]
	[RSP+3A0] 0x0                (size_t) [0]
	[RSP+3A8] 0x0                (size_t) [0]
	[RSP+3B0] 0x0                (size_t) [0]
	[RSP+3B8] 0x0                (size_t) [0]
	[RSP+3C0] 0x0                (size_t) [0]
	[RSP+3C8] 0x0                (size_t) [0]
	[RSP+3D0] 0x0                (size_t) [0]
	[RSP+3D8] 0x0                (size_t) [0]
	[RSP+3E0] 0x0                (size_t) [0]
	[RSP+3E8] 0x0                (size_t) [0]
	[RSP+3F0] 0x0                (size_t) [0]
	[RSP+3F8] 0x0                (size_t) [0]
	[RSP+400] 0x0                (size_t) [0]
	[RSP+408] 0x0                (size_t) [0]
	[RSP+410] 0x0                (size_t) [0]
	[RSP+418] 0x0                (size_t) [0]
	[RSP+420] 0x0                (size_t) [0]
	[RSP+428] 0x0                (size_t) [0]
	[RSP+430] 0x0                (size_t) [0]
	[RSP+438] 0x0                (size_t) [0]
	[RSP+440] 0x0                (size_t) [0]
	[RSP+448] 0x0                (size_t) [0]
	[RSP+450] 0x0                (size_t) [0]
	[RSP+458] 0x0                (size_t) [0]
	[RSP+460] 0x0                (size_t) [0]
	[RSP+468] 0x0                (size_t) [0]
	[RSP+470] 0x0                (size_t) [0]
	[RSP+478] 0x0                (size_t) [0]
	[RSP+480] 0x0                (size_t) [0]
	[RSP+488] 0x0                (size_t) [0]
	[RSP+490] 0x0                (size_t) [0]
	[RSP+498] 0x0                (size_t) [0]
	[RSP+4A0] 0x0                (size_t) [0]
	[RSP+4A8] 0x0                (size_t) [0]
	[RSP+4B0] 0x0                (size_t) [0]
	[RSP+4B8] 0x0                (size_t) [0]
	[RSP+4C0] 0x0                (size_t) [0]
	[RSP+4C8] 0x0                (size_t) [0]
	[RSP+4D0] 0x0                (size_t) [0]
	[RSP+4D8] 0x0                (size_t) [0]
	[RSP+4E0] 0x0                (size_t) [0]
	[RSP+4E8] 0x0                (size_t) [0]
	[RSP+4F0] 0x0                (size_t) [0]
	[RSP+4F8] 0x0                (size_t) [0]
	[RSP+500] 0x0                (size_t) [0]
	[RSP+508] 0x0                (size_t) [0]
	[RSP+510] 0x0                (size_t) [0]
	[RSP+518] 0x0                (size_t) [0]
	[RSP+520] 0x0                (size_t) [0]
	[RSP+528] 0x0                (size_t) [0]
	[RSP+530] 0x0                (size_t) [0]
	[RSP+538] 0x0                (size_t) [0]
	[RSP+540] 0x0                (size_t) [0]
	[RSP+548] 0x0                (size_t) [0]
	[RSP+550] 0x0                (size_t) [0]
	[RSP+558] 0x0                (size_t) [0]
	[RSP+560] 0x0                (size_t) [0]
	[RSP+568] 0x0                (size_t) [0]
	[RSP+570] 0x0                (size_t) [0]
	[RSP+578] 0x0                (size_t) [0]
	[RSP+580] 0x0                (size_t) [0]
	[RSP+588] 0x0                (size_t) [0]
	[RSP+590] 0x0                (size_t) [0]
	[RSP+598] 0x0                (size_t) [0]
	[RSP+5A0] 0x0                (size_t) [0]
	[RSP+5A8] 0x0                (size_t) [0]
	[RSP+5B0] 0x0                (size_t) [0]
	[RSP+5B8] 0x0                (size_t) [0]
	[RSP+5C0] 0x0                (size_t) [0]
	[RSP+5C8] 0x0                (size_t) [0]
	[RSP+5D0] 0x0                (size_t) [0]
	[RSP+5D8] 0x0                (size_t) [0]
	[RSP+5E0] 0x0                (size_t) [0]
	[RSP+5E8] 0x0                (size_t) [0]
	[RSP+5F0] 0x0                (size_t) [0]
	[RSP+5F8] 0x0                (size_t) [0]
	[RSP+600] 0x0                (size_t) [0]
	[RSP+608] 0x0                (size_t) [0]
	[RSP+610] 0x0                (size_t) [0]
	[RSP+618] 0x0                (size_t) [0]
	[RSP+620] 0x0                (size_t) [0]
	[RSP+628] 0x0                (size_t) [0]
	[RSP+630] 0x0                (size_t) [0]
	[RSP+638] 0x0                (size_t) [0]
	[RSP+640] 0x0                (size_t) [0]
	[RSP+648] 0x0                (size_t) [0]
	[RSP+650] 0x0                (size_t) [0]
	[RSP+658] 0x0                (size_t) [0]
	[RSP+660] 0x0                (size_t) [0]
	[RSP+668] 0x0                (size_t) [0]
	[RSP+670] 0x0                (size_t) [0]
	[RSP+678] 0x0                (size_t) [0]
	[RSP+680] 0x0                (size_t) [0]
	[RSP+688] 0x0                (size_t) [0]
	[RSP+690] 0x0                (size_t) [0]
	[RSP+698] 0x0                (size_t) [0]
	[RSP+6A0] 0x0                (size_t) [0]
	[RSP+6A8] 0x0                (size_t) [0]
	[RSP+6B0] 0x0                (size_t) [0]
	[RSP+6B8] 0x0                (size_t) [0]
	[RSP+6C0] 0x0                (size_t) [0]
	[RSP+6C8] 0x0                (size_t) [0]
	[RSP+6D0] 0x0                (size_t) [0]
	[RSP+6D8] 0x0                (size_t) [0]
	[RSP+6E0] 0x0                (size_t) [0]
	[RSP+6E8] 0x0                (size_t) [0]
	[RSP+6F0] 0x0                (size_t) [0]
	[RSP+6F8] 0x0                (size_t) [0]
	[RSP+700] 0x0                (size_t) [0]
	[RSP+708] 0x0                (size_t) [0]
	[RSP+710] 0x0                (size_t) [0]
	[RSP+718] 0x0                (size_t) [0]
	[RSP+720] 0x0                (size_t) [0]
	[RSP+728] 0x0                (size_t) [0]
	[RSP+730] 0x0                (size_t) [0]
	[RSP+738] 0x0                (size_t) [0]
	[RSP+740] 0x0                (size_t) [0]
	[RSP+748] 0x0                (size_t) [0]
	[RSP+750] 0x0                (size_t) [0]
	[RSP+758] 0x0                (size_t) [0]
	[RSP+760] 0x0                (size_t) [0]
	[RSP+768] 0x0                (size_t) [0]
	[RSP+770] 0x0                (size_t) [0]
	[RSP+778] 0x0                (size_t) [0]
	[RSP+780] 0x0                (size_t) [0]
	[RSP+788] 0x0                (size_t) [0]
	[RSP+790] 0x0                (size_t) [0]
	[RSP+798] 0x0                (size_t) [0]
	[RSP+7A0] 0x0                (size_t) [0]
	[RSP+7A8] 0x0                (size_t) [0]
	[RSP+7B0] 0x0                (size_t) [0]
	[RSP+7B8] 0x0                (size_t) [0]
	[RSP+7C0] 0x0                (size_t) [0]
	[RSP+7C8] 0x0                (size_t) [0]
	[RSP+7D0] 0x0                (size_t) [0]
	[RSP+7D8] 0x0                (size_t) [0]
	[RSP+7E0] 0x0                (size_t) [0]
	[RSP+7E8] 0x0                (size_t) [0]
	[RSP+7F0] 0x0                (size_t) [0]
	[RSP+7F8] 0x0                (size_t) [0]
	[RSP+800] 0x0                (size_t) [0]
	[RSP+808] 0x0                (size_t) [0]
	[RSP+810] 0x0                (size_t) [0]
	[RSP+818] 0x0                (size_t) [0]
	[RSP+820] 0x0                (size_t) [0]
	[RSP+828] 0x0                (size_t) [0]
	[RSP+830] 0x0                (size_t) [0]
	[RSP+838] 0x0                (size_t) [0]
	[RSP+840] 0x0                (size_t) [0]
	[RSP+848] 0x0                (size_t) [0]
	[RSP+850] 0x0                (size_t) [0]
	[RSP+858] 0x0                (size_t) [0]
	[RSP+860] 0x0                (size_t) [0]
	[RSP+868] 0x0                (size_t) [0]
	[RSP+870] 0x0                (size_t) [0]
	[RSP+878] 0x0                (size_t) [0]
	[RSP+880] 0x0                (size_t) [0]
	[RSP+888] 0x0                (size_t) [0]
	[RSP+890] 0x0                (size_t) [0]
	[RSP+898] 0x0                (size_t) [0]
	[RSP+8A0] 0x0                (size_t) [0]
	[RSP+8A8] 0x0                (size_t) [0]
	[RSP+8B0] 0x0                (size_t) [0]
	[RSP+8B8] 0x0                (size_t) [0]
	[RSP+8C0] 0x0                (size_t) [0]
	[RSP+8C8] 0x0                (size_t) [0]
	[RSP+8D0] 0x0                (size_t) [0]
	[RSP+8D8] 0x0                (size_t) [0]
	[RSP+8E0] 0x0                (size_t) [0]
	[RSP+8E8] 0x0                (size_t) [0]
	[RSP+8F0] 0x0                (size_t) [0]
	[RSP+8F8] 0x0                (size_t) [0]
	[RSP+900] 0x0                (size_t) [0]
	[RSP+908] 0x0                (size_t) [0]
	[RSP+910] 0x0                (size_t) [0]
	[RSP+918] 0x0                (size_t) [0]
	[RSP+920] 0x0                (size_t) [0]
	[RSP+928] 0x0                (size_t) [0]
	[RSP+930] 0x0                (size_t) [0]
	[RSP+938] 0x0                (size_t) [0]
	[RSP+940] 0x0                (size_t) [0]
	[RSP+948] 0x0                (size_t) [0]
	[RSP+950] 0x0                (size_t) [0]
	[RSP+958] 0x0                (size_t) [0]
	[RSP+960] 0x0                (size_t) [0]
	[RSP+968] 0x0                (size_t) [0]
	[RSP+970] 0x0                (size_t) [0]
	[RSP+978] 0x0                (size_t) [0]
	[RSP+980] 0x0                (size_t) [0]
	[RSP+988] 0x0                (size_t) [0]
	[RSP+990] 0x0                (size_t) [0]
	[RSP+998] 0x0                (size_t) [0]

MODULES:
	XINPUT1_3.dll                                    0x000000400000
	steam_api64.dll                                  0x0000771F0000
	X3DAudio1_7.dll                                  0x000077230000
	d3d11.dll                                        0x000180000000
	tbb.dll                                          0x020091930000
	tbbmalloc.dll                                    0x02009C460000
	PerkEntryPointExtender.dll                       0x0200BD280000
	SkyrimSE.exe                                     0x7FF663530000
	d3d11on12.dll                                    0x7FFD1A6D0000
	d3dcompiler_47_64.dll                            0x7FFD1A760000
	NvCamera64.dll                                   0x7FFD1AB70000
	nvofapi64.dll                                    0x7FFD1B430000
	XAudio2_7.dll                                    0x7FFD1B750000
	d3dcompiler_46e.dll                              0x7FFD1B870000
	vulkan-1.dll                                     0x7FFD1BD70000
	nvcuda.dll                                       0x7FFD1BED0000
	nvngx_dlssg.dll                                  0x7FFD1C250000
	libxess.dll                                      0x7FFD1D4E0000
	nvngx_dlss.dll                                   0x7FFD1E380000
	nvwgf2umx.dll                                    0x7FFD3A3B0000
	nvgpucomp64.dll                                  0x7FFD3F7D0000
	_nvngx.dll                                       0x7FFD56FD0000
	sl.dlss_g.dll                                    0x7FFD57BC0000
	sl.common.dll                                    0x7FFD57DA0000
	gameoverlayrenderer64.dll                        0x7FFD57E50000
	YesImSure.dll                                    0x7FFD57FE0000
	WhichKey-NG.dll                                  0x7FFD58070000
	Weightless.dll                                   0x7FFD58200000
	TrueHUD.dll                                      0x7FFD58320000
	steamclient64.dll                                0x7FFD583E0000
	WhoseQuestIsItAnyway.dll                         0x7FFD59E60000
	TrueDirectionalMovement.dll                      0x7FFD59EE0000
	UnlimitedFastTravel.dll                          0x7FFD5A110000
	SureOfStealing.dll                               0x7FFD5A180000
	SSEDisplayTweaks.dll                             0x7FFD5A1F0000
	SoundRecordDistributor.dll                       0x7FFD5A290000
	SoftShadows.dll                                  0x7FFD5A370000
	sl.interposer.dll                                0x7FFD5A420000
	ffx_fsr2_api_dx12_x64.dll                        0x7FFD5A4A0000
	SkyrimUpscaler.dll                               0x7FFD5A770000
	SkyPatcher.dll                                   0x7FFD5A8C0000
	SkillOfSneaking.dll                              0x7FFD5AA10000
	skee64.dll                                       0x7FFD5AA80000
	ShadowBoost.dll                                  0x7FFD5AC90000
	ScrambledBugs.dll                                0x7FFD5AD50000
	ScaleformTranslationPP.dll                       0x7FFD5ADF0000
	RemoveAllItemsFix.dll                            0x7FFD5AE60000
	RecursionFPSFix.dll                              0x7FFD5AEF0000
	ReadingIsBad.dll                                 0x7FFD5AFD0000
	QuickLootEE.dll                                  0x7FFD5B070000
	po3_UseOrTake.dll                                0x7FFD5B150000
	po3_Tweaks.dll                                   0x7FFD5B200000
	po3_SpellPerkItemDistributor.dll                 0x7FFD5B2D0000
	po3_SimpleOffenceSuppression.dll                 0x7FFD5B440000
	po3_SimpleActivateSKSE.dll                       0x7FFD5B4E0000
	po3_SaveUnbaker.dll                              0x7FFD5B590000
	po3_ReadOrTakeBooks.dll                          0x7FFD5B630000
	PDPerfPlugin.dll                                 0x7FFD632A0000
	po3_PapyrusExtender.dll                          0x7FFD63300000
	po3_MoonMod.dll                                  0x7FFD63570000
	po3_MagicSneakAttacks.dll                        0x7FFD63620000
	po3_KeywordItemDistributor.dll                   0x7FFD636D0000
	po3_EnhancedInvisibility.dll                     0x7FFD63860000
	po3_ENBLightForEffectShaders.dll                 0x7FFD63910000
	po3_DualCastingFix.dll                           0x7FFD639D0000
	po3_CraftingRecipeDistributor.dll                0x7FFD63A70000
	po3_ConsolePlusPlus.dll                          0x7FFD63B20000
	po3_BaseObjectSwapper.dll                        0x7FFD64D40000
	po3_AnimObjectSwapper.dll                        0x7FFD64E60000
	PlayerPayCrimeGoldTweak.dll                      0x7FFD64F10000
	PapyrusUtil.dll                                  0x7FFD65180000
	PapyrusTweaks.dll                                0x7FFD652F0000
	PapyrusIniManipulator.dll                        0x7FFD653F0000
	OStim.dll                                        0x7FFD654E0000
	PayloadInterpreter.dll                           0x7FFD77160000
	PAPER.dll                                        0x7FFD771D0000
	OSLAroused.dll                                   0x7FFD77250000
	OpenAnimationReplacer.dll                        0x7FFD77340000
	OpenAnimationReplacer-IEDConditionExtensions.dll 0x7FFD775D0000
	hdtSMP64.dll                                     0x7FFD776F0000
	PassiveWeaponEnchantmentRecharging.dll           0x7FFD829D0000
	PairedAnimationImprovements.dll                  0x7FFD82A30000
	OBody.dll                                        0x7FFD82AA0000
	NoOppositeGenderAnims.dll                        0x7FFD82B50000
	NoEnchantmentRestrictionRemake.dll               0x7FFD82C40000
	MuSkeletonEditor.dll                             0x7FFD82CF0000
	MumsTheWord.dll                                  0x7FFD82DA0000
	MuJointFix.dll                                   0x7FFD82E20000
	NotificationFilter.dll                           0x7FFD83360000
	MoreInformativeConsole.dll                       0x7FFD833D0000
	MenuMaid2.dll                                    0x7FFD834B0000
	loki_DynamicAnimationCasting.dll                 0x7FFD841B0000
	NativeEditorIDFix.dll                            0x7FFD84540000
	MCMHelper.dll                                    0x7FFD845A0000
	mfgfix.dll                                       0x7FFD84800000
	MaxsuCombatEscape.dll                            0x7FFD84870000
	LocationalEncounterZones.dll                     0x7FFD848D0000
	JContainers64.dll                                0x7FFD849B0000
	MapMarkerFramework.dll                           0x7FFD84DC0000
	kxWhereAreYou.dll                                0x7FFD84E60000
	KiENBExtender.dll                                0x7FFD854B0000
	ENBWorldspaceWeatherlists.dll                    0x7FFD85580000
	KiLoader.dll                                     0x7FFD855E0000
	IWantWidgetsNative.dll                           0x7FFD85680000
	ItemPropertyManipulator.dll                      0x7FFD857A0000
	InventoryInjector.dll                            0x7FFD858F0000
	KillCapsLockNG.dll                               0x7FFD85A30000
	InfinityUI.dll                                   0x7FFD85AC0000
	ImWalkinHere.dll                                 0x7FFD85BF0000
	IdrinthBuffsWorkOnNPCs.dll                       0x7FFD85CC0000
	htfq_se.dll                                      0x7FFD85D60000
	HelpExtender.dll                                 0x7FFD88DB0000
	HDLocalMap.dll                                   0x7FFD88E50000
	GrassSamplerFix.dll                              0x7FFD88EB0000
	Fuz Ro D'oh.dll                                  0x7FFD88F40000
	FormListManipulator.dll                          0x7FFD88FB0000
	ENBLightDetectionFix.dll                         0x7FFD890D0000
	ENBHelperSE.dll                                  0x7FFD89170000
	DescriptionFramework.dll                         0x7FFD89210000
	CrashLogger.dll                                  0x7FFD892D0000
	CraftingCategories.dll                           0x7FFD89570000
	ComprehensiveAttackSpeedPatch.dll                0x7FFD89650000
	dxgi.dll                                         0x7FFD897F0000
	CompassNavigationOverhaul.dll                    0x7FFD8C100000
	D3DCOMPILER_43.dll                               0x7FFD8C290000
	BetterThirdPersonSelection.dll                   0x7FFD8C530000
	WINHTTP.dll                                      0x7FFD93080000
	cbp.dll                                          0x7FFD938B0000
	FixNotesForSkyUI.dll                             0x7FFD94E60000
	CCExtender.dll                                   0x7FFD94EF0000
	AnimationMotionRevolution.dll                    0x7FFD96410000
	EnemiesRespectEncounterZones.dll                 0x7FFD97A50000
	Arcane-Disenchanter-NG.dll                       0x7FFD97CE0000
	AddItemMenuSE.dll                                0x7FFD97DE0000
	ActorValueExtension.dll                          0x7FFD97EE0000
	FaceGenFixes.dll                                 0x7FFD98AA0000
	BackportedESLSupport.dll                         0x7FFD99170000
	KiLoaderSatelliteENB.dllplugin                   0x7FFD992D0000
	DynamicCollisionAdjustment.dll                   0x7FFD993B0000
	nvcuda64.dll                                     0x7FFD9A3C0000
	CaptureWarmer.dll                                0x7FFD9B8A0000
	dxilconv.dll                                     0x7FFD9CB50000
	ContainerItemDistributor.dll                     0x7FFD9EA70000
	EngineFixes.dll                                  0x7FFD9EE30000
	BugFixesSSE.dll                                  0x7FFD9FB40000
	AutoParallax.dll                                 0x7FFD9FE60000
	tier0_s64.dll                                    0x7FFD9FEF0000
	AHZmoreHUDPlugin.dll                             0x7FFDA4E40000
	encounter_zones_unlocked.dll                     0x7FFDA60B0000
	skse64_1_6_640.dll                               0x7FFDA6A40000
	ConsoleUtilSSE.dll                               0x7FFDA77D0000
	ActorLimitFix.dll                                0x7FFDAFE10000
	bink2w64.dll                                     0x7FFDB0B90000
	AnimationQueueFix.dll                            0x7FFDB0DD0000
	KiLoaderSatelliteSKSE.dll                        0x7FFDCB550000
	ENBHelperPlus.dll                                0x7FFDCB5C0000
	vstdlib_s64.dll                                  0x7FFDCB690000
	d3dx11_43.dll                                    0x7FFDCBB20000
	AHZmoreHUDInventory.dll                          0x7FFDCC580000
	PrivateProfileRedirector.dll                     0x7FFDF2AE0000
	sl.reflex.dll                                    0x7FFDF4BF0000
	D3DSCache.dll                                    0x7FFDF4E40000
	D3D12Core.dll                                    0x7FFDF4FF0000
	ResampleDmo.DLL                                  0x7FFDF5240000
	DSOUND.DLL                                       0x7FFDF5300000
	fiss.dll                                         0x7FFDF53B0000
	d3d12.dll                                        0x7FFDF6F00000
	CONCRT140.dll                                    0x7FFDF6F30000
	BarterLimitFix.dll                               0x7FFDFBF20000
	XeFX.dll                                         0x7FFDFCCE0000
	MessageBus.dll                                   0x7FFDFE710000
	DINPUT8.dll                                      0x7FFE17120000
	nvapi64.dll                                      0x7FFE2F5E0000
	msdmo.dll                                        0x7FFE33130000
	nvspcap64.dll                                    0x7FFE40EC0000
	UIAutomationCore.dll                             0x7FFE52B60000
	XINPUT9_1_0.dll                                  0x7FFE53820000
	usvfs_x64.dll                                    0x7FFE54030000
	SkyrimUncapper.dll                               0x7FFE542A0000
	EVLaS.dll                                        0x7FFE54680000
	vmm-x64.dll                                      0x7FFE561C0000
	SMP-NPC crash fix.dll                            0x7FFE56270000
	ondemandconnroutehelper.dll                      0x7FFE5A700000
	threadpoolwinrt.dll                              0x7FFE5A740000
	XeFX_Loader.dll                                  0x7FFE5FA20000
	d3dx9_42.dll                                     0x7FFE5FA30000
	MSVCP140_ATOMIC_WAIT.dll                         0x7FFE60110000
	ffx_fsr2_api_x64.dll                             0x7FFE616D0000
	WININET.dll                                      0x7FFE61AC0000
	NvTelemetryAPI64.dll                             0x7FFE63660000
	inputhost.dll                                    0x7FFE64AF0000
	ncryptsslp.dll                                   0x7FFE65180000
	nvldumdx.dll                                     0x7FFE65480000
	MessageBus.dll                                   0x7FFE67300000
	dbgcore.DLL                                      0x7FFE68680000
	Windows.UI.dll                                   0x7FFE69CC0000
	winmmbase.dll                                    0x7FFE6B1F0000
	MSVCP140.dll                                     0x7FFE6B610000
	NvTelemetryBridge64.dll                          0x7FFE71000000
	VCRUNTIME140.dll                                 0x7FFE71180000
	webio.dll                                        0x7FFE71340000
	urlmon.dll                                       0x7FFE71D70000
	VCRUNTIME140_1.dll                               0x7FFE71F60000
	amsi.dll                                         0x7FFE721B0000
	textinputframework.dll                           0x7FFE745D0000
	AUDIOSES.DLL                                     0x7FFE74B70000
	wbemsvc.dll                                      0x7FFE77E40000
	WINMM.dll                                        0x7FFE77EF0000
	fastprox.dll                                     0x7FFE78B70000
	srvcli.dll                                       0x7FFE79790000
	iertutil.dll                                     0x7FFE797C0000
	SPINF.dll                                        0x7FFE79EB0000
	COMCTL32.dll                                     0x7FFE7A230000
	OLEACC.dll                                       0x7FFE7A390000
	gdiplus.dll                                      0x7FFE7A750000
	MMDevApi.dll                                     0x7FFE7A980000
	diskCacheEnabler.dll                             0x7FFE7AE60000
	MSIMG32.dll                                      0x7FFE7B280000
	wbemcomn.dll                                     0x7FFE7BFC0000
	MpOav.dll                                        0x7FFE7C820000
	twinapi.appcore.dll                              0x7FFE7C8A0000
	dbghelp.dll                                      0x7FFE7D590000
	drvstore.dll                                     0x7FFE7E1D0000
	cryptnet.dll                                     0x7FFE7E400000
	wbemprox.dll                                     0x7FFE7E490000
	VERSION.dll                                      0x7FFE7E560000
	DEVRTL.dll                                       0x7FFE7E6E0000
	CoreUIComponents.dll                             0x7FFE7F350000
	avrt.dll                                         0x7FFE7F9C0000
	directxdatabasehelper.dll                        0x7FFE7FB30000
	fwpuclnt.dll                                     0x7FFE7FDB0000
	dhcpcsvc.DLL                                     0x7FFE80B90000
	dhcpcsvc6.DLL                                    0x7FFE80C00000
	WINHTTP.DLL                                      0x7FFE80DB0000
	rasadhlp.dll                                     0x7FFE80F60000
	D3DCOMPILER_47.dll                               0x7FFE813A0000
	WindowsCodecs.dll                                0x7FFE81790000
	d3d11.dll                                        0x7FFE82370000
	XINPUT1_4.dll                                    0x7FFE82650000
	KiHalloc.dll                                     0x7FFE826B0000
	dcomp.dll                                        0x7FFE82730000
	CoreMessaging.dll                                0x7FFE82DA0000
	UxTheme.dll                                      0x7FFE84100000
	dxgi.dll                                         0x7FFE84270000
	dwmapi.dll                                       0x7FFE84380000
	WINNSI.DLL                                       0x7FFE843B0000
	dxcore.dll                                       0x7FFE843F0000
	resourcepolicyclient.dll                         0x7FFE84770000
	wintypes.dll                                     0x7FFE84B80000
	windows.storage.dll                              0x7FFE84CC0000
	HID.DLL                                          0x7FFE855C0000
	netutils.dll                                     0x7FFE857E0000
	IPHLPAPI.DLL                                     0x7FFE858D0000
	DNSAPI.dll                                       0x7FFE85900000
	UMPDC.dll                                        0x7FFE85BD0000
	POWRPROF.dll                                     0x7FFE85BF0000
	Secur32.dll                                      0x7FFE85C60000
	schannel.DLL                                     0x7FFE85CE0000
	rsaenh.dll                                       0x7FFE85DF0000
	kernel.appcore.dll                               0x7FFE85E90000
	ntmarta.dll                                      0x7FFE85EB0000
	SSPICLI.DLL                                      0x7FFE860F0000
	MSWSOCK.dll                                      0x7FFE86300000
	gpapi.dll                                        0x7FFE86370000
	USERENV.dll                                      0x7FFE863A0000
	wldp.dll                                         0x7FFE86580000
	CRYPTBASE.DLL                                    0x7FFE86630000
	CRYPTSP.dll                                      0x7FFE86650000
	NTASN1.dll                                       0x7FFE86700000
	ncrypt.dll                                       0x7FFE86740000
	bcrypt.dll                                       0x7FFE86770000
	MSASN1.dll                                       0x7FFE86A80000
	devobj.dll                                       0x7FFE86AA0000
	CFGMGR32.dll                                     0x7FFE86AD0000
	DPAPI.DLL                                        0x7FFE86B40000
	profapi.dll                                      0x7FFE86D10000
	wintrust.dll                                     0x7FFE86DE0000
	KERNELBASE.dll                                   0x7FFE86E50000
	CRYPT32.dll                                      0x7FFE87200000
	bcryptPrimitives.dll                             0x7FFE87370000
	ucrtbase.dll                                     0x7FFE873F0000
	msvcp_win.dll                                    0x7FFE87510000
	win32u.dll                                       0x7FFE87670000
	gdi32full.dll                                    0x7FFE876A0000
	ole32.dll                                        0x7FFE877C0000
	USER32.dll                                       0x7FFE87960000
	NSI.dll                                          0x7FFE87B10000
	clbcatq.dll                                      0x7FFE87B20000
	SHLWAPI.dll                                      0x7FFE87CB0000
	RPCRT4.dll                                       0x7FFE87D10000
	ADVAPI32.dll                                     0x7FFE87E30000
	SHELL32.dll                                      0x7FFE88120000
	sechost.dll                                      0x7FFE88980000
	msvcrt.dll                                       0x7FFE88A30000
	combase.dll                                      0x7FFE88AE0000
	imagehlp.dll                                     0x7FFE88E70000
	KERNEL32.DLL                                     0x7FFE88E90000
	OLEAUT32.dll                                     0x7FFE88F60000
	PSAPI.DLL                                        0x7FFE89040000
	COMDLG32.dll                                     0x7FFE89050000
	GDI32.dll                                        0x7FFE89150000
	WS2_32.dll                                       0x7FFE89180000
	IMM32.DLL                                        0x7FFE89270000
	SETUPAPI.dll                                     0x7FFE892B0000
	shcore.dll                                       0x7FFE89760000
	MSCTF.dll                                        0x7FFE89860000
	ntdll.dll                                        0x7FFE89A70000

SKSE PLUGINS:
	ActorLimitFix.dll
	ActorValueExtension.dll v1.9.5.4
	AddItemMenuSE.dll
	AHZmoreHUDInventory.dll v2.1.2
	AHZmoreHUDPlugin.dll v5.2.2
	AnimationMotionRevolution.dll
	AnimationQueueFix.dll v1.0.1
	Arcane-Disenchanter-NG.dll v1.1
	AutoParallax.dll v1.0.7
	BackportedESLSupport.dll
	BarterLimitFix.dll
	BetterThirdPersonSelection.dll v1
	BugFixesSSE.dll
	CaptureWarmer.dll v1.1
	cbp.dll
	CCExtender.dll v1.11.0.1
	CompassNavigationOverhaul.dll
	ComprehensiveAttackSpeedPatch.dll v1
	ConsoleUtilSSE.dll v1.4
	ContainerItemDistributor.dll v1.1.4
	CraftingCategories.dll v1.1
	CrashLogger.dll v1.11.1
	DescriptionFramework.dll v1.3
	diskCacheEnabler.dll
	DynamicCollisionAdjustment.dll v1.1
	ENBHelperPlus.dll v1
	ENBHelperSE.dll v2.2
	ENBLightDetectionFix.dll v1
	encounter_zones_unlocked.dll
	EnemiesRespectEncounterZones.dll v1.4.1
	EngineFixes.dll v6.1.1
	EVLaS.dll v1.3.1
	FaceGenFixes.dll v1.0.3
	fiss.dll
	FixNotesForSkyUI.dll v1.2.6
	FormListManipulator.dll v1.7
	Fuz Ro D'oh.dll v2.2.6.927
	GrassSamplerFix.dll v1.0.1
	HDLocalMap.dll v1.0.2
	hdtSMP64.dll
	HelpExtender.dll v1.2.1.1
	htfq_se.dll v2
	IdrinthBuffsWorkOnNPCs.dll v1
	ImWalkinHere.dll v1.7
	InfinityUI.dll
	InventoryInjector.dll v1.0.2
	ItemPropertyManipulator.dll v0.5.1
	IWantWidgetsNative.dll
	JContainers64.dll v4.2.3
	KillCapsLockNG.dll v1
	KiLoaderSatelliteSKSE.dll v1.2
	kxWhereAreYou.dll
	LocationalEncounterZones.dll v1.0.2
	loki_DynamicAnimationCasting.dll v3.2.3
	MapMarkerFramework.dll v2.2
	MaxsuCombatEscape.dll v1
	MCMHelper.dll v1.4
	MenuMaid2.dll v2.2.2
	mfgfix.dll v1.6.1
	MoreInformativeConsole.dll v1.1
	MuJointFix.dll v2.0.17
	MumsTheWord.dll v2.1
	MuSkeletonEditor.dll v0.4.3
	NativeEditorIDFix.dll v1.2
	NoEnchantmentRestrictionRemake.dll v3.0.1
	NoOppositeGenderAnims.dll v1.1
	NotificationFilter.dll v1.2.1
	OBody.dll v1
	OpenAnimationReplacer-IEDConditionExtensions.dll v1.0.2
	OpenAnimationReplacer.dll v2.0.2
	OSLAroused.dll v2.3
	OStim.dll v1.0.0.5
	PairedAnimationImprovements.dll v1.0.1
	PAPER.dll v2.2.4
	PapyrusIniManipulator.dll v1.9.3
	PapyrusTweaks.dll v4.1
	PapyrusUtil.dll
	PassiveWeaponEnchantmentRecharging.dll v1
	PayloadInterpreter.dll v1
	PerkEntryPointExtender.dll v1
	PlayerPayCrimeGoldTweak.dll v1.0.6
	po3_AnimObjectSwapper.dll v1.1.0.1
	po3_BaseObjectSwapper.dll v2.6.1.1
	po3_ConsolePlusPlus.dll v1.4.0.1
	po3_CraftingRecipeDistributor.dll v2.1.0.1
	po3_DualCastingFix.dll v1.0.0.1
	po3_ENBLightForEffectShaders.dll v2.1.0.1
	po3_EnhancedInvisibility.dll v1.3.0.1
	po3_KeywordItemDistributor.dll v3.0.4.1
	po3_MagicSneakAttacks.dll v1.2.0.1
	po3_MoonMod.dll v2.0.2.1
	po3_PapyrusExtender.dll v5.6.1.1
	po3_ReadOrTakeBooks.dll v1.3.0.1
	po3_SaveUnbaker.dll v1.0.3.1
	po3_SimpleActivateSKSE.dll v1.4.1.1
	po3_SimpleOffenceSuppression.dll v2.2.1.1
	po3_SpellPerkItemDistributor.dll v6.7.5.1
	po3_Tweaks.dll v1.8.1.1
	po3_UseOrTake.dll v1.2.0.1
	PrivateProfileRedirector.dll
	QuickLootEE.dll v1.1
	ReadingIsBad.dll v1.0.12
	RecursionFPSFix.dll v1.1
	RemoveAllItemsFix.dll v1.1
	ScaleformTranslationPP.dll v1.6
	ScrambledBugs.dll
	ShadowBoost.dll
	skee64.dll
	SkillOfSneaking.dll v1.1
	SkyPatcher.dll v1.0.0.1
	SkyrimUncapper.dll
	SkyrimUpscaler.dll v1
	SMP-NPC crash fix.dll
	SoftShadows.dll v2
	SoundRecordDistributor.dll v1.2
	SSEDisplayTweaks.dll v0.5.16
	SureOfStealing.dll v1.1.3
	TrueDirectionalMovement.dll v2.2.5
	TrueHUD.dll v1.1.8
	UnlimitedFastTravel.dll v1.5.3
	Weightless.dll v1
	WhichKey-NG.dll v1.1
	WhoseQuestIsItAnyway.dll v1.5
	YesImSure.dll v1.7

PLUGINS:
	Light: 100	Regular: 151	Total: 251
	[ 0]     Skyrim.esm
	[ 1]     Update.esm
	[ 2]     Dawnguard.esm
	[ 3]     HearthFires.esm
	[ 4]     Dragonborn.esm
	[ 5]     ccasvsse001-almsivi.esm
	[ 6]     ccBGSSSE001-Fish.esm
	[ 7]     cctwbsse001-puzzledungeon.esm
	[ 8]     ccbgssse016-umbra.esm
	[ 9]     ccbgssse031-advcyrus.esm
	[ A]     ccbgssse067-daedinv.esm
	[ B]     ccBGSSSE025-AdvDSGS.esm
	[ C]     cceejsse005-cave.esm
	[ D]     ccafdsse001-dwesanctuary.esm
	[ E]     Unofficial Skyrim Special Edition Patch.esp
	[ F]     Unofficial Skyrim Modders Patch.esp
	[10]     Lux Via.esp
	[11]     IcyFixes.esm
	[12]     Skyrim Extended Cut - Saints and Seducers.esp
	[13]     Water for ENB.esm
	[14]     High Poly Head.esm
	[15]     Lonewolf's Manor.esp
	[16]     BBLuxurySuite.esm
	[17]     Triple Triad Skyrim.esp
	[18]     myrwatchhomefixer.esp
	[19]     Heels Sound.esm
	[1A]     ApachiiHair.esm
	[1B]     The Amazing World of Bikini Armors REMASTERED.esp
	[1C]     SkyfallEstateRevampedMain.esp
	[1D]     Sapphire Castle.esp
	[1E]     FISS.esp
	[1F]     SGEyebrows.esp
	[20]     Smooth Weapon.esm
	[21]     wraithguardvaultfixer.esp
	[22]     Schlongs of Skyrim - Core.esm
	[23]     DynDOLOD.esm
	[24]     Immersive Wenches.esp
	[25]     YurianaWench.esp
	[26]     Bandit War.esp
	[27]     [NINI] Falcon.esp
	[28]     Daily-Wear.esp
	[29]     Fashions of the Banditry.esp
	[2A]     WildHuntress.esp
	[2B]     Tembtra Thief Armor.esp
	[2C]     Stella Mithril Armor.esp
	[2D]     Spartan Bard Outfit.esp
	[2E]     Sotteta Necromancer Outfit.esp
	[2F]     Sotteta Huntress Armor.esp
	[30]     Merta Black Rose Armor.esp
	[31]     Merta Assassin Armor.esp
	[32]     Gwelda Witch.esp
	[33]     Gwelda Vampire.esp
	[34]     Gwelda Dawnguard Armor.esp
	[35]     Emfy Cleric Robes.esp
	[36]     DX Witcher Armor.esp
	[37]     DX Witch Hunter Armor.esp
	[38]     DX Morenn Outfit.esp
	[39]     DX Druid Armor.esp
	[3A]     DX Daughter of the Sea.esp
	[3B]     DX Christmas Bunny Outfit.esp
	[3C]     Demon Armor.esp
	[3D]     Daedric Reaper Armor.esp
	[3E]     Crimson Blood Armor.esp
	[3F]     Celes Tarot Outfit Cloth UNP.esp
	[40]     Celes Rogue Armor UNP.esp
	[41]     Celes Nightingale Armor.esp
	[42]     Celes Mercy.esp
	[43]     Cassandra Frost Witch.esp
	[44]     Cassandra Apocrypha UNP.esp
	[45]     AncientDraugr.esp
	[46]     Audio Overhaul Skyrim.esp
	[47]     Immersive Sounds - Compendium.esp
	[48]     Obsidian Weathers.esp
	[49]     SMIM-SE-Merged-All.esp
	[4A]     TrueStormsSE.esp
	[4B]     DLCIntegration.esp
	[4C]     Weapons Armor Clothing & Clutter Fixes.esp
	[4D]     Summermyst - Enchantments of Skyrim.esp
	[4E]     Relationship Dialogue Overhaul.esp
	[4F]     Castle Volkihar Rebuilt.esp
	[50]     Book Covers Skyrim.esp
	[51]     CollegeOfWinterholdImmersive.esp
	[52]     OCW_Obscure's_CollegeofWinterhold.esp
	[53]     Landscape Fixes For Grass Mods.esp
	[54]     MysticismMagic.esp
	[55]     Adamant.esp
	[56]     HappyLittleTrees.esp
	[57]     SeranaDialogAddon.esp
	[58]     WACCF_Armor and Clothing Extension.esp
	[59]     HearthfireMultiKid.esp
	[5A]     Embers XD.esp
	[5B]     NewArmoury.esp
	[5C]     Better Vampire NPCs.esp
	[5D]     Wheres Your Smelter.esp
	[5E]     PrvtI_HeavyArmory.esp
	[5F]     CFTO.esp
	[60]     Lit Road Signs.esp
	[61]     Mists of Tamriel.esp
	[62]     Animated Armoury - Enchantments.esp
	[63]     ThaneFailSafe.esp
	[64]     HQEyes-2k.esp
	[65]     ENB Light.esp
	[66]     Cathedral - 3D Pine Grass.esp
	[67]     My Home Is Your Home.esp
	[68]     Apocalypse - Magic of Skyrim.esp
	[69]     RaceMenu.esp
	[6A]     XPMSE.esp
	[6B]     ORomance.esp
	[6C]     NPC Death Alerts.esp
	[6D]     nwsFollowerFramework.esp
	[6E]     DGPlayerIsVampire.esp
	[6F]     Ritual - Unofficial Mysticism Addon.esp
	[70]     Teach Followers Spells.esp
	[71]     Resurrect.esp
	[72]     ShowRaceMenuAlternative.esp
	[73]     Take All Loose Gold and Arrows.esp
	[74]     NewArmoury - Summermyst Patch.esp
	[75]     Mining For Mages Redux.esp
	[76]     AllEnchantmentsUnlocked.esp
	[77]     HearthfireMultiKid_LastName.esp
	[78]     FixVampireLord - Revert Form.esp
	[79]     Faction Crossbows.esp
	[7A]     Dress Up Lovers.esp
	[7B]     UIExtensions.esp
	[7C]     RaceMenuPlugin.esp
	[7D]     KS Hairdo's.esp
	[7E]     AHZmoreHUD.esp
	[7F]     OStimCommunityResource.esp
	[80]     AdamantSmithing.esp
	[81]     SOSRaceMenu.esp
	[82]     Schlongs of Skyrim.esp
	[83]     SOS - Smurf Average Addon.esp
	[84]     ArenaHarderSpawns.esp
	[85]     Better Vampires.esp
	[86]     Better Vampire Lords.esp
	[87]     Alternate Start - Live Another Life.esp
	[88]     BBLS-ASLAL.esp
	[89]     Lux.esp
	[8A]     Water for ENB (Shades of Skyrim).esp
	[8B]     Summermyst - WACCF Patch.esp
	[8C]     BBLS_SKSE64_Patch.esp
	[8D]     BBLuxurySuiteENM.esp
	[8E]     Buxom Tweaks.esp
	[8F]     AOS-ISC Patcher.esp
	[90]     ENB Light Compatibility.esp
	[91]     Enhanced Books.esp
	[92]     Fusion Patcher.esp
	[93]     Heels Sound Patch.esp
	[94]     NPC Improvements.esp
	[95]     Synthesis.esp
	[96]     DynDOLOD.esp
	[FE:  0] ccbgssse002-exoticarrows.esl
	[FE:  1] ccbgssse003-zombies.esl
	[FE:  2] ccbgssse004-ruinsedge.esl
	[FE:  3] ccbgssse005-goldbrand.esl
	[FE:  4] ccbgssse006-stendarshammer.esl
	[FE:  5] ccbgssse007-chrysamere.esl
	[FE:  6] ccbgssse010-petdwarvenarmoredmudcrab.esl
	[FE:  7] ccbgssse011-hrsarmrelvn.esl
	[FE:  8] ccbgssse012-hrsarmrstl.esl
	[FE:  9] ccbgssse014-spellpack01.esl
	[FE:  A] ccbgssse019-staffofsheogorath.esl
	[FE:  B] ccbgssse020-graycowl.esl
	[FE:  C] ccbgssse021-lordsmail.esl
	[FE:  D] ccmtysse001-knightsofthenine.esl
	[FE:  E] ccQDRSSE001-SurvivalMode.esl
	[FE:  F] ccqdrsse002-firewood.esl
	[FE: 10] ccbgssse018-shadowrend.esl
	[FE: 11] ccbgssse035-petnhound.esl
	[FE: 12] ccfsvsse001-backpacks.esl
	[FE: 13] cceejsse002-tower.esl
	[FE: 14] ccedhsse001-norjewel.esl
	[FE: 15] ccvsvsse002-pets.esl
	[FE: 16] ccBGSSSE037-Curios.esl
	[FE: 17] ccbgssse034-mntuni.esl
	[FE: 18] ccbgssse045-hasedoki.esl
	[FE: 19] ccbgssse008-wraithguard.esl
	[FE: 1A] ccbgssse036-petbwolf.esl
	[FE: 1B] ccffbsse001-imperialdragon.esl
	[FE: 1C] ccmtysse002-ve.esl
	[FE: 1D] ccbgssse043-crosselv.esl
	[FE: 1E] ccvsvsse001-winter.esl
	[FE: 1F] cceejsse003-hollow.esl
	[FE: 20] ccbgssse038-bowofshadows.esl
	[FE: 21] ccbgssse040-advobgobs.esl
	[FE: 22] ccbgssse050-ba_daedric.esl
	[FE: 23] ccbgssse052-ba_iron.esl
	[FE: 24] ccbgssse054-ba_orcish.esl
	[FE: 25] ccbgssse058-ba_steel.esl
	[FE: 26] ccbgssse059-ba_dragonplate.esl
	[FE: 27] ccbgssse061-ba_dwarven.esl
	[FE: 28] ccpewsse002-armsofchaos.esl
	[FE: 29] ccbgssse041-netchleather.esl
	[FE: 2A] ccedhsse002-splkntset.esl
	[FE: 2B] ccbgssse064-ba_elven.esl
	[FE: 2C] ccbgssse063-ba_ebony.esl
	[FE: 2D] ccbgssse062-ba_dwarvenmail.esl
	[FE: 2E] ccbgssse060-ba_dragonscale.esl
	[FE: 2F] ccbgssse056-ba_silver.esl
	[FE: 30] ccbgssse055-ba_orcishscaled.esl
	[FE: 31] ccbgssse053-ba_leather.esl
	[FE: 32] ccbgssse051-ba_daedricmail.esl
	[FE: 33] ccbgssse057-ba_stalhrim.esl
	[FE: 34] ccbgssse066-staves.esl
	[FE: 35] ccbgssse068-bloodfall.esl
	[FE: 36] ccbgssse069-contest.esl
	[FE: 37] ccvsvsse003-necroarts.esl
	[FE: 38] ccvsvsse004-beafarmer.esl
	[FE: 39] ccffbsse002-crossbowpack.esl
	[FE: 3A] ccbgssse013-dawnfang.esl
	[FE: 3B] ccrmssse001-necrohouse.esl
	[FE: 3C] ccedhsse003-redguard.esl
	[FE: 3D] cceejsse004-hall.esl
	[FE: 3E] cckrtsse001_altar.esl
	[FE: 3F] cccbhsse001-gaunt.esl
	[FE: 40] Cleaned Skyrim SE Textures.esp
	[FE: 41] ATU 2x.esp
	[FE: 42] ATU 2x0.esp
	[FE: 43] ATU 2x1.esp
	[FE: 44] ATU 2x2.esp
	[FE: 45] ATU 2x3.esp
	[FE: 46] ATU 2x4.esp
	[FE: 47] Unofficial Silver Armor Patch.esl
	[FE: 48] Unofficial Shadowrend Patch.esl
	[FE: 49] Unofficial Shadowfoot Sanctum Patch.esl
	[FE: 4A] Unofficial Saturalia Holiday Pack Patch.esl
	[FE: 4B] Unofficial Ruin's Edge Patch.esl
	[FE: 4C] Unofficial Redguard Elite Armaments Patch.esl
	[FE: 4D] Unofficial Plague of the Dead Patch.esl
	[FE: 4E] Unofficial Pets of Skyrim Patch.esl
	[FE: 4F] Unofficial Orcish Scaled Armor Patch.esl
	[FE: 50] Unofficial Orcish Plate Armor Patch.esl
	[FE: 51] Unofficial Nordic Jewelry Patch.esl
	[FE: 52] Unofficial Nix-Hound Patch.esl
	[FE: 53] Unofficial Netch Leather Armors Patch.esl
	[FE: 54] Unofficial Necromantic Grimoire Patch.esl
	[FE: 55] Unofficial Farming Patch.esl
	[FE: 56] Unofficial Forgotten Seasons Patch.esl
	[FE: 57] Unofficial Civil War Champions Patch.esl
	[FE: 58] Unofficial Dead Man's Dread Patch.esl
	[FE: 59] Unofficial Myrwatch Patch.esl
	[FE: 5A] Unofficial Sunder & Wraithguard Patch.esl
	[FE: 5B] Unofficial Vigil Enforcer Armor Set Patch.esl
	[FE: 5C] Unofficial Bloodchill Manor Patch.esl
	[FE: 5D] Unofficial Spell Knight Armor Patch.esl
	[FE: 5E] Unofficial Arms of Chaos Patch.esl
	[FE: 5F] Unofficial Hendraheim Patch.esl
	[FE: 60] Unofficial Umbra Patch.esl
	[FE: 61] Unofficial Lord's Mail Patch.esl
	[FE: 62] Unofficial Iron Armor Patch.esl
	[FE: 63] Unofficial Headmans Cleaver Patch.esl
