Skyrim SSE v1.6.640
CrashLoggerSSE v1-11-1-0 Nov 18 2023 13:56:33

Unhandled exception "EXCEPTION_ACCESS_VIOLATION" at 0x7FF91521EAB4 skee64.dll+001EAB4	mov rbx, [rsi+rax*8+0x08]

SYSTEM SPECS:
	OS: Microsoft Windows 11 Pro v10.0.22631
	CPU: AuthenticAMD AMD Ryzen 7 7800X3D 8-Core Processor           
	GPU #1: Nvidia AD104 [GeForce RTX 4070]
	GPU #2: AMD Raphael
	GPU #3: Microsoft Basic Render Driver
	PHYSICAL MEMORY: 37.15 GB/63.15 GB
	GPU MEMORY: 10.47/10.64 GB

PROBABLE CALL STACK:
	[ 0] 0x7FF91521EAB4   skee64.dll+001EAB4
	[ 1] 0x7FF91521DA81   skee64.dll+001DA81
	[ 2] 0x7FF91520C3FE   skee64.dll+000C3FE
	[ 3] 0x7FF91520BF38   skee64.dll+000BF38
	[ 4] 0x7FF91527EC67   skee64.dll+007EC67
	[ 5] 0x7FF9152083E2   skee64.dll+00083E2
	[ 6] 0x7FF9179A1D32    OBody.dll+0001D32
	[ 7] 0x7FF9179A741E    OBody.dll+000741E
	[ 8] 0x7FFA371B9363 ucrtbase.dll+0029363
	[ 9] 0x7FFA3939257D KERNEL32.DLL+001257D
	[10] 0x7FFA3962AA58    ntdll.dll+005AA58

REGISTERS:
	RAX 0x8                (size_t) [8]
	RCX 0x66CFD5465DB08344 (size_t) [7408374410244031300]
	RDX 0x88C753F6F0       (void*)
	RBX 0x2745F3F3740      (void*)
	RSP 0x88C753F660       (void*)
	RBP 0x7FF9153E8668     (void* -> skee64.dll+01E8668	add [rax], al)
	RSI 0x0                (size_t) [0]
	RDI 0x2745F3F3750      (void*)
	R8  0x2745F3F3750      (void*)
	R9  0x40               (size_t) [64]
	R10 0x1C0              (size_t) [448]
	R11 0xFC00098          (size_t) [264241304]
	R12 0x88C753F6F0       (void*)
	R13 0x88C753F7D0       (void*)
	R14 0x2745F3F2458      (void*)
	R15 0x275A9DC4600      (void*)

STACK:
	[RSP+0  ] 0x7FF9153E8668     (void* -> skee64.dll+01E8668	add [rax], al)
	[RSP+8  ] 0x7FF915345728     (void* -> skee64.dll+0145728	test rax, rax)
	[RSP+10 ] 0x0                (size_t) [0]
	[RSP+18 ] 0x80               (size_t) [128]
	[RSP+20 ] 0x7FF9153E8668     (void* -> skee64.dll+01E8668	add [rax], al)
	[RSP+28 ] 0x0                (size_t) [0]
	[RSP+30 ] 0x275A9DC4600      (void*)
	[RSP+38 ] 0x2745F3F2458      (void*)
	[RSP+40 ] 0x88C753F9F0       (std::_Func_impl_no_alloc<`MorphCache::UpdateMorphs'::`2'::<lambda_1>,void,bool,unsigned long,NiNode *,TESForm *,TESForm *,NiAVObject *>*)
	[RSP+48 ] 0x274869D7C70      (void*)
	[RSP+50 ] 0x88C753F7D0       (void*)
	[RSP+58 ] 0x2745F3F2E40      (void*)
	[RSP+60 ] 0x7FF9153E8668     (void* -> skee64.dll+01E8668	add [rax], al)
	[RSP+68 ] 0x7FF91521DA81     (void* -> skee64.dll+001DA81	mov rax, [rbx])
	[RSP+70 ] 0x66CFD5465DB08344 (size_t) [7408374410244031300]
	[RSP+78 ] 0x2745F3F3740      (void*)
	[RSP+80 ] 0x7FF9153E8668     (void* -> skee64.dll+01E8668	add [rax], al)
	[RSP+88 ] 0x88C753F7D0       (void*)
	[RSP+90 ] 0x27274B865D0      (void*)
	[RSP+98 ] 0x1                (size_t) [1]
	[RSP+A0 ] 0x274869D7C70      (void*)
	[RSP+A8 ] 0x7FF91520C3FE     (void* -> skee64.dll+000C3FE	nop)
	[RSP+B0 ] 0x88C753F7D0       (void*)
	[RSP+B8 ] 0x2745F3F2420      (void*)
	[RSP+C0 ] 0x2745F3F2420      (void*)
	[RSP+C8 ] 0x270327A61B0      (void*)
	[RSP+D0 ] 0x2719A2E3500      (char*) "les\Common Files"
	[RSP+D8 ] 0x88C753F780       (void*)
	[RSP+E0 ] 0x0                (size_t) [0]
	[RSP+E8 ] 0xF                (size_t) [15]
	[RSP+F0 ] 0x7BD6BE5F97063D81 (size_t) [8923529029446155649]
	[RSP+F8 ] 0x7FF93F800000     (size_t) [140708488937472]
	[RSP+100] 0x27274B87110      (void*)
	[RSP+108] 0x2                (size_t) [2]
	[RSP+110] 0x0                (size_t) [0]
	[RSP+118] 0x0                (size_t) [0]
	[RSP+120] 0x0                (size_t) [0]
	[RSP+128] 0x7                (size_t) [7]
	[RSP+130] 0x8                (size_t) [8]
	[RSP+138] 0x5CF122           (size_t) [6091042]
	[RSP+140] 0x65781E87         (size_t) [1702370951]
	[RSP+148] 0x274C983EB00      (void*)
	[RSP+150] 0x3A7336EB         (size_t) [980629227]
	[RSP+158] 0x0                (size_t) [0]
	[RSP+160] 0xF                (size_t) [15]
	[RSP+168] 0xA8FC63F8DE030B4  (size_t) [761044838314422452]
	[RSP+170] 0x3F800000         (size_t) [1065353216]
	[RSP+178] 0x27274B865D0      (void*)
	[RSP+180] 0x0                (size_t) [0]
	[RSP+188] 0x0                (size_t) [0]
	[RSP+190] 0x0                (size_t) [0]
	[RSP+198] 0x0                (size_t) [0]
	[RSP+1A0] 0x7                (size_t) [7]
	[RSP+1A8] 0x8                (size_t) [8]
	[RSP+1B0] 0x501D0D           (size_t) [5250317]
	[RSP+1B8] 0x65781E35         (size_t) [1702370869]
	[RSP+1C0] 0x275A9DC4668      (void*)
	[RSP+1C8] 0x275A9DC4400      (Character*)
		File: "Unofficial Skyrim Special Edition Patch.esp"
		Flags: 0x00020409 
		Name: "Whiterun Guard"
		EditorID: "GuardWhiterunImperialPatrolDayRef3"
		FormID: 0x00037080
		FormType: ActorCharacter (62)
		Object Reference: 
		Flags: 0x00000008 kInitialized
		Name: "Whiterun Guard"
		FormID: 0xFF00FBDE
		FormType: NPC (43)
		File: "Unofficial Skyrim Special Edition Patch.esp"
		Flags: 0x00020409 kDestructible | kInitialized
		EditorID: "GuardWhiterunImperialPatrolDayRef3"
		FormID: 0x00037080
		FormType: ActorCharacter (62)
	[RSP+1D0] 0x112E0BE826D694B3 (size_t) [1237940039285380275]
	[RSP+1D8] 0x273F0659600      (BSTriShape*)
		Name: " (00021614)[0]/ (00021615) [50%]"
		RTTIName: "BSTriShape"
		Flags: kSelectiveUpdate | kSelectiveUpdateTransforms | kSelectiveUpdateController
		Full Name: "Whiterun Guard"
		Checking User Data: -----
			Object Reference: 
			Flags: 0x00000008 kInitialized
			Name: "Whiterun Guard"
			FormID: 0xFF00FBDE
			FormType: NPC (43)
		Checking TESObjectREFR: {}
			Object Reference: 
			Flags: 0x00000008 kInitialized
			Name: "Whiterun Guard"
			FormID: 0xFF00FBDE
			FormType: NPC (43)
		Checking Parent: 3
			Name: "skeleton.nif"
			RTTIName: "BSFadeNode"
			ExtraData[0] Name: "BSBoneLOD"
			ExtraData[1] Name: "BOM"
			ExtraData[2] Name: "BBX"
			ExtraData[3] Name: "BSX"
			ExtraData[4] Name: "SkeletonID"
			Flags: kSelectiveUpdate | kSelectiveUpdateTransforms | kSelectiveUpdateController
			Full Name: "Whiterun Guard"
			Checking User Data: -----
				Object Reference: 
				Flags: 0x00000008 kInitialized
				Name: "Whiterun Guard"
				FormID: 0xFF00FBDE
				FormType: NPC (43)
			Checking TESObjectREFR: {}
				Object Reference: 
				Flags: 0x00000008 kInitialized
				Name: "Whiterun Guard"
				FormID: 0xFF00FBDE
				FormType: NPC (43)
			Checking Parent: 0
				RTTIName: "NiNode"
				Flags: kSelectiveUpdate | kSelectiveUpdateTransforms | kSelectiveUpdateController
				Checking Parent: 0
					RTTIName: "BSMultiBoundNode"
					Flags: kSelectiveUpdate | kSelectiveUpdateTransforms | kSelectiveUpdateController
					Checking Parent: 26
						Name: "ObjectLODRoot"
						RTTIName: "NiNode"
						Flags: kSelectiveUpdate | kSelectiveUpdateTransforms | kSelectiveUpdateController
						Checking Parent: 3
							Name: "shadow scene node"
							RTTIName: "ShadowSceneNode"
							Flags: kSelectiveUpdate | kSelectiveUpdateTransforms | kSelectiveUpdateController
							Checking Parent: 1
								Name: "WorldRoot Node"
								RTTIName: "SceneGraph"
								Flags: kSelectiveUpdate | kSelectiveUpdateTransforms | kSelectiveUpdateController
		Name: " (00021614)[0]/ (00021615) [50%]"
	[RSP+1E0] 0x0                (size_t) [0]
	[RSP+1E8] 0x7FF91520BF38     (void* -> skee64.dll+000BF38	lea r11, [rsp+0x80])
	[RSP+1F0] 0x88C753F7A8       (void*)
	[RSP+1F8] 0x88C753F730       (void*)
	[RSP+200] 0x7FF9153E8668     (void* -> skee64.dll+01E8668	add [rax], al)
	[RSP+208] 0x275A9DC4400      (Character*)
		File: "Unofficial Skyrim Special Edition Patch.esp"
		Flags: 0x00020409 
		Name: "Whiterun Guard"
		EditorID: "GuardWhiterunImperialPatrolDayRef3"
		FormID: 0x00037080
		FormType: ActorCharacter (62)
		Object Reference: 
		Flags: 0x00000008 kInitialized
		Name: "Whiterun Guard"
		FormID: 0xFF00FBDE
		FormType: NPC (43)
		File: "Unofficial Skyrim Special Edition Patch.esp"
		Flags: 0x00020409 kDestructible | kInitialized
		EditorID: "GuardWhiterunImperialPatrolDayRef3"
		FormID: 0x00037080
		FormType: ActorCharacter (62)
	[RSP+210] 0x27202F30840      (char*) "P"
	[RSP+218] 0x7FFA3960AB11     (void* -> ntdll.dll+003AB11	mov r9d, eax)
	[RSP+220] 0x7FF9153E8668     (void* -> skee64.dll+01E8668	add [rax], al)
	[RSP+228] 0x88C753F8E0       (void*)
	[RSP+230] 0x7FF91537C1E0     (void* -> skee64.dll+017C1E0	jo 0x00007FF91537C1AE)
	[RSP+238] 0x7FF9153E8668     (void* -> skee64.dll+01E8668	add [rax], al)
	[RSP+240] 0x88C753F8E0       (void*)
	[RSP+248] 0x88C753FA08       (void*)
	[RSP+250] 0x2748C440C60      (void*)
	[RSP+258] 0x7FF9153456C0     (void* -> skee64.dll+01456C0	test eax, eax)
	[RSP+260] 0x27202F30840      (char*) "P"
	[RSP+268] 0x0                (size_t) [0]
	[RSP+270] 0x0                (size_t) [0]
	[RSP+278] 0x7FF91527EC67     (void* -> skee64.dll+007EC67	mov rcx, [r15])
	[RSP+280] 0x0                (size_t) [0]
	[RSP+288] 0x0                (size_t) [0]
	[RSP+290] 0x88C753F940       (void*)
	[RSP+298] 0x0                (size_t) [0]
	[RSP+2A0] 0x88C753F901       (void*)
	[RSP+2A8] 0x88C753F928       (void*)
	[RSP+2B0] 0x88C753F920       (void*)
	[RSP+2B8] 0x0                (size_t) [0]
	[RSP+2C0] 0x273F0659600      (BSTriShape*)
		Name: " (00021614)[0]/ (00021615) [50%]"
		RTTIName: "BSTriShape"
		Flags: kSelectiveUpdate | kSelectiveUpdateTransforms | kSelectiveUpdateController
		Full Name: "Whiterun Guard"
		Checking User Data: -----
			Object Reference: 
			Flags: 0x00000008 kInitialized
			Name: "Whiterun Guard"
			FormID: 0xFF00FBDE
			FormType: NPC (43)
		Checking TESObjectREFR: {}
			Object Reference: 
			Flags: 0x00000008 kInitialized
			Name: "Whiterun Guard"
			FormID: 0xFF00FBDE
			FormType: NPC (43)
		Checking Parent: 3
			Name: "skeleton.nif"
			RTTIName: "BSFadeNode"
			ExtraData[0] Name: "BSBoneLOD"
			ExtraData[1] Name: "BOM"
			ExtraData[2] Name: "BBX"
			ExtraData[3] Name: "BSX"
			ExtraData[4] Name: "SkeletonID"
			Flags: kSelectiveUpdate | kSelectiveUpdateTransforms | kSelectiveUpdateController
			Full Name: "Whiterun Guard"
			Checking User Data: -----
				Object Reference: 
				Flags: 0x00000008 kInitialized
				Name: "Whiterun Guard"
				FormID: 0xFF00FBDE
				FormType: NPC (43)
			Checking TESObjectREFR: {}
				Object Reference: 
				Flags: 0x00000008 kInitialized
				Name: "Whiterun Guard"
				FormID: 0xFF00FBDE
				FormType: NPC (43)
			Checking Parent: 0
				RTTIName: "NiNode"
				Flags: kSelectiveUpdate | kSelectiveUpdateTransforms | kSelectiveUpdateController
				Checking Parent: 0
					RTTIName: "BSMultiBoundNode"
					Flags: kSelectiveUpdate | kSelectiveUpdateTransforms | kSelectiveUpdateController
					Checking Parent: 26
						Name: "ObjectLODRoot"
						RTTIName: "NiNode"
						Flags: kSelectiveUpdate | kSelectiveUpdateTransforms | kSelectiveUpdateController
						Checking Parent: 3
							Name: "shadow scene node"
							RTTIName: "ShadowSceneNode"
							Flags: kSelectiveUpdate | kSelectiveUpdateTransforms | kSelectiveUpdateController
							Checking Parent: 1
								Name: "WorldRoot Node"
								RTTIName: "SceneGraph"
								Flags: kSelectiveUpdate | kSelectiveUpdateTransforms | kSelectiveUpdateController
		Name: " (00021614)[0]/ (00021615) [50%]"
	[RSP+2C8] 0x27232206F80      (TESObjectARMA*)
		File: "Skyrim.esm"
		Flags: 0x00000009 kDestructible | kInitialized
		EditorID: "StormcloakHelmWhiterunAA"
		FormID: 0x00021614
		FormType: Armature (102)
	[RSP+2D0] 0x27224A14400      (TESObjectARMO*)
		File: "Weapons Armor Clothing & Clutter Fixes.esp"
		Modified by: Skyrim.esm -> Weapons Armor Clothing & Clutter Fixes.esp
		Flags: 0x00000009 kDestructible | kInitialized
		Name: "Guard of Whiterun's Helmet"
		EditorID: "ArmorGuardHelmetFullWhiterun"
		FormID: 0x00021615
		FormType: Armor (26)
		GetFullName: "Guard of Whiterun's Helmet"
	[RSP+2D8] 0x273F0658400      (BSFadeNode*)
		Name: "skeleton.nif"
		RTTIName: "BSFadeNode"
		ExtraData[0] Name: "BSBoneLOD"
		ExtraData[1] Name: "BOM"
		ExtraData[2] Name: "BBX"
		ExtraData[3] Name: "BSX"
		ExtraData[4] Name: "SkeletonID"
		Flags: kSelectiveUpdate | kSelectiveUpdateTransforms | kSelectiveUpdateController
		Full Name: "Whiterun Guard"
		Checking User Data: -----
			Object Reference: 
			Flags: 0x00000008 kInitialized
			Name: "Whiterun Guard"
			FormID: 0xFF00FBDE
			FormType: NPC (43)
		Checking TESObjectREFR: {}
			Object Reference: 
			Flags: 0x00000008 kInitialized
			Name: "Whiterun Guard"
			FormID: 0xFF00FBDE
			FormType: NPC (43)
		Checking Parent: 0
			RTTIName: "NiNode"
			Flags: kSelectiveUpdate | kSelectiveUpdateTransforms | kSelectiveUpdateController
			Checking Parent: 0
				RTTIName: "BSMultiBoundNode"
				Flags: kSelectiveUpdate | kSelectiveUpdateTransforms | kSelectiveUpdateController
				Checking Parent: 26
					Name: "ObjectLODRoot"
					RTTIName: "NiNode"
					Flags: kSelectiveUpdate | kSelectiveUpdateTransforms | kSelectiveUpdateController
					Checking Parent: 3
						Name: "shadow scene node"
						RTTIName: "ShadowSceneNode"
						Flags: kSelectiveUpdate | kSelectiveUpdateTransforms | kSelectiveUpdateController
						Checking Parent: 1
							Name: "WorldRoot Node"
							RTTIName: "SceneGraph"
							Flags: kSelectiveUpdate | kSelectiveUpdateTransforms | kSelectiveUpdateController
		Name: "skeleton.nif"
	[RSP+2E0] 0x0                (size_t) [0]
	[RSP+2E8] 0x311CDAD160000    (size_t) [864000000000000]
	[RSP+2F0] 0x0                (size_t) [0]
	[RSP+2F8] 0x7FF917A34670     (void* -> OBody.dll+0094670	add [rcx], al)
	[RSP+300] 0x2727543D290      (void*)
	[RSP+308] 0x7FF9153E8668     (void* -> skee64.dll+01E8668	add [rax], al)
	[RSP+310] 0x88C753F9D9       (void*)
	[RSP+318] 0x7FF9152083E2     (void* -> skee64.dll+00083E2	mov rax, [0x00007FF9153E46C8])
	[RSP+320] 0x0                (size_t) [0]
	[RSP+328] 0x88C753F9F0       (std::_Func_impl_no_alloc<`MorphCache::UpdateMorphs'::`2'::<lambda_1>,void,bool,unsigned long,NiNode *,TESForm *,TESForm *,NiAVObject *>*)
	[RSP+330] 0x2727543D200      (char*) "lyingback"
	[RSP+338] 0x7FF900000000     (size_t) [140707423584256]
	[RSP+340] 0x27500000000      (void*)
	[RSP+348] 0x7FF915254F7E     (void* -> skee64.dll+0054F7E	lea r11, [rsp+0x80])
	[RSP+350] 0x275A9DC4400      (Character*)
		File: "Unofficial Skyrim Special Edition Patch.esp"
		Flags: 0x00020409 
		Name: "Whiterun Guard"
		EditorID: "GuardWhiterunImperialPatrolDayRef3"
		FormID: 0x00037080
		FormType: ActorCharacter (62)
		Object Reference: 
		Flags: 0x00000008 kInitialized
		Name: "Whiterun Guard"
		FormID: 0xFF00FBDE
		FormType: NPC (43)
		File: "Unofficial Skyrim Special Edition Patch.esp"
		Flags: 0x00020409 kDestructible | kInitialized
		EditorID: "GuardWhiterunImperialPatrolDayRef3"
		FormID: 0x00037080
		FormType: ActorCharacter (62)
	[RSP+358] 0x7FF9153E8610     (BodyMorphInterface*)
	[RSP+360] 0x7FF9153E8668     (void* -> skee64.dll+01E8668	add [rax], al)
	[RSP+368] 0x88C753F9B0       (void*)
	[RSP+370] 0x88C753FA58       (void*)
	[RSP+378] 0x7FF9179F75E2     (void* -> OBody.dll+00575E2	cmp dword ptr [0x00007FF917A39D18], 0xFFFFFFFF)
	[RSP+380] 0x79646F4200       (size_t) [521376055808]
	[RSP+388] 0x7FF9179E65C5     (void* -> OBody.dll+00465C5	add rax, rbx)
	[RSP+390] 0x7FF91537F808     (void* -> skee64.dll+017F808	xor ah, cl)
	[RSP+398] 0x7FF9153E8668     (void* -> skee64.dll+01E8668	add [rax], al)
	[RSP+3A0] 0x88C753F9B0       (void*)
	[RSP+3A8] 0x88C753FA58       (void*)
	[RSP+3B0] 0x64626568746E     (size_t) [110373770916974]
	[RSP+3B8] 0x0                (size_t) [0]
	[RSP+3C0] 0xF                (size_t) [15]
	[RSP+3C8] 0x88C753F9F0       (std::_Func_impl_no_alloc<`MorphCache::UpdateMorphs'::`2'::<lambda_1>,void,bool,unsigned long,NiNode *,TESForm *,TESForm *,NiAVObject *>*)
	[RSP+3D0] 0x88C753FAA9       (void*)
	[RSP+3D8] 0x7FF9179A1D32     (void* -> OBody.dll+0001D32	mov rcx, [rdi+0x28])
	[RSP+3E0] 0x275A9DC4400      (Character*)
		File: "Unofficial Skyrim Special Edition Patch.esp"
		Flags: 0x00020409 
		Name: "Whiterun Guard"
		EditorID: "GuardWhiterunImperialPatrolDayRef3"
		FormID: 0x00037080
		FormType: ActorCharacter (62)
		Object Reference: 
		Flags: 0x00000008 kInitialized
		Name: "Whiterun Guard"
		FormID: 0xFF00FBDE
		FormType: NPC (43)
		File: "Unofficial Skyrim Special Edition Patch.esp"
		Flags: 0x00020409 kDestructible | kInitialized
		EditorID: "GuardWhiterunImperialPatrolDayRef3"
		FormID: 0x00037080
		FormType: ActorCharacter (62)
	[RSP+3E8] 0x88C753FAA9       (void*)
	[RSP+3F0] 0x2727543D290      (void*)
	[RSP+3F8] 0x7FF917A34601     (void* -> OBody.dll+0094601	add [rax], al)
	[RSP+400] 0x2723F800000      (void*)
	[RSP+408] 0x0                (size_t) [0]
	[RSP+410] 0x1                (size_t) [1]
	[RSP+418] 0x7FF917A18948     (char*) "C:\Skyrim Projects\OBody-NG\src\Body\Body.cpp"
	[RSP+420] 0x3E               (size_t) [62]
	[RSP+428] 0x7FF917A18980     (char*) "auto __cdecl Body::OBody::ApplyMorphs::<lambda_1>::operator ()(void) const"
	[RSP+430] 0x7FF917A189D0     (char*) "Actor {} is valid, updating morphs now"
	[RSP+438] 0x26               (size_t) [38]
	[RSP+440] 0x7FF917A18948     (char*) "C:\Skyrim Projects\OBody-NG\src\Body\Body.cpp"
	[RSP+448] 0x3E               (size_t) [62]
	[RSP+450] 0x7FF917A18980     (char*) "auto __cdecl Body::OBody::ApplyMorphs::<lambda_1>::operator ()(void) const"
	[RSP+458] 0x7FFA39623330     (void* -> ntdll.dll+0053330	add rsp, 0x48)
	[RSP+460] 0x0                (size_t) [0]
	[RSP+468] 0x14EF450C         (size_t) [351225100]
	[RSP+470] 0xECF51D2806D4     (size_t) [260537500305108]
	[RSP+478] 0x7FFA3696401B     (void* -> KERNELBASE.dll+002401B	nop [rax+rax*1], eax)
	[RSP+480] 0x0                (size_t) [0]
	[RSP+488] 0x0                (size_t) [0]
	[RSP+490] 0x0                (size_t) [0]
	[RSP+498] 0x0                (size_t) [0]
	[RSP+4A0] 0x0                (size_t) [0]
	[RSP+4A8] 0x7FF9179A741E     (void* -> OBody.dll+000741E	call [0x00007FF917A14420])
	[RSP+4B0] 0x0                (size_t) [0]
	[RSP+4B8] 0x2727543D290      (void*)
	[RSP+4C0] 0x0                (size_t) [0]
	[RSP+4C8] 0x0                (size_t) [0]
	[RSP+4D0] 0x2727543D350      (void*)
	[RSP+4D8] 0x7FFA371B9363     (void* -> ucrtbase.dll+0029363	mov ecx, eax)
	[RSP+4E0] 0x2727543D350      (void*)
	[RSP+4E8] 0x0                (size_t) [0]
	[RSP+4F0] 0x0                (size_t) [0]
	[RSP+4F8] 0x0                (size_t) [0]
	[RSP+500] 0x0                (size_t) [0]
	[RSP+508] 0x7FFA3939257D     (void* -> KERNEL32.DLL+001257D	mov ecx, eax)
	[RSP+510] 0x0                (size_t) [0]
	[RSP+518] 0x0                (size_t) [0]
	[RSP+520] 0x0                (size_t) [0]
	[RSP+528] 0x0                (size_t) [0]
	[RSP+530] 0x0                (size_t) [0]
	[RSP+538] 0x7FFA3962AA58     (void* -> ntdll.dll+005AA58	jmp 0x00007FFA3962AA79)
	[RSP+540] 0x0                (size_t) [0]
	[RSP+548] 0x0                (size_t) [0]
	[RSP+550] 0x0                (size_t) [0]
	[RSP+558] 0x0                (size_t) [0]
	[RSP+560] 0x0                (size_t) [0]
	[RSP+568] 0x0                (size_t) [0]
	[RSP+570] 0xA87C8E4D00000000 (size_t) [uint: 12140735156847640576 int: -6306008916861911040]
	[RSP+578] 0x0                (size_t) [0]
	[RSP+580] 0x4F0FFFFFB30      (size_t) [5433133628208]
	[RSP+588] 0x7FFA36A9C720     (void* -> KERNELBASE.dll+015C720	mov [rsp+0x10], rbx)
	[RSP+590] 0x88C753E140       (void*)
	[RSP+598] 0x4B680003FFD4F6AA (size_t) [5433592967599552170]
	[RSP+5A0] 0x7FFA9ED5496D     (size_t) [140714383329645]
	[RSP+5A8] 0x88C753E140       (void*)
	[RSP+5B0] 0x0                (size_t) [0]
	[RSP+5B8] 0x0                (size_t) [0]
	[RSP+5C0] 0x0                (size_t) [0]
	[RSP+5C8] 0x0                (size_t) [0]
	[RSP+5D0] 0x0                (size_t) [0]
	[RSP+5D8] 0x0                (size_t) [0]
	[RSP+5E0] 0x0                (size_t) [0]
	[RSP+5E8] 0x0                (size_t) [0]
	[RSP+5F0] 0x0                (size_t) [0]
	[RSP+5F8] 0x0                (size_t) [0]
	[RSP+600] 0x0                (size_t) [0]
	[RSP+608] 0x0                (size_t) [0]
	[RSP+610] 0x0                (size_t) [0]
	[RSP+618] 0x0                (size_t) [0]
	[RSP+620] 0x0                (size_t) [0]
	[RSP+628] 0x0                (size_t) [0]
	[RSP+630] 0x0                (size_t) [0]
	[RSP+638] 0x0                (size_t) [0]
	[RSP+640] 0x0                (size_t) [0]
	[RSP+648] 0x0                (size_t) [0]
	[RSP+650] 0x0                (size_t) [0]
	[RSP+658] 0x0                (size_t) [0]
	[RSP+660] 0x0                (size_t) [0]
	[RSP+668] 0x0                (size_t) [0]
	[RSP+670] 0x0                (size_t) [0]
	[RSP+678] 0x0                (size_t) [0]
	[RSP+680] 0x0                (size_t) [0]
	[RSP+688] 0x0                (size_t) [0]
	[RSP+690] 0x0                (size_t) [0]
	[RSP+698] 0x0                (size_t) [0]
	[RSP+6A0] 0x0                (size_t) [0]
	[RSP+6A8] 0x0                (size_t) [0]
	[RSP+6B0] 0x0                (size_t) [0]
	[RSP+6B8] 0x0                (size_t) [0]
	[RSP+6C0] 0x0                (size_t) [0]
	[RSP+6C8] 0x0                (size_t) [0]
	[RSP+6D0] 0x0                (size_t) [0]
	[RSP+6D8] 0x0                (size_t) [0]
	[RSP+6E0] 0x0                (size_t) [0]
	[RSP+6E8] 0x0                (size_t) [0]
	[RSP+6F0] 0x0                (size_t) [0]
	[RSP+6F8] 0x0                (size_t) [0]
	[RSP+700] 0x0                (size_t) [0]
	[RSP+708] 0x0                (size_t) [0]
	[RSP+710] 0x0                (size_t) [0]
	[RSP+718] 0x0                (size_t) [0]
	[RSP+720] 0x0                (size_t) [0]
	[RSP+728] 0x0                (size_t) [0]
	[RSP+730] 0x0                (size_t) [0]
	[RSP+738] 0x0                (size_t) [0]
	[RSP+740] 0x0                (size_t) [0]
	[RSP+748] 0x0                (size_t) [0]
	[RSP+750] 0x0                (size_t) [0]
	[RSP+758] 0x0                (size_t) [0]
	[RSP+760] 0x0                (size_t) [0]
	[RSP+768] 0x0                (size_t) [0]
	[RSP+770] 0x0                (size_t) [0]
	[RSP+778] 0x0                (size_t) [0]
	[RSP+780] 0x0                (size_t) [0]
	[RSP+788] 0x0                (size_t) [0]
	[RSP+790] 0x0                (size_t) [0]
	[RSP+798] 0x0                (size_t) [0]
	[RSP+7A0] 0x0                (size_t) [0]
	[RSP+7A8] 0x0                (size_t) [0]
	[RSP+7B0] 0x0                (size_t) [0]
	[RSP+7B8] 0x0                (size_t) [0]
	[RSP+7C0] 0x0                (size_t) [0]
	[RSP+7C8] 0x0                (size_t) [0]
	[RSP+7D0] 0x0                (size_t) [0]
	[RSP+7D8] 0x0                (size_t) [0]
	[RSP+7E0] 0x0                (size_t) [0]
	[RSP+7E8] 0x0                (size_t) [0]
	[RSP+7F0] 0x0                (size_t) [0]
	[RSP+7F8] 0x0                (size_t) [0]
	[RSP+800] 0x0                (size_t) [0]
	[RSP+808] 0x0                (size_t) [0]
	[RSP+810] 0x0                (size_t) [0]
	[RSP+818] 0x0                (size_t) [0]
	[RSP+820] 0x0                (size_t) [0]
	[RSP+828] 0x0                (size_t) [0]
	[RSP+830] 0x0                (size_t) [0]
	[RSP+838] 0x0                (size_t) [0]
	[RSP+840] 0x0                (size_t) [0]
	[RSP+848] 0x0                (size_t) [0]
	[RSP+850] 0x0                (size_t) [0]
	[RSP+858] 0x0                (size_t) [0]
	[RSP+860] 0x0                (size_t) [0]
	[RSP+868] 0x0                (size_t) [0]
	[RSP+870] 0x0                (size_t) [0]
	[RSP+878] 0x0                (size_t) [0]
	[RSP+880] 0x0                (size_t) [0]
	[RSP+888] 0x0                (size_t) [0]
	[RSP+890] 0x0                (size_t) [0]
	[RSP+898] 0x0                (size_t) [0]
	[RSP+8A0] 0x0                (size_t) [0]
	[RSP+8A8] 0x0                (size_t) [0]
	[RSP+8B0] 0x0                (size_t) [0]
	[RSP+8B8] 0x0                (size_t) [0]
	[RSP+8C0] 0x0                (size_t) [0]
	[RSP+8C8] 0x0                (size_t) [0]
	[RSP+8D0] 0x0                (size_t) [0]
	[RSP+8D8] 0x0                (size_t) [0]
	[RSP+8E0] 0x0                (size_t) [0]
	[RSP+8E8] 0x0                (size_t) [0]
	[RSP+8F0] 0x0                (size_t) [0]
	[RSP+8F8] 0x0                (size_t) [0]
	[RSP+900] 0x0                (size_t) [0]
	[RSP+908] 0x0                (size_t) [0]
	[RSP+910] 0x0                (size_t) [0]
	[RSP+918] 0x0                (size_t) [0]
	[RSP+920] 0x0                (size_t) [0]
	[RSP+928] 0x0                (size_t) [0]
	[RSP+930] 0x0                (size_t) [0]
	[RSP+938] 0x0                (size_t) [0]
	[RSP+940] 0x0                (size_t) [0]
	[RSP+948] 0x0                (size_t) [0]
	[RSP+950] 0x0                (size_t) [0]
	[RSP+958] 0x0                (size_t) [0]
	[RSP+960] 0x0                (size_t) [0]
	[RSP+968] 0x0                (size_t) [0]
	[RSP+970] 0x0                (size_t) [0]
	[RSP+978] 0x0                (size_t) [0]
	[RSP+980] 0x0                (size_t) [0]
	[RSP+988] 0x0                (size_t) [0]
	[RSP+990] 0x0                (size_t) [0]
	[RSP+998] 0x0                (size_t) [0]

MODULES:
	XINPUT1_3.dll                                    0x000000400000
	steam_api64.dll                                  0x00005FD90000
	X3DAudio1_7.dll                                  0x00005FDD0000
	d3d11.dll                                        0x000180000000
	tbb.dll                                          0x02700CED0000
	tbbmalloc.dll                                    0x0270189D0000
	PassiveWeaponEnchantmentRecharging.dll           0x027036E20000
	wintrust.dll                                     0x0270EB5F0000
	DSOUND.DLL                                       0x0270F40D0000
	SkyrimSE.exe                                     0x7FF691800000
	NvCamera64.dll                                   0x7FF8EA7D0000
	d3dcompiler_47_64.dll                            0x7FF910510000
	d3d11on12.dll                                    0x7FF910D00000
	d3dcompiler_46e.dll                              0x7FF910ED0000
	nvofapi64.dll                                    0x7FF911E80000
	nvngx_dlssg.dll                                  0x7FF911F80000
	nvcuda.dll                                       0x7FF913260000
	XAudio2_7.dll                                    0x7FF9136B0000
	vulkan-1.dll                                     0x7FF9139C0000
	_nvngx.dll                                       0x7FF913B20000
	sl.common.dll                                    0x7FF914390000
	sl.dlss_g.dll                                    0x7FF914570000
	gameoverlayrenderer64.dll                        0x7FF9145D0000
	YesImSure.dll                                    0x7FF914760000
	WhoseQuestIsItAnyway.dll                         0x7FF9147F0000
	WhichKey-NG.dll                                  0x7FF914870000
	wheeler.dll                                      0x7FF914A00000
	Weightless.dll                                   0x7FF914BF0000
	UnlimitedFastTravel.dll                          0x7FF914D10000
	TrueHUD.dll                                      0x7FF914D80000
	TrueDirectionalMovement.dll                      0x7FF914E40000
	TheNewGentleman.dll                              0x7FF914F10000
	SureOfStealing.dll                               0x7FF914F90000
	SoundRecordDistributor.dll                       0x7FF915000000
	SoftShadows.dll                                  0x7FF9150E0000
	SkillOfSneaking.dll                              0x7FF915190000
	skee64.dll                                       0x7FF915200000
	ShadowBoost.dll                                  0x7FF915410000
	ScrambledBugs.dll                                0x7FF9154D0000
	ScaleformTranslationPP.dll                       0x7FF915570000
	RemoveAllItemsFix.dll                            0x7FF9155E0000
	RecursionFPSFix.dll                              0x7FF915670000
	ReadingIsBad.dll                                 0x7FF915750000
	QuickLootEE.dll                                  0x7FF9157F0000
	po3_UseOrTake.dll                                0x7FF9158D0000
	po3_Tweaks.dll                                   0x7FF915980000
	po3_SpellPerkItemDistributor.dll                 0x7FF915A50000
	po3_SimpleOffenceSuppression.dll                 0x7FF915BC0000
	po3_SimpleActivateSKSE.dll                       0x7FF915C60000
	po3_SaveUnbaker.dll                              0x7FF915D10000
	po3_ReadOrTakeBooks.dll                          0x7FF915DB0000
	po3_PapyrusExtender.dll                          0x7FF915E50000
	po3_MoonMod.dll                                  0x7FF9160C0000
	po3_MagicSneakAttacks.dll                        0x7FF916170000
	po3_KeywordItemDistributor.dll                   0x7FF916220000
	po3_EnhancedInvisibility.dll                     0x7FF9163B0000
	po3_ENBLightForEffectShaders.dll                 0x7FF916460000
	po3_DualCastingFix.dll                           0x7FF916520000
	po3_CraftingRecipeDistributor.dll                0x7FF9165C0000
	po3_ConsolePlusPlus.dll                          0x7FF916670000
	po3_BaseObjectSwapper.dll                        0x7FF916720000
	po3_AnimObjectSwapper.dll                        0x7FF916840000
	PlayerPayCrimeGoldTweak.dll                      0x7FF9168F0000
	PayloadInterpreter.dll                           0x7FF9169E0000
	PapyrusUtil.dll                                  0x7FF916AB0000
	PapyrusTweaks.dll                                0x7FF916C20000
	PapyrusIniManipulator.dll                        0x7FF916D20000
	PAPER.dll                                        0x7FF916E10000
	PairedAnimationImprovements.dll                  0x7FF916E90000
	OStim.dll                                        0x7FF916F00000
	OSLAroused.dll                                   0x7FF917500000
	OpenAnimationReplacer.dll                        0x7FF9175F0000
	OpenAnimationReplacer-IEDConditionExtensions.dll 0x7FF917880000
	OBody.dll                                        0x7FF9179A0000
	NotificationFilter.dll                           0x7FF917A50000
	NoOppositeGenderAnims.dll                        0x7FF917AC0000
	NoEnchantmentRestrictionRemake.dll               0x7FF917BB0000
	NakedDeadNPCFix.dll                              0x7FF917C60000
	MuSkeletonEditor.dll                             0x7FF917CD0000
	MumsTheWord.dll                                  0x7FF917D80000
	MuJointFix.dll                                   0x7FF917E00000
	MoreInformativeConsole.dll                       0x7FF917EA0000
	mfgfix.dll                                       0x7FF917F80000
	NativeEditorIDFix.dll                            0x7FF918120000
	MenuMaid2.dll                                    0x7FF918180000
	MCMHelper.dll                                    0x7FF918290000
	MaxsuCombatEscape.dll                            0x7FF918370000
	MapMarkerFramework.dll                           0x7FF9183D0000
	loki_DynamicAnimationCasting.dll                 0x7FF918470000
	LocationalEncounterZones.dll                     0x7FF918610000
	kxWhereAreYou.dll                                0x7FF9186F0000
	KiENBExtender.dll                                0x7FF9187A0000
	KiLoader.dll                                     0x7FF918870000
	KillCapsLockNG.dll                               0x7FF918910000
	JContainers64.dll                                0x7FF9189A0000
	IWantWidgetsNative.dll                           0x7FF918C80000
	ItemPropertyManipulator.dll                      0x7FF918DA0000
	InventoryInjector.dll                            0x7FF918EF0000
	ENBWorldspaceWeatherlists.dll                    0x7FF919F30000
	InfinityUI.dll                                   0x7FF919F90000
	ImWalkinHere.dll                                 0x7FF91A0C0000
	IdrinthBuffsWorkOnNPCs.dll                       0x7FF91A190000
	htfq_se.dll                                      0x7FF91A230000
	HelpExtender.dll                                 0x7FF91A290000
	hdtSMP64.dll                                     0x7FF91A330000
	HDLocalMap.dll                                   0x7FF91AB60000
	GrassSamplerFix.dll                              0x7FF91ABC0000
	Fuz Ro D'oh.dll                                  0x7FF91AC50000
	FormListManipulator.dll                          0x7FF91ACC0000
	FixNotesForSkyUI.dll                             0x7FF91ADE0000
	FaceGenFixes.dll                                 0x7FF91AE40000
	Experience.dll                                   0x7FF91AEB0000
	EnemiesRespectEncounterZones.dll                 0x7FF91B090000
	encounter_zones_unlocked.dll                     0x7FF91B110000
	ENBHelperSE.dll                                  0x7FF91B170000
	ENBHelperPlus.dll                                0x7FF91B210000
	DynamicCollisionAdjustment.dll                   0x7FF91B270000
	dmenu.dll                                        0x7FF91B2E0000
	DescriptionFramework.dll                         0x7FF91B3F0000
	CrashLogger.dll                                  0x7FF91B4A0000
	CraftingCategories.dll                           0x7FF91B740000
	ContainerItemDistributor.dll                     0x7FF91B820000
	ComprehensiveAttackSpeedPatch.dll                0x7FF91B8A0000
	Completionist.dll                                0x7FF91BA40000
	libxess.dll                                      0x7FF91BE60000
	nvngx_dlss.dll                                   0x7FF91CD00000
	steamclient64.dll                                0x7FF91FE80000
	dxgi.dll                                         0x7FF9214E0000
	KiLoaderSatelliteENB.dllplugin                   0x7FF921F30000
	CompassNavigationOverhaul.dll                    0x7FF921F80000
	CCExtender.dll                                   0x7FF922110000
	BetterThirdPersonSelection.dll                   0x7FF9221E0000
	ffx_fsr2_api_dx12_x64.dll                        0x7FF923890000
	cbp.dll                                          0x7FF928DD0000
	CaptureWarmer.dll                                0x7FF9293B0000
	BugFixesSSE.dll                                  0x7FF929450000
	AnimationMotionRevolution.dll                    0x7FF9294E0000
	D3DCOMPILER_43.dll                               0x7FF929710000
	ActorValueExtension.dll                          0x7FF92AAF0000
	BackportedESLSupport.dll                         0x7FF92B0F0000
	nvcuda64.dll                                     0x7FF938170000
	ConsoleUtilSSE.dll                               0x7FF941240000
	AutoParallax.dll                                 0x7FF941B40000
	WINHTTP.dll                                      0x7FF941C60000
	Arcane-Disenchanter-NG.dll                       0x7FF947360000
	AHZmoreHUDPlugin.dll                             0x7FF947460000
	AddItemMenuSE.dll                                0x7FF947C10000
	SSEDisplayTweaks.dll                             0x7FF947D10000
	SkyrimUpscaler.dll                               0x7FF947DC0000
	EngineFixes.dll                                  0x7FF948090000
	vstdlib_s64.dll                                  0x7FF94A120000
	skse64_1_6_640.dll                               0x7FF94AE00000
	ActorLimitFix.dll                                0x7FF94E2A0000
	tier0_s64.dll                                    0x7FF94E3F0000
	AnimationQueueFix.dll                            0x7FF94E8E0000
	sl.interposer.dll                                0x7FF94F530000
	AHZmoreHUDInventory.dll                          0x7FF9505F0000
	vcheck_patcher_sse.dll                           0x7FF951850000
	bink2w64.dll                                     0x7FF9518A0000
	KiLoaderSatelliteSKSE.dll                        0x7FF951E30000
	PDPerfPlugin.dll                                 0x7FF9523E0000
	CONCRT140.dll                                    0x7FF955160000
	d3dx11_43.dll                                    0x7FF955EE0000
	sl.reflex.dll                                    0x7FF96C260000
	fiss.dll                                         0x7FF96D920000
	dxilconv.dll                                     0x7FF96D960000
	usvfs_x64.dll                                    0x7FF96E4E0000
	SkyrimUncapper.dll                               0x7FF971580000
	EVLaS.dll                                        0x7FF98BE70000
	diskCacheEnabler.dll                             0x7FF9A1150000
	MSVCP140_ATOMIC_WAIT.dll                         0x7FF9A1570000
	vmm-x64.dll                                      0x7FF9A1590000
	D3DSCache.dll                                    0x7FF9A1CA0000
	D3D12Core.dll                                    0x7FF9A1E50000
	ResampleDmo.DLL                                  0x7FF9A23B0000
	d3d12.dll                                        0x7FF9A2520000
	BarterLimitFix.dll                               0x7FF9C6AA0000
	XeFX.dll                                         0x7FF9C6AE0000
	msdmo.dll                                        0x7FF9C7B30000
	PrivateProfileRedirector.dll                     0x7FF9C9200000
	d3dx9_42.dll                                     0x7FF9C9440000
	XINPUT1_4.dll                                    0x7FF9D0D40000
	XINPUT9_1_0.dll                                  0x7FF9DCAA0000
	nvspcap64.dll                                    0x7FF9E8880000
	SMP-NPC crash fix.dll                            0x7FF9FA230000
	UIAutomationCore.dll                             0x7FFA04E90000
	KiHalloc.dll                                     0x7FFA08810000
	DINPUT8.dll                                      0x7FFA08830000
	XeFX_Loader.dll                                  0x7FFA08880000
	threadpoolwinrt.dll                              0x7FFA0A350000
	ondemandconnroutehelper.dll                      0x7FFA0A370000
	NvTelemetryBridge64.dll                          0x7FFA0F6B0000
	WININET.dll                                      0x7FFA11450000
	inputhost.dll                                    0x7FFA14BC0000
	dbgcore.DLL                                      0x7FFA16970000
	MessageBus.dll                                   0x7FFA17190000
	Windows.UI.dll                                   0x7FFA195B0000
	MpOav.dll                                        0x7FFA1B690000
	nvwgf2umx.dll                                    0x7FFA1BAF0000
	MessageBus.dll                                   0x7FFA20F10000
	MSVCP140.dll                                     0x7FFA218E0000
	VCRUNTIME140_1.dll                               0x7FFA21970000
	VCRUNTIME140.dll                                 0x7FFA21980000
	winmmbase.dll                                    0x7FFA219A0000
	wbemsvc.dll                                      0x7FFA21DE0000
	fastprox.dll                                     0x7FFA21E00000
	webio.dll                                        0x7FFA221B0000
	textinputframework.dll                           0x7FFA23F40000
	AUDIOSES.DLL                                     0x7FFA24390000
	nvgpucomp64.dll                                  0x7FFA253D0000
	nvapi64.dll                                      0x7FFA275D0000
	WINMM.dll                                        0x7FFA28030000
	wbemcomn.dll                                     0x7FFA28F30000
	wbemprox.dll                                     0x7FFA28FB0000
	ffx_fsr2_api_x64.dll                             0x7FFA29330000
	srvcli.dll                                       0x7FFA295D0000
	ncryptsslp.dll                                   0x7FFA29630000
	iertutil.dll                                     0x7FFA296A0000
	SPINF.dll                                        0x7FFA29D90000
	NvTelemetryAPI64.dll                             0x7FFA2A070000
	COMCTL32.dll                                     0x7FFA2A110000
	OLEACC.dll                                       0x7FFA2A270000
	gdiplus.dll                                      0x7FFA2A630000
	MSIMG32.dll                                      0x7FFA2A7F0000
	MMDevApi.dll                                     0x7FFA2A870000
	urlmon.dll                                       0x7FFA2B100000
	nvldumdx.dll                                     0x7FFA2B790000
	DEVRTL.dll                                       0x7FFA2BC20000
	amsi.dll                                         0x7FFA2BDA0000
	twinapi.appcore.dll                              0x7FFA2C590000
	dbghelp.dll                                      0x7FFA2CF90000
	drvstore.dll                                     0x7FFA2DB10000
	cryptnet.dll                                     0x7FFA2DE80000
	VERSION.dll                                      0x7FFA2E1F0000
	CoreUIComponents.dll                             0x7FFA2EF40000
	avrt.dll                                         0x7FFA2F5E0000
	fwpuclnt.dll                                     0x7FFA2F820000
	directxdatabasehelper.dll                        0x7FFA2F970000
	dhcpcsvc.DLL                                     0x7FFA30460000
	WINHTTP.DLL                                      0x7FFA30770000
	dhcpcsvc6.DLL                                    0x7FFA308E0000
	rasadhlp.dll                                     0x7FFA30950000
	WindowsCodecs.dll                                0x7FFA310C0000
	D3DCOMPILER_47.dll                               0x7FFA31270000
	d3d11.dll                                        0x7FFA31F40000
	dcomp.dll                                        0x7FFA32300000
	CoreMessaging.dll                                0x7FFA329D0000
	UxTheme.dll                                      0x7FFA33C60000
	dxgi.dll                                         0x7FFA33DF0000
	dwmapi.dll                                       0x7FFA33F00000
	WINNSI.DLL                                       0x7FFA34010000
	dxcore.dll                                       0x7FFA34050000
	resourcepolicyclient.dll                         0x7FFA343D0000
	wintypes.dll                                     0x7FFA346E0000
	windows.storage.dll                              0x7FFA34820000
	HID.DLL                                          0x7FFA35120000
	netutils.dll                                     0x7FFA353E0000
	IPHLPAPI.DLL                                     0x7FFA353F0000
	DNSAPI.dll                                       0x7FFA35460000
	UMPDC.dll                                        0x7FFA35730000
	POWRPROF.dll                                     0x7FFA35750000
	Secur32.dll                                      0x7FFA357C0000
	schannel.DLL                                     0x7FFA35840000
	rsaenh.dll                                       0x7FFA35950000
	kernel.appcore.dll                               0x7FFA359F0000
	ntmarta.dll                                      0x7FFA35A10000
	SSPICLI.DLL                                      0x7FFA35C50000
	MSWSOCK.dll                                      0x7FFA35E60000
	gpapi.dll                                        0x7FFA35ED0000
	USERENV.dll                                      0x7FFA35F00000
	wldp.dll                                         0x7FFA360E0000
	CRYPTBASE.DLL                                    0x7FFA36190000
	CRYPTSP.dll                                      0x7FFA361B0000
	NTASN1.dll                                       0x7FFA36260000
	ncrypt.dll                                       0x7FFA362A0000
	bcrypt.dll                                       0x7FFA362D0000
	MSASN1.dll                                       0x7FFA365E0000
	devobj.dll                                       0x7FFA36600000
	CFGMGR32.dll                                     0x7FFA36630000
	DPAPI.DLL                                        0x7FFA366A0000
	profapi.dll                                      0x7FFA36870000
	KERNELBASE.dll                                   0x7FFA36940000
	CRYPT32.dll                                      0x7FFA36CF0000
	msvcp_win.dll                                    0x7FFA36E60000
	gdi32full.dll                                    0x7FFA36F00000
	win32u.dll                                       0x7FFA370E0000
	bcryptPrimitives.dll                             0x7FFA37110000
	ucrtbase.dll                                     0x7FFA37190000
	imagehlp.dll                                     0x7FFA37320000
	IMM32.DLL                                        0x7FFA37340000
	WS2_32.dll                                       0x7FFA37380000
	SETUPAPI.dll                                     0x7FFA37410000
	msvcrt.dll                                       0x7FFA37890000
	RPCRT4.dll                                       0x7FFA37940000
	COMDLG32.dll                                     0x7FFA37A60000
	MSCTF.dll                                        0x7FFA37B60000
	SHELL32.dll                                      0x7FFA37DA0000
	NSI.dll                                          0x7FFA38600000
	ADVAPI32.dll                                     0x7FFA38610000
	PSAPI.DLL                                        0x7FFA386D0000
	clbcatq.dll                                      0x7FFA38760000
	SHLWAPI.dll                                      0x7FFA38810000
	USER32.dll                                       0x7FFA38A30000
	shcore.dll                                       0x7FFA38BE0000
	sechost.dll                                      0x7FFA38CE0000
	combase.dll                                      0x7FFA38D90000
	ole32.dll                                        0x7FFA39170000
	KERNEL32.DLL                                     0x7FFA39380000
	GDI32.dll                                        0x7FFA39450000
	OLEAUT32.dll                                     0x7FFA39490000
	ntdll.dll                                        0x7FFA395D0000

SKSE PLUGINS:
	ActorLimitFix.dll
	ActorValueExtension.dll v1.9.5.4
	AddItemMenuSE.dll
	AHZmoreHUDInventory.dll v2.1.2
	AHZmoreHUDPlugin.dll v5.2.2
	AnimationMotionRevolution.dll
	AnimationQueueFix.dll v1.0.1
	Arcane-Disenchanter-NG.dll v1.1
	AutoParallax.dll v1.0.7
	BackportedESLSupport.dll
	BarterLimitFix.dll
	BetterThirdPersonSelection.dll v1
	BugFixesSSE.dll
	CaptureWarmer.dll v1.1
	cbp.dll
	CCExtender.dll v1.11.0.1
	CompassNavigationOverhaul.dll
	Completionist.dll v3.2.2.6
	ComprehensiveAttackSpeedPatch.dll v1
	ConsoleUtilSSE.dll v1.4
	ContainerItemDistributor.dll v1.1.4
	CraftingCategories.dll v1.1
	CrashLogger.dll v1.11.1
	DescriptionFramework.dll
	diskCacheEnabler.dll
	dmenu.dll v1
	DynamicCollisionAdjustment.dll v1.1
	ENBHelperPlus.dll v1
	ENBHelperSE.dll v2.2
	encounter_zones_unlocked.dll
	EnemiesRespectEncounterZones.dll v1.4.1
	EngineFixes.dll v6.1.1
	EVLaS.dll v1.3.1
	Experience.dll v3.2
	FaceGenFixes.dll v1.0.3
	fiss.dll
	FixNotesForSkyUI.dll v1.2.6
	FormListManipulator.dll v1.7
	Fuz Ro D'oh.dll v2.2.6.927
	GrassSamplerFix.dll v1.0.1
	HDLocalMap.dll v1.0.2
	hdtSMP64.dll
	HelpExtender.dll v1.2.1.1
	htfq_se.dll v2
	IdrinthBuffsWorkOnNPCs.dll v1
	ImWalkinHere.dll v1.7
	InfinityUI.dll
	InventoryInjector.dll v1.0.2
	ItemPropertyManipulator.dll v0.5.1
	IWantWidgetsNative.dll
	JContainers64.dll v4.2.3
	KillCapsLockNG.dll v1
	KiLoaderSatelliteSKSE.dll v1.2
	kxWhereAreYou.dll
	LocationalEncounterZones.dll v1.0.2
	loki_DynamicAnimationCasting.dll v3.2.3
	MapMarkerFramework.dll v2.2
	MaxsuCombatEscape.dll v1
	MCMHelper.dll v1.4
	MenuMaid2.dll v2.2.2
	mfgfix.dll v1.6.1
	MoreInformativeConsole.dll v1.1
	MuJointFix.dll v2.0.17
	MumsTheWord.dll v2.1
	MuSkeletonEditor.dll v0.4.3
	NakedDeadNPCFix.dll v1.0.6
	NativeEditorIDFix.dll v1.1
	NoEnchantmentRestrictionRemake.dll v3.0.1
	NoOppositeGenderAnims.dll v1.1
	NotificationFilter.dll v1.2.1
	OBody.dll v1
	OpenAnimationReplacer-IEDConditionExtensions.dll v1.0.2
	OpenAnimationReplacer.dll v2.0.2
	OSLAroused.dll v2.3
	OStim.dll v1.0.0.5
	PairedAnimationImprovements.dll v1.0.1
	PAPER.dll v2.2.4
	PapyrusIniManipulator.dll v1.9.3
	PapyrusTweaks.dll v4.1
	PapyrusUtil.dll
	PassiveWeaponEnchantmentRecharging.dll v1
	PayloadInterpreter.dll v1
	PlayerPayCrimeGoldTweak.dll v1.0.6
	po3_AnimObjectSwapper.dll v1.1.0.1
	po3_BaseObjectSwapper.dll v2.6.1.1
	po3_ConsolePlusPlus.dll v1.4.0.1
	po3_CraftingRecipeDistributor.dll v2.1.0.1
	po3_DualCastingFix.dll v1.0.0.1
	po3_ENBLightForEffectShaders.dll v2.1.0.1
	po3_EnhancedInvisibility.dll v1.3.0.1
	po3_KeywordItemDistributor.dll v3.0.4.1
	po3_MagicSneakAttacks.dll v1.2.0.1
	po3_MoonMod.dll v2.0.2.1
	po3_PapyrusExtender.dll v5.6.1.1
	po3_ReadOrTakeBooks.dll v1.3.0.1
	po3_SaveUnbaker.dll v1.0.3.1
	po3_SimpleActivateSKSE.dll v1.4.1.1
	po3_SimpleOffenceSuppression.dll v2.2.1.1
	po3_SpellPerkItemDistributor.dll v6.7.5.1
	po3_Tweaks.dll v1.8.1.1
	po3_UseOrTake.dll v1.2.0.1
	PrivateProfileRedirector.dll
	QuickLootEE.dll v1.1
	ReadingIsBad.dll v1.0.12
	RecursionFPSFix.dll v1.1
	RemoveAllItemsFix.dll v1.1
	ScaleformTranslationPP.dll v1.6
	ScrambledBugs.dll
	ShadowBoost.dll
	skee64.dll
	SkillOfSneaking.dll v1.1
	SkyrimUncapper.dll
	SkyrimUpscaler.dll v1
	SMP-NPC crash fix.dll
	SoftShadows.dll v2
	SoundRecordDistributor.dll v1.2
	SSEDisplayTweaks.dll v0.5.12
	SureOfStealing.dll v1.1.3
	TheNewGentleman.dll v0.7.2
	TrueDirectionalMovement.dll v2.2.5
	TrueHUD.dll v1.1.8
	UnlimitedFastTravel.dll v1.5.3
	vcheck_patcher_sse.dll
	Weightless.dll v1
	wheeler.dll v1
	WhichKey-NG.dll v1.1
	WhoseQuestIsItAnyway.dll v1.5
	YesImSure.dll v1.7

PLUGINS:
	Light: 117	Regular: 151	Total: 268
	[ 0]     Skyrim.esm
	[ 1]     Update.esm
	[ 2]     Dawnguard.esm
	[ 3]     HearthFires.esm
	[ 4]     Dragonborn.esm
	[ 5]     ccasvsse001-almsivi.esm
	[ 6]     ccBGSSSE001-Fish.esm
	[ 7]     cctwbsse001-puzzledungeon.esm
	[ 8]     ccbgssse016-umbra.esm
	[ 9]     ccbgssse031-advcyrus.esm
	[ A]     ccbgssse067-daedinv.esm
	[ B]     ccBGSSSE025-AdvDSGS.esm
	[ C]     cceejsse005-cave.esm
	[ D]     ccafdsse001-dwesanctuary.esm
	[ E]     Unofficial Skyrim Special Edition Patch.esp
	[ F]     Unofficial Skyrim Modders Patch.esp
	[10]     SkyUI_SE.esp
	[11]     Audio Overhaul Skyrim.esp
	[12]     Immersive Sounds - Compendium.esp
	[13]     Obsidian Weathers.esp
	[14]     SMIM-SE-Merged-All.esp
	[15]     DLCIntegration.esp
	[16]     TrueStormsSE.esp
	[17]     BSAssets.esm
	[18]     BSHeartland.esm
	[19]     BS_DLC_patch.esp
	[1A]     Weapons Armor Clothing & Clutter Fixes.esp
	[1B]     Relationship Dialogue Overhaul.esp
	[1C]     Castle Volkihar Rebuilt.esp
	[1D]     Book Covers Skyrim.esp
	[1E]     CollegeOfWinterholdImmersive.esp
	[1F]     OCW_Obscure's_CollegeofWinterhold.esp
	[20]     Landscape Fixes For Grass Mods.esp
	[21]     Lux Via.esp
	[22]     MysticismMagic.esp
	[23]     Bandit War.esp
	[24]     IcyFixes.esm
	[25]     Summermyst - Enchantments of Skyrim.esp
	[26]     Book of UUNP Iron And Steel.esp
	[27]     Adamant.esp
	[28]     SeranaDialogAddon.esp
	[29]     YurianaWench.esp
	[2A]     WACCF_Armor and Clothing Extension.esp
	[2B]     HearthfireMultiKid.esp
	[2C]     Embers XD.esp
	[2D]     Water for ENB.esm
	[2E]     NewArmoury.esp
	[2F]     CFTO.esp
	[30]     Lit Road Signs.esp
	[31]     Mists of Tamriel.esp
	[32]     Falskaar.esm
	[33]     Better Vampire NPCs.esp
	[34]     PrvtI_HeavyArmory.esp
	[35]     Lonewolf's Manor.esp
	[36]     arnima.esm
	[37]     Animated Armoury - Enchantments.esp
	[38]     High Poly Head.esm
	[39]     Wheres Your Smelter.esp
	[3A]     Bruma - Better Defendable.esp
	[3B]     BBLuxurySuite.esm
	[3C]     SolsticeCastle.esp
	[3D]     Triple Triad Skyrim.esp
	[3E]     myrwatchhomefixer.esp
	[3F]     The Amazing World of Bikini Armors REMASTERED.esp
	[40]     SkyfallEstateRevampedMain.esp
	[41]     Sapphire Castle.esp
	[42]     ThaneFailSafe.esp
	[43]     TakeMeHome-SolsticeCastle.esp
	[44]     summersetisles.esp
	[45]     SummersetFixes.esp
	[46]     Heels Sound.esm
	[47]     ApachiiHair.esm
	[48]     Wyrmstooth.esp
	[49]     My Home Is Your Home.esp
	[4A]     Apocalypse - Magic of Skyrim.esp
	[4B]     FISS.esp
	[4C]     SGEyebrows.esp
	[4D]     Smooth Weapon.esm
	[4E]     Ritual - Unofficial Mysticism Addon.esp
	[4F]     wraithguardvaultfixer.esp
	[50]     NewArmoury - Summermyst Patch.esp
	[51]     Resurrect.esp
	[52]     Mining For Mages Redux.esp
	[53]     HQEyes-2k.esp
	[54]     Faction Crossbows.esp
	[55]     KS Hairdo's.esp
	[56]     UIExtensions.esp
	[57]     Take All Loose Gold and Arrows.esp
	[58]     ShowRaceMenuAlternative.esp
	[59]     FixVampireLord - Revert Form.esp
	[5A]     ENB Light.esp
	[5B]     Dress Up Lovers.esp
	[5C]     AllEnchantmentsUnlocked.esp
	[5D]     AHZmoreHUD.esp
	[5E]     Teach Followers Spells.esp
	[5F]     NPC Death Alerts.esp
	[60]     ArenaHarderSpawns.esp
	[61]     Cathedral - 3D Pine Grass.esp
	[62]     nwsFollowerFramework.esp
	[63]     Emfy Cleric Robes.esp
	[64]     DGPlayerIsVampire.esp
	[65]     Daily-Wear.esp
	[66]     XPMSE.esp
	[67]     BDE_Armor.esp
	[68]     CandlelightRogue Bruma NPCs.esp
	[69]     arnimanpcedit.esp
	[6A]     Crimson Blood Armor.esp
	[6B]     AncientDraugr.esp
	[6C]     WildHuntress.esp
	[6D]     Tembtra Thief Armor.esp
	[6E]     Stella Mithril Armor.esp
	[6F]     Spartan Bard Outfit.esp
	[70]     Sotteta Necromancer Outfit.esp
	[71]     Sotteta Huntress Armor.esp
	[72]     Merta Black Rose Armor.esp
	[73]     Merta Assassin Armor.esp
	[74]     Gwelda Witch.esp
	[75]     Gwelda Vampire.esp
	[76]     Gwelda Red Riding Hood.esp
	[77]     Gwelda Dawnguard Armor.esp
	[78]     DX Witcher Armor.esp
	[79]     DX Witch Hunter Armor.esp
	[7A]     DX Succubus Armor.esp
	[7B]     DX Morenn Outfit.esp
	[7C]     DX Druid Armor.esp
	[7D]     DX Daughter of the Sea.esp
	[7E]     DX Christmas Bunny Outfit.esp
	[7F]     Demon Armor.esp
	[80]     Daedric Reaper Armor.esp
	[81]     Celes Tarot Outfit Cloth UNP.esp
	[82]     Celes Rogue Armor UNP.esp
	[83]     Celes Nightingale Armor.esp
	[84]     Celes Mercy.esp
	[85]     Cassandra Frost Witch.esp
	[86]     Cassandra Apocrypha UNP.esp
	[87]     Black Widow Outfit.esp
	[88]     Fashions of the Banditry.esp
	[89]     ORomance.esp
	[8A]     Better Vampires.esp
	[8B]     Better Vampire Lords.esp
	[8C]     Alternate Start - Live Another Life.esp
	[8D]     BBLS-ASLAL.esp
	[8E]     Lux.esp
	[8F]     Water for ENB (Shades of Skyrim).esp
	[90]     Summermyst - WACCF Patch.esp
	[91]     Buxom Tweaks.esm
	[92]     BBLS_SKSE64_Patch.esp
	[93]     BBLuxurySuiteENM.esp
	[94]     DynDOLOD.esm
	[95]     NPC Improvements.esp
	[96]     DynDOLOD.esp
	[FE:  0] ccbgssse002-exoticarrows.esl
	[FE:  1] ccbgssse003-zombies.esl
	[FE:  2] ccbgssse004-ruinsedge.esl
	[FE:  3] ccbgssse005-goldbrand.esl
	[FE:  4] ccbgssse006-stendarshammer.esl
	[FE:  5] ccbgssse007-chrysamere.esl
	[FE:  6] ccbgssse010-petdwarvenarmoredmudcrab.esl
	[FE:  7] ccbgssse011-hrsarmrelvn.esl
	[FE:  8] ccbgssse012-hrsarmrstl.esl
	[FE:  9] ccbgssse014-spellpack01.esl
	[FE:  A] ccbgssse019-staffofsheogorath.esl
	[FE:  B] ccbgssse020-graycowl.esl
	[FE:  C] ccbgssse021-lordsmail.esl
	[FE:  D] ccmtysse001-knightsofthenine.esl
	[FE:  E] ccQDRSSE001-SurvivalMode.esl
	[FE:  F] ccqdrsse002-firewood.esl
	[FE: 10] ccbgssse018-shadowrend.esl
	[FE: 11] ccbgssse035-petnhound.esl
	[FE: 12] ccfsvsse001-backpacks.esl
	[FE: 13] cceejsse002-tower.esl
	[FE: 14] ccedhsse001-norjewel.esl
	[FE: 15] ccvsvsse002-pets.esl
	[FE: 16] ccBGSSSE037-Curios.esl
	[FE: 17] ccbgssse034-mntuni.esl
	[FE: 18] ccbgssse045-hasedoki.esl
	[FE: 19] ccbgssse008-wraithguard.esl
	[FE: 1A] ccbgssse036-petbwolf.esl
	[FE: 1B] ccffbsse001-imperialdragon.esl
	[FE: 1C] ccmtysse002-ve.esl
	[FE: 1D] ccbgssse043-crosselv.esl
	[FE: 1E] ccvsvsse001-winter.esl
	[FE: 1F] cceejsse003-hollow.esl
	[FE: 20] ccbgssse038-bowofshadows.esl
	[FE: 21] ccbgssse040-advobgobs.esl
	[FE: 22] ccbgssse050-ba_daedric.esl
	[FE: 23] ccbgssse052-ba_iron.esl
	[FE: 24] ccbgssse054-ba_orcish.esl
	[FE: 25] ccbgssse058-ba_steel.esl
	[FE: 26] ccbgssse059-ba_dragonplate.esl
	[FE: 27] ccbgssse061-ba_dwarven.esl
	[FE: 28] ccpewsse002-armsofchaos.esl
	[FE: 29] ccbgssse041-netchleather.esl
	[FE: 2A] ccedhsse002-splkntset.esl
	[FE: 2B] ccbgssse064-ba_elven.esl
	[FE: 2C] ccbgssse063-ba_ebony.esl
	[FE: 2D] ccbgssse062-ba_dwarvenmail.esl
	[FE: 2E] ccbgssse060-ba_dragonscale.esl
	[FE: 2F] ccbgssse056-ba_silver.esl
	[FE: 30] ccbgssse055-ba_orcishscaled.esl
	[FE: 31] ccbgssse053-ba_leather.esl
	[FE: 32] ccbgssse051-ba_daedricmail.esl
	[FE: 33] ccbgssse057-ba_stalhrim.esl
	[FE: 34] ccbgssse066-staves.esl
	[FE: 35] ccbgssse068-bloodfall.esl
	[FE: 36] ccbgssse069-contest.esl
	[FE: 37] ccvsvsse003-necroarts.esl
	[FE: 38] ccvsvsse004-beafarmer.esl
	[FE: 39] ccffbsse002-crossbowpack.esl
	[FE: 3A] ccbgssse013-dawnfang.esl
	[FE: 3B] ccrmssse001-necrohouse.esl
	[FE: 3C] ccedhsse003-redguard.esl
	[FE: 3D] cceejsse004-hall.esl
	[FE: 3E] cckrtsse001_altar.esl
	[FE: 3F] cccbhsse001-gaunt.esl
	[FE: 40] Cleaned Skyrim SE Textures.esp
	[FE: 41] ATU 2x.esp
	[FE: 42] ATU 2x0.esp
	[FE: 43] ATU 2x1.esp
	[FE: 44] ATU 2x2.esp
	[FE: 45] ATU 2x3.esp
	[FE: 46] ATU 2x4.esp
	[FE: 47] Unofficial Silver Armor Patch.esl
	[FE: 48] Unofficial Shadowrend Patch.esl
	[FE: 49] Unofficial Shadowfoot Sanctum Patch.esl
	[FE: 4A] Unofficial Saturalia Holiday Pack Patch.esl
	[FE: 4B] Unofficial Ruin's Edge Patch.esl
	[FE: 4C] Unofficial Redguard Elite Armaments Patch.esl
	[FE: 4D] Unofficial Plague of the Dead Patch.esl
	[FE: 4E] Unofficial Pets of Skyrim Patch.esl
	[FE: 4F] Unofficial Orcish Scaled Armor Patch.esl
	[FE: 50] Unofficial Orcish Plate Armor Patch.esl
	[FE: 51] Unofficial Nordic Jewelry Patch.esl
	[FE: 52] Unofficial Nix-Hound Patch.esl
	[FE: 53] Unofficial Netch Leather Armors Patch.esl
	[FE: 54] Unofficial Necromantic Grimoire Patch.esl
	[FE: 55] Unofficial Farming Patch.esl
	[FE: 56] Unofficial Forgotten Seasons Patch.esl
	[FE: 57] Unofficial Civil War Champions Patch.esl
	[FE: 58] Unofficial Dead Man's Dread Patch.esl
	[FE: 59] Unofficial Myrwatch Patch.esl
	[FE: 5A] Unofficial Sunder & Wraithguard Patch.esl
	[FE: 5B] Unofficial Vigil Enforcer Armor Set Patch.esl
	[FE: 5C] Unofficial Bloodchill Manor Patch.esl
	[FE: 5D] Unofficial Spell Knight Armor Patch.esl
	[FE: 5E] Unofficial Arms of Chaos Patch.esl
	[FE: 5F] Unofficial Hendraheim Patch.esl
	[FE: 60] Unofficial Umbra Patch.esl
	[FE: 61] Unofficial Lord's Mail Patch.esl
	[FE: 62] Unofficial Iron Armor Patch.esl
	[FE: 63] Unofficial Headmans Cleaver Patch.esl
	[FE: 64] Unofficial Gray Cowl Returns Patch.esl
	[FE: 65] Unofficial Goldbrand Patch.esl
	[FE: 66] Unofficial Goblins Patch.esl
	[FE: 67] Unofficial Ghosts of the Tribunal Patch.esl
	[FE: 68] Unofficial Gallows Hall Patch.esl
	[FE: 69] Unofficial Expanded Crossbow Pack Patch.esl
	[FE: 6A] Unofficial Elven Hunter Armor Patch.esl
	[FE: 6B] Unofficial Elite Crossbows Patch.esl
	[FE: 6C] Unofficial Ebony Plate Armor Patch.esl
	[FE: 6D] Unofficial Dwarven Plate Armor Patch.esl
	[FE: 6E] Unofficial Dwarven Mail Armor Patch.esl
	[FE: 6F] Unofficial Dwarven Home Patch.esl
	[FE: 70] Unofficial Dwarven Armored Mudcrab Patch.esl
	[FE: 71] Unofficial Dragonscale Armor Patch.esl
	[FE: 72] Unofficial Dragon Plate Armor Patch.esl
	[FE: 73] Unofficial Divine Crusader Patch.esl
	[FE: 74] Unofficial Dawnfang and Duskfang Patch.esl
