Skyrim SSE v1.6.640
CrashLoggerSSE v1-12-0-0 Dec 15 2023 01:44:43

Unhandled exception "EXCEPTION_ACCESS_VIOLATION" at 0x7FF73E2A47B8 SkyrimSE.exe+1AF47B8	jo 0x00007FF73E2A47BE

SYSTEM SPECS:
	OS: Microsoft Windows 11 Pro v10.0.22631
	CPU: AuthenticAMD AMD Ryzen 7 7800X3D 8-Core Processor           
	GPU #1: Nvidia AD104 [GeForce RTX 4070]
	GPU #2: AMD Raphael
	GPU #3: Microsoft Basic Render Driver
	PHYSICAL MEMORY: 28.34 GB/63.15 GB
	GPU MEMORY: 1.69/10.99 GB

PROBABLE CALL STACK:
	[ 0] 0x7FF73E2A47B8       SkyrimSE.exe+1AF47B8 -> 296091+0x7C	jo 0x00007FF73E2A47BE
	[ 1] 0x7FF9602AB6FD     SkyPatcher.dll+006B6FD
	[ 2] 0x7FF9602A7EFD     SkyPatcher.dll+0067EFD
	[ 3] 0x7FF9602A96C2     SkyPatcher.dll+00696C2
	[ 4] 0x7FF9602992EF     SkyPatcher.dll+00592EF
	[ 5] 0x7FF9E8432A32 skse64_1_6_640.dll+0082A32
	[ 6] 0x7FF9E83BA698 skse64_1_6_640.dll+000A698
	[ 7] 0x7FF73CD99370       SkyrimSE.exe+05E9370 -> 36553+0x3F0	cmp dword ptr [0x00007FF73E707408], 0x02
	[ 8] 0x7FF73CDA285C       SkyrimSE.exe+05F285C -> 36644+0x1C	xor eax, eax
	[ 9] 0x7FF73D3F5E4D       SkyrimSE.exe+0C45E4D -> 68445+0x3D	mov rcx, [0x00007FF73F7B6898]
	[10] 0x7FFA588A257D       KERNEL32.DLL+001257D
	[11] 0x7FFA5A64AA58          ntdll.dll+005AA58

REGISTERS:
	RAX 0x7FF73E2A47B8     (void* -> SkyrimSE.exe+1AF47B8	jo 0x00007FF73E2A47BE)
	RCX 0x1BC3679DB28      (void*)
	RDX 0x3                (size_t) [3]
	RBX 0x1BC3679DB28      (void*)
	RSP 0x660FD4E798       (void*)
	RBP 0x660FD4E8A0       (void*)
	RSI 0x3                (size_t) [3]
	RDI 0x1BC2A54B970      (TESLevItem*)
		File: "Buxom Tweaks.esp"
		Flags: 0x00000008 kInitialized
		EditorID: "YW_OUTFIT_BWF_Myriani"
		FormID: 0x55093528
		FormType: LeveledItem (53)
	R8  0x1BA6DDB3AC0      (void*)
	R9  0x4849C            (size_t) [296092]
	R10 0x1BA6DF9A4E0      (void*)
	R11 0x660FD4E790       (void*)
	R12 0x660FD4EAF0       (void*)
	R13 0x0                (size_t) [0]
	R14 0x7FF96032C890     (char*) "C:\dev\Skyrim SE\SkyPatcher\src\leveledlist.cpp"
	R15 0x7FF96032903C     (char*) "patch"

STACK:
	[RSP+0   ] 0x7FF9602AB6FD     (void* -> SkyPatcher.dll+006B6FD	mov rax, [rdi+0x08])
	[RSP+8   ] 0x1BA2CDB0000      (void*)
	[RSP+10  ] 0x1BC3679DB28      (void*)
	[RSP+18  ] 0x3                (size_t) [3]
	[RSP+20  ] 0x0                (size_t) [0]
	[RSP+28  ] 0x1BC2A54B954      (char*) "(5	U"
	[RSP+30  ] 0x90               (size_t) [144]
	[RSP+38  ] 0x2                (size_t) [2]
	[RSP+40  ] 0xA0               (size_t) [160]
	[RSP+48  ] 0x0                (size_t) [0]
	[RSP+50  ] 0xA                (size_t) [10]
	[RSP+58  ] 0x7FF96032C890     (char*) "C:\dev\Skyrim SE\SkyPatcher\src\leveledlist.cpp"
	[RSP+60  ] 0x44E              (size_t) [1102]
	[RSP+68  ] 0x7FF96032903C     (char*) "patch"
	[RSP+70  ] 0x7FFA5A62C7BA     (void* -> ntdll.dll+003C7BA	mov rsi, rax)
	[RSP+78  ] 0x0                (size_t) [0]
	[RSP+80  ] 0x7FFA00000001     (size_t) [140711718551553]
	[RSP+88  ] 0x7FF96032CB88     (char*) "leveled lists {:08X} cleared"
	[RSP+90  ] 0x1C               (size_t) [28]
	[RSP+98  ] 0x660FD4EAF0       (void*)
	[RSP+A0  ] 0x1BBED59FA30      (void*)
	[RSP+A8  ] 0x1F               (size_t) [31]
	[RSP+B0  ] 0x19               (size_t) [25]
	[RSP+B8  ] 0x1BC5B473490      (void*)
	[RSP+C0  ] 0x7FF9602FBE00     (void* -> SkyPatcher.dll+00BBE00	test rax, rax)
	[RSP+C8  ] 0x0                (size_t) [0]
	[RSP+D0  ] 0x20               (size_t) [32]
	[RSP+D8  ] 0x7FF960328F38     (char*) "************************************************************"
	[RSP+E0  ] 0x1BBED590000      (void*)
	[RSP+E8  ] 0x20               (size_t) [32]
	[RSP+F0  ] 0x7FF9602E44BF     (void* -> SkyPatcher.dll+00A44BF	test rax, rax)
	[RSP+F8  ] 0x1BC5B473490      (void*)
	[RSP+100 ] 0x7FF9602FBE00     (void* -> SkyPatcher.dll+00BBE00	test rax, rax)
	[RSP+108 ] 0x0                (size_t) [0]
	[RSP+110 ] 0x80               (size_t) [128]
	[RSP+118 ] 0x1BC5B9DBEE0      (void*)
	[RSP+120 ] 0x7FF960264274     (void* -> SkyPatcher.dll+0024274	mov rax, rbx)
	[RSP+128 ] 0x80               (size_t) [128]
	[RSP+130 ] 0x7FF9602E44BF     (void* -> SkyPatcher.dll+00A44BF	test rax, rax)
	[RSP+138 ] 0x1BBED59FA10      (void*)
	[RSP+140 ] 0x1BC59F91A40      (void*)
	[RSP+148 ] 0x1BC5B4740F8      (void*)
	[RSP+150 ] 0x1BC5B9DD020      (char*) "0"
	[RSP+158 ] 0x1BC5B9DD040      (void*)
	[RSP+160 ] 0x7FF960248561     (void* -> SkyPatcher.dll+0008561	lea r11, [rsp+0x50])
	[RSP+168 ] 0x1BC2A54B940      (TESLevItem*)
		File: "Buxom Tweaks.esp"
		Flags: 0x00000008 kInitialized
		EditorID: "YW_OUTFIT_BWF_Myriani"
		FormID: 0x55093528
		FormType: LeveledItem (53)
	[RSP+170 ] 0x0                (size_t) [0]
	[RSP+178 ] 0x4849C            (size_t) [296092]
	[RSP+180 ] 0x90               (size_t) [144]
	[RSP+188 ] 0x1BC5B4740F8      (void*)
	[RSP+190 ] 0x1BC5B9DBEE0      (void*)
	[RSP+198 ] 0x1BC5B9DBF60      (void*)
	[RSP+1A0 ] 0x660FD4EAF0       (void*)
	[RSP+1A8 ] 0x9EF600000001     (size_t) [174779399143425]
	[RSP+1B0 ] 0x7FF96029D34D     (void* -> SkyPatcher.dll+005D34D	lea r11, [rsp+0x90])
	[RSP+1B8 ] 0x1BBED59FA10      (void*)
	[RSP+1C0 ] 0x1BC59F91A40      (void*)
	[RSP+1C8 ] 0x7FF96032C890     (char*) "C:\dev\Skyrim SE\SkyPatcher\src\leveledlist.cpp"
	[RSP+1D0 ] 0x44E              (size_t) [1102]
	[RSP+1D8 ] 0x7FF96032903C     (char*) "patch"
	[RSP+1E0 ] 0x1BBED5A02B0      (char*) "Buxom Tweaks.esp|93528"
	[RSP+1E8 ] 0x1BC5B473478      (void*)
	[RSP+1F0 ] 0x660FD4EC60       (void*)
	[RSP+1F8 ] 0x660FD4EC60       (void*)
	[RSP+200 ] 0x7FF960264274     (void* -> SkyPatcher.dll+0024274	mov rax, rbx)
	[RSP+208 ] 0x1BC5B474110      (void*)
	[RSP+210 ] 0x660FD4EC60       (void*)
	[RSP+218 ] 0x9EF67843FAA7     (size_t) [174781416864423]
	[RSP+220 ] 0x0                (size_t) [0]
	[RSP+228 ] 0x9EF67843F477     (size_t) [174781416862839]
	[RSP+230 ] 0x660FD4EAF0       (void*)
	[RSP+238 ] 0x1BBED59FA10      (void*)
	[RSP+240 ] 0x1BBED5A02B0      (char*) "Buxom Tweaks.esp|93528"
	[RSP+248 ] 0x7FF960328F38     (char*) "************************************************************"
	[RSP+250 ] 0x1BBED59FA30      (void*)
	[RSP+258 ] 0x1BC2A54B940      (TESLevItem*)
		File: "Buxom Tweaks.esp"
		Flags: 0x00000008 kInitialized
		EditorID: "YW_OUTFIT_BWF_Myriani"
		FormID: 0x55093528
		FormType: LeveledItem (53)
	[RSP+260 ] 0x16               (size_t) [22]
	[RSP+268 ] 0x660FD4EB10       (void*)
	[RSP+270 ] 0x7FF9602A7EFD     (void* -> SkyPatcher.dll+0067EFD	nop)
	[RSP+278 ] 0x660FD4EAF0       (void*)
	[RSP+280 ] 0x1BC59F918C0      (void*)
	[RSP+288 ] 0x1BC59F918C0      (void*)
	[RSP+290 ] 0x1F               (size_t) [31]
	[RSP+298 ] 0x0                (size_t) [0]
	[RSP+2A0 ] 0x0                (size_t) [0]
	[RSP+2A8 ] 0x0                (size_t) [0]
	[RSP+2B0 ] 0x1BC283370C0      (void*)
	[RSP+2B8 ] 0x4521             (size_t) [17697]
	[RSP+2C0 ] 0x1                (size_t) [1]
	[RSP+2C8 ] 0x7FF960328E58     (char*) "processing patch instructions"
	[RSP+2D0 ] 0x1D               (size_t) [29]
	[RSP+2D8 ] 0x0                (size_t) [0]
	[RSP+2E0 ] 0x0                (size_t) [0]
	[RSP+2E8 ] 0x7FFA57E071D0     (void* -> KERNELBASE.dll+03571D0	add [rax], eax)
	[RSP+2F0 ] 0x7FFA5A61EDCD     (void* -> ntdll.dll+002EDCD	lea r11, [rsp+0x160])
	[RSP+2F8 ] 0x0                (size_t) [0]
	[RSP+300 ] 0x0                (size_t) [0]
	[RSP+308 ] 0x660FD4EB90       (char*) "yes"
	[RSP+310 ] 0x4                (size_t) [4]
	[RSP+318 ] 0x0                (size_t) [0]
	[RSP+320 ] 0x0                (size_t) [0]
	[RSP+328 ] 0x1BC45ABF080      (void*)
	[RSP+330 ] 0x1                (size_t) [1]
	[RSP+338 ] 0x0                (size_t) [0]
	[RSP+340 ] 0x0                (size_t) [0]
	[RSP+348 ] 0x0                (size_t) [0]
	[RSP+350 ] 0x0                (size_t) [0]
	[RSP+358 ] 0x0                (size_t) [0]
	[RSP+360 ] 0x0                (size_t) [0]
	[RSP+368 ] 0x0                (size_t) [0]
	[RSP+370 ] 0xF                (size_t) [15]
	[RSP+378 ] 0x0                (size_t) [0]
	[RSP+380 ] 0x0                (size_t) [0]
	[RSP+388 ] 0x0                (size_t) [0]
	[RSP+390 ] 0xF                (size_t) [15]
	[RSP+398 ] 0x0                (size_t) [0]
	[RSP+3A0 ] 0x0                (size_t) [0]
	[RSP+3A8 ] 0x0                (size_t) [0]
	[RSP+3B0 ] 0xF                (size_t) [15]
	[RSP+3B8 ] 0x0                (size_t) [0]
	[RSP+3C0 ] 0x0                (size_t) [0]
	[RSP+3C8 ] 0x0                (size_t) [0]
	[RSP+3D0 ] 0xF                (size_t) [15]
	[RSP+3D8 ] 0x0                (size_t) [0]
	[RSP+3E0 ] 0x0                (size_t) [0]
	[RSP+3E8 ] 0x0                (size_t) [0]
	[RSP+3F0 ] 0xF                (size_t) [15]
	[RSP+3F8 ] 0x736579           (size_t) [7562617]
	[RSP+400 ] 0x0                (size_t) [0]
	[RSP+408 ] 0x3                (size_t) [3]
	[RSP+410 ] 0xF                (size_t) [15]
	[RSP+418 ] 0x656E6F6E         (size_t) [1701736302]
	[RSP+420 ] 0x0                (size_t) [0]
	[RSP+428 ] 0x4                (size_t) [4]
	[RSP+430 ] 0xF                (size_t) [15]
	[RSP+438 ] 0x656E6F6E         (size_t) [1701736302]
	[RSP+440 ] 0x0                (size_t) [0]
	[RSP+448 ] 0x4                (size_t) [4]
	[RSP+450 ] 0xF                (size_t) [15]
	[RSP+458 ] 0x656E6F6E         (size_t) [1701736302]
	[RSP+460 ] 0x0                (size_t) [0]
	[RSP+468 ] 0x4                (size_t) [4]
	[RSP+470 ] 0xF                (size_t) [15]
	[RSP+478 ] 0x656E6F6E         (size_t) [1701736302]
	[RSP+480 ] 0x0                (size_t) [0]
	[RSP+488 ] 0x4                (size_t) [4]
	[RSP+490 ] 0xF                (size_t) [15]
	[RSP+498 ] 0x1BBED59F320      (void*)
	[RSP+4A0 ] 0x1BBED59F340      (void*)
	[RSP+4A8 ] 0x1BBED59F340      (void*)
	[RSP+4B0 ] 0x0                (size_t) [0]
	[RSP+4B8 ] 0x0                (size_t) [0]
	[RSP+4C0 ] 0x0                (size_t) [0]
	[RSP+4C8 ] 0x1BC5B474080      (void*)
	[RSP+4D0 ] 0x1BC5B474110      (void*)
	[RSP+4D8 ] 0x1BC5B474110      (void*)
	[RSP+4E0 ] 0x0                (size_t) [0]
	[RSP+4E8 ] 0x0                (size_t) [0]
	[RSP+4F0 ] 0x0                (size_t) [0]
	[RSP+4F8 ] 0x0                (size_t) [0]
	[RSP+500 ] 0x0                (size_t) [0]
	[RSP+508 ] 0x0                (size_t) [0]
	[RSP+510 ] 0x0                (size_t) [0]
	[RSP+518 ] 0x0                (size_t) [0]
	[RSP+520 ] 0x0                (size_t) [0]
	[RSP+528 ] 0x0                (size_t) [0]
	[RSP+530 ] 0x0                (size_t) [0]
	[RSP+538 ] 0x0                (size_t) [0]
	[RSP+540 ] 0x0                (size_t) [0]
	[RSP+548 ] 0x0                (size_t) [0]
	[RSP+550 ] 0x0                (size_t) [0]
	[RSP+558 ] 0x656E6F6E         (size_t) [1701736302]
	[RSP+560 ] 0x0                (size_t) [0]
	[RSP+568 ] 0x4                (size_t) [4]
	[RSP+570 ] 0xF                (size_t) [15]
	[RSP+578 ] 0x1BC59F93F00      (void*)
	[RSP+580 ] 0x1BBED59F740      (char*) "Buxom Tweaks.esp|93528"
	[RSP+588 ] 0x0                (size_t) [0]
	[RSP+590 ] 0x16               (size_t) [22]
	[RSP+598 ] 0x1F               (size_t) [31]
	[RSP+5A0 ] 0x1BC283370C0      (void*)
	[RSP+5A8 ] 0x800              (size_t) [2048]
	[RSP+5B0 ] 0x59B              (size_t) [1435]
	[RSP+5B8 ] 0x1BC45ABF080      (void*)
	[RSP+5C0 ] 0x8000             (size_t) [32768]
	[RSP+5C8 ] 0x4521             (size_t) [17697]
	[RSP+5D0 ] 0x8                (size_t) [8]
	[RSP+5D8 ] 0x9EF67843F9C7     (size_t) [174781416864199]
	[RSP+5E0 ] 0x1BA508D5090      (std::ctype<char>*)
	[RSP+5E8 ] 0x0                (size_t) [0]
	[RSP+5F0 ] 0x1BC52A048D0      (void*)
	[RSP+5F8 ] 0x7FF960328F38     (char*) "************************************************************"
	[RSP+600 ] 0x1BC52A048D0      (void*)
	[RSP+608 ] 0x660FD4EEB0       (void*)
	[RSP+610 ] 0x7FF9602A96C2     (void* -> SkyPatcher.dll+00696C2	nop)
	[RSP+618 ] 0x0                (size_t) [0]
	[RSP+620 ] 0x660FD4F150       (void*)
	[RSP+628 ] 0xA                (size_t) [10]
	[RSP+630 ] 0x660FD4F150       (void*)
	[RSP+638 ] 0x660FD4EE58       (void*)
	[RSP+640 ] 0x0                (size_t) [0]
	[RSP+648 ] 0x0                (size_t) [0]
	[RSP+650 ] 0x1BC52A048D0      (void*)
	[RSP+658 ] 0x7                (size_t) [7]
	[RSP+660 ] 0x7FF96032C890     (char*) "C:\dev\Skyrim SE\SkyPatcher\src\leveledlist.cpp"
	[RSP+668 ] 0x38F              (size_t) [911]
	[RSP+670 ] 0x7FF960328F28     (char*) "readConfig"
	[RSP+678 ] 0x1BC52A049F8      (void*)
	[RSP+680 ] 0x0                (size_t) [0]
	[RSP+688 ] 0x7FF96032C890     (char*) "C:\dev\Skyrim SE\SkyPatcher\src\leveledlist.cpp"
	[RSP+690 ] 0x38F              (size_t) [911]
	[RSP+698 ] 0x7FF960328F28     (char*) "readConfig"
	[RSP+6A0 ] 0x1F               (size_t) [31]
	[RSP+6A8 ] 0x0                (size_t) [0]
	[RSP+6B0 ] 0x0                (size_t) [0]
	[RSP+6B8 ] 0x1BC52A048D0      (void*)
	[RSP+6C0 ] 0x1BC5B9A7890      (char*) ".\Data\SKSE\Plugins\SkyPatcher\leveledList\\BuxomWenchYuriana\[NINI] Blacksmith.esp.ini"
	[RSP+6C8 ] 0x1BC52A048D0      (void*)
	[RSP+6D0 ] 0x1BC52A048D0      (void*)
	[RSP+6D8 ] 0x660FD4EF30       (void*)
	[RSP+6E0 ] 0x0                (size_t) [0]
	[RSP+6E8 ] 0x660FD4EF30       (void*)
	[RSP+6F0 ] 0x0                (size_t) [0]
	[RSP+6F8 ] 0x4                (size_t) [4]
	[RSP+700 ] 0x696E692E         (size_t) [1768843566]
	[RSP+708 ] 0xF                (size_t) [15]
	[RSP+710 ] 0x660FD4EF60       (void*)
	[RSP+718 ] 0x0                (size_t) [0]
	[RSP+720 ] 0x0                (size_t) [0]
	[RSP+728 ] 0x0                (size_t) [0]
	[RSP+730 ] 0x0                (size_t) [0]
	[RSP+738 ] 0x0                (size_t) [0]
	[RSP+740 ] 0x0                (size_t) [0]
	[RSP+748 ] 0x0                (size_t) [0]
	[RSP+750 ] 0x0                (size_t) [0]
	[RSP+758 ] 0x7FF960328F38     (char*) "************************************************************"
	[RSP+760 ] 0x3C               (size_t) [60]
	[RSP+768 ] 0x7FF960328EC8     (char*) "Processing config file {}... "
	[RSP+770 ] 0x1D               (size_t) [29]
	[RSP+778 ] 0x7FF960328F38     (char*) "************************************************************"
	[RSP+780 ] 0x3C               (size_t) [60]
	[RSP+788 ] 0x61006E00450069   (size_t) [27303545191858281]
	[RSP+790 ] 0x1BA508D4AD0      (std::locale::_Locimp*)
	[RSP+798 ] 0x1BC5B883FA0      (void*)
	[RSP+7A0 ] 0x0                (size_t) [0]
	[RSP+7A8 ] 0x1BC5B9A7890      (char*) ".\Data\SKSE\Plugins\SkyPatcher\leveledList\\BuxomWenchYuriana\[NINI] Blacksmith.esp.ini"
	[RSP+7B0 ] 0x0                (size_t) [0]
	[RSP+7B8 ] 0x57               (size_t) [87]
	[RSP+7C0 ] 0x5F               (size_t) [95]
	[RSP+7C8 ] 0x1BC59F93F00      (void*)
	[RSP+7D0 ] 0x1                (size_t) [1]
	[RSP+7D8 ] 0x1BBED59EE70      (char*) "[NINI] Blacksmith.esp"
	[RSP+7E0 ] 0x0                (size_t) [0]
	[RSP+7E8 ] 0x15               (size_t) [21]
	[RSP+7F0 ] 0x1F               (size_t) [31]
	[RSP+7F8 ] 0x1BC26782180      (char*) ".\Data\SKSE\Plugins\SkyPatcher\leveledList\\BuxomWenchYuriana"
	[RSP+800 ] 0x0                (size_t) [0]
	[RSP+808 ] 0x3D               (size_t) [61]
	[RSP+810 ] 0x46               (size_t) [70]
	[RSP+818 ] 0x1A               (size_t) [26]
	[RSP+820 ] 0x1BA4DE85970      (char*) "filterByLLs=Buxom Tweaks.esp|93528:clear=yes:addToLLs=[NINI] Blacksmith.esp|D6E~1~1~0,[NINI] Blacksmith.esp|D6F~1~1~0,[NINI] Blacksmith.esp|D70~1~1~0,[NINI] Blacksmith.esp|D74~1~1~0,[NINI] Blacksmith.esp|D76~1~1~0,[NINI] Blacksmith.esp|D77~1~1~0"
	[RSP+828 ] 0x7875423D734C4C   (size_t) [33905924564536396]
	[RSP+830 ] 0xF5               (size_t) [245]
	[RSP+838 ] 0x160              (size_t) [352]
	[RSP+840 ] 0x696E692E         (size_t) [1768843566]
	[RSP+848 ] 0x0                (size_t) [0]
	[RSP+850 ] 0x4                (size_t) [4]
	[RSP+858 ] 0xF                (size_t) [15]
	[RSP+860 ] 0x0                (size_t) [0]
	[RSP+868 ] 0x7FF960329908     (void* -> SkyPatcher.dll+00E9908	add [rax], al)
	[RSP+870 ] 0x0                (size_t) [0]
	[RSP+878 ] 0x7FF96031B7E8     (void* -> SkyPatcher.dll+00DB7E8	loopne 0x00007FF96031B771)
	[RSP+880 ] 0x0                (size_t) [0]
	[RSP+888 ] 0x0                (size_t) [0]
	[RSP+890 ] 0x660FD4F018       (void*)
	[RSP+898 ] 0x660FD4F020       (void*)
	[RSP+8A0 ] 0x0                (size_t) [0]
	[RSP+8A8 ] 0x0                (size_t) [0]
	[RSP+8B0 ] 0x660FD4F038       (void*)
	[RSP+8B8 ] 0x660FD4F040       (void*)
	[RSP+8C0 ] 0x0                (size_t) [0]
	[RSP+8C8 ] 0x660FD4F058       (void*)
	[RSP+8D0 ] 0x660FD4F05C       (void*)
	[RSP+8D8 ] 0x1BC26791F40      (void*)
	[RSP+8E0 ] 0x0                (size_t) [0]
	[RSP+8E8 ] 0x0                (size_t) [0]
	[RSP+8F0 ] 0x0                (size_t) [0]
	[RSP+8F8 ] 0x0                (size_t) [0]
	[RSP+900 ] 0x0                (size_t) [0]
	[RSP+908 ] 0x0                (size_t) [0]
	[RSP+910 ] 0x0                (size_t) [0]
	[RSP+918 ] 0x7FF960329918     (void* -> SkyPatcher.dll+00E9918	rol byte ptr [rdx+0x7FF96025], 0x01)
	[RSP+920 ] 0x0                (size_t) [0]
	[RSP+928 ] 0x3                (size_t) [3]
	[RSP+930 ] 0x201              (size_t) [513]
	[RSP+938 ] 0x6                (size_t) [6]
	[RSP+940 ] 0x0                (size_t) [0]
	[RSP+948 ] 0x0                (size_t) [0]
	[RSP+950 ] 0x0                (size_t) [0]
	[RSP+958 ] 0x1BC26791F00      (void*)
	[RSP+960 ] 0x660FD4F010       (std::basic_filebuf<char,std::char_traits<char> >*)
	[RSP+968 ] 0x0                (size_t) [0]
	[RSP+970 ] 0x20               (size_t) [32]
	[RSP+978 ] 0x3E               (size_t) [62]
	[RSP+980 ] 0x81B6000000000002 (size_t) [uint: 9346658076654043138 int: -9100085997055508478]
	[RSP+988 ] 0x1                (size_t) [1]
	[RSP+990 ] 0xF500000002       (size_t) [1052266987522]
	[RSP+998 ] 0x65805758         (size_t) [1702909784]
	[RSP+9A0 ] 0x65805758         (size_t) [1702909784]
	[RSP+9A8 ] 0x65805758         (size_t) [1702909784]
	[RSP+9B0 ] 0x40               (size_t) [64]
	[RSP+9B8 ] 0x0                (size_t) [0]
	[RSP+9C0 ] 0x0                (size_t) [0]
	[RSP+9C8 ] 0x0                (size_t) [0]
	[RSP+9D0 ] 0xF                (size_t) [15]
	[RSP+9D8 ] 0x0                (size_t) [0]
	[RSP+9E0 ] 0x0                (size_t) [0]
	[RSP+9E8 ] 0x0                (size_t) [0]
	[RSP+9F0 ] 0xF                (size_t) [15]
	[RSP+9F8 ] 0x0                (size_t) [0]
	[RSP+A00 ] 0x0                (size_t) [0]
	[RSP+A08 ] 0x0                (size_t) [0]
	[RSP+A10 ] 0xF                (size_t) [15]
	[RSP+A18 ] 0x0                (size_t) [0]
	[RSP+A20 ] 0x0                (size_t) [0]
	[RSP+A28 ] 0x0                (size_t) [0]
	[RSP+A30 ] 0xF                (size_t) [15]
	[RSP+A38 ] 0x0                (size_t) [0]
	[RSP+A40 ] 0x0                (size_t) [0]
	[RSP+A48 ] 0x0                (size_t) [0]
	[RSP+A50 ] 0xF                (size_t) [15]
	[RSP+A58 ] 0x736500           (size_t) [7562496]
	[RSP+A60 ] 0x0                (size_t) [0]
	[RSP+A68 ] 0x0                (size_t) [0]
	[RSP+A70 ] 0xF                (size_t) [15]
	[RSP+A78 ] 0x656E6F00         (size_t) [1701736192]
	[RSP+A80 ] 0x0                (size_t) [0]
	[RSP+A88 ] 0x0                (size_t) [0]
	[RSP+A90 ] 0xF                (size_t) [15]
	[RSP+A98 ] 0x656E6F00         (size_t) [1701736192]
	[RSP+AA0 ] 0x0                (size_t) [0]
	[RSP+AA8 ] 0x0                (size_t) [0]
	[RSP+AB0 ] 0xF                (size_t) [15]
	[RSP+AB8 ] 0x656E6F00         (size_t) [1701736192]
	[RSP+AC0 ] 0x0                (size_t) [0]
	[RSP+AC8 ] 0x0                (size_t) [0]
	[RSP+AD0 ] 0xF                (size_t) [15]
	[RSP+AD8 ] 0x656E6F00         (size_t) [1701736192]
	[RSP+AE0 ] 0x0                (size_t) [0]
	[RSP+AE8 ] 0x0                (size_t) [0]
	[RSP+AF0 ] 0xF                (size_t) [15]
	[RSP+AF8 ] 0x0                (size_t) [0]
	[RSP+B00 ] 0x0                (size_t) [0]
	[RSP+B08 ] 0x0                (size_t) [0]
	[RSP+B10 ] 0x0                (size_t) [0]
	[RSP+B18 ] 0x0                (size_t) [0]
	[RSP+B20 ] 0x0                (size_t) [0]
	[RSP+B28 ] 0x0                (size_t) [0]
	[RSP+B30 ] 0x0                (size_t) [0]
	[RSP+B38 ] 0x0                (size_t) [0]
	[RSP+B40 ] 0x0                (size_t) [0]
	[RSP+B48 ] 0x0                (size_t) [0]
	[RSP+B50 ] 0x0                (size_t) [0]
	[RSP+B58 ] 0x0                (size_t) [0]
	[RSP+B60 ] 0x0                (size_t) [0]
	[RSP+B68 ] 0x0                (size_t) [0]
	[RSP+B70 ] 0x0                (size_t) [0]
	[RSP+B78 ] 0x0                (size_t) [0]
	[RSP+B80 ] 0x0                (size_t) [0]
	[RSP+B88 ] 0x0                (size_t) [0]
	[RSP+B90 ] 0x0                (size_t) [0]
	[RSP+B98 ] 0x0                (size_t) [0]
	[RSP+BA0 ] 0x0                (size_t) [0]
	[RSP+BA8 ] 0x0                (size_t) [0]
	[RSP+BB0 ] 0x0                (size_t) [0]
	[RSP+BB8 ] 0x656E6F00         (size_t) [1701736192]
	[RSP+BC0 ] 0x0                (size_t) [0]
	[RSP+BC8 ] 0x0                (size_t) [0]
	[RSP+BD0 ] 0xF                (size_t) [15]
	[RSP+BD8 ] 0x9EF67843FE67     (size_t) [174781416865383]
	[RSP+BE0 ] 0x0                (size_t) [0]
	[RSP+BE8 ] 0x0                (size_t) [0]
	[RSP+BF0 ] 0x0                (size_t) [0]
	[RSP+BF8 ] 0x0                (size_t) [0]
	[RSP+C00 ] 0x0                (size_t) [0]
	[RSP+C08 ] 0x660FD4F4B0       (char*) "$"
	[RSP+C10 ] 0x7FF9602992EF     (void* -> SkyPatcher.dll+00592EF	nop)
	[RSP+C18 ] 0x660FD4F7B0       (void*)
	[RSP+C20 ] 0x660FD4F5C0       (void*)
	[RSP+C28 ] 0x8                (size_t) [8]
	[RSP+C30 ] 0xFFFFFFFF         (size_t) [4294967295]
	[RSP+C38 ] 0x24               (size_t) [36]
	[RSP+C40 ] 0x660FD4F8C0       (void*)
	[RSP+C48 ] 0x7FF9E848C505     (void* -> skse64_1_6_640.dll+00DC505	add [rax], al)
	[RSP+C50 ] 0x660FD4F998       (void*)
	[RSP+C58 ] 0x700000000        (size_t) [30064771072]
	[RSP+C60 ] 0x0                (size_t) [0]
	[RSP+C68 ] 0xFFFFFFFE         (size_t) [4294967294]
	[RSP+C70 ] 0x1BA4FEE0000      (char*) " "
	[RSP+C78 ] 0x660FD4F61D       (void*)
	[RSP+C80 ] 0x3                (size_t) [3]
	[RSP+C88 ] 0x7FF96CE1DA18     (char*) "void __cdecl Hooks::Install(void)"
	[RSP+C90 ] 0x17               (size_t) [23]
	[RSP+C98 ] 0x660FD4F690       (void*)
	[RSP+CA0 ] 0x2C               (size_t) [44]
	[RSP+CA8 ] 0x0                (size_t) [0]
	[RSP+CB0 ] 0x660FD4F410       (void*)
	[RSP+CB8 ] 0x1BA4FEE25F8      (char*) "Global"
	[RSP+CC0 ] 0x660FD4F8F0       (void*)
	[RSP+CC8 ] 0x7FFA57A5F0C0     (void* -> ucrtbase.dll+00FF0C0	push rax)
	[RSP+CD0 ] 0x1BA2CF965D0      (void*)
	[RSP+CD8 ] 0x1BA4FEE25F8      (char*) "Global"
	[RSP+CE0 ] 0x6                (size_t) [6]
	[RSP+CE8 ] 0x1BC5B899430      (std::_Node_base*)
	[RSP+CF0 ] 0x0                (size_t) [0]
	[RSP+CF8 ] 0x25               (size_t) [37]
	[RSP+D00 ] 0x2F               (size_t) [47]
	[RSP+D08 ] 0x1BC5B8991F0      (char*) ".\Data\SKSE\Plugins\SkyPatcher\npc"
	[RSP+D10 ] 0x0                (size_t) [0]
	[RSP+D18 ] 0x24               (size_t) [36]
	[RSP+D20 ] 0x2F               (size_t) [47]
	[RSP+D28 ] 0x1BC5B8991F0      (char*) ".\Data\SKSE\Plugins\SkyPatcher\npc"
	[RSP+D30 ] 0x0                (size_t) [0]
	[RSP+D38 ] 0x22               (size_t) [34]
	[RSP+D40 ] 0x2F               (size_t) [47]
	[RSP+D48 ] 0x1BC5B883EA0      (char*) ".\Data\SKSE\Plugins\SkyPatcher\leveledList\"
	[RSP+D50 ] 0x0                (size_t) [0]
	[RSP+D58 ] 0x2B               (size_t) [43]
	[RSP+D60 ] 0x2F               (size_t) [47]
	[RSP+D68 ] 0x660FD4F670       (void*)
	[RSP+D70 ] 0x656C6C6174736E49 (size_t) [7308335461136821833]
	[RSP+D78 ] 0x726579616C502064 (size_t) [8243128152307540068]
	[RSP+D80 ] 0x6574636172616843 (size_t) [7310577365311121475]
	[RSP+D88 ] 0x756B6369503A3A72 (size_t) [8460965628914317938]
	[RSP+D90 ] 0x207463656A624F70 (size_t) [2338603393739804528]
	[RSP+D98 ] 0x2072656E6B6F6F68 (size_t) [2338042681481981800]
	[RSP+DA0 ] 0x1BC6B6F6F68      (size_t) [1908767944552]
	[RSP+DA8 ] 0x40               (size_t) [64]
	[RSP+DB0 ] 0x7FFA57A5F0C0     (void* -> ucrtbase.dll+00FF0C0	push rax)
	[RSP+DB8 ] 0x1BA2CF965D0      (void*)
	[RSP+DC0 ] 0x7FFA5A62BE70     (void* -> ntdll.dll+003BE70	test eax, eax)
	[RSP+DC8 ] 0x1BC26782D87      (void*)
	[RSP+DD0 ] 0x7FFA57988EED     (void* -> ucrtbase.dll+0028EED	cmp [rbp-0x08], r15b)
	[RSP+DD8 ] 0x1BC26782630      (void*)
	[RSP+DE0 ] 0x1BC26782630      (void*)
	[RSP+DE8 ] 0x0                (size_t) [0]
	[RSP+DF0 ] 0x7FFA5A62BE70     (void* -> ntdll.dll+003BE70	test eax, eax)
	[RSP+DF8 ] 0x0                (size_t) [0]
	[RSP+E00 ] 0x0                (size_t) [0]
	[RSP+E08 ] 0x0                (size_t) [0]
	[RSP+E10 ] 0x0                (size_t) [0]
	[RSP+E18 ] 0x8D1AFE9BF7CA     (size_t) [155147080300490]
	[RSP+E20 ] 0x40               (size_t) [64]
	[RSP+E28 ] 0x1BC3F800000      (void*)
	[RSP+E30 ] 0x1BC26791F00      (void*)
	[RSP+E38 ] 0x0                (size_t) [0]
	[RSP+E40 ] 0x0                (size_t) [0]
	[RSP+E48 ] 0x0                (size_t) [0]
	[RSP+E50 ] 0x0                (size_t) [0]
	[RSP+E58 ] 0x7                (size_t) [7]
	[RSP+E60 ] 0x8                (size_t) [8]
	[RSP+E68 ] 0x586B61653F800000 (size_t) [6371293185330642944]
	[RSP+E70 ] 0x1BC267920A0      (char*) "="
	[RSP+E78 ] 0x0                (size_t) [0]
	[RSP+E80 ] 0x0                (size_t) [0]
	[RSP+E88 ] 0x0                (size_t) [0]
	[RSP+E90 ] 0x0                (size_t) [0]
	[RSP+E98 ] 0x7                (size_t) [7]
	[RSP+EA0 ] 0x8                (size_t) [8]
	[RSP+EA8 ] 0x3F800000         (size_t) [1065353216]
	[RSP+EB0 ] 0x1BC26791FC0      (void*)
	[RSP+EB8 ] 0x0                (size_t) [0]
	[RSP+EC0 ] 0x0                (size_t) [0]
	[RSP+EC8 ] 0x0                (size_t) [0]
	[RSP+ED0 ] 0x0                (size_t) [0]
	[RSP+ED8 ] 0x7                (size_t) [7]
	[RSP+EE0 ] 0x8                (size_t) [8]
	[RSP+EE8 ] 0x0                (size_t) [0]
	[RSP+EF0 ] 0x0                (size_t) [0]
	[RSP+EF8 ] 0xBE03F800000      (size_t) [13057765933056]
	[RSP+F00 ] 0x1BC26792040      (char*) "addtoll"
	[RSP+F08 ] 0x0                (size_t) [0]
	[RSP+F10 ] 0x0                (size_t) [0]
	[RSP+F18 ] 0x0                (size_t) [0]
	[RSP+F20 ] 0x0                (size_t) [0]
	[RSP+F28 ] 0x7                (size_t) [7]
	[RSP+F30 ] 0x8                (size_t) [8]
	[RSP+F38 ] 0x663F800000       (size_t) [439152017408]
	[RSP+F40 ] 0x1BC26791F40      (void*)
	[RSP+F48 ] 0x0                (size_t) [0]
	[RSP+F50 ] 0x0                (size_t) [0]
	[RSP+F58 ] 0x0                (size_t) [0]
	[RSP+F60 ] 0x0                (size_t) [0]
	[RSP+F68 ] 0x7                (size_t) [7]
	[RSP+F70 ] 0x8                (size_t) [8]
	[RSP+F78 ] 0x3F800000         (size_t) [1065353216]
	[RSP+F80 ] 0x1BC26791FE0      (char*) "="
	[RSP+F88 ] 0x0                (size_t) [0]
	[RSP+F90 ] 0x0                (size_t) [0]
	[RSP+F98 ] 0x0                (size_t) [0]
	[RSP+FA0 ] 0x0                (size_t) [0]
	[RSP+FA8 ] 0x7                (size_t) [7]
	[RSP+FB0 ] 0x8                (size_t) [8]
	[RSP+FB8 ] 0x1BA2FEABD70      (char*) "
ending message type 8 to plugin 107anch poolons\nwsFollowerFramework_ENGLISH.txt.......txt...t....21)e 116))dle 94))tly (handle 76)ectly (handle 67)"
	[RSP+FC0 ] 0x660FD4F820       (void*)
	[RSP+FC8 ] 0x3                (size_t) [3]
	[RSP+FD0 ] 0x1BC5B899930      (std::_Node_base*)
	[RSP+FD8 ] 0x0                (size_t) [0]
	[RSP+FE0 ] 0x26               (size_t) [38]
	[RSP+FE8 ] 0x2F               (size_t) [47]
	[RSP+FF0 ] 0x1BC5B899A70      (std::_Node_base*)
	[RSP+FF8 ] 0x0                (size_t) [0]
	[RSP+1000] 0x24               (size_t) [36]
	[RSP+1008] 0x2F               (size_t) [47]
	[RSP+1010] 0x7FF96CE321B0     (void* -> SkillOfSneaking.dll+00621B0	add al, [rax] |  ?_initLock@Module@REL@@0Vmutex@std@@A_621B0)
	[RSP+1018] 0x3F800000         (size_t) [1065353216]
	[RSP+1020] 0x1BC26792140      (void*)
	[RSP+1028] 0x0                (size_t) [0]
	[RSP+1030] 0x1BC5B9DB8B0      (void*)
	[RSP+1038] 0x1BC5B9DB930      (void*)
	[RSP+1040] 0x1BC5B9DB930      (void*)
	[RSP+1048] 0x7                (size_t) [7]
	[RSP+1050] 0x8                (size_t) [8]
	[RSP+1058] 0x663F800000       (size_t) [439152017408]
	[RSP+1060] 0x1BC26791BC0      (void*)
	[RSP+1068] 0x0                (size_t) [0]
	[RSP+1070] 0x1BC5B9DCAB0      (void*)
	[RSP+1078] 0x1BC5B9DCB30      (void*)
	[RSP+1080] 0x1BC5B9DCB30      (void*)
	[RSP+1088] 0x7                (size_t) [7]
	[RSP+1090] 0x8                (size_t) [8]
	[RSP+1098] 0x1BA3F800000      (void*)
	[RSP+10A0] 0x1BC267923E0      (void*)
	[RSP+10A8] 0x0                (size_t) [0]
	[RSP+10B0] 0x1BC5B9DC2D0      (void*)
	[RSP+10B8] 0x1BC5B9DC350      (void*)
	[RSP+10C0] 0x1BC5B9DC350      (void*)
	[RSP+10C8] 0x7                (size_t) [7]
	[RSP+10D0] 0x8                (size_t) [8]
	[RSP+10D8] 0xF000000          (size_t) [251658240]
	[RSP+10E0] 0x660F000000       (size_t) [438338322432]
	[RSP+10E8] 0x663F800000       (size_t) [439152017408]
	[RSP+10F0] 0x1BC267923A0      (void*)
	[RSP+10F8] 0x0                (size_t) [0]
	[RSP+1100] 0x1BC5B9DCF30      (void*)
	[RSP+1108] 0x1BC5B9DCFB0      (void*)
	[RSP+1110] 0x1BC5B9DCFB0      (void*)
	[RSP+1118] 0x7                (size_t) [7]
	[RSP+1120] 0x8                (size_t) [8]
	[RSP+1128] 0x1BA3F800000      (void*)
	[RSP+1130] 0x1BC26792480      (void*)
	[RSP+1138] 0x0                (size_t) [0]
	[RSP+1140] 0x1BC5B9DC900      (void*)
	[RSP+1148] 0x1BC5B9DC980      (void*)
	[RSP+1150] 0x1BC5B9DC980      (void*)
	[RSP+1158] 0x7                (size_t) [7]
	[RSP+1160] 0x8                (size_t) [8]
	[RSP+1168] 0x3F800000         (size_t) [1065353216]
	[RSP+1170] 0x1BC26792820      (void*)
	[RSP+1178] 0x0                (size_t) [0]
	[RSP+1180] 0x1BC5B9DCC60      (void*)
	[RSP+1188] 0x1BC5B9DCCE0      (void*)
	[RSP+1190] 0x1BC5B9DCCE0      (void*)
	[RSP+1198] 0x7                (size_t) [7]
	[RSP+11A0] 0x8                (size_t) [8]
	[RSP+11A8] 0x9EF67843E067     (size_t) [174781416857703]
	[RSP+11B0] 0x7FF9E8433DEA     (void* -> skse64_1_6_640.dll+0083DEA	add rsp, 0x28)
	[RSP+11B8] 0x0                (size_t) [0]
	[RSP+11C0] 0x7FF9E8485C58     (char*) "SKSE"
	[RSP+11C8] 0x0                (size_t) [0]
	[RSP+11D0] 0x0                (size_t) [0]
	[RSP+11D8] 0x4B               (size_t) [75]
	[RSP+11E0] 0x7FF9E8432A32     (void* -> skse64_1_6_640.dll+0082A32	mov r11, [0x00007FF9E84C3CC8])
	[RSP+11E8] 0x1BA508BDF30      (char*) "k"
	[RSP+11F0] 0x8                (size_t) [8]
	[RSP+11F8] 0xFFFFFFFF         (size_t) [4294967295]
	[RSP+1200] 0x0                (size_t) [0]
	[RSP+1208] 0x7FF9E8485C58     (char*) "SKSE"
	[RSP+1210] 0x8                (size_t) [8]
	[RSP+1218] 0x0                (size_t) [0]
	[RSP+1220] 0x7FF73CDA0F73     (void* -> SkyrimSE.exe+05F0F73	ucomiss xmm0, xmm6)
	[RSP+1228] 0x1BA432F6501      (void*)
	[RSP+1230] 0x0                (size_t) [0]
	[RSP+1238] 0x0                (size_t) [0]
	[RSP+1240] 0x7FF73DE92098     (char*) "Controller disconnected."
	[RSP+1248] 0x1BBB2720970      (void*)
	[RSP+1250] 0x7FF9E83BA698     (void* -> skse64_1_6_640.dll+000A698	mov eax, ebx)
	[RSP+1258] 0x0                (size_t) [0]
	[RSP+1260] 0x768              (size_t) [1896]
	[RSP+1268] 0x0                (size_t) [0]
	[RSP+1270] 0x1BA432F6501      (void*)
	[RSP+1278] 0x0                (size_t) [0]
	[RSP+1280] 0x0                (size_t) [0]
	[RSP+1288] 0x2                (size_t) [2]
	[RSP+1290] 0x7FF73CD99370     (void* -> SkyrimSE.exe+05E9370	cmp dword ptr [0x00007FF73E707408], 0x02)
	[RSP+1298] 0x2                (size_t) [2]
	[RSP+12A0] 0x2                (size_t) [2]
	[RSP+12A8] 0x0                (size_t) [0]
	[RSP+12B0] 0x1BBB2720970      (void*)
	[RSP+12B8] 0x1BB66930700      (Sky*)
	[RSP+12C0] 0x1BBB778C4A0      (LoadedAreaBound*)
	[RSP+12C8] 0x0                (size_t) [0]
	[RSP+12D0] 0xFFFFFFFFFFFFFFFE (size_t) [uint: 18446744073709551614 int: -2]
	[RSP+12D8] 0x7FF73E632070     (SettingT<INISettingCollection>*)
	[RSP+12E0] 0x7FF73E632088     (SettingT<INISettingCollection>*)
	[RSP+12E8] 0x7FF73E6320A0     (SettingT<INISettingCollection>*)
	[RSP+12F0] 0x7FF73E6320B8     (SettingT<INISettingCollection>*)
	[RSP+12F8] 0x7FF73E6320D0     (SettingT<INISettingCollection>*)
	[RSP+1300] 0x7FF73E6320E8     (SettingT<INISettingCollection>*)
	[RSP+1308] 0x7FF73E632100     (SettingT<INISettingCollection>*)
	[RSP+1310] 0x7FF73E632118     (SettingT<INISettingCollection>*)
	[RSP+1318] 0x7FF73E632130     (SettingT<INISettingCollection>*)
	[RSP+1320] 0x7FF73E632148     (SettingT<INISettingCollection>*)
	[RSP+1328] 0x0                (size_t) [0]
	[RSP+1330] 0x0                (size_t) [0]
	[RSP+1338] 0x0                (size_t) [0]
	[RSP+1340] 0x0                (size_t) [0]
	[RSP+1348] 0x0                (size_t) [0]
	[RSP+1350] 0x7FF73CDA285C     (void* -> SkyrimSE.exe+05F285C	xor eax, eax)
	[RSP+1358] 0x660C4FFD50       (InitTESThread*)
	[RSP+1360] 0x0                (size_t) [0]
	[RSP+1368] 0x2                (size_t) [2]
	[RSP+1370] 0x1BB00000002      (void*)
	[RSP+1378] 0x660C4FFD50       (InitTESThread*)
	[RSP+1380] 0x7FF73D3F5E4D     (void* -> SkyrimSE.exe+0C45E4D	mov rcx, [0x00007FF73F7B6898])
	[RSP+1388] 0x7FF73F7B68F0     (void* -> SkyrimSE.exe+30068F0	add [rax], al)
	[RSP+1390] 0x660C4FFD50       (InitTESThread*)
	[RSP+1398] 0x0                (size_t) [0]
	[RSP+13A0] 0x0                (size_t) [0]
	[RSP+13A8] 0x660C4FFD50       (InitTESThread*)
	[RSP+13B0] 0x0                (size_t) [0]
	[RSP+13B8] 0x0                (size_t) [0]
	[RSP+13C0] 0x7FFA588A257D     (void* -> KERNEL32.DLL+001257D	mov ecx, eax)
	[RSP+13C8] 0x0                (size_t) [0]
	[RSP+13D0] 0x0                (size_t) [0]
	[RSP+13D8] 0x0                (size_t) [0]
	[RSP+13E0] 0x0                (size_t) [0]
	[RSP+13E8] 0x0                (size_t) [0]
	[RSP+13F0] 0x7FFA5A64AA58     (void* -> ntdll.dll+005AA58	jmp 0x00007FFA5A64AA79)
	[RSP+13F8] 0x0                (size_t) [0]
	[RSP+1400] 0x0                (size_t) [0]
	[RSP+1408] 0x0                (size_t) [0]
	[RSP+1410] 0x0                (size_t) [0]
	[RSP+1418] 0x0                (size_t) [0]
	[RSP+1420] 0x0                (size_t) [0]
	[RSP+1428] 0x12561E4200000000 (size_t) [1321276809496494080]
	[RSP+1430] 0x0                (size_t) [0]
	[RSP+1438] 0x4F0FFFFFB30      (size_t) [5433133628208]
	[RSP+1440] 0x7FFA57C0C720     (void* -> KERNELBASE.dll+015C720	mov [rsp+0x10], rbx)
	[RSP+1448] 0x660FD4D280       (void*)
	[RSP+1450] 0x80001FFE9165B658 (size_t) [uint: 9223407215076292184 int: -9223336858633259432]
	[RSP+1458] 0x7FFA4596D962     (size_t) [140712886065506]
	[RSP+1460] 0x660FD4D280       (void*)
	[RSP+1468] 0x0                (size_t) [0]
	[RSP+1470] 0x0                (size_t) [0]
	[RSP+1478] 0x0                (size_t) [0]
	[RSP+1480] 0x0                (size_t) [0]
	[RSP+1488] 0x0                (size_t) [0]
	[RSP+1490] 0x0                (size_t) [0]
	[RSP+1498] 0x0                (size_t) [0]
	[RSP+14A0] 0x0                (size_t) [0]
	[RSP+14A8] 0x0                (size_t) [0]
	[RSP+14B0] 0x0                (size_t) [0]
	[RSP+14B8] 0x0                (size_t) [0]
	[RSP+14C0] 0x0                (size_t) [0]
	[RSP+14C8] 0x0                (size_t) [0]
	[RSP+14D0] 0x0                (size_t) [0]
	[RSP+14D8] 0x0                (size_t) [0]
	[RSP+14E0] 0x0                (size_t) [0]
	[RSP+14E8] 0x0                (size_t) [0]
	[RSP+14F0] 0x0                (size_t) [0]
	[RSP+14F8] 0x0                (size_t) [0]
	[RSP+1500] 0x0                (size_t) [0]
	[RSP+1508] 0x0                (size_t) [0]
	[RSP+1510] 0x0                (size_t) [0]
	[RSP+1518] 0x0                (size_t) [0]
	[RSP+1520] 0x0                (size_t) [0]
	[RSP+1528] 0x0                (size_t) [0]
	[RSP+1530] 0x0                (size_t) [0]
	[RSP+1538] 0x0                (size_t) [0]
	[RSP+1540] 0x0                (size_t) [0]
	[RSP+1548] 0x0                (size_t) [0]
	[RSP+1550] 0x0                (size_t) [0]
	[RSP+1558] 0x0                (size_t) [0]
	[RSP+1560] 0x0                (size_t) [0]
	[RSP+1568] 0x0                (size_t) [0]
	[RSP+1570] 0x0                (size_t) [0]
	[RSP+1578] 0x0                (size_t) [0]
	[RSP+1580] 0x0                (size_t) [0]
	[RSP+1588] 0x0                (size_t) [0]
	[RSP+1590] 0x0                (size_t) [0]
	[RSP+1598] 0x0                (size_t) [0]
	[RSP+15A0] 0x0                (size_t) [0]
	[RSP+15A8] 0x0                (size_t) [0]
	[RSP+15B0] 0x0                (size_t) [0]
	[RSP+15B8] 0x0                (size_t) [0]
	[RSP+15C0] 0x0                (size_t) [0]
	[RSP+15C8] 0x0                (size_t) [0]
	[RSP+15D0] 0x0                (size_t) [0]
	[RSP+15D8] 0x0                (size_t) [0]
	[RSP+15E0] 0x0                (size_t) [0]
	[RSP+15E8] 0x0                (size_t) [0]
	[RSP+15F0] 0x0                (size_t) [0]
	[RSP+15F8] 0x0                (size_t) [0]
	[RSP+1600] 0x0                (size_t) [0]
	[RSP+1608] 0x0                (size_t) [0]
	[RSP+1610] 0x0                (size_t) [0]
	[RSP+1618] 0x0                (size_t) [0]
	[RSP+1620] 0x0                (size_t) [0]
	[RSP+1628] 0x0                (size_t) [0]
	[RSP+1630] 0x0                (size_t) [0]
	[RSP+1638] 0x0                (size_t) [0]
	[RSP+1640] 0x0                (size_t) [0]
	[RSP+1648] 0x0                (size_t) [0]
	[RSP+1650] 0x0                (size_t) [0]
	[RSP+1658] 0x0                (size_t) [0]
	[RSP+1660] 0x0                (size_t) [0]
	[RSP+1668] 0x0                (size_t) [0]
	[RSP+1670] 0x0                (size_t) [0]
	[RSP+1678] 0x0                (size_t) [0]
	[RSP+1680] 0x0                (size_t) [0]
	[RSP+1688] 0x0                (size_t) [0]
	[RSP+1690] 0x0                (size_t) [0]
	[RSP+1698] 0x0                (size_t) [0]
	[RSP+16A0] 0x0                (size_t) [0]
	[RSP+16A8] 0x0                (size_t) [0]
	[RSP+16B0] 0x0                (size_t) [0]
	[RSP+16B8] 0x0                (size_t) [0]
	[RSP+16C0] 0x0                (size_t) [0]
	[RSP+16C8] 0x0                (size_t) [0]
	[RSP+16D0] 0x0                (size_t) [0]
	[RSP+16D8] 0x0                (size_t) [0]
	[RSP+16E0] 0x0                (size_t) [0]
	[RSP+16E8] 0x0                (size_t) [0]
	[RSP+16F0] 0x0                (size_t) [0]
	[RSP+16F8] 0x0                (size_t) [0]
	[RSP+1700] 0x0                (size_t) [0]
	[RSP+1708] 0x0                (size_t) [0]
	[RSP+1710] 0x0                (size_t) [0]
	[RSP+1718] 0x0                (size_t) [0]
	[RSP+1720] 0x0                (size_t) [0]
	[RSP+1728] 0x0                (size_t) [0]
	[RSP+1730] 0x0                (size_t) [0]
	[RSP+1738] 0x0                (size_t) [0]
	[RSP+1740] 0x0                (size_t) [0]
	[RSP+1748] 0x0                (size_t) [0]
	[RSP+1750] 0x0                (size_t) [0]
	[RSP+1758] 0x0                (size_t) [0]
	[RSP+1760] 0x0                (size_t) [0]
	[RSP+1768] 0x0                (size_t) [0]
	[RSP+1770] 0x0                (size_t) [0]
	[RSP+1778] 0x0                (size_t) [0]
	[RSP+1780] 0x0                (size_t) [0]
	[RSP+1788] 0x0                (size_t) [0]
	[RSP+1790] 0x0                (size_t) [0]
	[RSP+1798] 0x0                (size_t) [0]
	[RSP+17A0] 0x0                (size_t) [0]
	[RSP+17A8] 0x0                (size_t) [0]
	[RSP+17B0] 0x0                (size_t) [0]
	[RSP+17B8] 0x0                (size_t) [0]
	[RSP+17C0] 0x0                (size_t) [0]
	[RSP+17C8] 0x0                (size_t) [0]
	[RSP+17D0] 0x0                (size_t) [0]
	[RSP+17D8] 0x0                (size_t) [0]
	[RSP+17E0] 0x0                (size_t) [0]
	[RSP+17E8] 0x0                (size_t) [0]
	[RSP+17F0] 0x0                (size_t) [0]
	[RSP+17F8] 0x0                (size_t) [0]
	[RSP+1800] 0x0                (size_t) [0]
	[RSP+1808] 0x0                (size_t) [0]
	[RSP+1810] 0x0                (size_t) [0]
	[RSP+1818] 0x0                (size_t) [0]
	[RSP+1820] 0x0                (size_t) [0]
	[RSP+1828] 0x0                (size_t) [0]
	[RSP+1830] 0x0                (size_t) [0]
	[RSP+1838] 0x0                (size_t) [0]
	[RSP+1840] 0x0                (size_t) [0]
	[RSP+1848] 0x0                (size_t) [0]
	[RSP+1850] 0x0                (size_t) [0]
	[RSP+1858] 0x0                (size_t) [0]
	[RSP+1860] 0x0                (size_t) [0]

MODULES:
	XINPUT1_3.dll                                    0x000000400000
	steam_api64.dll                                  0x000051F20000
	X3DAudio1_7.dll                                  0x000051F60000
	d3d11.dll                                        0x000180000000
	NSI.dll                                          0x01BA0E840000
	tbbmalloc.dll                                    0x01BA2EA70000
	tbb.dll                                          0x01BA2EE60000
	PlayerPayCrimeGoldTweak.dll                      0x01BA62A70000
	SkyrimSE.exe                                     0x7FF73C7B0000
	d3d11on12.dll                                    0x7FF93F310000
	d3dcompiler_47_64.dll                            0x7FF93F3A0000
	NvCamera64.dll                                   0x7FF93F7B0000
	d3dcompiler_46e.dll                              0x7FF940020000
	nvofapi64.dll                                    0x7FF9486F0000
	XAudio2_7.dll                                    0x7FF9487A0000
	vulkan-1.dll                                     0x7FF948830000
	nvcuda.dll                                       0x7FF948990000
	nvngx_dlssg.dll                                  0x7FF948D10000
	nvngx_dlss.dll                                   0x7FF94A160000
	_nvngx.dll                                       0x7FF94D0C0000
	sl.common.dll                                    0x7FF94D260000
	gameoverlayrenderer64.dll                        0x7FF959190000
	WhichKey-NG.dll                                  0x7FF959320000
	Weightless.dll                                   0x7FF9594B0000
	TrueHUD.dll                                      0x7FF9595D0000
	TrueDirectionalMovement.dll                      0x7FF959690000
	SSEDisplayTweaks.dll                             0x7FF959760000
	libxess.dll                                      0x7FF959810000
	ffx_fsr2_api_dx12_x64.dll                        0x7FF95A6B0000
	OStim.dll                                        0x7FF95A980000
	hdtSMP64.dll                                     0x7FF95AF80000
	steamclient64.dll                                0x7FF95B7B0000
	SkyrimUpscaler.dll                               0x7FF9600F0000
	SkyPatcher.dll                                   0x7FF960240000
	skee64.dll                                       0x7FF960360000
	YesImSure.dll                                    0x7FF962FB0000
	SoundRecordDistributor.dll                       0x7FF963530000
	WhoseQuestIsItAnyway.dll                         0x7FF963640000
	UnlimitedFastTravel.dll                          0x7FF963D50000
	TheNewGentleman.dll                              0x7FF9651D0000
	SoftShadows.dll                                  0x7FF965C20000
	ShadowBoost.dll                                  0x7FF965CD0000
	ScrambledBugs.dll                                0x7FF965D90000
	RemoveAllItemsFix.dll                            0x7FF965E30000
	RecursionFPSFix.dll                              0x7FF965EC0000
	sl.interposer.dll                                0x7FF966160000
	ReadingIsBad.dll                                 0x7FF966680000
	QuickLootEE.dll                                  0x7FF966720000
	po3_UseOrTake.dll                                0x7FF966800000
	po3_SpellPerkItemDistributor.dll                 0x7FF9668B0000
	SureOfStealing.dll                               0x7FF966A60000
	po3_Tweaks.dll                                   0x7FF966AD0000
	po3_SimpleOffenceSuppression.dll                 0x7FF966BA0000
	po3_SimpleActivateSKSE.dll                       0x7FF967800000
	po3_SaveUnbaker.dll                              0x7FF9678B0000
	po3_PapyrusExtender.dll                          0x7FF967950000
	po3_KeywordItemDistributor.dll                   0x7FF9696D0000
	po3_ReadOrTakeBooks.dll                          0x7FF969940000
	po3_MoonMod.dll                                  0x7FF969A90000
	po3_MagicSneakAttacks.dll                        0x7FF969B40000
	po3_EnhancedInvisibility.dll                     0x7FF969E90000
	po3_ENBLightForEffectShaders.dll                 0x7FF96A320000
	po3_CraftingRecipeDistributor.dll                0x7FF96A3E0000
	po3_ConsolePlusPlus.dll                          0x7FF96A490000
	po3_DualCastingFix.dll                           0x7FF96A700000
	po3_BaseObjectSwapper.dll                        0x7FF96A7A0000
	PapyrusUtil.dll                                  0x7FF96A9B0000
	PapyrusTweaks.dll                                0x7FF96AB20000
	SkillOfSneaking.dll                              0x7FF96CDD0000
	PapyrusIniManipulator.dll                        0x7FF96CE40000
	po3_AnimObjectSwapper.dll                        0x7FF96D440000
	OpenAnimationReplacer.dll                        0x7FF96D4F0000
	ScaleformTranslationPP.dll                       0x7FF96FA70000
	PAPER.dll                                        0x7FF96FBF0000
	dxilconv.dll                                     0x7FF971670000
	PayloadInterpreter.dll                           0x7FF972A20000
	OSLAroused.dll                                   0x7FF972BD0000
	OpenAnimationReplacer-IEDConditionExtensions.dll 0x7FF972CC0000
	PairedAnimationImprovements.dll                  0x7FF983070000
	OBody.dll                                        0x7FF9A1640000
	NotificationFilter.dll                           0x7FF9A16F0000
	D3DSCache.dll                                    0x7FF9A1760000
	D3D12Core.dll                                    0x7FF9A1910000
	sl.dlss_g.dll                                    0x7FF9A1B20000
	NoOppositeGenderAnims.dll                        0x7FF9A1BC0000
	NoEnchantmentRestrictionRemake.dll               0x7FF9A2070000
	MuSkeletonEditor.dll                             0x7FF9A2120000
	MumsTheWord.dll                                  0x7FF9A21D0000
	PDPerfPlugin.dll                                 0x7FF9A2320000
	MoreInformativeConsole.dll                       0x7FF9A2380000
	MenuMaid2.dll                                    0x7FF9A2460000
	PassiveWeaponEnchantmentRecharging.dll           0x7FF9A2800000
	NativeEditorIDFix.dll                            0x7FF9A2920000
	loki_DynamicAnimationCasting.dll                 0x7FF9A2980000
	MuJointFix.dll                                   0x7FF9A2D80000
	KiLoaderSatelliteENB.dllplugin                   0x7FF9A2EB0000
	mfgfix.dll                                       0x7FF9A2F00000
	MCMHelper.dll                                    0x7FF9A3820000
	MapMarkerFramework.dll                           0x7FF9A3900000
	LocationalEncounterZones.dll                     0x7FF9A39A0000
	kxWhereAreYou.dll                                0x7FF9A3A80000
	KiENBExtender.dll                                0x7FF9A3B30000
	MaxsuCombatEscape.dll                            0x7FF9A4A50000
	KiLoader.dll                                     0x7FF9A4C70000
	ENBWorldspaceWeatherlists.dll                    0x7FF9A69D0000
	JContainers64.dll                                0x7FF9A6A30000
	IWantWidgetsNative.dll                           0x7FF9A6D10000
	sl.reflex.dll                                    0x7FF9A7940000
	KillCapsLockNG.dll                               0x7FF9A7970000
	ItemPropertyManipulator.dll                      0x7FF9A7A00000
	InventoryInjector.dll                            0x7FF9A7B50000
	InfinityUI.dll                                   0x7FF9A7BF0000
	ImWalkinHere.dll                                 0x7FF9A7D20000
	IdrinthBuffsWorkOnNPCs.dll                       0x7FF9A7DF0000
	htfq_se.dll                                      0x7FF9A8070000
	HelpExtender.dll                                 0x7FF9A80D0000
	HDLocalMap.dll                                   0x7FF9A8170000
	GrassSamplerFix.dll                              0x7FF9A83E0000
	FormListManipulator.dll                          0x7FF9A8470000
	enbhelperse.dll                                  0x7FF9A8590000
	CrashLogger.dll                                  0x7FF9A8630000
	ConsoleUtilSSE.dll                               0x7FF9A88D0000
	Completionist.dll                                0x7FF9A8A30000
	nvcuda64.dll                                     0x7FF9AA680000
	EnemiesRespectEncounterZones.dll                 0x7FF9B3750000
	ResampleDmo.DLL                                  0x7FF9B40F0000
	DSOUND.DLL                                       0x7FF9B41B0000
	Fuz Ro D'oh.dll                                  0x7FF9D6B50000
	CraftingCategories.dll                           0x7FF9D6BC0000
	DescriptionFramework.dll                         0x7FF9D6F00000
	ContainerItemDistributor.dll                     0x7FF9D7060000
	ComprehensiveAttackRatePatch.dll                 0x7FF9D71D0000
	CompassNavigationOverhaul.dll                    0x7FF9D7380000
	CCExtender.dll                                   0x7FF9D7510000
	cbp.dll                                          0x7FF9D75E0000
	BetterThirdPersonSelection.dll                   0x7FF9D7700000
	dxgi.dll                                         0x7FF9D7910000
	ActorValueExtension.dll                          0x7FF9D88D0000
	AnimationMotionRevolution.dll                    0x7FF9D94F0000
	FixNotesForSkyUI.dll                             0x7FF9D9D40000
	BugFixesSSE.dll                                  0x7FF9D9E30000
	tier0_s64.dll                                    0x7FF9D9EC0000
	FaceGenFixes.dll                                 0x7FF9DA960000
	Arcane-Disenchanter-NG.dll                       0x7FF9DAAC0000
	XeFX.dll                                         0x7FF9DADA0000
	KiLoaderSatelliteSKSE.dll                        0x7FF9DAF40000
	BackportedESLSupport.dll                         0x7FF9DBF00000
	SkyrimUncapper.dll                               0x7FF9DE120000
	d3d12.dll                                        0x7FF9E0930000
	encounter_zones_unlocked.dll                     0x7FF9E0C10000
	AHZmoreHUDPlugin.dll                             0x7FF9E0C70000
	fiss.dll                                         0x7FF9E4200000
	AddItemMenuSE.dll                                0x7FF9E4240000
	D3DCOMPILER_43.dll                               0x7FF9E4340000
	ENBHelperPlus.dll                                0x7FF9E5290000
	EngineFixes.dll                                  0x7FF9E52F0000
	DynamicCollisionAdjustment.dll                   0x7FF9E5450000
	AnimationQueueFix.dll                            0x7FF9E5CB0000
	AHZmoreHUDInventory.dll                          0x7FF9E5D20000
	WINHTTP.dll                                      0x7FF9E5D90000
	ActorLimitFix.dll                                0x7FF9E6680000
	vstdlib_s64.dll                                  0x7FF9E6850000
	msdmo.dll                                        0x7FF9E7DE0000
	skse64_1_6_640.dll                               0x7FF9E83B0000
	EVLaS.dll                                        0x7FF9F1810000
	PrivateProfileRedirector.dll                     0x7FF9F1840000
	d3dx11_43.dll                                    0x7FF9F18A0000
	CONCRT140.dll                                    0x7FF9F18F0000
	XINPUT1_4.dll                                    0x7FF9F4510000
	nvspcap64.dll                                    0x7FFA08C80000
	bink2w64.dll                                     0x7FFA091D0000
	DINPUT8.dll                                      0x7FFA1AAA0000
	NvTelemetryBridge64.dll                          0x7FFA25260000
	WININET.dll                                      0x7FFA2A920000
	UIAutomationCore.DLL                             0x7FFA2C140000
	MSVCP140_ATOMIC_WAIT.dll                         0x7FFA2C6C0000
	BarterLimitFix.dll                               0x7FFA2C950000
	XINPUT9_1_0.dll                                  0x7FFA2EA20000
	ondemandconnroutehelper.dll                      0x7FFA2F190000
	SMP-NPC crash fix.dll                            0x7FFA2F660000
	threadpoolwinrt.dll                              0x7FFA2FA40000
	XeFX_Loader.dll                                  0x7FFA31950000
	ffx_fsr2_api_x64.dll                             0x7FFA31960000
	ncryptsslp.dll                                   0x7FFA34130000
	inputhost.dll                                    0x7FFA345D0000
	vmm-x64.dll                                      0x7FFA36960000
	dbgcore.DLL                                      0x7FFA38760000
	MessageBus.dll                                   0x7FFA388D0000
	textinputframework.dll                           0x7FFA39110000
	Windows.UI.dll                                   0x7FFA3B0B0000
	diskCacheEnabler.dll                             0x7FFA3B530000
	nvwgf2umx.dll                                    0x7FFA3CB70000
	MessageBus.dll                                   0x7FFA42210000
	MSVCP140.dll                                     0x7FFA43390000
	VCRUNTIME140_1.dll                               0x7FFA43420000
	VCRUNTIME140.dll                                 0x7FFA43430000
	winmmbase.dll                                    0x7FFA43450000
	d3dx9_42.dll                                     0x7FFA43AF0000
	KiHalloc.dll                                     0x7FFA440A0000
	AUDIOSES.DLL                                     0x7FFA45C60000
	nvgpucomp64.dll                                  0x7FFA45F90000
	nvapi64.dll                                      0x7FFA485E0000
	WINMM.dll                                        0x7FFA48E50000
	srvcli.dll                                       0x7FFA4A280000
	iertutil.dll                                     0x7FFA4A2B0000
	SPINF.dll                                        0x7FFA4ABC0000
	NvTelemetryAPI64.dll                             0x7FFA4AE80000
	urlmon.dll                                       0x7FFA4AF40000
	COMCTL32.dll                                     0x7FFA4B130000
	MMDevApi.dll                                     0x7FFA4B2D0000
	OLEACC.dll                                       0x7FFA4B570000
	gdiplus.dll                                      0x7FFA4B930000
	MSIMG32.dll                                      0x7FFA4BAF0000
	nvldumdx.dll                                     0x7FFA4C4C0000
	DEVRTL.dll                                       0x7FFA4D310000
	twinapi.appcore.dll                              0x7FFA4D470000
	dbghelp.dll                                      0x7FFA4E260000
	drvstore.dll                                     0x7FFA4EFD0000
	cryptnet.dll                                     0x7FFA4F280000
	CoreUIComponents.dll                             0x7FFA4FCE0000
	VERSION.dll                                      0x7FFA50090000
	avrt.dll                                         0x7FFA50640000
	fwpuclnt.dll                                     0x7FFA509E0000
	directxdatabasehelper.dll                        0x7FFA50A70000
	dhcpcsvc.DLL                                     0x7FFA513B0000
	dhcpcsvc6.DLL                                    0x7FFA51420000
	WINHTTP.DLL                                      0x7FFA51560000
	rasadhlp.dll                                     0x7FFA51B00000
	WindowsCodecs.dll                                0x7FFA520E0000
	D3DCOMPILER_47.dll                               0x7FFA52290000
	d3d11.dll                                        0x7FFA52F50000
	dcomp.dll                                        0x7FFA531B0000
	CoreMessaging.dll                                0x7FFA53990000
	UxTheme.dll                                      0x7FFA54CC0000
	dxgi.dll                                         0x7FFA54EF0000
	dwmapi.dll                                       0x7FFA55000000
	WINNSI.DLL                                       0x7FFA55030000
	dxcore.dll                                       0x7FFA55070000
	resourcepolicyclient.dll                         0x7FFA55310000
	wintypes.dll                                     0x7FFA55700000
	windows.storage.dll                              0x7FFA55840000
	HID.DLL                                          0x7FFA56140000
	netutils.dll                                     0x7FFA56360000
	IPHLPAPI.DLL                                     0x7FFA56450000
	DNSAPI.dll                                       0x7FFA56480000
	UMPDC.dll                                        0x7FFA56750000
	POWRPROF.dll                                     0x7FFA56770000
	Secur32.dll                                      0x7FFA567E0000
	schannel.DLL                                     0x7FFA56860000
	rsaenh.dll                                       0x7FFA56970000
	kernel.appcore.dll                               0x7FFA56A10000
	ntmarta.dll                                      0x7FFA56A30000
	SSPICLI.DLL                                      0x7FFA56C70000
	MSWSOCK.dll                                      0x7FFA56E80000
	gpapi.dll                                        0x7FFA56EF0000
	USERENV.dll                                      0x7FFA56F20000
	wldp.dll                                         0x7FFA57100000
	CRYPTBASE.DLL                                    0x7FFA571B0000
	CRYPTSP.dll                                      0x7FFA571D0000
	NTASN1.dll                                       0x7FFA57280000
	ncrypt.dll                                       0x7FFA572C0000
	bcrypt.dll                                       0x7FFA572F0000
	MSASN1.dll                                       0x7FFA57600000
	devobj.dll                                       0x7FFA57620000
	CFGMGR32.dll                                     0x7FFA57650000
	DPAPI.DLL                                        0x7FFA576C0000
	profapi.dll                                      0x7FFA57890000
	ucrtbase.dll                                     0x7FFA57960000
	win32u.dll                                       0x7FFA57A80000
	KERNELBASE.dll                                   0x7FFA57AB0000
	CRYPT32.dll                                      0x7FFA57E60000
	gdi32full.dll                                    0x7FFA57FD0000
	bcryptPrimitives.dll                             0x7FFA580F0000
	wintrust.dll                                     0x7FFA58170000
	msvcp_win.dll                                    0x7FFA582A0000
	sechost.dll                                      0x7FFA583A0000
	OLEAUT32.dll                                     0x7FFA58450000
	ole32.dll                                        0x7FFA586F0000
	KERNEL32.DLL                                     0x7FFA58890000
	clbcatq.dll                                      0x7FFA58960000
	IMM32.DLL                                        0x7FFA58A20000
	GDI32.dll                                        0x7FFA58A60000
	PSAPI.DLL                                        0x7FFA58A90000
	SETUPAPI.dll                                     0x7FFA58B30000
	SHLWAPI.dll                                      0x7FFA59010000
	msvcrt.dll                                       0x7FFA59070000
	USER32.dll                                       0x7FFA59120000
	RPCRT4.dll                                       0x7FFA59350000
	combase.dll                                      0x7FFA594E0000
	WS2_32.dll                                       0x7FFA59870000
	ADVAPI32.dll                                     0x7FFA598F0000
	MSCTF.dll                                        0x7FFA599B0000
	imagehlp.dll                                     0x7FFA59B00000
	shcore.dll                                       0x7FFA59B20000
	SHELL32.dll                                      0x7FFA59C20000
	COMDLG32.dll                                     0x7FFA5A480000
	ntdll.dll                                        0x7FFA5A5F0000

SKSE PLUGINS:
	ActorLimitFix.dll
	ActorValueExtension.dll v1.9.5.4
	AddItemMenuSE.dll
	AHZmoreHUDInventory.dll v2.1.2
	AHZmoreHUDPlugin.dll v5.2.2
	AnimationMotionRevolution.dll
	AnimationQueueFix.dll v1.0.1
	Arcane-Disenchanter-NG.dll v1.1
	BackportedESLSupport.dll
	BarterLimitFix.dll
	BetterThirdPersonSelection.dll v1
	BugFixesSSE.dll
	cbp.dll
	CCExtender.dll v1.11.0.1
	CompassNavigationOverhaul.dll
	Completionist.dll v3.2.2.6
	ComprehensiveAttackRatePatch.dll v1.1.1.4
	ConsoleUtilSSE.dll v1.4
	ContainerItemDistributor.dll v1.1.4
	CraftingCategories.dll v1.1
	CrashLogger.dll v1.12
	DescriptionFramework.dll
	diskCacheEnabler.dll
	DynamicCollisionAdjustment.dll v1.1
	ENBHelperPlus.dll v1
	enbhelperse.dll v2.2
	encounter_zones_unlocked.dll
	EnemiesRespectEncounterZones.dll v1.4.1
	EngineFixes.dll v6.1.1
	EVLaS.dll v1.3.1
	FaceGenFixes.dll v1.0.3
	fiss.dll
	FixNotesForSkyUI.dll v1.2.6
	FormListManipulator.dll v1.7
	Fuz Ro D'oh.dll v2.2.6.927
	GrassSamplerFix.dll v1.0.1
	HDLocalMap.dll v1.0.2
	hdtSMP64.dll
	HelpExtender.dll v1.2.1.1
	htfq_se.dll v2
	IdrinthBuffsWorkOnNPCs.dll v1
	ImWalkinHere.dll v1.7
	InfinityUI.dll
	InventoryInjector.dll v1.0.2
	ItemPropertyManipulator.dll v0.5.1
	IWantWidgetsNative.dll
	JContainers64.dll v4.2.3
	KillCapsLockNG.dll v1
	KiLoaderSatelliteSKSE.dll v1.2
	kxWhereAreYou.dll
	LocationalEncounterZones.dll v1.0.2
	loki_DynamicAnimationCasting.dll v3.2.3
	MapMarkerFramework.dll v2.2
	MaxsuCombatEscape.dll v1
	MCMHelper.dll v1.4
	MenuMaid2.dll v2.2.2
	mfgfix.dll v1.6.1
	MoreInformativeConsole.dll v1.1
	MuJointFix.dll v2.0.17
	MumsTheWord.dll v2.1
	MuSkeletonEditor.dll v0.4.3
	NativeEditorIDFix.dll v1.1
	NoEnchantmentRestrictionRemake.dll v3.0.1
	NoOppositeGenderAnims.dll v1.1
	NotificationFilter.dll v1.2.1
	OBody.dll v1
	OpenAnimationReplacer-IEDConditionExtensions.dll v1.0.2
	OpenAnimationReplacer.dll v2.0.2
	OSLAroused.dll v2.3
	OStim.dll v1.0.0.5
	PairedAnimationImprovements.dll v1.0.1
	PAPER.dll v2.2.4
	PapyrusIniManipulator.dll v1.9.3
	PapyrusTweaks.dll v4.1
	PapyrusUtil.dll
	PassiveWeaponEnchantmentRecharging.dll v1
	PayloadInterpreter.dll v1
	PlayerPayCrimeGoldTweak.dll v1.0.6
	po3_AnimObjectSwapper.dll v1.1.0.1
	po3_BaseObjectSwapper.dll v2.6.1.1
	po3_ConsolePlusPlus.dll v1.4.0.1
	po3_CraftingRecipeDistributor.dll v2.1.0.1
	po3_DualCastingFix.dll v1.0.0.1
	po3_ENBLightForEffectShaders.dll v2.1.0.1
	po3_EnhancedInvisibility.dll v1.3.0.1
	po3_KeywordItemDistributor.dll v3.0.4.1
	po3_MagicSneakAttacks.dll v1.2.0.1
	po3_MoonMod.dll v2.0.2.1
	po3_PapyrusExtender.dll v5.6.1.1
	po3_ReadOrTakeBooks.dll v1.3.0.1
	po3_SaveUnbaker.dll v1.0.3.1
	po3_SimpleActivateSKSE.dll v1.4.1.1
	po3_SimpleOffenceSuppression.dll v2.2.1.1
	po3_SpellPerkItemDistributor.dll v6.7.6.1
	po3_Tweaks.dll v1.8.1.1
	po3_UseOrTake.dll v1.2.0.1
	PrivateProfileRedirector.dll
	QuickLootEE.dll v1.1
	ReadingIsBad.dll v1.0.12
	RecursionFPSFix.dll v1.1
	RemoveAllItemsFix.dll v1.1
	ScaleformTranslationPP.dll v1.6
	ScrambledBugs.dll
	ShadowBoost.dll
	skee64.dll
	SkillOfSneaking.dll v1.1
	SkyPatcher.dll v1.0.0.1
	SkyrimUncapper.dll
	SkyrimUpscaler.dll v1
	SMP-NPC crash fix.dll
	SoftShadows.dll v2
	SoundRecordDistributor.dll v1.2
	SSEDisplayTweaks.dll v0.5.12
	SureOfStealing.dll v1.1.3
	TheNewGentleman.dll v0.7.2
	TrueDirectionalMovement.dll v2.2.5
	TrueHUD.dll v1.1.8
	UnlimitedFastTravel.dll v1.4.1
	Weightless.dll v1
	WhichKey-NG.dll v1.1
	WhoseQuestIsItAnyway.dll v1.5
	YesImSure.dll v1.7

PLUGINS:
	Light: 43	Regular: 151	Total: 194
	[ 0]     Skyrim.esm
	[ 1]     Update.esm
	[ 2]     Dawnguard.esm
	[ 3]     HearthFires.esm
	[ 4]     Dragonborn.esm
	[ 5]     ccasvsse001-almsivi.esm
	[ 6]     ccBGSSSE001-Fish.esm
	[ 7]     cctwbsse001-puzzledungeon.esm
	[ 8]     ccbgssse016-umbra.esm
	[ 9]     ccbgssse031-advcyrus.esm
	[ A]     ccbgssse067-daedinv.esm
	[ B]     ccBGSSSE025-AdvDSGS.esm
	[ C]     cceejsse005-cave.esm
	[ D]     ccafdsse001-dwesanctuary.esm
	[ E]     Unofficial Skyrim Special Edition Patch.esp
	[ F]     Unofficial Skyrim Modders Patch.esp
	[10]     Lux Via.esp
	[11]     IcyFixes.esm
	[12]     Skyrim Extended Cut - Saints and Seducers.esp
	[13]     YurianaWench.esp
	[14]     ApachiiHair.esm
	[15]     Water for ENB.esm
	[16]     BBLuxurySuite.esm
	[17]     myrwatchhomefixer.esp
	[18]     FISS.esp
	[19]     FlowerGirls SE.esm
	[1A]     Heels Sound.esm
	[1B]     High Poly Head.esm
	[1C]     milfactory asset hub.esm
	[1D]     SexLabAroused.esm
	[1E]     SGEyebrows.esp
	[1F]     Smooth Weapon.esm
	[20]     wraithguardvaultfixer.esp
	[21]     DynDOLOD.esm
	[22]     Audio Overhaul Skyrim.esp
	[23]     Immersive Sounds - Compendium.esp
	[24]     Obsidian Weathers.esp
	[25]     SMIM-SE-Merged-All.esp
	[26]     DLCIntegration.esp
	[27]     TrueStormsSE.esp
	[28]     Weapons Armor Clothing & Clutter Fixes.esp
	[29]     Relationship Dialogue Overhaul.esp
	[2A]     Castle Volkihar Rebuilt.esp
	[2B]     Landscape Fixes For Grass Mods.esp
	[2C]     BBLS_SKSE64_Patch.esp
	[2D]     Book Covers Skyrim.esp
	[2E]     CollegeOfWinterholdImmersive.esp
	[2F]     OCW_Obscure's_CollegeofWinterhold.esp
	[30]     MysticismMagic.esp
	[31]     Bandit War.esp
	[32]     Summermyst - Enchantments of Skyrim.esp
	[33]     Book of UUNP Iron And Steel.esp
	[34]     Adamant.esp
	[35]     SeranaDialogAddon.esp
	[36]     HearthfireMultiKid.esp
	[37]     Embers XD.esp
	[38]     WACCF_Armor and Clothing Extension.esp
	[39]     NewArmoury.esp
	[3A]     Better Vampire NPCs.esp
	[3B]     Wheres Your Smelter.esp
	[3C]     CFTO.esp
	[3D]     PrvtI_HeavyArmory.esp
	[3E]     Animated Armoury - Enchantments.esp
	[3F]     Lit Road Signs.esp
	[40]     Mists of Tamriel.esp
	[41]     FloatingSwordFollower.esp
	[42]     Lonewolf's Manor.esp
	[43]     SolsticeCastle.esp
	[44]     Triple Triad Skyrim.esp
	[45]     The Amazing World of Bikini Armors REMASTERED.esp
	[46]     SkyfallEstateRevampedMain.esp
	[47]     Sapphire Castle.esp
	[48]     ThaneFailSafe.esp
	[49]     BBLuxurySuiteENM.esp
	[4A]     TakeMeHome-SolsticeCastle.esp
	[4B]     My Home Is Your Home.esp
	[4C]     Apocalypse - Magic of Skyrim.esp
	[4D]     Faction Crossbows.esp
	[4E]     AdamantSmithing.esp
	[4F]     UIExtensions.esp
	[50]     AllEnchantmentsUnlocked.esp
	[51]     AncientDraugr.esp
	[52]     NewArmoury - Summermyst Patch.esp
	[53]     DX Dark Knight Armor.esp
	[54]     Black Widow Outfit.esp
	[55]     Buxom Tweaks.esp
	[56]     Staves - Mysticism Consistency.esp
	[57]     Cassandra Frost Witch.esp
	[58]     Cassandra Apocrypha UNP.esp
	[59]     Cathedral - 3D Pine Grass.esp
	[5A]     Celes Mercy.esp
	[5B]     Celes Nightingale Armor.esp
	[5C]     Celes Tarot Outfit Cloth UNP.esp
	[5D]     Celes Rogue Armor UNP.esp
	[5E]     DX Christmas Bunny Outfit.esp
	[5F]     Emfy Cleric Robes.esp
	[60]     Crimson Blood Armor.esp
	[61]     DGPlayerIsVampire.esp
	[62]     DX Succubus Armor.esp
	[63]     Daedric Reaper Armor.esp
	[64]     Daily-Wear.esp
	[65]     DX Daughter of the Sea.esp
	[66]     Demon Armor.esp
	[67]     Dress Up Lovers.esp
	[68]     DX Druid Armor.esp
	[69]     ENB Light.esp
	[6A]     Fashions of the Banditry.esp
	[6B]     Gwelda Dawnguard Armor.esp
	[6C]     Gwelda Red Riding Hood.esp
	[6D]     Gwelda Vampire.esp
	[6E]     Gwelda Witch.esp
	[6F]     HQEyes-2k.esp
	[70]     High Poly Head Vampire Fix.esp
	[71]     KS Hairdo's.esp
	[72]     FixVampireLord - Revert Form.esp
	[73]     Merta Assassin Armor.esp
	[74]     Merta Black Rose Armor.esp
	[75]     Mining For Mages Redux.esp
	[76]     DX Morenn Outfit.esp
	[77]     NPC Death Alerts.esp
	[78]     ORomance.esp
	[79]     OStimCommunityResource.esp
	[7A]     RaceMenu.esp
	[7B]     RaceMenuPlugin.esp
	[7C]     Resurrect.esp
	[7D]     Ritual - Unofficial Mysticism Addon.esp
	[7E]     ShowRaceMenuAlternative.esp
	[7F]     Skyland Watercolor - Slow Green-Vanilla.esp
	[80]     Sotteta Necromancer Outfit.esp
	[81]     Sotteta Huntress Armor.esp
	[82]     Spartan Bard Outfit.esp
	[83]     Stella Mithril Armor.esp
	[84]     TINUHighPolyOverhaul.esp
	[85]     Take All Loose Gold and Arrows.esp
	[86]     Teach Followers Spells.esp
	[87]     Tembtra Thief Armor.esp
	[88]     WildHuntress.esp
	[89]     DX Witch Hunter Armor.esp
	[8A]     DX Witcher Armor.esp
	[8B]     SOSRaceMenu.esp
	[8C]     XPMSE.esp
	[8D]     AHZmoreHUD.esp
	[8E]     Better Vampires.esp
	[8F]     Better Vampire Lords.esp
	[90]     Alternate Start - Live Another Life.esp
	[91]     BBLS-ASLAL.esp
	[92]     nwsFollowerFramework.esp
	[93]     Lux.esp
	[94]     Water for ENB (Shades of Skyrim).esp
	[95]     Summermyst - WACCF Patch.esp
	[96]     DynDOLOD.esp
	[FE:  0] ccbgssse002-exoticarrows.esl
	[FE:  1] ccbgssse003-zombies.esl
	[FE:  2] ccbgssse004-ruinsedge.esl
	[FE:  3] ccbgssse005-goldbrand.esl
	[FE:  4] ccbgssse006-stendarshammer.esl
	[FE:  5] ccbgssse007-chrysamere.esl
	[FE:  6] ccbgssse010-petdwarvenarmoredmudcrab.esl
	[FE:  7] ccbgssse011-hrsarmrelvn.esl
	[FE:  8] ccbgssse012-hrsarmrstl.esl
	[FE:  9] ccbgssse014-spellpack01.esl
	[FE:  A] ccbgssse019-staffofsheogorath.esl
	[FE:  B] ccbgssse020-graycowl.esl
	[FE:  C] ccbgssse021-lordsmail.esl
	[FE:  D] ccmtysse001-knightsofthenine.esl
	[FE:  E] ccQDRSSE001-SurvivalMode.esl
	[FE:  F] ccqdrsse002-firewood.esl
	[FE: 10] ccbgssse018-shadowrend.esl
	[FE: 11] ccbgssse035-petnhound.esl
	[FE: 12] ccfsvsse001-backpacks.esl
	[FE: 13] cceejsse002-tower.esl
	[FE: 14] ccedhsse001-norjewel.esl
	[FE: 15] ccvsvsse002-pets.esl
	[FE: 16] ccBGSSSE037-Curios.esl
	[FE: 17] ccbgssse034-mntuni.esl
	[FE: 18] ccbgssse045-hasedoki.esl
	[FE: 19] ccbgssse008-wraithguard.esl
	[FE: 1A] ccbgssse036-petbwolf.esl
	[FE: 1B] ccffbsse001-imperialdragon.esl
	[FE: 1C] ccmtysse002-ve.esl
	[FE: 1D] ccbgssse043-crosselv.esl
	[FE: 1E] ccvsvsse001-winter.esl
	[FE: 1F] cceejsse003-hollow.esl
	[FE: 20] ccbgssse038-bowofshadows.esl
	[FE: 21] ccbgssse040-advobgobs.esl
	[FE: 22] ccbgssse050-ba_daedric.esl
	[FE: 23] ccbgssse052-ba_iron.esl
	[FE: 24] ccbgssse054-ba_orcish.esl
	[FE: 25] ccbgssse058-ba_steel.esl
	[FE: 26] ccbgssse059-ba_dragonplate.esl
	[FE: 27] ccbgssse061-ba_dwarven.esl
	[FE: 28] ccpewsse002-armsofchaos.esl
	[FE: 29] ccbgssse041-netchleather.esl
	[FE: 2A] ccedhsse002-splkntset.esl
