Skyrim SSE v1.6.1170
CrashLoggerSSE v1-14-1-0 May 18 2024 23:00:58

Unhandled exception "EXCEPTION_ACCESS_VIOLATION" at 0x7FF733A182E3 SkyrimSE.exe+10E82E3	mov rcx, [rdx+0x08]

SYSTEM SPECS:
	OS: Microsoft Windows 11 Pro v10.0.22631
	CPU: AuthenticAMD AMD Ryzen 7 7800X3D 8-Core Processor           
	GPU #1: Nvidia AD104 [GeForce RTX 4070]
	GPU #2: AMD Raphael
	GPU #3: Microsoft Basic Render Driver
	PHYSICAL MEMORY: 20.66 GB/63.15 GB
	GPU MEMORY: 1.59/10.98 GB
	Detected Virtual Machine: Microsoft Virtual PC/Hyper-V (100%)

PROBABLE CALL STACK:
	[ 0] 0x7FF733A182E3                   SkyrimSE.exe+10E82E3 -> 87792+0x113	mov rcx, [rdx+0x08]
	[ 1] 0x7FF733A91AE6                   SkyrimSE.exe+1161AE6 -> 89682+0x26	mov rdi, rax
	[ 2] 0x7FF733A1A221                   SkyrimSE.exe+10EA221 -> 87834+0x161	test rax, rax
	[ 3] 0x7FF733A1A8C0                   SkyrimSE.exe+10EA8C0 -> 87844+0x110	mov rbp, rax
	[ 4] 0x7FF73395F27A                   SkyrimSE.exe+102F27A -> 84540+0xDA	mov rbp, [rsp+0x38]
	[ 5] 0x7FF7339060AF                   SkyrimSE.exe+0FD60AF -> 83113+0x5F	mov [rbx], rax
	[ 6] 0x7FF7339062CA                   SkyrimSE.exe+0FD62CA -> 83116+0x8A	mov [r14+0x08], rbx
	[ 7] 0x7FF733906ABC                   SkyrimSE.exe+0FD6ABC -> 83125+0x47C	mov rax, [rsi+0x10]
	[ 8] 0x7FF733905AF7                   SkyrimSE.exe+0FD5AF7 -> 83102+0xE7	movzx eax, byte ptr [rdi+0xCA]
	[ 9] 0x7FF733910B55                   SkyrimSE.exe+0FE0B55 -> 83250+0x2BC5	mov rax, [rbp+0x140]
	[10] 0x7FF733905B33                   SkyrimSE.exe+0FD5B33 -> 83102+0x123	lea rcx, [rsp+0x40]
	[11] 0x7FF733904115                   SkyrimSE.exe+0FD4115 -> 83049+0x185	movzx edx, byte ptr [rbp-0x41]
	[12] 0x7FF733905CA6                   SkyrimSE.exe+0FD5CA6 -> 83103+0xC6	mov rdi, [rsp+0x78]
	[13] 0x7FF733910DC5                   SkyrimSE.exe+0FE0DC5 -> 83250+0x2E35	mov r8, [rbx]
	[14] 0x7FF733905B33                   SkyrimSE.exe+0FD5B33 -> 83102+0x123	lea rcx, [rsp+0x40]
	[15] 0x7FF733915325                   SkyrimSE.exe+0FE5325 -> 83275+0xA5	movzx edx, byte ptr [rsp+0x60]
	[16] 0x7FF7339219F3                   SkyrimSE.exe+0FF19F3 -> 83452+0x6C3	mov rcx, r14
	[17] 0x7FF73394C9A9                   SkyrimSE.exe+101C9A9 -> 84147+0x69	cmp dword ptr [rsi], 0x04
	[18] 0x7FF733935731                   SkyrimSE.exe+1005731 -> 83793+0xA1	jmp 0x00007FF733935743
	[19] 0x7FF733933079                   SkyrimSE.exe+1003079 -> 83766+0x7E9	mov rcx, r15
	[20] 0x7FF8482A5567                    TrueHUD.dll+0045567
	[21] 0x7FF7338D4E57                   SkyrimSE.exe+0FA4E57 -> 82083+0x1C7	add rbx, 0x08
	[22] 0x7FF732F76995                   SkyrimSE.exe+0646995 -> 36564+0xAF5	call 0x00007FF7332AB2E0
	[23] 0x7FF853F7F4C9                   hdtSMP64.dll+00BF4C9	cmp byte ptr [rbx+0x10], 0x00 |  C:\Games\Faster HDT-SMP\skse64_2_02_06\src\skse64\hdtSMP64\Hooks.cpp:314 ?onFrame@UnkEngine@hdt@@QEAAXXZ
	[24] 0x7FF86C2F5EC7                 MuJointFix.dll+0025EC7	call 0x00007FF86C3132E0 |  D:\VS\MuJointFix\src\Hook.cpp:25 ?onFrame@UnkEngine@Mus@@QEAAXXZ
	[25] 0x7FF8AA76B0A3 BetterThirdPersonSelection.dll+007B0A3
	[26] 0x7FF732F6EAD5                   SkyrimSE.exe+063EAD5 -> 36544+0x165	test bl, bl
	[27] 0x7FF733E6BB8E                   SkyrimSE.exe+153BB8E -> 109636+0x106	mov ebx, eax
	[28] 0x7FF9710A257D                   KERNEL32.DLL+001257D
	[29] 0x7FF9729AAF28                      ntdll.dll+005AF28

REGISTERS:
	RAX 0x1A3594C8600      (void*)
	RCX 0x1F               (size_t) [31]
	RDX 0x0                (size_t) [0]
	RBX 0xFF000000000000   (size_t) [71776119061217280]
	RSP 0x5F8F8FE390       (void*)
	RBP 0x1A3594C84C0      (void*)
	RSI 0xFFFF00000000     (size_t) [281470681743360]
	RDI 0x1A3594C84D0      (void*)
	R8  0x26               (size_t) [38]
	R9  0x20               (size_t) [32]
	R10 0x7FF734366970     (void* -> SkyrimSE.exe+1A36970	or [rax], al)
	R11 0xFF00000000       (size_t) [1095216660480]
	R12 0x1A36C7D5578      (void*)
	R13 0x1A3594C84D0      (void*)
	R14 0x1A3C87CB7A0      (void*)
	R15 0x100              (size_t) [256]

STACK:
	[RSP+0   ] 0x0                (size_t) [0]
	[RSP+8   ] 0x1A35D9CC120      (void*)
	[RSP+10  ] 0x1A36C7D5668      (void*)
	[RSP+18  ] 0x7FF73395065E     (void* -> SkyrimSE.exe+102065E	jmp 0x00007FF73395067D)
	[RSP+20  ] 0x200              (size_t) [512]
	[RSP+28  ] 0x7FF733A91AE6     (void* -> SkyrimSE.exe+1161AE6	mov rdi, rax)
	[RSP+30  ] 0x1A3594C8498      (void*)
	[RSP+38  ] 0x200              (size_t) [512]
	[RSP+40  ] 0x5F8F8FEA08       (void*)
	[RSP+48  ] 0x7FF733A92487     (void* -> SkyrimSE.exe+1162487	mov eax, eax)
	[RSP+50  ] 0x200              (size_t) [512]
	[RSP+58  ] 0x1A3CB007A30      (void*)
	[RSP+60  ] 0x200              (size_t) [512]
	[RSP+68  ] 0x1A3594C8498      (void*)
	[RSP+70  ] 0x1A3C87CB7A0      (void*)
	[RSP+78  ] 0x7FF733A1A221     (void* -> SkyrimSE.exe+10EA221	test rax, rax)
	[RSP+80  ] 0x1A35962FF30      (void*)
	[RSP+88  ] 0x0                (size_t) [0]
	[RSP+90  ] 0x5F8F8FE468       (void*)
	[RSP+98  ] 0x7FF733A91DB8     (void* -> SkyrimSE.exe+1161DB8	mov eax, eax)
	[RSP+A0  ] 0x1A36C7D5578      (void*)
	[RSP+A8  ] 0x1A3C9294AE0      (void*)
	[RSP+B0  ] 0x1A3C9294AE0      (void*)
	[RSP+B8  ] 0x1A3594C8498      (void*)
	[RSP+C0  ] 0x1A3C87CB7A0      (void*)
	[RSP+C8  ] 0x7FF733A1A8C0     (void* -> SkyrimSE.exe+10EA8C0	mov rbp, rax)
	[RSP+D0  ] 0x1A3594C8400      (void*)
	[RSP+D8  ] 0x1A3C87CB7A0      (void*)
	[RSP+E0  ] 0x200              (size_t) [512]
	[RSP+E8  ] 0x0                (size_t) [0]
	[RSP+F0  ] 0x5F8F8FE4B0       (void*)
	[RSP+F8  ] 0x0                (size_t) [0]
	[RSP+100 ] 0x0                (size_t) [0]
	[RSP+108 ] 0x200              (size_t) [512]
	[RSP+110 ] 0x1A3C9294AE0      (void*)
	[RSP+118 ] 0x7FF73395F27A     (void* -> SkyrimSE.exe+102F27A	mov rbp, [rsp+0x38])
	[RSP+120 ] 0x100              (size_t) [256]
	[RSP+128 ] 0x1A36C7D5648      (void*)
	[RSP+130 ] 0x1A3C87CB7A0      (void*)
	[RSP+138 ] 0x1A3594C83C0      (void*)
	[RSP+140 ] 0x1A36C7D5648      (void*)
	[RSP+148 ] 0x7FF7339060AF     (void* -> SkyrimSE.exe+0FD60AF	mov [rbx], rax)
	[RSP+150 ] 0x1A36C7D5880      (void*)
	[RSP+158 ] 0x5                (size_t) [5]
	[RSP+160 ] 0x5F8F8FE790       (void*)
	[RSP+168 ] 0x10               (size_t) [16]
	[RSP+170 ] 0x0                (size_t) [0]
	[RSP+178 ] 0x7FF7339062CA     (void* -> SkyrimSE.exe+0FD62CA	mov [r14+0x08], rbx)
	[RSP+180 ] 0xC                (size_t) [12]
	[RSP+188 ] 0x1A3C8E2CF70      (void*)
	[RSP+190 ] 0x1A36C7D5578      (void*)
	[RSP+198 ] 0x0                (size_t) [0]
	[RSP+1A0 ] 0x1A3CB007A30      (void*)
	[RSP+1A8 ] 0x7FF733906ABC     (void* -> SkyrimSE.exe+0FD6ABC	mov rax, [rsi+0x10])
	[RSP+1B0 ] 0x1A3991BAAD0      (void*)
	[RSP+1B8 ] 0x5F8F8FE790       (void*)
	[RSP+1C0 ] 0x1A3CB007A10      (void*)
	[RSP+1C8 ] 0x5F8F8FE640       (void*)
	[RSP+1D0 ] 0x1A3C8BE7AA0      (void*)
	[RSP+1D8 ] 0x5F8F8FEB38       (void*)
	[RSP+1E0 ] 0x5F8F8FE629       (void*)
	[RSP+1E8 ] 0x7FF73395A3A0     (void* -> SkyrimSE.exe+102A3A0	movaps xmm6, [rsp+0xC0])
	[RSP+1F0 ] 0x5F8F8FE820       (void*)
	[RSP+1F8 ] 0x1A35D9D16D0      (void*)
	[RSP+200 ] 0x1A358940960      (void*)
	[RSP+208 ] 0x1A3CB007A30      (void*)
	[RSP+210 ] 0x1A358940A60      (void*)
	[RSP+218 ] 0x37               (size_t) [55]
	[RSP+220 ] 0x10               (size_t) [16]
	[RSP+228 ] 0x1A35D9CC610      (void*)
	[RSP+230 ] 0x1A358940000      (void*)
	[RSP+238 ] 0x2E               (size_t) [46]
	[RSP+240 ] 0x1A358940100      (void*)
	[RSP+248 ] 0x1A3CB007950      (void*)
	[RSP+250 ] 0x1A36C7D5880      (void*)
	[RSP+258 ] 0x1A36C7D5668      (void*)
	[RSP+260 ] 0x1                (size_t) [1]
	[RSP+268 ] 0x1A36C7D5578      (void*)
	[RSP+270 ] 0x1A36C7D5578      (void*)
	[RSP+278 ] 0x7FF733912F9C     (void* -> SkyrimSE.exe+0FE2F9C	lea r11, [rsp+0x70])
	[RSP+280 ] 0x5F8F8FE768       (void*)
	[RSP+288 ] 0x7FF733A1A88B     (void* -> SkyrimSE.exe+10EA88B	test rax, rax)
	[RSP+290 ] 0x1A36C70E1F0      (void*)
	[RSP+298 ] 0x5F8F8FEA08       (void*)
	[RSP+2A0 ] 0x1A358975990      (void*)
	[RSP+2A8 ] 0x0                (size_t) [0]
	[RSP+2B0 ] 0x5F8F8FE670       (void*)
	[RSP+2B8 ] 0x7FF7338FB9AA     (void* -> SkyrimSE.exe+0FCB9AA	xor edi, edi)
	[RSP+2C0 ] 0x1A3CB007950      (void*)
	[RSP+2C8 ] 0x7FF733A91D65     (void* -> SkyrimSE.exe+1161D65	mov rbx, [rsp+0x60])
	[RSP+2D0 ] 0x5F8F8FE7C0       (void*)
	[RSP+2D8 ] 0x7FF7338FD2EE     (void* -> SkyrimSE.exe+0FCD2EE	jmp 0x00007FF7338FD56A)
	[RSP+2E0 ] 0x1A36C7D5578      (void*)
	[RSP+2E8 ] 0x1A36C7D5840      (void*)
	[RSP+2F0 ] 0x1A36C7D5578      (void*)
	[RSP+2F8 ] 0x7FF733916A10     (void* -> SkyrimSE.exe+0FE6A10	movzx r12d, al)
	[RSP+300 ] 0x1A3C8BDB940      (void*)
	[RSP+308 ] 0x5F8F8FE790       (void*)
	[RSP+310 ] 0x5F8F8FECA0       (void*)
	[RSP+318 ] 0x1A36C7D5578      (void*)
	[RSP+320 ] 0x0                (size_t) [0]
	[RSP+328 ] 0x7FF7338FAA60     (void* -> SkyrimSE.exe+0FCAA60	cmp eax, 0x17)
	[RSP+330 ] 0x0                (size_t) [0]
	[RSP+338 ] 0x7FF733902D6B     (void* -> SkyrimSE.exe+0FD2D6B	movzx eax, bl)
	[RSP+340 ] 0xE87              (size_t) [3719]
	[RSP+348 ] 0x7FF7338FDA67     (void* -> SkyrimSE.exe+0FCDA67	add rsp, 0xF0)
	[RSP+350 ] 0x0                (size_t) [0]
	[RSP+358 ] 0x7FF733937676     (void* -> SkyrimSE.exe+1007676	jmp 0x00007FF73393767A)
	[RSP+360 ] 0xE87              (size_t) [3719]
	[RSP+368 ] 0x1A3594D98A0      (void*)
	[RSP+370 ] 0x5F8F8FEA80       (void*)
	[RSP+378 ] 0x1A36C7D5578      (void*)
	[RSP+380 ] 0x1A3CB007A30      (void*)
	[RSP+388 ] 0x3                (size_t) [3]
	[RSP+390 ] 0x1                (size_t) [1]
	[RSP+398 ] 0x1A3991BAAD0      (void*)
	[RSP+3A0 ] 0x1A36C70E820      (char*) "render"
	[RSP+3A8 ] 0x5F8F8FEA40       (void*)
	[RSP+3B0 ] 0x0                (size_t) [0]
	[RSP+3B8 ] 0x7FF733905AF7     (void* -> SkyrimSE.exe+0FD5AF7	movzx eax, byte ptr [rdi+0xCA])
	[RSP+3C0 ] 0x5F8F8FEA40       (void*)
	[RSP+3C8 ] 0x0                (size_t) [0]
	[RSP+3D0 ] 0x1A36C70E820      (char*) "render"
	[RSP+3D8 ] 0x1A3594C83C0      (void*)
	[RSP+3E0 ] 0x1A36C7D5578      (void*)
	[RSP+3E8 ] 0x7FF7338FA2F9     (void* -> SkyrimSE.exe+0FCA2F9	cmp eax, 0x17)
	[RSP+3F0 ] 0x0                (size_t) [0]
	[RSP+3F8 ] 0x0                (size_t) [0]
	[RSP+400 ] 0x1A3991BAAD0      (void*)
	[RSP+408 ] 0x1A36C7D5578      (void*)
	[RSP+410 ] 0x5F8F8FEA40       (void*)
	[RSP+418 ] 0x0                (size_t) [0]
	[RSP+420 ] 0x1A36C70E820      (char*) "render"
	[RSP+428 ] 0x1A36C7D5410      (void*)
	[RSP+430 ] 0x0                (size_t) [0]
	[RSP+438 ] 0x0                (size_t) [0]
	[RSP+440 ] 0x1A3CB007A10      (void*)
	[RSP+448 ] 0x1A3C8E2CF70      (void*)
	[RSP+450 ] 0x1A300000002      (void*)
	[RSP+458 ] 0x3                (size_t) [3]
	[RSP+460 ] 0x0                (size_t) [0]
	[RSP+468 ] 0x7FF733910B55     (void* -> SkyrimSE.exe+0FE0B55	mov rax, [rbp+0x140])
	[RSP+470 ] 0x5F8F8FEAA0       (void*)
	[RSP+478 ] 0x5F8F8FE900       (void*)
	[RSP+480 ] 0x1A3CB007A30      (void*)
	[RSP+488 ] 0x0                (size_t) [0]
	[RSP+490 ] 0x0                (size_t) [0]
	[RSP+498 ] 0x0                (size_t) [0]
	[RSP+4A0 ] 0x5F00000000       (size_t) [408021893120]
	[RSP+4A8 ] 0x1A36C7D3F90      (void*)
	[RSP+4B0 ] 0x1A300000001      (void*)
	[RSP+4B8 ] 0x5F8F8FECA0       (void*)
	[RSP+4C0 ] 0x1A300000000      (void*)
	[RSP+4C8 ] 0x1A36C70B600      (void*)
	[RSP+4D0 ] 0x5F0100E9A0       (size_t) [408038730144]
	[RSP+4D8 ] 0x0                (size_t) [0]
	[RSP+4E0 ] 0x1A36C7D5578      (void*)
	[RSP+4E8 ] 0x1A36C7D5410      (void*)
	[RSP+4F0 ] 0x1A36C76B000      (void*)
	[RSP+4F8 ] 0x0                (size_t) [0]
	[RSP+500 ] 0xF0400000F9B      (size_t) [16509854289819]
	[RSP+508 ] 0x1A300000F03      (void*)
	[RSP+510 ] 0x1A3594C83C0      (void*)
	[RSP+518 ] 0x1A3C8BDB940      (void*)
	[RSP+520 ] 0x7FF734335980     (void* -> SkyrimSE.exe+1A05980	jo 0x00007FF734335945)
	[RSP+528 ] 0x1A36C75DF50      (Scaleform::TrueHUDMenu::Logger*)
	[RSP+530 ] 0x1A36C000100      (char*) ", tribe-kin."
	[RSP+538 ] 0x0                (size_t) [0]
	[RSP+540 ] 0x5F0001010F       (size_t) [408021958927]
	[RSP+548 ] 0x1A35895B4B0      (void*)
	[RSP+550 ] 0x4008000000000003 (size_t) [4613937818241073155]
	[RSP+558 ] 0x7FF7338FA6DE     (void* -> SkyrimSE.exe+0FCA6DE	movzx eax, byte ptr [rsp+0x30])
	[RSP+560 ] 0x1A36C7D3F70      (void*)
	[RSP+568 ] 0x7FF73390C719     (void* -> SkyrimSE.exe+0FDC719	mov rbx, [rsp+0x50])
	[RSP+570 ] 0x5F8F8FE9C0       (void*)
	[RSP+578 ] 0x7FF7338FB91A     (void* -> SkyrimSE.exe+0FCB91A	movzx eax, byte ptr [rbx+0x18])
	[RSP+580 ] 0x0                (size_t) [0]
	[RSP+588 ] 0x0                (size_t) [0]
	[RSP+590 ] 0x1A35D9CC300      (void*)
	[RSP+598 ] 0x5F8F8FE9A0       (void*)
	[RSP+5A0 ] 0x1A36C7D5578      (void*)
	[RSP+5A8 ] 0x7FF7339069DD     (void* -> SkyrimSE.exe+0FD69DD	mov rax, [rsi+0x10])
	[RSP+5B0 ] 0xF                (size_t) [15]
	[RSP+5B8 ] 0x1A36C7D5578      (void*)
	[RSP+5C0 ] 0x1A39918FB90      (void*)
	[RSP+5C8 ] 0x5F8F8FEA40       (void*)
	[RSP+5D0 ] 0x0                (size_t) [0]
	[RSP+5D8 ] 0x5F8F8FEA01       (void*)
	[RSP+5E0 ] 0x1A35962FF30      (void*)
	[RSP+5E8 ] 0x1A36C7D5410      (void*)
	[RSP+5F0 ] 0x1A2EC297FA0      (void*)
	[RSP+5F8 ] 0x1A36C7D5668      (void*)
	[RSP+600 ] 0x1A358940960      (void*)
	[RSP+608 ] 0x1A39918FBB0      (void*)
	[RSP+610 ] 0x1A358940A08      (void*)
	[RSP+618 ] 0x0                (size_t) [0]
	[RSP+620 ] 0x1A36C7D5578      (void*)
	[RSP+628 ] 0x1A35962FF06      (void*)
	[RSP+630 ] 0x1A3CB007A10      (void*)
	[RSP+638 ] 0x0                (size_t) [0]
	[RSP+640 ] 0x0                (size_t) [0]
	[RSP+648 ] 0x0                (size_t) [0]
	[RSP+650 ] 0x4008000000000000 (size_t) [4613937818241073152]
	[RSP+658 ] 0x5F8F8FEFA0       (void*)
	[RSP+660 ] 0x0                (size_t) [0]
	[RSP+668 ] 0x7FF7338FAA60     (void* -> SkyrimSE.exe+0FCAA60	cmp eax, 0x17)
	[RSP+670 ] 0xFDF674908B21     (size_t) [279234959412001]
	[RSP+678 ] 0x1A39918D930      (void*)
	[RSP+680 ] 0x100              (size_t) [256]
	[RSP+688 ] 0x5F8F8FEF68       (void*)
	[RSP+690 ] 0x1A35D9CC120      (void*)
	[RSP+698 ] 0x0                (size_t) [0]
	[RSP+6A0 ] 0x1A36C7D5668      (void*)
	[RSP+6A8 ] 0x5F8F8FECC8       (void*)
	[RSP+6B0 ] 0x7FF73432EBE8     (void* -> SkyrimSE.exe+19FEBE8	and [rbp+rcx*4+0x7FF733], dl)
	[RSP+6B8 ] 0x5F8F8FEA10       (void*)
	[RSP+6C0 ] 0x1A3CB007A30      (void*)
	[RSP+6C8 ] 0x0                (size_t) [0]
	[RSP+6D0 ] 0x0                (size_t) [0]
	[RSP+6D8 ] 0x0                (size_t) [0]
	[RSP+6E0 ] 0x1A36C7D5578      (void*)
	[RSP+6E8 ] 0x700000003        (size_t) [30064771075]
	[RSP+6F0 ] 0x5F8F8FEF08       (void*)
	[RSP+6F8 ] 0x1A3991BAAD0      (void*)
	[RSP+700 ] 0x0                (size_t) [0]
	[RSP+708 ] 0x7FF733917500     (void* -> SkyrimSE.exe+0FE7500	and [rcx-0x73], cl)
	[RSP+710 ] 0x1A3991BAAD0      (void*)
	[RSP+718 ] 0x0                (size_t) [0]
	[RSP+720 ] 0x5F8F8FEB00       (void*)
	[RSP+728 ] 0xFDF674908A41     (size_t) [279234959411777]
	[RSP+730 ] 0x0                (size_t) [0]
	[RSP+738 ] 0x0                (size_t) [0]
	[RSP+740 ] 0x3FF0000000000000 (size_t) [4607182418800017408]
	[RSP+748 ] 0x0                (size_t) [0]
	[RSP+750 ] 0x43F0000000000000 (size_t) [4895412794951729152]
	[RSP+758 ] 0x0                (size_t) [0]
	[RSP+760 ] 0x0                (size_t) [0]
	[RSP+768 ] 0x0                (size_t) [0]
	[RSP+770 ] 0x1A3991ACF70      (void*)
	[RSP+778 ] 0x7FF73432EBE8     (void* -> SkyrimSE.exe+19FEBE8	and [rbp+rcx*4+0x7FF733], dl)
	[RSP+780 ] 0x0                (size_t) [0]
	[RSP+788 ] 0x5F8F8FEFA0       (void*)
	[RSP+790 ] 0x0                (size_t) [0]
	[RSP+798 ] 0x1A3991AEC40      (void*)
	[RSP+7A0 ] 0x0                (size_t) [0]
	[RSP+7A8 ] 0x5F8F8FEC20       (void*)
	[RSP+7B0 ] 0x0                (size_t) [0]
	[RSP+7B8 ] 0x7FF733905B33     (void* -> SkyrimSE.exe+0FD5B33	lea rcx, [rsp+0x40])
	[RSP+7C0 ] 0x5F8F8FEC20       (void*)
	[RSP+7C8 ] 0x0                (size_t) [0]
	[RSP+7D0 ] 0x0                (size_t) [0]
	[RSP+7D8 ] 0x1A3594C83C0      (void*)
	[RSP+7E0 ] 0x5F8F8FECA0       (void*)
	[RSP+7E8 ] 0x1A3991AECC0      (void*)
	[RSP+7F0 ] 0x1A300000001      (void*)
	[RSP+7F8 ] 0x5F8F8FEF68       (void*)
	[RSP+800 ] 0x1A3991AEC40      (void*)
	[RSP+808 ] 0x1A36C7D5578      (void*)
	[RSP+810 ] 0x5F8F8FEC20       (void*)
	[RSP+818 ] 0x0                (size_t) [0]
	[RSP+820 ] 0x0                (size_t) [0]
	[RSP+828 ] 0x1A36C7D5410      (void*)
	[RSP+830 ] 0x0                (size_t) [0]
	[RSP+838 ] 0x0                (size_t) [0]
	[RSP+840 ] 0x1A39918FB90      (void*)
	[RSP+848 ] 0x1A36C7D3F70      (void*)
	[RSP+850 ] 0x1A300000001      (void*)
	[RSP+858 ] 0x7FF733916A10     (void* -> SkyrimSE.exe+0FE6A10	movzx r12d, al)
	[RSP+860 ] 0x1A39918FB90      (void*)
	[RSP+868 ] 0x7FF733904115     (void* -> SkyrimSE.exe+0FD4115	movzx edx, byte ptr [rbp-0x41])
	[RSP+870 ] 0x5F8F8FEF70       (void*)
	[RSP+878 ] 0x5F8F8FEC89       (void*)
	[RSP+880 ] 0x0                (size_t) [0]
	[RSP+888 ] 0x7FF7338FAA60     (void* -> SkyrimSE.exe+0FCAA60	cmp eax, 0x17)
	[RSP+890 ] 0x7FF73432EBE8     (void* -> SkyrimSE.exe+19FEBE8	and [rbp+rcx*4+0x7FF733], dl)
	[RSP+898 ] 0x5F8F8FECA0       (void*)
	[RSP+8A0 ] 0x1A39918FBB0      (void*)
	[RSP+8A8 ] 0x0                (size_t) [0]
	[RSP+8B0 ] 0x0                (size_t) [0]
	[RSP+8B8 ] 0x0                (size_t) [0]
	[RSP+8C0 ] 0x1A36C7D5578      (void*)
	[RSP+8C8 ] 0x400000000        (size_t) [17179869184]
	[RSP+8D0 ] 0x5F8F8FEFE0       (void*)
	[RSP+8D8 ] 0x7FF7339015BB     (void* -> SkyrimSE.exe+0FD15BB	mov al, 0x01)
	[RSP+8E0 ] 0x1A39918FBC8      (void*)
	[RSP+8E8 ] 0x1A35D9CC740      (void*)
	[RSP+8F0 ] 0x1A36C70C258      (void*)
	[RSP+8F8 ] 0x5F8F8FEF18       (void*)
	[RSP+900 ] 0x5F8F8FEF68       (void*)
	[RSP+908 ] 0x1A3991AEC60      (void*)
	[RSP+910 ] 0x1A36C7D5500      (void*)
	[RSP+918 ] 0x5F8F8FEFE0       (void*)
	[RSP+920 ] 0x0                (size_t) [0]
	[RSP+928 ] 0x7FF733916643     (void* -> SkyrimSE.exe+0FE6643	movzx esi, al)
	[RSP+930 ] 0x1A3991AEC60      (void*)
	[RSP+938 ] 0x1                (size_t) [1]
	[RSP+940 ] 0x2                (size_t) [2]
	[RSP+948 ] 0x1A3991AEC60      (void*)
	[RSP+950 ] 0x1A35D9D25B0      (void*)
	[RSP+958 ] 0x7FF733905CA6     (void* -> SkyrimSE.exe+0FD5CA6	mov rdi, [rsp+0x78])
	[RSP+960 ] 0x1A39918FBB0      (void*)
	[RSP+968 ] 0x5F8F8FEFA0       (void*)
	[RSP+970 ] 0x5F8F8FEFA0       (void*)
	[RSP+978 ] 0x1A36C7D5578      (void*)
	[RSP+980 ] 0x1A36C7D5578      (void*)
	[RSP+988 ] 0x5F8F8FEFA0       (void*)
	[RSP+990 ] 0x1                (size_t) [1]
	[RSP+998 ] 0x7FF7338FA82F     (void* -> SkyrimSE.exe+0FCA82F	cmp byte ptr [rdi], 0x07)
	[RSP+9A0 ] 0x0                (size_t) [0]
	[RSP+9A8 ] 0x0                (size_t) [0]
	[RSP+9B0 ] 0x1A3991AEC00      (void*)
	[RSP+9B8 ] 0x1                (size_t) [1]
	[RSP+9C0 ] 0x5F8F8FF000       (void*)
	[RSP+9C8 ] 0x7FF733910DC5     (void* -> SkyrimSE.exe+0FE0DC5	mov r8, [rbx])
	[RSP+9D0 ] 0x1A36C7D57C0      (void*)
	[RSP+9D8 ] 0x0                (size_t) [0]
	[RSP+9E0 ] 0x5F8F8FEE60       (void*)
	[RSP+9E8 ] 0x0                (size_t) [0]
	[RSP+9F0 ] 0x1                (size_t) [1]
	[RSP+9F8 ] 0x1                (size_t) [1]
	[RSP+A00 ] 0x1A300000000      (void*)
	[RSP+A08 ] 0x7FF733A91BF0     (void* -> SkyrimSE.exe+1161BF0	mov rax, [rsp+0x60])
	[RSP+A10 ] 0x2                (size_t) [2]
	[RSP+A18 ] 0x0                (size_t) [0]
	[RSP+A20 ] 0x1A300000000      (void*)
	[RSP+A28 ] 0x1A36C70B600      (void*)
	[RSP+A30 ] 0x1000000          (size_t) [16777216]
	[RSP+A38 ] 0x0                (size_t) [0]
	[RSP+A40 ] 0x1A36C7D5578      (void*)
	[RSP+A48 ] 0x1A36C7D5410      (void*)
	[RSP+A50 ] 0x1A36C76B000      (void*)
	[RSP+A58 ] 0x0                (size_t) [0]
	[RSP+A60 ] 0x133F00001345     (size_t) [21161303872325]
	[RSP+A68 ] 0x133E             (size_t) [4926]
	[RSP+A70 ] 0x1A3594C83C0      (void*)
	[RSP+A78 ] 0x1A35897B660      (void*)
	[RSP+A80 ] 0x7FF734335980     (void* -> SkyrimSE.exe+1A05980	jo 0x00007FF734335945)
	[RSP+A88 ] 0x1A36C75DF50      (Scaleform::TrueHUDMenu::Logger*)
	[RSP+A90 ] 0x100              (size_t) [256]
	[RSP+A98 ] 0x0                (size_t) [0]
	[RSP+AA0 ] 0x5020F            (size_t) [328207]
	[RSP+AA8 ] 0x7FF7339060D7     (void* -> SkyrimSE.exe+0FD60D7	mov [rbx], rax)
	[RSP+AB0 ] 0x3FF0000000000001 (size_t) [4607182418800017409]
	[RSP+AB8 ] 0x1A3C87CB7A0      (void*)
	[RSP+AC0 ] 0x1A36C7D5648      (void*)
	[RSP+AC8 ] 0x1A300000002      (void*)
	[RSP+AD0 ] 0x0                (size_t) [0]
	[RSP+AD8 ] 0x7FF7339062CA     (void* -> SkyrimSE.exe+0FD62CA	mov [r14+0x08], rbx)
	[RSP+AE0 ] 0x5                (size_t) [5]
	[RSP+AE8 ] 0x1A36C707F70      (void*)
	[RSP+AF0 ] 0x1A36C7D5578      (void*)
	[RSP+AF8 ] 0x2                (size_t) [2]
	[RSP+B00 ] 0x1A3991B6D08      (void*)
	[RSP+B08 ] 0x7FF733906ABC     (void* -> SkyrimSE.exe+0FD6ABC	mov rax, [rsi+0x10])
	[RSP+B10 ] 0x1A3991AFA20      (void*)
	[RSP+B18 ] 0x5F8F8FF0F0       (void*)
	[RSP+B20 ] 0x0                (size_t) [0]
	[RSP+B28 ] 0x5F8F8FEFA0       (void*)
	[RSP+B30 ] 0x5F8F8FF210       (void*)
	[RSP+B38 ] 0x1A3959CB000      (void*)
	[RSP+B40 ] 0x7FF8482EDEC0     (char*) "_root.TrueHUD.SortDepths"
	[RSP+B48 ] 0x0                (size_t) [0]
	[RSP+B50 ] 0x1A3594C8498      (void*)
	[RSP+B58 ] 0x7FF733A1A35E     (void* -> SkyrimSE.exe+10EA35E	sub qword ptr [rsi+0x20], 0x01)
	[RSP+B60 ] 0x1A36C707F70      (void*)
	[RSP+B68 ] 0x1A3991B6D08      (void*)
	[RSP+B70 ] 0x1A3594C9500      (void*)
	[RSP+B78 ] 0x7FF733A17E5E     (void* -> SkyrimSE.exe+10E7E5E	mov rcx, rbp)
	[RSP+B80 ] 0x1A36C7D5578      (void*)
	[RSP+B88 ] 0x7FF733915308     (void* -> SkyrimSE.exe+0FE5308	jl 0x00007FF73391532E)
	[RSP+B90 ] 0x1A3991AEC40      (void*)
	[RSP+B98 ] 0x0                (size_t) [0]
	[RSP+BA0 ] 0x1A358941000      (void*)
	[RSP+BA8 ] 0x0                (size_t) [0]
	[RSP+BB0 ] 0x3FF0000000000000 (size_t) [4607182418800017408]
	[RSP+BB8 ] 0x1A3C9234800      (void*)
	[RSP+BC0 ] 0x1A3C9234840      (void*)
	[RSP+BC8 ] 0x96               (size_t) [150]
	[RSP+BD0 ] 0x5F8F8FF101       (void*)
	[RSP+BD8 ] 0x1A35D9D15B0      (void*)
	[RSP+BE0 ] 0x0                (size_t) [0]
	[RSP+BE8 ] 0x1A36C7D5601      (void*)
	[RSP+BF0 ] 0x1A3991B6C70      (void*)
	[RSP+BF8 ] 0x1                (size_t) [1]
	[RSP+C00 ] 0x1A3594C8498      (void*)
	[RSP+C08 ] 0x7FF733A1A35E     (void* -> SkyrimSE.exe+10EA35E	sub qword ptr [rsi+0x20], 0x01)
	[RSP+C10 ] 0x7FF73432EBE8     (void* -> SkyrimSE.exe+19FEBE8	and [rbp+rcx*4+0x7FF733], dl)
	[RSP+C18 ] 0x5F8F8FEF70       (void*)
	[RSP+C20 ] 0x1A3991AEC60      (void*)
	[RSP+C28 ] 0x1A3991AEC40      (void*)
	[RSP+C30 ] 0x0                (size_t) [0]
	[RSP+C38 ] 0x7FF73395E800     (void* -> SkyrimSE.exe+102E800	shr eax, 0x28)
	[RSP+C40 ] 0x1A36C7D5578      (void*)
	[RSP+C48 ] 0x100000001        (size_t) [4294967297]
	[RSP+C50 ] 0x1A358940908      (void*)
	[RSP+C58 ] 0x1A35D9D25B0      (void*)
	[RSP+C60 ] 0x0                (size_t) [0]
	[RSP+C68 ] 0x1A3991B6D00      (void*)
	[RSP+C70 ] 0x1A35D9D25B0      (void*)
	[RSP+C78 ] 0x0                (size_t) [0]
	[RSP+C80 ] 0x1A3594C8400      (void*)
	[RSP+C88 ] 0xFDF674908F21     (size_t) [279234959413025]
	[RSP+C90 ] 0x0                (size_t) [0]
	[RSP+C98 ] 0x0                (size_t) [0]
	[RSP+CA0 ] 0x3C088889         (size_t) [1007192201]
	[RSP+CA8 ] 0x0                (size_t) [0]
	[RSP+CB0 ] 0x3C088889         (size_t) [1007192201]
	[RSP+CB8 ] 0x0                (size_t) [0]
	[RSP+CC0 ] 0x0                (size_t) [0]
	[RSP+CC8 ] 0x0                (size_t) [0]
	[RSP+CD0 ] 0x1A36C707F70      (void*)
	[RSP+CD8 ] 0x1A3991B6DD8      (void*)
	[RSP+CE0 ] 0x1                (size_t) [1]
	[RSP+CE8 ] 0x1A3991B6C70      (void*)
	[RSP+CF0 ] 0x1                (size_t) [1]
	[RSP+CF8 ] 0x1A3991AFA20      (void*)
	[RSP+D00 ] 0x0                (size_t) [0]
	[RSP+D08 ] 0x5F8F8FF198       (void*)
	[RSP+D10 ] 0x0                (size_t) [0]
	[RSP+D18 ] 0x7FF733905B33     (void* -> SkyrimSE.exe+0FD5B33	lea rcx, [rsp+0x40])
	[RSP+D20 ] 0x5F8F8FF198       (void*)
	[RSP+D28 ] 0x0                (size_t) [0]
	[RSP+D30 ] 0x0                (size_t) [0]
	[RSP+D38 ] 0x1A3594C83C0      (void*)
	[RSP+D40 ] 0x0                (size_t) [0]
	[RSP+D48 ] 0x1A3991AFAA0      (void*)
	[RSP+D50 ] 0x1A300000002      (void*)
	[RSP+D58 ] 0x5F00000001       (size_t) [408021893121]
	[RSP+D60 ] 0x1A3991AFA20      (void*)
	[RSP+D68 ] 0x1A36C7D5578      (void*)
	[RSP+D70 ] 0x5F8F8FF198       (void*)
	[RSP+D78 ] 0x0                (size_t) [0]
	[RSP+D80 ] 0x0                (size_t) [0]
	[RSP+D88 ] 0x1A36C7D5410      (void*)
	[RSP+D90 ] 0x0                (size_t) [0]
	[RSP+D98 ] 0x1A3991B6C70      (void*)
	[RSP+DA0 ] 0x0                (size_t) [0]
	[RSP+DA8 ] 0x1A36C707F70      (void*)
	[RSP+DB0 ] 0x7FF700000000     (size_t) [140698833649664]
	[RSP+DB8 ] 0x1A2E2C8E8F0      (Scaleform::TrueHUDMenu*)
	[RSP+DC0 ] 0x1A3991B6DD8      (void*)
	[RSP+DC8 ] 0x7FF733915325     (void* -> SkyrimSE.exe+0FE5325	movzx edx, byte ptr [rsp+0x60])
	[RSP+DD0 ] 0x0                (size_t) [0]
	[RSP+DD8 ] 0x7FF73432EBE8     (void* -> SkyrimSE.exe+19FEBE8	and [rbp+rcx*4+0x7FF733], dl)
	[RSP+DE0 ] 0x1A3991B6D08      (void*)
	[RSP+DE8 ] 0x1A3991B6C70      (void*)
	[RSP+DF0 ] 0x1A3991AFA20      (void*)
	[RSP+DF8 ] 0x0                (size_t) [0]
	[RSP+E00 ] 0x1A3991B6C00      (void*)
	[RSP+E08 ] 0x7FF73432EBE8     (void* -> SkyrimSE.exe+19FEBE8	and [rbp+rcx*4+0x7FF733], dl)
	[RSP+E10 ] 0x0                (size_t) [0]
	[RSP+E18 ] 0x1A3991B6D08      (void*)
	[RSP+E20 ] 0x0                (size_t) [0]
	[RSP+E28 ] 0x0                (size_t) [0]
	[RSP+E30 ] 0x0                (size_t) [0]
	[RSP+E38 ] 0x1A3991B6DD8      (void*)
	[RSP+E40 ] 0x100000000        (size_t) [4294967296]
	[RSP+E48 ] 0x1A2E2C8E8F0      (Scaleform::TrueHUDMenu*)
	[RSP+E50 ] 0x1A3991B6EC8      (void*)
	[RSP+E58 ] 0x7FF7339219F3     (void* -> SkyrimSE.exe+0FF19F3	mov rcx, r14)
	[RSP+E60 ] 0x5F8F8FF2F0       (void*)
	[RSP+E68 ] 0x1A3991B6C70      (void*)
	[RSP+E70 ] 0x0                (size_t) [0]
	[RSP+E78 ] 0x0                (size_t) [0]
	[RSP+E80 ] 0x1A300000000      (void*)
	[RSP+E88 ] 0x7FF700000001     (size_t) [140698833649665]
	[RSP+E90 ] 0x0                (size_t) [0]
	[RSP+E98 ] 0x1A3A9443620      (void*)
	[RSP+EA0 ] 0x2                (size_t) [2]
	[RSP+EA8 ] 0xFF000000         (size_t) [4278190080]
	[RSP+EB0 ] 0x1A35D9D0008      (char*) "interface"
	[RSP+EB8 ] 0x1A3991AFA20      (void*)
	[RSP+EC0 ] 0x0                (size_t) [0]
	[RSP+EC8 ] 0x1A3C8DC6F00      (void*)
	[RSP+ED0 ] 0x0                (size_t) [0]
	[RSP+ED8 ] 0x9BB8A8A0137E     (size_t) [171217405350782]
	[RSP+EE0 ] 0x1A361911320      (void*)
	[RSP+EE8 ] 0x7FF8482B7CB2     (void* -> TrueHUD.dll+0057CB2	mov rbp, [rsp+0x48])
	[RSP+EF0 ] 0x5F8F8FF3C0       (void*)
	[RSP+EF8 ] 0x7FF732930000     (void*)
	[RSP+F00 ] 0x0                (size_t) [0]
	[RSP+F08 ] 0x0                (size_t) [0]
	[RSP+F10 ] 0x13975            (size_t) [80245]
	[RSP+F18 ] 0x1415E            (size_t) [82270]
	[RSP+F20 ] 0x1A361911320      (void*)
	[RSP+F28 ] 0x7FF8482B7833     (void* -> TrueHUD.dll+0057833	nop)
	[RSP+F30 ] 0x1A361911320      (void*)
	[RSP+F38 ] 0x5F8F8FF3F0       (void*)
	[RSP+F40 ] 0x1A38B6BD240      (void*)
	[RSP+F48 ] 0x1A38B6BD240      (void*)
	[RSP+F50 ] 0x5F8F8FF3F0       (void*)
	[RSP+F58 ] 0x7FF8482ADB87     (void* -> TrueHUD.dll+004DB87	lea r11, [rsp+0x240])
	[RSP+F60 ] 0x1A3ECE634F0      (Scaleform::RecentLoot*)
	[RSP+F68 ] 0x1A361911320      (void*)
	[RSP+F70 ] 0x1A361911320      (void*)
	[RSP+F78 ] 0x1A2E2C8E8F0      (Scaleform::TrueHUDMenu*)
	[RSP+F80 ] 0x5F8F8FF3A0       (void*)
	[RSP+F88 ] 0x7FF7339015BB     (void* -> SkyrimSE.exe+0FD15BB	mov al, 0x01)
	[RSP+F90 ] 0x7FF734337DB0     (void* -> SkyrimSE.exe+1A07DB0	)
	[RSP+F98 ] 0x1A36C70D880      (void*)
	[RSP+FA0 ] 0x5F8F8FF3A0       (void*)
	[RSP+FA8 ] 0x7FF7338FB91A     (void* -> SkyrimSE.exe+0FCB91A	movzx eax, byte ptr [rbx+0x18])
	[RSP+FB0 ] 0x1A3959CB000      (void*)
	[RSP+FB8 ] 0x5F8F8FF430       (void*)
	[RSP+FC0 ] 0x0                (size_t) [0]
	[RSP+FC8 ] 0x1A3991B6C70      (void*)
	[RSP+FD0 ] 0x1A3991B6C70      (void*)
	[RSP+FD8 ] 0x7FF7339524BE     (void* -> SkyrimSE.exe+10224BE	mov rbx, rax)
	[RSP+FE0 ] 0x1A3991B6C70      (void*)
	[RSP+FE8 ] 0x5F8F8FF440       (void*)
	[RSP+FF0 ] 0x1A2E719F101      (void*)
	[RSP+FF8 ] 0x7FF73393785C     (void* -> SkyrimSE.exe+100785C	add rsp, 0x38)
	[RSP+1000] 0x2                (size_t) [2]
	[RSP+1008] 0xFF000000         (size_t) [4278190080]
	[RSP+1010] 0x1A3959CB000      (void*)
	[RSP+1018] 0x0                (size_t) [0]
	[RSP+1020] 0x1A3959CD5E0      (void*)
	[RSP+1028] 0x0                (size_t) [0]
	[RSP+1030] 0x0                (size_t) [0]
	[RSP+1038] 0x7FF73394C9A9     (void* -> SkyrimSE.exe+101C9A9	cmp dword ptr [rsi], 0x04)
	[RSP+1040] 0x1A35D9CF310      (void*)
	[RSP+1048] 0x1A3991B6C70      (void*)
	[RSP+1050] 0x1A3C8E23480      (void*)
	[RSP+1058] 0x1A3959CB068      (void*)
	[RSP+1060] 0x1A2E719F101      (void*)
	[RSP+1068] 0x7FF733935731     (void* -> SkyrimSE.exe+1005731	jmp 0x00007FF733935743)
	[RSP+1070] 0x1A3959CB068      (void*)
	[RSP+1078] 0x1                (size_t) [1]
	[RSP+1080] 0x1A3959CB068      (void*)
	[RSP+1088] 0x0                (size_t) [0]
	[RSP+1090] 0x1A3000002E6      (void*)
	[RSP+1098] 0x1A3959CD510      (void*)
	[RSP+10A0] 0x1A3C8E23460      (void*)
	[RSP+10A8] 0x4                (size_t) [4]
	[RSP+10B0] 0x0                (size_t) [0]
	[RSP+10B8] 0x7FF733933079     (void* -> SkyrimSE.exe+1003079	mov rcx, r15)
	[RSP+10C0] 0x800000000        (size_t) [34359738368]
	[RSP+10C8] 0x1A2EC297E70      (BSScaleformTranslator*)
	[RSP+10D0] 0x0                (size_t) [0]
	[RSP+10D8] 0x1A3959CB068      (void*)
	[RSP+10E0] 0x1A2EC297E70      (BSScaleformTranslator*)
	[RSP+10E8] 0x7FF926180541     (void*)
	[RSP+10F0] 0x1A300000001      (void*)
	[RSP+10F8] 0xD8CF81BD         (size_t) [3637477821]
	[RSP+1100] 0x0                (size_t) [0]
	[RSP+1108] 0x0                (size_t) [0]
	[RSP+1110] 0x0                (size_t) [0]
	[RSP+1118] 0x0                (size_t) [0]
	[RSP+1120] 0x1A36C75DF50      (Scaleform::TrueHUDMenu::Logger*)
	[RSP+1128] 0x1A2E719F1A0      (void*)
	[RSP+1130] 0x1A2E71A3020      (void*)
	[RSP+1138] 0x0                (size_t) [0]
	[RSP+1140] 0x1A2EC297E70      (BSScaleformTranslator*)
	[RSP+1148] 0x1A2E719F200      (void*)
	[RSP+1150] 0xFDF674909611     (size_t) [279234959414801]
	[RSP+1158] 0x7FF735AB8200     (void* -> SkyrimSE.exe+3188200	add [rax], al)
	[RSP+1160] 0x0                (size_t) [0]
	[RSP+1168] 0x0                (size_t) [0]
	[RSP+1170] 0x0                (size_t) [0]
	[RSP+1178] 0x0                (size_t) [0]
	[RSP+1180] 0x0                (size_t) [0]
	[RSP+1188] 0x0                (size_t) [0]
	[RSP+1190] 0x0                (size_t) [0]
	[RSP+1198] 0x0                (size_t) [0]
	[RSP+11A0] 0x3C8ABD28         (size_t) [1015725352]
	[RSP+11A8] 0x0                (size_t) [0]
	[RSP+11B0] 0x0                (size_t) [0]
	[RSP+11B8] 0x0                (size_t) [0]
	[RSP+11C0] 0x989680           (size_t) [10000000]
	[RSP+11C8] 0x1A21BB72880      (void*)
	[RSP+11D0] 0x7FF735A8CEB0     (void* -> SkyrimSE.exe+315CEB0	add [rax], al)
	[RSP+11D8] 0x7FF8482A5567     (void* -> TrueHUD.dll+0045567	mov rbx, [rsp+0x40])
	[RSP+11E0] 0x8781B0C80        (size_t) [36374776960]
	[RSP+11E8] 0x1A2E2C8E8F0      (Scaleform::TrueHUDMenu*)
	[RSP+11F0] 0x5F8F8FF628       (void*)
	[RSP+11F8] 0x1A38B6BD240      (void*)
	[RSP+1200] 0x0                (size_t) [0]
	[RSP+1208] 0x0                (size_t) [0]
	[RSP+1210] 0x2                (size_t) [2]
	[RSP+1218] 0x7FF7338D4E57     (void* -> SkyrimSE.exe+0FA4E57	add rbx, 0x08)
	[RSP+1220] 0x1A38B6BD240      (void*)
	[RSP+1228] 0x7FF7340A6840     (void* -> SkyrimSE.exe+1776840	jo 0x00007FF7340A68B2)
	[RSP+1230] 0x5F8F8FF628       (void*)
	[RSP+1238] 0x1A22352EE80      (NiCamera*)
		Name: "WorldRoot Camera"
		RTTIName: "NiCamera"
		Flags: kSelectiveUpdate | kSelectiveUpdateTransforms | kSelectiveUpdateController
		Checking Parent: 0
			Name: "WorldRoot CameraNode"
			RTTIName: "NiNode"
			Flags: kSelectiveUpdate | kSelectiveUpdateTransforms | kSelectiveUpdateController
			Checking Parent: 0
				Name: "WorldRoot Node"
				RTTIName: "SceneGraph"
				Flags: kSelectiveUpdate | kSelectiveUpdateTransforms | kSelectiveUpdateController
		Name: "WorldRoot Camera"
	[RSP+1240] 0xFFFFFFFFFFFFFFFE (size_t) [uint: 18446744073709551614 int: -2]
	[RSP+1248] 0x7FF734098160     (void* -> SkyrimSE.exe+1768160	sbb bh, cl)
	[RSP+1250] 0x5F8F8FF5F8       (void*)
	[RSP+1258] 0x7FF734098160     (void* -> SkyrimSE.exe+1768160	sbb bh, cl)
	[RSP+1260] 0x5F8F8FF5F8       (void*)
	[RSP+1268] 0x1A21BB72F50      (ScrapHeap*)
	[RSP+1270] 0x1A38B6BD240      (void*)
	[RSP+1278] 0x7FF700000007     (size_t) [140698833649671]
	[RSP+1280] 0x1A300000007      (void*)
	[RSP+1288] 0x1A34A9A0990      (void*)
	[RSP+1290] 0x0                (size_t) [0]
	[RSP+1298] 0x0                (size_t) [0]
	[RSP+12A0] 0x1A21BB72880      (void*)
	[RSP+12A8] 0x768              (size_t) [1896]
	[RSP+12B0] 0x1A22357A700      (Main*)
	[RSP+12B8] 0x1                (size_t) [1]
	[RSP+12C0] 0x1A22352EE80      (NiCamera*)
		Name: "WorldRoot Camera"
		RTTIName: "NiCamera"
		Flags: kSelectiveUpdate | kSelectiveUpdateTransforms | kSelectiveUpdateController
		Checking Parent: 0
			Name: "WorldRoot CameraNode"
			RTTIName: "NiNode"
			Flags: kSelectiveUpdate | kSelectiveUpdateTransforms | kSelectiveUpdateController
			Checking Parent: 0
				Name: "WorldRoot Node"
				RTTIName: "SceneGraph"
				Flags: kSelectiveUpdate | kSelectiveUpdateTransforms | kSelectiveUpdateController
		Name: "WorldRoot Camera"
	[RSP+12C8] 0x2                (size_t) [2]
	[RSP+12D0] 0x5F8F8FF6C0       (void*)
	[RSP+12D8] 0x7FF732F76995     (void* -> SkyrimSE.exe+0646995	call 0x00007FF7332AB2E0)
	[RSP+12E0] 0x2                (size_t) [2]
	[RSP+12E8] 0x5F00000002       (size_t) [408021893122]
	[RSP+12F0] 0x1A21BB72880      (void*)
	[RSP+12F8] 0x7FF735A8D008     (void* -> SkyrimSE.exe+315D008	jl 0x00007FF735A8CFB3)
	[RSP+1300] 0xFFFFFFFFFFFFFF00 (size_t) [uint: 18446744073709551360 int: -256]
	[RSP+1308] 0xE555A19009E2     (size_t) [252155945552354]
	[RSP+1310] 0xFFFFFFF8         (size_t) [4294967288]
	[RSP+1318] 0x7FF853AA0E00     (void* -> NGIO-NG.dll+0050E00	lea r11, [rsp+0xA0] |  C:\Users\attit\Documents\GitHub\No-Grass-In-Objects-NG\src\GidFileCache.cpp:737 ?RunOne@GidFileWorldGenerateTask@GrassControl@@QEAA_NXZ)
	[RSP+1320] 0x0                (size_t) [0]
	[RSP+1328] 0x1                (size_t) [1]
	[RSP+1330] 0xFFFFFFFFFFFFFFF8 (size_t) [uint: 18446744073709551608 int: -8]
	[RSP+1338] 0xFFFFFFFF00000002 (size_t) [uint: 18446744069414584322 int: -4294967294]
	[RSP+1340] 0x1A3FFFFFFF8      (void*)
	[RSP+1348] 0x7FF9729F3FE4     (void* -> ntdll.dll+00A3FE4	xor ecx, ecx)
	[RSP+1350] 0x1A3FFFFFFF4      (void*)
	[RSP+1358] 0x7FF8AA7E5E87     (void* -> BetterThirdPersonSelection.dll+00F5E87	add rsp, 0x40)
	[RSP+1360] 0xFFFFFFFFFFFFFFF4 (size_t) [uint: 18446744073709551604 int: -12]
	[RSP+1368] 0x0                (size_t) [0]
	[RSP+1370] 0x1A21BB72F50      (ScrapHeap*)
	[RSP+1378] 0x0                (size_t) [0]
	[RSP+1380] 0x5F8F8FF708       (void*)
	[RSP+1388] 0x0                (size_t) [0]
	[RSP+1390] 0x0                (size_t) [0]
	[RSP+1398] 0x0                (size_t) [0]
	[RSP+13A0] 0x0                (size_t) [0]
	[RSP+13A8] 0x1A200000000      (void*)
	[RSP+13B0] 0x0                (size_t) [0]
	[RSP+13B8] 0x0                (size_t) [0]
	[RSP+13C0] 0x4F9814DC2700     (size_t) [87514603595520]
	[RSP+13C8] 0x0                (size_t) [0]
	[RSP+13D0] 0x0                (size_t) [0]
	[RSP+13D8] 0x0                (size_t) [0]
	[RSP+13E0] 0x0                (size_t) [0]
	[RSP+13E8] 0x0                (size_t) [0]
	[RSP+13F0] 0x0                (size_t) [0]
	[RSP+13F8] 0x0                (size_t) [0]
	[RSP+1400] 0x0                (size_t) [0]
	[RSP+1408] 0xFFFFFFFFFFFFFFFE (size_t) [uint: 18446744073709551614 int: -2]
	[RSP+1410] 0x0                (size_t) [0]
	[RSP+1418] 0x0                (size_t) [0]
	[RSP+1420] 0x0                (size_t) [0]
	[RSP+1428] 0x0                (size_t) [0]
	[RSP+1430] 0x0                (size_t) [0]
	[RSP+1438] 0x7FF853F7F4C9     (void* -> hdtSMP64.dll+00BF4C9	cmp byte ptr [rbx+0x10], 0x00 |  C:\Games\Faster HDT-SMP\skse64_2_02_06\src\skse64\hdtSMP64\Hooks.cpp:314 ?onFrame@UnkEngine@hdt@@QEAAXXZ)
	[RSP+1440] 0x1A22357A700      (Main*)
	[RSP+1448] 0x0                (size_t) [0]
	[RSP+1450] 0x9100BC           (size_t) [9502908]
	[RSP+1458] 0x0                (size_t) [0]
	[RSP+1460] 0x9100BC           (size_t) [9502908]
	[RSP+1468] 0x0                (size_t) [0]
	[RSP+1470] 0x0                (size_t) [0]
	[RSP+1478] 0x7FF86C2F5EC7     (void* -> MuJointFix.dll+0025EC7	call 0x00007FF86C3132E0 |  D:\VS\MuJointFix\src\Hook.cpp:25 ?onFrame@UnkEngine@Mus@@QEAAXXZ)
	[RSP+1480] 0x1                (size_t) [1]
	[RSP+1488] 0x0                (size_t) [0]
	[RSP+1490] 0x1A22357A700      (Main*)
	[RSP+1498] 0x0                (size_t) [0]
	[RSP+14A0] 0x9100BC           (size_t) [9502908]
	[RSP+14A8] 0x7FF8AA76B0A3     (void* -> BetterThirdPersonSelection.dll+007B0A3	call 0x00007FF8AA6F9228)
	[RSP+14B0] 0x0                (size_t) [0]
	[RSP+14B8] 0x7FF847DAB528     (void* -> gameoverlayrenderer64.dll+009B528	mov rbx, [rsp+0x40])
	[RSP+14C0] 0x0                (size_t) [0]
	[RSP+14C8] 0x5F8F8FF8E0       (void*)
	[RSP+14D0] 0x7FF6B4090000     (void*)
	[RSP+14D8] 0x1A22357A700      (Main*)
	[RSP+14E0] 0x0                (size_t) [0]
	[RSP+14E8] 0xEE3E301FACA0     (size_t) [261950862765216]
	[RSP+14F0] 0x9100BC           (size_t) [9502908]
	[RSP+14F8] 0x7FF732F6EAD5     (void* -> SkyrimSE.exe+063EAD5	test bl, bl)
	[RSP+1500] 0x0                (size_t) [0]
	[RSP+1508] 0x0                (size_t) [0]
	[RSP+1510] 0x0                (size_t) [0]
	[RSP+1518] 0x0                (size_t) [0]
	[RSP+1520] 0x1                (size_t) [1]
	[RSP+1528] 0x0                (size_t) [0]
	[RSP+1530] 0xA                (size_t) [10]
	[RSP+1538] 0x7FF96FE1F0C0     (void* -> ucrtbase.dll+00FF0C0	)
	[RSP+1540] 0x1A218899940      (void*)
	[RSP+1548] 0x0                (size_t) [0]
	[RSP+1550] 0x1E11E2           (size_t) [1970658]
	[RSP+1558] 0x60               (size_t) [96]
	[RSP+1560] 0x80000001         (size_t) [2147483649]
	[RSP+1568] 0x0                (size_t) [0]
	[RSP+1570] 0x5000037807F      (size_t) [5497561776255]
	[RSP+1578] 0x2D0              (size_t) [720]
	[RSP+1580] 0x0                (size_t) [0]
	[RSP+1588] 0x7FF733E6BB8E     (void* -> SkyrimSE.exe+153BB8E	mov ebx, eax)
	[RSP+1590] 0xA                (size_t) [10]
	[RSP+1598] 0x0                (size_t) [0]
	[RSP+15A0] 0x7FF73616D310     (void* -> SkyrimSE.exe+383D310	call 0x00007FF73616D315)
	[RSP+15A8] 0x5F8F6FC000       (void*)
	[RSP+15B0] 0x0                (size_t) [0]
	[RSP+15B8] 0x0                (size_t) [0]
	[RSP+15C0] 0x0                (size_t) [0]
	[RSP+15C8] 0x7FF9710A257D     (void* -> KERNEL32.DLL+001257D	mov ecx, eax)
	[RSP+15D0] 0x0                (size_t) [0]
	[RSP+15D8] 0x0                (size_t) [0]
	[RSP+15E0] 0x0                (size_t) [0]
	[RSP+15E8] 0x0                (size_t) [0]
	[RSP+15F0] 0x0                (size_t) [0]
	[RSP+15F8] 0x7FF9729AAF28     (void* -> ntdll.dll+005AF28	jmp 0x00007FF9729AAF49)
	[RSP+1600] 0x0                (size_t) [0]
	[RSP+1608] 0x0                (size_t) [0]
	[RSP+1610] 0x0                (size_t) [0]
	[RSP+1618] 0x0                (size_t) [0]
	[RSP+1620] 0x0                (size_t) [0]
	[RSP+1628] 0x0                (size_t) [0]
	[RSP+1630] 0xCABCC53200000000 (size_t) [uint: 14608768109822083072 int: -3837975963887468544]
	[RSP+1638] 0x0                (size_t) [0]
	[RSP+1640] 0x4F0FFFFFB30      (size_t) [5433133628208]
	[RSP+1648] 0x7FF9700F07B0     (void* -> KERNELBASE.dll+01607B0	mov [rsp+0x10], rbx)
	[RSP+1650] 0x5F8F8FCE80       (void*)
	[RSP+1658] 0x1FFE6EACF0A08000 (size_t) [2305401748310753280]
	[RSP+1660] 0x7FF9BAB3C282     (size_t) [140710555927170]
	[RSP+1668] 0x5F8F8FCE80       (void*)
	[RSP+1670] 0x0                (size_t) [0]
	[RSP+1678] 0x0                (size_t) [0]
	[RSP+1680] 0x0                (size_t) [0]
	[RSP+1688] 0x0                (size_t) [0]
	[RSP+1690] 0x0                (size_t) [0]
	[RSP+1698] 0x0                (size_t) [0]
	[RSP+16A0] 0x0                (size_t) [0]
	[RSP+16A8] 0x0                (size_t) [0]
	[RSP+16B0] 0x0                (size_t) [0]
	[RSP+16B8] 0x0                (size_t) [0]
	[RSP+16C0] 0x0                (size_t) [0]
	[RSP+16C8] 0x0                (size_t) [0]
	[RSP+16D0] 0x0                (size_t) [0]
	[RSP+16D8] 0x0                (size_t) [0]
	[RSP+16E0] 0x0                (size_t) [0]
	[RSP+16E8] 0x0                (size_t) [0]
	[RSP+16F0] 0x0                (size_t) [0]
	[RSP+16F8] 0x0                (size_t) [0]
	[RSP+1700] 0x0                (size_t) [0]
	[RSP+1708] 0x0                (size_t) [0]
	[RSP+1710] 0x0                (size_t) [0]
	[RSP+1718] 0x0                (size_t) [0]
	[RSP+1720] 0x0                (size_t) [0]
	[RSP+1728] 0x0                (size_t) [0]
	[RSP+1730] 0x0                (size_t) [0]
	[RSP+1738] 0x0                (size_t) [0]
	[RSP+1740] 0x0                (size_t) [0]
	[RSP+1748] 0x0                (size_t) [0]
	[RSP+1750] 0x0                (size_t) [0]
	[RSP+1758] 0x0                (size_t) [0]
	[RSP+1760] 0x0                (size_t) [0]
	[RSP+1768] 0x0                (size_t) [0]
	[RSP+1770] 0x0                (size_t) [0]
	[RSP+1778] 0x0                (size_t) [0]
	[RSP+1780] 0x0                (size_t) [0]
	[RSP+1788] 0x0                (size_t) [0]
	[RSP+1790] 0x0                (size_t) [0]
	[RSP+1798] 0x0                (size_t) [0]
	[RSP+17A0] 0x0                (size_t) [0]
	[RSP+17A8] 0x0                (size_t) [0]
	[RSP+17B0] 0x0                (size_t) [0]
	[RSP+17B8] 0x0                (size_t) [0]
	[RSP+17C0] 0x0                (size_t) [0]
	[RSP+17C8] 0x0                (size_t) [0]
	[RSP+17D0] 0x0                (size_t) [0]
	[RSP+17D8] 0x0                (size_t) [0]
	[RSP+17E0] 0x0                (size_t) [0]
	[RSP+17E8] 0x0                (size_t) [0]
	[RSP+17F0] 0x0                (size_t) [0]
	[RSP+17F8] 0x0                (size_t) [0]
	[RSP+1800] 0x0                (size_t) [0]
	[RSP+1808] 0x0                (size_t) [0]
	[RSP+1810] 0x0                (size_t) [0]
	[RSP+1818] 0x0                (size_t) [0]
	[RSP+1820] 0x0                (size_t) [0]
	[RSP+1828] 0x0                (size_t) [0]
	[RSP+1830] 0x0                (size_t) [0]
	[RSP+1838] 0x0                (size_t) [0]
	[RSP+1840] 0x0                (size_t) [0]
	[RSP+1848] 0x0                (size_t) [0]
	[RSP+1850] 0x0                (size_t) [0]
	[RSP+1858] 0x0                (size_t) [0]
	[RSP+1860] 0x0                (size_t) [0]
	[RSP+1868] 0x0                (size_t) [0]
	[RSP+1870] 0x0                (size_t) [0]
	[RSP+1878] 0x0                (size_t) [0]
	[RSP+1880] 0x0                (size_t) [0]
	[RSP+1888] 0x0                (size_t) [0]
	[RSP+1890] 0x0                (size_t) [0]
	[RSP+1898] 0x0                (size_t) [0]
	[RSP+18A0] 0x0                (size_t) [0]
	[RSP+18A8] 0x0                (size_t) [0]
	[RSP+18B0] 0x0                (size_t) [0]
	[RSP+18B8] 0x0                (size_t) [0]
	[RSP+18C0] 0x0                (size_t) [0]
	[RSP+18C8] 0x0                (size_t) [0]
	[RSP+18D0] 0x0                (size_t) [0]
	[RSP+18D8] 0x0                (size_t) [0]
	[RSP+18E0] 0x0                (size_t) [0]
	[RSP+18E8] 0x0                (size_t) [0]
	[RSP+18F0] 0x0                (size_t) [0]
	[RSP+18F8] 0x0                (size_t) [0]
	[RSP+1900] 0x0                (size_t) [0]
	[RSP+1908] 0x0                (size_t) [0]
	[RSP+1910] 0x0                (size_t) [0]
	[RSP+1918] 0x0                (size_t) [0]
	[RSP+1920] 0x0                (size_t) [0]
	[RSP+1928] 0x0                (size_t) [0]
	[RSP+1930] 0x0                (size_t) [0]
	[RSP+1938] 0x0                (size_t) [0]
	[RSP+1940] 0x0                (size_t) [0]
	[RSP+1948] 0x0                (size_t) [0]
	[RSP+1950] 0x0                (size_t) [0]
	[RSP+1958] 0x0                (size_t) [0]
	[RSP+1960] 0x0                (size_t) [0]
	[RSP+1968] 0x0                (size_t) [0]
	[RSP+1970] 0x0                (size_t) [0]
	[RSP+1978] 0x0                (size_t) [0]
	[RSP+1980] 0x0                (size_t) [0]
	[RSP+1988] 0x0                (size_t) [0]
	[RSP+1990] 0x0                (size_t) [0]
	[RSP+1998] 0x0                (size_t) [0]
	[RSP+19A0] 0x0                (size_t) [0]
	[RSP+19A8] 0x0                (size_t) [0]
	[RSP+19B0] 0x0                (size_t) [0]
	[RSP+19B8] 0x0                (size_t) [0]
	[RSP+19C0] 0x0                (size_t) [0]
	[RSP+19C8] 0x0                (size_t) [0]
	[RSP+19D0] 0x0                (size_t) [0]
	[RSP+19D8] 0x0                (size_t) [0]
	[RSP+19E0] 0x0                (size_t) [0]
	[RSP+19E8] 0x0                (size_t) [0]
	[RSP+19F0] 0x0                (size_t) [0]
	[RSP+19F8] 0x0                (size_t) [0]
	[RSP+1A00] 0x0                (size_t) [0]
	[RSP+1A08] 0x0                (size_t) [0]
	[RSP+1A10] 0x0                (size_t) [0]
	[RSP+1A18] 0x0                (size_t) [0]
	[RSP+1A20] 0x0                (size_t) [0]
	[RSP+1A28] 0x0                (size_t) [0]
	[RSP+1A30] 0x0                (size_t) [0]
	[RSP+1A38] 0x0                (size_t) [0]
	[RSP+1A40] 0x0                (size_t) [0]
	[RSP+1A48] 0x0                (size_t) [0]
	[RSP+1A50] 0x0                (size_t) [0]
	[RSP+1A58] 0x0                (size_t) [0]
	[RSP+1A60] 0x0                (size_t) [0]
	[RSP+1A68] 0x0                (size_t) [0]
	[RSP+1A70] 0x0                (size_t) [0]
	[RSP+1A78] 0x0                (size_t) [0]
	[RSP+1A80] 0x0                (size_t) [0]
	[RSP+1A88] 0x0                (size_t) [0]
	[RSP+1A90] 0x0                (size_t) [0]
	[RSP+1A98] 0x0                (size_t) [0]
	[RSP+1AA0] 0x0                (size_t) [0]
	[RSP+1AA8] 0x0                (size_t) [0]
	[RSP+1AB0] 0x0                (size_t) [0]
	[RSP+1AB8] 0x0                (size_t) [0]
	[RSP+1AC0] 0x0                (size_t) [0]
	[RSP+1AC8] 0x0                (size_t) [0]
	[RSP+1AD0] 0x0                (size_t) [0]
	[RSP+1AD8] 0x0                (size_t) [0]
	[RSP+1AE0] 0x0                (size_t) [0]
	[RSP+1AE8] 0x0                (size_t) [0]
	[RSP+1AF0] 0x0                (size_t) [0]
	[RSP+1AF8] 0x0                (size_t) [0]
	[RSP+1B00] 0x0                (size_t) [0]
	[RSP+1B08] 0x0                (size_t) [0]
	[RSP+1B10] 0x0                (size_t) [0]
	[RSP+1B18] 0x0                (size_t) [0]
	[RSP+1B20] 0x0                (size_t) [0]
	[RSP+1B28] 0x0                (size_t) [0]
	[RSP+1B30] 0x0                (size_t) [0]
	[RSP+1B38] 0x0                (size_t) [0]
	[RSP+1B40] 0x0                (size_t) [0]
	[RSP+1B48] 0x0                (size_t) [0]
	[RSP+1B50] 0x0                (size_t) [0]
	[RSP+1B58] 0x0                (size_t) [0]
	[RSP+1B60] 0x0                (size_t) [0]
	[RSP+1B68] 0x0                (size_t) [0]
	[RSP+1B70] 0x0                (size_t) [0]
	[RSP+1B78] 0x0                (size_t) [0]
	[RSP+1B80] 0x0                (size_t) [0]
	[RSP+1B88] 0x0                (size_t) [0]
	[RSP+1B90] 0x0                (size_t) [0]
	[RSP+1B98] 0x0                (size_t) [0]
	[RSP+1BA0] 0x0                (size_t) [0]
	[RSP+1BA8] 0x0                (size_t) [0]
	[RSP+1BB0] 0x0                (size_t) [0]
	[RSP+1BB8] 0x0                (size_t) [0]
	[RSP+1BC0] 0x0                (size_t) [0]
	[RSP+1BC8] 0x0                (size_t) [0]
	[RSP+1BD0] 0x0                (size_t) [0]
	[RSP+1BD8] 0x0                (size_t) [0]
	[RSP+1BE0] 0x0                (size_t) [0]
	[RSP+1BE8] 0x0                (size_t) [0]
	[RSP+1BF0] 0x0                (size_t) [0]
	[RSP+1BF8] 0x0                (size_t) [0]
	[RSP+1C00] 0x0                (size_t) [0]
	[RSP+1C08] 0x0                (size_t) [0]
	[RSP+1C10] 0x0                (size_t) [0]
	[RSP+1C18] 0x0                (size_t) [0]
	[RSP+1C20] 0x0                (size_t) [0]
	[RSP+1C28] 0x0                (size_t) [0]
	[RSP+1C30] 0x0                (size_t) [0]
	[RSP+1C38] 0x0                (size_t) [0]
	[RSP+1C40] 0x0                (size_t) [0]
	[RSP+1C48] 0x0                (size_t) [0]
	[RSP+1C50] 0x0                (size_t) [0]
	[RSP+1C58] 0x0                (size_t) [0]
	[RSP+1C60] 0x0                (size_t) [0]
	[RSP+1C68] 0x0                (size_t) [0]

MODULES:
	XINPUT1_3.dll                                    0x000000400000
	X3DAudio1_7.dll                                  0x0000520D0000
	tbb.dll                                          0x000180000000
	tbbmalloc.dll                                    0x01A21A380000
	PayloadInterpreter.dll                           0x01A243F70000
	ShadowBoost.dll                                  0x01A24EC20000
	SkyrimSE.exe                                     0x7FF732930000
	XAudio2_7.dll                                    0x7FF847690000
	gameoverlayrenderer64.dll                        0x7FF847D10000
	YesImSure.dll                                    0x7FF847EB0000
	WhichKey-NG.dll                                  0x7FF847F40000
	Weightless.dll                                   0x7FF8480D0000
	UnlimitedFastTravel.dll                          0x7FF8481F0000
	TrueHUD.dll                                      0x7FF848260000
	TrueDirectionalMovement.dll                      0x7FF848320000
	SureOfStealing.dll                               0x7FF8483F0000
	SSEDisplayTweaks.dll                             0x7FF8484A0000
	SpellLevelAutomaticAdjustedDescription.dll       0x7FF848540000
	SoundRecordDistributor.dll                       0x7FF848610000
	SoftShadows.dll                                  0x7FF8486F0000
	SkyPatcher.dll                                   0x7FF8487A0000
	SkyReflectionFix.dll                             0x7FF8504C0000
	SkillOfSneaking.dll                              0x7FF850550000
	skee64.dll                                       0x7FF850600000
	SexLabUtil.dll                                   0x7FF850930000
	ScrambledBugs.dll                                0x7FF850A00000
	RemoveAllItemsFix.dll                            0x7FF850AA0000
	RecursionFPSFix.dll                              0x7FF850B30000
	QuickLootEE.dll                                  0x7FF850C10000
	po3_UseOrTake.dll                                0x7FF850D20000
	po3_Tweaks.dll                                   0x7FF850DD0000
	po3_SpellPerkItemDistributor.dll                 0x7FF850ED0000
	po3_SimpleOffenceSuppression.dll                 0x7FF851090000
	po3_SimpleActivateSKSE.dll                       0x7FF851130000
	po3_SaveUnbaker.dll                              0x7FF8511E0000
	po3_ReadOrTakeBooks.dll                          0x7FF851280000
	po3_PapyrusExtender.dll                          0x7FF851360000
	po3_MoonMod.dll                                  0x7FF8515E0000
	po3_MagicSneakAttacks.dll                        0x7FF851690000
	po3_KeywordItemDistributor.dll                   0x7FF851770000
	po3_EnhancedInvisibility.dll                     0x7FF851910000
	po3_ENBLightForEffectShaders.dll                 0x7FF8519C0000
	po3_DualCastingFix.dll                           0x7FF851A80000
	po3_DialogueHistory.dll                          0x7FF851B20000
	po3_CraftingRecipeDistributor.dll                0x7FF851DF0000
	po3_ConsolePlusPlus.dll                          0x7FF851EA0000
	po3_BaseObjectSwapper.dll                        0x7FF851F50000
	po3_AnimObjectSwapper.dll                        0x7FF8520A0000
	PlayerPayCrimeGoldTweak.dll                      0x7FF852150000
	PerkEntryPointExtender.dll                       0x7FF852240000
	PapyrusUtil.dll                                  0x7FF852430000
	PapyrusTweaks.dll                                0x7FF8525A0000
	PapyrusIniManipulator.dll                        0x7FF852FA0000
	PAPER.dll                                        0x7FF853090000
	PairedAnimationImprovements.dll                  0x7FF853110000
	OSLAroused.dll                                   0x7FF853180000
	OpenAnimationReplacer.dll                        0x7FF853220000
	OpenAnimationReplacer-IEDConditionExtensions.dll 0x7FF853580000
	OpenAnimationReplacer-DetectionPlugin.dll        0x7FF8536A0000
	OBody.dll                                        0x7FF853790000
	NotificationFilter.dll                           0x7FF853840000
	NoOppositeGenderAnims.dll                        0x7FF8538B0000
	NoEnchantmentRestrictionRemake.dll               0x7FF8539A0000
	NGIO-NG.dll                                      0x7FF853A50000
	NakedDeadNPCFix.dll                              0x7FF853B90000
	MuSkeletonEditor.dll                             0x7FF853C30000
	MumsTheWord.dll                                  0x7FF853D10000
	MoreInformativeConsole.dll                       0x7FF853D90000
	hdtSMP64.dll                                     0x7FF853EC0000
	steamclient64.dll                                0x7FF8546F0000
	mfgfix.dll                                       0x7FF8591F0000
	loki_DynamicAnimationCasting.dll                 0x7FF8592B0000
	MenuMaid2.dll                                    0x7FF85B4E0000
	KreatE.dll                                       0x7FF85B5F0000
	JContainers64.dll                                0x7FF866D10000
	IWantWidgetsNative.dll                           0x7FF866FF0000
	MCMHelper.dll                                    0x7FF86B050000
	LocationalEncounterZones.dll                     0x7FF86B330000
	MuJointFix.dll                                   0x7FF86C2D0000
	PassiveWeaponEnchantmentRecharging.dll           0x7FF86C530000
	kxWhereAreYou.dll                                0x7FF86C590000
	NativeEditorIDFix.dll                            0x7FF86C7B0000
	KillCapsLockNG.dll                               0x7FF86C8F0000
	k101PapyrusFunctions.dll                         0x7FF86CA70000
	ItemPropertyManipulator.dll                      0x7FF86CB70000
	InventoryInjector.dll                            0x7FF86CCC0000
	ImWalkinHere.dll                                 0x7FF86CD70000
	MaxsuCombatEscape.dll                            0x7FF8819B0000
	HelpExtender.dll                                 0x7FF881A10000
	FormListManipulator.dll                          0x7FF881AB0000
	CrashLogger.dll                                  0x7FF8823F0000
	FISS.dll                                         0x7FF884740000
	FaceGenFixes.dll                                 0x7FF88F930000
	DynDOLOD.DLL                                     0x7FF88F9A0000
	DescriptionFramework.dll                         0x7FF88FA70000
	DeviousDevices.dll                               0x7FF890B60000
	CraftingCategories.dll                           0x7FF890C30000
	ContainerItemDistributor.dll                     0x7FF890D40000
	ContainerDistributionFramework.dll               0x7FF890E00000
	CommunityShaders.dll                             0x7FF890FB0000
	EnemiesRespectEncounterZones.dll                 0x7FF8917C0000
	ConsoleUtilSSE.dll                               0x7FF891AD0000
	ComprehensiveAttackRatePatch.dll                 0x7FF8AA240000
	CombatMusicFixNG.dll                             0x7FF8AA3F0000
	CCExtender.dll                                   0x7FF8AA500000
	cbp.dll                                          0x7FF8AA5D0000
	BetterThirdPersonSelection.dll                   0x7FF8AA6F0000
	AnimationMotionRevolution.dll                    0x7FF8AA960000
	htfq_se.dll                                      0x7FF8AB820000
	HDLocalMap.dll                                   0x7FF8AC9D0000
	CaptureWarmer.dll                                0x7FF8ACA30000
	Arcane-Disenchanter-NG.dll                       0x7FF8ACC80000
	DynamicCollisionAdjustment.dll                   0x7FF8B37F0000
	BugFixesSSE.dll                                  0x7FF8B3CB0000
	Fuz Ro D'oh.dll                                  0x7FF8B91F0000
	AutoParallax.dll                                 0x7FF8E80F0000
	ActorValueExtension.dll                          0x7FF8E8210000
	D3DCOMPILER_47.dll                               0x7FF8E84A0000
	AnimationQueueFix.dll                            0x7FF8EC7D0000
	AHZmoreHUDPlugin.dll                             0x7FF8EC840000
	msdmo.dll                                        0x7FF8F2F10000
	ResampleDmo.DLL                                  0x7FF8F2F20000
	DSOUND.DLL                                       0x7FF8F2FE0000
	FixNotesForSkyUI.dll                             0x7FF90A590000
	AHZmoreHUDInventory.dll                          0x7FF90A5F0000
	AddItemMenuSE.dll                                0x7FF90A660000
	ActorLimitFix.dll                                0x7FF90A760000
	SKSEMenuFramework.dll                            0x7FF90A800000
	nvspcap64.dll                                    0x7FF921E10000
	EngineFixes.dll                                  0x7FF925F00000
	vstdlib_s64.dll                                  0x7FF926190000
	tier0_s64.dll                                    0x7FF926250000
	skse64_1_6_1170.dll                              0x7FF9263F0000
	WINHTTP.dll                                      0x7FF926520000
	encounter_zones_unlocked.dll                     0x7FF926CA0000
	CONCRT140.dll                                    0x7FF92F760000
	BarterLimitFix.dll                               0x7FF939DF0000
	uiautomationcore.dll                             0x7FF93A870000
	threadpoolwinrt.dll                              0x7FF946170000
	SkyrimUncapper.dll                               0x7FF94AFF0000
	EVLaS.dll                                        0x7FF94CAA0000
	inputhost.dll                                    0x7FF94FD30000
	VoltekLib.RelocationDatabase.dll                 0x7FF94FF40000
	Windows.UI.dll                                   0x7FF9545D0000
	diskCacheEnabler.dll                             0x7FF9547E0000
	VoltekLib.Detours.dll                            0x7FF954810000
	bink2w64.dll                                     0x7FF954890000
	webio.dll                                        0x7FF956180000
	winmmbase.dll                                    0x7FF9564A0000
	MPR.dll                                          0x7FF956650000
	VCRUNTIME140_1.dll                               0x7FF9566D0000
	VCRUNTIME140.dll                                 0x7FF9566E0000
	MSVCP140.dll                                     0x7FF956700000
	nvwgf2umx.dll                                    0x7FF957930000
	OLEACC.dll                                       0x7FF95B540000
	gdiplus.dll                                      0x7FF95B900000
	MMDevApi.dll                                     0x7FF95BDE0000
	textinputframework.dll                           0x7FF95D960000
	AUDIOSES.DLL                                     0x7FF95DCB0000
	ncryptsslp.dll                                   0x7FF95F350000
	COMCTL32.dll                                     0x7FF960050000
	NvMessageBus.dll                                 0x7FF9604D0000
	nvgpucomp64.dll                                  0x7FF960830000
	nvldumdx.dll                                     0x7FF964A20000
	MSIMG32.dll                                      0x7FF964B30000
	WINMM.dll                                        0x7FF964F90000
	MSVCP140_ATOMIC_WAIT.dll                         0x7FF965E60000
	CoreUIComponents.dll                             0x7FF967100000
	avrt.dll                                         0x7FF967730000
	directxdatabasehelper.dll                        0x7FF967880000
	dbghelp.dll                                      0x7FF967950000
	drvstore.dll                                     0x7FF967E40000
	cryptnet.dll                                     0x7FF968760000
	VERSION.dll                                      0x7FF9687A0000
	rasadhlp.dll                                     0x7FF9687B0000
	VoltekLib.MemoryManager.dll                      0x7FF968830000
	d3d11.dll                                        0x7FF969680000
	VoltekLib.UnicodeConverter.dll                   0x7FF969EE0000
	xinput1_4.dll                                    0x7FF969F60000
	DINPUT8.dll                                      0x7FF969F80000
	steam_api64.dll                                  0x7FF969FD0000
	dcomp.dll                                        0x7FF96A090000
	CoreMessaging.dll                                0x7FF96A840000
	SMP-NPC crash fix.dll                            0x7FF96ABD0000
	d3dx9_42.dll                                     0x7FF96ABE0000
	fwpuclnt.dll                                     0x7FF96AF60000
	WINHTTP.DLL                                      0x7FF96BA90000
	windowscodecs.dll                                0x7FF96CDD0000
	UxTheme.dll                                      0x7FF96CFC0000
	dxgi.dll                                         0x7FF96D130000
	dwmapi.dll                                       0x7FF96D240000
	WINNSI.DLL                                       0x7FF96D270000
	dxcore.dll                                       0x7FF96D2D0000
	resourcepolicyclient.dll                         0x7FF96D660000
	wintypes.dll                                     0x7FF96DA50000
	windows.storage.dll                              0x7FF96DB90000
	HID.DLL                                          0x7FF96E490000
	IPHLPAPI.DLL                                     0x7FF96E7A0000
	DNSAPI.dll                                       0x7FF96E7D0000
	UMPDC.dll                                        0x7FF96EAB0000
	powrprof.dll                                     0x7FF96EAD0000
	Secur32.dll                                      0x7FF96EB40000
	schannel.DLL                                     0x7FF96EBC0000
	rsaenh.dll                                       0x7FF96ECC0000
	kernel.appcore.dll                               0x7FF96ED60000
	ntmarta.dll                                      0x7FF96ED80000
	SSPICLI.DLL                                      0x7FF96EFC0000
	MSWSOCK.dll                                      0x7FF96F1C0000
	wldp.dll                                         0x7FF96F440000
	CRYPTBASE.DLL                                    0x7FF96F4F0000
	CRYPTSP.dll                                      0x7FF96F510000
	msasn1.dll                                       0x7FF96F560000
	NTASN1.dll                                       0x7FF96F5F0000
	ncrypt.dll                                       0x7FF96F630000
	devobj.dll                                       0x7FF96F950000
	CFGMGR32.dll                                     0x7FF96F980000
	DPAPI.DLL                                        0x7FF96F9D0000
	profapi.dll                                      0x7FF96FBB0000
	msvcp_win.dll                                    0x7FF96FC80000
	ucrtbase.dll                                     0x7FF96FD20000
	gdi32full.dll                                    0x7FF96FE40000
	bcrypt.dll                                       0x7FF96FF60000
	KERNELBASE.dll                                   0x7FF96FF90000
	win32u.dll                                       0x7FF970340000
	bcryptPrimitives.dll                             0x7FF970370000
	CRYPT32.dll                                      0x7FF9703F0000
	wintrust.dll                                     0x7FF970560000
	shcore.dll                                       0x7FF970690000
	OLEAUT32.dll                                     0x7FF970790000
	imagehlp.dll                                     0x7FF970870000
	COMDLG32.dll                                     0x7FF9708B0000
	GDI32.dll                                        0x7FF970A10000
	SHLWAPI.dll                                      0x7FF970AC0000
	SETUPAPI.dll                                     0x7FF970B20000
	IMM32.DLL                                        0x7FF970FA0000
	sechost.dll                                      0x7FF970FE0000
	KERNEL32.DLL                                     0x7FF971090000
	SHELL32.dll                                      0x7FF971160000
	combase.dll                                      0x7FF971A20000
	NSI.dll                                          0x7FF971DB0000
	PSAPI.DLL                                        0x7FF971E50000
	clbcatq.dll                                      0x7FF971E60000
	USER32.dll                                       0x7FF971F10000
	msvcrt.dll                                       0x7FF9720C0000
	ole32.dll                                        0x7FF972330000
	RPCRT4.dll                                       0x7FF9724E0000
	ADVAPI32.dll                                     0x7FF972610000
	WS2_32.dll                                       0x7FF9726D0000
	MSCTF.dll                                        0x7FF9727B0000
	ntdll.dll                                        0x7FF972950000

SKSE PLUGINS:
	ActorLimitFix.dll
	ActorValueExtension.dll v1.9.5.6
	AddItemMenuSE.dll
	AHZmoreHUDInventory.dll v2.1.3
	AHZmoreHUDPlugin.dll v5.2.2
	AnimationMotionRevolution.dll
	AnimationQueueFix.dll v1.0.1
	Arcane-Disenchanter-NG.dll v1.1
	AutoParallax.dll v1.0.7
	BarterLimitFix.dll
	BetterThirdPersonSelection.dll v1
	BugFixesSSE.dll
	CaptureWarmer.dll v1.2
	cbp.dll
	CCExtender.dll v1.12.0.1
	CombatMusicFixNG.dll v1.1
	CommunityShaders.dll v0.8.7
	ComprehensiveAttackRatePatch.dll v1.1.2.8
	ConsoleUtilSSE.dll v1.5.1
	ContainerDistributionFramework.dll v1.6
	ContainerItemDistributor.dll v1.2
	CraftingCategories.dll v1.1.1
	CrashLogger.dll v1.14.1
	DescriptionFramework.dll v2.1.1
	DeviousDevices.dll v0.0.0.1
	diskCacheEnabler.dll
	DynamicCollisionAdjustment.dll v1.1
	DynDOLOD.DLL v3.0.30.1130
	encounter_zones_unlocked.dll
	EnemiesRespectEncounterZones.dll v1.4.2
	EngineFixes.dll v6.1.1
	EVLaS.dll v1.3.1
	FaceGenFixes.dll v1.0.3
	FISS.dll
	FixNotesForSkyUI.dll v1.2.6
	FormListManipulator.dll v1.7
	Fuz Ro D'oh.dll v2.5.8.123
	HDLocalMap.dll v1.0.2
	hdtSMP64.dll
	HelpExtender.dll v1.3.0.1
	htfq_se.dll v2
	ImWalkinHere.dll v1.7
	InventoryInjector.dll v1.1
	ItemPropertyManipulator.dll v0.5.1
	IWantWidgetsNative.dll
	JContainers64.dll v4.2.9
	k101PapyrusFunctions.dll v1
	KillCapsLockNG.dll v1
	KreatE.dll v1.2.2
	kxWhereAreYou.dll
	LocationalEncounterZones.dll v1.0.2
	loki_DynamicAnimationCasting.dll v3.2.3
	MaxsuCombatEscape.dll v1
	MCMHelper.dll v1.5
	MenuMaid2.dll v2.2.2
	mfgfix.dll v0.1
	MoreInformativeConsole.dll v1.1
	MuJointFix.dll v2.0.17
	MumsTheWord.dll v2.1
	MuSkeletonEditor.dll v0.6
	NakedDeadNPCFix.dll v1.0.8
	NativeEditorIDFix.dll v1.2.2
	NGIO-NG.dll v1.0.16.1
	NoEnchantmentRestrictionRemake.dll v3.0.1
	NoOppositeGenderAnims.dll v1.1
	NotificationFilter.dll v1.2.1
	OBody.dll v1
	OpenAnimationReplacer-DetectionPlugin.dll v2.1.1
	OpenAnimationReplacer-IEDConditionExtensions.dll v1.0.2
	OpenAnimationReplacer.dll v2.3.5
	OSLAroused.dll v2.5
	PairedAnimationImprovements.dll v1.0.2
	PAPER.dll v2.2.4
	PapyrusIniManipulator.dll v1.9.6
	PapyrusTweaks.dll v4.1
	PapyrusUtil.dll
	PassiveWeaponEnchantmentRecharging.dll v1
	PayloadInterpreter.dll v1
	PerkEntryPointExtender.dll v1
	PlayerPayCrimeGoldTweak.dll v1.0.6
	po3_AnimObjectSwapper.dll v1.1.0.1
	po3_BaseObjectSwapper.dll v3.1.1.1
	po3_ConsolePlusPlus.dll v1.4.1.1
	po3_CraftingRecipeDistributor.dll v2.1.0.1
	po3_DialogueHistory.dll v1.1.2.1
	po3_DualCastingFix.dll v1.0.0.1
	po3_ENBLightForEffectShaders.dll v2.1.0.1
	po3_EnhancedInvisibility.dll v1.3.0.1
	po3_KeywordItemDistributor.dll v3.4.0.1
	po3_MagicSneakAttacks.dll v1.3.0.1
	po3_MoonMod.dll v2.0.2.1
	po3_PapyrusExtender.dll v5.6.2.1
	po3_ReadOrTakeBooks.dll v1.4.0.1
	po3_SaveUnbaker.dll v1.0.3.1
	po3_SimpleActivateSKSE.dll v1.4.1.1
	po3_SimpleOffenceSuppression.dll v2.2.1.1
	po3_SpellPerkItemDistributor.dll v7.1.3.1
	po3_Tweaks.dll v1.10.1.1
	po3_UseOrTake.dll v1.2.0.1
	QuickLootEE.dll v1.2
	RecursionFPSFix.dll v1.1
	RemoveAllItemsFix.dll v1.1
	ScrambledBugs.dll
	SexLabUtil.dll
	ShadowBoost.dll
	skee64.dll
	SkillOfSneaking.dll v1.1.1
	SKSEMenuFramework.dll v2
	SkyPatcher.dll v1.0.0.1
	SkyReflectionFix.dll v1.0.1
	SkyrimUncapper.dll
	SMP-NPC crash fix.dll
	SoftShadows.dll v2
	SoundRecordDistributor.dll v1.5
	SpellLevelAutomaticAdjustedDescription.dll v0.7.5
	SSEDisplayTweaks.dll v0.5.16
	SureOfStealing.dll v1.1.4
	TrueDirectionalMovement.dll v2.2.5
	TrueHUD.dll v1.1.9
	UnlimitedFastTravel.dll v1.4.1
	Weightless.dll v1
	WhichKey-NG.dll v1.1
	YesImSure.dll v1.7

PLUGINS:
	Light: 170	Regular: 155	Total: 325
	[ 0]     Skyrim.esm
	[ 1]     Update.esm
	[ 2]     Dawnguard.esm
	[ 3]     HearthFires.esm
	[ 4]     Dragonborn.esm
	[ 5]     ccasvsse001-almsivi.esm
	[ 6]     ccBGSSSE001-Fish.esm
	[ 7]     cctwbsse001-puzzledungeon.esm
	[ 8]     cceejsse001-hstead.esm
	[ 9]     ccbgssse016-umbra.esm
	[ A]     ccbgssse031-advcyrus.esm
	[ B]     ccbgssse067-daedinv.esm
	[ C]     ccBGSSSE025-AdvDSGS.esm
	[ D]     cceejsse005-cave.esm
	[ E]     ccafdsse001-dwesanctuary.esm
	[ F]     Unofficial Skyrim Special Edition Patch.esp
	[10]     Unofficial Skyrim Modders Patch.esp
	[11]     Immersive Wenches.esp
	[12]     Skyrim Extended Cut - Saints and Seducers.esp
	[13]     YurianaWench.esp
	[14]     Water for ENB.esm
	[15]     SGEyebrows.esp
	[16]     myrwatchhomefixer.esp
	[17]     ZaZAnimationPack.esm
	[18]     AyleidCitadel.esp
	[19]     paradise_halls.esm
	[1A]     SexLab.esm
	[1B]     Devious Devices - Assets.esm
	[1C]     SexLabAroused.esm
	[1D]     Devious Devices - Integration.esm
	[1E]     Devious Devices - Expansion.esm
	[1F]     Devious Devices - Contraptions.esm
	[20]     ArmorFrameWork.esm
	[21]     SOSVoices.esm
	[22]     Lux Via.esp
	[23]     wraithguardvaultfixer.esp
	[24]     FISS.esp
	[25]     High Poly Head.esm
	[26]     ApachiiHair.esm
	[27]     Heels Sound.esm
	[28]     Audio Overhaul Skyrim.esp
	[29]     Immersive Sounds - Compendium.esp
	[2A]     Obsidian Weathers.esp
	[2B]     TrueStormsSE.esp
	[2C]     SMIM-SE-Merged-All.esp
	[2D]     DLCIntegration.esp
	[2E]     UIExtensions.esp
	[2F]     AddItemMenuSE.esp
	[30]     Weapons Armor Clothing & Clutter Fixes.esp
	[31]     Relationship Dialogue Overhaul.esp
	[32]     Castle Volkihar Rebuilt.esp
	[33]     CollegeOfWinterholdImmersive.esp
	[34]     OCW_Obscure's_CollegeofWinterhold.esp
	[35]     Landscape Fixes For Grass Mods.esp
	[36]     paradise_halls_SLExtension.esp
	[37]     MysticismMagic.esp
	[38]     HappyLittleTrees.esp
	[39]     Bandit War.esp
	[3A]     SeranaDialogAddon.esp
	[3B]     WACCF_Armor and Clothing Extension.esp
	[3C]     Mists of Tamriel.esp
	[3D]     HearthfireMultiKid.esp
	[3E]     Embers XD.esp
	[3F]     FilthyHeritage.esp
	[40]     Better Vampire NPCs.esp
	[41]     Wheres Your Smelter.esp
	[42]     CFTO.esp
	[43]     Lit Road Signs.esp
	[44]     FloatingSwordFollower.esp
	[45]     Lonewolf's Manor.esp
	[46]     DragonsKeep.esp
	[47]     PAH_HomeSweetHome.esp
	[48]     PAH_AndYouGetASlave.esp
	[49]     SkystoneCastle.esp
	[4A]     KnightsRest.esp
	[4B]     Stormwatch.esp
	[4C]     ShadeHall.esp
	[4D]     AyleidSanctuary.esp
	[4E]     The Amazing World of Bikini Armors REMASTERED.esp
	[4F]     SkyfallEstateRevampedMain.esp
	[50]     k101Daegon.esp
	[51]     MorthalHome.esp
	[52]     Sapphire Castle.esp
	[53]     Monolith.esp
	[54]     Lonewolf's Manor Addon.esp
	[55]     ThaneFailSafe.esp
	[56]     paradise_halls_fellglow_slave_camp.esp
	[57]     WhiterunSafehold.esp
	[58]     DiaryOfMine.esp
	[59]     Summermyst - Enchantments of Skyrim.esp
	[5A]     Adamant.esp
	[5B]     TES Arena Bikini.esp
	[5C]     My Home Is Your Home.esp
	[5D]     pahe_lakeview_manor_cell.esp
	[5E]     Apocalypse - Magic of Skyrim.esp
	[5F]     Emfy Cleric Robes.esp
	[60]     ENB Light.esp
	[61]     Cathedral - 3D Pine Grass.esp
	[62]     DoMHSH.esp
	[63]     Pahe_Dwarven_Devious_suits.esp
	[64]     TINUHighPolyOverhaul.esp
	[65]     DGPlayerIsVampire.esp
	[66]     Teach Followers Spells.esp
	[67]     ShowRaceMenuAlternative.esp
	[68]     Resurrect.esp
	[69]     Quest Conflict Fixes.esp
	[6A]     Mining For Mages Redux.esp
	[6B]     AllEnchantmentsUnlocked.esp
	[6C]     Crimson Blood Armor.esp
	[6D]     FixVampireLord - Revert Form.esp
	[6E]     Dress Up Lovers.esp
	[6F]     Faction Crossbows.esp
	[70]     NewmCBBELO1.esp
	[71]     Fashions of the Banditry.esp
	[72]     Daily-Wear.esp
	[73]     BDE_Armor.esp
	[74]     Spartan Bard Outfit.esp
	[75]     DX Witcher Armor.esp
	[76]     DX Witch Hunter Armor.esp
	[77]     WildHuntress.esp
	[78]     Tembtra Thief Armor.esp
	[79]     Stella Mithril Armor.esp
	[7A]     Sotteta Necromancer Outfit.esp
	[7B]     DX Morenn Outfit.esp
	[7C]     Merta Black Rose Armor.esp
	[7D]     Merta Assassin Armor.esp
	[7E]     Gwelda Witch.esp
	[7F]     Gwelda Vampire.esp
	[80]     Gwelda Dawnguard Armor.esp
	[81]     Demon Armor.esp
	[82]     DX Daughter of the Sea.esp
	[83]     Daedric Reaper Armor.esp
	[84]     DX Christmas Bunny Outfit.esp
	[85]     Celes Tarot Outfit Light UNP.esp
	[86]     Celes Rogue Armor UNP.esp
	[87]     Celes Nightingale Armor.esp
	[88]     Cassandra Apocrypha UNP.esp
	[89]     AncientDraugr.esp
	[8A]     Cassandra Frost Witch.esp
	[8B]     DX Druid Armor.esp
	[8C]     KS Hairdo's.esp
	[8D]     AHZmoreHUD.esp
	[8E]     XPMSE.esp
	[8F]     SLAL_AnimationsByLeito.esp
	[90]     SLAnimLoader.esp
	[91]     SLALAnimObjBillyy.esp
	[92]     Better Vampires.esp
	[93]     Better Vampire Lords.esp
	[94]     Alternate Start - Live Another Life.esp
	[95]     Pahe_AltStartLAL.esp
	[96]     nwsFollowerFramework.esp
	[97]     Water for ENB (Shades of Skyrim).esp
	[98]     Lux.esp
	[99]     Summermyst - WACCF Patch.esp
	[9A]     Buxom Tweaks.esp
	[FE:  0] ccbgssse002-exoticarrows.esl
	[FE:  1] ccbgssse003-zombies.esl
	[FE:  2] ccbgssse004-ruinsedge.esl
	[FE:  3] ccbgssse005-goldbrand.esl
	[FE:  4] ccbgssse006-stendarshammer.esl
	[FE:  5] ccbgssse007-chrysamere.esl
	[FE:  6] ccbgssse010-petdwarvenarmoredmudcrab.esl
	[FE:  7] ccbgssse011-hrsarmrelvn.esl
	[FE:  8] ccbgssse012-hrsarmrstl.esl
	[FE:  9] ccbgssse014-spellpack01.esl
	[FE:  A] ccbgssse019-staffofsheogorath.esl
	[FE:  B] ccbgssse020-graycowl.esl
	[FE:  C] ccbgssse021-lordsmail.esl
	[FE:  D] ccmtysse001-knightsofthenine.esl
	[FE:  E] ccQDRSSE001-SurvivalMode.esl
	[FE:  F] ccqdrsse002-firewood.esl
	[FE: 10] ccbgssse018-shadowrend.esl
	[FE: 11] ccbgssse035-petnhound.esl
	[FE: 12] ccfsvsse001-backpacks.esl
	[FE: 13] cceejsse002-tower.esl
	[FE: 14] ccedhsse001-norjewel.esl
	[FE: 15] ccvsvsse002-pets.esl
	[FE: 16] ccBGSSSE037-Curios.esl
	[FE: 17] ccbgssse034-mntuni.esl
	[FE: 18] ccbgssse045-hasedoki.esl
	[FE: 19] ccbgssse008-wraithguard.esl
	[FE: 1A] ccbgssse036-petbwolf.esl
	[FE: 1B] ccffbsse001-imperialdragon.esl
	[FE: 1C] ccmtysse002-ve.esl
	[FE: 1D] ccbgssse043-crosselv.esl
	[FE: 1E] ccvsvsse001-winter.esl
	[FE: 1F] cceejsse003-hollow.esl
	[FE: 20] ccbgssse038-bowofshadows.esl
	[FE: 21] ccbgssse040-advobgobs.esl
	[FE: 22] ccbgssse050-ba_daedric.esl
	[FE: 23] ccbgssse052-ba_iron.esl
	[FE: 24] ccbgssse054-ba_orcish.esl
	[FE: 25] ccbgssse058-ba_steel.esl
	[FE: 26] ccbgssse059-ba_dragonplate.esl
	[FE: 27] ccbgssse061-ba_dwarven.esl
	[FE: 28] ccpewsse002-armsofchaos.esl
	[FE: 29] ccbgssse041-netchleather.esl
	[FE: 2A] ccedhsse002-splkntset.esl
	[FE: 2B] ccbgssse064-ba_elven.esl
	[FE: 2C] ccbgssse063-ba_ebony.esl
	[FE: 2D] ccbgssse062-ba_dwarvenmail.esl
	[FE: 2E] ccbgssse060-ba_dragonscale.esl
	[FE: 2F] ccbgssse056-ba_silver.esl
	[FE: 30] ccbgssse055-ba_orcishscaled.esl
	[FE: 31] ccbgssse053-ba_leather.esl
	[FE: 32] ccbgssse051-ba_daedricmail.esl
	[FE: 33] ccbgssse057-ba_stalhrim.esl
	[FE: 34] ccbgssse066-staves.esl
	[FE: 35] ccbgssse068-bloodfall.esl
	[FE: 36] ccbgssse069-contest.esl
	[FE: 37] ccvsvsse003-necroarts.esl
	[FE: 38] ccvsvsse004-beafarmer.esl
	[FE: 39] ccffbsse002-crossbowpack.esl
	[FE: 3A] ccbgssse013-dawnfang.esl
	[FE: 3B] ccrmssse001-necrohouse.esl
	[FE: 3C] ccedhsse003-redguard.esl
	[FE: 3D] cceejsse004-hall.esl
	[FE: 3E] cckrtsse001_altar.esl
	[FE: 3F] cccbhsse001-gaunt.esl
	[FE: 40] _ResourcePack.esl
	[FE: 41] unofficial skyrim creation club content patch.esl
	[FE: 42] Landscape and Water Fixes.esp
	[FE: 43] IcyFixesLite.esl
	[FE: 44] Lux - Master plugin.esm
	[FE: 45] IceLOD.esl
	[FE: 46] Partitioned snow Meshes.esl
	[FE: 47] ProjectedGlacierSnow.esl
	[FE: 48] WindhelmIcicles.esl
	[FE: 49] Lux Orbis - Master plugin.esm
	[FE: 4A] Cathedral - 3D Mountain Flowers.esp
	[FE: 4B] Pahe_Dragonborn_fixes.esl
	[FE: 4C] paradise_halls_farengars_study.esl
	[FE: 4D] Darenis Spells - Merchants.esp
	[FE: 4E] BlockAnimationStuckFix.esl
	[FE: 4F] Shino Maid Pack.esl
	[FE: 50] AHZmoreHUDInventory.esl
	[FE: 51] OCF.esp
	[FE: 52] Tamrielic Distribution.esp
	[FE: 53] Lux - Resources.esp
	[FE: 54] Arcane Disenchanter - Text Replacement.esl
	[FE: 55] SkyUI Weapons Pack Keywords.esl
	[FE: 56] kcf.esm
	[FE: 57] iWant Widgets.esl
	[FE: 58] DynamicCollisionAdjustment.esl
	[FE: 59] Expressive Facegen Morphs.esl
	[FE: 5A] TrueHUD.esl
	[FE: 5B] ATU 2x.esp
	[FE: 5C] ATU 2x0.esp
	[FE: 5D] ATU 2x1.esp
	[FE: 5E] ATU 2x2.esp
	[FE: 5F] ATU 2x3.esp
	[FE: 60] ATU 2x4.esp
	[FE: 61] FNIS.esp
	[FE: 62] Particle Patch for ENB.esp
	[FE: 63] SkyUI_SE.esp
	[FE: 64] AOS_ISC_Integration.esp
	[FE: 65] [NINI] Blacksmith.esp
	[FE: 66] Buxom Wench Outfits.esp
	[FE: 67] Lux Orbis.esp
	[FE: 68] UltimateCollege.esp
	[FE: 69] RDO Updated.esp
	[FE: 6A] Navigator-NavFixes.esp
	[FE: 6B] Lux Via - plugin.esp
	[FE: 6C] Landscape and Water Fixes - Patch - LFfGM.esp
	[FE: 6D] Bandit War - Expanded Enemy Coverage.esp
	[FE: 6E] Lux Orbis - OCW patch.esp
	[FE: 6F] Favor Quests Seperated.esp
	[FE: 70] BetterQuestObjectives.esp
	[FE: 71] Misc Dialogue Edits.esp
	[FE: 72] Narrative Gameplay Consistent Dialogue Tweaks.esp
	[FE: 73] Windhelm Bridge Revived.esp
	[FE: 74] Tamrielic Distribution - Dead Man's Dread.esp
	[FE: 75] Kachunk - Crossbow Distribution.esp
	[FE: 76] CrossbowIntegration.esp
	[FE: 77] Lux Orbis - Windhelm Bridge Revived patch.esp
	[FE: 78] CS_Visions.esp
	[FE: 79] CS_Visions_N1.esp
	[FE: 7A] TKAA.esp
	[FE: 7B] Tamrielic Distribution - Vigil Enforcer Armor.esp
	[FE: 7C] Tamrielic Distribution - Crossbow Collection.esp
	[FE: 7D] Grass Patch - All CC Mods.esp
	[FE: 7E] TKAA Wild Child.esp
	[FE: 7F] Honorhall Fixes and Expansion.esp
	[FE: 80] BookOfPerkPoints.esp
	[FE: 81] Landscape and Water Fixes - Patch - Tundra Homested.esp
	[FE: 82] Regional Sounds Expansion.esp
	[FE: 83] Reverb Interior Sounds Expansion.esp
	[FE: 84] AcousticTemplateFixes.esp
	[FE: 85] Landscape and Water Fixes - Patch - Farming.esp
	[FE: 86] ECSS - Staff of Sheogorath Patch.esp
	[FE: 87] ECSS - Shadowrend Patch.esp
	[FE: 88] PaarthurnaxQuestExpansion.esp
	[FE: 89] Lux Orbis - Saints and Seducers Extended Cut patch.esp
	[FE: 8A] Lux Orbis - CC Fish patch.esp
	[FE: 8B] Lux Orbis - Tundra Homestead patch.esp
	[FE: 8C] Lux Orbis - USSEP patch.esp
	[FE: 8D] Lux Orbis - UCOW patch.esp
	[FE: 8E] Lux Orbis - Farming CC patch.esp
	[FE: 8F] Lux Orbis - Embers XD patch.esp
	[FE: 90] CFTO-Lanterns.esp
	[FE: 91] Lux Via - CFTO patch.esp
	[FE: 92] Abyss.esp
	[FE: 93] CFTO-CoveredCarriages.esp
	[FE: 94] Lux Orbis - Arms of Chaos CC.esp
	[FE: 95] Lux Orbis - USMP Patch.esp
	[FE: 96] Lux Orbis - Immersive College patch.esp
	[FE: 97] UltimateCollege_CCWildHorses_Patch.esp
	[FE: 98] Landscape and Water Fixes - Patch - Alternative Armors - Elven Hunter.esp
	[FE: 99] Lux Orbis - Bow of Shadow CC.esp
	[FE: 9A] Lux Orbis - Lord's Mail CC.esp
	[FE: 9B] Lux Orbis - Saturalia CC.esp
	[FE: 9C] Lux Orbis - Spell Knight Armor CC.esp
	[FE: 9D] FilthyHeritage - DOM Addon.esp
	[FE: 9E] SightlessNavFix.esp
	[FE: 9F] [Sahurows] Casca Armor.esp
	[FE: A0] CS_Fiarrah.esp
	[FE: A1] Landscape and Water Fixes - Patch - Hendraheim.esp
	[FE: A2] Wandering Summoner Outfit.esp
	[FE: A3] Lux Via - CC Farming Patch.esp
	[FE: A4] Lux Orbis - Goblins CC.esp
	[FE: A5] I4WeaponIconsOverhaul.esp
	[FE: A6] I4ArmorIconsOverhaul.esp
	[FE: A7] Lorica Redone.esp
	[FE: A8] BnP - Skinfix.esp
	[FE: A9] nchardak waterfall fix.esp
