Skyrim SSE v1.6.1170
CrashLoggerSSE v1-15-0-0 Oct 12 2024 11:33:37

Unhandled exception "EXCEPTION_ACCESS_VIOLATION" at 0x7FF73B50840D SkyrimSE.exe+10E840D	mov rcx, [rdx+0x08]
Exception Flags: 0x00000000
Number of Parameters: 2
Access Violation: Tried to read memory at 0x000000000008

SYSTEM SPECS:
	OS: Microsoft Windows 11 Pro v10.0.26100
	CPU: AuthenticAMD AMD Ryzen 7 7800X3D 8-Core Processor           
	GPU #1: Nvidia AD104 [GeForce RTX 4070]
	GPU #2: AMD Raphael
	GPU #3: Microsoft Basic Render Driver
	PHYSICAL MEMORY: 23.70 GB/63.10 GB
	GPU MEMORY: 3.92/10.98 GB
	Detected Virtual Machine: Microsoft Hyper-V (100%)

PROBABLE CALL STACK:
	[ 0] 0x7FF73B50840D                   SkyrimSE.exe+10E840D -> 87792+0x23D	mov rcx, [rdx+0x08]
	[ 1] 0x7FF73B581AE6                   SkyrimSE.exe+1161AE6 -> 89682+0x26	mov rdi, rax
	[ 2] 0x7FF73B50A221                   SkyrimSE.exe+10EA221 -> 87834+0x161	test rax, rax
	[ 3] 0x7FF73B528B49                   SkyrimSE.exe+1108B49 -> 88328+0x59	and esi, 0xFFFFFFF
	[ 4] 0x7FF73B53B779                   SkyrimSE.exe+111B779 -> 88579+0x229	inc [rbx+0x10]
	[ 5] 0x7FF73B53D5C1                   SkyrimSE.exe+111D5C1 -> 88583+0x1321	mov rcx, [r13+0x6B0]
	[ 6] 0x7FF73B53DBF1                   SkyrimSE.exe+111DBF1 -> 88584+0x5D1	mov eax, [rbp+0xA88]
	[ 7] 0x7FF73B53FE07                   SkyrimSE.exe+111FE07 -> 88615+0x17	and byte ptr [rbx+0x1C8], 0xFC
	[ 8] 0x7FF73B490949                   SkyrimSE.exe+1070949 -> 85708+0x39	movss xmm1, dword ptr [rdi]
	[ 9] 0x7FF73B48E087                   SkyrimSE.exe+106E087 -> 85669+0x177	test al, al
	[10] 0x7FF73B4412E2                   SkyrimSE.exe+10212E2 -> 84227+0x382	mov rdi, rax
	[11] 0x7FF73B4412E2                   SkyrimSE.exe+10212E2 -> 84227+0x382	mov rdi, rax
	[12] 0x7FF73B4412E2                   SkyrimSE.exe+10212E2 -> 84227+0x382	mov rdi, rax
	[13] 0x7FF73B427B3A                   SkyrimSE.exe+1007B3A -> 83862+0x16A	test rax, rax
	[14] 0x7FF73B42C691                   SkyrimSE.exe+100C691 -> 83913+0x2B1	mov rsi, rax
	[15] 0x7FF73B422F0F                   SkyrimSE.exe+1002F0F -> 83766+0x67F	
	[16] 0x7FF73B3CEE23                   SkyrimSE.exe+0FAEE23 -> 82307+0x73	nop
	[17] 0x7FF73B3C4E57                   SkyrimSE.exe+0FA4E57 -> 82083+0x1C7	add rbx, 0x08
	[18] 0x7FF73AA66995                   SkyrimSE.exe+0646995 -> 36564+0xAF5	call 0x00007FF73AD9B2E0
	[19] 0x7FFC730F45E9                   hdtSMP64.dll+00C45E9	cmp byte ptr [rbx+0x10], 0x00 |  C:\Games\Faster HDT-SMP\skse64_2_02_06\src\skse64\hdtSMP64\Hooks.cpp:314 hdt::UnkEngine::onFrame (mangled: ?onFrame@UnkEngine@hdt@@QEAAXXZ)
	[20] 0x7FFC79CBB7B3 BetterThirdPersonSelection.dll+007B7B3
	[21] 0x7FF73AA5EAD5                   SkyrimSE.exe+063EAD5 -> 36544+0x165	test bl, bl
	[22] 0x7FF73B95BB8E                   SkyrimSE.exe+153BB8E -> 109636+0x106	mov ebx, eax
	[23] 0x7FFDA924E8D7                   KERNEL32.DLL+002E8D7
	[24] 0x7FFDAA73FBCC                      ntdll.dll+00DFBCC

REGISTERS:
	RAX 0x250CDEBCBB0      (void*)
	RCX 0x0                (size_t) [0]
	RDX 0x0                (size_t) [0]
	RBX 0xFF000000000000   (size_t) [71776119061217280]
	RSP 0xBDD16FDF50       (void*)
	RBP 0x250CDEBC9E0      (void*)
	RSI 0xFFFF00000000     (size_t) [281470681743360]
	RDI 0x250CDEBC9F0      (void*)
	R8  0x38               (size_t) [56]
	R9  0x2D               (size_t) [45]
	R10 0x7FF73BE56970     (void* -> SkyrimSE.exe+1A36970	or [rax], al)
	R11 0xFF00000000       (size_t) [1095216660480]
	R12 0x2                (size_t) [2]
	R13 0x250CDEBC9F0      (void*)
	R14 0x250CE6A97C8      (void*)
	R15 0x37               (size_t) [55]

STACK:
	[RSP+0   ] 0x0                (size_t) [0]
	[RSP+8   ] 0x0                (size_t) [0]
	[RSP+10  ] 0x25000000000      (void*)
	[RSP+18  ] 0x0                (size_t) [0]
	[RSP+20  ] 0x2D0              (size_t) [720]
	[RSP+28  ] 0x7FF73B581AE6     (void* -> SkyrimSE.exe+1161AE6	mov rdi, rax)
	[RSP+30  ] 0x250CDEBC9B8      (void*)
	[RSP+38  ] 0x2D0              (size_t) [720]
	[RSP+40  ] 0x0                (size_t) [0]
	[RSP+48  ] 0x0                (size_t) [0]
	[RSP+50  ] 0x0                (size_t) [0]
	[RSP+58  ] 0x28               (size_t) [40]
	[RSP+60  ] 0x2D0              (size_t) [720]
	[RSP+68  ] 0x2D0              (size_t) [720]
	[RSP+70  ] 0x54               (size_t) [84]
	[RSP+78  ] 0x7FF73B50A221     (void* -> SkyrimSE.exe+10EA221	test rax, rax)
	[RSP+80  ] 0x0                (size_t) [0]
	[RSP+88  ] 0xFFFFFFFFFFFFFFFF (size_t) [uint: 18446744073709551615 int: -1]
	[RSP+90  ] 0xBDD16FE028       (void*)
	[RSP+98  ] 0x0                (size_t) [0]
	[RSP+A0  ] 0x0                (size_t) [0]
	[RSP+A8  ] 0x0                (size_t) [0]
	[RSP+B0  ] 0x54               (size_t) [84]
	[RSP+B8  ] 0x2D0              (size_t) [720]
	[RSP+C0  ] 0x54               (size_t) [84]
	[RSP+C8  ] 0x7FF73B528B49     (void* -> SkyrimSE.exe+1108B49	and esi, 0xFFFFFFF)
	[RSP+D0  ] 0x0                (size_t) [0]
	[RSP+D8  ] 0x2D0              (size_t) [720]
	[RSP+E0  ] 0x0                (size_t) [0]
	[RSP+E8  ] 0x0                (size_t) [0]
	[RSP+F0  ] 0x166              (size_t) [358]
	[RSP+F8  ] 0x0                (size_t) [0]
	[RSP+100 ] 0x54               (size_t) [84]
	[RSP+108 ] 0x7FF73B53B779     (void* -> SkyrimSE.exe+111B779	inc [rbx+0x10])
	[RSP+110 ] 0xBDD16FE398       (void*)
	[RSP+118 ] 0xFFFFFFFF         (size_t) [4294967295]
	[RSP+120 ] 0xBDD16FE3D0       (void*)
	[RSP+128 ] 0x0                (size_t) [0]
	[RSP+130 ] 0xFFFFFFFF00000000 (size_t) [uint: 18446744069414584320 int: -4294967296]
	[RSP+138 ] 0x0                (size_t) [0]
	[RSP+140 ] 0x0                (size_t) [0]
	[RSP+148 ] 0x250CE6A9780      (void*)
	[RSP+150 ] 0x250D18FDBE0      (void*)
	[RSP+158 ] 0x0                (size_t) [0]
	[RSP+160 ] 0x0                (size_t) [0]
	[RSP+168 ] 0x0                (size_t) [0]
	[RSP+170 ] 0x0                (size_t) [0]
	[RSP+178 ] 0x0                (size_t) [0]
	[RSP+180 ] 0x0                (size_t) [0]
	[RSP+188 ] 0x250D18FDC00      (void*)
	[RSP+190 ] 0x250D18FDC00      (void*)
	[RSP+198 ] 0x0                (size_t) [0]
	[RSP+1A0 ] 0x250D18D8BE0      (void*)
	[RSP+1A8 ] 0x7FF73B53A0D4     (void* -> SkyrimSE.exe+111A0D4	movzx eax, word ptr [rax+0x10])
	[RSP+1B0 ] 0xBDD16FE3F0       (void*)
	[RSP+1B8 ] 0x0                (size_t) [0]
	[RSP+1C0 ] 0x0                (size_t) [0]
	[RSP+1C8 ] 0x0                (size_t) [0]
	[RSP+1D0 ] 0x0                (size_t) [0]
	[RSP+1D8 ] 0x0                (size_t) [0]
	[RSP+1E0 ] 0x3CDA740F         (size_t) [1020949519]
	[RSP+1E8 ] 0x0                (size_t) [0]
	[RSP+1F0 ] 0x447A0000         (size_t) [1148846080]
	[RSP+1F8 ] 0x0                (size_t) [0]
	[RSP+200 ] 0x0                (size_t) [0]
	[RSP+208 ] 0x0                (size_t) [0]
	[RSP+210 ] 0xBDD16FE3D0       (void*)
	[RSP+218 ] 0x10E              (size_t) [270]
	[RSP+220 ] 0x37               (size_t) [55]
	[RSP+228 ] 0x7FF73B53D5C1     (void* -> SkyrimSE.exe+111D5C1	mov rcx, [r13+0x6B0])
	[RSP+230 ] 0xBDD16FE280       (void*)
	[RSP+238 ] 0x250CE6A9780      (void*)
	[RSP+240 ] 0x37               (size_t) [55]
	[RSP+248 ] 0x0                (size_t) [0]
	[RSP+250 ] 0x1                (size_t) [1]
	[RSP+258 ] 0x0                (size_t) [0]
	[RSP+260 ] 0x0                (size_t) [0]
	[RSP+268 ] 0x7FFD86761E1C     (void* -> nvwgf2umx.dll+0591E1C	mov rbx, [rsp+0x168])
	[RSP+270 ] 0x1                (size_t) [1]
	[RSP+278 ] 0x0                (size_t) [0]
	[RSP+280 ] 0xBDD16FE8A4       (void*)
	[RSP+288 ] 0xBDD16FE518       (void*)
	[RSP+290 ] 0x5A000000A00      (size_t) [6184752908800]
	[RSP+298 ] 0x7FF73B5179C4     (void* -> SkyrimSE.exe+10F79C4	mov rbx, [rsp+0x58])
	[RSP+2A0 ] 0xBDD16FE4A0       (void*)
	[RSP+2A8 ] 0x0                (size_t) [0]
	[RSP+2B0 ] 0x0                (size_t) [0]
	[RSP+2B8 ] 0x438E8000         (size_t) [1133412352]
	[RSP+2C0 ] 0x0                (size_t) [0]
	[RSP+2C8 ] 0x0                (size_t) [0]
	[RSP+2D0 ] 0x0                (size_t) [0]
	[RSP+2D8 ] 0x0                (size_t) [0]
	[RSP+2E0 ] 0x0                (size_t) [0]
	[RSP+2E8 ] 0x0                (size_t) [0]
	[RSP+2F0 ] 0x0                (size_t) [0]
	[RSP+2F8 ] 0x2115             (size_t) [8469]
	[RSP+300 ] 0x9000             (size_t) [36864]
	[RSP+308 ] 0x0                (size_t) [0]
	[RSP+310 ] 0x0                (size_t) [0]
	[RSP+318 ] 0x0                (size_t) [0]
	[RSP+320 ] 0x0                (size_t) [0]
	[RSP+328 ] 0x0                (size_t) [0]
	[RSP+330 ] 0x3F000000         (size_t) [1056964608]
	[RSP+338 ] 0x0                (size_t) [0]
	[RSP+340 ] 0x0                (size_t) [0]
	[RSP+348 ] 0x0                (size_t) [0]
	[RSP+350 ] 0x3FE0000000000000 (size_t) [4602678819172646912]
	[RSP+358 ] 0x0                (size_t) [0]
	[RSP+360 ] 0x0                (size_t) [0]
	[RSP+368 ] 0x0                (size_t) [0]
	[RSP+370 ] 0x0                (size_t) [0]
	[RSP+378 ] 0x0                (size_t) [0]
	[RSP+380 ] 0x5F800000         (size_t) [1602224128]
	[RSP+388 ] 0x0                (size_t) [0]
	[RSP+390 ] 0x0                (size_t) [0]
	[RSP+398 ] 0x0                (size_t) [0]
	[RSP+3A0 ] 0x3C888889         (size_t) [1015580809]
	[RSP+3A8 ] 0x0                (size_t) [0]
	[RSP+3B0 ] 0x3CDA740F         (size_t) [1020949519]
	[RSP+3B8 ] 0x0                (size_t) [0]
	[RSP+3C0 ] 0x447A0000         (size_t) [1148846080]
	[RSP+3C8 ] 0x0                (size_t) [0]
	[RSP+3D0 ] 0x0                (size_t) [0]
	[RSP+3D8 ] 0x250D18FDBE0      (void*)
	[RSP+3E0 ] 0x37               (size_t) [55]
	[RSP+3E8 ] 0x250CE6A9780      (void*)
	[RSP+3F0 ] 0x10E              (size_t) [270]
	[RSP+3F8 ] 0x250D0573928      (void*)
	[RSP+400 ] 0xBDD16FE460       (void*)
	[RSP+408 ] 0x7FF73B53DBF1     (void* -> SkyrimSE.exe+111DBF1	mov eax, [rbp+0xA88])
	[RSP+410 ] 0x0                (size_t) [0]
	[RSP+418 ] 0x37               (size_t) [55]
	[RSP+420 ] 0x24F00000000      (void*)
	[RSP+428 ] 0x7FFDFF999999     (size_t) [140728891709849]
	[RSP+430 ] 0x555A00002FC2     (size_t) [93845035429826]
	[RSP+438 ] 0x250D0573928      (void*)
	[RSP+440 ] 0x0                (size_t) [0]
	[RSP+448 ] 0x250CE6A97C8      (void*)
	[RSP+450 ] 0x0                (size_t) [0]
	[RSP+458 ] 0x37               (size_t) [55]
	[RSP+460 ] 0x0                (size_t) [0]
	[RSP+468 ] 0xB0               (size_t) [176]
	[RSP+470 ] 0x37               (size_t) [55]
	[RSP+478 ] 0x0                (size_t) [0]
	[RSP+480 ] 0x250CE6A9780      (void*)
	[RSP+488 ] 0x250D18FDBE0      (void*)
	[RSP+490 ] 0x250CE6E7980      (void*)
	[RSP+498 ] 0x25082CD6000      (void*)
	[RSP+4A0 ] 0x25082CD62C2      (void*)
	[RSP+4A8 ] 0x250CD980700      (void*)
	[RSP+4B0 ] 0xD                (size_t) [13]
	[RSP+4B8 ] 0x42322000         (size_t) [1110581248]
	[RSP+4C0 ] 0x7FFDFF999999     (size_t) [140728891709849]
	[RSP+4C8 ] 0x0                (size_t) [0]
	[RSP+4D0 ] 0xFFFFFFFFFFFFFFFF (size_t) [uint: 18446744073709551615 int: -1]
	[RSP+4D8 ] 0x0                (size_t) [0]
	[RSP+4E0 ] 0x0                (size_t) [0]
	[RSP+4E8 ] 0x250CE6A9780      (void*)
	[RSP+4F0 ] 0x250D18FDBE0      (void*)
	[RSP+4F8 ] 0x2FC200002FC2     (size_t) [52510270173122]
	[RSP+500 ] 0x4390D80000000054 (size_t) [4868628691699105876]
	[RSP+508 ] 0x421600004287A000 (size_t) [4761993657107062784]
	[RSP+510 ] 0x250D18D8BE0      (void*)
	[RSP+518 ] 0x53               (size_t) [83]
	[RSP+520 ] 0xD                (size_t) [13]
	[RSP+528 ] 0x250D18FDC00      (void*)
	[RSP+530 ] 0x250D18FDC00      (void*)
	[RSP+538 ] 0x1                (size_t) [1]
	[RSP+540 ] 0x250D18FDBE0      (void*)
	[RSP+548 ] 0x54               (size_t) [84]
	[RSP+550 ] 0x250D18D8BE0      (void*)
	[RSP+558 ] 0x53               (size_t) [83]
	[RSP+560 ] 0xBDD16F000D       (void*)
	[RSP+568 ] 0x0                (size_t) [0]
	[RSP+570 ] 0x0                (size_t) [0]
	[RSP+578 ] 0x25082CD602A      (char*) "'"
	[RSP+580 ] 0x25082CD62D0      (void*)
	[RSP+588 ] 0x5400000054       (size_t) [360777252948]
	[RSP+590 ] 0x24F00000002      (void*)
	[RSP+598 ] 0xB                (size_t) [11]
	[RSP+5A0 ] 0x1003F800000      (size_t) [1100576980992]
	[RSP+5A8 ] 0x54               (size_t) [84]
	[RSP+5B0 ] 0x250D1A73E10      (void*)
	[RSP+5B8 ] 0x250CDEBC8E0      (void*)
	[RSP+5C0 ] 0xBDD16FE500       (void*)
	[RSP+5C8 ] 0x250D18D8BE0      (void*)
	[RSP+5D0 ] 0x250D18D8BE0      (void*)
	[RSP+5D8 ] 0x250CD980700      (void*)
	[RSP+5E0 ] 0x0                (size_t) [0]
	[RSP+5E8 ] 0x0                (size_t) [0]
	[RSP+5F0 ] 0x0                (size_t) [0]
	[RSP+5F8 ] 0x0                (size_t) [0]
	[RSP+600 ] 0x24F00000000      (void*)
	[RSP+608 ] 0x0                (size_t) [0]
	[RSP+610 ] 0xFFFFFFFFFFFFFFFF (size_t) [uint: 18446744073709551615 int: -1]
	[RSP+618 ] 0x0                (size_t) [0]
	[RSP+620 ] 0x0                (size_t) [0]
	[RSP+628 ] 0x0                (size_t) [0]
	[RSP+630 ] 0x0                (size_t) [0]
	[RSP+638 ] 0x0                (size_t) [0]
	[RSP+640 ] 0x0                (size_t) [0]
	[RSP+648 ] 0x0                (size_t) [0]
	[RSP+650 ] 0x0                (size_t) [0]
	[RSP+658 ] 0x0                (size_t) [0]
	[RSP+660 ] 0xBDD16F0000       (void*)
	[RSP+668 ] 0x0                (size_t) [0]
	[RSP+670 ] 0x0                (size_t) [0]
	[RSP+678 ] 0xFFFFFFFFFFFFFFFF (size_t) [uint: 18446744073709551615 int: -1]
	[RSP+680 ] 0x0                (size_t) [0]
	[RSP+688 ] 0x0                (size_t) [0]
	[RSP+690 ] 0x0                (size_t) [0]
	[RSP+698 ] 0x0                (size_t) [0]
	[RSP+6A0 ] 0x24F47120000      (void*)
	[RSP+6A8 ] 0x0                (size_t) [0]
	[RSP+6B0 ] 0x7FFD00000000     (size_t) [140724603453440]
	[RSP+6B8 ] 0x0                (size_t) [0]
	[RSP+6C0 ] 0x0                (size_t) [0]
	[RSP+6C8 ] 0x0                (size_t) [0]
	[RSP+6D0 ] 0x24F00000000      (void*)
	[RSP+6D8 ] 0x0                (size_t) [0]
	[RSP+6E0 ] 0x3F800000         (size_t) [1065353216]
	[RSP+6E8 ] 0x0                (size_t) [0]
	[RSP+6F0 ] 0x0                (size_t) [0]
	[RSP+6F8 ] 0x0                (size_t) [0]
	[RSP+700 ] 0x0                (size_t) [0]
	[RSP+708 ] 0x0                (size_t) [0]
	[RSP+710 ] 0x3F80000000000000 (size_t) [4575657221408423936]
	[RSP+718 ] 0x0                (size_t) [0]
	[RSP+720 ] 0xFFFFFFFFFFFFFFFF (size_t) [uint: 18446744073709551615 int: -1]
	[RSP+728 ] 0x0                (size_t) [0]
	[RSP+730 ] 0x0                (size_t) [0]
	[RSP+738 ] 0x0                (size_t) [0]
	[RSP+740 ] 0x0                (size_t) [0]
	[RSP+748 ] 0x0                (size_t) [0]
	[RSP+750 ] 0x0                (size_t) [0]
	[RSP+758 ] 0x0                (size_t) [0]
	[RSP+760 ] 0x0                (size_t) [0]
	[RSP+768 ] 0x0                (size_t) [0]
	[RSP+770 ] 0x0                (size_t) [0]
	[RSP+778 ] 0x0                (size_t) [0]
	[RSP+780 ] 0x0                (size_t) [0]
	[RSP+788 ] 0xFFFFFFFFFFFFFFFF (size_t) [uint: 18446744073709551615 int: -1]
	[RSP+790 ] 0x0                (size_t) [0]
	[RSP+798 ] 0x0                (size_t) [0]
	[RSP+7A0 ] 0x0                (size_t) [0]
	[RSP+7A8 ] 0x0                (size_t) [0]
	[RSP+7B0 ] 0x0                (size_t) [0]
	[RSP+7B8 ] 0x0                (size_t) [0]
	[RSP+7C0 ] 0x0                (size_t) [0]
	[RSP+7C8 ] 0x0                (size_t) [0]
	[RSP+7D0 ] 0x0                (size_t) [0]
	[RSP+7D8 ] 0x0                (size_t) [0]
	[RSP+7E0 ] 0x0                (size_t) [0]
	[RSP+7E8 ] 0x0                (size_t) [0]
	[RSP+7F0 ] 0x3F800000         (size_t) [1065353216]
	[RSP+7F8 ] 0x0                (size_t) [0]
	[RSP+800 ] 0x25082CD62AA      (void*)
	[RSP+808 ] 0x250CD980700      (void*)
	[RSP+810 ] 0x20               (size_t) [32]
	[RSP+818 ] 0x5942B22000       (size_t) [383371059200]
	[RSP+820 ] 0xFF999999         (size_t) [4288256409]
	[RSP+828 ] 0x0                (size_t) [0]
	[RSP+830 ] 0xFFFFFFFFFFFFFFFF (size_t) [uint: 18446744073709551615 int: -1]
	[RSP+838 ] 0x0                (size_t) [0]
	[RSP+840 ] 0x0                (size_t) [0]
	[RSP+848 ] 0x250CE6A9780      (void*)
	[RSP+850 ] 0x250D18FDBE0      (void*)
	[RSP+858 ] 0x2E0500002E05     (size_t) [50599009725957]
	[RSP+860 ] 0x4390D80000000051 (size_t) [4868628691699105873]
	[RSP+868 ] 0x421600004287A000 (size_t) [4761993657107062784]
	[RSP+870 ] 0x250D18D8BE0      (void*)
	[RSP+878 ] 0x51               (size_t) [81]
	[RSP+880 ] 0xBDD16F0035       (void*)
	[RSP+888 ] 0x250D18FDC00      (void*)
	[RSP+890 ] 0x250D18FDC00      (void*)
	[RSP+898 ] 0x0                (size_t) [0]
	[RSP+8A0 ] 0x250D18FDBE0      (void*)
	[RSP+8A8 ] 0x51               (size_t) [81]
	[RSP+8B0 ] 0x250D18D8BE0      (void*)
	[RSP+8B8 ] 0x51               (size_t) [81]
	[RSP+8C0 ] 0xBDD16F0035       (void*)
	[RSP+8C8 ] 0x0                (size_t) [0]
	[RSP+8D0 ] 0x0                (size_t) [0]
	[RSP+8D8 ] 0x25082CD602A      (char*) "'"
	[RSP+8E0 ] 0x25082CD62D0      (void*)
	[RSP+8E8 ] 0x5400000051       (size_t) [360777252945]
	[RSP+8F0 ] 0xBD00000002       (size_t) [811748818946]
	[RSP+8F8 ] 0x10000000B        (size_t) [4294967307]
	[RSP+900 ] 0x3F800000         (size_t) [1065353216]
	[RSP+908 ] 0x51               (size_t) [81]
	[RSP+910 ] 0x473CC000         (size_t) [1195163648]
	[RSP+918 ] 0x100000000        (size_t) [4294967296]
	[RSP+920 ] 0x20000000001      (size_t) [2199023255553]
	[RSP+928 ] 0x0                (size_t) [0]
	[RSP+930 ] 0x0                (size_t) [0]
	[RSP+938 ] 0x25082C2ADC0      (void*)
	[RSP+940 ] 0xBD00000000       (size_t) [811748818944]
	[RSP+948 ] 0x0                (size_t) [0]
	[RSP+950 ] 0x0                (size_t) [0]
	[RSP+958 ] 0x7FF73B419500     (void* -> SkyrimSE.exe+0FF9500	)
	[RSP+960 ] 0x0                (size_t) [0]
	[RSP+968 ] 0x1                (size_t) [1]
	[RSP+970 ] 0x1                (size_t) [1]
	[RSP+978 ] 0xBDD16FF2A0       (void*)
	[RSP+980 ] 0x0                (size_t) [0]
	[RSP+988 ] 0x3F800000         (size_t) [1065353216]
	[RSP+990 ] 0x0                (size_t) [0]
	[RSP+998 ] 0x0                (size_t) [0]
	[RSP+9A0 ] 0x250CE6A9AE0      (void*)
	[RSP+9A8 ] 0x24F4773C0C8      (void*)
	[RSP+9B0 ] 0xBDD16FF308       (void*)
	[RSP+9B8 ] 0x0                (size_t) [0]
	[RSP+9C0 ] 0x1300000000       (size_t) [81604378624]
	[RSP+9C8 ] 0x0                (size_t) [0]
	[RSP+9D0 ] 0x0                (size_t) [0]
	[RSP+9D8 ] 0x3F800000         (size_t) [1065353216]
	[RSP+9E0 ] 0x0                (size_t) [0]
	[RSP+9E8 ] 0x7FF73B3E2B2A     (void* -> SkyrimSE.exe+0FC2B2A	movss xmm4, dword ptr [rbx])
	[RSP+9F0 ] 0x24F41604D50      (void*)
	[RSP+9F8 ] 0xBDD16FE940       (void*)
	[RSP+A00 ] 0xBDD16FF308       (void*)
	[RSP+A08 ] 0x469AC800         (size_t) [1184548864]
	[RSP+A10 ] 0x4364000043640000 (size_t) [4856006299342864384]
	[RSP+A18 ] 0x42640000         (size_t) [1113849856]
	[RSP+A20 ] 0x431100003F800000 (size_t) [4832643876210606080]
	[RSP+A28 ] 0xA                (size_t) [10]
	[RSP+A30 ] 0xC2580000         (size_t) [3260547072]
	[RSP+A38 ] 0x0                (size_t) [0]
	[RSP+A40 ] 0x438E8000         (size_t) [1133412352]
	[RSP+A48 ] 0x0                (size_t) [0]
	[RSP+A50 ] 0x438F3FFE         (size_t) [1133461502]
	[RSP+A58 ] 0x0                (size_t) [0]
	[RSP+A60 ] 0x43120000         (size_t) [1125253120]
	[RSP+A68 ] 0x0                (size_t) [0]
	[RSP+A70 ] 0x43110000         (size_t) [1125187584]
	[RSP+A78 ] 0x0                (size_t) [0]
	[RSP+A80 ] 0x43C98000         (size_t) [1137278976]
	[RSP+A88 ] 0x0                (size_t) [0]
	[RSP+A90 ] 0x42640000         (size_t) [1113849856]
	[RSP+A98 ] 0x0                (size_t) [0]
	[RSP+AA0 ] 0x44009FFF         (size_t) [1140891647]
	[RSP+AA8 ] 0x0                (size_t) [0]
	[RSP+AB0 ] 0x43C98000         (size_t) [1137278976]
	[RSP+AB8 ] 0x0                (size_t) [0]
	[RSP+AC0 ] 0x250CE6CA190      (void*)
	[RSP+AC8 ] 0x7FF73B3E2C99     (void* -> SkyrimSE.exe+0FC2C99	add rsp, 0x48)
	[RSP+AD0 ] 0x0                (size_t) [0]
	[RSP+AD8 ] 0x0                (size_t) [0]
	[RSP+AE0 ] 0x0                (size_t) [0]
	[RSP+AE8 ] 0x0                (size_t) [0]
	[RSP+AF0 ] 0x4311000042640000 (size_t) [4832643876259102720]
	[RSP+AF8 ] 0x43110000438E8000 (size_t) [4832643876278665216]
	[RSP+B00 ] 0x43120000438E8000 (size_t) [4832925351255375872]
	[RSP+B08 ] 0x0                (size_t) [0]
	[RSP+B10 ] 0x5F800000         (size_t) [1602224128]
	[RSP+B18 ] 0x7FF73B4E7ECB     (void* -> SkyrimSE.exe+10C7ECB	lea r11, [rsp+0x190])
	[RSP+B20 ] 0x0                (size_t) [0]
	[RSP+B28 ] 0x0                (size_t) [0]
	[RSP+B30 ] 0x0                (size_t) [0]
	[RSP+B38 ] 0x0                (size_t) [0]
	[RSP+B40 ] 0x24FFAAC7DB0      (void*)
	[RSP+B48 ] 0x250CD980700      (void*)
	[RSP+B50 ] 0x3EA00000         (size_t) [1050673152]
	[RSP+B58 ] 0xB242322000       (size_t) [765614759936]
	[RSP+B60 ] 0x0                (size_t) [0]
	[RSP+B68 ] 0x4180000000002FC2 (size_t) [4719772409484292034]
	[RSP+B70 ] 0x43CA000044000001 (size_t) [4884716746977574913]
	[RSP+B78 ] 0xBDD16FE398       (void*)
	[RSP+B80 ] 0x400000090        (size_t) [17179869328]
	[RSP+B88 ] 0x0                (size_t) [0]
	[RSP+B90 ] 0x0                (size_t) [0]
	[RSP+B98 ] 0x3E65E0A900000000 (size_t) [4496246819453403136]
	[RSP+BA0 ] 0x0                (size_t) [0]
	[RSP+BA8 ] 0x1010005900000000 (size_t) [1157425486486306816]
	[RSP+BB0 ] 0x101000B200157202 (size_t) [1157425868739801602]
	[RSP+BB8 ] 0x101000B200170000 (size_t) [1157425868739903488]
	[RSP+BC0 ] 0x1010002D00000000 (size_t) [1157425297507745792]
	[RSP+BC8 ] 0x25000000300      (void*)
	[RSP+BD0 ] 0x250CD980700      (void*)
	[RSP+BD8 ] 0x7FF7FF999999     (size_t) [140703121906073]
	[RSP+BE0 ] 0x250CE6CA190      (void*)
	[RSP+BE8 ] 0x43C98000438F3FFE (size_t) [4884576009481830398]
	[RSP+BF0 ] 0x43C9800044009FFF (size_t) [4884576009489260543]
	[RSP+BF8 ] 0x43CA000044009FFF (size_t) [4884716746977615871]
	[RSP+C00 ] 0x50FFE214DA76     (size_t) [89059939900022]
	[RSP+C08 ] 0x7FF73B3E2B2A     (void* -> SkyrimSE.exe+0FC2B2A	movss xmm4, dword ptr [rbx])
	[RSP+C10 ] 0x0                (size_t) [0]
	[RSP+C18 ] 0x1                (size_t) [1]
	[RSP+C20 ] 0x0                (size_t) [0]
	[RSP+C28 ] 0x0                (size_t) [0]
	[RSP+C30 ] 0x45A1400045A14000 (size_t) [5017361829779816448]
	[RSP+C38 ] 0x43160000         (size_t) [1125515264]
	[RSP+C40 ] 0x4316000045843000 (size_t) [4834051251195097088]
	[RSP+C48 ] 0x250CD99DCA0      (void*)
	[RSP+C50 ] 0xC3160000         (size_t) [3272998912]
	[RSP+C58 ] 0x0                (size_t) [0]
	[RSP+C60 ] 0x45A5F000         (size_t) [1168502784]
	[RSP+C68 ] 0x0                (size_t) [0]
	[RSP+C70 ] 0x43160000         (size_t) [1125515264]
	[RSP+C78 ] 0x0                (size_t) [0]
	[RSP+C80 ] 0x4588E000         (size_t) [1166598144]
	[RSP+C88 ] 0x0                (size_t) [0]
	[RSP+C90 ] 0x43160000         (size_t) [1125515264]
	[RSP+C98 ] 0x0                (size_t) [0]
	[RSP+CA0 ] 0x43160000         (size_t) [1125515264]
	[RSP+CA8 ] 0x0                (size_t) [0]
	[RSP+CB0 ] 0x43160000         (size_t) [1125515264]
	[RSP+CB8 ] 0x0                (size_t) [0]
	[RSP+CC0 ] 0x45A5F000         (size_t) [1168502784]
	[RSP+CC8 ] 0x0                (size_t) [0]
	[RSP+CD0 ] 0x43160000         (size_t) [1125515264]
	[RSP+CD8 ] 0x0                (size_t) [0]
	[RSP+CE0 ] 0x250CE6CA190      (void*)
	[RSP+CE8 ] 0x7FF73B3E2C99     (void* -> SkyrimSE.exe+0FC2C99	add rsp, 0x48)
	[RSP+CF0 ] 0x0                (size_t) [0]
	[RSP+CF8 ] 0x0                (size_t) [0]
	[RSP+D00 ] 0x0                (size_t) [0]
	[RSP+D08 ] 0x7FF73B523BFA     (void* -> SkyrimSE.exe+1103BFA	test eax, r15d)
	[RSP+D10 ] 0x0                (size_t) [0]
	[RSP+D18 ] 0xBDD16FEE90       (void*)
	[RSP+D20 ] 0x4588E00045A5F000 (size_t) [5010500877222801408]
	[RSP+D28 ] 0x0                (size_t) [0]
	[RSP+D30 ] 0x1                (size_t) [1]
	[RSP+D38 ] 0xBDD16FEE90       (void*)
	[RSP+D40 ] 0x0                (size_t) [0]
	[RSP+D48 ] 0xBDD16FEDB0       (void*)
	[RSP+D50 ] 0x0                (size_t) [0]
	[RSP+D58 ] 0x7FF73B51BAB3     (void* -> SkyrimSE.exe+10FBAB3	add rsp, 0x178)
	[RSP+D60 ] 0x2                (size_t) [2]
	[RSP+D68 ] 0x1                (size_t) [1]
	[RSP+D70 ] 0x250CE6CA190      (void*)
	[RSP+D78 ] 0x0                (size_t) [0]
	[RSP+D80 ] 0xC5A4100045A5F000 (size_t) [uint: 14241525515006898176 int: -4205218558702653440]
	[RSP+D88 ] 0xC31600004588E000 (size_t) [uint: 14057423288050180096 int: -4389320785659371520]
	[RSP+D90 ] 0x4588E00045A5F000 (size_t) [5010500877222801408]
	[RSP+D98 ] 0x45A1400043160000 (size_t) [5017361829737136128]
	[RSP+DA0 ] 0x44750008C5A41000 (size_t) [4932849004529848320]
	[RSP+DA8 ] 0x4451FFFC         (size_t) [1146224636]
	[RSP+DB0 ] 0x100000000        (size_t) [4294967296]
	[RSP+DB8 ] 0xBDD16FEE90       (void*)
	[RSP+DC0 ] 0x0                (size_t) [0]
	[RSP+DC8 ] 0xBDD16FEE90       (void*)
	[RSP+DD0 ] 0xC316000000000005 (size_t) [uint: 14057423286883581957 int: -4389320786825969659]
	[RSP+DD8 ] 0x4316000045A5F000 (size_t) [4834051251197308928]
	[RSP+DE0 ] 0x4451FFFC44750008 (size_t) [4922997326638022664]
	[RSP+DE8 ] 0x25000000000      (void*)
	[RSP+DF0 ] 0x50FFE214DCB6     (size_t) [89059939900598]
	[RSP+DF8 ] 0x7FF73B581D65     (void* -> SkyrimSE.exe+1161D65	mov rbx, [rsp+0x60])
	[RSP+E00 ] 0x250CE6CA190      (void*)
	[RSP+E08 ] 0x0                (size_t) [0]
	[RSP+E10 ] 0x0                (size_t) [0]
	[RSP+E18 ] 0x0                (size_t) [0]
	[RSP+E20 ] 0x0                (size_t) [0]
	[RSP+E28 ] 0x0                (size_t) [0]
	[RSP+E30 ] 0x0                (size_t) [0]
	[RSP+E38 ] 0x1                (size_t) [1]
	[RSP+E40 ] 0x0                (size_t) [0]
	[RSP+E48 ] 0x0                (size_t) [0]
	[RSP+E50 ] 0x250CD99C898      (void*)
	[RSP+E58 ] 0x7FF73B50A35E     (void* -> SkyrimSE.exe+10EA35E	sub qword ptr [rsi+0x20], 0x01)
	[RSP+E60 ] 0x250CE6CA190      (void*)
	[RSP+E68 ] 0x250CD99DCA0      (void*)
	[RSP+E70 ] 0x250CD99DCA0      (void*)
	[RSP+E78 ] 0x0                (size_t) [0]
	[RSP+E80 ] 0x250CD99C7C0      (void*)
	[RSP+E88 ] 0x7FF73B44E8AE     (void* -> SkyrimSE.exe+102E8AE	cmp rsi, [rdi+0x30])
	[RSP+E90 ] 0x250CE6CA190      (void*)
	[RSP+E98 ] 0x1                (size_t) [1]
	[RSP+EA0 ] 0x250CE6CA190      (void*)
	[RSP+EA8 ] 0x0                (size_t) [0]
	[RSP+EB0 ] 0x250D0534F60      (void*)
	[RSP+EB8 ] 0x7FF73B4E73C7     (void* -> SkyrimSE.exe+10C73C7	mov rax, rbx)
	[RSP+EC0 ] 0x0                (size_t) [0]
	[RSP+EC8 ] 0xBDD16FEF50       (void*)
	[RSP+ED0 ] 0x1                (size_t) [1]
	[RSP+ED8 ] 0x250CE6CA190      (void*)
	[RSP+EE0 ] 0x1                (size_t) [1]
	[RSP+EE8 ] 0x7FF73B51A157     (void* -> SkyrimSE.exe+10FA157	lea r11, [rsp+0xE0])
	[RSP+EF0 ] 0x250CE6CA190      (void*)
	[RSP+EF8 ] 0x2503A000000      (void*)
	[RSP+F00 ] 0x25046250000      (char*) "!r0&+"
	[RSP+F08 ] 0x46250000         (size_t) [1176829952]
	[RSP+F10 ] 0x44FD5FD8         (size_t) [1157455832]
	[RSP+F18 ] 0x43E6000045E2E000 (size_t) [4892598046357118976]
	[RSP+F20 ] 0xB980000000000000 (size_t) [uint: 13366683694035632128 int: -5080060379673919488]
	[RSP+F28 ] 0x4601600046250000 (size_t) [5044418611924762624]
	[RSP+F30 ] 0xB980000000000000 (size_t) [uint: 13366683694035632128 int: -5080060379673919488]
	[RSP+F38 ] 0x4601600046250000 (size_t) [5044418611924762624]
	[RSP+F40 ] 0x250D0536A90      (void*)
	[RSP+F48 ] 0x250D053D00C      (void*)
	[RSP+F50 ] 0xFFFFFFFFFFFFFFFF (size_t) [uint: 18446744073709551615 int: -1]
	[RSP+F58 ] 0x18               (size_t) [24]
	[RSP+F60 ] 0x5                (size_t) [5]
	[RSP+F68 ] 0x100000000        (size_t) [4294967296]
	[RSP+F70 ] 0x100000000        (size_t) [4294967296]
	[RSP+F78 ] 0x7FF73B44141E     (void* -> SkyrimSE.exe+102141E	add rsp, 0xD0)
	[RSP+F80 ] 0x25082CD6000      (void*)
	[RSP+F88 ] 0x558200005582     (size_t) [94016834131330]
	[RSP+F90 ] 0x24FFAAC3FD0      (`anonymous namespace'::DejaGFxLogger*)
	[RSP+F98 ] 0x0                (size_t) [0]
	[RSP+FA0 ] 0x0                (size_t) [0]
	[RSP+FA8 ] 0x7FF73B43A25E     (void* -> SkyrimSE.exe+101A25E	cmp eax, 0x0B)
	[RSP+FB0 ] 0x50FFE214D366     (size_t) [89059939898214]
	[RSP+FB8 ] 0x0                (size_t) [0]
	[RSP+FC0 ] 0x0                (size_t) [0]
	[RSP+FC8 ] 0x0                (size_t) [0]
	[RSP+FD0 ] 0x0                (size_t) [0]
	[RSP+FD8 ] 0x0                (size_t) [0]
	[RSP+FE0 ] 0x0                (size_t) [0]
	[RSP+FE8 ] 0x0                (size_t) [0]
	[RSP+FF0 ] 0x0                (size_t) [0]
	[RSP+FF8 ] 0x0                (size_t) [0]
	[RSP+1000] 0x44FD5FD8458107EA (size_t) [4971234946170554346]
	[RSP+1008] 0x3F800000         (size_t) [1065353216]
	[RSP+1010] 0xC5A41000         (size_t) [3315863552]
	[RSP+1018] 0xC573C0003F800000 (size_t) [uint: 14227926755091415040 int: -4218817318618136576]
	[RSP+1020] 0x24FFAABB198      (void*)
	[RSP+1028] 0x7FF73B50A35E     (void* -> SkyrimSE.exe+10EA35E	sub qword ptr [rsi+0x20], 0x01)
	[RSP+1030] 0x0                (size_t) [0]
	[RSP+1038] 0x4238000045F72800 (size_t) [4771563806372866048]
	[RSP+1040] 0x50FFE214DED6     (size_t) [89059939901142]
	[RSP+1048] 0x0                (size_t) [0]
	[RSP+1050] 0x0                (size_t) [0]
	[RSP+1058] 0x7FF73B43A25E     (void* -> SkyrimSE.exe+101A25E	cmp eax, 0x0B)
	[RSP+1060] 0x0                (size_t) [0]
	[RSP+1068] 0xBDD16FF448       (void*)
	[RSP+1070] 0x0                (size_t) [0]
	[RSP+1078] 0x0                (size_t) [0]
	[RSP+1080] 0xBDD16FF199       (void*)
	[RSP+1088] 0x7FF73B53FE07     (void* -> SkyrimSE.exe+111FE07	and byte ptr [rbx+0x1C8], 0xFC)
	[RSP+1090] 0x250CE6AA360      (void*)
	[RSP+1098] 0x250CE6A9780      (void*)
	[RSP+10A0] 0xBDD16FF110       (void*)
	[RSP+10A8] 0xBDD16FF060       (void*)
	[RSP+10B0] 0x250CE6A92A0      (void*)
	[RSP+10B8] 0x7FF73B490949     (void* -> SkyrimSE.exe+1070949	movss xmm1, dword ptr [rdi])
	[RSP+10C0] 0x3CDA740F         (size_t) [1020949519]
	[RSP+10C8] 0x0                (size_t) [0]
	[RSP+10D0] 0x447A0000         (size_t) [1148846080]
	[RSP+10D8] 0x0                (size_t) [0]
	[RSP+10E0] 0xBDD16FF448       (void*)
	[RSP+10E8] 0x7FF73B48E087     (void* -> SkyrimSE.exe+106E087	test al, al)
	[RSP+10F0] 0x250CE6A92A0      (void*)
	[RSP+10F8] 0xBDD16FF199       (void*)
	[RSP+1100] 0xBDD16FF110       (void*)
	[RSP+1108] 0x7FF73B43BEF6     (void* -> SkyrimSE.exe+101BEF6	add rsp, 0x60)
	[RSP+1110] 0xC5FF800046B35C00 (size_t) [uint: 14267262883207535616 int: -4179481190502016000]
	[RSP+1118] 0x3F800000         (size_t) [1065353216]
	[RSP+1120] 0x44B40000         (size_t) [1152647168]
	[RSP+1128] 0xC62380003F800000 (size_t) [uint: 14277395982248312832 int: -4169348091461238784]
	[RSP+1130] 0x358637BD         (size_t) [897988541]
	[RSP+1138] 0x0                (size_t) [0]
	[RSP+1140] 0xFFFFFFFFFFFFFFFE (size_t) [uint: 18446744073709551614 int: -2]
	[RSP+1148] 0x0                (size_t) [0]
	[RSP+1150] 0x50FFE214DFE6     (size_t) [89059939901414]
	[RSP+1158] 0x0                (size_t) [0]
	[RSP+1160] 0x0                (size_t) [0]
	[RSP+1168] 0x7FF73B43A25E     (void* -> SkyrimSE.exe+101A25E	cmp eax, 0x0B)
	[RSP+1170] 0x50FFE214C046     (size_t) [89059939893318]
	[RSP+1178] 0x0                (size_t) [0]
	[RSP+1180] 0x0                (size_t) [0]
	[RSP+1188] 0x3                (size_t) [3]
	[RSP+1190] 0x250CD984000      (void*)
	[RSP+1198] 0x7FF73B4412E2     (void* -> SkyrimSE.exe+10212E2	mov rdi, rax)
	[RSP+11A0] 0x250CD984000      (void*)
	[RSP+11A8] 0x7FFDA7C45720     (void* -> ucrtbase.dll+0025720	jmp 0x00007FFDA7C456FC)
	[RSP+11B0] 0x0                (size_t) [0]
	[RSP+11B8] 0x0                (size_t) [0]
	[RSP+11C0] 0xC691A00046BE9C00 (size_t) [uint: 14308393414180117504 int: -4138350659529434112]
	[RSP+11C8] 0xC691A00046BE9C00 (size_t) [uint: 14308393414180117504 int: -4138350659529434112]
	[RSP+11D0] 0x3CC49BB9         (size_t) [1019517881]
	[RSP+11D8] 0x0                (size_t) [0]
	[RSP+11E0] 0x0                (size_t) [0]
	[RSP+11E8] 0x0                (size_t) [0]
	[RSP+11F0] 0x3F800000         (size_t) [1065353216]
	[RSP+11F8] 0x0                (size_t) [0]
	[RSP+1200] 0x3F800000         (size_t) [1065353216]
	[RSP+1208] 0x1                (size_t) [1]
	[RSP+1210] 0x0                (size_t) [0]
	[RSP+1218] 0x7FF73B43BEF6     (void* -> SkyrimSE.exe+101BEF6	add rsp, 0x60)
	[RSP+1220] 0x44836000450E2000 (size_t) [4936895170803015680]
	[RSP+1228] 0x3F800000         (size_t) [1065353216]
	[RSP+1230] 0xC5584000         (size_t) [3310895104]
	[RSP+1238] 0xC54C40003F800000 (size_t) [uint: 14216808493511344128 int: -4229935580198207488]
	[RSP+1240] 0x3F800000         (size_t) [1065353216]
	[RSP+1248] 0x0                (size_t) [0]
	[RSP+1250] 0x0                (size_t) [0]
	[RSP+1258] 0x0                (size_t) [0]
	[RSP+1260] 0x50FFE214C0F6     (size_t) [89059939893494]
	[RSP+1268] 0x0                (size_t) [0]
	[RSP+1270] 0x0                (size_t) [0]
	[RSP+1278] 0xBDD16FF448       (void*)
	[RSP+1280] 0x0                (size_t) [0]
	[RSP+1288] 0x0                (size_t) [0]
	[RSP+1290] 0x0                (size_t) [0]
	[RSP+1298] 0x250CD981760      (void*)
	[RSP+12A0] 0xBDD16FF2A9       (void*)
	[RSP+12A8] 0x7FF73B4412E2     (void* -> SkyrimSE.exe+10212E2	mov rdi, rax)
	[RSP+12B0] 0x250CD981760      (void*)
	[RSP+12B8] 0x0                (size_t) [0]
	[RSP+12C0] 0x80000000         (size_t) [2147483648]
	[RSP+12C8] 0x0                (size_t) [0]
	[RSP+12D0] 0xC691A00046BE9C00 (size_t) [uint: 14308393414180117504 int: -4138350659529434112]
	[RSP+12D8] 0xC691A00046BE9C00 (size_t) [uint: 14308393414180117504 int: -4138350659529434112]
	[RSP+12E0] 0x3F800000         (size_t) [1065353216]
	[RSP+12E8] 0x0                (size_t) [0]
	[RSP+12F0] 0x0                (size_t) [0]
	[RSP+12F8] 0x0                (size_t) [0]
	[RSP+1300] 0x3F800000         (size_t) [1065353216]
	[RSP+1308] 0x40000000         (size_t) [1073741824]
	[RSP+1310] 0x466100003F800000 (size_t) [5071334656461242368]
	[RSP+1318] 0x0                (size_t) [0]
	[RSP+1320] 0x3E039928         (size_t) [1040423208]
	[RSP+1328] 0x7FF73B43BEF6     (void* -> SkyrimSE.exe+101BEF6	add rsp, 0x60)
	[RSP+1330] 0x3F800000         (size_t) [1065353216]
	[RSP+1338] 0x7FF73B1E915A     (void* -> SkyrimSE.exe+0DC915A	movss [rbx], xmm0)
	[RSP+1340] 0x0                (size_t) [0]
	[RSP+1348] 0x3F800000         (size_t) [1065353216]
	[RSP+1350] 0x0                (size_t) [0]
	[RSP+1358] 0x800000003F800000 (size_t) [uint: 9223372037920129024 int: -9223372035789422592]
	[RSP+1360] 0x0                (size_t) [0]
	[RSP+1368] 0x0                (size_t) [0]
	[RSP+1370] 0x50FFE214C206     (size_t) [89059939893766]
	[RSP+1378] 0x0                (size_t) [0]
	[RSP+1380] 0x0                (size_t) [0]
	[RSP+1388] 0xBDD16FF448       (void*)
	[RSP+1390] 0x0                (size_t) [0]
	[RSP+1398] 0x0                (size_t) [0]
	[RSP+13A0] 0x0                (size_t) [0]
	[RSP+13A8] 0x250CD981000      (void*)
	[RSP+13B0] 0xBDD16FF3B9       (void*)
	[RSP+13B8] 0x7FF73B4412E2     (void* -> SkyrimSE.exe+10212E2	mov rdi, rax)
	[RSP+13C0] 0x250CD981000      (void*)
	[RSP+13C8] 0x7FF73B1E915A     (void* -> SkyrimSE.exe+0DC915A	movss [rbx], xmm0)
	[RSP+13D0] 0x250D18CF238      (void*)
	[RSP+13D8] 0x0                (size_t) [0]
	[RSP+13E0] 0xC584800046BEA000 (size_t) [uint: 14232641461072863232 int: -4214102612636688384]
	[RSP+13E8] 0xC584800046BEA000 (size_t) [uint: 14232641461072863232 int: -4214102612636688384]
	[RSP+13F0] 0xBF800000         (size_t) [3212836864]
	[RSP+13F8] 0x0                (size_t) [0]
	[RSP+1400] 0x0                (size_t) [0]
	[RSP+1408] 0x0                (size_t) [0]
	[RSP+1410] 0x3F800000         (size_t) [1065353216]
	[RSP+1418] 0x0                (size_t) [0]
	[RSP+1420] 0x3F800000         (size_t) [1065353216]
	[RSP+1428] 0xC0590A16         (size_t) [3227060758]
	[RSP+1430] 0x50FFE214C2E6     (size_t) [89059939893990]
	[RSP+1438] 0x0                (size_t) [0]
	[RSP+1440] 0x0                (size_t) [0]
	[RSP+1448] 0x0                (size_t) [0]
	[RSP+1450] 0x0                (size_t) [0]
	[RSP+1458] 0x250CD981098      (void*)
	[RSP+1460] 0xBDD16FF660       (void*)
	[RSP+1468] 0xBDD16FF660       (void*)
	[RSP+1470] 0x250CD981168      (void*)
	[RSP+1478] 0x250D18CF220      (void*)
	[RSP+1480] 0x50FFE214C316     (size_t) [89059939894038]
	[RSP+1488] 0x7FF73B444D10     (void* -> SkyrimSE.exe+1024D10	mov r9, rbx)
	[RSP+1490] 0x250CE725000      (void*)
	[RSP+1498] 0xBDD16FF548       (void*)
	[RSP+14A0] 0x0                (size_t) [0]
	[RSP+14A8] 0x1                (size_t) [1]
	[RSP+14B0] 0xFFFFFFFFFFFFFFFF (size_t) [uint: 18446744073709551615 int: -1]
	[RSP+14B8] 0x0                (size_t) [0]
	[RSP+14C0] 0x250CE725000      (void*)
	[RSP+14C8] 0x7FF73B427B3A     (void* -> SkyrimSE.exe+1007B3A	test rax, rax)
	[RSP+14D0] 0x250CE519D10      (Console*)
	[RSP+14D8] 0xBDD16FF580       (void*)
	[RSP+14E0] 0x250D1A6FB10      (void*)
	[RSP+14E8] 0x250CD981258      (void*)
	[RSP+14F0] 0x0                (size_t) [0]
	[RSP+14F8] 0x250CE725000      (void*)
	[RSP+1500] 0x0                (size_t) [0]
	[RSP+1508] 0x20000000000      (size_t) [2199023255552]
	[RSP+1510] 0xA                (size_t) [10]
	[RSP+1518] 0x7FF73BE27DB0     (void* -> SkyrimSE.exe+1A07DB0	)
	[RSP+1520] 0xBDD16FF580       (void*)
	[RSP+1528] 0x50FFE214C426     (size_t) [89059939894310]
	[RSP+1530] 0x0                (size_t) [0]
	[RSP+1538] 0x0                (size_t) [0]
	[RSP+1540] 0x250CD981168      (void*)
	[RSP+1548] 0x7FF73B42C691     (void* -> SkyrimSE.exe+100C691	mov rsi, rax)
	[RSP+1550] 0x0                (size_t) [0]
	[RSP+1558] 0x0                (size_t) [0]
	[RSP+1560] 0x250CE725000      (void*)
	[RSP+1568] 0x1                (size_t) [1]
	[RSP+1570] 0x0                (size_t) [0]
	[RSP+1578] 0x7FF73BE27DB0     (void* -> SkyrimSE.exe+1A07DB0	)
	[RSP+1580] 0x0                (size_t) [0]
	[RSP+1588] 0x0                (size_t) [0]
	[RSP+1590] 0xFFFFFFFF         (size_t) [4294967295]
	[RSP+1598] 0x0                (size_t) [0]
	[RSP+15A0] 0x0                (size_t) [0]
	[RSP+15A8] 0x250CE510000      (void*)
	[RSP+15B0] 0x250CE725000      (void*)
	[RSP+15B8] 0x0                (size_t) [0]
	[RSP+15C0] 0x250CE7275E0      (void*)
	[RSP+15C8] 0x0                (size_t) [0]
	[RSP+15D0] 0x250CE725068      (void*)
	[RSP+15D8] 0x24FFAAC31A0      (void*)
	[RSP+15E0] 0x250CE725068      (void*)
	[RSP+15E8] 0x7FF73B422F0F     (void* -> SkyrimSE.exe+1002F0F	)
	[RSP+15F0] 0x600000000        (size_t) [25769803776]
	[RSP+15F8] 0xC584800046BEA000 (size_t) [uint: 14232641461072863232 int: -4214102612636688384]
	[RSP+1600] 0x0                (size_t) [0]
	[RSP+1608] 0x24FFAAC7020      (void*)
	[RSP+1610] 0x24FF9261E70      (BSScaleformTranslator*)
	[RSP+1618] 0x0                (size_t) [0]
	[RSP+1620] 0x25000000002      (void*)
	[RSP+1628] 0xA666ED51         (size_t) [2791763281]
	[RSP+1630] 0x0                (size_t) [0]
	[RSP+1638] 0x0                (size_t) [0]
	[RSP+1640] 0x250BE23AFA0      (FxDelegate*)
	[RSP+1648] 0x0                (size_t) [0]
	[RSP+1650] 0x24FFAAC3FD0      (`anonymous namespace'::DejaGFxLogger*)
	[RSP+1658] 0x24FFAAC31A0      (void*)
	[RSP+1660] 0x24FFAAC7020      (void*)
	[RSP+1668] 0x0                (size_t) [0]
	[RSP+1670] 0x24FF9261E70      (BSScaleformTranslator*)
	[RSP+1678] 0x24FFAAC3200      (void*)
	[RSP+1680] 0x50FFE214C546     (size_t) [89059939894598]
	[RSP+1688] 0x7FF73D57CEB0     (void* -> SkyrimSE.exe+315CEB0	add [rax], al)
	[RSP+1690] 0x0                (size_t) [0]
	[RSP+1698] 0x0                (size_t) [0]
	[RSP+16A0] 0x0                (size_t) [0]
	[RSP+16A8] 0x0                (size_t) [0]
	[RSP+16B0] 0x0                (size_t) [0]
	[RSP+16B8] 0x0                (size_t) [0]
	[RSP+16C0] 0x0                (size_t) [0]
	[RSP+16C8] 0x0                (size_t) [0]
	[RSP+16D0] 0x3C83126F         (size_t) [1015222895]
	[RSP+16D8] 0x0                (size_t) [0]
	[RSP+16E0] 0x0                (size_t) [0]
	[RSP+16E8] 0x0                (size_t) [0]
	[RSP+16F0] 0x2                (size_t) [2]
	[RSP+16F8] 0x24F32806F70      (void*)
	[RSP+1700] 0x7FF73D57CEB0     (void* -> SkyrimSE.exe+315CEB0	add [rax], al)
	[RSP+1708] 0x7FF73B3CEE23     (void* -> SkyrimSE.exe+0FAEE23	nop)
	[RSP+1710] 0x250D1A6FB10      (void*)
	[RSP+1718] 0x250CE519D10      (Console*)
	[RSP+1720] 0xBDD16FF738       (void*)
	[RSP+1728] 0x250C525D3F0      (void*)
	[RSP+1730] 0xFFFFFFFFFFFFFFFE (size_t) [uint: 18446744073709551614 int: -2]
	[RSP+1738] 0x0                (size_t) [0]
	[RSP+1740] 0x3                (size_t) [3]
	[RSP+1748] 0x410260A000000000 (size_t) [4684412802729771008]
	[RSP+1750] 0x0                (size_t) [0]
	[RSP+1758] 0x0                (size_t) [0]
	[RSP+1760] 0x250C525D410      (void*)
	[RSP+1768] 0x7FF73B3C4E57     (void* -> SkyrimSE.exe+0FA4E57	add rbx, 0x08)
	[RSP+1770] 0x250C525D3F8      (void*)
	[RSP+1778] 0x7FF73BB96840     (void* -> SkyrimSE.exe+1776840	jo 0x00007FF73BB968B2)
	[RSP+1780] 0x2                (size_t) [2]
	[RSP+1788] 0x24F39F42E80      (NiCamera*)
		Name: "WorldRoot Camera"
		RTTIName: "NiCamera"
		Flags: kSelectiveUpdate | kSelectiveUpdateTransforms | kSelectiveUpdateController
		Checking Parent: 0
			Name: "WorldRoot CameraNode"
			RTTIName: "NiNode"
			Flags: kSelectiveUpdate | kSelectiveUpdateTransforms | kSelectiveUpdateController
			Checking Parent: 0
				Name: "WorldRoot Node"
				RTTIName: "SceneGraph"
				Flags: kSelectiveUpdate | kSelectiveUpdateTransforms | kSelectiveUpdateController
		Name: "WorldRoot Camera"
	[RSP+1790] 0xFFFFFFFFFFFFFFFE (size_t) [uint: 18446744073709551614 int: -2]
	[RSP+1798] 0x7FF73BB88160     (void* -> SkyrimSE.exe+1768160	sbb bh, cl)
	[RSP+17A0] 0xBDD16FF708       (void*)
	[RSP+17A8] 0x7FF73BB88160     (void* -> SkyrimSE.exe+1768160	sbb bh, cl)
	[RSP+17B0] 0xBDD16FF708       (void*)
	[RSP+17B8] 0x24F32807640      (ScrapHeap*)
	[RSP+17C0] 0x250C525D3F0      (void*)
	[RSP+17C8] 0x7FF700000006     (size_t) [140698833649670]
	[RSP+17D0] 0x7FFC00000006     (size_t) [140720308486150]
	[RSP+17D8] 0x25078A566C0      (void*)
	[RSP+17E0] 0x0                (size_t) [0]
	[RSP+17E8] 0x0                (size_t) [0]
	[RSP+17F0] 0x24F32806F70      (void*)
	[RSP+17F8] 0x768              (size_t) [1896]
	[RSP+1800] 0x24F3A06A700      (Main*)
	[RSP+1808] 0x1                (size_t) [1]
	[RSP+1810] 0x24F39F42E80      (NiCamera*)
		Name: "WorldRoot Camera"
		RTTIName: "NiCamera"
		Flags: kSelectiveUpdate | kSelectiveUpdateTransforms | kSelectiveUpdateController
		Checking Parent: 0
			Name: "WorldRoot CameraNode"
			RTTIName: "NiNode"
			Flags: kSelectiveUpdate | kSelectiveUpdateTransforms | kSelectiveUpdateController
			Checking Parent: 0
				Name: "WorldRoot Node"
				RTTIName: "SceneGraph"
				Flags: kSelectiveUpdate | kSelectiveUpdateTransforms | kSelectiveUpdateController
		Name: "WorldRoot Camera"
	[RSP+1818] 0x2                (size_t) [2]
	[RSP+1820] 0xBDD16FF7C0       (void*)
	[RSP+1828] 0x7FF73AA66995     (void* -> SkyrimSE.exe+0646995	call 0x00007FF73AD9B2E0)
	[RSP+1830] 0x2                (size_t) [2]
	[RSP+1838] 0xBD00000002       (size_t) [811748818946]
	[RSP+1840] 0x24F32806F70      (void*)
	[RSP+1848] 0x7FF73D57D008     (void* -> SkyrimSE.exe+315D008	loopne 0x00007FF73D57CFB8)
	[RSP+1850] 0x0                (size_t) [0]
	[RSP+1858] 0x0                (size_t) [0]
	[RSP+1860] 0x0                (size_t) [0]
	[RSP+1868] 0x7FFDA939D710     (void* -> USER32.dll+00AD710	sar byte ptr [rcx+rsi*1-0x57], 0x01)
	[RSP+1870] 0x0                (size_t) [0]
	[RSP+1878] 0x7FFD00000002     (size_t) [140724603453442]
	[RSP+1880] 0x0                (size_t) [0]
	[RSP+1888] 0x0                (size_t) [0]
	[RSP+1890] 0x100000000        (size_t) [4294967296]
	[RSP+1898] 0x22               (size_t) [34]
	[RSP+18A0] 0xBDD16FF828       (void*)
	[RSP+18A8] 0x200000030        (size_t) [8589934640]
	[RSP+18B0] 0x24F32807640      (ScrapHeap*)
	[RSP+18B8] 0x0                (size_t) [0]
	[RSP+18C0] 0xBDD16FF808       (void*)
	[RSP+18C8] 0x0                (size_t) [0]
	[RSP+18D0] 0x0                (size_t) [0]
	[RSP+18D8] 0x0                (size_t) [0]
	[RSP+18E0] 0x0                (size_t) [0]
	[RSP+18E8] 0x0                (size_t) [0]
	[RSP+18F0] 0x0                (size_t) [0]
	[RSP+18F8] 0x0                (size_t) [0]
	[RSP+1900] 0x7FFDAA7BF600     (void* -> ntdll.dll+015F600	jmp [0x00007FFDAA844168])
	[RSP+1908] 0x7FFDA92F8EEF     (void* -> USER32.dll+0008EEF	nop [rax+rax*1], eax)
	[RSP+1910] 0x27245BA97F0A     (size_t) [43037110140682]
	[RSP+1918] 0x7FFC6E14DB7B     (void* -> gameoverlayrenderer64.dll+009DB7B	test al, al)
	[RSP+1920] 0x0                (size_t) [0]
	[RSP+1928] 0x0                (size_t) [0]
	[RSP+1930] 0x0                (size_t) [0]
	[RSP+1938] 0x0                (size_t) [0]
	[RSP+1940] 0x0                (size_t) [0]
	[RSP+1948] 0x0                (size_t) [0]
	[RSP+1950] 0x0                (size_t) [0]
	[RSP+1958] 0xFFFFFFFFFFFFFFFE (size_t) [uint: 18446744073709551614 int: -2]
	[RSP+1960] 0x0                (size_t) [0]
	[RSP+1968] 0x0                (size_t) [0]
	[RSP+1970] 0x0                (size_t) [0]
	[RSP+1978] 0x0                (size_t) [0]
	[RSP+1980] 0x0                (size_t) [0]
	[RSP+1988] 0x7FFC730F45E9     (void* -> hdtSMP64.dll+00C45E9	cmp byte ptr [rbx+0x10], 0x00 |  C:\Games\Faster HDT-SMP\skse64_2_02_06\src\skse64\hdtSMP64\Hooks.cpp:314 hdt::UnkEngine::onFrame (mangled: ?onFrame@UnkEngine@hdt@@QEAAXXZ))
	[RSP+1990] 0x24F3A06A700      (Main*)
	[RSP+1998] 0x0                (size_t) [0]
	[RSP+19A0] 0x69149A           (size_t) [6886554]
	[RSP+19A8] 0x0                (size_t) [0]
	[RSP+19B0] 0x69149A           (size_t) [6886554]
	[RSP+19B8] 0x0                (size_t) [0]
	[RSP+19C0] 0x0                (size_t) [0]
	[RSP+19C8] 0x7FFC79CBB7B3     (void* -> BetterThirdPersonSelection.dll+007B7B3	call 0x00007FFC79C49282)
	[RSP+19D0] 0x0                (size_t) [0]
	[RSP+19D8] 0x7FFC6E14E2A0     (void* -> gameoverlayrenderer64.dll+009E2A0	mov rbx, [rsp+0x40])
	[RSP+19E0] 0x0                (size_t) [0]
	[RSP+19E8] 0x7FFDA9310299     (void* -> USER32.dll+0020299	xor ecx, ecx)
	[RSP+19F0] 0x7FF6BBB9000E     (void*)
	[RSP+19F8] 0x24F3A06A700      (Main*)
	[RSP+1A00] 0x0                (size_t) [0]
	[RSP+1A08] 0x41A930B5D784     (size_t) [72194922502020]
	[RSP+1A10] 0x0                (size_t) [0]
	[RSP+1A18] 0x7FF73AA5EAD5     (void* -> SkyrimSE.exe+063EAD5	test bl, bl)
	[RSP+1A20] 0x0                (size_t) [0]
	[RSP+1A28] 0x0                (size_t) [0]
	[RSP+1A30] 0x0                (size_t) [0]
	[RSP+1A38] 0x69149A           (size_t) [6886554]
	[RSP+1A40] 0x1                (size_t) [1]
	[RSP+1A48] 0x0                (size_t) [0]
	[RSP+1A50] 0x22               (size_t) [34]
	[RSP+1A58] 0x7FFDA7CA41FB     (void* -> ucrtbase.dll+00841FB	mov rax, [rsp+0x30])
	[RSP+1A60] 0x24F2F22DE26      (char*) """
	[RSP+1A68] 0x0                (size_t) [0]
	[RSP+1A70] 0x81568            (size_t) [529768]
	[RSP+1A78] 0x60               (size_t) [96]
	[RSP+1A80] 0x80000006         (size_t) [2147483654]
	[RSP+1A88] 0x0                (size_t) [0]
	[RSP+1A90] 0x436002A98D8      (size_t) [4629977536728]
	[RSP+1A98] 0x1F4              (size_t) [500]
	[RSP+1AA0] 0x0                (size_t) [0]
	[RSP+1AA8] 0x7FF73B95BB8E     (void* -> SkyrimSE.exe+153BB8E	mov ebx, eax)
	[RSP+1AB0] 0xA                (size_t) [10]
	[RSP+1AB8] 0x0                (size_t) [0]
	[RSP+1AC0] 0x0                (size_t) [0]
	[RSP+1AC8] 0x0                (size_t) [0]
	[RSP+1AD0] 0x0                (size_t) [0]
	[RSP+1AD8] 0x0                (size_t) [0]
	[RSP+1AE0] 0x0                (size_t) [0]
	[RSP+1AE8] 0x7FFDA924E8D7     (void* -> KERNEL32.DLL+002E8D7	mov ecx, eax)
	[RSP+1AF0] 0x0                (size_t) [0]
	[RSP+1AF8] 0x0                (size_t) [0]
	[RSP+1B00] 0x0                (size_t) [0]
	[RSP+1B08] 0x0                (size_t) [0]
	[RSP+1B10] 0x0                (size_t) [0]
	[RSP+1B18] 0x7FFDAA73FBCC     (void* -> ntdll.dll+00DFBCC	jmp 0x00007FFDAA73FBF6)
	[RSP+1B20] 0x0                (size_t) [0]
	[RSP+1B28] 0x0                (size_t) [0]
	[RSP+1B30] 0x4F0FFFFFB30      (size_t) [5433133628208]
	[RSP+1B38] 0x4D0FFFFFB30      (size_t) [5295694674736]
	[RSP+1B40] 0x21               (size_t) [33]
	[RSP+1B48] 0x7FFDA7EBD2E0     (void* -> KERNELBASE.dll+011D2E0	mov [rsp+0x10], rbx)
	[RSP+1B50] 0xBDD16FCA40       (void*)
	[RSP+1B58] 0xBDD16FCA40       (void*)
	[RSP+1B60] 0x0                (size_t) [0]
	[RSP+1B68] 0x0                (size_t) [0]
	[RSP+1B70] 0x0                (size_t) [0]
	[RSP+1B78] 0x0                (size_t) [0]
	[RSP+1B80] 0x0                (size_t) [0]
	[RSP+1B88] 0x0                (size_t) [0]
	[RSP+1B90] 0x0                (size_t) [0]
	[RSP+1B98] 0x0                (size_t) [0]
	[RSP+1BA0] 0x0                (size_t) [0]
	[RSP+1BA8] 0x0                (size_t) [0]
	[RSP+1BB0] 0x0                (size_t) [0]
	[RSP+1BB8] 0x0                (size_t) [0]
	[RSP+1BC0] 0x0                (size_t) [0]
	[RSP+1BC8] 0x0                (size_t) [0]
	[RSP+1BD0] 0x0                (size_t) [0]
	[RSP+1BD8] 0x0                (size_t) [0]
	[RSP+1BE0] 0x0                (size_t) [0]
	[RSP+1BE8] 0x0                (size_t) [0]
	[RSP+1BF0] 0x0                (size_t) [0]
	[RSP+1BF8] 0x0                (size_t) [0]
	[RSP+1C00] 0x0                (size_t) [0]
	[RSP+1C08] 0x0                (size_t) [0]
	[RSP+1C10] 0x0                (size_t) [0]
	[RSP+1C18] 0x0                (size_t) [0]
	[RSP+1C20] 0x0                (size_t) [0]
	[RSP+1C28] 0x0                (size_t) [0]
	[RSP+1C30] 0x0                (size_t) [0]
	[RSP+1C38] 0x0                (size_t) [0]
	[RSP+1C40] 0x0                (size_t) [0]
	[RSP+1C48] 0x0                (size_t) [0]
	[RSP+1C50] 0x0                (size_t) [0]
	[RSP+1C58] 0x0                (size_t) [0]
	[RSP+1C60] 0x0                (size_t) [0]
	[RSP+1C68] 0x0                (size_t) [0]
	[RSP+1C70] 0x0                (size_t) [0]
	[RSP+1C78] 0x0                (size_t) [0]
	[RSP+1C80] 0x0                (size_t) [0]
	[RSP+1C88] 0x0                (size_t) [0]
	[RSP+1C90] 0x0                (size_t) [0]
	[RSP+1C98] 0x0                (size_t) [0]
	[RSP+1CA0] 0x0                (size_t) [0]
	[RSP+1CA8] 0x0                (size_t) [0]
	[RSP+1CB0] 0x0                (size_t) [0]
	[RSP+1CB8] 0x0                (size_t) [0]
	[RSP+1CC0] 0x0                (size_t) [0]
	[RSP+1CC8] 0x0                (size_t) [0]
	[RSP+1CD0] 0x0                (size_t) [0]
	[RSP+1CD8] 0x0                (size_t) [0]
	[RSP+1CE0] 0x0                (size_t) [0]
	[RSP+1CE8] 0x0                (size_t) [0]
	[RSP+1CF0] 0x0                (size_t) [0]
	[RSP+1CF8] 0x0                (size_t) [0]
	[RSP+1D00] 0x0                (size_t) [0]
	[RSP+1D08] 0x0                (size_t) [0]
	[RSP+1D10] 0x0                (size_t) [0]
	[RSP+1D18] 0x0                (size_t) [0]
	[RSP+1D20] 0x0                (size_t) [0]
	[RSP+1D28] 0x0                (size_t) [0]
	[RSP+1D30] 0x0                (size_t) [0]
	[RSP+1D38] 0x0                (size_t) [0]
	[RSP+1D40] 0x0                (size_t) [0]
	[RSP+1D48] 0x0                (size_t) [0]
	[RSP+1D50] 0x0                (size_t) [0]
	[RSP+1D58] 0x0                (size_t) [0]
	[RSP+1D60] 0x0                (size_t) [0]
	[RSP+1D68] 0x0                (size_t) [0]
	[RSP+1D70] 0x0                (size_t) [0]
	[RSP+1D78] 0x0                (size_t) [0]
	[RSP+1D80] 0x0                (size_t) [0]
	[RSP+1D88] 0x0                (size_t) [0]
	[RSP+1D90] 0x0                (size_t) [0]
	[RSP+1D98] 0x0                (size_t) [0]
	[RSP+1DA0] 0x0                (size_t) [0]
	[RSP+1DA8] 0x0                (size_t) [0]
	[RSP+1DB0] 0x0                (size_t) [0]
	[RSP+1DB8] 0x0                (size_t) [0]
	[RSP+1DC0] 0x0                (size_t) [0]
	[RSP+1DC8] 0x0                (size_t) [0]
	[RSP+1DD0] 0x0                (size_t) [0]
	[RSP+1DD8] 0x0                (size_t) [0]
	[RSP+1DE0] 0x0                (size_t) [0]
	[RSP+1DE8] 0x0                (size_t) [0]
	[RSP+1DF0] 0x0                (size_t) [0]
	[RSP+1DF8] 0x0                (size_t) [0]
	[RSP+1E00] 0x0                (size_t) [0]
	[RSP+1E08] 0x0                (size_t) [0]
	[RSP+1E10] 0x0                (size_t) [0]
	[RSP+1E18] 0x0                (size_t) [0]
	[RSP+1E20] 0x0                (size_t) [0]
	[RSP+1E28] 0x0                (size_t) [0]
	[RSP+1E30] 0x0                (size_t) [0]
	[RSP+1E38] 0x0                (size_t) [0]
	[RSP+1E40] 0x0                (size_t) [0]
	[RSP+1E48] 0x0                (size_t) [0]
	[RSP+1E50] 0x0                (size_t) [0]
	[RSP+1E58] 0x0                (size_t) [0]
	[RSP+1E60] 0x0                (size_t) [0]
	[RSP+1E68] 0x0                (size_t) [0]
	[RSP+1E70] 0x0                (size_t) [0]
	[RSP+1E78] 0x0                (size_t) [0]
	[RSP+1E80] 0x0                (size_t) [0]
	[RSP+1E88] 0x0                (size_t) [0]
	[RSP+1E90] 0x0                (size_t) [0]
	[RSP+1E98] 0x0                (size_t) [0]
	[RSP+1EA0] 0x0                (size_t) [0]
	[RSP+1EA8] 0x0                (size_t) [0]
	[RSP+1EB0] 0x0                (size_t) [0]
	[RSP+1EB8] 0x0                (size_t) [0]
	[RSP+1EC0] 0x0                (size_t) [0]
	[RSP+1EC8] 0x0                (size_t) [0]
	[RSP+1ED0] 0x0                (size_t) [0]
	[RSP+1ED8] 0x0                (size_t) [0]
	[RSP+1EE0] 0x0                (size_t) [0]
	[RSP+1EE8] 0x0                (size_t) [0]
	[RSP+1EF0] 0x0                (size_t) [0]
	[RSP+1EF8] 0x0                (size_t) [0]
	[RSP+1F00] 0x0                (size_t) [0]
	[RSP+1F08] 0x0                (size_t) [0]
	[RSP+1F10] 0x0                (size_t) [0]
	[RSP+1F18] 0x0                (size_t) [0]
	[RSP+1F20] 0x0                (size_t) [0]
	[RSP+1F28] 0x0                (size_t) [0]
	[RSP+1F30] 0x0                (size_t) [0]
	[RSP+1F38] 0x0                (size_t) [0]
	[RSP+1F40] 0x0                (size_t) [0]
	[RSP+1F48] 0x0                (size_t) [0]
	[RSP+1F50] 0x0                (size_t) [0]
	[RSP+1F58] 0x0                (size_t) [0]
	[RSP+1F60] 0x0                (size_t) [0]
	[RSP+1F68] 0x0                (size_t) [0]
	[RSP+1F70] 0x0                (size_t) [0]
	[RSP+1F78] 0x0                (size_t) [0]
	[RSP+1F80] 0x0                (size_t) [0]
	[RSP+1F88] 0x0                (size_t) [0]
	[RSP+1F90] 0x0                (size_t) [0]
	[RSP+1F98] 0x0                (size_t) [0]
	[RSP+1FA0] 0x0                (size_t) [0]
	[RSP+1FA8] 0x0                (size_t) [0]
	[RSP+1FB0] 0x0                (size_t) [0]
	[RSP+1FB8] 0x0                (size_t) [0]
	[RSP+1FC0] 0x0                (size_t) [0]
	[RSP+1FC8] 0x0                (size_t) [0]
	[RSP+1FD0] 0x0                (size_t) [0]
	[RSP+1FD8] 0x0                (size_t) [0]
	[RSP+1FE0] 0x0                (size_t) [0]
	[RSP+1FE8] 0x0                (size_t) [0]
	[RSP+1FF0] 0x0                (size_t) [0]
	[RSP+1FF8] 0x0                (size_t) [0]
	[RSP+2000] 0x0                (size_t) [0]
	[RSP+2008] 0x0                (size_t) [0]
	[RSP+2010] 0x0                (size_t) [0]
	[RSP+2018] 0x0                (size_t) [0]
	[RSP+2020] 0x0                (size_t) [0]
	[RSP+2028] 0x0                (size_t) [0]
	[RSP+2030] 0x0                (size_t) [0]
	[RSP+2038] 0x0                (size_t) [0]
	[RSP+2040] 0x0                (size_t) [0]
	[RSP+2048] 0x0                (size_t) [0]
	[RSP+2050] 0x0                (size_t) [0]
	[RSP+2058] 0x0                (size_t) [0]
	[RSP+2060] 0x0                (size_t) [0]
	[RSP+2068] 0x0                (size_t) [0]
	[RSP+2070] 0x0                (size_t) [0]
	[RSP+2078] 0x0                (size_t) [0]
	[RSP+2080] 0x0                (size_t) [0]
	[RSP+2088] 0x0                (size_t) [0]
	[RSP+2090] 0x0                (size_t) [0]
	[RSP+2098] 0x0                (size_t) [0]
	[RSP+20A0] 0x0                (size_t) [0]
	[RSP+20A8] 0x0                (size_t) [0]

MODULES:
	XINPUT1_3.dll                         0x000000400000
	X3DAudio1_7.dll                       0x000072300000
	tbbmalloc.dll                         0x000180000000
	tbb.dll                               0x024F30EF0000
	PartialAnimationReplacer.dll          0x024F584E0000
	SkyrimSE.exe                          0x7FF73A420000
	XAudio2_7.dll                         0x7FFC69910000
	nvngx_dlss.dll                        0x7FFC6A540000
	_nvngx.dll                            0x7FFC6DE60000
	sl.common.dll                         0x7FFC6E000000
	gameoverlayrenderer64.dll             0x7FFC6E0B0000
	WhichKey-NG.dll                       0x7FFC6E250000
	Weightless.dll                        0x7FFC6E3E0000
	UnequipQuiverNG.dll                   0x7FFC6E500000
	TrueDirectionalMovement.dll           0x7FFC6E5A0000
	TheNewGentleman.dll                   0x7FFC6E6A0000
	SSEDisplayTweaks.dll                  0x7FFC6E7C0000
	SoundRecordDistributor.dll            0x7FFC6E860000
	SkyrimLovense.dll                     0x7FFC6E940000
	SkyPatcher.dll                        0x7FFC6EAE0000
	skee64.dll                            0x7FFC6ECD0000
	SexLabUtil.dll                        0x7FFC6EF40000
	ScrambledBugs.dll                     0x7FFC6F1A0000
	ScrabsPapyrusExtender.dll             0x7FFC6F240000
	ReadingIsBad.dll                      0x7FFC6F3D0000
	race-compatibility.dll                0x7FFC6F480000
	QuickLootIE.dll                       0x7FFC6F560000
	QuickArmorRebalance.dll               0x7FFC6F7A0000
	qui.dll                               0x7FFC6FA70000
	po3_Tweaks.dll                        0x7FFC6FBC0000
	po3_SplashesOfStorms.dll              0x7FFC6FCC0000
	po3_SpellPerkItemDistributor.dll      0x7FFC6FDB0000
	po3_SimpleOffenceSuppression.dll      0x7FFC6FF70000
	po3_SimpleActivateSKSE.dll            0x7FFC70010000
	po3_SaveUnbaker.dll                   0x7FFC704B0000
	po3_PapyrusExtender.dll               0x7FFC70550000
	po3_MoonMod.dll                       0x7FFC70830000
	po3_MagicSneakAttacks.dll             0x7FFC708E0000
	po3_LightPlacer.dll                   0x7FFC709C0000
	po3_KeywordItemDistributor.dll        0x7FFC70B60000
	po3_EnhancedInvisibility.dll          0x7FFC70D00000
	po3_ENBLightForEffectShaders.dll      0x7FFC70DB0000
	po3_DualCastingFix.dll                0x7FFC70EA0000
	po3_DialogueHistory.dll               0x7FFC70F40000
	po3_BaseObjectSwapper.dll             0x7FFC71250000
	po3_AnimObjectSwapper.dll             0x7FFC713A0000
	PerkEntryPointExtender.dll            0x7FFC71450000
	PerkAdjuster.dll                      0x7FFC715D0000
	PapyrusUtil.dll                       0x7FFC717F0000
	PapyrusTweaks.dll                     0x7FFC71960000
	OStim.dll                             0x7FFC71A60000
	OSLAroused.dll                        0x7FFC72140000
	OpenAnimationReplacer.dll             0x7FFC721E0000
	OBody.dll                             0x7FFC72540000
	NPCSpellVariance.dll                  0x7FFC725F0000
	NoOppositeGenderAnims.dll             0x7FFC726B0000
	NGIO-NG.dll                           0x7FFC727A0000
	MuSkeletonEditor.dll                  0x7FFC728E0000
	MusicTypeDistributor.dll              0x7FFC729D0000
	MuJointFix.dll                        0x7FFC72A90000
	MoreInformativeConsole.dll            0x7FFC72B60000
	mfgfix.dll                            0x7FFC72C90000
	MCMHelper.dll                         0x7FFC72D90000
	LocationalEncounterZones.dll          0x7FFC72E70000
	LeveledListCrashPrevention.dll        0x7FFC72F50000
	hdtSMP64.dll                          0x7FFC73030000
	kxWhereAreYou.dll                     0x7FFC75020000
	KreatE.dll                            0x7FFC750D0000
	k101PapyrusFunctions.dll              0x7FFC75280000
	JContainers64.dll                     0x7FFC75380000
	IWantWidgetsNative.dll                0x7FFC75660000
	DynamicDialogueReplacer.dll           0x7FFC759A0000
	CommunityShaders.dll                  0x7FFC75B80000
	MapMarkerFramework.dll                0x7FFC772D0000
	GetIniConsoleFix.dll                  0x7FFC77370000
	DeviousDevices.dll                    0x7FFC77440000
	InventoryInjector.dll                 0x7FFC77730000
	FormListManipulator.dll               0x7FFC77C50000
	PayloadInterpreter.dll                0x7FFC78FC0000
	DynamicStringDistributor.dll          0x7FFC79030000
	CrashLogger.dll                       0x7FFC79150000
	PrivateProfileRedirector.dll          0x7FFC79440000
	DynamicMagicModificationFramework.dll 0x7FFC79B10000
	BetterThirdPersonSelection.dll        0x7FFC79C40000
	steamclient64.dll                     0x7FFC79EB0000
	InstantlySkipDialogueNG.dll           0x7FFC89020000
	ConsoleUtilSSE.dll                    0x7FFC890D0000
	ComprehensiveAttackRatePatch.dll      0x7FFC8A640000
	DynDOLOD.DLL                          0x7FFC8CC30000
	ActorValueExtension.dll               0x7FFC8CD10000
	CurrencySwapper.dll                   0x7FFC90390000
	ControlledCasting.dll                 0x7FFC91A10000
	ContainerDistributionFramework.dll    0x7FFC933D0000
	CONCRT140.dll                         0x7FFC97780000
	D3DCOMPILER_47.dll                    0x7FFC97F50000
	GrassCacheHelperNG.dll                0x7FFCA8330000
	HDLocalMap.dll                        0x7FFCA9710000
	cbp.dll                               0x7FFCB46A0000
	PAPER.dll                             0x7FFCD36C0000
	PairedAnimationImprovements.dll       0x7FFCD53B0000
	FISS.dll                              0x7FFCD57E0000
	ContainerItemDistributor.dll          0x7FFCE3BD0000
	BoundWeaponFix.dll                    0x7FFCE3C80000
	FaceGenFixes.dll                      0x7FFCE9130000
	BehaviorDataInjector.dll              0x7FFCE93C0000
	AchievementInjector.dll               0x7FFCE9520000
	WINHTTP.dll                           0x7FFCE97A0000
	NativeEditorIDFix.dll                 0x7FFCEA480000
	nvdxgdmal64.dll                       0x7FFD263D0000
	nvcuda64.dll                          0x7FFD264C0000
	dbgcore.DLL                           0x7FFD3F0E0000
	nvppex.dll                            0x7FFD513A0000
	CaptureWarmer.dll                     0x7FFD516D0000
	Ammo_Patcher.dll                      0x7FFD51770000
	SKSEMenuFramework.dll                 0x7FFD518C0000
	ImWalkinHere.dll                      0x7FFD55D70000
	AddItemMenuSE.dll                     0x7FFD55DD0000
	EnemiesRespectEncounterZones.dll      0x7FFD58FE0000
	BugFixesSSE.dll                       0x7FFD5E410000
	EngineFixes.dll                       0x7FFD5E4C0000
	NvTelemetryBridge64.dll               0x7FFD5E5D0000
	CraftingCategories.dll                0x7FFD5E7F0000
	sl.interposer.dll                     0x7FFD5EE50000
	AnimationQueueFix.dll                 0x7FFD5FCE0000
	AHZmoreHUDPlugin.dll                  0x7FFD60940000
	Fuz Ro D'oh.dll                       0x7FFD60AC0000
	tier0_s64.dll                         0x7FFD60B20000
	ActorLimitFix.dll                     0x7FFD60E00000
	skse64_1_6_1170.dll                   0x7FFD614B0000
	AHZmoreHUDInventory.dll               0x7FFD69300000
	encounter_zones_unlocked.dll          0x7FFD6EB60000
	sl.dlss.dll                           0x7FFD718F0000
	nvspcap64.dll                         0x7FFD739A0000
	winmmbase.dll                         0x7FFD77BB0000
	d3d12.dll                             0x7FFD77BF0000
	threadpoolwinrt.dll                   0x7FFD782B0000
	uiautomationcore.dll                  0x7FFD7A1F0000
	msdmo.dll                             0x7FFD80410000
	ResampleDmo.DLL                       0x7FFD80430000
	DSOUND.DLL                            0x7FFD804F0000
	MSVCP140_ATOMIC_WAIT.dll              0x7FFD80590000
	sl.reflex.dll                         0x7FFD84660000
	Windows.UI.dll                        0x7FFD859D0000
	NvTelemetryAPI64.dll                  0x7FFD85E50000
	nvwgf2umx.dll                         0x7FFD861D0000
	COMCTL32.dll                          0x7FFD8A900000
	WINSPOOL.DRV                          0x7FFD8ACE0000
	OLEACC.dll                            0x7FFD8ADA0000
	nvgpucomp64.dll                       0x7FFD8AE20000
	SkyrimUncapper.dll                    0x7FFD8E5B0000
	BarterLimitFix.dll                    0x7FFD8E700000
	vstdlib_s64.dll                       0x7FFD8E740000
	VCOMP140.DLL                          0x7FFD8E800000
	VoltekLib.RelocationDatabase.dll      0x7FFD8E830000
	xinput1_4.dll                         0x7FFD8EFB0000
	VoltekLib.MemoryManager.dll           0x7FFD8EFD0000
	VoltekLib.Detours.dll                 0x7FFD8F000000
	bink2w64.dll                          0x7FFD8F080000
	inputhost.dll                         0x7FFD8F5C0000
	nvldumdx.dll                          0x7FFD8F810000
	ncryptsslp.dll                        0x7FFD8FA80000
	textinputframework.dll                0x7FFD8FF30000
	CoreUIComponents.dll                  0x7FFD90EE0000
	MSIMG32.dll                           0x7FFD92CB0000
	webio.dll                             0x7FFD93A80000
	AUDIOSES.DLL                          0x7FFD93C20000
	gdiplus.dll                           0x7FFD942A0000
	COMCTL32.dll                          0x7FFD946F0000
	SMP-NPC crash fix.dll                 0x7FFD975C0000
	ELIF.dll                              0x7FFD975D0000
	VoltekLib.UnicodeConverter.dll        0x7FFD975E0000
	d3dx9_42.dll                          0x7FFD97620000
	DINPUT8.dll                           0x7FFD97640000
	steam_api64.dll                       0x7FFD97690000
	VCRUNTIME140_1.dll                    0x7FFD99200000
	VCRUNTIME140.dll                      0x7FFD99210000
	MSVCP140.dll                          0x7FFD99230000
	MPR.dll                               0x7FFD99780000
	avrt.dll                              0x7FFD9A2F0000
	DEVRTL.dll                            0x7FFD9BFF0000
	NvMessageBus.dll                      0x7FFD9C500000
	SPINF.dll                             0x7FFD9CC20000
	nvapi64.dll                           0x7FFD9CC70000
	WINMM.dll                             0x7FFD9D680000
	dbghelp.dll                           0x7FFD9EFA0000
	drvstore.dll                          0x7FFD9FCD0000
	cryptnet.dll                          0x7FFD9FE80000
	VERSION.dll                           0x7FFD9FEC0000
	fwpuclnt.dll                          0x7FFDA00E0000
	wevtapi.dll                           0x7FFDA0AD0000
	WINNSI.DLL                            0x7FFDA1E10000
	WINHTTP.DLL                           0x7FFDA1EF0000
	d3d11.dll                             0x7FFDA2020000
	dcomp.dll                             0x7FFDA22B0000
	Microsoft.Internal.WarpPal.dll        0x7FFDA2500000
	MSVCP140_CODECVT_IDS.dll              0x7FFDA2650000
	CoreMessaging.dll                     0x7FFDA2AC0000
	MMDevApi.dll                          0x7FFDA2EF0000
	apphelp.dll                           0x7FFDA3020000
	Secur32.dll                           0x7FFDA3590000
	rasadhlp.dll                          0x7FFDA3880000
	wintypes.dll                          0x7FFDA3B20000
	windowscodecs.dll                     0x7FFDA4A70000
	UxTheme.dll                           0x7FFDA4CF0000
	dxcore.dll                            0x7FFDA4E80000
	directxdatabasehelper.dll             0x7FFDA4EF0000
	dxgi.dll                              0x7FFDA4F50000
	dwmapi.dll                            0x7FFDA50A0000
	resourcepolicyclient.dll              0x7FFDA5330000
	windows.storage.dll                   0x7FFDA5720000
	HID.DLL                               0x7FFDA5F60000
	IPHLPAPI.DLL                          0x7FFDA6250000
	DNSAPI.dll                            0x7FFDA62E0000
	schannel.DLL                          0x7FFDA6670000
	rsaenh.dll                            0x7FFDA6790000
	kernel.appcore.dll                    0x7FFDA6830000
	ntmarta.dll                           0x7FFDA6950000
	SSPICLI.DLL                           0x7FFDA6B40000
	MSWSOCK.dll                           0x7FFDA6D80000
	gpapi.dll                             0x7FFDA6DF0000
	UMPDC.dll                             0x7FFDA6E70000
	powrprof.dll                          0x7FFDA6E90000
	CRYPTBASE.DLL                         0x7FFDA7050000
	wldp.dll                              0x7FFDA70F0000
	CRYPTSP.dll                           0x7FFDA71D0000
	MSASN1.dll                            0x7FFDA7230000
	NTASN1.dll                            0x7FFDA72D0000
	ncrypt.dll                            0x7FFDA7320000
	bcrypt.dll                            0x7FFDA7360000
	devobj.dll                            0x7FFDA7690000
	cfgmgr32.dll                          0x7FFDA76C0000
	DPAPI.DLL                             0x7FFDA7750000
	profapi.dll                           0x7FFDA7940000
	gdi32full.dll                         0x7FFDA7AF0000
	ucrtbase.dll                          0x7FFDA7C20000
	win32u.dll                            0x7FFDA7D70000
	KERNELBASE.dll                        0x7FFDA7DA0000
	bcryptPrimitives.dll                  0x7FFDA8160000
	msvcp_win.dll                         0x7FFDA8200000
	CRYPT32.dll                           0x7FFDA82B0000
	wintrust.dll                          0x7FFDA8430000
	PSAPI.DLL                             0x7FFDA84C0000
	RPCRT4.dll                            0x7FFDA84D0000
	SETUPAPI.dll                          0x7FFDA87C0000
	NSI.dll                               0x7FFDA8C50000
	clbcatq.dll                           0x7FFDA8CE0000
	ole32.dll                             0x7FFDA8E70000
	SHLWAPI.dll                           0x7FFDA9070000
	IMM32.DLL                             0x7FFDA90D0000
	imagehlp.dll                          0x7FFDA9110000
	OLEAUT32.dll                          0x7FFDA9140000
	KERNEL32.DLL                          0x7FFDA9220000
	USER32.dll                            0x7FFDA92F0000
	MSCTF.dll                             0x7FFDA94C0000
	WS2_32.dll                            0x7FFDA9620000
	sechost.dll                           0x7FFDA96A0000
	SHELL32.dll                           0x7FFDA9760000
	COMDLG32.dll                          0x7FFDA9E70000
	shcore.dll                            0x7FFDA9F60000
	GDI32.dll                             0x7FFDAA060000
	msvcrt.dll                            0x7FFDAA090000
	combase.dll                           0x7FFDAA140000
	ADVAPI32.dll                          0x7FFDAA4D0000
	ntdll.dll                             0x7FFDAA660000

SKSE PLUGINS:
	AchievementInjector.dll v0.0.1
	ActorLimitFix.dll
	ActorValueExtension.dll v1.9.5.6
	AddItemMenuSE.dll
	AHZmoreHUDInventory.dll v2.1.3
	AHZmoreHUDPlugin.dll v5.2.2
	Ammo_Patcher.dll v1.2.0.1
	AnimationQueueFix.dll v1.0.1
	BarterLimitFix.dll
	BehaviorDataInjector.dll v0.1.3
	BetterThirdPersonSelection.dll v1
	BoundWeaponFix.dll v1
	BugFixesSSE.dll
	CaptureWarmer.dll v1.2
	cbp.dll
	CommunityShaders.dll v1.1.5
	ComprehensiveAttackRatePatch.dll v1.1.2.10
	ConsoleUtilSSE.dll v1.0.1
	ContainerDistributionFramework.dll v2.2.1
	ContainerItemDistributor.dll v2.1.3
	ControlledCasting.dll v3
	CraftingCategories.dll v1.1.1
	CrashLogger.dll v1.15
	CurrencySwapper.dll v1.1
	DeviousDevices.dll v3.0.0.1
	DynamicDialogueReplacer.dll v1.0.2
	DynamicMagicModificationFramework.dll v1
	DynamicStringDistributor.dll v1.2.4
	DynDOLOD.DLL v3.0.33
	ELIF.dll v1.2
	encounter_zones_unlocked.dll
	EnemiesRespectEncounterZones.dll v1.4.2
	EngineFixes.dll v6.1.1
	FaceGenFixes.dll v1.0.3
	FISS.dll
	FormListManipulator.dll v1.8.1
	Fuz Ro D'oh.dll v2.5.8.123
	GetIniConsoleFix.dll v1.0.1
	GrassCacheHelperNG.dll v1.0.1
	HDLocalMap.dll v1.0.3
	hdtSMP64.dll
	ImWalkinHere.dll v1.7
	InstantlySkipDialogueNG.dll v1.1.1
	InventoryInjector.dll v1.1
	IWantWidgetsNative.dll
	JContainers64.dll v4.2.9
	k101PapyrusFunctions.dll v1
	KreatE.dll v1.3.1
	kxWhereAreYou.dll
	LeveledListCrashPrevention.dll v1.0.1
	LocationalEncounterZones.dll v1.0.2
	MapMarkerFramework.dll v2.2.1
	MCMHelper.dll v1.5
	mfgfix.dll v1
	MoreInformativeConsole.dll v1.2.2
	MuJointFix.dll v2.1.2
	MusicTypeDistributor.dll v1.4
	MuSkeletonEditor.dll v0.6.3
	NativeEditorIDFix.dll v1.2.2
	NGIO-NG.dll v1.2.4.1
	NoOppositeGenderAnims.dll v1.1
	NPCSpellVariance.dll v1
	OBody.dll v1
	OpenAnimationReplacer.dll v2.3.6
	OSLAroused.dll v2.5
	OStim.dll v7.3.4
	PairedAnimationImprovements.dll v1.0.2
	PAPER.dll v2.2.4
	PapyrusTweaks.dll v4.1
	PapyrusUtil.dll
	PartialAnimationReplacer.dll v0.1
	PayloadInterpreter.dll v1
	PerkAdjuster.dll v2.1
	PerkEntryPointExtender.dll v1
	po3_AnimObjectSwapper.dll v1.1.0.1
	po3_BaseObjectSwapper.dll v3.3.1.1
	po3_DialogueHistory.dll v2.0.1.1
	po3_DualCastingFix.dll v1.0.0.1
	po3_ENBLightForEffectShaders.dll v2.2.0.1
	po3_EnhancedInvisibility.dll v1.3.0.1
	po3_KeywordItemDistributor.dll v3.4.0.1
	po3_LightPlacer.dll v2.1.0.1
	po3_MagicSneakAttacks.dll v1.3.0.1
	po3_MoonMod.dll v2.0.2.1
	po3_PapyrusExtender.dll v5.9.0.1
	po3_SaveUnbaker.dll v1.0.3.1
	po3_SimpleActivateSKSE.dll v1.4.2.1
	po3_SimpleOffenceSuppression.dll v2.2.1.1
	po3_SpellPerkItemDistributor.dll v7.2.0.16
	po3_SplashesOfStorms.dll v1.3.1.1
	po3_Tweaks.dll v1.13.0.1
	PrivateProfileRedirector.dll
	qui.dll v0.4
	QuickArmorRebalance.dll
	QuickLootIE.dll v3
	race-compatibility.dll
	ReadingIsBad.dll v1.0.13
	ScrabsPapyrusExtender.dll v2.1.3
	ScrambledBugs.dll
	SexLabUtil.dll v2.11.8
	skee64.dll
	SKSEMenuFramework.dll v2.1.1
	SkyPatcher.dll v1.0.0.1
	SkyrimLovense.dll v0.1
	SkyrimUncapper.dll
	SMP-NPC crash fix.dll
	SoundRecordDistributor.dll v1.5
	SSEDisplayTweaks.dll v0.5.16
	TheNewGentleman.dll v3.0.2
	TrueDirectionalMovement.dll v2.2.6
	UnequipQuiverNG.dll v1.2
	Weightless.dll v1
	WhichKey-NG.dll v1.1

PLUGINS:
	Light: 178	Regular: 127	Total: 305
	[ 0]     Skyrim.esm
	[ 1]     Update.esm
	[ 2]     Dawnguard.esm
	[ 3]     HearthFires.esm
	[ 4]     Dragonborn.esm
	[ 5]     ccasvsse001-almsivi.esm
	[ 6]     ccBGSSSE001-Fish.esm
	[ 7]     cctwbsse001-puzzledungeon.esm
	[ 8]     cceejsse001-hstead.esm
	[ 9]     ccbgssse016-umbra.esm
	[ A]     ccbgssse031-advcyrus.esm
	[ B]     ccbgssse067-daedinv.esm
	[ C]     ccBGSSSE025-AdvDSGS.esm
	[ D]     cceejsse005-cave.esm
	[ E]     ccafdsse001-dwesanctuary.esm
	[ F]     unofficial skyrim special edition patch.esp
	[10]     Unofficial Skyrim Modders Patch.esp
	[11]     SMIM-SE-Merged-All.esp
	[12]     Immersive Wenches.esp
	[13]     YurianaWench.esp
	[14]     RaceCompatibility.esm
	[15]     Kyubi Race.esp
	[16]     Master Occlusion.esm
	[17]     Relationship Dialogue Overhaul.esp
	[18]     castle volkihar rebuilt.esp
	[19]     VLC - References.esm
	[1A]     Skyrim Extended Cut - Saints and Seducers.esp
	[1B]     SeranaDialogAddon.esp
	[1C]     Water for ENB.esm
	[1D]     SnowElfPalace.esp
	[1E]     Lonewolf's Manor.esp
	[1F]     Travellersinn.esp
	[20]     AyleidPalaceNEW.esp
	[21]     Coldhaven.esm
	[22]     SexLab.esm
	[23]     paradise_halls.esm
	[24]     ZaZAnimationPack.esm
	[25]     paradise_halls_SLExtension.esp
	[26]     PAH_AndYouGetASlave.esp
	[27]     SkystoneCastle.esp
	[28]     Better Dynamic Snow SE - DisableRefs.esm
	[29]     AyleidSanctuary.esp
	[2A]     myrwatchhomefixer.esp
	[2B]     pahe_lakeview_manor_cell.esp
	[2C]     k101Daegon.esp
	[2D]     paradise_halls_fellglow_slave_camp.esp
	[2E]     DiaryOfMine.esp
	[2F]     AyleidCitadel.esp
	[30]     Lux Via.esp
	[31]     Devious Devices - Assets.esm
	[32]     SexLabAroused.esm
	[33]     Devious Devices - Integration.esm
	[34]     Devious Devices - Expansion.esm
	[35]     ApachiiHair.esm
	[36]     FISS.esp
	[37]     Heels Sound.esm
	[38]     High Poly Head.esm
	[39]     wraithguardvaultfixer.esp
	[3A]     Devious Devices - Contraptions.esm
	[3B]     Audio Overhaul Skyrim.esp
	[3C]     Immersive Sounds - Compendium.esp
	[3D]     TrueStormsSE.esp
	[3E]     Obsidian Weathers.esp
	[3F]     Weapons Armor Clothing & Clutter Fixes.esp
	[40]     Book Covers Skyrim.esp
	[41]     Landscape Fixes For Grass Mods.esp
	[42]     MysticismMagic.esp
	[43]     Bandit War.esp
	[44]     Bloodchill_Manor_Enhanced.esp
	[45]     Embers XD.esp
	[46]     HearthfireMultiKid.esp
	[47]     waccf_armor and clothing extension.esp
	[48]     Better Vampire NPCs.esp
	[49]     Wheres Your Smelter.esp
	[4A]     PAH_HomeSweetHome.esp
	[4B]     nwsJennaFollower.esp
	[4C]     ORomance.esp
	[4D]     Book Covers Skyrim - Lost Library.esp
	[4E]     Lonewolf's Manor Addon.esp
	[4F]     ThaneFailSafe.esp
	[50]     Katana.esp
	[51]     NewmillerWitchChains.esp
	[52]     ImGladYoureHere.esp
	[53]     WhiterunSafehold.esp
	[54]     The Amazing World of Bikini Armors REMASTERED.esp
	[55]     My Home Is Your Home.esp
	[56]     Apocalypse - Magic of Skyrim.esp
	[57]     Summermyst - Enchantments of Skyrim.esp
	[58]     Adamant.esp
	[59]     FNIS.esp
	[5A]     UIExtensions.esp
	[5B]     AddItemMenuSE.esp
	[5C]     AllEnchantmentsUnlocked.esp
	[5D]     AnubAnimObj.esp
	[5E]     atkspdmod.esp
	[5F]     Better Stealth AI for Followers.esp
	[60]     nwsFollowerFramework.esp
	[61]     LustmordVampireArmor.esp
	[62]     Faction Crossbows.esp
	[63]     Pahe_Dwarven_Devious_suits.esp
	[64]     ENB Light.esp
	[65]     ICRFixes.esp
	[66]     KS Hairdo's.esp
	[67]     Lacy Teddy [SE].esp
	[68]     Merta Assassin Armor.esp
	[69]     Mining For Mages Redux.esp
	[6A]     OStimCommunityResource.esp
	[6B]     SDA_SpellToggleExtendedV2.esp
	[6C]     SLAL_AnimationsByLeito.esp
	[6D]     SLALAnimObjBillyy.esp
	[6E]     SlaveTatsMagicManager.esp
	[6F]     Strapped Outfit.esp
	[70]     SyncWigColor.esp
	[71]     XPMSE.esp
	[72]     [Melodic] Assassin Sister.esp
	[73]     [Melodic] Waitress.esp
	[74]     Better Vampires.esp
	[75]     Better Vampire Lords.esp
	[76]     alternate start - live another life.esp
	[77]     Pahe_AltStartLAL.esp
	[78]     Coldhaven LAL Extension.esp
	[79]     Water for ENB (Shades of Skyrim).esp
	[7A]     Lux.esp
	[7B]     Summermyst - WACCF Patch.esp
	[7C]     FloatingSwordFollower.esp
	[7D]     TINUHighPolyOverhaul.esp
	[7E]     Buxom Tweaks.esp
	[FE:  0] ccbgssse002-exoticarrows.esl
	[FE:  1] ccbgssse003-zombies.esl
	[FE:  2] ccbgssse004-ruinsedge.esl
	[FE:  3] ccbgssse005-goldbrand.esl
	[FE:  4] ccbgssse006-stendarshammer.esl
	[FE:  5] ccbgssse007-chrysamere.esl
	[FE:  6] ccbgssse010-petdwarvenarmoredmudcrab.esl
	[FE:  7] ccbgssse011-hrsarmrelvn.esl
	[FE:  8] ccbgssse012-hrsarmrstl.esl
	[FE:  9] ccbgssse014-spellpack01.esl
	[FE:  A] ccbgssse019-staffofsheogorath.esl
	[FE:  B] ccbgssse020-graycowl.esl
	[FE:  C] ccbgssse021-lordsmail.esl
	[FE:  D] ccmtysse001-knightsofthenine.esl
	[FE:  E] ccQDRSSE001-SurvivalMode.esl
	[FE:  F] ccqdrsse002-firewood.esl
	[FE: 10] ccbgssse018-shadowrend.esl
	[FE: 11] ccbgssse035-petnhound.esl
	[FE: 12] ccfsvsse001-backpacks.esl
	[FE: 13] cceejsse002-tower.esl
	[FE: 14] ccedhsse001-norjewel.esl
	[FE: 15] ccvsvsse002-pets.esl
	[FE: 16] ccBGSSSE037-Curios.esl
	[FE: 17] ccbgssse034-mntuni.esl
	[FE: 18] ccbgssse045-hasedoki.esl
	[FE: 19] ccbgssse008-wraithguard.esl
	[FE: 1A] ccbgssse036-petbwolf.esl
	[FE: 1B] ccffbsse001-imperialdragon.esl
	[FE: 1C] ccmtysse002-ve.esl
	[FE: 1D] ccbgssse043-crosselv.esl
	[FE: 1E] ccvsvsse001-winter.esl
	[FE: 1F] cceejsse003-hollow.esl
	[FE: 20] ccbgssse038-bowofshadows.esl
	[FE: 21] ccbgssse040-advobgobs.esl
	[FE: 22] ccbgssse050-ba_daedric.esl
	[FE: 23] ccbgssse052-ba_iron.esl
	[FE: 24] ccbgssse054-ba_orcish.esl
	[FE: 25] ccbgssse058-ba_steel.esl
	[FE: 26] ccbgssse059-ba_dragonplate.esl
	[FE: 27] ccbgssse061-ba_dwarven.esl
	[FE: 28] ccpewsse002-armsofchaos.esl
	[FE: 29] ccbgssse041-netchleather.esl
	[FE: 2A] ccedhsse002-splkntset.esl
	[FE: 2B] ccbgssse064-ba_elven.esl
	[FE: 2C] ccbgssse063-ba_ebony.esl
	[FE: 2D] ccbgssse062-ba_dwarvenmail.esl
	[FE: 2E] ccbgssse060-ba_dragonscale.esl
	[FE: 2F] ccbgssse056-ba_silver.esl
	[FE: 30] ccbgssse055-ba_orcishscaled.esl
	[FE: 31] ccbgssse053-ba_leather.esl
	[FE: 32] ccbgssse051-ba_daedricmail.esl
	[FE: 33] ccbgssse057-ba_stalhrim.esl
	[FE: 34] ccbgssse066-staves.esl
	[FE: 35] ccbgssse068-bloodfall.esl
	[FE: 36] ccbgssse069-contest.esl
	[FE: 37] ccvsvsse003-necroarts.esl
	[FE: 38] ccvsvsse004-beafarmer.esl
	[FE: 39] ccffbsse002-crossbowpack.esl
	[FE: 3A] ccbgssse013-dawnfang.esl
	[FE: 3B] ccrmssse001-necrohouse.esl
	[FE: 3C] ccedhsse003-redguard.esl
	[FE: 3D] cceejsse004-hall.esl
	[FE: 3E] cckrtsse001_altar.esl
	[FE: 3F] cccbhsse001-gaunt.esl
	[FE: 40] _ResourcePack.esl
	[FE: 41] Navigator-NavFixes.esl
	[FE: 42] unofficial skyrim creation club content patch.esl
	[FE: 43] Landscape and Water Fixes.esp
	[FE: 44] IcyFixesLite.esl
	[FE: 45] Lux Orbis - Master plugin.esm
	[FE: 46] RDO Updated.esp
	[FE: 47] Lux - Master plugin.esm
	[FE: 48] NWS_Nina.esp
	[FE: 49] TundraHomesteadExteriorDecluttered.esp
	[FE: 4A] Lux - Resources.esp
	[FE: 4B] IMRPatchForVanillaAndBDS.esl
	[FE: 4C] IceLOD.esl
	[FE: 4D] Partitioned snow Meshes.esl
	[FE: 4E] ProjectedGlacierSnow.esl
	[FE: 4F] WindhelmIcicles.esl
	[FE: 50] SOSVoices.esm
	[FE: 51] SOSVoices_Part1.esl
	[FE: 52] SOSVoices_Part2.esl
	[FE: 53] NewmillerWitchChains.esl
	[FE: 54] UOSC.esl
	[FE: 55] Lovense.esl
	[FE: 56] Ostim - DD Patch.esl
	[FE: 57] Merta Assassin Armor.esl
	[FE: 58] Expressive Facegen Morphs.esl
	[FE: 59] IceShaderDisabled.esl
	[FE: 5A] kcf.esm
	[FE: 5B] OCF.esp
	[FE: 5C] OutfitManager.esp
	[FE: 5D] Pahe_Dragonborn_fixes.esl
	[FE: 5E] paradise_halls_farengars_study.esl
	[FE: 5F] Praedys_Soulcairn.esm
	[FE: 60] SkyPatcher Keyword Framework.esl
	[FE: 61] SlutPrincess.esl
	[FE: 62] Tamrielic Distribution.esp
	[FE: 63] TheNewGentleman.esp
	[FE: 64] iWant Widgets.esl
	[FE: 65] AHZmoreHUDInventory.esl
	[FE: 66] AHZmoreHUD.esl
	[FE: 67] Creation Cave - Dawnfang and Bloodthirst.esp
	[FE: 68] SkyUI_SE.esp
	[FE: 69] Better Dynamic Snow SE.esp
	[FE: 6A] AOS_ISC_Integration.esp
	[FE: 6B] [YIYU] Sparkle.esp
	[FE: 6C] gui-SucubusSister Shinano.esp
	[FE: 6D] Parallax TXST Fixes.esp
	[FE: 6E] Vanilla Landscape Corrections.esp
	[FE: 6F] Landscape and Water Fixes - Patch - LFfGM.esp
	[FE: 70] Bandit War - Expanded Enemy Coverage.esp
	[FE: 71] Word Walls Relocated.esp
	[FE: 72] Ghosts of the Tribunal - Reduced Cut.esp
	[FE: 73] GRC - No Quest.esp
	[FE: 74] Tamrielic Distribution - Dead Man's Dread.esp
	[FE: 75] Creation Cave - Arms of Chaos.esp
	[FE: 76] HearthfireMultiKid_Expanded.esp
	[FE: 77] Creation Cave - The Staff of Hasedoki.esp
	[FE: 78] Kachunk - Crossbow Distribution.esp
	[FE: 79] CrossbowIntegration.esp
	[FE: 7A] Creation Cave - Redguard Elite Armaments.esp
	[FE: 7B] NWS_Amaniri.esp
	[FE: 7C] ECSS - Staff of Sheogorath Patch.esp
	[FE: 7D] Tamrielic Distribution - Vigil Enforcer Armor.esp
	[FE: 7E] Tamrielic Distribution - Crossbow Collection.esp
	[FE: 7F] Landscape and Water Fixes - Patch - Farming.esp
	[FE: 80] Snow Shader Begone.esp
	[FE: 81] Kyubi Race - 3 Tails.esp
	[FE: 82] Kyubi Race - 5 Tails.esp
	[FE: 83] Kyubi Race - 9 Tails.esp
	[FE: 84] Kyubi Race - High Poly Head for 1 Tail.esp
	[FE: 85] Kyubi Race - High Poly Head for 3 Tails.esp
	[FE: 86] Kyubi Race - High Poly Head for 5 Tails.esp
	[FE: 87] Kyubi Race - High Poly Head for 9 Tails.esp
	[FE: 88] OStim.esp
	[FE: 89] AchievementInjector.esp
	[FE: 8A] [ELLE] SK Shinobi.esp
	[FE: 8B] Jiaye's Windhelm PBR.esp
	[FE: 8C] PbrRiften.esp
	[FE: 8D] PbrImperialDungeons.esp
	[FE: 8E] PBR_Caves.esp
	[FE: 8F] Faultier's PBR Clutter.esp
	[FE: 90] Faultier's PBR DLC01 architecture.esp
	[FE: 91] Faultier's PBR DLC02 architecture.esp
	[FE: 92] Faultier's PBR Nordic Ruins.esp
	[FE: 93] Faultier's PBR Shacks, Stockades, Mines.esp
	[FE: 94] SolitudeWindowGlowTweak.esp
	[FE: 95] Faultier's PBR landscapes.esp
	[FE: 96] BlendedRoads.esp
	[FE: 97] Parallax TXST Fixes - BlendedRoads.esp
	[FE: 98] Parallax TXST Fixes - Embers XD.esp
	[FE: 99] Parallax TXST Fixes - IcyFixesLite.esp
	[FE: 9A] Parallax TXST Fixes - Landscape and Water Fixes.esp
	[FE: 9B] Parallax TXST Fixes - Partitioned snow meshes.esp
	[FE: 9C] Shaders of Solstheim.esp
	[FE: 9D] Parallax TXST Fixes - Shaders of Solstheim.esp
	[FE: 9E] Parallax TXST Fixes - Skyrim Extended Cut - Saints and Seducers.esp
	[FE: 9F] Parallax TXST Fixes - Unofficial Skyrim Modders Patch.esp
	[FE: A0] Parallax TXST Fixes - Unofficial Skyrim Special Edition Patch.esp
	[FE: A1] Parallax TXST Fixes - _ResourcePack.esp
	[FE: A2] Parallax TXST Fixes - ccBGSSSE001-Fish.esp
	[FE: A3] Parallax TXST Fixes - ccBGSSSE025-AdvDSGS.esp
	[FE: A4] Parallax TXST Fixes - ccasvsse001-almsivi.esp
	[FE: A5] Parallax TXST Fixes - ccbgssse008-wraithguard.esp
	[FE: A6] Parallax TXST Fixes - ccbgssse067-daedinv.esp
	[FE: A7] Parallax TXST Fixes - cceejsse005-cave.esp
	[FE: A8] Parallax TXST Fixes - cctwbsse001-puzzledungeon.esp
	[FE: A9] QuickArmorRebalance - MCM.esp
	[FE: AA] QuickArmorRebalance - Power.esp
	[FE: AB] NWS_Elana.esp
	[FE: AC] ORomancePlus.esp
	[FE: AD] OSSA.esp
	[FE: AE] Favor Quests Seperated.esp
	[FE: AF] BookOfPerkPoints.esp
	[FE: B0] Creation Cave - Bow of Shadows.esp
	[FE: B1] Landscape and Water Fixes - Patch - Tundra Homested.esp
