Skyrim SSE v1.6.1170
CrashLoggerSSE v1-14-1-0 May 18 2024 23:00:58

Unhandled exception "EXCEPTION_ACCESS_VIOLATION" at 0x7FF733A182E3 SkyrimSE.exe+10E82E3	mov rcx, [rdx+0x08]

SYSTEM SPECS:
	OS: Microsoft Windows 11 Pro v10.0.22631
	CPU: AuthenticAMD AMD Ryzen 7 7800X3D 8-Core Processor           
	GPU #1: Nvidia AD104 [GeForce RTX 4070]
	GPU #2: AMD Raphael
	GPU #3: Microsoft Basic Render Driver
	PHYSICAL MEMORY: 21.50 GB/63.15 GB
	GPU MEMORY: 5.60/10.98 GB
	Detected Virtual Machine: Microsoft Virtual PC/Hyper-V (100%)

PROBABLE CALL STACK:
	[ 0] 0x7FF733A182E3                   SkyrimSE.exe+10E82E3 -> 87792+0x113	mov rcx, [rdx+0x08]
	[ 1] 0x7FF733A91AE6                   SkyrimSE.exe+1161AE6 -> 89682+0x26	mov rdi, rax
	[ 2] 0x7FF733A1A221                   SkyrimSE.exe+10EA221 -> 87834+0x161	test rax, rax
	[ 3] 0x7FF73391E2C0                   SkyrimSE.exe+0FEE2C0 -> 83393+0x100	mov [rsp+0x68], rax
	[ 4] 0x7FF73390A5C2                   SkyrimSE.exe+0FDA5C2 -> 83158+0x52	mov rax, [rbx]
	[ 5] 0x7FF73390C6FD                   SkyrimSE.exe+0FDC6FD -> 83223+0x10D	mov eax, [rbx+0x10]
	[ 6] 0x7FF733906E98                   SkyrimSE.exe+0FD6E98 -> 83125+0x858	lea rcx, [rbp-0x60]
	[ 7] 0x7FF733905AF7                   SkyrimSE.exe+0FD5AF7 -> 83102+0xE7	movzx eax, byte ptr [rdi+0xCA]
	[ 8] 0x7FF733910B55                   SkyrimSE.exe+0FE0B55 -> 83250+0x2BC5	mov rax, [rbp+0x140]
	[ 9] 0x7FF733905B33                   SkyrimSE.exe+0FD5B33 -> 83102+0x123	lea rcx, [rsp+0x40]
	[10] 0x7FF733910B55                   SkyrimSE.exe+0FE0B55 -> 83250+0x2BC5	mov rax, [rbp+0x140]
	[11] 0x7FF733905B33                   SkyrimSE.exe+0FD5B33 -> 83102+0x123	lea rcx, [rsp+0x40]
	[12] 0x7FF733910B55                   SkyrimSE.exe+0FE0B55 -> 83250+0x2BC5	mov rax, [rbp+0x140]
	[13] 0x7FF733905B33                   SkyrimSE.exe+0FD5B33 -> 83102+0x123	lea rcx, [rsp+0x40]
	[14] 0x7FF733915325                   SkyrimSE.exe+0FE5325 -> 83275+0xA5	movzx edx, byte ptr [rsp+0x60]
	[15] 0x7FF7338DC1E9                   SkyrimSE.exe+0FAC1E9 -> 82256+0x1C9	movzx esi, al
	[16] 0x7FF853577B97                    TrueHUD.dll+0057B97
	[17] 0x7FF853576634                    TrueHUD.dll+0056634
	[18] 0x7FF853573592                    TrueHUD.dll+0053592
	[19] 0x7FF8535734C2                    TrueHUD.dll+00534C2
	[20] 0x7FF85356D55F                    TrueHUD.dll+004D55F
	[21] 0x7FF85356554C                    TrueHUD.dll+004554C
	[22] 0x7FF7338D4E57                   SkyrimSE.exe+0FA4E57 -> 82083+0x1C7	add rbx, 0x08
	[23] 0x7FF732F76995                   SkyrimSE.exe+0646995 -> 36564+0xAF5	call 0x00007FF7332AB2E0
	[24] 0x7FF859DCF4C9                   hdtSMP64.dll+00BF4C9	cmp byte ptr [rbx+0x10], 0x00 |  C:\Games\Faster HDT-SMP\skse64_2_02_06\src\skse64\hdtSMP64\Hooks.cpp:314 ?onFrame@UnkEngine@hdt@@QEAAXXZ
	[25] 0x7FF859635EC7                 MuJointFix.dll+0025EC7	call 0x00007FF8596532E0 |  D:\VS\MuJointFix\src\Hook.cpp:25 ?onFrame@UnkEngine@Mus@@QEAAXXZ
	[26] 0x7FF890CCB0A3 BetterThirdPersonSelection.dll+007B0A3
	[27] 0x7FF732F6EAD5                   SkyrimSE.exe+063EAD5 -> 36544+0x165	test bl, bl
	[28] 0x7FF733E6BB8E                   SkyrimSE.exe+153BB8E -> 109636+0x106	mov ebx, eax
	[29] 0x7FF9710A257D                   KERNEL32.DLL+001257D
	[30] 0x7FF9729AAF28                      ntdll.dll+005AF28

REGISTERS:
	RAX 0x20A57C22590      (void*)
	RCX 0x18               (size_t) [24]
	RDX 0x0                (size_t) [0]
	RBX 0xFF000000000000   (size_t) [71776119061217280]
	RSP 0x1A7E8FE350       (void*)
	RBP 0x20A57C224C0      (void*)
	RSI 0xFFFF00000000     (size_t) [281470681743360]
	RDI 0x20A57C224D0      (void*)
	R8  0x18               (size_t) [24]
	R9  0x19               (size_t) [25]
	R10 0x7FF734366970     (void* -> SkyrimSE.exe+1A36970	or [rax], al)
	R11 0xFF00000000       (size_t) [1095216660480]
	R12 0x2                (size_t) [2]
	R13 0x20A57C224D0      (void*)
	R14 0x20AA2BF0F90      (void*)
	R15 0x20AA2BF0F90      (void*)

STACK:
	[RSP+0   ] 0x0                (size_t) [0]
	[RSP+8   ] 0x0                (size_t) [0]
	[RSP+10  ] 0x0                (size_t) [0]
	[RSP+18  ] 0x0                (size_t) [0]
	[RSP+20  ] 0x190              (size_t) [400]
	[RSP+28  ] 0x7FF733A91AE6     (void* -> SkyrimSE.exe+1161AE6	mov rdi, rax)
	[RSP+30  ] 0x20A57C22498      (void*)
	[RSP+38  ] 0x190              (size_t) [400]
	[RSP+40  ] 0x0                (size_t) [0]
	[RSP+48  ] 0x4000             (size_t) [16384]
	[RSP+50  ] 0x0                (size_t) [0]
	[RSP+58  ] 0x20AC5FD6D40      (void*)
	[RSP+60  ] 0x190              (size_t) [400]
	[RSP+68  ] 0xC079A7E3         (size_t) [3229198307]
	[RSP+70  ] 0x1A7E8FE590       (void*)
	[RSP+78  ] 0x7FF733A1A221     (void* -> SkyrimSE.exe+10EA221	test rax, rax)
	[RSP+80  ] 0x20AC606F320      (void*)
	[RSP+88  ] 0x7FF733A1A865     (void* -> SkyrimSE.exe+10EA865	mov rax, r15)
	[RSP+90  ] 0x1A7E8FE428       (void*)
	[RSP+98  ] 0x20               (size_t) [32]
	[RSP+A0  ] 0x20A57C22498      (void*)
	[RSP+A8  ] 0x0                (size_t) [0]
	[RSP+B0  ] 0x20AA2BF0F90      (void*)
	[RSP+B8  ] 0xC079A7E3         (size_t) [3229198307]
	[RSP+C0  ] 0x1A7E8FE590       (void*)
	[RSP+C8  ] 0x7FF73391E2C0     (void* -> SkyrimSE.exe+0FEE2C0	mov [rsp+0x68], rax)
	[RSP+D0  ] 0x20AC606F300      (void*)
	[RSP+D8  ] 0xC079A7E3         (size_t) [3229198307]
	[RSP+E0  ] 0x8                (size_t) [8]
	[RSP+E8  ] 0x20A57F59700      (void*)
	[RSP+F0  ] 0x1A7E8FE4D0       (void*)
	[RSP+F8  ] 0x20AC5FD6D40      (void*)
	[RSP+100 ] 0x20AA2BF0F90      (void*)
	[RSP+108 ] 0xC079A7E3         (size_t) [3229198307]
	[RSP+110 ] 0x1A7E8FE590       (void*)
	[RSP+118 ] 0x7FF73390A5C2     (void* -> SkyrimSE.exe+0FDA5C2	mov rax, [rbx])
	[RSP+120 ] 0x20AA2BF0F90      (void*)
	[RSP+128 ] 0x8                (size_t) [8]
	[RSP+130 ] 0x143              (size_t) [323]
	[RSP+138 ] 0x7FF733906399     (void* -> SkyrimSE.exe+0FD6399	mov [rsi+0x08], rdi)
	[RSP+140 ] 0x0                (size_t) [0]
	[RSP+148 ] 0x20AA2BF0F90      (void*)
	[RSP+150 ] 0x20A57F1E318      (void*)
	[RSP+158 ] 0x7FF73390C6FD     (void* -> SkyrimSE.exe+0FDC6FD	mov eax, [rbx+0x10])
	[RSP+160 ] 0x20AA2BF0F70      (void*)
	[RSP+168 ] 0x7FF7339032CF     (void* -> SkyrimSE.exe+0FD32CF	add eax, 0xFFFFFFFA)
	[RSP+170 ] 0x20AA2BF0F70      (void*)
	[RSP+178 ] 0x20AA2BF0F70      (void*)
	[RSP+180 ] 0x20A57F1E318      (void*)
	[RSP+188 ] 0x1A7E8FE590       (void*)
	[RSP+190 ] 0x1A7E8FE740       (void*)
	[RSP+198 ] 0x7FF733906E98     (void* -> SkyrimSE.exe+0FD6E98	lea rcx, [rbp-0x60])
	[RSP+1A0 ] 0x1A7E8FE740       (void*)
	[RSP+1A8 ] 0x20AC5FEC9A0      (void*)
	[RSP+1B0 ] 0x0                (size_t) [0]
	[RSP+1B8 ] 0x1A7E8FE5F0       (void*)
	[RSP+1C0 ] 0x1A7E8FE5C0       (void*)
	[RSP+1C8 ] 0x7FF96986AC40     (void* -> d3d11.dll+01EAC40	)
	[RSP+1D0 ] 0x0                (size_t) [0]
	[RSP+1D8 ] 0x0                (size_t) [0]
	[RSP+1E0 ] 0x100000000        (size_t) [4294967296]
	[RSP+1E8 ] 0x2093A065148      (void*)
	[RSP+1F0 ] 0x1A7E8FE840       (void*)
	[RSP+1F8 ] 0x20AC5FD6D40      (void*)
	[RSP+200 ] 0x2                (size_t) [2]
	[RSP+208 ] 0x1A7E8FE580       (void*)
	[RSP+210 ] 0x0                (size_t) [0]
	[RSP+218 ] 0x2093A065040      (void*)
	[RSP+220 ] 0x6                (size_t) [6]
	[RSP+228 ] 0x0                (size_t) [0]
	[RSP+230 ] 0x0                (size_t) [0]
	[RSP+238 ] 0x0                (size_t) [0]
	[RSP+240 ] 0x6                (size_t) [6]
	[RSP+248 ] 0x20AC5FD6D20      (void*)
	[RSP+250 ] 0x0                (size_t) [0]
	[RSP+258 ] 0x0                (size_t) [0]
	[RSP+260 ] 0x0                (size_t) [0]
	[RSP+268 ] 0x0                (size_t) [0]
	[RSP+270 ] 0x0                (size_t) [0]
	[RSP+278 ] 0x0                (size_t) [0]
	[RSP+280 ] 0x0                (size_t) [0]
	[RSP+288 ] 0x0                (size_t) [0]
	[RSP+290 ] 0x0                (size_t) [0]
	[RSP+298 ] 0x0                (size_t) [0]
	[RSP+2A0 ] 0x0                (size_t) [0]
	[RSP+2A8 ] 0x0                (size_t) [0]
	[RSP+2B0 ] 0x0                (size_t) [0]
	[RSP+2B8 ] 0x0                (size_t) [0]
	[RSP+2C0 ] 0x0                (size_t) [0]
	[RSP+2C8 ] 0x0                (size_t) [0]
	[RSP+2D0 ] 0x0                (size_t) [0]
	[RSP+2D8 ] 0x0                (size_t) [0]
	[RSP+2E0 ] 0x0                (size_t) [0]
	[RSP+2E8 ] 0x0                (size_t) [0]
	[RSP+2F0 ] 0x20ACAA109E0      (void*)
	[RSP+2F8 ] 0x7FF733A91BF0     (void* -> SkyrimSE.exe+1161BF0	mov rax, [rsp+0x60])
	[RSP+300 ] 0x19               (size_t) [25]
	[RSP+308 ] 0x0                (size_t) [0]
	[RSP+310 ] 0x20AC5EC1990      (void*)
	[RSP+318 ] 0x0                (size_t) [0]
	[RSP+320 ] 0x20AC60AEF98      (void*)
	[RSP+328 ] 0x20AC5FD6D40      (void*)
	[RSP+330 ] 0x190              (size_t) [400]
	[RSP+338 ] 0x7FF7338FDA67     (void* -> SkyrimSE.exe+0FCDA67	add rsp, 0xF0)
	[RSP+340 ] 0xC08DB693         (size_t) [3230512787]
	[RSP+348 ] 0x7FF733A1A221     (void* -> SkyrimSE.exe+10EA221	test rax, rax)
	[RSP+350 ] 0x20A57C22498      (void*)
	[RSP+358 ] 0x1A7E8FE7A0       (void*)
	[RSP+360 ] 0x1A7E8FEA30       (void*)
	[RSP+368 ] 0x20A57F59578      (void*)
	[RSP+370 ] 0x20AC5FD6D40      (void*)
	[RSP+378 ] 0x0                (size_t) [0]
	[RSP+380 ] 0x2                (size_t) [2]
	[RSP+388 ] 0x20AA2BC3560      (void*)
	[RSP+390 ] 0x20AA2B8AA70      (char*) "duration"
	[RSP+398 ] 0x1A7E8FE9F0       (void*)
	[RSP+3A0 ] 0x0                (size_t) [0]
	[RSP+3A8 ] 0x7FF733905AF7     (void* -> SkyrimSE.exe+0FD5AF7	movzx eax, byte ptr [rdi+0xCA])
	[RSP+3B0 ] 0x1A7E8FE9F0       (void*)
	[RSP+3B8 ] 0x0                (size_t) [0]
	[RSP+3C0 ] 0x20AA2B8AA70      (char*) "duration"
	[RSP+3C8 ] 0x20A57C223C0      (void*)
	[RSP+3D0 ] 0x20A57F59578      (void*)
	[RSP+3D8 ] 0x7FF7338FA2F9     (void* -> SkyrimSE.exe+0FCA2F9	cmp eax, 0x17)
	[RSP+3E0 ] 0x20AC60AEF98      (void*)
	[RSP+3E8 ] 0x7FF7338FF51C     (void* -> SkyrimSE.exe+0FCF51C	movzx eax, byte ptr [rbx+0x01])
	[RSP+3F0 ] 0x20AA2BC3560      (void*)
	[RSP+3F8 ] 0x20A57F59578      (void*)
	[RSP+400 ] 0x1A7E8FE9F0       (void*)
	[RSP+408 ] 0x0                (size_t) [0]
	[RSP+410 ] 0x20AA2B8AA70      (char*) "duration"
	[RSP+418 ] 0x20A57F59410      (void*)
	[RSP+420 ] 0x0                (size_t) [0]
	[RSP+428 ] 0x0                (size_t) [0]
	[RSP+430 ] 0x20AC5FD6D20      (void*)
	[RSP+438 ] 0x20AA2BF0F70      (void*)
	[RSP+440 ] 0x20A00000003      (void*)
	[RSP+448 ] 0x0                (size_t) [0]
	[RSP+450 ] 0x0                (size_t) [0]
	[RSP+458 ] 0x7FF733910B55     (void* -> SkyrimSE.exe+0FE0B55	mov rax, [rbp+0x140])
	[RSP+460 ] 0x1A7E8FEA50       (void*)
	[RSP+468 ] 0x1A7E8FE8B0       (void*)
	[RSP+470 ] 0x20AC5FD6D40      (void*)
	[RSP+478 ] 0x0                (size_t) [0]
	[RSP+480 ] 0x20AC60AEF00      (void*)
	[RSP+488 ] 0x2                (size_t) [2]
	[RSP+490 ] 0x1A7E8F030A       (void*)
	[RSP+498 ] 0x20AA2BABF90      (void*)
	[RSP+4A0 ] 0x20A00000002      (void*)
	[RSP+4A8 ] 0x1A7E8FEDC0       (void*)
	[RSP+4B0 ] 0x1A00000000       (size_t) [111669149696]
	[RSP+4B8 ] 0x20A57F47600      (void*)
	[RSP+4C0 ] 0x20A010AEF80      (void*)
	[RSP+4C8 ] 0x0                (size_t) [0]
	[RSP+4D0 ] 0x20A57F59578      (void*)
	[RSP+4D8 ] 0x20A57F59410      (void*)
	[RSP+4E0 ] 0x20A6AF35000      (void*)
	[RSP+4E8 ] 0x0                (size_t) [0]
	[RSP+4F0 ] 0x1E2000001E53     (size_t) [33122787794515]
	[RSP+4F8 ] 0x7FF700001E1F     (size_t) [140698833657375]
	[RSP+500 ] 0x20A57C223C0      (void*)
	[RSP+508 ] 0x20AC606F3A0      (void*)
	[RSP+510 ] 0x7FF734335980     (void* -> SkyrimSE.exe+1A05980	jo 0x00007FF734335945)
	[RSP+518 ] 0x20A5917DF50      (Scaleform::TrueHUDMenu::Logger*)
	[RSP+520 ] 0x100              (size_t) [256]
	[RSP+528 ] 0x0                (size_t) [0]
	[RSP+530 ] 0x1A7E8D020F       (void*)
	[RSP+538 ] 0x20A57F1E360      (void*)
	[RSP+540 ] 0x0                (size_t) [0]
	[RSP+548 ] 0x7FF7338FA6DE     (void* -> SkyrimSE.exe+0FCA6DE	movzx eax, byte ptr [rsp+0x30])
	[RSP+550 ] 0x0                (size_t) [0]
	[RSP+558 ] 0x0                (size_t) [0]
	[RSP+560 ] 0x1A7E8FE9B0       (void*)
	[RSP+568 ] 0x7FF7338FB91A     (void* -> SkyrimSE.exe+0FCB91A	movzx eax, byte ptr [rbx+0x18])
	[RSP+570 ] 0x0                (size_t) [0]
	[RSP+578 ] 0x20A57F1E120      (void*)
	[RSP+580 ] 0x20AC60AEF60      (void*)
	[RSP+588 ] 0x1A7E8FE9F0       (void*)
	[RSP+590 ] 0x0                (size_t) [0]
	[RSP+598 ] 0x7FF733907215     (void* -> SkyrimSE.exe+0FD7215	test rbx, rbx)
	[RSP+5A0 ] 0x20AC60AEF60      (void*)
	[RSP+5A8 ] 0x1A7E8FEB40       (void*)
	[RSP+5B0 ] 0x3                (size_t) [3]
	[RSP+5B8 ] 0x1A7E8FE9F0       (void*)
	[RSP+5C0 ] 0x1A7E8FEB08       (void*)
	[RSP+5C8 ] 0x0                (size_t) [0]
	[RSP+5D0 ] 0x1                (size_t) [1]
	[RSP+5D8 ] 0x7FF7338FAA60     (void* -> SkyrimSE.exe+0FCAA60	cmp eax, 0x17)
	[RSP+5E0 ] 0x0                (size_t) [0]
	[RSP+5E8 ] 0x0                (size_t) [0]
	[RSP+5F0 ] 0x200              (size_t) [512]
	[RSP+5F8 ] 0x20AC5FD6D40      (void*)
	[RSP+600 ] 0x0                (size_t) [0]
	[RSP+608 ] 0x0                (size_t) [0]
	[RSP+610 ] 0x20A57F59578      (void*)
	[RSP+618 ] 0x6                (size_t) [6]
	[RSP+620 ] 0x20AC5FD6D20      (void*)
	[RSP+628 ] 0x7FF7339015BB     (void* -> SkyrimSE.exe+0FD15BB	mov al, 0x01)
	[RSP+630 ] 0x20AC6092E38      (void*)
	[RSP+638 ] 0x0                (size_t) [0]
	[RSP+640 ] 0x0                (size_t) [0]
	[RSP+648 ] 0x0                (size_t) [0]
	[RSP+650 ] 0x1A7E8FEDB8       (void*)
	[RSP+658 ] 0x20A57F59840      (void*)
	[RSP+660 ] 0x20A57F59508      (void*)
	[RSP+668 ] 0x20AA2B8B470      (void*)
	[RSP+670 ] 0x0                (size_t) [0]
	[RSP+678 ] 0x7FF733950400     (void* -> SkyrimSE.exe+1020400	add [rax-0x7B], cl)
	[RSP+680 ] 0x9000             (size_t) [36864]
	[RSP+688 ] 0x0                (size_t) [0]
	[RSP+690 ] 0x1A7E8FEA71       (void*)
	[RSP+698 ] 0x0                (size_t) [0]
	[RSP+6A0 ] 0x7FF73432EBE8     (void* -> SkyrimSE.exe+19FEBE8	and [rbp+rcx*4+0x7FF733], dl)
	[RSP+6A8 ] 0x1A7E8FE9C0       (void*)
	[RSP+6B0 ] 0x20AC5FD6D40      (void*)
	[RSP+6B8 ] 0x0                (size_t) [0]
	[RSP+6C0 ] 0x0                (size_t) [0]
	[RSP+6C8 ] 0x0                (size_t) [0]
	[RSP+6D0 ] 0x20A57F59578      (void*)
	[RSP+6D8 ] 0x900000000        (size_t) [38654705664]
	[RSP+6E0 ] 0x8                (size_t) [8]
	[RSP+6E8 ] 0x20AA2BC3560      (void*)
	[RSP+6F0 ] 0x0                (size_t) [0]
	[RSP+6F8 ] 0x0                (size_t) [0]
	[RSP+700 ] 0x20AA2BC3560      (void*)
	[RSP+708 ] 0x0                (size_t) [0]
	[RSP+710 ] 0x0                (size_t) [0]
	[RSP+718 ] 0xFD957725694E     (size_t) [278818390894926]
	[RSP+720 ] 0x0                (size_t) [0]
	[RSP+728 ] 0x0                (size_t) [0]
	[RSP+730 ] 0x3FF0000000000000 (size_t) [4607182418800017408]
	[RSP+738 ] 0x0                (size_t) [0]
	[RSP+740 ] 0x43F0000000000000 (size_t) [4895412794951729152]
	[RSP+748 ] 0x0                (size_t) [0]
	[RSP+750 ] 0x3F800000         (size_t) [1065353216]
	[RSP+758 ] 0x0                (size_t) [0]
	[RSP+760 ] 0x1A7E8FEE30       (void*)
	[RSP+768 ] 0x1                (size_t) [1]
	[RSP+770 ] 0x20AC5FD6D40      (void*)
	[RSP+778 ] 0x2                (size_t) [2]
	[RSP+780 ] 0x20A57F59578      (void*)
	[RSP+788 ] 0x20AA2BAAB80      (void*)
	[RSP+790 ] 0x20A57F4AC90      (char*) "progress"
	[RSP+798 ] 0x1A7E8FEDF0       (void*)
	[RSP+7A0 ] 0x0                (size_t) [0]
	[RSP+7A8 ] 0x7FF733905B33     (void* -> SkyrimSE.exe+0FD5B33	lea rcx, [rsp+0x40])
	[RSP+7B0 ] 0x1A00000007       (size_t) [111669149703]
	[RSP+7B8 ] 0x7                (size_t) [7]
	[RSP+7C0 ] 0x20A57F4AC90      (char*) "progress"
	[RSP+7C8 ] 0x20A57C223C0      (void*)
	[RSP+7D0 ] 0x1A7E8FEDC0       (void*)
	[RSP+7D8 ] 0x20AA2BAAC00      (void*)
	[RSP+7E0 ] 0x20A00000002      (void*)
	[RSP+7E8 ] 0x20A57F59820      (void*)
	[RSP+7F0 ] 0x20AA2BAAB80      (void*)
	[RSP+7F8 ] 0x20A57F59578      (void*)
	[RSP+800 ] 0x1A7E8FEDF0       (void*)
	[RSP+808 ] 0x0                (size_t) [0]
	[RSP+810 ] 0x20A57F4AC90      (char*) "progress"
	[RSP+818 ] 0x20A57F59410      (void*)
	[RSP+820 ] 0x0                (size_t) [0]
	[RSP+828 ] 0x0                (size_t) [0]
	[RSP+830 ] 0x20AC5FD6D20      (void*)
	[RSP+838 ] 0x20AA2BABF70      (void*)
	[RSP+840 ] 0x20A00000002      (void*)
	[RSP+848 ] 0x1                (size_t) [1]
	[RSP+850 ] 0x0                (size_t) [0]
	[RSP+858 ] 0x7FF733910B55     (void* -> SkyrimSE.exe+0FE0B55	mov rax, [rbp+0x140])
	[RSP+860 ] 0x1A7E8FEE50       (void*)
	[RSP+868 ] 0x1A7E8FECB0       (void*)
	[RSP+870 ] 0x20AC5FD6D40      (void*)
	[RSP+878 ] 0x0                (size_t) [0]
	[RSP+880 ] 0x20A57C22400      (void*)
	[RSP+888 ] 0x2                (size_t) [2]
	[RSP+890 ] 0x1A7E8FEC28       (void*)
	[RSP+898 ] 0x20AC6C46F90      (void*)
	[RSP+8A0 ] 0x20A00000002      (void*)
	[RSP+8A8 ] 0x1A7E8FF1C0       (void*)
	[RSP+8B0 ] 0x20A00000000      (void*)
	[RSP+8B8 ] 0x20A57F47A00      (void*)
	[RSP+8C0 ] 0x1A018FED90       (size_t) [111695359376]
	[RSP+8C8 ] 0x0                (size_t) [0]
	[RSP+8D0 ] 0x20A57F59578      (void*)
	[RSP+8D8 ] 0x20A57F59410      (void*)
	[RSP+8E0 ] 0x20A6AF59000      (void*)
	[RSP+8E8 ] 0x0                (size_t) [0]
	[RSP+8F0 ] 0x10030000103D     (size_t) [17605070950461]
	[RSP+8F8 ] 0x20A00001002      (void*)
	[RSP+900 ] 0x20A57C223C0      (void*)
	[RSP+908 ] 0x20AC65C3940      (void*)
	[RSP+910 ] 0x7FF734335980     (void* -> SkyrimSE.exe+1A05980	jo 0x00007FF734335945)
	[RSP+918 ] 0x20A5917DF50      (Scaleform::TrueHUDMenu::Logger*)
	[RSP+920 ] 0x20AC6000100      (void*)
	[RSP+928 ] 0x0                (size_t) [0]
	[RSP+930 ] 0x20A0005020F      (void*)
	[RSP+938 ] 0x20AC5FC0DD0      (void*)
	[RSP+940 ] 0x3FF0000000000001 (size_t) [4607182418800017409]
	[RSP+948 ] 0x20AC6C46F90      (void*)
	[RSP+950 ] 0x20AC6C46F70      (void*)
	[RSP+958 ] 0x7FF73390C719     (void* -> SkyrimSE.exe+0FDC719	mov rbx, [rsp+0x50])
	[RSP+960 ] 0x20AC6C46F70      (void*)
	[RSP+968 ] 0x20AC6C46F90      (void*)
	[RSP+970 ] 0x20AC6C46F70      (void*)
	[RSP+978 ] 0x20AC6C46F70      (void*)
	[RSP+980 ] 0x20A57F1E318      (void*)
	[RSP+988 ] 0x1A7E8FED90       (void*)
	[RSP+990 ] 0x0                (size_t) [0]
	[RSP+998 ] 0x7FF733906EA1     (void* -> SkyrimSE.exe+0FD6EA1	mov rax, [rsi])
	[RSP+9A0 ] 0x20AC5FEC880      (void*)
	[RSP+9A8 ] 0x20AC5FEC880      (void*)
	[RSP+9B0 ] 0x0                (size_t) [0]
	[RSP+9B8 ] 0x1A7E8FEDF0       (void*)
	[RSP+9C0 ] 0x0                (size_t) [0]
	[RSP+9C8 ] 0x2093A065040      (void*)
	[RSP+9D0 ] 0x1A7E8FF230       (void*)
	[RSP+9D8 ] 0x7FF7339015BB     (void* -> SkyrimSE.exe+0FD15BB	mov al, 0x01)
	[RSP+9E0 ] 0x0                (size_t) [0]
	[RSP+9E8 ] 0x20AA2C03EF0      (void*)
	[RSP+9F0 ] 0x209379D86D0      (void*)
	[RSP+9F8 ] 0x20AC6090A48      (void*)
	[RSP+A00 ] 0x1A7E8FF230       (void*)
	[RSP+A08 ] 0x20AA2C03F10      (void*)
	[RSP+A10 ] 0x20A57F59578      (void*)
	[RSP+A18 ] 0x20A57F1E106      (void*)
	[RSP+A20 ] 0x20AC5FD6D20      (void*)
	[RSP+A28 ] 0x7FF73390147E     (void* -> SkyrimSE.exe+0FD147E	jmp 0x00007FF73390149D)
	[RSP+A30 ] 0x0                (size_t) [0]
	[RSP+A38 ] 0x0                (size_t) [0]
	[RSP+A40 ] 0x3FF0000000000000 (size_t) [4607182418800017408]
	[RSP+A48 ] 0x0                (size_t) [0]
	[RSP+A50 ] 0x1A7E8FF1B8       (void*)
	[RSP+A58 ] 0x1A7E8FF230       (void*)
	[RSP+A60 ] 0x1A7E8FF1B8       (void*)
	[RSP+A68 ] 0x20A6AF06370      (void*)
	[RSP+A70 ] 0x20AC6090900      (void*)
	[RSP+A78 ] 0x7FF7339504FA     (void* -> SkyrimSE.exe+10204FA	add rsp, 0xB8)
	[RSP+A80 ] 0x0                (size_t) [0]
	[RSP+A88 ] 0x1A7E8FEE71       (void*)
	[RSP+A90 ] 0x20AA2C03EF0      (void*)
	[RSP+A98 ] 0x20AC60909B0      (void*)
	[RSP+AA0 ] 0x7FF73432EBE8     (void* -> SkyrimSE.exe+19FEBE8	and [rbp+rcx*4+0x7FF733], dl)
	[RSP+AA8 ] 0x1A7E8FEDC0       (void*)
	[RSP+AB0 ] 0x20AC5FD6D40      (void*)
	[RSP+AB8 ] 0x0                (size_t) [0]
	[RSP+AC0 ] 0x0                (size_t) [0]
	[RSP+AC8 ] 0x0                (size_t) [0]
	[RSP+AD0 ] 0x20A57F59578      (void*)
	[RSP+AD8 ] 0x500000001        (size_t) [21474836481]
	[RSP+AE0 ] 0x8                (size_t) [8]
	[RSP+AE8 ] 0x20AA2BAAB80      (void*)
	[RSP+AF0 ] 0x0                (size_t) [0]
	[RSP+AF8 ] 0x0                (size_t) [0]
	[RSP+B00 ] 0x20AA2BAAB80      (void*)
	[RSP+B08 ] 0x0                (size_t) [0]
	[RSP+B10 ] 0x0                (size_t) [0]
	[RSP+B18 ] 0xFD957725654E     (size_t) [278818390893902]
	[RSP+B20 ] 0x0                (size_t) [0]
	[RSP+B28 ] 0x0                (size_t) [0]
	[RSP+B30 ] 0x3FF0000000000000 (size_t) [4607182418800017408]
	[RSP+B38 ] 0x0                (size_t) [0]
	[RSP+B40 ] 0x43F0000000000000 (size_t) [4895412794951729152]
	[RSP+B48 ] 0x0                (size_t) [0]
	[RSP+B50 ] 0x3F800000         (size_t) [1065353216]
	[RSP+B58 ] 0x0                (size_t) [0]
	[RSP+B60 ] 0x20AC6090A48      (void*)
	[RSP+B68 ] 0x1                (size_t) [1]
	[RSP+B70 ] 0x20AC6090A48      (void*)
	[RSP+B78 ] 0x2                (size_t) [2]
	[RSP+B80 ] 0x20A57F59578      (void*)
	[RSP+B88 ] 0x20AA2C04ED0      (void*)
	[RSP+B90 ] 0x20AA2BD9F20      (char*) "setProgress"
	[RSP+B98 ] 0x1A7E8FF1F0       (void*)
	[RSP+BA0 ] 0x0                (size_t) [0]
	[RSP+BA8 ] 0x7FF733905B33     (void* -> SkyrimSE.exe+0FD5B33	lea rcx, [rsp+0x40])
	[RSP+BB0 ] 0x1A00000002       (size_t) [111669149698]
	[RSP+BB8 ] 0x0                (size_t) [0]
	[RSP+BC0 ] 0x20AA2BD9F20      (char*) "setProgress"
	[RSP+BC8 ] 0x20A57C223C0      (void*)
	[RSP+BD0 ] 0x1A7E8FF1C0       (void*)
	[RSP+BD8 ] 0x20AA2C04F50      (void*)
	[RSP+BE0 ] 0x2                (size_t) [2]
	[RSP+BE8 ] 0x0                (size_t) [0]
	[RSP+BF0 ] 0x20AA2C04ED0      (void*)
	[RSP+BF8 ] 0x20A57F59578      (void*)
	[RSP+C00 ] 0x1A7E8FF1F0       (void*)
	[RSP+C08 ] 0x0                (size_t) [0]
	[RSP+C10 ] 0x20AA2BD9F20      (char*) "setProgress"
	[RSP+C18 ] 0x20A57F59410      (void*)
	[RSP+C20 ] 0x0                (size_t) [0]
	[RSP+C28 ] 0x20AC60909B0      (void*)
	[RSP+C30 ] 0x0                (size_t) [0]
	[RSP+C38 ] 0x20AC6C46F70      (void*)
	[RSP+C40 ] 0x20A00000001      (void*)
	[RSP+C48 ] 0x1                (size_t) [1]
	[RSP+C50 ] 0x0                (size_t) [0]
	[RSP+C58 ] 0x7FF733910B55     (void* -> SkyrimSE.exe+0FE0B55	mov rax, [rbp+0x140])
	[RSP+C60 ] 0x1A7E8FF250       (void*)
	[RSP+C68 ] 0x1A7E8FF0B0       (void*)
	[RSP+C70 ] 0x20AC6090A48      (void*)
	[RSP+C78 ] 0x0                (size_t) [0]
	[RSP+C80 ] 0x20A57C22400      (void*)
	[RSP+C88 ] 0x2                (size_t) [2]
	[RSP+C90 ] 0x1A7E8FF028       (void*)
	[RSP+C98 ] 0x20A57F53340      (void*)
	[RSP+CA0 ] 0x2                (size_t) [2]
	[RSP+CA8 ] 0x1A7E8FF4A0       (void*)
	[RSP+CB0 ] 0x20A00000000      (void*)
	[RSP+CB8 ] 0x20A57F47840      (void*)
	[RSP+CC0 ] 0x1A018FF190       (size_t) [111695360400]
	[RSP+CC8 ] 0x0                (size_t) [0]
	[RSP+CD0 ] 0x20A57F59578      (void*)
	[RSP+CD8 ] 0x20A57F59410      (void*)
	[RSP+CE0 ] 0x20A6AF45000      (void*)
	[RSP+CE8 ] 0x0                (size_t) [0]
	[RSP+CF0 ] 0x4698000046BB     (size_t) [77618648991419]
	[RSP+CF8 ] 0x20A00004697      (void*)
	[RSP+D00 ] 0x20A57C223C0      (void*)
	[RSP+D08 ] 0x20AC5EC7660      (void*)
	[RSP+D10 ] 0x7FF734335980     (void* -> SkyrimSE.exe+1A05980	jo 0x00007FF734335945)
	[RSP+D18 ] 0x20A5917DF50      (Scaleform::TrueHUDMenu::Logger*)
	[RSP+D20 ] 0x20A57000100      (void*)
	[RSP+D28 ] 0x0                (size_t) [0]
	[RSP+D30 ] 0x5020F            (size_t) [328207]
	[RSP+D38 ] 0x20AC60ACC10      (void*)
	[RSP+D40 ] 0x3FF0000000000001 (size_t) [4607182418800017409]
	[RSP+D48 ] 0x20A57F53340      (void*)
	[RSP+D50 ] 0x20A57F53320      (void*)
	[RSP+D58 ] 0x7FF73390C719     (void* -> SkyrimSE.exe+0FDC719	mov rbx, [rsp+0x50])
	[RSP+D60 ] 0x20A57F53320      (void*)
	[RSP+D68 ] 0x20A57F53340      (void*)
	[RSP+D70 ] 0x20A57F53320      (void*)
	[RSP+D78 ] 0x20A57F53320      (void*)
	[RSP+D80 ] 0x20A57F1E318      (void*)
	[RSP+D88 ] 0x1A7E8FF190       (void*)
	[RSP+D90 ] 0x0                (size_t) [0]
	[RSP+D98 ] 0x7FF733906EA1     (void* -> SkyrimSE.exe+0FD6EA1	mov rax, [rsi])
	[RSP+DA0 ] 0x20AC6092EA0      (void*)
	[RSP+DA8 ] 0x20AC6092EA0      (void*)
	[RSP+DB0 ] 0x0                (size_t) [0]
	[RSP+DB8 ] 0x1A7E8FF1F0       (void*)
	[RSP+DC0 ] 0x0                (size_t) [0]
	[RSP+DC8 ] 0x0                (size_t) [0]
	[RSP+DD0 ] 0x0                (size_t) [0]
	[RSP+DD8 ] 0x0                (size_t) [0]
	[RSP+DE0 ] 0x0                (size_t) [0]
	[RSP+DE8 ] 0x0                (size_t) [0]
	[RSP+DF0 ] 0x0                (size_t) [0]
	[RSP+DF8 ] 0x20A57F58B08      (void*)
	[RSP+E00 ] 0x0                (size_t) [0]
	[RSP+E08 ] 0x0                (size_t) [0]
	[RSP+E10 ] 0x20A57F59578      (void*)
	[RSP+E18 ] 0x7FF85307AF07     (void* -> gameoverlayrenderer64.dll+00AAF07	add [rax], eax)
	[RSP+E20 ] 0x20AC65BE780      (char*) "
"
	[RSP+E28 ] 0x0                (size_t) [0]
	[RSP+E30 ] 0x0                (size_t) [0]
	[RSP+E38 ] 0x20AC60909B0      (void*)
	[RSP+E40 ] 0x3FF0000000000000 (size_t) [4607182418800017408]
	[RSP+E48 ] 0x0                (size_t) [0]
	[RSP+E50 ] 0x2C358053F        (size_t) [11867260223]
	[RSP+E58 ] 0x0                (size_t) [0]
	[RSP+E60 ] 0x0                (size_t) [0]
	[RSP+E68 ] 0x20AA2BD9390      (void*)
	[RSP+E70 ] 0x0                (size_t) [0]
	[RSP+E78 ] 0x0                (size_t) [0]
	[RSP+E80 ] 0x0                (size_t) [0]
	[RSP+E88 ] 0x0                (size_t) [0]
	[RSP+E90 ] 0x0                (size_t) [0]
	[RSP+E98 ] 0x0                (size_t) [0]
	[RSP+EA0 ] 0x7FF73432EBE8     (void* -> SkyrimSE.exe+19FEBE8	and [rbp+rcx*4+0x7FF733], dl)
	[RSP+EA8 ] 0x1A7E8FF1C0       (void*)
	[RSP+EB0 ] 0x20AC6090A48      (void*)
	[RSP+EB8 ] 0x0                (size_t) [0]
	[RSP+EC0 ] 0x0                (size_t) [0]
	[RSP+EC8 ] 0x0                (size_t) [0]
	[RSP+ED0 ] 0x20A57F59578      (void*)
	[RSP+ED8 ] 0x100000001        (size_t) [4294967297]
	[RSP+EE0 ] 0x8                (size_t) [8]
	[RSP+EE8 ] 0x20AA2C04ED0      (void*)
	[RSP+EF0 ] 0x0                (size_t) [0]
	[RSP+EF8 ] 0x0                (size_t) [0]
	[RSP+F00 ] 0x20AA2C04ED0      (void*)
	[RSP+F08 ] 0x0                (size_t) [0]
	[RSP+F10 ] 0x0                (size_t) [0]
	[RSP+F18 ] 0xFD957725614E     (size_t) [278818390892878]
	[RSP+F20 ] 0x0                (size_t) [0]
	[RSP+F28 ] 0x0                (size_t) [0]
	[RSP+F30 ] 0x0                (size_t) [0]
	[RSP+F38 ] 0x0                (size_t) [0]
	[RSP+F40 ] 0x3C8781D5         (size_t) [1015513557]
	[RSP+F48 ] 0x0                (size_t) [0]
	[RSP+F50 ] 0x3F800000         (size_t) [1065353216]
	[RSP+F58 ] 0x0                (size_t) [0]
	[RSP+F60 ] 0x0                (size_t) [0]
	[RSP+F68 ] 0x20A57F220E0      (void*)
	[RSP+F70 ] 0x20A57F58B08      (void*)
	[RSP+F78 ] 0x20A57F48168      (void*)
	[RSP+F80 ] 0x0                (size_t) [0]
	[RSP+F88 ] 0x20AA2BE1990      (void*)
	[RSP+F90 ] 0x0                (size_t) [0]
	[RSP+F98 ] 0x1A7E8FF3E8       (void*)
	[RSP+FA0 ] 0x0                (size_t) [0]
	[RSP+FA8 ] 0x7FF733905B33     (void* -> SkyrimSE.exe+0FD5B33	lea rcx, [rsp+0x40])
	[RSP+FB0 ] 0x1A00000002       (size_t) [111669149698]
	[RSP+FB8 ] 0x0                (size_t) [0]
	[RSP+FC0 ] 0x0                (size_t) [0]
	[RSP+FC8 ] 0x20A57C223C0      (void*)
	[RSP+FD0 ] 0x1A7E8FF4A0       (void*)
	[RSP+FD8 ] 0x20AA2BE1A10      (void*)
	[RSP+FE0 ] 0x20A00000002      (void*)
	[RSP+FE8 ] 0x0                (size_t) [0]
	[RSP+FF0 ] 0x20AA2BE1990      (void*)
	[RSP+FF8 ] 0x20A57F59578      (void*)
	[RSP+1000] 0x1A7E8FF3E8       (void*)
	[RSP+1008] 0x0                (size_t) [0]
	[RSP+1010] 0x0                (size_t) [0]
	[RSP+1018] 0x20A57F59410      (void*)
	[RSP+1020] 0x0                (size_t) [0]
	[RSP+1028] 0x20A57F58A70      (void*)
	[RSP+1030] 0x0                (size_t) [0]
	[RSP+1038] 0x20A57F53320      (void*)
	[RSP+1040] 0x0                (size_t) [0]
	[RSP+1048] 0x0                (size_t) [0]
	[RSP+1050] 0x20A57F48168      (void*)
	[RSP+1058] 0x7FF733915325     (void* -> SkyrimSE.exe+0FE5325	movzx edx, byte ptr [rsp+0x60])
	[RSP+1060] 0x1A7E8FF4A0       (void*)
	[RSP+1068] 0x7FF73432EBE8     (void* -> SkyrimSE.exe+19FEBE8	and [rbp+rcx*4+0x7FF733], dl)
	[RSP+1070] 0x20A57F58B08      (void*)
	[RSP+1078] 0x20A57F48168      (void*)
	[RSP+1080] 0x20AA2BE1990      (void*)
	[RSP+1088] 0x0                (size_t) [0]
	[RSP+1090] 0x0                (size_t) [0]
	[RSP+1098] 0x7FF73432EBE8     (void* -> SkyrimSE.exe+19FEBE8	and [rbp+rcx*4+0x7FF733], dl)
	[RSP+10A0] 0x1A7E8FF4A0       (void*)
	[RSP+10A8] 0x20A57F58B08      (void*)
	[RSP+10B0] 0x0                (size_t) [0]
	[RSP+10B8] 0x0                (size_t) [0]
	[RSP+10C0] 0x20A57F22000      (char*) "externalinterface"
	[RSP+10C8] 0x20A57F48168      (void*)
	[RSP+10D0] 0x100000001        (size_t) [4294967297]
	[RSP+10D8] 0x1                (size_t) [1]
	[RSP+10E0] 0x1                (size_t) [1]
	[RSP+10E8] 0x7FF7338DC1E9     (void* -> SkyrimSE.exe+0FAC1E9	movzx esi, al)
	[RSP+10F0] 0x7FF8535AEB88     (char*) "setProgress"
	[RSP+10F8] 0x1A7E8FF598       (void*)
	[RSP+1100] 0x1                (size_t) [1]
	[RSP+1108] 0xA267717200000000 (size_t) [uint: 11702446891185733632 int: -6744297182523817984]
	[RSP+1110] 0x1A00000001       (size_t) [111669149697]
	[RSP+1118] 0x1A00000001       (size_t) [111669149697]
	[RSP+1120] 0x0                (size_t) [0]
	[RSP+1128] 0x0                (size_t) [0]
	[RSP+1130] 0x45DF5C7532D86C03 (size_t) [5034844566857477123]
	[RSP+1138] 0x3FF0000000000000 (size_t) [4607182418800017408]
	[RSP+1140] 0x8                (size_t) [8]
	[RSP+1148] 0xBFD06116C8D75180 (size_t) [uint: 13821654006886781312 int: -4625090066822770304]
	[RSP+1150] 0x14100            (size_t) [82176]
	[RSP+1158] 0x0                (size_t) [0]
	[RSP+1160] 0x0                (size_t) [0]
	[RSP+1168] 0x20A57F48258      (void*)
	[RSP+1170] 0x20AC60AAF08      (void*)
	[RSP+1178] 0x20AA2BE1990      (void*)
	[RSP+1180] 0x0                (size_t) [0]
	[RSP+1188] 0x0                (size_t) [0]
	[RSP+1190] 0x7FF735A8CEB0     (void* -> SkyrimSE.exe+315CEB0	add [rax], al)
	[RSP+1198] 0x1                (size_t) [1]
	[RSP+11A0] 0x20A57F220E0      (void*)
	[RSP+11A8] 0x20A57F2F5D0      (void*)
	[RSP+11B0] 0x20AA7CC9810      (Scaleform::PlayerWidget*)
	[RSP+11B8] 0x7FF853577B97     (void* -> TrueHUD.dll+0057B97	lea r11, [rsp+0x50])
	[RSP+11C0] 0x7FF8535AEB88     (char*) "setProgress"
	[RSP+11C8] 0x20AA2BD9390      (void*)
	[RSP+11D0] 0x0                (size_t) [0]
	[RSP+11D8] 0x1A7E8FF5B0       (void*)
	[RSP+11E0] 0x1A7E8FF5B0       (void*)
	[RSP+11E8] 0x1                (size_t) [1]
	[RSP+11F0] 0x1                (size_t) [1]
	[RSP+11F8] 0x1A7E8FF810       (void*)
	[RSP+1200] 0x13969            (size_t) [80233]
	[RSP+1208] 0x14150            (size_t) [82256]
	[RSP+1210] 0x0                (size_t) [0]
	[RSP+1218] 0x0                (size_t) [0]
	[RSP+1220] 0x209EAC168F0      (Scaleform::TrueHUDMenu*)
	[RSP+1228] 0x7FF853576634     (void* -> TrueHUD.dll+0056634	nop)
	[RSP+1230] 0x20AA7CC9810      (Scaleform::PlayerWidget*)
	[RSP+1238] 0x1A7E8FF6F0       (void*)
	[RSP+1240] 0x20AA7CC9810      (Scaleform::PlayerWidget*)
	[RSP+1248] 0x20A4F408B00      (void*)
	[RSP+1250] 0x1                (size_t) [1]
	[RSP+1258] 0x7FF73395B17D     (void* -> SkyrimSE.exe+102B17D	mov rbx, [rsp+0x68])
	[RSP+1260] 0x0                (size_t) [0]
	[RSP+1268] 0x3                (size_t) [3]
	[RSP+1270] 0x3FF0000000000000 (size_t) [4607182418800017408]
	[RSP+1278] 0x1384B525D89C     (size_t) [21460695767196]
	[RSP+1280] 0x0                (size_t) [0]
	[RSP+1288] 0x0                (size_t) [0]
	[RSP+1290] 0x20AA7CC9810      (Scaleform::PlayerWidget*)
	[RSP+1298] 0x7FF853573592     (void* -> TrueHUD.dll+0053592	mov rax, [rsi])
	[RSP+12A0] 0x20A57F48258      (void*)
	[RSP+12A8] 0x20AA7CC9810      (Scaleform::PlayerWidget*)
	[RSP+12B0] 0x20AA7CC9810      (Scaleform::PlayerWidget*)
	[RSP+12B8] 0x7FF733905CA6     (void* -> SkyrimSE.exe+0FD5CA6	mov rdi, [rsp+0x78])
	[RSP+12C0] 0x20A57F48201      (void*)
	[RSP+12C8] 0x7FF73432EBE8     (void* -> SkyrimSE.exe+19FEBE8	and [rbp+rcx*4+0x7FF733], dl)
	[RSP+12D0] 0x1A7E8FF6E8       (void*)
	[RSP+12D8] 0x20A57F48168      (void*)
	[RSP+12E0] 0x1A7E8FF810       (void*)
	[RSP+12E8] 0x2                (size_t) [2]
	[RSP+12F0] 0x1A7E8FF748       (void*)
	[RSP+12F8] 0x7FF7338FB9AA     (void* -> SkyrimSE.exe+0FCB9AA	xor edi, edi)
	[RSP+1300] 0x20A57F48108      (void*)
	[RSP+1308] 0x0                (size_t) [0]
	[RSP+1310] 0x0                (size_t) [0]
	[RSP+1318] 0x0                (size_t) [0]
	[RSP+1320] 0x20AC60AAF60      (void*)
	[RSP+1328] 0x7FF73391B0F3     (void* -> SkyrimSE.exe+0FEB0F3	mov rax, rbx)
	[RSP+1330] 0x0                (size_t) [0]
	[RSP+1338] 0x20AC60AAF80      (void*)
	[RSP+1340] 0x1A7E8FF780       (void*)
	[RSP+1348] 0x5268E236256FD2A0 (size_t) [5938244830872195744]
	[RSP+1350] 0x0                (size_t) [0]
	[RSP+1358] 0x0                (size_t) [0]
	[RSP+1360] 0xB2BD0B28C5BA3B00 (size_t) [uint: 12879462779093400320 int: -5567281294616151296]
	[RSP+1368] 0x5CB36A042BB45A92 (size_t) [6679799238466230930]
	[RSP+1370] 0x0                (size_t) [0]
	[RSP+1378] 0x0                (size_t) [0]
	[RSP+1380] 0xEC63F2269B64C200 (size_t) [uint: 17033724463275098624 int: -1413019610434452992]
	[RSP+1388] 0x26D930A756AA39C  (size_t) [174957633666196380]
	[RSP+1390] 0xEB0E363F9C0906A9 (size_t) [uint: 16937534895415690921 int: -1509209178293860695]
	[RSP+1398] 0x7FF73432EBE8     (void* -> SkyrimSE.exe+19FEBE8	and [rbp+rcx*4+0x7FF733], dl)
	[RSP+13A0] 0x1A7E8FF768       (void*)
	[RSP+13A8] 0x20AC60AAF80      (void*)
	[RSP+13B0] 0x0                (size_t) [0]
	[RSP+13B8] 0x0                (size_t) [0]
	[RSP+13C0] 0xF1D4E24286D3D200 (size_t) [uint: 17425801633561039360 int: -1020942440148512256]
	[RSP+13C8] 0x20A57F48168      (void*)
	[RSP+13D0] 0x0                (size_t) [0]
	[RSP+13D8] 0x18B747776FB07708 (size_t) [1780970755948836616]
	[RSP+13E0] 0x0                (size_t) [0]
	[RSP+13E8] 0x0                (size_t) [0]
	[RSP+13F0] 0xF862AE698F659E00 (size_t) [uint: 17898059637524372992 int: -548684436185178624]
	[RSP+13F8] 0x166CCF45616BFF06 (size_t) [1615894263213326086]
	[RSP+1400] 0x0                (size_t) [0]
	[RSP+1408] 0x3903B3C24E048354 (size_t) [4108324932205970260]
	[RSP+1410] 0xD06016F7A7672661 (size_t) [uint: 15015026410574521953 int: -3431717663135029663]
	[RSP+1418] 0x3E6E77DB49694706 (size_t) [4498664861502883590]
	[RSP+1420] 0x0                (size_t) [0]
	[RSP+1428] 0x37D83BF040DF0B66 (size_t) [4024032170122087270]
	[RSP+1430] 0xDEBB9EC5A9BCAE53 (size_t) [uint: 16049596268858355283 int: -2397147804851196333]
	[RSP+1438] 0x7FF7339032CF     (void* -> SkyrimSE.exe+0FD32CF	add eax, 0xFFFFFFFA)
	[RSP+1440] 0x1A7E8FF828       (void*)
	[RSP+1448] 0x7FF7339015BB     (void* -> SkyrimSE.exe+0FD15BB	mov al, 0x01)
	[RSP+1450] 0x1384B525D8EC     (size_t) [21460695767276]
	[RSP+1458] 0x20A57F24000      (void*)
	[RSP+1460] 0x0                (size_t) [0]
	[RSP+1468] 0x0                (size_t) [0]
	[RSP+1470] 0x0                (size_t) [0]
	[RSP+1478] 0x0                (size_t) [0]
	[RSP+1480] 0x0                (size_t) [0]
	[RSP+1488] 0x0                (size_t) [0]
	[RSP+1490] 0x0                (size_t) [0]
	[RSP+1498] 0x0                (size_t) [0]
	[RSP+14A0] 0x0                (size_t) [0]
	[RSP+14A8] 0x0                (size_t) [0]
	[RSP+14B0] 0x0                (size_t) [0]
	[RSP+14B8] 0x0                (size_t) [0]
	[RSP+14C0] 0x0                (size_t) [0]
	[RSP+14C8] 0x0                (size_t) [0]
	[RSP+14D0] 0x0                (size_t) [0]
	[RSP+14D8] 0x0                (size_t) [0]
	[RSP+14E0] 0x3C8781D5         (size_t) [1015513557]
	[RSP+14E8] 0x0                (size_t) [0]
	[RSP+14F0] 0x0                (size_t) [0]
	[RSP+14F8] 0x0                (size_t) [0]
	[RSP+1500] 0x0                (size_t) [0]
	[RSP+1508] 0x0                (size_t) [0]
	[RSP+1510] 0x1A7E8FF9C0       (void*)
	[RSP+1518] 0x7FF8535734C2     (void* -> TrueHUD.dll+00534C2	cmp byte ptr [0x00007FF8535CB660], 0x00)
	[RSP+1520] 0x10907            (size_t) [67847]
	[RSP+1528] 0x20AA7CC9810      (Scaleform::PlayerWidget*)
	[RSP+1530] 0x20CA1566290      (void*)
	[RSP+1538] 0x20A4F408B00      (void*)
	[RSP+1540] 0x6                (size_t) [6]
	[RSP+1548] 0x0                (size_t) [0]
	[RSP+1550] 0x989680           (size_t) [10000000]
	[RSP+1558] 0x1384B525D56C     (size_t) [21460695766380]
	[RSP+1560] 0x20AA7CC9810      (Scaleform::PlayerWidget*)
	[RSP+1568] 0x7FF85356D55F     (void* -> TrueHUD.dll+004D55F	xorps xmm0, xmm0)
	[RSP+1570] 0x0                (size_t) [0]
	[RSP+1578] 0x1A7E8FF9C0       (void*)
	[RSP+1580] 0x20CA1566290      (void*)
	[RSP+1588] 0x7FF96D163E22     (void* -> dxgi.dll+0033E22	add rsp, 0x48)
	[RSP+1590] 0x1A7E8FF8F0       (void*)
	[RSP+1598] 0x0                (size_t) [0]
	[RSP+15A0] 0x0                (size_t) [0]
	[RSP+15A8] 0x7FF96D15224C     (void* -> dxgi.dll+002224C	test al, al)
	[RSP+15B0] 0x1A7E8FF940       (void*)
	[RSP+15B8] 0x4                (size_t) [4]
	[RSP+15C0] 0xBAD664E5FB0E     (size_t) [205429978561294]
	[RSP+15C8] 0x0                (size_t) [0]
	[RSP+15D0] 0x209379D8010      (void*)
	[RSP+15D8] 0x7FF96D16482F     (void* -> dxgi.dll+003482F	mov rbx, [rsp+0xC8])
	[RSP+15E0] 0x1A00000000       (size_t) [111669149696]
	[RSP+15E8] 0x209379D8010      (void*)
	[RSP+15F0] 0x1A00000000       (size_t) [111669149696]
	[RSP+15F8] 0x200              (size_t) [512]
	[RSP+1600] 0x7FF700000000     (size_t) [140698833649664]
	[RSP+1608] 0x0                (size_t) [0]
	[RSP+1610] 0x0                (size_t) [0]
	[RSP+1618] 0x7FF96FD51794     (void* -> ucrtbase.dll+0031794	jmp 0x00007FF96FD517BA)
	[RSP+1620] 0x0                (size_t) [0]
	[RSP+1628] 0x209379D8010      (void*)
	[RSP+1630] 0x0                (size_t) [0]
	[RSP+1638] 0x0                (size_t) [0]
	[RSP+1640] 0x20A57F220E0      (void*)
	[RSP+1648] 0x47               (size_t) [71]
	[RSP+1650] 0x20AC60AAF80      (void*)
	[RSP+1658] 0x0                (size_t) [0]
	[RSP+1660] 0xBAD664E5FADE     (size_t) [205429978561246]
	[RSP+1668] 0x0                (size_t) [0]
	[RSP+1670] 0x0                (size_t) [0]
	[RSP+1678] 0x0                (size_t) [0]
	[RSP+1680] 0x0                (size_t) [0]
	[RSP+1688] 0x7FF85305C6C3     (void* -> gameoverlayrenderer64.dll+008C6C3	mov eax, esi)
	[RSP+1690] 0x0                (size_t) [0]
	[RSP+1698] 0x7FF85B68A93D     (void* -> KreatE.dll+009A93D	mov r8d, ebx)
	[RSP+16A0] 0x20936B44670      (CD3D11Renderer*)
	[RSP+16A8] 0x0                (size_t) [0]
	[RSP+16B0] 0x20A16DFFC80      (NiCamera*)
		RTTIName: "NiCamera"
		Flags: kSelectiveUpdate | kSelectiveUpdateTransforms | kSelectiveUpdateController
	[RSP+16B8] 0x0                (size_t) [0]
	[RSP+16C0] 0x209379D8010      (void*)
	[RSP+16C8] 0x7FF800000000     (size_t) [140703128616960]
	[RSP+16D0] 0x20937C40AE8      (void*)
	[RSP+16D8] 0x7FF97297A0A1     (void* -> ntdll.dll+002A0A1	mov r10, rbx)
	[RSP+16E0] 0x7FF735F1F870     (void* -> SkyrimSE.exe+35EF870	add [rax], al)
	[RSP+16E8] 0x7FF7335FA258     (void* -> SkyrimSE.exe+0CCA258	mov rax, [rsp+0x30])
	[RSP+16F0] 0x3                (size_t) [3]
	[RSP+16F8] 0x7FF926CE0541     (void*)
	[RSP+1700] 0x20A16DFFC80      (NiCamera*)
		RTTIName: "NiCamera"
		Flags: kSelectiveUpdate | kSelectiveUpdateTransforms | kSelectiveUpdateController
	[RSP+1708] 0x0                (size_t) [0]
	[RSP+1710] 0x0                (size_t) [0]
	[RSP+1718] 0x7FF972977027     (void* -> ntdll.dll+0027027	jmp 0x00007FF972976FC3)
	[RSP+1720] 0x7FF735BBAFB0     (void* -> SkyrimSE.exe+328AFB0	)
	[RSP+1728] 0x2092B3DA700      (Main*)
	[RSP+1730] 0xFFFFFFFA         (size_t) [4294967290]
	[RSP+1738] 0x0                (size_t) [0]
	[RSP+1740] 0x0                (size_t) [0]
	[RSP+1748] 0x7FF732F74212     (void* -> SkyrimSE.exe+0644212	cmp byte ptr [0x00007FF734942490], 0x00)
	[RSP+1750] 0x0                (size_t) [0]
	[RSP+1758] 0x7FF735AB8200     (void* -> SkyrimSE.exe+3188200	add [rax], al)
	[RSP+1760] 0x0                (size_t) [0]
	[RSP+1768] 0x7FF735AB8200     (void* -> SkyrimSE.exe+3188200	add [rax], al)
	[RSP+1770] 0x20AA74E4000      (char*) "Version"
	[RSP+1778] 0x18000CD16        (void* -> tbbmalloc.dll+000CD16	mov rdi, rax)
	[RSP+1780] 0x1384B525D5DC     (size_t) [21460695766492]
	[RSP+1788] 0x0                (size_t) [0]
	[RSP+1790] 0x0                (size_t) [0]
	[RSP+1798] 0x0                (size_t) [0]
	[RSP+17A0] 0x3C8781D5         (size_t) [1015513557]
	[RSP+17A8] 0x0                (size_t) [0]
	[RSP+17B0] 0x209206C84E0      (void*)
	[RSP+17B8] 0x0                (size_t) [0]
	[RSP+17C0] 0x7FF735A8CEB0     (void* -> SkyrimSE.exe+315CEB0	add [rax], al)
	[RSP+17C8] 0x0                (size_t) [0]
	[RSP+17D0] 0x989680           (size_t) [10000000]
	[RSP+17D8] 0x20CA1566290      (void*)
	[RSP+17E0] 0x1A7E8FFBF8       (void*)
	[RSP+17E8] 0x7FF85356554C     (void* -> TrueHUD.dll+004554C	mov rcx, [rbx+0x10])
	[RSP+17F0] 0x2C35806DB        (size_t) [11867260635]
	[RSP+17F8] 0x7FF7335F6ED7     (void* -> SkyrimSE.exe+0CC6ED7	mov [rbx+0x08], rax)
	[RSP+1800] 0x209EAC168F0      (Scaleform::TrueHUDMenu*)
	[RSP+1808] 0x1A7E8FFBF8       (void*)
	[RSP+1810] 0x0                (size_t) [0]
	[RSP+1818] 0x0                (size_t) [0]
	[RSP+1820] 0x2                (size_t) [2]
	[RSP+1828] 0x7FF7338D4E57     (void* -> SkyrimSE.exe+0FA4E57	add rbx, 0x08)
	[RSP+1830] 0x20CA1566290      (void*)
	[RSP+1838] 0x7FF7340A6840     (void* -> SkyrimSE.exe+1776840	jo 0x00007FF7340A68B2)
	[RSP+1840] 0x1A7E8FFBF8       (void*)
	[RSP+1848] 0x2092B38EE80      (NiCamera*)
		Name: "WorldRoot Camera"
		RTTIName: "NiCamera"
		Flags: kSelectiveUpdate | kSelectiveUpdateTransforms | kSelectiveUpdateController
		Checking Parent: 0
			Name: "WorldRoot CameraNode"
			RTTIName: "NiNode"
			Flags: kSelectiveUpdate | kSelectiveUpdateTransforms | kSelectiveUpdateController
			Checking Parent: 0
				Name: "WorldRoot Node"
				RTTIName: "SceneGraph"
				Flags: kSelectiveUpdate | kSelectiveUpdateTransforms | kSelectiveUpdateController
		Name: "WorldRoot Camera"
	[RSP+1850] 0xFFFFFFFFFFFFFFFE (size_t) [uint: 18446744073709551614 int: -2]
	[RSP+1858] 0x7FF734098160     (void* -> SkyrimSE.exe+1768160	sbb bh, cl)
	[RSP+1860] 0x1A7E8FFBC8       (void*)
	[RSP+1868] 0x7FF734098160     (void* -> SkyrimSE.exe+1768160	sbb bh, cl)
	[RSP+1870] 0x1A7E8FFBC8       (void*)
	[RSP+1878] 0x209206C8BB0      (ScrapHeap*)
	[RSP+1880] 0x20CA1566290      (void*)
	[RSP+1888] 0x7FF700000006     (size_t) [140698833649670]
	[RSP+1890] 0x20A00000006      (void*)
	[RSP+1898] 0x20A4A0ECB10      (void*)
	[RSP+18A0] 0x0                (size_t) [0]
	[RSP+18A8] 0x0                (size_t) [0]
	[RSP+18B0] 0x209206C84E0      (void*)
	[RSP+18B8] 0x768              (size_t) [1896]
	[RSP+18C0] 0x2092B3DA700      (Main*)
	[RSP+18C8] 0x1                (size_t) [1]
	[RSP+18D0] 0x2092B38EE80      (NiCamera*)
		Name: "WorldRoot Camera"
		RTTIName: "NiCamera"
		Flags: kSelectiveUpdate | kSelectiveUpdateTransforms | kSelectiveUpdateController
		Checking Parent: 0
			Name: "WorldRoot CameraNode"
			RTTIName: "NiNode"
			Flags: kSelectiveUpdate | kSelectiveUpdateTransforms | kSelectiveUpdateController
			Checking Parent: 0
				Name: "WorldRoot Node"
				RTTIName: "SceneGraph"
				Flags: kSelectiveUpdate | kSelectiveUpdateTransforms | kSelectiveUpdateController
		Name: "WorldRoot Camera"
	[RSP+18D8] 0x2                (size_t) [2]
	[RSP+18E0] 0x1A7E8FFC80       (void*)
	[RSP+18E8] 0x7FF732F76995     (void* -> SkyrimSE.exe+0646995	call 0x00007FF7332AB2E0)
	[RSP+18F0] 0x2                (size_t) [2]
	[RSP+18F8] 0x1A00000002       (size_t) [111669149698]
	[RSP+1900] 0x209206C84E0      (void*)
	[RSP+1908] 0x7FF735A8D008     (char*) "`""
	[RSP+1910] 0x2FA0EEDB8651     (size_t) [52368248637009]
	[RSP+1918] 0x7FF890D5C9B1     (void* -> BetterThirdPersonSelection.dll+010C9B1	mov rcx, [rbx])
	[RSP+1920] 0x7FF859EA6590     (hdt::SkyrimPhysicsWorld*)
	[RSP+1928] 0x10A8F            (size_t) [68239]
	[RSP+1930] 0x65DD6BB7C5FA     (size_t) [112001669383674]
	[RSP+1938] 0x65DD00000002     (size_t) [111999862177794]
	[RSP+1940] 0x20A58AF4100      (PlayerCharacter*)
		Flags: 0x00000408 
		Name: "Prisoner"
		FormID: 0x00000014
		FormType: ActorCharacter (62)
		Flags: 0x00000408 
		Name: "Prisoner"
		FormID: 0x00000014
		FormType: ActorCharacter (62)
		Object Reference: 
		File: "NPC Improvements.esp"
		Modified by: Skyrim.esm -> NPC Improvements.esp
		Flags: 0x00000009 kDestructible | kInitialized
		Name: "Prisoner"
		FormID: 0x00000007
		FormType: NPC (43)
		ParentCell: ---
			File: "Skyrim Extended Cut - Saints and Seducers.esp"
			Flags: 0x00000009 
			EditorID: "Wilderness"
			FormID: 0x12C2D197
			FormType: Cell (60)
		Flags: 0x00000408 kInitialized
		FormID: 0x00000014
		FormType: ActorCharacter (62)
	[RSP+1948] 0x7FF890D5CE58     (void* -> BetterThirdPersonSelection.dll+010CE58	add rsp, 0x30)
	[RSP+1950] 0x20A58AF4100      (PlayerCharacter*)
		Flags: 0x00000408 
		Name: "Prisoner"
		FormID: 0x00000014
		FormType: ActorCharacter (62)
		Flags: 0x00000408 
		Name: "Prisoner"
		FormID: 0x00000014
		FormType: ActorCharacter (62)
		Object Reference: 
		File: "NPC Improvements.esp"
		Modified by: Skyrim.esm -> NPC Improvements.esp
		Flags: 0x00000009 kDestructible | kInitialized
		Name: "Prisoner"
		FormID: 0x00000007
		FormType: NPC (43)
		ParentCell: ---
			File: "Skyrim Extended Cut - Saints and Seducers.esp"
			Flags: 0x00000009 
			EditorID: "Wilderness"
			FormID: 0x12C2D197
			FormType: Cell (60)
		Flags: 0x00000408 kInitialized
		FormID: 0x00000014
		FormType: ActorCharacter (62)
	[RSP+1958] 0x7FF890CABA09     (void* -> BetterThirdPersonSelection.dll+005BA09	mov rbx, [rsp+0x50])
	[RSP+1960] 0x0                (size_t) [0]
	[RSP+1968] 0x7FF890D45E87     (void* -> BetterThirdPersonSelection.dll+00F5E87	add rsp, 0x40)
	[RSP+1970] 0x209206C8BB0      (ScrapHeap*)
	[RSP+1978] 0x0                (size_t) [0]
	[RSP+1980] 0x1A7E8FFCC8       (void*)
	[RSP+1988] 0x0                (size_t) [0]
	[RSP+1990] 0x0                (size_t) [0]
	[RSP+1998] 0x0                (size_t) [0]
	[RSP+19A0] 0x0                (size_t) [0]
	[RSP+19A8] 0x7FF800000000     (size_t) [140703128616960]
	[RSP+19B0] 0x0                (size_t) [0]
	[RSP+19B8] 0x0                (size_t) [0]
	[RSP+19C0] 0x0                (size_t) [0]
	[RSP+19C8] 0x7FF890CB49F7     (void* -> BetterThirdPersonSelection.dll+00649F7	add rsp, 0x40)
	[RSP+19D0] 0x4F2EEFC95F73     (size_t) [87063010041715]
	[RSP+19D8] 0x61DA2            (size_t) [400802]
	[RSP+19E0] 0x0                (size_t) [0]
	[RSP+19E8] 0x0                (size_t) [0]
	[RSP+19F0] 0x0                (size_t) [0]
	[RSP+19F8] 0x0                (size_t) [0]
	[RSP+1A00] 0x0                (size_t) [0]
	[RSP+1A08] 0x0                (size_t) [0]
	[RSP+1A10] 0x0                (size_t) [0]
	[RSP+1A18] 0xFFFFFFFFFFFFFFFE (size_t) [uint: 18446744073709551614 int: -2]
	[RSP+1A20] 0x0                (size_t) [0]
	[RSP+1A28] 0x0                (size_t) [0]
	[RSP+1A30] 0x0                (size_t) [0]
	[RSP+1A38] 0x0                (size_t) [0]
	[RSP+1A40] 0x0                (size_t) [0]
	[RSP+1A48] 0x7FF859DCF4C9     (void* -> hdtSMP64.dll+00BF4C9	cmp byte ptr [rbx+0x10], 0x00 |  C:\Games\Faster HDT-SMP\skse64_2_02_06\src\skse64\hdtSMP64\Hooks.cpp:314 ?onFrame@UnkEngine@hdt@@QEAAXXZ)
	[RSP+1A50] 0x2092B3DA700      (Main*)
	[RSP+1A58] 0x0                (size_t) [0]
	[RSP+1A60] 0x1F0A20           (size_t) [2034208]
	[RSP+1A68] 0x3                (size_t) [3]
	[RSP+1A70] 0x1F0A20           (size_t) [2034208]
	[RSP+1A78] 0x0                (size_t) [0]
	[RSP+1A80] 0x0                (size_t) [0]
	[RSP+1A88] 0x7FF859635EC7     (void* -> MuJointFix.dll+0025EC7	call 0x00007FF8596532E0 |  D:\VS\MuJointFix\src\Hook.cpp:25 ?onFrame@UnkEngine@Mus@@QEAAXXZ)
	[RSP+1A90] 0x1                (size_t) [1]
	[RSP+1A98] 0x0                (size_t) [0]
	[RSP+1AA0] 0x2092B3DA700      (Main*)
	[RSP+1AA8] 0x0                (size_t) [0]
	[RSP+1AB0] 0x1F0A20           (size_t) [2034208]
	[RSP+1AB8] 0x7FF890CCB0A3     (void* -> BetterThirdPersonSelection.dll+007B0A3	call 0x00007FF890C59228)
	[RSP+1AC0] 0x0                (size_t) [0]
	[RSP+1AC8] 0x7FF85306B528     (void* -> gameoverlayrenderer64.dll+009B528	mov rbx, [rsp+0x40])
	[RSP+1AD0] 0x0                (size_t) [0]
	[RSP+1AD8] 0x1A7E8FFEB0       (void*)
	[RSP+1AE0] 0x7FF6B4090000     (void*)
	[RSP+1AE8] 0x2092B3DA700      (Main*)
	[RSP+1AF0] 0x0                (size_t) [0]
	[RSP+1AF8] 0x65DD6BB7C02A     (size_t) [112001669382186]
	[RSP+1B00] 0x1F0A20           (size_t) [2034208]
	[RSP+1B08] 0x7FF732F6EAD5     (void* -> SkyrimSE.exe+063EAD5	test bl, bl)
	[RSP+1B10] 0x0                (size_t) [0]
	[RSP+1B18] 0x0                (size_t) [0]
	[RSP+1B20] 0x0                (size_t) [0]
	[RSP+1B28] 0x0                (size_t) [0]
	[RSP+1B30] 0x1                (size_t) [1]
	[RSP+1B38] 0x0                (size_t) [0]
	[RSP+1B40] 0xA                (size_t) [10]
	[RSP+1B48] 0x7FF96FE1F0C0     (void* -> ucrtbase.dll+00FF0C0	)
	[RSP+1B50] 0x209206E99D0      (void*)
	[RSP+1B58] 0x0                (size_t) [0]
	[RSP+1B60] 0x1F0A20           (size_t) [2034208]
	[RSP+1B68] 0x14FE             (size_t) [5374]
	[RSP+1B70] 0x138911BC         (size_t) [327750076]
	[RSP+1B78] 0x1                (size_t) [1]
	[RSP+1B80] 0x4E500121A27      (size_t) [5381595208231]
	[RSP+1B88] 0x2E8              (size_t) [744]
	[RSP+1B90] 0x0                (size_t) [0]
	[RSP+1B98] 0x7FF733E6BB8E     (void* -> SkyrimSE.exe+153BB8E	mov ebx, eax)
	[RSP+1BA0] 0xA                (size_t) [10]
	[RSP+1BA8] 0x0                (size_t) [0]
	[RSP+1BB0] 0x7FF73616D310     (void* -> SkyrimSE.exe+383D310	call 0x00007FF73616D315)
	[RSP+1BB8] 0x1A7E771000       (void*)
	[RSP+1BC0] 0x0                (size_t) [0]
	[RSP+1BC8] 0x0                (size_t) [0]
	[RSP+1BD0] 0x0                (size_t) [0]
	[RSP+1BD8] 0x7FF9710A257D     (void* -> KERNEL32.DLL+001257D	mov ecx, eax)
	[RSP+1BE0] 0x0                (size_t) [0]
	[RSP+1BE8] 0x0                (size_t) [0]
	[RSP+1BF0] 0x0                (size_t) [0]
	[RSP+1BF8] 0x0                (size_t) [0]
	[RSP+1C00] 0x0                (size_t) [0]
	[RSP+1C08] 0x7FF9729AAF28     (void* -> ntdll.dll+005AF28	jmp 0x00007FF9729AAF49)
	[RSP+1C10] 0x0                (size_t) [0]
	[RSP+1C18] 0x0                (size_t) [0]
	[RSP+1C20] 0x0                (size_t) [0]
	[RSP+1C28] 0x0                (size_t) [0]
	[RSP+1C30] 0x0                (size_t) [0]
	[RSP+1C38] 0x0                (size_t) [0]
	[RSP+1C40] 0xA2BB5C4D00000000 (size_t) [uint: 11726067540571455488 int: -6720676533138096128]
	[RSP+1C48] 0x0                (size_t) [0]
	[RSP+1C50] 0x4F0FFFFFB30      (size_t) [5433133628208]
	[RSP+1C58] 0x7FF9700F07B0     (void* -> KERNELBASE.dll+01607B0	mov [rsp+0x10], rbx)
	[RSP+1C60] 0x1A7E8FCE40       (void*)
	[RSP+1C68] 0xDFE80003FFCE95A2 (size_t) [uint: 16134145682231432610 int: -2312598391478119006]
	[RSP+1C70] 0x7FF9D2B45BFD     (size_t) [140710958619645]
	[RSP+1C78] 0x1A7E8FCE40       (void*)
	[RSP+1C80] 0x0                (size_t) [0]
	[RSP+1C88] 0x0                (size_t) [0]
	[RSP+1C90] 0x0                (size_t) [0]
	[RSP+1C98] 0x0                (size_t) [0]
	[RSP+1CA0] 0x0                (size_t) [0]
	[RSP+1CA8] 0x0                (size_t) [0]

MODULES:
	XINPUT1_3.dll                                    0x000000400000
	X3DAudio1_7.dll                                  0x0000520D0000
	tbbmalloc.dll                                    0x000180000000
	tbb.dll                                          0x020922280000
	PayloadInterpreter.dll                           0x02094BF20000
	ShadowBoost.dll                                  0x020956BD0000
	SkyrimSE.exe                                     0x7FF732930000
	XAudio2_7.dll                                    0x7FF852F40000
	gameoverlayrenderer64.dll                        0x7FF852FD0000
	YesImSure.dll                                    0x7FF853170000
	WhichKey-NG.dll                                  0x7FF853200000
	Weightless.dll                                   0x7FF853390000
	UnlimitedFastTravel.dll                          0x7FF8534B0000
	TrueHUD.dll                                      0x7FF853520000
	TrueDirectionalMovement.dll                      0x7FF8535E0000
	SureOfStealing.dll                               0x7FF8536B0000
	SSEDisplayTweaks.dll                             0x7FF853760000
	SpellLevelAutomaticAdjustedDescription.dll       0x7FF853800000
	SoundRecordDistributor.dll                       0x7FF8538D0000
	SoftShadows.dll                                  0x7FF8539B0000
	SkyReflectionFix.dll                             0x7FF853A60000
	SkyPatcher.dll                                   0x7FF853AF0000
	SkillOfSneaking.dll                              0x7FF853CC0000
	skee64.dll                                       0x7FF853D70000
	SexLabUtil.dll                                   0x7FF8540A0000
	ScrambledBugs.dll                                0x7FF854170000
	RemoveAllItemsFix.dll                            0x7FF854210000
	RecursionFPSFix.dll                              0x7FF8542A0000
	QuickLootEE.dll                                  0x7FF854380000
	po3_UseOrTake.dll                                0x7FF854490000
	po3_Tweaks.dll                                   0x7FF854540000
	po3_SpellPerkItemDistributor.dll                 0x7FF854640000
	po3_SimpleOffenceSuppression.dll                 0x7FF854800000
	po3_SimpleActivateSKSE.dll                       0x7FF8548A0000
	po3_SaveUnbaker.dll                              0x7FF854950000
	po3_ReadOrTakeBooks.dll                          0x7FF8549F0000
	po3_PapyrusExtender.dll                          0x7FF854AD0000
	po3_MoonMod.dll                                  0x7FF854D50000
	po3_MagicSneakAttacks.dll                        0x7FF854E00000
	po3_KeywordItemDistributor.dll                   0x7FF854EE0000
	po3_EnhancedInvisibility.dll                     0x7FF855080000
	po3_ENBLightForEffectShaders.dll                 0x7FF855130000
	po3_DualCastingFix.dll                           0x7FF8551F0000
	po3_DialogueHistory.dll                          0x7FF855290000
	po3_CraftingRecipeDistributor.dll                0x7FF855560000
	po3_ConsolePlusPlus.dll                          0x7FF855610000
	po3_BaseObjectSwapper.dll                        0x7FF8556C0000
	po3_AnimObjectSwapper.dll                        0x7FF855810000
	PlayerPayCrimeGoldTweak.dll                      0x7FF8558C0000
	PerkEntryPointExtender.dll                       0x7FF8559B0000
	PapyrusUtil.dll                                  0x7FF855BA0000
	PapyrusTweaks.dll                                0x7FF855D10000
	PapyrusIniManipulator.dll                        0x7FF855E10000
	PAPER.dll                                        0x7FF855F00000
	PairedAnimationImprovements.dll                  0x7FF855F80000
	OSLAroused.dll                                   0x7FF855FF0000
	OpenAnimationReplacer.dll                        0x7FF856090000
	OpenAnimationReplacer-IEDConditionExtensions.dll 0x7FF8563F0000
	OpenAnimationReplacer-DetectionPlugin.dll        0x7FF856510000
	OBody.dll                                        0x7FF856600000
	NotificationFilter.dll                           0x7FF8566B0000
	NoOppositeGenderAnims.dll                        0x7FF856720000
	steamclient64.dll                                0x7FF856810000
	PassiveWeaponEnchantmentRecharging.dll           0x7FF8591E0000
	NoEnchantmentRestrictionRemake.dll               0x7FF859240000
	NGIO-NG.dll                                      0x7FF8592F0000
	NativeEditorIDFix.dll                            0x7FF859430000
	NakedDeadNPCFix.dll                              0x7FF859490000
	MuSkeletonEditor.dll                             0x7FF859530000
	MuJointFix.dll                                   0x7FF859610000
	MoreInformativeConsole.dll                       0x7FF8596B0000
	mfgfix.dll                                       0x7FF8597E0000
	MenuMaid2.dll                                    0x7FF8598A0000
	MCMHelper.dll                                    0x7FF8599B0000
	loki_DynamicAnimationCasting.dll                 0x7FF859A90000
	LocationalEncounterZones.dll                     0x7FF859C30000
	hdtSMP64.dll                                     0x7FF859D10000
	MumsTheWord.dll                                  0x7FF85B4C0000
	kxWhereAreYou.dll                                0x7FF85B540000
	KreatE.dll                                       0x7FF85B5F0000
	JContainers64.dll                                0x7FF866D10000
	IWantWidgetsNative.dll                           0x7FF866FF0000
	k101PapyrusFunctions.dll                         0x7FF86B030000
	KillCapsLockNG.dll                               0x7FF86B2F0000
	ItemPropertyManipulator.dll                      0x7FF86B380000
	InventoryInjector.dll                            0x7FF86B4D0000
	ImWalkinHere.dll                                 0x7FF86B580000
	FormListManipulator.dll                          0x7FF86B650000
	DynDOLOD.DLL                                     0x7FF86B770000
	DescriptionFramework.dll                         0x7FF86B840000
	CrashLogger.dll                                  0x7FF86B950000
	HelpExtender.dll                                 0x7FF86C2D0000
	CraftingCategories.dll                           0x7FF86C530000
	MaxsuCombatEscape.dll                            0x7FF86C7B0000
	htfq_se.dll                                      0x7FF86C8C0000
	HDLocalMap.dll                                   0x7FF86C920000
	DeviousDevices.dll                               0x7FF86CA60000
	ConsoleUtilSSE.dll                               0x7FF86CB30000
	ComprehensiveAttackRatePatch.dll                 0x7FF86CC90000
	CommunityShaders.dll                             0x7FF8819A0000
	ContainerItemDistributor.dll                     0x7FF882400000
	Fuz Ro D'oh.dll                                  0x7FF884750000
	ContainerDistributionFramework.dll               0x7FF88F920000
	CCExtender.dll                                   0x7FF890B80000
	BetterThirdPersonSelection.dll                   0x7FF890C50000
	CombatMusicFixNG.dll                             0x7FF890F80000
	cbp.dll                                          0x7FF891020000
	CaptureWarmer.dll                                0x7FF891140000
	FISS.dll                                         0x7FF8917D0000
	FaceGenFixes.dll                                 0x7FF891AC0000
	Arcane-Disenchanter-NG.dll                       0x7FF891B30000
	ActorValueExtension.dll                          0x7FF8AA200000
	AnimationMotionRevolution.dll                    0x7FF8AA500000
	D3DCOMPILER_47.dll                               0x7FF8AA670000
	FixNotesForSkyUI.dll                             0x7FF8AB820000
	EnemiesRespectEncounterZones.dll                 0x7FF8ACD00000
	DynamicCollisionAdjustment.dll                   0x7FF8B37F0000
	BugFixesSSE.dll                                  0x7FF8B3CB0000
	encounter_zones_unlocked.dll                     0x7FF8B91F0000
	AutoParallax.dll                                 0x7FF8EC7B0000
	AHZmoreHUDPlugin.dll                             0x7FF8EC840000
	msdmo.dll                                        0x7FF8F2F10000
	ResampleDmo.DLL                                  0x7FF8F2F20000
	DSOUND.DLL                                       0x7FF8F2FE0000
	nvspcap64.dll                                    0x7FF921E10000
	AnimationQueueFix.dll                            0x7FF925EB0000
	AHZmoreHUDInventory.dll                          0x7FF925F20000
	AddItemMenuSE.dll                                0x7FF925F90000
	ActorLimitFix.dll                                0x7FF926090000
	SKSEMenuFramework.dll                            0x7FF926130000
	EngineFixes.dll                                  0x7FF926330000
	vstdlib_s64.dll                                  0x7FF926440000
	tier0_s64.dll                                    0x7FF926500000
	WINHTTP.dll                                      0x7FF9266A0000
	skse64_1_6_1170.dll                              0x7FF926CF0000
	VoltekLib.Detours.dll                            0x7FF926E20000
	bink2w64.dll                                     0x7FF926EA0000
	CONCRT140.dll                                    0x7FF92F760000
	BarterLimitFix.dll                               0x7FF939DF0000
	uiautomationcore.dll                             0x7FF93A870000
	xinput1_4.dll                                    0x7FF93B330000
	SkyrimUncapper.dll                               0x7FF93B490000
	threadpoolwinrt.dll                              0x7FF946170000
	EVLaS.dll                                        0x7FF94AFF0000
	inputhost.dll                                    0x7FF94FD30000
	VoltekLib.RelocationDatabase.dll                 0x7FF94FF40000
	Windows.UI.dll                                   0x7FF9545D0000
	webio.dll                                        0x7FF956180000
	winmmbase.dll                                    0x7FF9564A0000
	MPR.dll                                          0x7FF956650000
	VCRUNTIME140_1.dll                               0x7FF9566D0000
	VCRUNTIME140.dll                                 0x7FF9566E0000
	MSVCP140.dll                                     0x7FF956700000
	nvwgf2umx.dll                                    0x7FF957930000
	OLEACC.dll                                       0x7FF95B540000
	gdiplus.dll                                      0x7FF95B900000
	MMDevApi.dll                                     0x7FF95BDE0000
	textinputframework.dll                           0x7FF95D960000
	AUDIOSES.DLL                                     0x7FF95DCB0000
	ncryptsslp.dll                                   0x7FF95F350000
	COMCTL32.dll                                     0x7FF960050000
	NvMessageBus.dll                                 0x7FF9604D0000
	nvgpucomp64.dll                                  0x7FF960830000
	nvldumdx.dll                                     0x7FF964A20000
	MSIMG32.dll                                      0x7FF964B30000
	WINMM.dll                                        0x7FF964F90000
	MSVCP140_ATOMIC_WAIT.dll                         0x7FF965E60000
	CoreUIComponents.dll                             0x7FF967100000
	avrt.dll                                         0x7FF967730000
	directxdatabasehelper.dll                        0x7FF967880000
	dbghelp.dll                                      0x7FF967950000
	drvstore.dll                                     0x7FF967E40000
	cryptnet.dll                                     0x7FF968760000
	VERSION.dll                                      0x7FF9687A0000
	rasadhlp.dll                                     0x7FF9687B0000
	diskCacheEnabler.dll                             0x7FF968830000
	d3d11.dll                                        0x7FF969680000
	VoltekLib.MemoryManager.dll                      0x7FF969EE0000
	SMP-NPC crash fix.dll                            0x7FF969F70000
	VoltekLib.UnicodeConverter.dll                   0x7FF969F80000
	d3dx9_42.dll                                     0x7FF969FB0000
	DINPUT8.dll                                      0x7FF969FD0000
	dcomp.dll                                        0x7FF96A090000
	CoreMessaging.dll                                0x7FF96A840000
	steam_api64.dll                                  0x7FF96ABA0000
	fwpuclnt.dll                                     0x7FF96AF60000
	WINHTTP.DLL                                      0x7FF96BA90000
	windowscodecs.dll                                0x7FF96CDD0000
	UxTheme.dll                                      0x7FF96CFC0000
	dxgi.dll                                         0x7FF96D130000
	dwmapi.dll                                       0x7FF96D240000
	WINNSI.DLL                                       0x7FF96D270000
	dxcore.dll                                       0x7FF96D2D0000
	resourcepolicyclient.dll                         0x7FF96D660000
	wintypes.dll                                     0x7FF96DA50000
	windows.storage.dll                              0x7FF96DB90000
	HID.DLL                                          0x7FF96E490000
	IPHLPAPI.DLL                                     0x7FF96E7A0000
	DNSAPI.dll                                       0x7FF96E7D0000
	UMPDC.dll                                        0x7FF96EAB0000
	POWRPROF.dll                                     0x7FF96EAD0000
	Secur32.dll                                      0x7FF96EB40000
	schannel.DLL                                     0x7FF96EBC0000
	rsaenh.dll                                       0x7FF96ECC0000
	kernel.appcore.dll                               0x7FF96ED60000
	ntmarta.dll                                      0x7FF96ED80000
	SSPICLI.DLL                                      0x7FF96EFC0000
	MSWSOCK.dll                                      0x7FF96F1C0000
	wldp.dll                                         0x7FF96F440000
	CRYPTBASE.DLL                                    0x7FF96F4F0000
	CRYPTSP.dll                                      0x7FF96F510000
	msasn1.dll                                       0x7FF96F560000
	NTASN1.dll                                       0x7FF96F5F0000
	ncrypt.dll                                       0x7FF96F630000
	devobj.dll                                       0x7FF96F950000
	CFGMGR32.dll                                     0x7FF96F980000
	DPAPI.DLL                                        0x7FF96F9D0000
	profapi.dll                                      0x7FF96FBB0000
	msvcp_win.dll                                    0x7FF96FC80000
	ucrtbase.dll                                     0x7FF96FD20000
	gdi32full.dll                                    0x7FF96FE40000
	bcrypt.dll                                       0x7FF96FF60000
	KERNELBASE.dll                                   0x7FF96FF90000
	win32u.dll                                       0x7FF970340000
	bcryptPrimitives.dll                             0x7FF970370000
	CRYPT32.dll                                      0x7FF9703F0000
	wintrust.dll                                     0x7FF970560000
	shcore.dll                                       0x7FF970690000
	OLEAUT32.dll                                     0x7FF970790000
	imagehlp.dll                                     0x7FF970870000
	COMDLG32.dll                                     0x7FF9708B0000
	GDI32.dll                                        0x7FF970A10000
	SHLWAPI.dll                                      0x7FF970AC0000
	SETUPAPI.dll                                     0x7FF970B20000
	IMM32.DLL                                        0x7FF970FA0000
	sechost.dll                                      0x7FF970FE0000
	KERNEL32.DLL                                     0x7FF971090000
	SHELL32.dll                                      0x7FF971160000
	combase.dll                                      0x7FF971A20000
	NSI.dll                                          0x7FF971DB0000
	PSAPI.DLL                                        0x7FF971E50000
	clbcatq.dll                                      0x7FF971E60000
	USER32.dll                                       0x7FF971F10000
	msvcrt.dll                                       0x7FF9720C0000
	ole32.dll                                        0x7FF972330000
	RPCRT4.dll                                       0x7FF9724E0000
	ADVAPI32.dll                                     0x7FF972610000
	WS2_32.dll                                       0x7FF9726D0000
	MSCTF.dll                                        0x7FF9727B0000
	ntdll.dll                                        0x7FF972950000

SKSE PLUGINS:
	ActorLimitFix.dll
	ActorValueExtension.dll v1.9.5.6
	AddItemMenuSE.dll
	AHZmoreHUDInventory.dll v2.1.3
	AHZmoreHUDPlugin.dll v5.2.2
	AnimationMotionRevolution.dll
	AnimationQueueFix.dll v1.0.1
	Arcane-Disenchanter-NG.dll v1.1
	AutoParallax.dll v1.0.7
	BarterLimitFix.dll
	BetterThirdPersonSelection.dll v1
	BugFixesSSE.dll
	CaptureWarmer.dll v1.2
	cbp.dll
	CCExtender.dll v1.12.0.1
	CombatMusicFixNG.dll v1.1
	CommunityShaders.dll v0.8.7
	ComprehensiveAttackRatePatch.dll v1.1.2.8
	ConsoleUtilSSE.dll v1.5.1
	ContainerDistributionFramework.dll v1.6
	ContainerItemDistributor.dll v1.2
	CraftingCategories.dll v1.1.1
	CrashLogger.dll v1.14.1
	DescriptionFramework.dll v2.1.1
	DeviousDevices.dll v0.0.0.1
	diskCacheEnabler.dll
	DynamicCollisionAdjustment.dll v1.1
	DynDOLOD.DLL v3.0.30.1130
	encounter_zones_unlocked.dll
	EnemiesRespectEncounterZones.dll v1.4.2
	EngineFixes.dll v6.1.1
	EVLaS.dll v1.3.1
	FaceGenFixes.dll v1.0.3
	FISS.dll
	FixNotesForSkyUI.dll v1.2.6
	FormListManipulator.dll v1.7
	Fuz Ro D'oh.dll v2.5.8.123
	HDLocalMap.dll v1.0.2
	hdtSMP64.dll
	HelpExtender.dll v1.3.0.1
	htfq_se.dll v2
	ImWalkinHere.dll v1.7
	InventoryInjector.dll v1.1
	ItemPropertyManipulator.dll v0.5.1
	IWantWidgetsNative.dll
	JContainers64.dll v4.2.9
	k101PapyrusFunctions.dll v1
	KillCapsLockNG.dll v1
	KreatE.dll v1.2.2
	kxWhereAreYou.dll
	LocationalEncounterZones.dll v1.0.2
	loki_DynamicAnimationCasting.dll v3.2.3
	MaxsuCombatEscape.dll v1
	MCMHelper.dll v1.5
	MenuMaid2.dll v2.2.2
	mfgfix.dll v0.1
	MoreInformativeConsole.dll v1.1
	MuJointFix.dll v2.0.17
	MumsTheWord.dll v2.1
	MuSkeletonEditor.dll v0.6
	NakedDeadNPCFix.dll v1.0.8
	NativeEditorIDFix.dll v1.2.2
	NGIO-NG.dll v1.0.16.1
	NoEnchantmentRestrictionRemake.dll v3.0.1
	NoOppositeGenderAnims.dll v1.1
	NotificationFilter.dll v1.2.1
	OBody.dll v1
	OpenAnimationReplacer-DetectionPlugin.dll v2.1.1
	OpenAnimationReplacer-IEDConditionExtensions.dll v1.0.2
	OpenAnimationReplacer.dll v2.3.5
	OSLAroused.dll v2.5
	PairedAnimationImprovements.dll v1.0.2
	PAPER.dll v2.2.4
	PapyrusIniManipulator.dll v1.9.6
	PapyrusTweaks.dll v4.1
	PapyrusUtil.dll
	PassiveWeaponEnchantmentRecharging.dll v1
	PayloadInterpreter.dll v1
	PerkEntryPointExtender.dll v1
	PlayerPayCrimeGoldTweak.dll v1.0.6
	po3_AnimObjectSwapper.dll v1.1.0.1
	po3_BaseObjectSwapper.dll v3.1.1.1
	po3_ConsolePlusPlus.dll v1.4.1.1
	po3_CraftingRecipeDistributor.dll v2.1.0.1
	po3_DialogueHistory.dll v1.1.2.1
	po3_DualCastingFix.dll v1.0.0.1
	po3_ENBLightForEffectShaders.dll v2.1.0.1
	po3_EnhancedInvisibility.dll v1.3.0.1
	po3_KeywordItemDistributor.dll v3.4.0.1
	po3_MagicSneakAttacks.dll v1.3.0.1
	po3_MoonMod.dll v2.0.2.1
	po3_PapyrusExtender.dll v5.6.2.1
	po3_ReadOrTakeBooks.dll v1.4.0.1
	po3_SaveUnbaker.dll v1.0.3.1
	po3_SimpleActivateSKSE.dll v1.4.1.1
	po3_SimpleOffenceSuppression.dll v2.2.1.1
	po3_SpellPerkItemDistributor.dll v7.1.3.1
	po3_Tweaks.dll v1.10.1.1
	po3_UseOrTake.dll v1.2.0.1
	QuickLootEE.dll v1.2
	RecursionFPSFix.dll v1.1
	RemoveAllItemsFix.dll v1.1
	ScrambledBugs.dll
	SexLabUtil.dll
	ShadowBoost.dll
	skee64.dll
	SkillOfSneaking.dll v1.1.1
	SKSEMenuFramework.dll v2
	SkyPatcher.dll v1.0.0.1
	SkyReflectionFix.dll v1.0.1
	SkyrimUncapper.dll
	SMP-NPC crash fix.dll
	SoftShadows.dll v2
	SoundRecordDistributor.dll v1.5
	SpellLevelAutomaticAdjustedDescription.dll v0.7.5
	SSEDisplayTweaks.dll v0.5.16
	SureOfStealing.dll v1.1.4
	TrueDirectionalMovement.dll v2.2.5
	TrueHUD.dll v1.1.9
	UnlimitedFastTravel.dll v1.4.1
	Weightless.dll v1
	WhichKey-NG.dll v1.1
	YesImSure.dll v1.7

PLUGINS:
	Light: 170	Regular: 155	Total: 325
	[ 0]     Skyrim.esm
	[ 1]     Update.esm
	[ 2]     Dawnguard.esm
	[ 3]     HearthFires.esm
	[ 4]     Dragonborn.esm
	[ 5]     ccasvsse001-almsivi.esm
	[ 6]     ccBGSSSE001-Fish.esm
	[ 7]     cctwbsse001-puzzledungeon.esm
	[ 8]     cceejsse001-hstead.esm
	[ 9]     ccbgssse016-umbra.esm
	[ A]     ccbgssse031-advcyrus.esm
	[ B]     ccbgssse067-daedinv.esm
	[ C]     ccBGSSSE025-AdvDSGS.esm
	[ D]     cceejsse005-cave.esm
	[ E]     ccafdsse001-dwesanctuary.esm
	[ F]     Unofficial Skyrim Special Edition Patch.esp
	[10]     Unofficial Skyrim Modders Patch.esp
	[11]     Immersive Wenches.esp
	[12]     Skyrim Extended Cut - Saints and Seducers.esp
	[13]     YurianaWench.esp
	[14]     Water for ENB.esm
	[15]     SGEyebrows.esp
	[16]     myrwatchhomefixer.esp
	[17]     ZaZAnimationPack.esm
	[18]     AyleidCitadel.esp
	[19]     paradise_halls.esm
	[1A]     SexLab.esm
	[1B]     Devious Devices - Assets.esm
	[1C]     SexLabAroused.esm
	[1D]     Devious Devices - Integration.esm
	[1E]     Devious Devices - Expansion.esm
	[1F]     Devious Devices - Contraptions.esm
	[20]     ArmorFrameWork.esm
	[21]     SOSVoices.esm
	[22]     Lux Via.esp
	[23]     wraithguardvaultfixer.esp
	[24]     FISS.esp
	[25]     High Poly Head.esm
	[26]     ApachiiHair.esm
	[27]     Heels Sound.esm
	[28]     Audio Overhaul Skyrim.esp
	[29]     Immersive Sounds - Compendium.esp
	[2A]     Obsidian Weathers.esp
	[2B]     TrueStormsSE.esp
	[2C]     SMIM-SE-Merged-All.esp
	[2D]     DLCIntegration.esp
	[2E]     UIExtensions.esp
	[2F]     AddItemMenuSE.esp
	[30]     Weapons Armor Clothing & Clutter Fixes.esp
	[31]     Relationship Dialogue Overhaul.esp
	[32]     Castle Volkihar Rebuilt.esp
	[33]     CollegeOfWinterholdImmersive.esp
	[34]     OCW_Obscure's_CollegeofWinterhold.esp
	[35]     Landscape Fixes For Grass Mods.esp
	[36]     paradise_halls_SLExtension.esp
	[37]     MysticismMagic.esp
	[38]     HappyLittleTrees.esp
	[39]     Bandit War.esp
	[3A]     SeranaDialogAddon.esp
	[3B]     WACCF_Armor and Clothing Extension.esp
	[3C]     Mists of Tamriel.esp
	[3D]     HearthfireMultiKid.esp
	[3E]     Embers XD.esp
	[3F]     FilthyHeritage.esp
	[40]     Better Vampire NPCs.esp
	[41]     Wheres Your Smelter.esp
	[42]     CFTO.esp
	[43]     Lit Road Signs.esp
	[44]     FloatingSwordFollower.esp
	[45]     Lonewolf's Manor.esp
	[46]     DragonsKeep.esp
	[47]     PAH_HomeSweetHome.esp
	[48]     PAH_AndYouGetASlave.esp
	[49]     SkystoneCastle.esp
	[4A]     KnightsRest.esp
	[4B]     Stormwatch.esp
	[4C]     ShadeHall.esp
	[4D]     AyleidSanctuary.esp
	[4E]     The Amazing World of Bikini Armors REMASTERED.esp
	[4F]     SkyfallEstateRevampedMain.esp
	[50]     k101Daegon.esp
	[51]     MorthalHome.esp
	[52]     Sapphire Castle.esp
	[53]     Monolith.esp
	[54]     Lonewolf's Manor Addon.esp
	[55]     ThaneFailSafe.esp
	[56]     paradise_halls_fellglow_slave_camp.esp
	[57]     WhiterunSafehold.esp
	[58]     DiaryOfMine.esp
	[59]     Summermyst - Enchantments of Skyrim.esp
	[5A]     Adamant.esp
	[5B]     TES Arena Bikini.esp
	[5C]     My Home Is Your Home.esp
	[5D]     pahe_lakeview_manor_cell.esp
	[5E]     Apocalypse - Magic of Skyrim.esp
	[5F]     Emfy Cleric Robes.esp
	[60]     ENB Light.esp
	[61]     Cathedral - 3D Pine Grass.esp
	[62]     DoMHSH.esp
	[63]     Pahe_Dwarven_Devious_suits.esp
	[64]     TINUHighPolyOverhaul.esp
	[65]     DGPlayerIsVampire.esp
	[66]     Teach Followers Spells.esp
	[67]     ShowRaceMenuAlternative.esp
	[68]     Resurrect.esp
	[69]     Quest Conflict Fixes.esp
	[6A]     Mining For Mages Redux.esp
	[6B]     AllEnchantmentsUnlocked.esp
	[6C]     Crimson Blood Armor.esp
	[6D]     FixVampireLord - Revert Form.esp
	[6E]     Dress Up Lovers.esp
	[6F]     Faction Crossbows.esp
	[70]     NewmCBBELO1.esp
	[71]     Fashions of the Banditry.esp
	[72]     Daily-Wear.esp
	[73]     BDE_Armor.esp
	[74]     Spartan Bard Outfit.esp
	[75]     DX Witcher Armor.esp
	[76]     DX Witch Hunter Armor.esp
	[77]     WildHuntress.esp
	[78]     Tembtra Thief Armor.esp
	[79]     Stella Mithril Armor.esp
	[7A]     Sotteta Necromancer Outfit.esp
	[7B]     DX Morenn Outfit.esp
	[7C]     Merta Black Rose Armor.esp
	[7D]     Merta Assassin Armor.esp
	[7E]     Gwelda Witch.esp
	[7F]     Gwelda Vampire.esp
	[80]     Gwelda Dawnguard Armor.esp
	[81]     Demon Armor.esp
	[82]     DX Daughter of the Sea.esp
	[83]     Daedric Reaper Armor.esp
	[84]     DX Christmas Bunny Outfit.esp
	[85]     Celes Tarot Outfit Light UNP.esp
	[86]     Celes Rogue Armor UNP.esp
	[87]     Celes Nightingale Armor.esp
	[88]     Cassandra Apocrypha UNP.esp
	[89]     AncientDraugr.esp
	[8A]     Cassandra Frost Witch.esp
	[8B]     DX Druid Armor.esp
	[8C]     KS Hairdo's.esp
	[8D]     AHZmoreHUD.esp
	[8E]     XPMSE.esp
	[8F]     SLAL_AnimationsByLeito.esp
	[90]     SLAnimLoader.esp
	[91]     SLALAnimObjBillyy.esp
	[92]     Better Vampires.esp
	[93]     Better Vampire Lords.esp
	[94]     Alternate Start - Live Another Life.esp
	[95]     Pahe_AltStartLAL.esp
	[96]     nwsFollowerFramework.esp
	[97]     Water for ENB (Shades of Skyrim).esp
	[98]     Lux.esp
	[99]     Summermyst - WACCF Patch.esp
	[9A]     Buxom Tweaks.esp
	[FE:  0] ccbgssse002-exoticarrows.esl
	[FE:  1] ccbgssse003-zombies.esl
	[FE:  2] ccbgssse004-ruinsedge.esl
	[FE:  3] ccbgssse005-goldbrand.esl
	[FE:  4] ccbgssse006-stendarshammer.esl
	[FE:  5] ccbgssse007-chrysamere.esl
	[FE:  6] ccbgssse010-petdwarvenarmoredmudcrab.esl
	[FE:  7] ccbgssse011-hrsarmrelvn.esl
	[FE:  8] ccbgssse012-hrsarmrstl.esl
	[FE:  9] ccbgssse014-spellpack01.esl
	[FE:  A] ccbgssse019-staffofsheogorath.esl
	[FE:  B] ccbgssse020-graycowl.esl
	[FE:  C] ccbgssse021-lordsmail.esl
	[FE:  D] ccmtysse001-knightsofthenine.esl
	[FE:  E] ccQDRSSE001-SurvivalMode.esl
	[FE:  F] ccqdrsse002-firewood.esl
	[FE: 10] ccbgssse018-shadowrend.esl
	[FE: 11] ccbgssse035-petnhound.esl
	[FE: 12] ccfsvsse001-backpacks.esl
	[FE: 13] cceejsse002-tower.esl
	[FE: 14] ccedhsse001-norjewel.esl
	[FE: 15] ccvsvsse002-pets.esl
	[FE: 16] ccBGSSSE037-Curios.esl
	[FE: 17] ccbgssse034-mntuni.esl
	[FE: 18] ccbgssse045-hasedoki.esl
	[FE: 19] ccbgssse008-wraithguard.esl
	[FE: 1A] ccbgssse036-petbwolf.esl
	[FE: 1B] ccffbsse001-imperialdragon.esl
	[FE: 1C] ccmtysse002-ve.esl
	[FE: 1D] ccbgssse043-crosselv.esl
	[FE: 1E] ccvsvsse001-winter.esl
	[FE: 1F] cceejsse003-hollow.esl
	[FE: 20] ccbgssse038-bowofshadows.esl
	[FE: 21] ccbgssse040-advobgobs.esl
	[FE: 22] ccbgssse050-ba_daedric.esl
	[FE: 23] ccbgssse052-ba_iron.esl
	[FE: 24] ccbgssse054-ba_orcish.esl
	[FE: 25] ccbgssse058-ba_steel.esl
	[FE: 26] ccbgssse059-ba_dragonplate.esl
	[FE: 27] ccbgssse061-ba_dwarven.esl
	[FE: 28] ccpewsse002-armsofchaos.esl
	[FE: 29] ccbgssse041-netchleather.esl
	[FE: 2A] ccedhsse002-splkntset.esl
	[FE: 2B] ccbgssse064-ba_elven.esl
	[FE: 2C] ccbgssse063-ba_ebony.esl
	[FE: 2D] ccbgssse062-ba_dwarvenmail.esl
	[FE: 2E] ccbgssse060-ba_dragonscale.esl
	[FE: 2F] ccbgssse056-ba_silver.esl
	[FE: 30] ccbgssse055-ba_orcishscaled.esl
	[FE: 31] ccbgssse053-ba_leather.esl
	[FE: 32] ccbgssse051-ba_daedricmail.esl
	[FE: 33] ccbgssse057-ba_stalhrim.esl
	[FE: 34] ccbgssse066-staves.esl
	[FE: 35] ccbgssse068-bloodfall.esl
	[FE: 36] ccbgssse069-contest.esl
	[FE: 37] ccvsvsse003-necroarts.esl
	[FE: 38] ccvsvsse004-beafarmer.esl
	[FE: 39] ccffbsse002-crossbowpack.esl
	[FE: 3A] ccbgssse013-dawnfang.esl
	[FE: 3B] ccrmssse001-necrohouse.esl
	[FE: 3C] ccedhsse003-redguard.esl
	[FE: 3D] cceejsse004-hall.esl
	[FE: 3E] cckrtsse001_altar.esl
	[FE: 3F] cccbhsse001-gaunt.esl
	[FE: 40] _ResourcePack.esl
	[FE: 41] unofficial skyrim creation club content patch.esl
	[FE: 42] Landscape and Water Fixes.esp
	[FE: 43] IcyFixesLite.esl
	[FE: 44] Lux - Master plugin.esm
	[FE: 45] IceLOD.esl
	[FE: 46] Partitioned snow Meshes.esl
	[FE: 47] ProjectedGlacierSnow.esl
	[FE: 48] WindhelmIcicles.esl
	[FE: 49] Lux Orbis - Master plugin.esm
	[FE: 4A] Cathedral - 3D Mountain Flowers.esp
	[FE: 4B] Pahe_Dragonborn_fixes.esl
	[FE: 4C] paradise_halls_farengars_study.esl
	[FE: 4D] Darenis Spells - Merchants.esp
	[FE: 4E] BlockAnimationStuckFix.esl
	[FE: 4F] Shino Maid Pack.esl
	[FE: 50] AHZmoreHUDInventory.esl
	[FE: 51] OCF.esp
	[FE: 52] Tamrielic Distribution.esp
	[FE: 53] Lux - Resources.esp
	[FE: 54] Arcane Disenchanter - Text Replacement.esl
	[FE: 55] SkyUI Weapons Pack Keywords.esl
	[FE: 56] kcf.esm
	[FE: 57] iWant Widgets.esl
	[FE: 58] DynamicCollisionAdjustment.esl
	[FE: 59] Expressive Facegen Morphs.esl
	[FE: 5A] TrueHUD.esl
	[FE: 5B] ATU 2x.esp
	[FE: 5C] ATU 2x0.esp
	[FE: 5D] ATU 2x1.esp
	[FE: 5E] ATU 2x2.esp
	[FE: 5F] ATU 2x3.esp
	[FE: 60] ATU 2x4.esp
	[FE: 61] FNIS.esp
	[FE: 62] Particle Patch for ENB.esp
	[FE: 63] SkyUI_SE.esp
	[FE: 64] AOS_ISC_Integration.esp
	[FE: 65] [NINI] Blacksmith.esp
	[FE: 66] Buxom Wench Outfits.esp
	[FE: 67] Lux Orbis.esp
	[FE: 68] UltimateCollege.esp
	[FE: 69] RDO Updated.esp
	[FE: 6A] Navigator-NavFixes.esp
	[FE: 6B] Lux Via - plugin.esp
	[FE: 6C] Landscape and Water Fixes - Patch - LFfGM.esp
	[FE: 6D] Bandit War - Expanded Enemy Coverage.esp
	[FE: 6E] Lux Orbis - OCW patch.esp
	[FE: 6F] Favor Quests Seperated.esp
	[FE: 70] BetterQuestObjectives.esp
	[FE: 71] Misc Dialogue Edits.esp
	[FE: 72] Narrative Gameplay Consistent Dialogue Tweaks.esp
	[FE: 73] Windhelm Bridge Revived.esp
	[FE: 74] Tamrielic Distribution - Dead Man's Dread.esp
	[FE: 75] Kachunk - Crossbow Distribution.esp
	[FE: 76] CrossbowIntegration.esp
	[FE: 77] Lux Orbis - Windhelm Bridge Revived patch.esp
	[FE: 78] CS_Visions.esp
	[FE: 79] CS_Visions_N1.esp
	[FE: 7A] TKAA.esp
	[FE: 7B] Tamrielic Distribution - Vigil Enforcer Armor.esp
	[FE: 7C] Tamrielic Distribution - Crossbow Collection.esp
	[FE: 7D] Grass Patch - All CC Mods.esp
	[FE: 7E] TKAA Wild Child.esp
	[FE: 7F] Honorhall Fixes and Expansion.esp
	[FE: 80] BookOfPerkPoints.esp
	[FE: 81] Landscape and Water Fixes - Patch - Tundra Homested.esp
	[FE: 82] Regional Sounds Expansion.esp
	[FE: 83] Reverb Interior Sounds Expansion.esp
	[FE: 84] AcousticTemplateFixes.esp
	[FE: 85] Landscape and Water Fixes - Patch - Farming.esp
	[FE: 86] ECSS - Staff of Sheogorath Patch.esp
	[FE: 87] ECSS - Shadowrend Patch.esp
	[FE: 88] PaarthurnaxQuestExpansion.esp
	[FE: 89] Lux Orbis - Saints and Seducers Extended Cut patch.esp
	[FE: 8A] Lux Orbis - CC Fish patch.esp
	[FE: 8B] Lux Orbis - Tundra Homestead patch.esp
	[FE: 8C] Lux Orbis - USSEP patch.esp
	[FE: 8D] Lux Orbis - UCOW patch.esp
	[FE: 8E] Lux Orbis - Farming CC patch.esp
	[FE: 8F] Lux Orbis - Embers XD patch.esp
	[FE: 90] CFTO-Lanterns.esp
	[FE: 91] Lux Via - CFTO patch.esp
	[FE: 92] Abyss.esp
	[FE: 93] CFTO-CoveredCarriages.esp
	[FE: 94] Lux Orbis - Arms of Chaos CC.esp
	[FE: 95] Lux Orbis - USMP Patch.esp
	[FE: 96] Lux Orbis - Immersive College patch.esp
	[FE: 97] UltimateCollege_CCWildHorses_Patch.esp
	[FE: 98] Landscape and Water Fixes - Patch - Alternative Armors - Elven Hunter.esp
	[FE: 99] Lux Orbis - Bow of Shadow CC.esp
	[FE: 9A] Lux Orbis - Lord's Mail CC.esp
	[FE: 9B] Lux Orbis - Saturalia CC.esp
	[FE: 9C] Lux Orbis - Spell Knight Armor CC.esp
	[FE: 9D] FilthyHeritage - DOM Addon.esp
	[FE: 9E] SightlessNavFix.esp
	[FE: 9F] [Sahurows] Casca Armor.esp
	[FE: A0] CS_Fiarrah.esp
	[FE: A1] Landscape and Water Fixes - Patch - Hendraheim.esp
	[FE: A2] Wandering Summoner Outfit.esp
	[FE: A3] Lux Via - CC Farming Patch.esp
	[FE: A4] Lux Orbis - Goblins CC.esp
	[FE: A5] I4WeaponIconsOverhaul.esp
	[FE: A6] I4ArmorIconsOverhaul.esp
	[FE: A7] Lorica Redone.esp
	[FE: A8] BnP - Skinfix.esp
	[FE: A9] nchardak waterfall fix.esp
