Skyrim SSE v1.6.1170
CrashLoggerSSE v1-14-1-0 May 18 2024 23:00:58

Unhandled exception "EXCEPTION_ACCESS_VIOLATION" at 0x7FF733A182E3 SkyrimSE.exe+10E82E3	mov rcx, [rdx+0x08]

SYSTEM SPECS:
	OS: Microsoft Windows 11 Pro v10.0.22631
	CPU: AuthenticAMD AMD Ryzen 7 7800X3D 8-Core Processor           
	GPU #1: Nvidia AD104 [GeForce RTX 4070]
	GPU #2: AMD Raphael
	GPU #3: Microsoft Basic Render Driver
	PHYSICAL MEMORY: 21.20 GB/63.15 GB
	GPU MEMORY: 3.84/10.98 GB
	Detected Virtual Machine: Microsoft Virtual PC/Hyper-V (100%)

PROBABLE CALL STACK:
	[ 0] 0x7FF733A182E3                   SkyrimSE.exe+10E82E3 -> 87792+0x113	mov rcx, [rdx+0x08]
	[ 1] 0x7FF733A91AE6                   SkyrimSE.exe+1161AE6 -> 89682+0x26	mov rdi, rax
	[ 2] 0x7FF733A1A221                   SkyrimSE.exe+10EA221 -> 87834+0x161	test rax, rax
	[ 3] 0x7FF733903AAB                   SkyrimSE.exe+0FD3AAB -> 83047+0x9B	mov [rsp+0x68], rax
	[ 4] 0x7FF7338FF4D3                   SkyrimSE.exe+0FCF4D3 -> 82942+0x53	mov rax, [rbx]
	[ 5] 0x7FF73390275C                   SkyrimSE.exe+0FD275C -> 83027+0xEC	mov rbx, [rsp+0x40]
	[ 6] 0x7FF733903154                   SkyrimSE.exe+0FD3154 -> 83031+0x324	lea rcx, [rsp+0x20]
	[ 7] 0x7FF7338DE533                   SkyrimSE.exe+0FAE533 -> 82296+0x43	lea rcx, [rsp+0x30]
	[ 8] 0x7FF7338FFB00                   SkyrimSE.exe+0FCFB00 -> 82950+0x80	mov rbx, [rsp+0x30]
	[ 9] 0x7FF7339595FF                   SkyrimSE.exe+10295FF -> 84362+0x1F	lea rax, [0x00007FF7343392F0]
	[10] 0x7FF73391AECE                   SkyrimSE.exe+0FEAECE -> 83340+0x3AE	mov r14, rax
	[11] 0x7FF73391B179                   SkyrimSE.exe+0FEB179 -> 83341+0x69	movzx edx, byte ptr [rsp+0x30]
	[12] 0x7FF733957728                   SkyrimSE.exe+1027728 -> 84342+0x3F8	mov rbx, rax
	[13] 0x7FF733905CA6                   SkyrimSE.exe+0FD5CA6 -> 83103+0xC6	mov rdi, [rsp+0x78]
	[14] 0x7FF733910B55                   SkyrimSE.exe+0FE0B55 -> 83250+0x2BC5	mov rax, [rbp+0x140]
	[15] 0x7FF733905B33                   SkyrimSE.exe+0FD5B33 -> 83102+0x123	lea rcx, [rsp+0x40]
	[16] 0x7FF733915325                   SkyrimSE.exe+0FE5325 -> 83275+0xA5	movzx edx, byte ptr [rsp+0x60]
	[17] 0x7FF733915536                   SkyrimSE.exe+0FE5536 -> 83276+0x126	mov rcx, [rbp-0x31]
	[18] 0x7FF733951A7F                   SkyrimSE.exe+1021A7F -> 84239+0x6F	movzx edi, al
	[19] 0x7FF733939AF8                   SkyrimSE.exe+1009AF8 -> 83883+0x218	movzx edi, al
	[20] 0x7FF733939CA0                   SkyrimSE.exe+1009CA0 -> 83885+0x20	add rsp, 0x38
	[21] 0x7FF85497DB5B                    TrueHUD.dll+004DB5B
	[22] 0x7FF85497554C                    TrueHUD.dll+004554C
	[23] 0x7FF7338D4E57                   SkyrimSE.exe+0FA4E57 -> 82083+0x1C7	add rbx, 0x08
	[24] 0x7FF732F76995                   SkyrimSE.exe+0646995 -> 36564+0xAF5	call 0x00007FF7332AB2E0
	[25] 0x7FF86B4AF4C9                   hdtSMP64.dll+00BF4C9	cmp byte ptr [rbx+0x10], 0x00 |  C:\Games\Faster HDT-SMP\skse64_2_02_06\src\skse64\hdtSMP64\Hooks.cpp:314 ?onFrame@UnkEngine@hdt@@QEAAXXZ
	[26] 0x7FF86CA85EC7                 MuJointFix.dll+0025EC7	call 0x00007FF86CAA32E0 |  D:\VS\MuJointFix\src\Hook.cpp:25 ?onFrame@UnkEngine@Mus@@QEAAXXZ
	[27] 0x7FF8E850B0A3 BetterThirdPersonSelection.dll+007B0A3
	[28] 0x7FF732F6EAD5                   SkyrimSE.exe+063EAD5 -> 36544+0x165	test bl, bl
	[29] 0x7FF733E6BB8E                   SkyrimSE.exe+153BB8E -> 109636+0x106	mov ebx, eax
	[30] 0x7FF9710A257D                   KERNEL32.DLL+001257D
	[31] 0x7FF9729AAF28                      ntdll.dll+005AF28

REGISTERS:
	RAX 0x1A956C08638      (void*)
	RCX 0x18               (size_t) [24]
	RDX 0x0                (size_t) [0]
	RBX 0xFF000000000000   (size_t) [71776119061217280]
	RSP 0x7CFFAFE810       (void*)
	RBP 0x1A956C084C0      (void*)
	RSI 0xFFFF00000000     (size_t) [281470681743360]
	RDI 0x1A956C084D0      (void*)
	R8  0x2D               (size_t) [45]
	R9  0x19               (size_t) [25]
	R10 0x7FF734366970     (void* -> SkyrimSE.exe+1A36970	or [rax], al)
	R11 0xFF00000000       (size_t) [1095216660480]
	R12 0x7CFFAFE990       (void*)
	R13 0x1A956C084D0      (void*)
	R14 0x1A9C5937F98      (void*)
	R15 0x1A9C5937F98      (void*)

STACK:
	[RSP+0   ] 0xE6DF0E366D29     (size_t) [253845690543401]
	[RSP+8   ] 0x1A959283410      (void*)
	[RSP+10  ] 0x1A956C083C0      (void*)
	[RSP+18  ] 0x7FF73395E8AE     (void* -> SkyrimSE.exe+102E8AE	cmp rsi, [rdi+0x30])
	[RSP+20  ] 0x190              (size_t) [400]
	[RSP+28  ] 0x7FF733A91AE6     (void* -> SkyrimSE.exe+1161AE6	mov rdi, rax)
	[RSP+30  ] 0x1A956C08498      (void*)
	[RSP+38  ] 0x190              (size_t) [400]
	[RSP+40  ] 0x7CFFAFEE70       (void*)
	[RSP+48  ] 0x7FF733912720     (void* -> SkyrimSE.exe+0FE2720	add rsp, 0x310)
	[RSP+50  ] 0x1020             (size_t) [4128]
	[RSP+58  ] 0x6                (size_t) [6]
	[RSP+60  ] 0x190              (size_t) [400]
	[RSP+68  ] 0x7CFFAFE9D0       (void*)
	[RSP+70  ] 0xC08DB693         (size_t) [3230512787]
	[RSP+78  ] 0x7FF733A1A221     (void* -> SkyrimSE.exe+10EA221	test rax, rax)
	[RSP+80  ] 0x7CFFAFE8D8       (void*)
	[RSP+88  ] 0x1A995B7EF90      (void*)
	[RSP+90  ] 0x7CFFAFE8E8       (void*)
	[RSP+98  ] 0x7CFFAFEE70       (void*)
	[RSP+A0  ] 0x1A900000000      (void*)
	[RSP+A8  ] 0x1A959271A00      (void*)
	[RSP+B0  ] 0xC08DB693         (size_t) [3230512787]
	[RSP+B8  ] 0x7CFFAFE9D0       (void*)
	[RSP+C0  ] 0xC08DB693         (size_t) [3230512787]
	[RSP+C8  ] 0x7FF733903AAB     (void* -> SkyrimSE.exe+0FD3AAB	mov [rsp+0x68], rax)
	[RSP+D0  ] 0x1A96ADFB000      (void*)
	[RSP+D8  ] 0x7CFFAFE9D0       (void*)
	[RSP+E0  ] 0x8                (size_t) [8]
	[RSP+E8  ] 0x1A80000103D      (void*)
	[RSP+F0  ] 0xC08DB693         (size_t) [3230512787]
	[RSP+F8  ] 0x1A9C5F203A0      (void*)
	[RSP+100 ] 0x7FF734335970     (void* -> SkyrimSE.exe+1A05970	push rax)
	[RSP+108 ] 0x1A959272258      (void*)
	[RSP+110 ] 0x1A9C5937F98      (void*)
	[RSP+118 ] 0x7FF7338FF4D3     (void* -> SkyrimSE.exe+0FCF4D3	mov rax, [rbx])
	[RSP+120 ] 0x1A9C5937F98      (void*)
	[RSP+128 ] 0x1A8DFA37C10      (void*)
	[RSP+130 ] 0x3FF0000000000143 (size_t) [4607182418800017731]
	[RSP+138 ] 0x1A995B7EF90      (void*)
	[RSP+140 ] 0x1A959272258      (void*)
	[RSP+148 ] 0x7CFFAFEC70       (void*)
	[RSP+150 ] 0x1A9C5937F98      (void*)
	[RSP+158 ] 0x7FF73390275C     (void* -> SkyrimSE.exe+0FD275C	mov rbx, [rsp+0x40])
	[RSP+160 ] 0x7CFFAFEA20       (void*)
	[RSP+168 ] 0x7FF7338FA9CA     (void* -> SkyrimSE.exe+0FCA9CA	movzx eax, byte ptr [rbx])
	[RSP+170 ] 0x7CFFAFEA40       (void*)
	[RSP+178 ] 0x1A95924A870      (void*)
	[RSP+180 ] 0x1A9592483A0      (void*)
	[RSP+188 ] 0x7CFFAFE9D0       (void*)
	[RSP+190 ] 0x7FF73495E070     (char*) "
"
	[RSP+198 ] 0x7FF733903154     (void* -> SkyrimSE.exe+0FD3154	lea rcx, [rsp+0x20])
	[RSP+1A0 ] 0x3                (size_t) [3]
	[RSP+1A8 ] 0x1A9592483A0      (void*)
	[RSP+1B0 ] 0x1A9C5937F60      (void*)
	[RSP+1B8 ] 0x7FF73390194C     (void* -> SkyrimSE.exe+0FD194C	lea r11, [rsp+0x90])
	[RSP+1C0 ] 0x1A95927030A      (void*)
	[RSP+1C8 ] 0x1A959281290      (void*)
	[RSP+1D0 ] 0x1A9592837A0      (void*)
	[RSP+1D8 ] 0x7FF7339015BB     (void* -> SkyrimSE.exe+0FD15BB	mov al, 0x01)
	[RSP+1E0 ] 0x1A959272258      (void*)
	[RSP+1E8 ] 0x0                (size_t) [0]
	[RSP+1F0 ] 0x1A9C5937F80      (void*)
	[RSP+1F8 ] 0x7CFFAFEBE0       (void*)
	[RSP+200 ] 0x1A959248690      (void*)
	[RSP+208 ] 0x7FF7338DE533     (void* -> SkyrimSE.exe+0FAE533	lea rcx, [rsp+0x30])
	[RSP+210 ] 0x1A9C5937F60      (void*)
	[RSP+218 ] 0x1A9C5937F60      (void*)
	[RSP+220 ] 0x7CFFAFEC70       (void*)
	[RSP+228 ] 0x6                (size_t) [6]
	[RSP+230 ] 0x7CFFAFEA80       (void*)
	[RSP+238 ] 0x7FF73391693A     (void* -> SkyrimSE.exe+0FE693A	test rax, rax)
	[RSP+240 ] 0x1A95924810A      (void*)
	[RSP+248 ] 0x7CFFAFEBE0       (void*)
	[RSP+250 ] 0x1A9C5937F60      (void*)
	[RSP+258 ] 0x1                (size_t) [1]
	[RSP+260 ] 0x1A95927F601      (void*)
	[RSP+268 ] 0x7FF7338FFB00     (void* -> SkyrimSE.exe+0FCFB00	mov rbx, [rsp+0x30])
	[RSP+270 ] 0x1A959272103      (void*)
	[RSP+278 ] 0x1A959272168      (void*)
	[RSP+280 ] 0x1A9C5937F60      (void*)
	[RSP+288 ] 0x1A959272168      (void*)
	[RSP+290 ] 0x1A95927F601      (void*)
	[RSP+298 ] 0x7FF7339595FF     (void* -> SkyrimSE.exe+10295FF	lea rax, [0x00007FF7343392F0])
	[RSP+2A0 ] 0x1A959272168      (void*)
	[RSP+2A8 ] 0x1A9C5937F60      (void*)
	[RSP+2B0 ] 0x1A959272168      (void*)
	[RSP+2B8 ] 0x0                (size_t) [0]
	[RSP+2C0 ] 0x1A95927F601      (void*)
	[RSP+2C8 ] 0x7FF73391AECE     (void* -> SkyrimSE.exe+0FEAECE	mov r14, rax)
	[RSP+2D0 ] 0x2                (size_t) [2]
	[RSP+2D8 ] 0x7CFFAFEBE0       (void*)
	[RSP+2E0 ] 0x1A959272168      (void*)
	[RSP+2E8 ] 0x0                (size_t) [0]
	[RSP+2F0 ] 0x0                (size_t) [0]
	[RSP+2F8 ] 0x0                (size_t) [0]
	[RSP+300 ] 0xDFA3190100000000 (size_t) [uint: 16114751383747428352 int: -2331992689962123264]
	[RSP+308 ] 0x0                (size_t) [0]
	[RSP+310 ] 0x1A95927E310      (void*)
	[RSP+318 ] 0x0                (size_t) [0]
	[RSP+320 ] 0xE6DF0E366000     (size_t) [253845690540032]
	[RSP+328 ] 0x7FF7339505AB     (void* -> SkyrimSE.exe+10205AB	add rsp, 0x38)
	[RSP+330 ] 0x1A956C083C0      (void*)
	[RSP+338 ] 0x7FF73395E800     (void* -> SkyrimSE.exe+102E800	shr eax, 0x28)
	[RSP+340 ] 0xE6DF0E3660D9     (size_t) [253845690540249]
	[RSP+348 ] 0x1A959282B08      (void*)
	[RSP+350 ] 0x7CFFAFEED8       (void*)
	[RSP+358 ] 0x7CFFAFF0B8       (void*)
	[RSP+360 ] 0x1A959248120      (void*)
	[RSP+368 ] 0x0                (size_t) [0]
	[RSP+370 ] 0x1A9C5916340      (void*)
	[RSP+378 ] 0x7FF733A91B08     (void* -> SkyrimSE.exe+1161B08	jz 0x00007FF733A91B2E)
	[RSP+380 ] 0x1A95927E310      (void*)
	[RSP+388 ] 0x0                (size_t) [0]
	[RSP+390 ] 0x1A9C5DC5D00      (void*)
	[RSP+398 ] 0x1A95924E006      (void*)
	[RSP+3A0 ] 0x1A95927F640      (void*)
	[RSP+3A8 ] 0x7FF733A91BF0     (void* -> SkyrimSE.exe+1161BF0	mov rax, [rsp+0x60])
	[RSP+3B0 ] 0x1A8DFA67198      (void*)
	[RSP+3B8 ] 0x0                (size_t) [0]
	[RSP+3C0 ] 0x1A9C5960700      (void*)
	[RSP+3C8 ] 0x1                (size_t) [1]
	[RSP+3D0 ] 0x0                (size_t) [0]
	[RSP+3D8 ] 0x1A8E4B12600      (void*)
	[RSP+3E0 ] 0x7CFFAFEC88       (void*)
	[RSP+3E8 ] 0x7FF7339015BB     (void* -> SkyrimSE.exe+0FD15BB	mov al, 0x01)
	[RSP+3F0 ] 0x7CFFAFEDC0       (void*)
	[RSP+3F8 ] 0x1A95924E000      (void*)
	[RSP+400 ] 0x7CFFAFF0F0       (void*)
	[RSP+408 ] 0x1A8E4B126C0      (void*)
	[RSP+410 ] 0x1                (size_t) [1]
	[RSP+418 ] 0x0                (size_t) [0]
	[RSP+420 ] 0x1                (size_t) [1]
	[RSP+428 ] 0x1A959272168      (void*)
	[RSP+430 ] 0x7CFFAFEDC0       (void*)
	[RSP+438 ] 0x7FF73391B179     (void* -> SkyrimSE.exe+0FEB179	movzx edx, byte ptr [rsp+0x30])
	[RSP+440 ] 0x0                (size_t) [0]
	[RSP+448 ] 0x1A959272168      (void*)
	[RSP+450 ] 0x7C00000000       (size_t) [532575944704]
	[RSP+458 ] 0x1A900000000      (void*)
	[RSP+460 ] 0x1A95927E310      (void*)
	[RSP+468 ] 0x0                (size_t) [0]
	[RSP+470 ] 0x0                (size_t) [0]
	[RSP+478 ] 0x7FF73395BF08     (void* -> SkyrimSE.exe+102BF08	add [rax], al)
	[RSP+480 ] 0x1A95927E310      (void*)
	[RSP+488 ] 0x0                (size_t) [0]
	[RSP+490 ] 0x0                (size_t) [0]
	[RSP+498 ] 0x143              (size_t) [323]
	[RSP+4A0 ] 0x1A95924AC30      (void*)
	[RSP+4A8 ] 0x7FF733957728     (void* -> SkyrimSE.exe+1027728	mov rbx, rax)
	[RSP+4B0 ] 0x1                (size_t) [1]
	[RSP+4B8 ] 0x1                (size_t) [1]
	[RSP+4C0 ] 0x1                (size_t) [1]
	[RSP+4C8 ] 0x1A95924AC30      (void*)
	[RSP+4D0 ] 0xFFFFFFFF         (size_t) [4294967295]
	[RSP+4D8 ] 0x7CFFAFEE40       (void*)
	[RSP+4E0 ] 0x1A9C5960700      (void*)
	[RSP+4E8 ] 0x1                (size_t) [1]
	[RSP+4F0 ] 0x4                (size_t) [4]
	[RSP+4F8 ] 0x1A8DFA35F60      (void*)
	[RSP+500 ] 0x1A9592709B0      (void*)
	[RSP+508 ] 0x7FF7338FAA60     (void* -> SkyrimSE.exe+0FCAA60	cmp eax, 0x17)
	[RSP+510 ] 0x7FF7344018F5     (void* -> SkyrimSE.exe+1AD18F5	add [rax], al)
	[RSP+518 ] 0x2                (size_t) [2]
	[RSP+520 ] 0x1                (size_t) [1]
	[RSP+528 ] 0x1A95924AC30      (void*)
	[RSP+530 ] 0x0                (size_t) [0]
	[RSP+538 ] 0x7FF96FE1F0C0     (void* -> ucrtbase.dll+00FF0C0	)
	[RSP+540 ] 0x1A81106C130      (void*)
	[RSP+548 ] 0x7CFFAFF001       (void*)
	[RSP+550 ] 0x0                (size_t) [0]
	[RSP+558 ] 0x7CFFAFEE40       (void*)
	[RSP+560 ] 0x0                (size_t) [0]
	[RSP+568 ] 0x7FF73395C5F3     (void* -> SkyrimSE.exe+102C5F3	mov al, 0x01)
	[RSP+570 ] 0x7CFFAFF130       (void*)
	[RSP+578 ] 0x7FF7339015BB     (void* -> SkyrimSE.exe+0FD15BB	mov al, 0x01)
	[RSP+580 ] 0x1A8DFA39F80      (void*)
	[RSP+588 ] 0x1A95927F640      (void*)
	[RSP+590 ] 0x7CFFAFF0F0       (void*)
	[RSP+598 ] 0x0                (size_t) [0]
	[RSP+5A0 ] 0x1A959272258      (void*)
	[RSP+5A8 ] 0x7CFFAFF0B8       (void*)
	[RSP+5B0 ] 0x1A959272168      (void*)
	[RSP+5B8 ] 0x1A8DFA35F80      (void*)
	[RSP+5C0 ] 0x1A959248120      (void*)
	[RSP+5C8 ] 0x7FF73395AF38     (void* -> SkyrimSE.exe+102AF38	mov rsi, [rsp+0x30])
	[RSP+5D0 ] 0x7CFFAFEE38       (void*)
	[RSP+5D8 ] 0x7CFFAFF130       (void*)
	[RSP+5E0 ] 0x1A959272168      (void*)
	[RSP+5E8 ] 0x2                (size_t) [2]
	[RSP+5F0 ] 0x2                (size_t) [2]
	[RSP+5F8 ] 0x1A959272168      (void*)
	[RSP+600 ] 0x1A8DFA35F80      (void*)
	[RSP+608 ] 0x1A8DFA35F80      (void*)
	[RSP+610 ] 0x7CFFAFF0F0       (void*)
	[RSP+618 ] 0x7CFFAFF150       (void*)
	[RSP+620 ] 0x1A95927E700      (void*)
	[RSP+628 ] 0x7FF733905CA6     (void* -> SkyrimSE.exe+0FD5CA6	mov rdi, [rsp+0x78])
	[RSP+630 ] 0x7CFFAFF0F0       (void*)
	[RSP+638 ] 0x7FF700000002     (size_t) [140698833649666]
	[RSP+640 ] 0x7C00000001       (size_t) [532575944705]
	[RSP+648 ] 0x1A8E4B126C0      (void*)
	[RSP+650 ] 0xE6DF0E3667F9     (size_t) [253845690542073]
	[RSP+658 ] 0x0                (size_t) [0]
	[RSP+660 ] 0x7CFFAFEFB0       (void*)
	[RSP+668 ] 0x7FF7338FD190     (void* -> SkyrimSE.exe+0FCD190	test rax, rax)
	[RSP+670 ] 0x7CFFAFF060       (void*)
	[RSP+678 ] 0x7E8              (size_t) [2024]
	[RSP+680 ] 0x1A8DFA35F80      (void*)
	[RSP+688 ] 0x2                (size_t) [2]
	[RSP+690 ] 0x1A8DFA35F80      (void*)
	[RSP+698 ] 0x7FF733910B55     (void* -> SkyrimSE.exe+0FE0B55	mov rax, [rbp+0x140])
	[RSP+6A0 ] 0x7E8              (size_t) [2024]
	[RSP+6A8 ] 0x0                (size_t) [0]
	[RSP+6B0 ] 0x7CFFAFEFB0       (void*)
	[RSP+6B8 ] 0x0                (size_t) [0]
	[RSP+6C0 ] 0x0                (size_t) [0]
	[RSP+6C8 ] 0x0                (size_t) [0]
	[RSP+6D0 ] 0x7C00000000       (size_t) [532575944704]
	[RSP+6D8 ] 0x1A995C12F90      (void*)
	[RSP+6E0 ] 0x2                (size_t) [2]
	[RSP+6E8 ] 0x7CFFAFF490       (void*)
	[RSP+6F0 ] 0x1A900000000      (void*)
	[RSP+6F8 ] 0x1A9592711C0      (void*)
	[RSP+700 ] 0x7C01AFF090       (size_t) [532604252304]
	[RSP+708 ] 0x0                (size_t) [0]
	[RSP+710 ] 0x1A959272168      (void*)
	[RSP+718 ] 0x1A959272000      (void*)
	[RSP+720 ] 0x1A994033000      (void*)
	[RSP+728 ] 0x0                (size_t) [0]
	[RSP+730 ] 0x7E9000009AF      (size_t) [8697308776879]
	[RSP+738 ] 0x1A9000007E8      (void*)
	[RSP+740 ] 0x1A956C083C0      (void*)
	[RSP+748 ] 0x1A9CA7F0B60      (void*)
	[RSP+750 ] 0x7FF734335980     (void* -> SkyrimSE.exe+1A05980	jo 0x00007FF734335945)
	[RSP+758 ] 0x1A956C29560      (Scaleform::TrueHUDMenu::Logger*)
	[RSP+760 ] 0x1A995000100      (void*)
	[RSP+768 ] 0x0                (size_t) [0]
	[RSP+770 ] 0x5020F            (size_t) [328207]
	[RSP+778 ] 0x1A8E4B0C990      (void*)
	[RSP+780 ] 0x4000000000000002 (size_t) [4611686018427387906]
	[RSP+788 ] 0x1A995C12F90      (void*)
	[RSP+790 ] 0x1A995C12F70      (void*)
	[RSP+798 ] 0x7FF73390C719     (void* -> SkyrimSE.exe+0FDC719	mov rbx, [rsp+0x50])
	[RSP+7A0 ] 0x1A995C12F70      (void*)
	[RSP+7A8 ] 0x1A995C12F90      (void*)
	[RSP+7B0 ] 0x1A995C12F70      (void*)
	[RSP+7B8 ] 0x1A995C12F70      (void*)
	[RSP+7C0 ] 0x1A959248318      (void*)
	[RSP+7C8 ] 0x7CFFAFF090       (void*)
	[RSP+7D0 ] 0x0                (size_t) [0]
	[RSP+7D8 ] 0x7FF733906EA1     (void* -> SkyrimSE.exe+0FD6EA1	mov rax, [rsi])
	[RSP+7E0 ] 0x1A9C5E17B40      (void*)
	[RSP+7E8 ] 0x1A9C5E17B40      (void*)
	[RSP+7F0 ] 0x0                (size_t) [0]
	[RSP+7F8 ] 0x7CFFAFF0F0       (void*)
	[RSP+800 ] 0x1A959272760      (void*)
	[RSP+808 ] 0x1A959272168      (void*)
	[RSP+810 ] 0x7CFFAFF0B8       (void*)
	[RSP+818 ] 0x7CFFAFF088       (void*)
	[RSP+820 ] 0x1A9592709F0      (void*)
	[RSP+828 ] 0x7FF7339141B4     (void* -> SkyrimSE.exe+0FE41B4	mov rbx, [rsp+0x110])
	[RSP+830 ] 0x7CFFAFF101       (void*)
	[RSP+838 ] 0x1A9592727F8      (void*)
	[RSP+840 ] 0x7CFFAFF0E9       (void*)
	[RSP+848 ] 0x0                (size_t) [0]
	[RSP+850 ] 0x1A959272168      (void*)
	[RSP+858 ] 0x1A9C593EE06      (void*)
	[RSP+860 ] 0x1A8DFA35F60      (void*)
	[RSP+868 ] 0x1A8E4B12678      (void*)
	[RSP+870 ] 0x7FF734336250     (char*) ":./"
	[RSP+878 ] 0x0                (size_t) [0]
	[RSP+880 ] 0x4000000000000000 (size_t) [4611686018427387904]
	[RSP+888 ] 0x0                (size_t) [0]
	[RSP+890 ] 0x0                (size_t) [0]
	[RSP+898 ] 0x0                (size_t) [0]
	[RSP+8A0 ] 0x7FF734336250     (char*) ":./"
	[RSP+8A8 ] 0x1A959270990      (void*)
	[RSP+8B0 ] 0x0                (size_t) [0]
	[RSP+8B8 ] 0x0                (size_t) [0]
	[RSP+8C0 ] 0x0                (size_t) [0]
	[RSP+8C8 ] 0x7CFFAFF088       (void*)
	[RSP+8D0 ] 0x7CFFAFF0B8       (void*)
	[RSP+8D8 ] 0x0                (size_t) [0]
	[RSP+8E0 ] 0x7FF73432EBE8     (void* -> SkyrimSE.exe+19FEBE8	and [rbp+rcx*4+0x7FF733], dl)
	[RSP+8E8 ] 0x7CFFAFF0C0       (void*)
	[RSP+8F0 ] 0x1A8DFA35F80      (void*)
	[RSP+8F8 ] 0x0                (size_t) [0]
	[RSP+900 ] 0x0                (size_t) [0]
	[RSP+908 ] 0x7FF8549BDE00     (char*) "HUDMovieBaseInstance.SubtitleTextHolder._y"
	[RSP+910 ] 0x1A959272168      (void*)
	[RSP+918 ] 0x300000002        (size_t) [12884901890]
	[RSP+920 ] 0x8                (size_t) [8]
	[RSP+928 ] 0x1A95927E700      (void*)
	[RSP+930 ] 0x0                (size_t) [0]
	[RSP+938 ] 0x7FF733913000     (void* -> SkyrimSE.exe+0FE3000	jl 0x00007FF733913026)
	[RSP+940 ] 0x1A95927E700      (void*)
	[RSP+948 ] 0x0                (size_t) [0]
	[RSP+950 ] 0x7CFFAFF100       (void*)
	[RSP+958 ] 0xE6DF0E3664D9     (size_t) [253845690541273]
	[RSP+960 ] 0x0                (size_t) [0]
	[RSP+968 ] 0x0                (size_t) [0]
	[RSP+970 ] 0x0                (size_t) [0]
	[RSP+978 ] 0x0                (size_t) [0]
	[RSP+980 ] 0x3C864310         (size_t) [1015431952]
	[RSP+988 ] 0x0                (size_t) [0]
	[RSP+990 ] 0x0                (size_t) [0]
	[RSP+998 ] 0x0                (size_t) [0]
	[RSP+9A0 ] 0x7CFFAFF170       (void*)
	[RSP+9A8 ] 0x1A993FD7000      (void*)
	[RSP+9B0 ] 0x7CFFAFF490       (void*)
	[RSP+9B8 ] 0x7FF8549BDEC0     (char*) "_root.TrueHUD.SortDepths"
	[RSP+9C0 ] 0x0                (size_t) [0]
	[RSP+9C8 ] 0x1A959276000      (void*)
	[RSP+9D0 ] 0x7FF8549BDEC0     (char*) "_root.TrueHUD.SortDepths"
	[RSP+9D8 ] 0x7CFFAFF2E8       (void*)
	[RSP+9E0 ] 0x0                (size_t) [0]
	[RSP+9E8 ] 0x7FF733905B33     (void* -> SkyrimSE.exe+0FD5B33	lea rcx, [rsp+0x40])
	[RSP+9F0 ] 0x7C00000003       (size_t) [532575944707]
	[RSP+9F8 ] 0x0                (size_t) [0]
	[RSP+A00 ] 0x7FF8549BDEC0     (char*) "_root.TrueHUD.SortDepths"
	[RSP+A08 ] 0x1A956C083C0      (void*)
	[RSP+A10 ] 0x7CFFAFF490       (void*)
	[RSP+A18 ] 0x1A959276080      (void*)
	[RSP+A20 ] 0x2                (size_t) [2]
	[RSP+A28 ] 0x7CFFAFF448       (void*)
	[RSP+A30 ] 0x1A959276000      (void*)
	[RSP+A38 ] 0x1A959272168      (void*)
	[RSP+A40 ] 0x7CFFAFF2E8       (void*)
	[RSP+A48 ] 0x0                (size_t) [0]
	[RSP+A50 ] 0x7FF8549BDEC0     (char*) "_root.TrueHUD.SortDepths"
	[RSP+A58 ] 0x1A959272000      (void*)
	[RSP+A60 ] 0x0                (size_t) [0]
	[RSP+A68 ] 0x1A959272760      (void*)
	[RSP+A70 ] 0x0                (size_t) [0]
	[RSP+A78 ] 0x1A995C12F70      (void*)
	[RSP+A80 ] 0x7C00000000       (size_t) [532575944704]
	[RSP+A88 ] 0x7FF733902D6B     (void* -> SkyrimSE.exe+0FD2D6B	movzx eax, bl)
	[RSP+A90 ] 0x1A959272168      (void*)
	[RSP+A98 ] 0x7FF733915325     (void* -> SkyrimSE.exe+0FE5325	movzx edx, byte ptr [rsp+0x60])
	[RSP+AA0 ] 0x7CFFAFF490       (void*)
	[RSP+AA8 ] 0x7FF73432EBE8     (void* -> SkyrimSE.exe+19FEBE8	and [rbp+rcx*4+0x7FF733], dl)
	[RSP+AB0 ] 0x1A9592727F8      (void*)
	[RSP+AB8 ] 0x7CFFAFF3A0       (void*)
	[RSP+AC0 ] 0x1A959276000      (void*)
	[RSP+AC8 ] 0x0                (size_t) [0]
	[RSP+AD0 ] 0x1A8E4B12600      (void*)
	[RSP+AD8 ] 0x7FF73432EBE8     (void* -> SkyrimSE.exe+19FEBE8	and [rbp+rcx*4+0x7FF733], dl)
	[RSP+AE0 ] 0x7CFFAFF490       (void*)
	[RSP+AE8 ] 0x1A9592727F8      (void*)
	[RSP+AF0 ] 0x0                (size_t) [0]
	[RSP+AF8 ] 0x0                (size_t) [0]
	[RSP+B00 ] 0x7CFFAFF400       (void*)
	[RSP+B08 ] 0x1A959272168      (void*)
	[RSP+B10 ] 0x100000001        (size_t) [4294967297]
	[RSP+B18 ] 0x7FF8549BDEC0     (char*) "_root.TrueHUD.SortDepths"
	[RSP+B20 ] 0x1A959272168      (void*)
	[RSP+B28 ] 0x7FF733915536     (void* -> SkyrimSE.exe+0FE5536	mov rcx, [rbp-0x31])
	[RSP+B30 ] 0x7CFFAFF3B9       (void*)
	[RSP+B38 ] 0x1A9592727F8      (void*)
	[RSP+B40 ] 0x7FF8549BDEC0     (char*) "_root.TrueHUD.SortDepths"
	[RSP+B48 ] 0x1A959272098      (void*)
	[RSP+B50 ] 0x7C00000001       (size_t) [532575944705]
	[RSP+B58 ] 0x7C00000001       (size_t) [532575944705]
	[RSP+B60 ] 0x7FF8549BDEC0     (char*) "_root.TrueHUD.SortDepths"
	[RSP+B68 ] 0x7FF7338F8D06     (void* -> SkyrimSE.exe+0FC8D06	test eax, eax)
	[RSP+B70 ] 0x1A959272760      (void*)
	[RSP+B78 ] 0x1A959276000      (void*)
	[RSP+B80 ] 0x0                (size_t) [0]
	[RSP+B88 ] 0x7FF8549BDF00     (char*) "_root.TrueHUD.AddBossInfoBarWidget"
	[RSP+B90 ] 0x7FF735A8CE07     (void* -> SkyrimSE.exe+315CE07	add [rax], al)
	[RSP+B98 ] 0x1A959259060      (void*)
	[RSP+BA0 ] 0x1A9C593EE90      (void*)
	[RSP+BA8 ] 0x1A95924C0E0      (void*)
	[RSP+BB0 ] 0x14108            (size_t) [82184]
	[RSP+BB8 ] 0x1A959276000      (void*)
	[RSP+BC0 ] 0x0                (size_t) [0]
	[RSP+BC8 ] 0x7FF7338DB000     (void* -> SkyrimSE.exe+0FAB000	add dh, al)
	[RSP+BD0 ] 0x0                (size_t) [0]
	[RSP+BD8 ] 0x7FF8549BDEC0     (char*) "_root.TrueHUD.SortDepths"
	[RSP+BE0 ] 0x1                (size_t) [1]
	[RSP+BE8 ] 0x1A959272000      (void*)
	[RSP+BF0 ] 0x7CFFAFF628       (void*)
	[RSP+BF8 ] 0x7FF733951A7F     (void* -> SkyrimSE.exe+1021A7F	movzx edi, al)
	[RSP+C00 ] 0x1A9CA487790      (void*)
	[RSP+C08 ] 0x1A959272000      (void*)
	[RSP+C10 ] 0x1A993FD7000      (void*)
	[RSP+C18 ] 0x7FF854987CB2     (void* -> TrueHUD.dll+0057CB2	mov rbp, [rsp+0x48])
	[RSP+C20 ] 0x1                (size_t) [1]
	[RSP+C28 ] 0x1                (size_t) [1]
	[RSP+C30 ] 0xFFFFFFFF         (size_t) [4294967295]
	[RSP+C38 ] 0x7FF733939AF8     (void* -> SkyrimSE.exe+1009AF8	movzx edi, al)
	[RSP+C40 ] 0x1A959272178      (void*)
	[RSP+C48 ] 0x0                (size_t) [0]
	[RSP+C50 ] 0x4                (size_t) [4]
	[RSP+C58 ] 0x7FF854987833     (void* -> TrueHUD.dll+0057833	nop)
	[RSP+C60 ] 0x1A8DB55E8F0      (Scaleform::TrueHUDMenu*)
	[RSP+C68 ] 0x7CFFAFF509       (void*)
	[RSP+C70 ] 0x7CFFAFF640       (void*)
	[RSP+C78 ] 0x14161            (size_t) [82273]
	[RSP+C80 ] 0x1A8DB55E800      (void*)
	[RSP+C88 ] 0x7FF85497514D     (void* -> TrueHUD.dll+004514D	add rsp, 0xA0)
	[RSP+C90 ] 0x1A8DB55E8F0      (Scaleform::TrueHUDMenu*)
	[RSP+C98 ] 0x7CFFAFF509       (void*)
	[RSP+CA0 ] 0x7CFFAFF606       (void*)
	[RSP+CA8 ] 0x0                (size_t) [0]
	[RSP+CB0 ] 0x0                (size_t) [0]
	[RSP+CB8 ] 0x0                (size_t) [0]
	[RSP+CC0 ] 0x7CFFAFF600       (void*)
	[RSP+CC8 ] 0x0                (size_t) [0]
	[RSP+CD0 ] 0x46               (size_t) [70]
	[RSP+CD8 ] 0x1A9C593EE90      (void*)
	[RSP+CE0 ] 0x0                (size_t) [0]
	[RSP+CE8 ] 0x1A828C4ACB0      (void*)
	[RSP+CF0 ] 0x1A9C0244BE0      (void*)
	[RSP+CF8 ] 0x7CFFAFF670       (void*)
	[RSP+D00 ] 0x1A9682C5140      (void*)
	[RSP+D08 ] 0x7FF735A8CEB0     (void* -> SkyrimSE.exe+315CEB0	add [rax], al)
	[RSP+D10 ] 0x1A8DB55E8F0      (Scaleform::TrueHUDMenu*)
	[RSP+D18 ] 0x7FF733939CA0     (void* -> SkyrimSE.exe+1009CA0	add rsp, 0x38)
	[RSP+D20 ] 0x1A828C4ACB0      (void*)
	[RSP+D28 ] 0x1A959272168      (void*)
	[RSP+D30 ] 0x0                (size_t) [0]
	[RSP+D38 ] 0x0                (size_t) [0]
	[RSP+D40 ] 0x7CFFAFF640       (void*)
	[RSP+D48 ] 0x1A900000001      (void*)
	[RSP+D50 ] 0x7CFFAFF670       (void*)
	[RSP+D58 ] 0x7FF85497DB5B     (void* -> TrueHUD.dll+004DB5B	mov rcx, r12)
	[RSP+D60 ] 0x1A93B6A9720      (Scaleform::RecentLoot*)
	[RSP+D68 ] 0x7CFFAFF670       (void*)
	[RSP+D70 ] 0x1A9C0244BE0      (void*)
	[RSP+D78 ] 0x7FF96D163E22     (void* -> dxgi.dll+0033E22	add rsp, 0x48)
	[RSP+D80 ] 0x7C00000001       (size_t) [532575944705]
	[RSP+D88 ] 0x0                (size_t) [0]
	[RSP+D90 ] 0x1A9682C5140      (void*)
	[RSP+D98 ] 0x7FF96D15224C     (void* -> dxgi.dll+002224C	test al, al)
	[RSP+DA0 ] 0x7CFFAFF5F0       (void*)
	[RSP+DA8 ] 0x4                (size_t) [4]
	[RSP+DB0 ] 0xB81C807BA12F     (size_t) [202432554180911]
	[RSP+DB8 ] 0x0                (size_t) [0]
	[RSP+DC0 ] 0x1A829A6E010      (void*)
	[RSP+DC8 ] 0x7FF96D16482F     (void* -> dxgi.dll+003482F	mov rbx, [rsp+0xC8])
	[RSP+DD0 ] 0x7C00000000       (size_t) [532575944704]
	[RSP+DD8 ] 0x1A829A6E010      (void*)
	[RSP+DE0 ] 0x1A94C8D95F0      (Scaleform::PlayerWidget*)
	[RSP+DE8 ] 0x1A94C8D95E0      (std::_Ref_count_obj2<Scaleform::PlayerWidget>*)
	[RSP+DF0 ] 0x1A93B6A9720      (Scaleform::RecentLoot*)
	[RSP+DF8 ] 0x1A93B6A9710      (std::_Ref_count_obj2<Scaleform::RecentLoot>*)
	[RSP+E00 ] 0x0                (size_t) [0]
	[RSP+E08 ] 0x7FF96FD51794     (void* -> ucrtbase.dll+0031794	jmp 0x00007FF96FD517BA)
	[RSP+E10 ] 0x0                (size_t) [0]
	[RSP+E18 ] 0x1A829A6E010      (void*)
	[RSP+E20 ] 0x0                (size_t) [0]
	[RSP+E28 ] 0x0                (size_t) [0]
	[RSP+E30 ] 0x1A95924C0E0      (void*)
	[RSP+E38 ] 0x47               (size_t) [71]
	[RSP+E40 ] 0x1A8DFA35F80      (void*)
	[RSP+E48 ] 0x0                (size_t) [0]
	[RSP+E50 ] 0xB81C807BA15F     (size_t) [202432554180959]
	[RSP+E58 ] 0x0                (size_t) [0]
	[RSP+E60 ] 0x0                (size_t) [0]
	[RSP+E68 ] 0x0                (size_t) [0]
	[RSP+E70 ] 0x0                (size_t) [0]
	[RSP+E78 ] 0x7FF85446C6C3     (void* -> gameoverlayrenderer64.dll+008C6C3	mov eax, esi)
	[RSP+E80 ] 0x0                (size_t) [0]
	[RSP+E88 ] 0x7FF881ABA93D     (void* -> KreatE.dll+009A93D	mov r8d, ebx)
	[RSP+E90 ] 0x1A83107CAA0      (CD3D11Renderer*)
	[RSP+E98 ] 0x0                (size_t) [0]
	[RSP+EA0 ] 0x1A916CDBC80      (NiCamera*)
		RTTIName: "NiCamera"
		Flags: kSelectiveUpdate | kSelectiveUpdateTransforms | kSelectiveUpdateController
	[RSP+EA8 ] 0x0                (size_t) [0]
	[RSP+EB0 ] 0x1A829A6E010      (void*)
	[RSP+EB8 ] 0x7FF800000000     (size_t) [140703128616960]
	[RSP+EC0 ] 0x1A8293D28F8      (void*)
	[RSP+EC8 ] 0x7FF97297A0A1     (void* -> ntdll.dll+002A0A1	mov r10, rbx)
	[RSP+ED0 ] 0x7FF735F1F870     (void* -> SkyrimSE.exe+35EF870	add [rax], al)
	[RSP+ED8 ] 0x7FF7335FA258     (void* -> SkyrimSE.exe+0CCA258	mov rax, [rsp+0x30])
	[RSP+EE0 ] 0x3                (size_t) [3]
	[RSP+EE8 ] 0x7FF926D10541     (void*)
	[RSP+EF0 ] 0x1A916CDBC80      (NiCamera*)
		RTTIName: "NiCamera"
		Flags: kSelectiveUpdate | kSelectiveUpdateTransforms | kSelectiveUpdateController
	[RSP+EF8 ] 0x0                (size_t) [0]
	[RSP+F00 ] 0x0                (size_t) [0]
	[RSP+F08 ] 0x7FF972977027     (void* -> ntdll.dll+0027027	jmp 0x00007FF972976FC3)
	[RSP+F10 ] 0x7FF735BBAFB0     (void* -> SkyrimSE.exe+328AFB0	mov al, 0xF8)
	[RSP+F18 ] 0x1A81BCAA700      (Main*)
	[RSP+F20 ] 0xFFFFFFFA         (size_t) [4294967290]
	[RSP+F28 ] 0x0                (size_t) [0]
	[RSP+F30 ] 0x0                (size_t) [0]
	[RSP+F38 ] 0x7FF732F74212     (void* -> SkyrimSE.exe+0644212	cmp byte ptr [0x00007FF734942490], 0x00)
	[RSP+F40 ] 0x0                (size_t) [0]
	[RSP+F48 ] 0x7FF735AB8200     (void* -> SkyrimSE.exe+3188200	add [rax], al)
	[RSP+F50 ] 0x0                (size_t) [0]
	[RSP+F58 ] 0x7FF735AB8200     (void* -> SkyrimSE.exe+3188200	add [rax], al)
	[RSP+F60 ] 0x1A9A6509500      (void*)
	[RSP+F68 ] 0x18000CD16        (void* -> tbbmalloc.dll+000CD16	mov rdi, rax)
	[RSP+F70 ] 0x7A28A123D822     (size_t) [134314920761378]
	[RSP+F78 ] 0x0                (size_t) [0]
	[RSP+F80 ] 0x0                (size_t) [0]
	[RSP+F88 ] 0x0                (size_t) [0]
	[RSP+F90 ] 0x3C864310         (size_t) [1015431952]
	[RSP+F98 ] 0x0                (size_t) [0]
	[RSP+FA0 ] 0x1A81419E1E0      (void*)
	[RSP+FA8 ] 0x0                (size_t) [0]
	[RSP+FB0 ] 0x7FF735A8CEB0     (void* -> SkyrimSE.exe+315CEB0	add [rax], al)
	[RSP+FB8 ] 0x0                (size_t) [0]
	[RSP+FC0 ] 0x989680           (size_t) [10000000]
	[RSP+FC8 ] 0x1A9C0244BE0      (void*)
	[RSP+FD0 ] 0x7CFFAFF8A8       (void*)
	[RSP+FD8 ] 0x7FF85497554C     (void* -> TrueHUD.dll+004554C	mov rcx, [rbx+0x10])
	[RSP+FE0 ] 0x61D110A4F        (size_t) [26257459791]
	[RSP+FE8 ] 0x7FF7335F6ED7     (void* -> SkyrimSE.exe+0CC6ED7	mov [rbx+0x08], rax)
	[RSP+FF0 ] 0x1A8DB55E8F0      (Scaleform::TrueHUDMenu*)
	[RSP+FF8 ] 0x7CFFAFF8A8       (void*)
	[RSP+1000] 0x0                (size_t) [0]
	[RSP+1008] 0x0                (size_t) [0]
	[RSP+1010] 0x2                (size_t) [2]
	[RSP+1018] 0x7FF7338D4E57     (void* -> SkyrimSE.exe+0FA4E57	add rbx, 0x08)
	[RSP+1020] 0x1A9C0244BE0      (void*)
	[RSP+1028] 0x7FF7340A6840     (void* -> SkyrimSE.exe+1776840	jo 0x00007FF7340A68B2)
	[RSP+1030] 0x7CFFAFF8A8       (void*)
	[RSP+1038] 0x1A81BC5EE80      (NiCamera*)
		Name: "WorldRoot Camera"
		RTTIName: "NiCamera"
		Flags: kSelectiveUpdate | kSelectiveUpdateTransforms | kSelectiveUpdateController
		Checking Parent: 0
			Name: "WorldRoot CameraNode"
			RTTIName: "NiNode"
			Flags: kSelectiveUpdate | kSelectiveUpdateTransforms | kSelectiveUpdateController
			Checking Parent: 0
				Name: "WorldRoot Node"
				RTTIName: "SceneGraph"
				Flags: kSelectiveUpdate | kSelectiveUpdateTransforms | kSelectiveUpdateController
		Name: "WorldRoot Camera"
	[RSP+1040] 0xFFFFFFFFFFFFFFFE (size_t) [uint: 18446744073709551614 int: -2]
	[RSP+1048] 0x7FF734098160     (void* -> SkyrimSE.exe+1768160	sbb bh, cl)
	[RSP+1050] 0x7CFFAFF878       (void*)
	[RSP+1058] 0x7FF734098160     (void* -> SkyrimSE.exe+1768160	sbb bh, cl)
	[RSP+1060] 0x7CFFAFF878       (void*)
	[RSP+1068] 0x1A81419E8B0      (ScrapHeap*)
	[RSP+1070] 0x1A9C0244BE0      (void*)
	[RSP+1078] 0x7FF700000006     (size_t) [140698833649670]
	[RSP+1080] 0x1A900000006      (void*)
	[RSP+1088] 0x1A9471379E0      (void*)
	[RSP+1090] 0x0                (size_t) [0]
	[RSP+1098] 0x0                (size_t) [0]
	[RSP+10A0] 0x1A81419E1E0      (void*)
	[RSP+10A8] 0x768              (size_t) [1896]
	[RSP+10B0] 0x1A81BCAA700      (Main*)
	[RSP+10B8] 0x1                (size_t) [1]
	[RSP+10C0] 0x1A81BC5EE80      (NiCamera*)
		Name: "WorldRoot Camera"
		RTTIName: "NiCamera"
		Flags: kSelectiveUpdate | kSelectiveUpdateTransforms | kSelectiveUpdateController
		Checking Parent: 0
			Name: "WorldRoot CameraNode"
			RTTIName: "NiNode"
			Flags: kSelectiveUpdate | kSelectiveUpdateTransforms | kSelectiveUpdateController
			Checking Parent: 0
				Name: "WorldRoot Node"
				RTTIName: "SceneGraph"
				Flags: kSelectiveUpdate | kSelectiveUpdateTransforms | kSelectiveUpdateController
		Name: "WorldRoot Camera"
	[RSP+10C8] 0x2                (size_t) [2]
	[RSP+10D0] 0x7CFFAFF940       (void*)
	[RSP+10D8] 0x7FF732F76995     (void* -> SkyrimSE.exe+0646995	call 0x00007FF7332AB2E0)
	[RSP+10E0] 0x2                (size_t) [2]
	[RSP+10E8] 0x7C00000002       (size_t) [532575944706]
	[RSP+10F0] 0x1A81419E1E0      (void*)
	[RSP+10F8] 0x7FF735A8D008     (char*) "(_"
	[RSP+1100] 0xF01              (size_t) [3841]
	[RSP+1108] 0x6429E91E529E     (size_t) [110131167515294]
	[RSP+1110] 0xB                (size_t) [11]
	[RSP+1118] 0x7FF85B6B0E00     (void* -> NGIO-NG.dll+0050E00	lea r11, [rsp+0xA0] |  C:\Users\attit\Documents\GitHub\No-Grass-In-Objects-NG\src\GidFileCache.cpp:737 ?RunOne@GidFileWorldGenerateTask@GrassControl@@QEAA_NXZ)
	[RSP+1120] 0x3C88189D87F7     (size_t) [66555226195959]
	[RSP+1128] 0x1                (size_t) [1]
	[RSP+1130] 0xB                (size_t) [11]
	[RSP+1138] 0x2                (size_t) [2]
	[RSP+1140] 0x1A90000000B      (void*)
	[RSP+1148] 0x7FF8E84EBA09     (void* -> BetterThirdPersonSelection.dll+005BA09	mov rbx, [rsp+0x50])
	[RSP+1150] 0x1A900000009      (void*)
	[RSP+1158] 0x7FF8E8585E87     (void* -> BetterThirdPersonSelection.dll+00F5E87	add rsp, 0x40)
	[RSP+1160] 0x9                (size_t) [9]
	[RSP+1168] 0x7FF8E84EBA09     (void* -> BetterThirdPersonSelection.dll+005BA09	mov rbx, [rsp+0x50])
	[RSP+1170] 0x1A81419E8B0      (ScrapHeap*)
	[RSP+1178] 0x0                (size_t) [0]
	[RSP+1180] 0x7CFFAFF988       (void*)
	[RSP+1188] 0x0                (size_t) [0]
	[RSP+1190] 0x0                (size_t) [0]
	[RSP+1198] 0x0                (size_t) [0]
	[RSP+11A0] 0x0                (size_t) [0]
	[RSP+11A8] 0x7FF700000000     (size_t) [140698833649664]
	[RSP+11B0] 0x0                (size_t) [0]
	[RSP+11B8] 0x0                (size_t) [0]
	[RSP+11C0] 0x1DF147BC3B00     (size_t) [32922127842048]
	[RSP+11C8] 0x0                (size_t) [0]
	[RSP+11D0] 0x0                (size_t) [0]
	[RSP+11D8] 0x0                (size_t) [0]
	[RSP+11E0] 0x0                (size_t) [0]
	[RSP+11E8] 0x0                (size_t) [0]
	[RSP+11F0] 0x0                (size_t) [0]
	[RSP+11F8] 0x0                (size_t) [0]
	[RSP+1200] 0x0                (size_t) [0]
	[RSP+1208] 0xFFFFFFFFFFFFFFFE (size_t) [uint: 18446744073709551614 int: -2]
	[RSP+1210] 0x0                (size_t) [0]
	[RSP+1218] 0x0                (size_t) [0]
	[RSP+1220] 0x0                (size_t) [0]
	[RSP+1228] 0x0                (size_t) [0]
	[RSP+1230] 0x0                (size_t) [0]
	[RSP+1238] 0x7FF86B4AF4C9     (void* -> hdtSMP64.dll+00BF4C9	cmp byte ptr [rbx+0x10], 0x00 |  C:\Games\Faster HDT-SMP\skse64_2_02_06\src\skse64\hdtSMP64\Hooks.cpp:314 ?onFrame@UnkEngine@hdt@@QEAAXXZ)
	[RSP+1240] 0x1A81BCAA700      (Main*)
	[RSP+1248] 0x0                (size_t) [0]
	[RSP+1250] 0x2D0BFE           (size_t) [2952190]
	[RSP+1258] 0x3                (size_t) [3]
	[RSP+1260] 0x2D0BFE           (size_t) [2952190]
	[RSP+1268] 0x0                (size_t) [0]
	[RSP+1270] 0x0                (size_t) [0]
	[RSP+1278] 0x7FF86CA85EC7     (void* -> MuJointFix.dll+0025EC7	call 0x00007FF86CAA32E0 |  D:\VS\MuJointFix\src\Hook.cpp:25 ?onFrame@UnkEngine@Mus@@QEAAXXZ)
	[RSP+1280] 0x1                (size_t) [1]
	[RSP+1288] 0x0                (size_t) [0]
	[RSP+1290] 0x1A81BCAA700      (Main*)
	[RSP+1298] 0x0                (size_t) [0]
	[RSP+12A0] 0x2D0BFE           (size_t) [2952190]
	[RSP+12A8] 0x7FF8E850B0A3     (void* -> BetterThirdPersonSelection.dll+007B0A3	call 0x00007FF8E8499228)
	[RSP+12B0] 0x0                (size_t) [0]
	[RSP+12B8] 0x7FF85447B528     (void* -> gameoverlayrenderer64.dll+009B528	mov rbx, [rsp+0x40])
	[RSP+12C0] 0x0                (size_t) [0]
	[RSP+12C8] 0x7CFFAFFB60       (void*)
	[RSP+12D0] 0x7FF6B4090000     (void*)
	[RSP+12D8] 0x1A81BCAA700      (Main*)
	[RSP+12E0] 0x0                (size_t) [0]
	[RSP+12E8] 0x3C88189D8547     (size_t) [66555226195271]
	[RSP+12F0] 0x2D0BFE           (size_t) [2952190]
	[RSP+12F8] 0x7FF732F6EAD5     (void* -> SkyrimSE.exe+063EAD5	test bl, bl)
	[RSP+1300] 0x0                (size_t) [0]
	[RSP+1308] 0x0                (size_t) [0]
	[RSP+1310] 0x0                (size_t) [0]
	[RSP+1318] 0x0                (size_t) [0]
	[RSP+1320] 0x1                (size_t) [1]
	[RSP+1328] 0x0                (size_t) [0]
	[RSP+1330] 0xA                (size_t) [10]
	[RSP+1338] 0x7FF96FE1F0C0     (void* -> ucrtbase.dll+00FF0C0	)
	[RSP+1340] 0x1A81106C130      (void*)
	[RSP+1348] 0x0                (size_t) [0]
	[RSP+1350] 0x2D0BFE           (size_t) [2952190]
	[RSP+1358] 0x14FE             (size_t) [5374]
	[RSP+1360] 0x138911BC         (size_t) [327750076]
	[RSP+1368] 0x1                (size_t) [1]
	[RSP+1370] 0x50000280C9F      (size_t) [5497560763551]
	[RSP+1378] 0x2D0              (size_t) [720]
	[RSP+1380] 0x0                (size_t) [0]
	[RSP+1388] 0x7FF733E6BB8E     (void* -> SkyrimSE.exe+153BB8E	mov ebx, eax)
	[RSP+1390] 0xA                (size_t) [10]
	[RSP+1398] 0x0                (size_t) [0]
	[RSP+13A0] 0x7FF73616D310     (void* -> SkyrimSE.exe+383D310	call 0x00007FF73616D315)
	[RSP+13A8] 0x7CFF961000       (void*)
	[RSP+13B0] 0x0                (size_t) [0]
	[RSP+13B8] 0x0                (size_t) [0]
	[RSP+13C0] 0x0                (size_t) [0]
	[RSP+13C8] 0x7FF9710A257D     (void* -> KERNEL32.DLL+001257D	mov ecx, eax)
	[RSP+13D0] 0x0                (size_t) [0]
	[RSP+13D8] 0x0                (size_t) [0]
	[RSP+13E0] 0x0                (size_t) [0]
	[RSP+13E8] 0x0                (size_t) [0]
	[RSP+13F0] 0x0                (size_t) [0]
	[RSP+13F8] 0x7FF9729AAF28     (void* -> ntdll.dll+005AF28	jmp 0x00007FF9729AAF49)
	[RSP+1400] 0x0                (size_t) [0]
	[RSP+1408] 0x0                (size_t) [0]
	[RSP+1410] 0x0                (size_t) [0]
	[RSP+1418] 0x0                (size_t) [0]
	[RSP+1420] 0x0                (size_t) [0]
	[RSP+1428] 0x0                (size_t) [0]
	[RSP+1430] 0x24B7D6F700000000 (size_t) [2645819662448721920]
	[RSP+1438] 0x0                (size_t) [0]
	[RSP+1440] 0x4F0FFFFFB30      (size_t) [5433133628208]
	[RSP+1448] 0x7FF9700F07B0     (void* -> KERNELBASE.dll+01607B0	mov [rsp+0x10], rbx)
	[RSP+1450] 0x7CFFAFD300       (void*)
	[RSP+1458] 0xFFF2A971A28E00   (size_t) [72042928631090688]
	[RSP+1460] 0x7FF954B8D147     (size_t) [140708844982599]
	[RSP+1468] 0x7CFFAFD300       (void*)
	[RSP+1470] 0x0                (size_t) [0]
	[RSP+1478] 0x0                (size_t) [0]
	[RSP+1480] 0x0                (size_t) [0]
	[RSP+1488] 0x0                (size_t) [0]
	[RSP+1490] 0x0                (size_t) [0]
	[RSP+1498] 0x0                (size_t) [0]
	[RSP+14A0] 0x0                (size_t) [0]
	[RSP+14A8] 0x0                (size_t) [0]
	[RSP+14B0] 0x0                (size_t) [0]
	[RSP+14B8] 0x0                (size_t) [0]
	[RSP+14C0] 0x0                (size_t) [0]
	[RSP+14C8] 0x0                (size_t) [0]
	[RSP+14D0] 0x0                (size_t) [0]
	[RSP+14D8] 0x0                (size_t) [0]
	[RSP+14E0] 0x0                (size_t) [0]
	[RSP+14E8] 0x0                (size_t) [0]
	[RSP+14F0] 0x0                (size_t) [0]
	[RSP+14F8] 0x0                (size_t) [0]
	[RSP+1500] 0x0                (size_t) [0]
	[RSP+1508] 0x0                (size_t) [0]
	[RSP+1510] 0x0                (size_t) [0]
	[RSP+1518] 0x0                (size_t) [0]
	[RSP+1520] 0x0                (size_t) [0]
	[RSP+1528] 0x0                (size_t) [0]
	[RSP+1530] 0x0                (size_t) [0]
	[RSP+1538] 0x0                (size_t) [0]
	[RSP+1540] 0x0                (size_t) [0]
	[RSP+1548] 0x0                (size_t) [0]
	[RSP+1550] 0x0                (size_t) [0]
	[RSP+1558] 0x0                (size_t) [0]
	[RSP+1560] 0x0                (size_t) [0]
	[RSP+1568] 0x0                (size_t) [0]
	[RSP+1570] 0x0                (size_t) [0]
	[RSP+1578] 0x0                (size_t) [0]
	[RSP+1580] 0x0                (size_t) [0]
	[RSP+1588] 0x0                (size_t) [0]
	[RSP+1590] 0x0                (size_t) [0]
	[RSP+1598] 0x0                (size_t) [0]
	[RSP+15A0] 0x0                (size_t) [0]
	[RSP+15A8] 0x0                (size_t) [0]
	[RSP+15B0] 0x0                (size_t) [0]
	[RSP+15B8] 0x0                (size_t) [0]
	[RSP+15C0] 0x0                (size_t) [0]
	[RSP+15C8] 0x0                (size_t) [0]
	[RSP+15D0] 0x0                (size_t) [0]
	[RSP+15D8] 0x0                (size_t) [0]
	[RSP+15E0] 0x0                (size_t) [0]
	[RSP+15E8] 0x0                (size_t) [0]
	[RSP+15F0] 0x0                (size_t) [0]
	[RSP+15F8] 0x0                (size_t) [0]
	[RSP+1600] 0x0                (size_t) [0]
	[RSP+1608] 0x0                (size_t) [0]
	[RSP+1610] 0x0                (size_t) [0]
	[RSP+1618] 0x0                (size_t) [0]
	[RSP+1620] 0x0                (size_t) [0]
	[RSP+1628] 0x0                (size_t) [0]
	[RSP+1630] 0x0                (size_t) [0]
	[RSP+1638] 0x0                (size_t) [0]
	[RSP+1640] 0x0                (size_t) [0]
	[RSP+1648] 0x0                (size_t) [0]
	[RSP+1650] 0x0                (size_t) [0]
	[RSP+1658] 0x0                (size_t) [0]
	[RSP+1660] 0x0                (size_t) [0]
	[RSP+1668] 0x0                (size_t) [0]
	[RSP+1670] 0x0                (size_t) [0]
	[RSP+1678] 0x0                (size_t) [0]
	[RSP+1680] 0x0                (size_t) [0]
	[RSP+1688] 0x0                (size_t) [0]
	[RSP+1690] 0x0                (size_t) [0]
	[RSP+1698] 0x0                (size_t) [0]
	[RSP+16A0] 0x0                (size_t) [0]
	[RSP+16A8] 0x0                (size_t) [0]
	[RSP+16B0] 0x0                (size_t) [0]
	[RSP+16B8] 0x0                (size_t) [0]
	[RSP+16C0] 0x0                (size_t) [0]
	[RSP+16C8] 0x0                (size_t) [0]
	[RSP+16D0] 0x0                (size_t) [0]
	[RSP+16D8] 0x0                (size_t) [0]
	[RSP+16E0] 0x0                (size_t) [0]
	[RSP+16E8] 0x0                (size_t) [0]
	[RSP+16F0] 0x0                (size_t) [0]
	[RSP+16F8] 0x0                (size_t) [0]
	[RSP+1700] 0x0                (size_t) [0]
	[RSP+1708] 0x0                (size_t) [0]
	[RSP+1710] 0x0                (size_t) [0]
	[RSP+1718] 0x0                (size_t) [0]
	[RSP+1720] 0x0                (size_t) [0]
	[RSP+1728] 0x0                (size_t) [0]
	[RSP+1730] 0x0                (size_t) [0]
	[RSP+1738] 0x0                (size_t) [0]
	[RSP+1740] 0x0                (size_t) [0]
	[RSP+1748] 0x0                (size_t) [0]
	[RSP+1750] 0x0                (size_t) [0]
	[RSP+1758] 0x0                (size_t) [0]
	[RSP+1760] 0x0                (size_t) [0]
	[RSP+1768] 0x0                (size_t) [0]
	[RSP+1770] 0x0                (size_t) [0]
	[RSP+1778] 0x0                (size_t) [0]
	[RSP+1780] 0x0                (size_t) [0]
	[RSP+1788] 0x0                (size_t) [0]
	[RSP+1790] 0x0                (size_t) [0]
	[RSP+1798] 0x0                (size_t) [0]
	[RSP+17A0] 0x0                (size_t) [0]
	[RSP+17A8] 0x0                (size_t) [0]
	[RSP+17B0] 0x0                (size_t) [0]
	[RSP+17B8] 0x0                (size_t) [0]
	[RSP+17C0] 0x0                (size_t) [0]
	[RSP+17C8] 0x0                (size_t) [0]
	[RSP+17D0] 0x0                (size_t) [0]
	[RSP+17D8] 0x0                (size_t) [0]
	[RSP+17E0] 0x0                (size_t) [0]
	[RSP+17E8] 0x0                (size_t) [0]

MODULES:
	XINPUT1_3.dll                                    0x000000400000
	X3DAudio1_7.dll                                  0x0000520D0000
	tbbmalloc.dll                                    0x000180000000
	tbb.dll                                          0x01A812AE0000
	AHZmoreHUDInventory.dll                          0x01A81DB00000
	PayloadInterpreter.dll                           0x01A83C840000
	ShadowBoost.dll                                  0x01A8474F0000
	SkyrimSE.exe                                     0x7FF732930000
	XAudio2_7.dll                                    0x7FF854350000
	gameoverlayrenderer64.dll                        0x7FF8543E0000
	YesImSure.dll                                    0x7FF854580000
	WhichKey-NG.dll                                  0x7FF854610000
	Weightless.dll                                   0x7FF8547A0000
	UnlimitedFastTravel.dll                          0x7FF8548C0000
	TrueHUD.dll                                      0x7FF854930000
	TrueDirectionalMovement.dll                      0x7FF8549F0000
	SureOfStealing.dll                               0x7FF854AC0000
	SSEDisplayTweaks.dll                             0x7FF854B70000
	SpellLevelAutomaticAdjustedDescription.dll       0x7FF854C10000
	SoundRecordDistributor.dll                       0x7FF854CE0000
	SoftShadows.dll                                  0x7FF854DC0000
	SkyReflectionFix.dll                             0x7FF854E70000
	SkyPatcher.dll                                   0x7FF854F00000
	SkillOfSneaking.dll                              0x7FF8550D0000
	skee64.dll                                       0x7FF855180000
	SexLabUtil.dll                                   0x7FF8554B0000
	ScrambledBugs.dll                                0x7FF855580000
	RemoveAllItemsFix.dll                            0x7FF855620000
	RecursionFPSFix.dll                              0x7FF8556B0000
	QuickLootEE.dll                                  0x7FF855790000
	po3_UseOrTake.dll                                0x7FF8558A0000
	po3_Tweaks.dll                                   0x7FF855950000
	po3_SpellPerkItemDistributor.dll                 0x7FF855A50000
	po3_SimpleOffenceSuppression.dll                 0x7FF855C10000
	po3_SimpleActivateSKSE.dll                       0x7FF855CB0000
	po3_SaveUnbaker.dll                              0x7FF855D60000
	po3_ReadOrTakeBooks.dll                          0x7FF855E00000
	po3_PapyrusExtender.dll                          0x7FF855EE0000
	po3_MoonMod.dll                                  0x7FF856160000
	po3_MagicSneakAttacks.dll                        0x7FF856210000
	po3_KeywordItemDistributor.dll                   0x7FF8562F0000
	po3_EnhancedInvisibility.dll                     0x7FF856490000
	po3_DialogueHistory.dll                          0x7FF856540000
	steamclient64.dll                                0x7FF856810000
	po3_ENBLightForEffectShaders.dll                 0x7FF859290000
	po3_DualCastingFix.dll                           0x7FF859350000
	po3_CraftingRecipeDistributor.dll                0x7FF8593F0000
	po3_ConsolePlusPlus.dll                          0x7FF8594A0000
	po3_BaseObjectSwapper.dll                        0x7FF859550000
	po3_AnimObjectSwapper.dll                        0x7FF8596A0000
	PlayerPayCrimeGoldTweak.dll                      0x7FF859750000
	PerkEntryPointExtender.dll                       0x7FF859840000
	PapyrusUtil.dll                                  0x7FF859A30000
	PapyrusTweaks.dll                                0x7FF859BA0000
	PapyrusIniManipulator.dll                        0x7FF859CA0000
	PAPER.dll                                        0x7FF859D90000
	PairedAnimationImprovements.dll                  0x7FF859E10000
	OSLAroused.dll                                   0x7FF859E80000
	OpenAnimationReplacer.dll                        0x7FF859F20000
	OpenAnimationReplacer-IEDConditionExtensions.dll 0x7FF85A280000
	OpenAnimationReplacer-DetectionPlugin.dll        0x7FF85A3A0000
	OBody.dll                                        0x7FF85A490000
	NotificationFilter.dll                           0x7FF85B500000
	NoOppositeGenderAnims.dll                        0x7FF85B570000
	NGIO-NG.dll                                      0x7FF85B660000
	NoEnchantmentRestrictionRemake.dll               0x7FF866CD0000
	MoreInformativeConsole.dll                       0x7FF866D80000
	loki_DynamicAnimationCasting.dll                 0x7FF866EB0000
	JContainers64.dll                                0x7FF867050000
	PassiveWeaponEnchantmentRecharging.dll           0x7FF86A690000
	MuSkeletonEditor.dll                             0x7FF86B050000
	MenuMaid2.dll                                    0x7FF86B2E0000
	hdtSMP64.dll                                     0x7FF86B3F0000
	NakedDeadNPCFix.dll                              0x7FF86C2D0000
	MCMHelper.dll                                    0x7FF86C560000
	NativeEditorIDFix.dll                            0x7FF86C7B0000
	mfgfix.dll                                       0x7FF86C8C0000
	MuJointFix.dll                                   0x7FF86CA60000
	IWantWidgetsNative.dll                           0x7FF86CB00000
	MumsTheWord.dll                                  0x7FF8819A0000
	KreatE.dll                                       0x7FF881A20000
	LocationalEncounterZones.dll                     0x7FF8823E0000
	kxWhereAreYou.dll                                0x7FF8824C0000
	ItemPropertyManipulator.dll                      0x7FF882570000
	KillCapsLockNG.dll                               0x7FF884720000
	k101PapyrusFunctions.dll                         0x7FF88F900000
	InventoryInjector.dll                            0x7FF88FA00000
	ImWalkinHere.dll                                 0x7FF88FAB0000
	MaxsuCombatEscape.dll                            0x7FF890B80000
	htfq_se.dll                                      0x7FF890BE0000
	CrashLogger.dll                                  0x7FF890C40000
	HelpExtender.dll                                 0x7FF890FC0000
	HDLocalMap.dll                                   0x7FF891060000
	FormListManipulator.dll                          0x7FF8910C0000
	Fuz Ro D'oh.dll                                  0x7FF8917E0000
	FISS.dll                                         0x7FF891AB0000
	DescriptionFramework.dll                         0x7FF891B20000
	FaceGenFixes.dll                                 0x7FF8AA200000
	CraftingCategories.dll                           0x7FF8AA270000
	ContainerDistributionFramework.dll               0x7FF8AA380000
	DynDOLOD.DLL                                     0x7FF8AA4C0000
	ConsoleUtilSSE.dll                               0x7FF8AA590000
	ComprehensiveAttackRatePatch.dll                 0x7FF8AA6F0000
	CommunityShaders.dll                             0x7FF8AA8A0000
	FixNotesForSkyUI.dll                             0x7FF8AB820000
	DeviousDevices.dll                               0x7FF8ACA00000
	CCExtender.dll                                   0x7FF8ACCB0000
	EnemiesRespectEncounterZones.dll                 0x7FF8B37E0000
	ContainerItemDistributor.dll                     0x7FF8B3C80000
	encounter_zones_unlocked.dll                     0x7FF8B91F0000
	CombatMusicFixNG.dll                             0x7FF8E80E0000
	cbp.dll                                          0x7FF8E8240000
	CaptureWarmer.dll                                0x7FF8E8360000
	BugFixesSSE.dll                                  0x7FF8E8400000
	BetterThirdPersonSelection.dll                   0x7FF8E8490000
	AutoParallax.dll                                 0x7FF8E8700000
	AnimationMotionRevolution.dll                    0x7FF8E8790000
	Arcane-Disenchanter-NG.dll                       0x7FF8EC7D0000
	msdmo.dll                                        0x7FF8F2F10000
	ResampleDmo.DLL                                  0x7FF8F2F20000
	DSOUND.DLL                                       0x7FF8F2FE0000
	DynamicCollisionAdjustment.dll                   0x7FF90A590000
	AnimationQueueFix.dll                            0x7FF90A600000
	AddItemMenuSE.dll                                0x7FF90A670000
	ActorValueExtension.dll                          0x7FF90A770000
	nvspcap64.dll                                    0x7FF921E10000
	AHZmoreHUDPlugin.dll                             0x7FF925EC0000
	ActorLimitFix.dll                                0x7FF925F50000
	D3DCOMPILER_47.dll                               0x7FF925FF0000
	SKSEMenuFramework.dll                            0x7FF926450000
	EngineFixes.dll                                  0x7FF926650000
	tier0_s64.dll                                    0x7FF926760000
	vstdlib_s64.dll                                  0x7FF926900000
	skse64_1_6_1170.dll                              0x7FF926D20000
	WINHTTP.dll                                      0x7FF926E50000
	CONCRT140.dll                                    0x7FF92F760000
	BarterLimitFix.dll                               0x7FF939DF0000
	uiautomationcore.dll                             0x7FF93A870000
	threadpoolwinrt.dll                              0x7FF946170000
	xinput1_4.dll                                    0x7FF94B000000
	SkyrimUncapper.dll                               0x7FF94CAA0000
	inputhost.dll                                    0x7FF94FD30000
	VoltekLib.RelocationDatabase.dll                 0x7FF94FF40000
	Windows.UI.dll                                   0x7FF9545D0000
	EVLaS.dll                                        0x7FF9547E0000
	VoltekLib.Detours.dll                            0x7FF954810000
	bink2w64.dll                                     0x7FF954890000
	webio.dll                                        0x7FF956180000
	winmmbase.dll                                    0x7FF9564A0000
	MPR.dll                                          0x7FF956650000
	VCRUNTIME140_1.dll                               0x7FF9566D0000
	VCRUNTIME140.dll                                 0x7FF9566E0000
	MSVCP140.dll                                     0x7FF956700000
	nvwgf2umx.dll                                    0x7FF957930000
	OLEACC.dll                                       0x7FF95B540000
	gdiplus.dll                                      0x7FF95B900000
	MMDevApi.dll                                     0x7FF95BDE0000
	textinputframework.dll                           0x7FF95D960000
	AUDIOSES.DLL                                     0x7FF95DCB0000
	ncryptsslp.dll                                   0x7FF95F350000
	COMCTL32.dll                                     0x7FF960050000
	NvMessageBus.dll                                 0x7FF9604D0000
	nvgpucomp64.dll                                  0x7FF960830000
	nvldumdx.dll                                     0x7FF964A20000
	MSIMG32.dll                                      0x7FF964B30000
	WINMM.dll                                        0x7FF964F90000
	MSVCP140_ATOMIC_WAIT.dll                         0x7FF965E60000
	CoreUIComponents.dll                             0x7FF967100000
	avrt.dll                                         0x7FF967730000
	directxdatabasehelper.dll                        0x7FF967880000
	dbghelp.dll                                      0x7FF967950000
	drvstore.dll                                     0x7FF967E40000
	cryptnet.dll                                     0x7FF968760000
	VERSION.dll                                      0x7FF9687A0000
	rasadhlp.dll                                     0x7FF9687B0000
	diskCacheEnabler.dll                             0x7FF968830000
	d3d11.dll                                        0x7FF969680000
	VoltekLib.MemoryManager.dll                      0x7FF969EE0000
	VoltekLib.UnicodeConverter.dll                   0x7FF969F80000
	d3dx9_42.dll                                     0x7FF969FB0000
	DINPUT8.dll                                      0x7FF969FD0000
	dcomp.dll                                        0x7FF96A090000
	CoreMessaging.dll                                0x7FF96A840000
	SMP-NPC crash fix.dll                            0x7FF96ABA0000
	steam_api64.dll                                  0x7FF96ABB0000
	fwpuclnt.dll                                     0x7FF96AF60000
	WINHTTP.DLL                                      0x7FF96BA90000
	windowscodecs.dll                                0x7FF96CDD0000
	UxTheme.dll                                      0x7FF96CFC0000
	dxgi.dll                                         0x7FF96D130000
	dwmapi.dll                                       0x7FF96D240000
	WINNSI.DLL                                       0x7FF96D270000
	dxcore.dll                                       0x7FF96D2D0000
	resourcepolicyclient.dll                         0x7FF96D660000
	wintypes.dll                                     0x7FF96DA50000
	windows.storage.dll                              0x7FF96DB90000
	HID.DLL                                          0x7FF96E490000
	IPHLPAPI.DLL                                     0x7FF96E7A0000
	DNSAPI.dll                                       0x7FF96E7D0000
	UMPDC.dll                                        0x7FF96EAB0000
	powrprof.dll                                     0x7FF96EAD0000
	Secur32.dll                                      0x7FF96EB40000
	schannel.DLL                                     0x7FF96EBC0000
	rsaenh.dll                                       0x7FF96ECC0000
	kernel.appcore.dll                               0x7FF96ED60000
	ntmarta.dll                                      0x7FF96ED80000
	SSPICLI.DLL                                      0x7FF96EFC0000
	MSWSOCK.dll                                      0x7FF96F1C0000
	wldp.dll                                         0x7FF96F440000
	CRYPTBASE.DLL                                    0x7FF96F4F0000
	CRYPTSP.dll                                      0x7FF96F510000
	msasn1.dll                                       0x7FF96F560000
	NTASN1.dll                                       0x7FF96F5F0000
	ncrypt.dll                                       0x7FF96F630000
	devobj.dll                                       0x7FF96F950000
	CFGMGR32.dll                                     0x7FF96F980000
	DPAPI.DLL                                        0x7FF96F9D0000
	profapi.dll                                      0x7FF96FBB0000
	msvcp_win.dll                                    0x7FF96FC80000
	ucrtbase.dll                                     0x7FF96FD20000
	gdi32full.dll                                    0x7FF96FE40000
	bcrypt.dll                                       0x7FF96FF60000
	KERNELBASE.dll                                   0x7FF96FF90000
	win32u.dll                                       0x7FF970340000
	bcryptPrimitives.dll                             0x7FF970370000
	CRYPT32.dll                                      0x7FF9703F0000
	wintrust.dll                                     0x7FF970560000
	shcore.dll                                       0x7FF970690000
	OLEAUT32.dll                                     0x7FF970790000
	imagehlp.dll                                     0x7FF970870000
	COMDLG32.dll                                     0x7FF9708B0000
	GDI32.dll                                        0x7FF970A10000
	SHLWAPI.dll                                      0x7FF970AC0000
	SETUPAPI.dll                                     0x7FF970B20000
	IMM32.DLL                                        0x7FF970FA0000
	sechost.dll                                      0x7FF970FE0000
	KERNEL32.DLL                                     0x7FF971090000
	SHELL32.dll                                      0x7FF971160000
	combase.dll                                      0x7FF971A20000
	NSI.dll                                          0x7FF971DB0000
	PSAPI.DLL                                        0x7FF971E50000
	clbcatq.dll                                      0x7FF971E60000
	USER32.dll                                       0x7FF971F10000
	msvcrt.dll                                       0x7FF9720C0000
	ole32.dll                                        0x7FF972330000
	RPCRT4.dll                                       0x7FF9724E0000
	ADVAPI32.dll                                     0x7FF972610000
	WS2_32.dll                                       0x7FF9726D0000
	MSCTF.dll                                        0x7FF9727B0000
	ntdll.dll                                        0x7FF972950000

SKSE PLUGINS:
	ActorLimitFix.dll
	ActorValueExtension.dll v1.9.5.6
	AddItemMenuSE.dll
	AHZmoreHUDInventory.dll v2.1.3
	AHZmoreHUDPlugin.dll v5.2.2
	AnimationMotionRevolution.dll
	AnimationQueueFix.dll v1.0.1
	Arcane-Disenchanter-NG.dll v1.1
	AutoParallax.dll v1.0.7
	BarterLimitFix.dll
	BetterThirdPersonSelection.dll v1
	BugFixesSSE.dll
	CaptureWarmer.dll v1.2
	cbp.dll
	CCExtender.dll v1.12.0.1
	CombatMusicFixNG.dll v1.1
	CommunityShaders.dll v0.8.7
	ComprehensiveAttackRatePatch.dll v1.1.2.8
	ConsoleUtilSSE.dll v1.5.1
	ContainerDistributionFramework.dll v1.6
	ContainerItemDistributor.dll v1.2
	CraftingCategories.dll v1.1.1
	CrashLogger.dll v1.14.1
	DescriptionFramework.dll v2.1.1
	DeviousDevices.dll v0.0.0.1
	diskCacheEnabler.dll
	DynamicCollisionAdjustment.dll v1.1
	DynDOLOD.DLL v3.0.30.1130
	encounter_zones_unlocked.dll
	EnemiesRespectEncounterZones.dll v1.4.2
	EngineFixes.dll v6.1.1
	EVLaS.dll v1.3.1
	FaceGenFixes.dll v1.0.3
	FISS.dll
	FixNotesForSkyUI.dll v1.2.6
	FormListManipulator.dll v1.7
	Fuz Ro D'oh.dll v2.5.8.123
	HDLocalMap.dll v1.0.2
	hdtSMP64.dll
	HelpExtender.dll v1.3.0.1
	htfq_se.dll v2
	ImWalkinHere.dll v1.7
	InventoryInjector.dll v1.1
	ItemPropertyManipulator.dll v0.5.1
	IWantWidgetsNative.dll
	JContainers64.dll v4.2.9
	k101PapyrusFunctions.dll v1
	KillCapsLockNG.dll v1
	KreatE.dll v1.2.2
	kxWhereAreYou.dll
	LocationalEncounterZones.dll v1.0.2
	loki_DynamicAnimationCasting.dll v3.2.3
	MaxsuCombatEscape.dll v1
	MCMHelper.dll v1.5
	MenuMaid2.dll v2.2.2
	mfgfix.dll v0.1
	MoreInformativeConsole.dll v1.1
	MuJointFix.dll v2.0.17
	MumsTheWord.dll v2.1
	MuSkeletonEditor.dll v0.6
	NakedDeadNPCFix.dll v1.0.8
	NativeEditorIDFix.dll v1.2.2
	NGIO-NG.dll v1.0.16.1
	NoEnchantmentRestrictionRemake.dll v3.0.1
	NoOppositeGenderAnims.dll v1.1
	NotificationFilter.dll v1.2.1
	OBody.dll v1
	OpenAnimationReplacer-DetectionPlugin.dll v2.1.1
	OpenAnimationReplacer-IEDConditionExtensions.dll v1.0.2
	OpenAnimationReplacer.dll v2.3.5
	OSLAroused.dll v2.5
	PairedAnimationImprovements.dll v1.0.2
	PAPER.dll v2.2.4
	PapyrusIniManipulator.dll v1.9.6
	PapyrusTweaks.dll v4.1
	PapyrusUtil.dll
	PassiveWeaponEnchantmentRecharging.dll v1
	PayloadInterpreter.dll v1
	PerkEntryPointExtender.dll v1
	PlayerPayCrimeGoldTweak.dll v1.0.6
	po3_AnimObjectSwapper.dll v1.1.0.1
	po3_BaseObjectSwapper.dll v3.1.1.1
	po3_ConsolePlusPlus.dll v1.4.1.1
	po3_CraftingRecipeDistributor.dll v2.1.0.1
	po3_DialogueHistory.dll v1.1.2.1
	po3_DualCastingFix.dll v1.0.0.1
	po3_ENBLightForEffectShaders.dll v2.1.0.1
	po3_EnhancedInvisibility.dll v1.3.0.1
	po3_KeywordItemDistributor.dll v3.4.0.1
	po3_MagicSneakAttacks.dll v1.3.0.1
	po3_MoonMod.dll v2.0.2.1
	po3_PapyrusExtender.dll v5.6.2.1
	po3_ReadOrTakeBooks.dll v1.4.0.1
	po3_SaveUnbaker.dll v1.0.3.1
	po3_SimpleActivateSKSE.dll v1.4.1.1
	po3_SimpleOffenceSuppression.dll v2.2.1.1
	po3_SpellPerkItemDistributor.dll v7.1.3.1
	po3_Tweaks.dll v1.10.1.1
	po3_UseOrTake.dll v1.2.0.1
	QuickLootEE.dll v1.2
	RecursionFPSFix.dll v1.1
	RemoveAllItemsFix.dll v1.1
	ScrambledBugs.dll
	SexLabUtil.dll
	ShadowBoost.dll
	skee64.dll
	SkillOfSneaking.dll v1.1.1
	SKSEMenuFramework.dll v2
	SkyPatcher.dll v1.0.0.1
	SkyReflectionFix.dll v1.0.1
	SkyrimUncapper.dll
	SMP-NPC crash fix.dll
	SoftShadows.dll v2
	SoundRecordDistributor.dll v1.5
	SpellLevelAutomaticAdjustedDescription.dll v0.7.5
	SSEDisplayTweaks.dll v0.5.16
	SureOfStealing.dll v1.1.4
	TrueDirectionalMovement.dll v2.2.5
	TrueHUD.dll v1.1.9
	UnlimitedFastTravel.dll v1.4.1
	Weightless.dll v1
	WhichKey-NG.dll v1.1
	YesImSure.dll v1.7

PLUGINS:
	Light: 170	Regular: 155	Total: 325
	[ 0]     Skyrim.esm
	[ 1]     Update.esm
	[ 2]     Dawnguard.esm
	[ 3]     HearthFires.esm
	[ 4]     Dragonborn.esm
	[ 5]     ccasvsse001-almsivi.esm
	[ 6]     ccBGSSSE001-Fish.esm
	[ 7]     cctwbsse001-puzzledungeon.esm
	[ 8]     cceejsse001-hstead.esm
	[ 9]     ccbgssse016-umbra.esm
	[ A]     ccbgssse031-advcyrus.esm
	[ B]     ccbgssse067-daedinv.esm
	[ C]     ccBGSSSE025-AdvDSGS.esm
	[ D]     cceejsse005-cave.esm
	[ E]     ccafdsse001-dwesanctuary.esm
	[ F]     Unofficial Skyrim Special Edition Patch.esp
	[10]     Unofficial Skyrim Modders Patch.esp
	[11]     Immersive Wenches.esp
	[12]     Skyrim Extended Cut - Saints and Seducers.esp
	[13]     YurianaWench.esp
	[14]     Water for ENB.esm
	[15]     SGEyebrows.esp
	[16]     myrwatchhomefixer.esp
	[17]     ZaZAnimationPack.esm
	[18]     AyleidCitadel.esp
	[19]     paradise_halls.esm
	[1A]     SexLab.esm
	[1B]     Devious Devices - Assets.esm
	[1C]     SexLabAroused.esm
	[1D]     Devious Devices - Integration.esm
	[1E]     Devious Devices - Expansion.esm
	[1F]     Devious Devices - Contraptions.esm
	[20]     ArmorFrameWork.esm
	[21]     SOSVoices.esm
	[22]     Lux Via.esp
	[23]     wraithguardvaultfixer.esp
	[24]     FISS.esp
	[25]     High Poly Head.esm
	[26]     ApachiiHair.esm
	[27]     Heels Sound.esm
	[28]     Audio Overhaul Skyrim.esp
	[29]     Immersive Sounds - Compendium.esp
	[2A]     Obsidian Weathers.esp
	[2B]     TrueStormsSE.esp
	[2C]     SMIM-SE-Merged-All.esp
	[2D]     DLCIntegration.esp
	[2E]     UIExtensions.esp
	[2F]     AddItemMenuSE.esp
	[30]     Weapons Armor Clothing & Clutter Fixes.esp
	[31]     Relationship Dialogue Overhaul.esp
	[32]     Castle Volkihar Rebuilt.esp
	[33]     CollegeOfWinterholdImmersive.esp
	[34]     OCW_Obscure's_CollegeofWinterhold.esp
	[35]     Landscape Fixes For Grass Mods.esp
	[36]     paradise_halls_SLExtension.esp
	[37]     MysticismMagic.esp
	[38]     HappyLittleTrees.esp
	[39]     Bandit War.esp
	[3A]     SeranaDialogAddon.esp
	[3B]     WACCF_Armor and Clothing Extension.esp
	[3C]     Mists of Tamriel.esp
	[3D]     HearthfireMultiKid.esp
	[3E]     Embers XD.esp
	[3F]     FilthyHeritage.esp
	[40]     Better Vampire NPCs.esp
	[41]     Wheres Your Smelter.esp
	[42]     CFTO.esp
	[43]     Lit Road Signs.esp
	[44]     FloatingSwordFollower.esp
	[45]     Lonewolf's Manor.esp
	[46]     DragonsKeep.esp
	[47]     PAH_HomeSweetHome.esp
	[48]     PAH_AndYouGetASlave.esp
	[49]     SkystoneCastle.esp
	[4A]     KnightsRest.esp
	[4B]     Stormwatch.esp
	[4C]     ShadeHall.esp
	[4D]     AyleidSanctuary.esp
	[4E]     The Amazing World of Bikini Armors REMASTERED.esp
	[4F]     SkyfallEstateRevampedMain.esp
	[50]     k101Daegon.esp
	[51]     MorthalHome.esp
	[52]     Sapphire Castle.esp
	[53]     Monolith.esp
	[54]     Lonewolf's Manor Addon.esp
	[55]     ThaneFailSafe.esp
	[56]     paradise_halls_fellglow_slave_camp.esp
	[57]     WhiterunSafehold.esp
	[58]     DiaryOfMine.esp
	[59]     Summermyst - Enchantments of Skyrim.esp
	[5A]     Adamant.esp
	[5B]     TES Arena Bikini.esp
	[5C]     My Home Is Your Home.esp
	[5D]     pahe_lakeview_manor_cell.esp
	[5E]     Apocalypse - Magic of Skyrim.esp
	[5F]     Emfy Cleric Robes.esp
	[60]     ENB Light.esp
	[61]     Cathedral - 3D Pine Grass.esp
	[62]     DoMHSH.esp
	[63]     Pahe_Dwarven_Devious_suits.esp
	[64]     TINUHighPolyOverhaul.esp
	[65]     DGPlayerIsVampire.esp
	[66]     Teach Followers Spells.esp
	[67]     ShowRaceMenuAlternative.esp
	[68]     Resurrect.esp
	[69]     Quest Conflict Fixes.esp
	[6A]     Mining For Mages Redux.esp
	[6B]     AllEnchantmentsUnlocked.esp
	[6C]     Crimson Blood Armor.esp
	[6D]     FixVampireLord - Revert Form.esp
	[6E]     Dress Up Lovers.esp
	[6F]     Faction Crossbows.esp
	[70]     NewmCBBELO1.esp
	[71]     Fashions of the Banditry.esp
	[72]     Daily-Wear.esp
	[73]     BDE_Armor.esp
	[74]     Spartan Bard Outfit.esp
	[75]     DX Witcher Armor.esp
	[76]     DX Witch Hunter Armor.esp
	[77]     WildHuntress.esp
	[78]     Tembtra Thief Armor.esp
	[79]     Stella Mithril Armor.esp
	[7A]     Sotteta Necromancer Outfit.esp
	[7B]     DX Morenn Outfit.esp
	[7C]     Merta Black Rose Armor.esp
	[7D]     Merta Assassin Armor.esp
	[7E]     Gwelda Witch.esp
	[7F]     Gwelda Vampire.esp
	[80]     Gwelda Dawnguard Armor.esp
	[81]     Demon Armor.esp
	[82]     DX Daughter of the Sea.esp
	[83]     Daedric Reaper Armor.esp
	[84]     DX Christmas Bunny Outfit.esp
	[85]     Celes Tarot Outfit Light UNP.esp
	[86]     Celes Rogue Armor UNP.esp
	[87]     Celes Nightingale Armor.esp
	[88]     Cassandra Apocrypha UNP.esp
	[89]     AncientDraugr.esp
	[8A]     Cassandra Frost Witch.esp
	[8B]     DX Druid Armor.esp
	[8C]     KS Hairdo's.esp
	[8D]     AHZmoreHUD.esp
	[8E]     XPMSE.esp
	[8F]     SLAL_AnimationsByLeito.esp
	[90]     SLAnimLoader.esp
	[91]     SLALAnimObjBillyy.esp
	[92]     Better Vampires.esp
	[93]     Better Vampire Lords.esp
	[94]     Alternate Start - Live Another Life.esp
	[95]     Pahe_AltStartLAL.esp
	[96]     nwsFollowerFramework.esp
	[97]     Water for ENB (Shades of Skyrim).esp
	[98]     Lux.esp
	[99]     Summermyst - WACCF Patch.esp
	[9A]     Buxom Tweaks.esp
	[FE:  0] ccbgssse002-exoticarrows.esl
	[FE:  1] ccbgssse003-zombies.esl
	[FE:  2] ccbgssse004-ruinsedge.esl
	[FE:  3] ccbgssse005-goldbrand.esl
	[FE:  4] ccbgssse006-stendarshammer.esl
	[FE:  5] ccbgssse007-chrysamere.esl
	[FE:  6] ccbgssse010-petdwarvenarmoredmudcrab.esl
	[FE:  7] ccbgssse011-hrsarmrelvn.esl
	[FE:  8] ccbgssse012-hrsarmrstl.esl
	[FE:  9] ccbgssse014-spellpack01.esl
	[FE:  A] ccbgssse019-staffofsheogorath.esl
	[FE:  B] ccbgssse020-graycowl.esl
	[FE:  C] ccbgssse021-lordsmail.esl
	[FE:  D] ccmtysse001-knightsofthenine.esl
	[FE:  E] ccQDRSSE001-SurvivalMode.esl
	[FE:  F] ccqdrsse002-firewood.esl
	[FE: 10] ccbgssse018-shadowrend.esl
	[FE: 11] ccbgssse035-petnhound.esl
	[FE: 12] ccfsvsse001-backpacks.esl
	[FE: 13] cceejsse002-tower.esl
	[FE: 14] ccedhsse001-norjewel.esl
	[FE: 15] ccvsvsse002-pets.esl
	[FE: 16] ccBGSSSE037-Curios.esl
	[FE: 17] ccbgssse034-mntuni.esl
	[FE: 18] ccbgssse045-hasedoki.esl
	[FE: 19] ccbgssse008-wraithguard.esl
	[FE: 1A] ccbgssse036-petbwolf.esl
	[FE: 1B] ccffbsse001-imperialdragon.esl
	[FE: 1C] ccmtysse002-ve.esl
	[FE: 1D] ccbgssse043-crosselv.esl
	[FE: 1E] ccvsvsse001-winter.esl
	[FE: 1F] cceejsse003-hollow.esl
	[FE: 20] ccbgssse038-bowofshadows.esl
	[FE: 21] ccbgssse040-advobgobs.esl
	[FE: 22] ccbgssse050-ba_daedric.esl
	[FE: 23] ccbgssse052-ba_iron.esl
	[FE: 24] ccbgssse054-ba_orcish.esl
	[FE: 25] ccbgssse058-ba_steel.esl
	[FE: 26] ccbgssse059-ba_dragonplate.esl
	[FE: 27] ccbgssse061-ba_dwarven.esl
	[FE: 28] ccpewsse002-armsofchaos.esl
	[FE: 29] ccbgssse041-netchleather.esl
	[FE: 2A] ccedhsse002-splkntset.esl
	[FE: 2B] ccbgssse064-ba_elven.esl
	[FE: 2C] ccbgssse063-ba_ebony.esl
	[FE: 2D] ccbgssse062-ba_dwarvenmail.esl
	[FE: 2E] ccbgssse060-ba_dragonscale.esl
	[FE: 2F] ccbgssse056-ba_silver.esl
	[FE: 30] ccbgssse055-ba_orcishscaled.esl
	[FE: 31] ccbgssse053-ba_leather.esl
	[FE: 32] ccbgssse051-ba_daedricmail.esl
	[FE: 33] ccbgssse057-ba_stalhrim.esl
	[FE: 34] ccbgssse066-staves.esl
	[FE: 35] ccbgssse068-bloodfall.esl
	[FE: 36] ccbgssse069-contest.esl
	[FE: 37] ccvsvsse003-necroarts.esl
	[FE: 38] ccvsvsse004-beafarmer.esl
	[FE: 39] ccffbsse002-crossbowpack.esl
	[FE: 3A] ccbgssse013-dawnfang.esl
	[FE: 3B] ccrmssse001-necrohouse.esl
	[FE: 3C] ccedhsse003-redguard.esl
	[FE: 3D] cceejsse004-hall.esl
	[FE: 3E] cckrtsse001_altar.esl
	[FE: 3F] cccbhsse001-gaunt.esl
	[FE: 40] _ResourcePack.esl
	[FE: 41] unofficial skyrim creation club content patch.esl
	[FE: 42] Landscape and Water Fixes.esp
	[FE: 43] IcyFixesLite.esl
	[FE: 44] Lux - Master plugin.esm
	[FE: 45] IceLOD.esl
	[FE: 46] Partitioned snow Meshes.esl
	[FE: 47] ProjectedGlacierSnow.esl
	[FE: 48] WindhelmIcicles.esl
	[FE: 49] Lux Orbis - Master plugin.esm
	[FE: 4A] Cathedral - 3D Mountain Flowers.esp
	[FE: 4B] Pahe_Dragonborn_fixes.esl
	[FE: 4C] paradise_halls_farengars_study.esl
	[FE: 4D] Darenis Spells - Merchants.esp
	[FE: 4E] BlockAnimationStuckFix.esl
	[FE: 4F] Shino Maid Pack.esl
	[FE: 50] AHZmoreHUDInventory.esl
	[FE: 51] OCF.esp
	[FE: 52] Tamrielic Distribution.esp
	[FE: 53] Lux - Resources.esp
	[FE: 54] Arcane Disenchanter - Text Replacement.esl
	[FE: 55] SkyUI Weapons Pack Keywords.esl
	[FE: 56] kcf.esm
	[FE: 57] iWant Widgets.esl
	[FE: 58] DynamicCollisionAdjustment.esl
	[FE: 59] Expressive Facegen Morphs.esl
	[FE: 5A] TrueHUD.esl
	[FE: 5B] ATU 2x.esp
	[FE: 5C] ATU 2x0.esp
	[FE: 5D] ATU 2x1.esp
	[FE: 5E] ATU 2x2.esp
	[FE: 5F] ATU 2x3.esp
	[FE: 60] ATU 2x4.esp
	[FE: 61] FNIS.esp
	[FE: 62] Particle Patch for ENB.esp
	[FE: 63] SkyUI_SE.esp
	[FE: 64] AOS_ISC_Integration.esp
	[FE: 65] [NINI] Blacksmith.esp
	[FE: 66] Buxom Wench Outfits.esp
	[FE: 67] Lux Orbis.esp
	[FE: 68] UltimateCollege.esp
	[FE: 69] RDO Updated.esp
	[FE: 6A] Navigator-NavFixes.esp
	[FE: 6B] Lux Via - plugin.esp
	[FE: 6C] Landscape and Water Fixes - Patch - LFfGM.esp
	[FE: 6D] Bandit War - Expanded Enemy Coverage.esp
	[FE: 6E] Lux Orbis - OCW patch.esp
	[FE: 6F] Favor Quests Seperated.esp
	[FE: 70] BetterQuestObjectives.esp
	[FE: 71] Misc Dialogue Edits.esp
	[FE: 72] Narrative Gameplay Consistent Dialogue Tweaks.esp
	[FE: 73] Windhelm Bridge Revived.esp
	[FE: 74] Tamrielic Distribution - Dead Man's Dread.esp
	[FE: 75] Kachunk - Crossbow Distribution.esp
	[FE: 76] CrossbowIntegration.esp
	[FE: 77] Lux Orbis - Windhelm Bridge Revived patch.esp
	[FE: 78] CS_Visions.esp
	[FE: 79] CS_Visions_N1.esp
	[FE: 7A] TKAA.esp
	[FE: 7B] Tamrielic Distribution - Vigil Enforcer Armor.esp
	[FE: 7C] Tamrielic Distribution - Crossbow Collection.esp
	[FE: 7D] Grass Patch - All CC Mods.esp
	[FE: 7E] TKAA Wild Child.esp
	[FE: 7F] Honorhall Fixes and Expansion.esp
	[FE: 80] BookOfPerkPoints.esp
	[FE: 81] Landscape and Water Fixes - Patch - Tundra Homested.esp
	[FE: 82] Regional Sounds Expansion.esp
	[FE: 83] Reverb Interior Sounds Expansion.esp
	[FE: 84] AcousticTemplateFixes.esp
	[FE: 85] Landscape and Water Fixes - Patch - Farming.esp
	[FE: 86] ECSS - Staff of Sheogorath Patch.esp
	[FE: 87] ECSS - Shadowrend Patch.esp
	[FE: 88] PaarthurnaxQuestExpansion.esp
	[FE: 89] Lux Orbis - Saints and Seducers Extended Cut patch.esp
	[FE: 8A] Lux Orbis - CC Fish patch.esp
	[FE: 8B] Lux Orbis - Tundra Homestead patch.esp
	[FE: 8C] Lux Orbis - USSEP patch.esp
	[FE: 8D] Lux Orbis - UCOW patch.esp
	[FE: 8E] Lux Orbis - Farming CC patch.esp
	[FE: 8F] Lux Orbis - Embers XD patch.esp
	[FE: 90] CFTO-Lanterns.esp
	[FE: 91] Lux Via - CFTO patch.esp
	[FE: 92] Abyss.esp
	[FE: 93] CFTO-CoveredCarriages.esp
	[FE: 94] Lux Orbis - Arms of Chaos CC.esp
	[FE: 95] Lux Orbis - USMP Patch.esp
	[FE: 96] Lux Orbis - Immersive College patch.esp
	[FE: 97] UltimateCollege_CCWildHorses_Patch.esp
	[FE: 98] Landscape and Water Fixes - Patch - Alternative Armors - Elven Hunter.esp
	[FE: 99] Lux Orbis - Bow of Shadow CC.esp
	[FE: 9A] Lux Orbis - Lord's Mail CC.esp
	[FE: 9B] Lux Orbis - Saturalia CC.esp
	[FE: 9C] Lux Orbis - Spell Knight Armor CC.esp
	[FE: 9D] FilthyHeritage - DOM Addon.esp
	[FE: 9E] SightlessNavFix.esp
	[FE: 9F] [Sahurows] Casca Armor.esp
	[FE: A0] CS_Fiarrah.esp
	[FE: A1] Landscape and Water Fixes - Patch - Hendraheim.esp
	[FE: A2] Wandering Summoner Outfit.esp
	[FE: A3] Lux Via - CC Farming Patch.esp
	[FE: A4] Lux Orbis - Goblins CC.esp
	[FE: A5] I4WeaponIconsOverhaul.esp
	[FE: A6] I4ArmorIconsOverhaul.esp
	[FE: A7] Lorica Redone.esp
	[FE: A8] BnP - Skinfix.esp
	[FE: A9] nchardak waterfall fix.esp
