Skyrim SSE v1.6.1170
CrashLoggerSSE v1-12-1-0 Dec 22 2023 02:20:56

Unhandled exception "EXCEPTION_ACCESS_VIOLATION" at 0x7FF6664DC716 SkyrimSE.exe+11BC716	mov rdi, [rbx]

SYSTEM SPECS:
	OS: Microsoft Windows 11 Pro v10.0.22631
	CPU: AuthenticAMD AMD Ryzen 7 7800X3D 8-Core Processor           
	GPU #1: Nvidia AD104 [GeForce RTX 4070]
	GPU #2: AMD Raphael
	GPU #3: Microsoft Basic Render Driver
	PHYSICAL MEMORY: 29.55 GB/63.15 GB
	GPU MEMORY: 6.86/10.98 GB

PROBABLE CALL STACK:
	[ 0] 0x7FF6664DC716 SkyrimSE.exe+11BC716 -> 90987+0xC6	mov rdi, [rbx]
	[ 1] 0x7FF66652ABCA SkyrimSE.exe+120ABCA -> 92466+0x8A	test al, al
	[ 2] 0x7FF6664D7F83 SkyrimSE.exe+11B7F83 -> 90875+0xF3	mov rax, [rbp-0x20]
	[ 3] 0x7FF6664D7DA1 SkyrimSE.exe+11B7DA1 -> 90873+0x141	nop
	[ 4] 0x7FF666516966 SkyrimSE.exe+11F6966 -> 91877+0x166	inc esi
	[ 5] 0x7FF665989BC4 SkyrimSE.exe+0669BC4 -> 37356+0x2F4	lea rcx, [rsp+0x50]
	[ 6] 0x7FF665989110 SkyrimSE.exe+0669110 -> 37350+0x100	mov rax, [rsi]
	[ 7] 0x7FF666017888 SkyrimSE.exe+0CF7888 -> 69378+0xD8	mov ecx, [rbx+0x0C]
	[ 8] 0x7FF666017E51 SkyrimSE.exe+0CF7E51 -> 69380+0x361	mov r15d, eax
	[ 9] 0x7FF666017745 SkyrimSE.exe+0CF7745 -> 69377+0x95	jmp 0x00007FF666017710
	[10] 0x7FF6659F265C SkyrimSE.exe+06D265C -> 39053+0x5C	mov rcx, rbx
	[11] 0x7FF666017888 SkyrimSE.exe+0CF7888 -> 69378+0xD8	mov ecx, [rbx+0x0C]
	[12] 0x7FF666017E51 SkyrimSE.exe+0CF7E51 -> 69380+0x361	mov r15d, eax
	[13] 0x7FF6660161DA SkyrimSE.exe+0CF61DA -> 69344+0x8A	movzx eax, byte ptr [rbx+0xA74]
	[14] 0x7FF665FF0DBD SkyrimSE.exe+0CD0DBD -> 68445+0x3D	mov rcx, [0x00007FF6684EC318]
	[15] 0x7FFAFC4E257D KERNEL32.DLL+001257D
	[16] 0x7FFAFD42AA48    ntdll.dll+005AA48

REGISTERS:
	RAX 0x21734144420      (void*)
	RCX 0x21734144400      (void*)
	RDX 0x21734144080      (void*)
	RBX 0x0                (size_t) [0]
	RSP 0x75537FF2A0       (void*)
	RBP 0x75537FF379       (void*)
	RSI 0x21512433340      (void*)
	RDI 0x7FF666B83118     (void* -> SkyrimSE.exe+1863118	nop)
	R8  0x38               (size_t) [56]
	R9  0x2A6F2B           (size_t) [2780971]
	R10 0x956861C2         (size_t) [2506645954]
	R11 0x75537FF260       (void*)
	R12 0x75537FF408       (void*)
	R13 0x1                (size_t) [1]
	R14 0xFFFFFFFF         (size_t) [4294967295]
	R15 0x10               (size_t) [16]

STACK:
	[RSP+0  ] 0x21369ED98C0      (PathingCell*)
	[RSP+8  ] 0x7FF666B83118     (void* -> SkyrimSE.exe+1863118	nop)
	[RSP+10 ] 0xFFFFFFFF         (size_t) [4294967295]
	[RSP+18 ] 0x21512433340      (void*)
	[RSP+20 ] 0x75537FF2D0       (void*)
	[RSP+28 ] 0x2135F6DA440      (MovementPathManagerAgentAvoidBox*)
	[RSP+30 ] 0xC5A1599C456124CC (size_t) [uint: 14240762024435983564 int: -4205982049273568052]
	[RSP+38 ] 0x215C4FF8C56      (void*)
	[RSP+40 ] 0x21786B736A0      (PathingCell*)
	[RSP+48 ] 0x38               (size_t) [56]
	[RSP+50 ] 0xFFFFFFFFFFFFFFFE (size_t) [uint: 18446744073709551614 int: -2]
	[RSP+58 ] 0xC5A1599C456124CC (size_t) [uint: 14240762024435983564 int: -4205982049273568052]
	[RSP+60 ] 0x213C4FF8C56      (void*)
	[RSP+68 ] 0x2135B2293F0      (void*)
	[RSP+70 ] 0x0                (size_t) [0]
	[RSP+78 ] 0x21786B736A0      (PathingCell*)
	[RSP+80 ] 0x1FFFF            (size_t) [131071]
	[RSP+88 ] 0xC5A1599C456124CC (size_t) [uint: 14240762024435983564 int: -4205982049273568052]
	[RSP+90 ] 0xC5453F9DC4FF8C56 (size_t) [uint: 14214837745712335958 int: -4231906327997215658]
	[RSP+98 ] 0x2135B2293F0      (void*)
	[RSP+A0 ] 0x0                (size_t) [0]
	[RSP+A8 ] 0x21786B736A0      (PathingCell*)
	[RSP+B0 ] 0x2130001FFFF      (char*) "ere, and I'll take care of it."
	[RSP+B8 ] 0x75C4FF8C56       (size_t) [505816255574]
	[RSP+C0 ] 0x0                (size_t) [0]
	[RSP+C8 ] 0x0                (size_t) [0]
	[RSP+D0 ] 0x3CF72017         (size_t) [1022828567]
	[RSP+D8 ] 0x0                (size_t) [0]
	[RSP+E0 ] 0x3CF72017         (size_t) [1022828567]
	[RSP+E8 ] 0x0                (size_t) [0]
	[RSP+F0 ] 0xFFFFFFFFFFFFFFFE (size_t) [uint: 18446744073709551614 int: -2]
	[RSP+F8 ] 0x5                (size_t) [5]
	[RSP+100] 0x75537FF428       (void*)
	[RSP+108] 0x0                (size_t) [0]
	[RSP+110] 0x75537FF5A0       (void*)
	[RSP+118] 0x214B04B0B40      (void*)
	[RSP+120] 0x214503EEC98      (MovementPathManagerAgentLoadedAreaMonitor*)
	[RSP+128] 0x140              (size_t) [320]
	[RSP+130] 0x0                (size_t) [0]
	[RSP+138] 0x7FF66652ABCA     (void* -> SkyrimSE.exe+120ABCA	test al, al)
	[RSP+140] 0xC5A151F600000000 (size_t) [uint: 14240753613726023680 int: -4205990459983527936]
	[RSP+148] 0x75537FF408       (void*)
	[RSP+150] 0x75537FF438       (void*)
	[RSP+158] 0x75537FF4B0       (void*)
	[RSP+160] 0xFFFFFFFFFFFFFFFE (size_t) [uint: 18446744073709551614 int: -2]
	[RSP+168] 0xC5A1599C456124CC (size_t) [uint: 14240762024435983564 int: -4205982049273568052]
	[RSP+170] 0xC4FF8C56         (size_t) [3305081942]
	[RSP+178] 0x2135B2293F0      (void*)
	[RSP+180] 0x0                (size_t) [0]
	[RSP+188] 0x21786B736A0      (PathingCell*)
	[RSP+190] 0x1DD              (size_t) [477]
	[RSP+198] 0x7F7FFFFF7F7FFFFF (size_t) [9187343237679939583]
	[RSP+1A0] 0x2147F7FFFFF      (void*)
	[RSP+1A8] 0x0                (size_t) [0]
	[RSP+1B0] 0x0                (size_t) [0]
	[RSP+1B8] 0x0                (size_t) [0]
	[RSP+1C0] 0x2130000FFFF      (char*) "'ll embrace once again."
	[RSP+1C8] 0x2135F6DA4D0      (void*)
	[RSP+1D0] 0x0                (size_t) [0]
	[RSP+1D8] 0x214503EEC98      (MovementPathManagerAgentLoadedAreaMonitor*)
	[RSP+1E0] 0x21387112400      (MovementPathManagerArbiter*)
	[RSP+1E8] 0x75537FF500       (void*)
	[RSP+1F0] 0x140              (size_t) [320]
	[RSP+1F8] 0x7FF6664D7F83     (void* -> SkyrimSE.exe+11B7F83	mov rax, [rbp-0x20])
	[RSP+200] 0x100              (size_t) [256]
	[RSP+208] 0x75537FF500       (void*)
	[RSP+210] 0x2137F7FFFFF      (void*)
	[RSP+218] 0x21387112400      (MovementPathManagerArbiter*)
	[RSP+220] 0xFFFFFFFFFFFFFFFE (size_t) [uint: 18446744073709551614 int: -2]
	[RSP+228] 0x7FF666A88160     (void* -> SkyrimSE.exe+1768160	sbb bh, cl)
	[RSP+230] 0x75537FF4D8       (void*)
	[RSP+238] 0x211F2CBB8F0      (ScrapHeap*)
	[RSP+240] 0x214B04B0A00      (void*)
	[RSP+248] 0x7FF600000006     (size_t) [140694538682374]
	[RSP+250] 0x21500000006      (void*)
	[RSP+258] 0x7FF6664F654F     (void* -> SkyrimSE.exe+11D654F	cmp [rbx+0x28], eax)
	[RSP+260] 0xFFFFFFFF         (size_t) [4294967295]
	[RSP+268] 0x75537FF720       (void*)
	[RSP+270] 0x0                (size_t) [0]
	[RSP+278] 0x768              (size_t) [1896]
	[RSP+280] 0x75537FF5A0       (void*)
	[RSP+288] 0x7FF6664D7DA1     (void* -> SkyrimSE.exe+11B7DA1	nop)
	[RSP+290] 0x21300000000      (char*) "hief."
	[RSP+298] 0x21387112468      (void*)
	[RSP+2A0] 0x215FA1B0EA8      (MovementAgentPathFollowerStandard*)
	[RSP+2A8] 0x21387112400      (MovementPathManagerArbiter*)
	[RSP+2B0] 0xFFFFFFFFFFFFFFFE (size_t) [uint: 18446744073709551614 int: -2]
	[RSP+2B8] 0x1                (size_t) [1]
	[RSP+2C0] 0x21512433340      (void*)
	[RSP+2C8] 0xC4BF63B5         (size_t) [3300877237]
	[RSP+2D0] 0x2137C311E00      (MovementControllerNPC*)
	[RSP+2D8] 0x7FF666516966     (void* -> SkyrimSE.exe+11F6966	inc esi)
	[RSP+2E0] 0x21387112468      (void*)
	[RSP+2E8] 0x2                (size_t) [2]
	[RSP+2F0] 0x75537FF680       (void*)
	[RSP+2F8] 0x0                (size_t) [0]
	[RSP+300] 0x3CF72017         (size_t) [1022828567]
	[RSP+308] 0x403A8F803CF72017 (size_t) [4628169348018020375]
	[RSP+310] 0x0                (size_t) [0]
	[RSP+318] 0x0                (size_t) [0]
	[RSP+320] 0x0                (size_t) [0]
	[RSP+328] 0x7FF600000000     (size_t) [140694538682368]
	[RSP+330] 0x0                (size_t) [0]
	[RSP+338] 0x0                (size_t) [0]
	[RSP+340] 0x21300000000      (char*) "hief."
	[RSP+348] 0xBC57EC6600000000 (size_t) [uint: 13571575924935098368 int: -4875168148774453248]
	[RSP+350] 0x0                (size_t) [0]
	[RSP+358] 0x0                (size_t) [0]
	[RSP+360] 0x0                (size_t) [0]
	[RSP+368] 0x20000000000      (size_t) [2199023255552]
	[RSP+370] 0x0                (size_t) [0]
	[RSP+378] 0x3CF720175B1D6800 (size_t) [4393015246208198656]
	[RSP+380] 0x0                (size_t) [0]
	[RSP+388] 0x0                (size_t) [0]
	[RSP+390] 0x0                (size_t) [0]
	[RSP+398] 0x0                (size_t) [0]
	[RSP+3A0] 0x0                (size_t) [0]
	[RSP+3A8] 0x0                (size_t) [0]
	[RSP+3B0] 0x3CF7201700000000 (size_t) [4393015244679544832]
	[RSP+3B8] 0x0                (size_t) [0]
	[RSP+3C0] 0x0                (size_t) [0]
	[RSP+3C8] 0x0                (size_t) [0]
	[RSP+3D0] 0x0                (size_t) [0]
	[RSP+3D8] 0x214B91A2B90      (void*)
	[RSP+3E0] 0xFFFFFFFFFFFFFFFE (size_t) [uint: 18446744073709551614 int: -2]
	[RSP+3E8] 0x7FF6655A02C3     (void* -> SkyrimSE.exe+02802C3	nop)
	[RSP+3F0] 0x0                (size_t) [0]
	[RSP+3F8] 0x0                (size_t) [0]
	[RSP+400] 0x211F2CBB220      (void*)
	[RSP+408] 0x2135B1D6800      (Character*)
		File: "YurianaWench.esp"
		Flags: 0x00020409 
		Name: "Elaninde"
		FormID: 0x102B4836
		FormType: ActorCharacter (62)
		Object Reference: 
		File: "Buxom Tweaks.esp"
		Modified by: Immersive Wenches.esp -> Buxom Tweaks.esp
		Flags: 0x00040009 kDestructible | kInitialized
		Name: "Elaninde"
		EditorID: "IW_INN_Dawnstar_InnWindPeak_W_Elaninde_P"
		FormID: 0x1000C3AD
		FormType: NPC (43)
		File: "YurianaWench.esp"
		Flags: 0x00020409 kDestructible | kInitialized
		FormID: 0x102B4836
		FormType: ActorCharacter (62)
	[RSP+410] 0x2135B1D6800      (Character*)
		File: "YurianaWench.esp"
		Flags: 0x00020409 
		Name: "Elaninde"
		FormID: 0x102B4836
		FormType: ActorCharacter (62)
		Object Reference: 
		File: "Buxom Tweaks.esp"
		Modified by: Immersive Wenches.esp -> Buxom Tweaks.esp
		Flags: 0x00040009 kDestructible | kInitialized
		Name: "Elaninde"
		EditorID: "IW_INN_Dawnstar_InnWindPeak_W_Elaninde_P"
		FormID: 0x1000C3AD
		FormType: NPC (43)
		File: "YurianaWench.esp"
		Flags: 0x00020409 kDestructible | kInitialized
		FormID: 0x102B4836
		FormType: ActorCharacter (62)
	[RSP+418] 0x2                (size_t) [2]
	[RSP+420] 0x75537FF7D0       (void*)
	[RSP+428] 0x7FF665989BC4     (void* -> SkyrimSE.exe+0669BC4	lea rcx, [rsp+0x50])
	[RSP+430] 0x75537FF5B0       (void*)
	[RSP+438] 0x2                (size_t) [2]
	[RSP+440] 0xFFFFFFFF         (size_t) [4294967295]
	[RSP+448] 0x7FF9BD2144D8     (size_t) [140710596658392]
	[RSP+450] 0x0                (size_t) [0]
	[RSP+458] 0x21300000000      (char*) "hief."
	[RSP+460] 0x0                (size_t) [0]
	[RSP+468] 0x21100000000      (size_t) [2272037699584]
	[RSP+470] 0x0                (size_t) [0]
	[RSP+478] 0x7FF66600C752     (void* -> SkyrimSE.exe+0CEC752	nop)
	[RSP+480] 0x0                (size_t) [0]
	[RSP+488] 0x0                (size_t) [0]
	[RSP+490] 0x0                (size_t) [0]
	[RSP+498] 0x0                (size_t) [0]
	[RSP+4A0] 0x217BB224580      (void*)
	[RSP+4A8] 0x0                (size_t) [0]
	[RSP+4B0] 0x0                (size_t) [0]
	[RSP+4B8] 0x0                (size_t) [0]
	[RSP+4C0] 0xFFFFFFFFFFFFFFFE (size_t) [uint: 18446744073709551614 int: -2]
	[RSP+4C8] 0x215C98C6D40      (BSAnimationGraphManager*)
	[RSP+4D0] 0xFFFFFFFFFFFFFFFE (size_t) [uint: 18446744073709551614 int: -2]
	[RSP+4D8] 0x21365E54100      (Character*)
		Flags: 0x00140548 
		Name: "Annalise"
		FormID: 0xFF00A134
		FormType: ActorCharacter (62)
		Object Reference: 
		File: "Buxom Tweaks.esp"
		Modified by: YurianaWench.esp -> Buxom Tweaks.esp
		Flags: 0x00040009 kDestructible | kInitialized
		Name: "Annalise"
		EditorID: "YW_BuxomWench_ZZ_SubjugatedW12_extrabreton11_healer"
		FormID: 0x176DEC6E
		FormType: NPC (43)
		Flags: 0x00140548 kInitialized | kBorderRegion | kMustUpdate
		FormID: 0xFF00A134
		FormType: ActorCharacter (62)
	[RSP+4E0] 0x7FF9E8916CF0     (void* -> TrueDirectionalMovement.dll+00B6CF0	add al, [rax])
	[RSP+4E8] 0x214B91A2B00      (BSAnimationGraphManager*)
	[RSP+4F0] 0x2137C311E00      (MovementControllerNPC*)
	[RSP+4F8] 0xFFFFFFFF         (size_t) [4294967295]
	[RSP+500] 0x0                (size_t) [0]
	[RSP+508] 0x7FF6654B49CE     (void* -> SkyrimSE.exe+01949CE	mov ebp, eax)
	[RSP+510] 0x211F2CBB220      (void*)
	[RSP+518] 0x7FF665AA4C94     (void* -> SkyrimSE.exe+0784C94	nop)
	[RSP+520] 0x21512BFA720      (void*)
	[RSP+528] 0x75537FF8C0       (void*)
	[RSP+530] 0x7FF667416800     (void* -> SkyrimSE.exe+20F6800	fcom [rax])
	[RSP+538] 0x7FF665EEFBBB     (void* -> SkyrimSE.exe+0BCFBBB	cmp [rbx], eax)
	[RSP+540] 0x214B91A2B70      (void*)
	[RSP+548] 0x214B91A2B98      (void*)
	[RSP+550] 0x75537FF910       (void*)
	[RSP+558] 0x2135B1D6800      (Character*)
		File: "YurianaWench.esp"
		Flags: 0x00020409 
		Name: "Elaninde"
		FormID: 0x102B4836
		FormType: ActorCharacter (62)
		Object Reference: 
		File: "Buxom Tweaks.esp"
		Modified by: Immersive Wenches.esp -> Buxom Tweaks.esp
		Flags: 0x00040009 kDestructible | kInitialized
		Name: "Elaninde"
		EditorID: "IW_INN_Dawnstar_InnWindPeak_W_Elaninde_P"
		FormID: 0x1000C3AD
		FormType: NPC (43)
		File: "YurianaWench.esp"
		Flags: 0x00020409 kDestructible | kInitialized
		FormID: 0x102B4836
		FormType: ActorCharacter (62)
	[RSP+560] 0xFFFFFFFFFFFFFFFE (size_t) [uint: 18446744073709551614 int: -2]
	[RSP+568] 0x0                (size_t) [0]
	[RSP+570] 0x768              (size_t) [1896]
	[RSP+578] 0x2                (size_t) [2]
	[RSP+580] 0x7FF6685780C8     (void* -> SkyrimSE.exe+32580C8	add [rax], al)
	[RSP+588] 0xFFFFFFFFFFFFFFFE (size_t) [uint: 18446744073709551614 int: -2]
	[RSP+590] 0x2135B1D6800      (Character*)
		File: "YurianaWench.esp"
		Flags: 0x00020409 
		Name: "Elaninde"
		FormID: 0x102B4836
		FormType: ActorCharacter (62)
		Object Reference: 
		File: "Buxom Tweaks.esp"
		Modified by: Immersive Wenches.esp -> Buxom Tweaks.esp
		Flags: 0x00040009 kDestructible | kInitialized
		Name: "Elaninde"
		EditorID: "IW_INN_Dawnstar_InnWindPeak_W_Elaninde_P"
		FormID: 0x1000C3AD
		FormType: NPC (43)
		File: "YurianaWench.esp"
		Flags: 0x00020409 kDestructible | kInitialized
		FormID: 0x102B4836
		FormType: ActorCharacter (62)
	[RSP+598] 0x7FF665EEF6C5     (void* -> SkyrimSE.exe+0BCF6C5	add rsp, 0x38)
	[RSP+5A0] 0x75537FF910       (void*)
	[RSP+5A8] 0x0                (size_t) [0]
	[RSP+5B0] 0x0                (size_t) [0]
	[RSP+5B8] 0x214B91A2B90      (void*)
	[RSP+5C0] 0x0                (size_t) [0]
	[RSP+5C8] 0x0                (size_t) [0]
	[RSP+5D0] 0x0                (size_t) [0]
	[RSP+5D8] 0x0                (size_t) [0]
	[RSP+5E0] 0x0                (size_t) [0]
	[RSP+5E8] 0x0                (size_t) [0]
	[RSP+5F0] 0x0                (size_t) [0]
	[RSP+5F8] 0x0                (size_t) [0]
	[RSP+600] 0x0                (size_t) [0]
	[RSP+608] 0x0                (size_t) [0]
	[RSP+610] 0x3CF72017         (size_t) [1022828567]
	[RSP+618] 0x0                (size_t) [0]
	[RSP+620] 0x0                (size_t) [0]
	[RSP+628] 0x0                (size_t) [0]
	[RSP+630] 0x768              (size_t) [1896]
	[RSP+638] 0xFFFFFFFF         (size_t) [4294967295]
	[RSP+640] 0x7FF6685780C0     (void* -> SkyrimSE.exe+32580C0	add [rax], al)
	[RSP+648] 0x7FF6685780C8     (void* -> SkyrimSE.exe+32580C8	add [rax], al)
	[RSP+650] 0x211F2CBB220      (void*)
	[RSP+658] 0x2135B1D6800      (Character*)
		File: "YurianaWench.esp"
		Flags: 0x00020409 
		Name: "Elaninde"
		FormID: 0x102B4836
		FormType: ActorCharacter (62)
		Object Reference: 
		File: "Buxom Tweaks.esp"
		Modified by: Immersive Wenches.esp -> Buxom Tweaks.esp
		Flags: 0x00040009 kDestructible | kInitialized
		Name: "Elaninde"
		EditorID: "IW_INN_Dawnstar_InnWindPeak_W_Elaninde_P"
		FormID: 0x1000C3AD
		FormType: NPC (43)
		File: "YurianaWench.esp"
		Flags: 0x00020409 kDestructible | kInitialized
		FormID: 0x102B4836
		FormType: ActorCharacter (62)
	[RSP+660] 0x75537FF990       (void*)
	[RSP+668] 0x7FF665989110     (void* -> SkyrimSE.exe+0669110	mov rax, [rsi])
	[RSP+670] 0x10800            (size_t) [67584]
	[RSP+678] 0x2                (size_t) [2]
	[RSP+680] 0x0                (size_t) [0]
	[RSP+688] 0x2136AB28100      (Character*)
		File: "NPC Improvements.esp"
		Flags: 0x00020408 
		Name: "Slave Trainer Bandit"
		FormID: 0x17043DE7
		FormType: ActorCharacter (62)
		Object Reference: 
		Flags: 0x00000008 kInitialized
		Name: "Slave Trainer Bandit"
		FormID: 0xFF001357
		FormType: NPC (43)
		File: "NPC Improvements.esp"
		Flags: 0x00020408 kInitialized
		FormID: 0x17043DE7
		FormType: ActorCharacter (62)
	[RSP+690] 0xFFFFFFFFFFFFFFFE (size_t) [uint: 18446744073709551614 int: -2]
	[RSP+698] 0x10E29            (size_t) [69161]
	[RSP+6A0] 0x21365E54170      (BaseExtraList*)
	[RSP+6A8] 0x7FF66547FEAB     (void* -> SkyrimSE.exe+015FEAB	nop)
	[RSP+6B0] 0x108EB            (size_t) [67819]
	[RSP+6B8] 0x10E29            (size_t) [69161]
	[RSP+6C0] 0x0                (size_t) [0]
	[RSP+6C8] 0x0                (size_t) [0]
	[RSP+6D0] 0x0                (size_t) [0]
	[RSP+6D8] 0x0                (size_t) [0]
	[RSP+6E0] 0x0                (size_t) [0]
	[RSP+6E8] 0x0                (size_t) [0]
	[RSP+6F0] 0x7FF6685780C4     (void* -> SkyrimSE.exe+32580C4	add [rax], al)
	[RSP+6F8] 0xFFFFFFFE         (size_t) [4294967294]
	[RSP+700] 0x211CD8496E0      (void*)
	[RSP+708] 0x1                (size_t) [1]
	[RSP+710] 0x0                (size_t) [0]
	[RSP+718] 0x7FF666017888     (void* -> SkyrimSE.exe+0CF7888	mov ecx, [rbx+0x0C])
	[RSP+720] 0x3C877791         (size_t) [1015510929]
	[RSP+728] 0xBE233C0900000002 (size_t) [uint: 13700860500743553026 int: -4745883572965998590]
	[RSP+730] 0x0                (size_t) [0]
	[RSP+738] 0x7FF66857B618     (void* -> SkyrimSE.exe+325B618	loopne 0x00007FF66857B5B0)
	[RSP+740] 0x7FF6685780C4     (void* -> SkyrimSE.exe+32580C4	add [rax], al)
	[RSP+748] 0x7FF66857B568     (BSJobs::JobThread*)
	[RSP+750] 0x7FF66857B5C8     (void* -> SkyrimSE.exe+325B5C8	adc al, 0x00)
	[RSP+758] 0x211CD8496E0      (void*)
	[RSP+760] 0x7FF66858ED00     (void* -> SkyrimSE.exe+326ED00	cmp [rdx], ch)
	[RSP+768] 0x7FF666017E51     (void* -> SkyrimSE.exe+0CF7E51	mov r15d, eax)
	[RSP+770] 0x3                (size_t) [3]
	[RSP+778] 0x3                (size_t) [3]
	[RSP+780] 0x211CD8496E0      (void*)
	[RSP+788] 0x12A3B            (size_t) [76347]
	[RSP+790] 0x211CD8496E0      (void*)
	[RSP+798] 0x3                (size_t) [3]
	[RSP+7A0] 0x211F2CBB988      (char*) "P"
	[RSP+7A8] 0x211CD8496F8      (void*)
	[RSP+7B0] 0x211CD8496E0      (void*)
	[RSP+7B8] 0x0                (size_t) [0]
	[RSP+7C0] 0x0                (size_t) [0]
	[RSP+7C8] 0x7FF666017668     (void* -> SkyrimSE.exe+0CF7668	jmp 0x00007FF66601767F)
	[RSP+7D0] 0x2                (size_t) [2]
	[RSP+7D8] 0x2136A87FD00      (Character*)
		Flags: 0x00140548 
		Name: "Ellene"
		FormID: 0xFF001424
		FormType: ActorCharacter (62)
		Object Reference: 
		File: "Buxom Tweaks.esp"
		Modified by: YurianaWench.esp -> Buxom Tweaks.esp
		Flags: 0x00040009 kDestructible | kInitialized
		Name: "Ellene"
		EditorID: "YW_BuxomWench_ZZ_SubjugatedW22_extranord18_archer"
		FormID: 0x176DEC64
		FormType: NPC (43)
		Flags: 0x00140548 kInitialized | kBorderRegion | kMustUpdate
		FormID: 0xFF001424
		FormType: ActorCharacter (62)
	[RSP+7E0] 0x1                (size_t) [1]
	[RSP+7E8] 0x2                (size_t) [2]
	[RSP+7F0] 0xFFFFFFFFFFFFFFFE (size_t) [uint: 18446744073709551614 int: -2]
	[RSP+7F8] 0x7FF6685780C4     (void* -> SkyrimSE.exe+32580C4	add [rax], al)
	[RSP+800] 0x1                (size_t) [1]
	[RSP+808] 0x7FF6685780C0     (void* -> SkyrimSE.exe+32580C0	add [rax], al)
	[RSP+810] 0x7FF6685780C8     (void* -> SkyrimSE.exe+32580C8	add [rax], al)
	[RSP+818] 0x7FF66857B568     (BSJobs::JobThread*)
	[RSP+820] 0x0                (size_t) [0]
	[RSP+828] 0x0                (size_t) [0]
	[RSP+830] 0x211CD8496E0      (void*)
	[RSP+838] 0x7FF666017745     (void* -> SkyrimSE.exe+0CF7745	jmp 0x00007FF666017710)
	[RSP+840] 0x7FF668578001     (void* -> SkyrimSE.exe+3258001	add [rax], al)
	[RSP+848] 0x211CD8496E0      (void*)
	[RSP+850] 0x7FF600000003     (size_t) [140694538682371]
	[RSP+858] 0x7FF6685780C8     (void* -> SkyrimSE.exe+32580C8	add [rax], al)
	[RSP+860] 0x211CD93C2A0      (void*)
	[RSP+868] 0x7FF6659F265C     (void* -> SkyrimSE.exe+06D265C	mov rcx, rbx)
	[RSP+870] 0x211CD849DE0      (void*)
	[RSP+878] 0x0                (size_t) [0]
	[RSP+880] 0x2                (size_t) [2]
	[RSP+888] 0x0                (size_t) [0]
	[RSP+890] 0xFFFFFFFFFFFFFFFE (size_t) [uint: 18446744073709551614 int: -2]
	[RSP+898] 0x0                (size_t) [0]
	[RSP+8A0] 0x7FF66857B638     (void* -> SkyrimSE.exe+325B638	loopne 0x00007FF66857B5D7)
	[RSP+8A8] 0x7FF666017888     (void* -> SkyrimSE.exe+0CF7888	mov ecx, [rbx+0x0C])
	[RSP+8B0] 0x0                (size_t) [0]
	[RSP+8B8] 0x7FF66857B638     (void* -> SkyrimSE.exe+325B638	loopne 0x00007FF66857B5D7)
	[RSP+8C0] 0x0                (size_t) [0]
	[RSP+8C8] 0x7FFAFAC1783D     (void* -> KERNELBASE.dll+006783D	nop [rax+rax*1], eax)
	[RSP+8D0] 0x1                (size_t) [1]
	[RSP+8D8] 0x7FF66857B568     (BSJobs::JobThread*)
	[RSP+8E0] 0x7FF66857B5E8     (void* -> SkyrimSE.exe+325B5E8	add al, 0x00)
	[RSP+8E8] 0x211CD849DE0      (void*)
	[RSP+8F0] 0x7FF66858ED00     (void* -> SkyrimSE.exe+326ED00	cmp [rdx], ch)
	[RSP+8F8] 0x7FF666017E51     (void* -> SkyrimSE.exe+0CF7E51	mov r15d, eax)
	[RSP+900] 0x4                (size_t) [4]
	[RSP+908] 0x4                (size_t) [4]
	[RSP+910] 0x0                (size_t) [0]
	[RSP+918] 0x7FFA131D5D19     (void* -> EngineFixes.dll+0015D19	cmp dword ptr [0x00007FFA13295DE8], 0xFFFFFFFF)
	[RSP+920] 0x211CD849DE0      (void*)
	[RSP+928] 0x4                (size_t) [4]
	[RSP+930] 0xD9D76FDB9CD6     (size_t) [239519317859542]
	[RSP+938] 0x7FF6689111E0     (void* -> SkyrimSE.exe+35F11E0	add [rax], al)
	[RSP+940] 0x211CD849B40      (void*)
	[RSP+948] 0x100000003        (size_t) [4294967299]
	[RSP+950] 0x7FF600000000     (size_t) [140694538682368]
	[RSP+958] 0x211CD849B40      (void*)
	[RSP+960] 0x48               (size_t) [72]
	[RSP+968] 0x7FF600000001     (size_t) [140694538682369]
	[RSP+970] 0x0                (size_t) [0]
	[RSP+978] 0x0                (size_t) [0]
	[RSP+980] 0x0                (size_t) [0]
	[RSP+988] 0x0                (size_t) [0]
	[RSP+990] 0x0                (size_t) [0]
	[RSP+998] 0x0                (size_t) [0]
	[RSP+9A0] 0x0                (size_t) [0]
	[RSP+9A8] 0x0                (size_t) [0]
	[RSP+9B0] 0x0                (size_t) [0]
	[RSP+9B8] 0x0                (size_t) [0]
	[RSP+9C0] 0x7FF66857B568     (BSJobs::JobThread*)
	[RSP+9C8] 0x7FF6660161DA     (void* -> SkyrimSE.exe+0CF61DA	movzx eax, byte ptr [rbx+0xA74])
	[RSP+9D0] 0x7FF66857B501     (void* -> SkyrimSE.exe+325B501	add [rax], al)
	[RSP+9D8] 0x0                (size_t) [0]
	[RSP+9E0] 0x4                (size_t) [4]
	[RSP+9E8] 0x1                (size_t) [1]
	[RSP+9F0] 0x7FF66857B568     (BSJobs::JobThread*)
	[RSP+9F8] 0x7FF665FF0DBD     (void* -> SkyrimSE.exe+0CD0DBD	mov rcx, [0x00007FF6684EC318])
	[RSP+A00] 0x7FF6684EC370     (void* -> SkyrimSE.exe+31CC370	add [rax], al)
	[RSP+A08] 0x7FF66857B568     (BSJobs::JobThread*)
	[RSP+A10] 0x0                (size_t) [0]
	[RSP+A18] 0x0                (size_t) [0]
	[RSP+A20] 0x7FF66857B568     (BSJobs::JobThread*)
	[RSP+A28] 0x0                (size_t) [0]
	[RSP+A30] 0x0                (size_t) [0]
	[RSP+A38] 0x7FFAFC4E257D     (void* -> KERNEL32.DLL+001257D	mov ecx, eax)
	[RSP+A40] 0x0                (size_t) [0]
	[RSP+A48] 0x0                (size_t) [0]
	[RSP+A50] 0x0                (size_t) [0]
	[RSP+A58] 0x0                (size_t) [0]
	[RSP+A60] 0x0                (size_t) [0]
	[RSP+A68] 0x7FFAFD42AA48     (void* -> ntdll.dll+005AA48	jmp 0x00007FFAFD42AA69)
	[RSP+A70] 0x0                (size_t) [0]
	[RSP+A78] 0x0                (size_t) [0]
	[RSP+A80] 0x0                (size_t) [0]
	[RSP+A88] 0x0                (size_t) [0]
	[RSP+A90] 0x0                (size_t) [0]
	[RSP+A98] 0x0                (size_t) [0]
	[RSP+AA0] 0x2D2425A00000000  (size_t) [203297887499583488]
	[RSP+AA8] 0x0                (size_t) [0]
	[RSP+AB0] 0x4F0FFFFFB30      (size_t) [5433133628208]
	[RSP+AB8] 0x7FFAFAD0C7E0     (void* -> KERNELBASE.dll+015C7E0	mov [rsp+0x10], rbx)
	[RSP+AC0] 0x75537FDD80       (void*)
	[RSP+AC8] 0xA16E80001FFEBE   (size_t) [45438967287381694]
	[RSP+AD0] 0x7FFAF80285BA     (size_t) [140715879466426]
	[RSP+AD8] 0x75537FDD80       (void*)
	[RSP+AE0] 0x0                (size_t) [0]
	[RSP+AE8] 0x0                (size_t) [0]
	[RSP+AF0] 0x0                (size_t) [0]
	[RSP+AF8] 0x0                (size_t) [0]
	[RSP+B00] 0x0                (size_t) [0]
	[RSP+B08] 0x0                (size_t) [0]
	[RSP+B10] 0x0                (size_t) [0]
	[RSP+B18] 0x0                (size_t) [0]
	[RSP+B20] 0x0                (size_t) [0]
	[RSP+B28] 0x0                (size_t) [0]
	[RSP+B30] 0x0                (size_t) [0]
	[RSP+B38] 0x0                (size_t) [0]
	[RSP+B40] 0x0                (size_t) [0]
	[RSP+B48] 0x0                (size_t) [0]
	[RSP+B50] 0x0                (size_t) [0]
	[RSP+B58] 0x0                (size_t) [0]
	[RSP+B60] 0x0                (size_t) [0]
	[RSP+B68] 0x0                (size_t) [0]
	[RSP+B70] 0x0                (size_t) [0]
	[RSP+B78] 0x0                (size_t) [0]
	[RSP+B80] 0x0                (size_t) [0]
	[RSP+B88] 0x0                (size_t) [0]
	[RSP+B90] 0x0                (size_t) [0]
	[RSP+B98] 0x0                (size_t) [0]
	[RSP+BA0] 0x0                (size_t) [0]
	[RSP+BA8] 0x0                (size_t) [0]
	[RSP+BB0] 0x0                (size_t) [0]
	[RSP+BB8] 0x0                (size_t) [0]
	[RSP+BC0] 0x0                (size_t) [0]
	[RSP+BC8] 0x0                (size_t) [0]
	[RSP+BD0] 0x0                (size_t) [0]
	[RSP+BD8] 0x0                (size_t) [0]
	[RSP+BE0] 0x0                (size_t) [0]
	[RSP+BE8] 0x0                (size_t) [0]
	[RSP+BF0] 0x0                (size_t) [0]
	[RSP+BF8] 0x0                (size_t) [0]
	[RSP+C00] 0x0                (size_t) [0]
	[RSP+C08] 0x0                (size_t) [0]
	[RSP+C10] 0x0                (size_t) [0]
	[RSP+C18] 0x0                (size_t) [0]
	[RSP+C20] 0x0                (size_t) [0]
	[RSP+C28] 0x0                (size_t) [0]
	[RSP+C30] 0x0                (size_t) [0]
	[RSP+C38] 0x0                (size_t) [0]
	[RSP+C40] 0x0                (size_t) [0]
	[RSP+C48] 0x0                (size_t) [0]
	[RSP+C50] 0x0                (size_t) [0]
	[RSP+C58] 0x0                (size_t) [0]
	[RSP+C60] 0x0                (size_t) [0]
	[RSP+C68] 0x0                (size_t) [0]
	[RSP+C70] 0x0                (size_t) [0]
	[RSP+C78] 0x0                (size_t) [0]
	[RSP+C80] 0x0                (size_t) [0]
	[RSP+C88] 0x0                (size_t) [0]
	[RSP+C90] 0x0                (size_t) [0]
	[RSP+C98] 0x0                (size_t) [0]
	[RSP+CA0] 0x0                (size_t) [0]
	[RSP+CA8] 0x0                (size_t) [0]
	[RSP+CB0] 0x0                (size_t) [0]
	[RSP+CB8] 0x0                (size_t) [0]
	[RSP+CC0] 0x0                (size_t) [0]
	[RSP+CC8] 0x0                (size_t) [0]
	[RSP+CD0] 0x0                (size_t) [0]
	[RSP+CD8] 0x0                (size_t) [0]
	[RSP+CE0] 0x0                (size_t) [0]
	[RSP+CE8] 0x0                (size_t) [0]
	[RSP+CF0] 0x0                (size_t) [0]
	[RSP+CF8] 0x0                (size_t) [0]
	[RSP+D00] 0x0                (size_t) [0]
	[RSP+D08] 0x0                (size_t) [0]
	[RSP+D10] 0x0                (size_t) [0]
	[RSP+D18] 0x0                (size_t) [0]
	[RSP+D20] 0x0                (size_t) [0]
	[RSP+D28] 0x0                (size_t) [0]
	[RSP+D30] 0x0                (size_t) [0]
	[RSP+D38] 0x0                (size_t) [0]
	[RSP+D40] 0x0                (size_t) [0]
	[RSP+D48] 0x0                (size_t) [0]
	[RSP+D50] 0x0                (size_t) [0]
	[RSP+D58] 0x0                (size_t) [0]

MODULES:
	XINPUT1_3.dll                                    0x000000400000
	X3DAudio1_7.dll                                  0x0000686F0000
	tbb.dll                                          0x000180000000
	PassiveWeaponEnchantmentRecharging.dll           0x0211A2400000
	NSI.dll                                          0x0211D2E50000
	tbbmalloc.dll                                    0x0211FA110000
	AnimationMotionRevolution.dll                    0x0211FD5A0000
	SkyrimSE.exe                                     0x7FF665320000
	nvcuda64.dll                                     0x7FF9E5AB0000
	_nvngx.dll                                       0x7FF9E64D0000
	XAudio2_7.dll                                    0x7FF9E6D20000
	d3dcompiler_47_64.dll                            0x7FF9E6EA0000
	NvCamera64.dll                                   0x7FF9E72B0000
	gameoverlayrenderer64.dll                        0x7FF9E8310000
	YesImSure.dll                                    0x7FF9E84B0000
	WhichKey-NG.dll                                  0x7FF9E8540000
	Weightless.dll                                   0x7FF9E86D0000
	UnlimitedFastTravel.dll                          0x7FF9E87F0000
	TrueDirectionalMovement.dll                      0x7FF9E8860000
	TheNewGentleman.dll                              0x7FF9E8930000
	SureOfStealing.dll                               0x7FF9E8A40000
	SSEDisplayTweaks.dll                             0x7FF9E8AB0000
	SoundRecordDistributor.dll                       0x7FF9E8B50000
	SoftShadows.dll                                  0x7FF9E8C30000
	PDPerfPlugin.dll                                 0x7FF9E8CE0000
	libxess.dll                                      0x7FF9E8EE0000
	ffx_fsr2_api_dx11_x64.dll                        0x7FF9ECF90000
	nvngx_dlss.dll                                   0x7FF9ED160000
	SkyrimUpscaler.dll                               0x7FF9F04C0000
	SkyPatcher.dll                                   0x7FF9F0E60000
	SkillOfSneaking.dll                              0x7FF9F1010000
	skee64.dll                                       0x7FF9F1080000
	ShadowBoost.dll                                  0x7FF9F12F0000
	ScrambledBugs.dll                                0x7FF9F13B0000
	RemoveAllItemsFix.dll                            0x7FF9F1450000
	RecursionFPSFix.dll                              0x7FF9F14E0000
	QuickLootEE.dll                                  0x7FF9F15C0000
	po3_UseOrTake.dll                                0x7FF9F16D0000
	po3_Tweaks.dll                                   0x7FF9F1780000
	po3_SpellPerkItemDistributor.dll                 0x7FF9F1880000
	po3_SimpleOffenceSuppression.dll                 0x7FF9F1A00000
	po3_SimpleActivateSKSE.dll                       0x7FF9F1AA0000
	po3_SaveUnbaker.dll                              0x7FF9F1B50000
	po3_ReadOrTakeBooks.dll                          0x7FF9F1BF0000
	po3_PapyrusExtender.dll                          0x7FF9F1C90000
	po3_MoonMod.dll                                  0x7FF9F1F10000
	po3_MagicSneakAttacks.dll                        0x7FF9F1FC0000
	po3_KeywordItemDistributor.dll                   0x7FF9F20A0000
	po3_EnhancedInvisibility.dll                     0x7FF9F2240000
	po3_ENBLightForEffectShaders.dll                 0x7FF9F22F0000
	po3_DualCastingFix.dll                           0x7FF9F23B0000
	po3_CraftingRecipeDistributor.dll                0x7FF9F2450000
	po3_ConsolePlusPlus.dll                          0x7FF9F2500000
	po3_BaseObjectSwapper.dll                        0x7FF9F25B0000
	po3_AnimObjectSwapper.dll                        0x7FF9F26D0000
	PlayerPayCrimeGoldTweak.dll                      0x7FF9F2780000
	PerkEntryPointExtender.dll                       0x7FF9F2870000
	PayloadInterpreter.dll                           0x7FF9F29F0000
	PapyrusUtil.dll                                  0x7FF9F2AC0000
	PapyrusTweaks.dll                                0x7FF9F2C30000
	PapyrusIniManipulator.dll                        0x7FF9F2D30000
	PAPER.dll                                        0x7FF9F2E20000
	PairedAnimationImprovements.dll                  0x7FF9F2EA0000
	OStim.dll                                        0x7FF9F2F10000
	OSLAroused.dll                                   0x7FF9F3550000
	OpenAnimationReplacer.dll                        0x7FF9F35F0000
	OpenAnimationReplacer-IEDConditionExtensions.dll 0x7FF9F38B0000
	OBody.dll                                        0x7FF9F39D0000
	NotificationFilter.dll                           0x7FF9F3A80000
	NoOppositeGenderAnims.dll                        0x7FF9F3AF0000
	NoEnchantmentRestrictionRemake.dll               0x7FF9F3BE0000
	NativeEditorIDFix.dll                            0x7FF9F3C90000
	MuSkeletonEditor.dll                             0x7FF9F3CF0000
	MumsTheWord.dll                                  0x7FF9F3DD0000
	MuJointFix.dll                                   0x7FF9F3E50000
	MoreInformativeConsole.dll                       0x7FF9F3EF0000
	mfgfix.dll                                       0x7FF9F3FD0000
	MenuMaid2.dll                                    0x7FF9F4090000
	MCMHelper.dll                                    0x7FF9F41A0000
	MaxsuCombatEscape.dll                            0x7FF9F4280000
	loki_DynamicAnimationCasting.dll                 0x7FF9F42E0000
	LocationalEncounterZones.dll                     0x7FF9F4480000
	kxWhereAreYou.dll                                0x7FF9F4560000
	KillCapsLockNG.dll                               0x7FF9F4610000
	JContainers64.dll                                0x7FF9F46A0000
	IWantWidgetsNative.dll                           0x7FF9F4980000
	ItemPropertyManipulator.dll                      0x7FF9F4AA0000
	InventoryInjector.dll                            0x7FF9F4BF0000
	ImWalkinHere.dll                                 0x7FF9F4C90000
	IdrinthBuffsWorkOnNPCs.dll                       0x7FF9F4D60000
	hdtSMP64.dll                                     0x7FF9F4E00000
	htfq_se.dll                                      0x7FF9F5AE0000
	HelpExtender.dll                                 0x7FF9F5B40000
	HDLocalMap.dll                                   0x7FF9F5BE0000
	GrassSamplerFix.dll                              0x7FF9F5C40000
	Fuz Ro D'oh.dll                                  0x7FF9F5CD0000
	FormListManipulator.dll                          0x7FF9F5D30000
	FISS.dll                                         0x7FF9F64B0000
	FaceGenFixes.dll                                 0x7FF9F6520000
	EquipSpellsAsShouts.dll                          0x7FF9F6590000
	EnemiesRespectEncounterZones.dll                 0x7FF9F66A0000
	ENBHelperSE.dll                                  0x7FF9F6720000
	DynDOLOD.DLL                                     0x7FF9F67C0000
	DescriptionFramework.dll                         0x7FF9F6880000
	CrashLogger.dll                                  0x7FF9F6940000
	CraftingCategories.dll                           0x7FF9F6BE0000
	ConsoleUtilSSE.dll                               0x7FF9F6CC0000
	ComprehensiveAttackRatePatch.dll                 0x7FF9F6E20000
	D3DCOMPILER_47.dll                               0x7FF9F6FD0000
	CommunityShaders.dll                             0x7FF9F7430000
	CombatMusicFixNG.dll                             0x7FF9F7660000
	CCExtender.dll                                   0x7FF9F7700000
	cbp.dll                                          0x7FF9F77D0000
	CaptureWarmer.dll                                0x7FF9F78F0000
	steamclient64.dll                                0x7FF9F7990000
	dxgi.dll                                         0x7FF9F9000000
	skse64_1_6_1170.dll                              0x7FF9F97A0000
	WINHTTP.dll                                      0x7FF9F98D0000
	DynamicCollisionAdjustment.dll                   0x7FFA12990000
	Arcane-Disenchanter-NG.dll                       0x7FFA12D30000
	AddItemMenuSE.dll                                0x7FFA12E30000
	ActorValueExtension.dll                          0x7FFA12F30000
	EngineFixes.dll                                  0x7FFA131C0000
	FixNotesForSkyUI.dll                             0x7FFA13C50000
	xinput1_4.dll                                    0x7FFA19CB0000
	CONCRT140.dll                                    0x7FFA204B0000
	BugFixesSSE.dll                                  0x7FFA20500000
	tier0_s64.dll                                    0x7FFA20590000
	ContainerItemDistributor.dll                     0x7FFA20750000
	AnimationQueueFix.dll                            0x7FFA207D0000
	AHZmoreHUDPlugin.dll                             0x7FFA208B0000
	encounter_zones_unlocked.dll                     0x7FFA21120000
	ENBHelperPlus.dll                                0x7FFA211E0000
	SkyrimUncapper.dll                               0x7FFA34B60000
	generic_depth_mod.addon64                        0x7FFA3BEA0000
	EVLaS.dll                                        0x7FFA3BEC0000
	diskCacheEnabler.dll                             0x7FFA3FA60000
	AHZmoreHUDInventory.dll                          0x7FFA5B040000
	bink2w64.dll                                     0x7FFA5B1E0000
	steam_api64.dll                                  0x7FFA5B260000
	BarterLimitFix.dll                               0x7FFA5B2B0000
	vstdlib_s64.dll                                  0x7FFA5B2F0000
	ActorLimitFix.dll                                0x7FFA5B3F0000
	ResampleDmo.DLL                                  0x7FFA5BF80000
	DSOUND.DLL                                       0x7FFA5C040000
	d3d12.dll                                        0x7FFA5C4A0000
	msdmo.dll                                        0x7FFA82C00000
	nvspcap64.dll                                    0x7FFA9B020000
	usvfs_x64.dll                                    0x7FFA9FF00000
	ReShade64-UIBind-By-seri14.addon64               0x7FFAA1E50000
	DINPUT8.dll                                      0x7FFABB4F0000
	MessageBus.dll                                   0x7FFABE1A0000
	NvTelemetryBridge64.dll                          0x7FFABF120000
	PrivateProfileRedirector.dll                     0x7FFAC16D0000
	MSVCP140_ATOMIC_WAIT.dll                         0x7FFAC8CE0000
	ReShade64-AdjustDepth-By-seri14.addon64          0x7FFAC8F30000
	vmm-x64.dll                                      0x7FFAC8F40000
	uiautomationcore.dll                             0x7FFACAF20000
	threadpoolwinrt.dll                              0x7FFAD1450000
	inputhost.dll                                    0x7FFAD9E60000
	WININET.dll                                      0x7FFADAF90000
	ondemandconnroutehelper.dll                      0x7FFADBC70000
	textinputframework.dll                           0x7FFADBFB0000
	MSVCP140.dll                                     0x7FFADE4E0000
	VCRUNTIME140_1.dll                               0x7FFADEA70000
	VCRUNTIME140.dll                                 0x7FFADEA80000
	XINPUT9_1_0.dll                                  0x7FFADECA0000
	Windows.UI.dll                                   0x7FFADFC70000
	webio.dll                                        0x7FFADFDF0000
	winmmbase.dll                                    0x7FFAE0830000
	d3dx9_42.dll                                     0x7FFAE11D0000
	nvwgf2umx.dll                                    0x7FFAE24E0000
	NvMessageBus.dll                                 0x7FFAE7180000
	AUDIOSES.DLL                                     0x7FFAE7E80000
	iertutil.dll                                     0x7FFAE8B40000
	nvgpucomp64.dll                                  0x7FFAE9060000
	nvapi64.dll                                      0x7FFAEB5C0000
	urlmon.dll                                       0x7FFAECE70000
	srvcli.dll                                       0x7FFAED0E0000
	ncryptsslp.dll                                   0x7FFAED180000
	NvTelemetryAPI64.dll                             0x7FFAED880000
	COMCTL32.dll                                     0x7FFAEDC30000
	OLEACC.dll                                       0x7FFAEDE70000
	gdiplus.dll                                      0x7FFAEE230000
	MMDevApi.dll                                     0x7FFAEE660000
	MSIMG32.dll                                      0x7FFAEEB10000
	nvldumdx.dll                                     0x7FFAEECE0000
	WINMM.dll                                        0x7FFAEF420000
	dbghelp.dll                                      0x7FFAF01C0000
	drvstore.dll                                     0x7FFAF1550000
	cryptnet.dll                                     0x7FFAF18E0000
	VERSION.dll                                      0x7FFAF1970000
	DEVRTL.dll                                       0x7FFAF1EE0000
	SMP-NPC crash fix.dll                            0x7FFAF2A80000
	CoreUIComponents.dll                             0x7FFAF2BC0000
	avrt.dll                                         0x7FFAF3290000
	directxdatabasehelper.dll                        0x7FFAF3610000
	fwpuclnt.dll                                     0x7FFAF3700000
	SPINF.dll                                        0x7FFAF3970000
	dhcpcsvc.DLL                                     0x7FFAF44D0000
	WINHTTP.DLL                                      0x7FFAF4580000
	rasadhlp.dll                                     0x7FFAF4740000
	WindowsCodecs.dll                                0x7FFAF4ED0000
	d3d11.dll                                        0x7FFAF5750000
	dcomp.dll                                        0x7FFAF5FA0000
	CoreMessaging.dll                                0x7FFAF6790000
	ffx_fsr2_api_x64.dll                             0x7FFAF79D0000
	UxTheme.dll                                      0x7FFAF7A70000
	dxgi.dll                                         0x7FFAF7BE0000
	dwmapi.dll                                       0x7FFAF7CF0000
	WINNSI.DLL                                       0x7FFAF7D20000
	dxcore.dll                                       0x7FFAF7E30000
	resourcepolicyclient.dll                         0x7FFAF8100000
	wintypes.dll                                     0x7FFAF84F0000
	windows.storage.dll                              0x7FFAF8630000
	HID.DLL                                          0x7FFAF8F30000
	netutils.dll                                     0x7FFAF9150000
	IPHLPAPI.DLL                                     0x7FFAF9240000
	DNSAPI.dll                                       0x7FFAF9270000
	UMPDC.dll                                        0x7FFAF9540000
	POWRPROF.dll                                     0x7FFAF9560000
	Secur32.dll                                      0x7FFAF95D0000
	schannel.DLL                                     0x7FFAF9650000
	rsaenh.dll                                       0x7FFAF9750000
	kernel.appcore.dll                               0x7FFAF9790000
	ntmarta.dll                                      0x7FFAF9810000
	SSPICLI.DLL                                      0x7FFAF9A50000
	MSWSOCK.dll                                      0x7FFAF9C50000
	gpapi.dll                                        0x7FFAF9CC0000
	wldp.dll                                         0x7FFAF9ED0000
	CRYPTBASE.DLL                                    0x7FFAF9F80000
	CRYPTSP.dll                                      0x7FFAF9FA0000
	msasn1.dll                                       0x7FFAF9FF0000
	NTASN1.dll                                       0x7FFAFA070000
	ncrypt.dll                                       0x7FFAFA0B0000
	devobj.dll                                       0x7FFAFA3D0000
	CFGMGR32.dll                                     0x7FFAFA400000
	DPAPI.DLL                                        0x7FFAFA450000
	profapi.dll                                      0x7FFAFA620000
	bcryptPrimitives.dll                             0x7FFAFA6F0000
	wintrust.dll                                     0x7FFAFA770000
	ucrtbase.dll                                     0x7FFAFA7E0000
	msvcp_win.dll                                    0x7FFAFA900000
	bcrypt.dll                                       0x7FFAFA9A0000
	gdi32full.dll                                    0x7FFAFAA90000
	KERNELBASE.dll                                   0x7FFAFABB0000
	win32u.dll                                       0x7FFAFAF60000
	CRYPT32.dll                                      0x7FFAFAF90000
	OLEAUT32.dll                                     0x7FFAFB100000
	sechost.dll                                      0x7FFAFB1E0000
	combase.dll                                      0x7FFAFB290000
	COMDLG32.dll                                     0x7FFAFB680000
	USER32.dll                                       0x7FFAFB780000
	WS2_32.dll                                       0x7FFAFB930000
	SETUPAPI.dll                                     0x7FFAFBA10000
	RPCRT4.dll                                       0x7FFAFBE90000
	imagehlp.dll                                     0x7FFAFC030000
	ole32.dll                                        0x7FFAFC050000
	clbcatq.dll                                      0x7FFAFC200000
	PSAPI.DLL                                        0x7FFAFC2B0000
	GDI32.dll                                        0x7FFAFC480000
	KERNEL32.DLL                                     0x7FFAFC4D0000
	ADVAPI32.dll                                     0x7FFAFC5A0000
	IMM32.dll                                        0x7FFAFC760000
	SHELL32.dll                                      0x7FFAFC7A0000
	msvcrt.dll                                       0x7FFAFD000000
	MSCTF.dll                                        0x7FFAFD0C0000
	SHLWAPI.dll                                      0x7FFAFD220000
	shcore.dll                                       0x7FFAFD280000
	ntdll.dll                                        0x7FFAFD3D0000

SKSE PLUGINS:
	ActorLimitFix.dll
	ActorValueExtension.dll v1.9.5.4
	AddItemMenuSE.dll
	AHZmoreHUDInventory.dll v2.1.3
	AHZmoreHUDPlugin.dll v5.2.2
	AnimationMotionRevolution.dll
	AnimationQueueFix.dll v1.0.1
	Arcane-Disenchanter-NG.dll v1.1
	BarterLimitFix.dll
	BugFixesSSE.dll
	CaptureWarmer.dll v1.1
	cbp.dll
	CCExtender.dll v1.11.0.1
	CombatMusicFixNG.dll v1.1
	CommunityShaders.dll v0.8.6
	ComprehensiveAttackRatePatch.dll v1.1.2.8
	ConsoleUtilSSE.dll v1.5.1
	ContainerItemDistributor.dll v1.1.4
	CraftingCategories.dll v1.1
	CrashLogger.dll v1.12.1
	DescriptionFramework.dll v1.3
	diskCacheEnabler.dll
	DynamicCollisionAdjustment.dll v1.1
	DynDOLOD.DLL v3.0.17.1130
	ENBHelperPlus.dll v1
	ENBHelperSE.dll v2.2
	encounter_zones_unlocked.dll
	EnemiesRespectEncounterZones.dll v1.4.2
	EngineFixes.dll v6.1.1
	EquipSpellsAsShouts.dll
	EVLaS.dll v1.3.1
	FaceGenFixes.dll v1.0.3
	FISS.dll
	FixNotesForSkyUI.dll v1.2.6
	FormListManipulator.dll v1.7
	Fuz Ro D'oh.dll v2.5.8.123
	GrassSamplerFix.dll v1.0.1
	HDLocalMap.dll v1.0.2
	hdtSMP64.dll
	HelpExtender.dll v1.2.1.1
	htfq_se.dll v2
	IdrinthBuffsWorkOnNPCs.dll v1
	ImWalkinHere.dll v1.7
	InventoryInjector.dll v1.0.2
	ItemPropertyManipulator.dll v0.5.1
	IWantWidgetsNative.dll
	JContainers64.dll v4.2.9
	KillCapsLockNG.dll v1
	kxWhereAreYou.dll
	LocationalEncounterZones.dll v1.0.2
	loki_DynamicAnimationCasting.dll v3.2.3
	MaxsuCombatEscape.dll v1
	MCMHelper.dll v1.4
	MenuMaid2.dll v2.2.2
	mfgfix.dll v0.1
	MoreInformativeConsole.dll v1.1
	MuJointFix.dll v2.0.17
	MumsTheWord.dll v2.1
	MuSkeletonEditor.dll v0.6
	NativeEditorIDFix.dll v1.2
	NoEnchantmentRestrictionRemake.dll v3.0.1
	NoOppositeGenderAnims.dll v1.1
	NotificationFilter.dll v1.2.1
	OBody.dll v1
	OpenAnimationReplacer-IEDConditionExtensions.dll v1.0.2
	OpenAnimationReplacer.dll v2.2.2
	OSLAroused.dll v2.5
	OStim.dll v7.3.0.3
	PairedAnimationImprovements.dll v1.0.2
	PAPER.dll v2.2.4
	PapyrusIniManipulator.dll v1.9.6
	PapyrusTweaks.dll v4.1
	PapyrusUtil.dll
	PassiveWeaponEnchantmentRecharging.dll v1
	PayloadInterpreter.dll v1
	PerkEntryPointExtender.dll v1
	PlayerPayCrimeGoldTweak.dll v1.0.6
	po3_AnimObjectSwapper.dll v1.1.0.1
	po3_BaseObjectSwapper.dll v2.6.1.1
	po3_ConsolePlusPlus.dll v1.4.0.1
	po3_CraftingRecipeDistributor.dll v2.1.0.1
	po3_DualCastingFix.dll v1.0.0.1
	po3_ENBLightForEffectShaders.dll v2.1.0.1
	po3_EnhancedInvisibility.dll v1.3.0.1
	po3_KeywordItemDistributor.dll v3.4.0.1
	po3_MagicSneakAttacks.dll v1.3.0.1
	po3_MoonMod.dll v2.0.2.1
	po3_PapyrusExtender.dll v5.6.2.1
	po3_ReadOrTakeBooks.dll v1.3.0.1
	po3_SaveUnbaker.dll v1.0.3.1
	po3_SimpleActivateSKSE.dll v1.4.1.1
	po3_SimpleOffenceSuppression.dll v2.2.1.1
	po3_SpellPerkItemDistributor.dll v6.8.5.1
	po3_Tweaks.dll v1.9.2.1
	po3_UseOrTake.dll v1.2.0.1
	PrivateProfileRedirector.dll
	QuickLootEE.dll v1.2
	RecursionFPSFix.dll v1.1
	RemoveAllItemsFix.dll v1.1
	ScrambledBugs.dll
	ShadowBoost.dll
	skee64.dll
	SkillOfSneaking.dll v1.1
	SkyPatcher.dll v1.0.0.1
	SkyrimUncapper.dll
	SkyrimUpscaler.dll v1
	SMP-NPC crash fix.dll
	SoftShadows.dll v2
	SoundRecordDistributor.dll v1.5
	SSEDisplayTweaks.dll v0.5.16
	SureOfStealing.dll v1.1.3
	TheNewGentleman.dll v2.3.0.1
	TrueDirectionalMovement.dll v2.2.5
	UnlimitedFastTravel.dll v1.4.1
	Weightless.dll v1
	WhichKey-NG.dll v1.1
	YesImSure.dll v1.7

PLUGINS:
	Light: 12	Regular: 144	Total: 156
	[ 0]     Skyrim.esm
	[ 1]     Update.esm
	[ 2]     Dawnguard.esm
	[ 3]     HearthFires.esm
	[ 4]     Dragonborn.esm
	[ 5]     ccasvsse001-almsivi.esm
	[ 6]     ccBGSSSE001-Fish.esm
	[ 7]     cctwbsse001-puzzledungeon.esm
	[ 8]     ccbgssse016-umbra.esm
	[ 9]     ccbgssse031-advcyrus.esm
	[ A]     ccbgssse067-daedinv.esm
	[ B]     ccBGSSSE025-AdvDSGS.esm
	[ C]     cceejsse005-cave.esm
	[ D]     ccafdsse001-dwesanctuary.esm
	[ E]     Unofficial Skyrim Special Edition Patch.esp
	[ F]     Unofficial Skyrim Modders Patch.esp
	[10]     Immersive Wenches.esp
	[11]     Audio Overhaul Skyrim.esp
	[12]     CollegeOfWinterholdImmersive.esp
	[13]     OCW_Obscure's_CollegeofWinterhold.esp
	[14]     Lux Via.esp
	[15]     IcyFixes.esm
	[16]     Skyrim Extended Cut - Saints and Seducers.esp
	[17]     YurianaWench.esp
	[18]     SGEyebrows.esp
	[19]     Better Vampire NPCs.esp
	[1A]     Water for ENB.esm
	[1B]     Lonewolf's Manor.esp
	[1C]     BBLuxurySuite.esm
	[1D]     SkystoneCastle.esp
	[1E]     KnightsRest.esp
	[1F]     Stormwatch.esp
	[20]     Triple Triad Skyrim.esp
	[21]     ShadeHall.esp
	[22]     myrwatchhomefixer.esp
	[23]     ApachiiHair.esm
	[24]     Heels Sound.esm
	[25]     AyleidSanctuary.esp
	[26]     SkyfallEstateRevampedMain.esp
	[27]     MorthalHome.esp
	[28]     Monolith.esp
	[29]     WhiterunSafehold.esp
	[2A]     AyleidCitadel.esp
	[2B]     wraithguardvaultfixer.esp
	[2C]     FISS.esp
	[2D]     DynDOLOD.esm
	[2E]     Immersive Sounds - Compendium.esp
	[2F]     Obsidian Weathers.esp
	[30]     TrueStormsSE.esp
	[31]     SMIM-SE-Merged-All.esp
	[32]     DLCIntegration.esp
	[33]     Weapons Armor Clothing & Clutter Fixes.esp
	[34]     Relationship Dialogue Overhaul.esp
	[35]     Castle Volkihar Rebuilt.esp
	[36]     Landscape Fixes For Grass Mods.esp
	[37]     Book Covers Skyrim.esp
	[38]     MysticismMagic.esp
	[39]     HappyLittleTrees.esp
	[3A]     Bandit War.esp
	[3B]     SeranaDialogAddon.esp
	[3C]     WACCF_Armor and Clothing Extension.esp
	[3D]     CFTO.esp
	[3E]     Lit Road Signs.esp
	[3F]     Mists of Tamriel.esp
	[40]     Wheres Your Smelter.esp
	[41]     HearthfireMultiKid.esp
	[42]     Embers XD.esp
	[43]     The Amazing World of Bikini Armors REMASTERED.esp
	[44]     ThaneFailSafe.esp
	[45]     Summermyst - Enchantments of Skyrim.esp
	[46]     Adamant.esp
	[47]     TES Arena Bikini.esp
	[48]     My Home Is Your Home.esp
	[49]     Apocalypse - Magic of Skyrim.esp
	[4A]     Emfy Cleric Robes.esp
	[4B]     nwsFollowerFramework.esp
	[4C]     UIExtensions.esp
	[4D]     ArenaHarderSpawns.esp
	[4E]     Crimson Blood Armor.esp
	[4F]     AHZmoreHUD.esp
	[50]     Take All Loose Gold and Arrows.esp
	[51]     Mining For Mages Redux.esp
	[52]     FixVampireLord - Revert Form.esp
	[53]     Dress Up Lovers.esp
	[54]     AllEnchantmentsUnlocked.esp
	[55]     AdamantSmithing.esp
	[56]     Teach Followers Spells.esp
	[57]     ShowRaceMenuAlternative.esp
	[58]     Resurrect.esp
	[59]     NPC Death Alerts.esp
	[5A]     DGPlayerIsVampire.esp
	[5B]     XPMSE.esp
	[5C]     WildHuntress.esp
	[5D]     Stella Mithril Armor.esp
	[5E]     Faction Crossbows.esp
	[5F]     Tembtra Thief Armor.esp
	[60]     Spartan Bard Outfit.esp
	[61]     Sotteta Necromancer Outfit.esp
	[62]     Merta Black Rose Armor.esp
	[63]     Merta Assassin Armor.esp
	[64]     HQEyes-2k.esp
	[65]     Gwelda Witch.esp
	[66]     Gwelda Vampire.esp
	[67]     Gwelda Dawnguard Armor.esp
	[68]     DX Witcher Armor.esp
	[69]     DX Witch Hunter Armor.esp
	[6A]     DX Morenn Outfit.esp
	[6B]     DX Druid Armor.esp
	[6C]     DX Daughter of the Sea.esp
	[6D]     DX Christmas Bunny Outfit.esp
	[6E]     Demon Armor.esp
	[6F]     Daedric Reaper Armor.esp
	[70]     Celes Tarot Outfit Cloth UNP.esp
	[71]     Celes Rogue Armor UNP.esp
	[72]     Celes Nightingale Armor.esp
	[73]     Celes Mercy.esp
	[74]     Cassandra Frost Witch.esp
	[75]     Cassandra Apocrypha UNP.esp
	[76]     AncientDraugr.esp
	[77]     Daily-Wear.esp
	[78]     Fashions of the Banditry.esp
	[79]     KS Hairdo's.esp
	[7A]     Lacy Teddy [SE].esp
	[7B]     BDE_Armor.esp
	[7C]     Ritual - Unofficial Mysticism Addon.esp
	[7D]     OAroused.esp
	[7E]     Cathedral - 3D Pine Grass.esp
	[7F]     NPCProtectionTweaks.esp
	[80]     NewmCBBELO1.esp
	[81]     ENB Light.esp
	[82]     OStimCommunityResource.esp
	[83]     ORomance.esp
	[84]     Better Vampires.esp
	[85]     Better Vampire Lords.esp
	[86]     Alternate Start - Live Another Life.esp
	[87]     BBLS-ASLAL.esp
	[88]     Water for ENB (Shades of Skyrim).esp
	[89]     Lux.esp
	[8A]     Summermyst - WACCF Patch.esp
	[8B]     UD_Serana.esp
	[8C]     Buxom Tweaks.esp
	[8D]     BBLS_SKSE64_Patch.esp
	[8E]     BBLuxurySuiteENM.esp
	[8F]     DynDOLOD.esp
	[FE:  0] ccbgssse002-exoticarrows.esl
	[FE:  1] ccbgssse003-zombies.esl
	[FE:  2] ccbgssse004-ruinsedge.esl
	[FE:  3] ccbgssse005-goldbrand.esl
	[FE:  4] ccbgssse006-stendarshammer.esl
	[FE:  5] ccbgssse007-chrysamere.esl
	[FE:  6] ccbgssse010-petdwarvenarmoredmudcrab.esl
	[FE:  7] ccbgssse011-hrsarmrelvn.esl
	[FE:  8] ccbgssse012-hrsarmrstl.esl
	[FE:  9] ccbgssse014-spellpack01.esl
	[FE:  A] ccbgssse019-staffofsheogorath.esl
	[FE:  B] ccbgssse020-graycowl.esl
