Skyrim SSE v1.6.1170
CrashLoggerSSE v1-14-1-0 May 18 2024 23:00:58

Unhandled exception "EXCEPTION_ACCESS_VIOLATION" at 0x7FF69A0682E3 SkyrimSE.exe+10E82E3	mov rcx, [rdx+0x08]

SYSTEM SPECS:
	OS: Microsoft Windows 11 Pro v10.0.22631
	CPU: AuthenticAMD AMD Ryzen 7 7800X3D 8-Core Processor           
	GPU #1: Nvidia AD104 [GeForce RTX 4070]
	GPU #2: AMD Raphael
	GPU #3: Microsoft Basic Render Driver
	PHYSICAL MEMORY: 27.95 GB/63.15 GB
	GPU MEMORY: 4.22/10.98 GB
	Detected Virtual Machine: Microsoft Virtual PC/Hyper-V (100%)

PROBABLE CALL STACK:
	[ 0] 0x7FF69A0682E3                   SkyrimSE.exe+10E82E3 -> 87792+0x113	mov rcx, [rdx+0x08]
	[ 1] 0x7FF69A0E1AE6                   SkyrimSE.exe+1161AE6 -> 89682+0x26	mov rdi, rax
	[ 2] 0x7FF69A06A221                   SkyrimSE.exe+10EA221 -> 87834+0x161	test rax, rax
	[ 3] 0x7FF699F6E2C0                   SkyrimSE.exe+0FEE2C0 -> 83393+0x100	mov [rsp+0x68], rax
	[ 4] 0x7FF699F5A5C2                   SkyrimSE.exe+0FDA5C2 -> 83158+0x52	mov rax, [rbx]
	[ 5] 0x7FF699F5C6FD                   SkyrimSE.exe+0FDC6FD -> 83223+0x10D	mov eax, [rbx+0x10]
	[ 6] 0x7FF699F56E98                   SkyrimSE.exe+0FD6E98 -> 83125+0x858	lea rcx, [rbp-0x60]
	[ 7] 0x7FF699F55AF7                   SkyrimSE.exe+0FD5AF7 -> 83102+0xE7	movzx eax, byte ptr [rdi+0xCA]
	[ 8] 0x7FF699F60B55                   SkyrimSE.exe+0FE0B55 -> 83250+0x2BC5	mov rax, [rbp+0x140]
	[ 9] 0x7FF699F55B33                   SkyrimSE.exe+0FD5B33 -> 83102+0x123	lea rcx, [rsp+0x40]
	[10] 0x7FF699F60B55                   SkyrimSE.exe+0FE0B55 -> 83250+0x2BC5	mov rax, [rbp+0x140]
	[11] 0x7FF699F55B33                   SkyrimSE.exe+0FD5B33 -> 83102+0x123	lea rcx, [rsp+0x40]
	[12] 0x7FF699F60B55                   SkyrimSE.exe+0FE0B55 -> 83250+0x2BC5	mov rax, [rbp+0x140]
	[13] 0x7FF699F55B33                   SkyrimSE.exe+0FD5B33 -> 83102+0x123	lea rcx, [rsp+0x40]
	[14] 0x7FF699F65325                   SkyrimSE.exe+0FE5325 -> 83275+0xA5	movzx edx, byte ptr [rsp+0x60]
	[15] 0x7FF699F2C1E9                   SkyrimSE.exe+0FAC1E9 -> 82256+0x1C9	movzx esi, al
	[16] 0x7FFE32057B97                    TrueHUD.dll+0057B97
	[17] 0x7FFE32056634                    TrueHUD.dll+0056634
	[18] 0x7FFE32053592                    TrueHUD.dll+0053592
	[19] 0x7FFE320534C2                    TrueHUD.dll+00534C2
	[20] 0x7FFE3204D55F                    TrueHUD.dll+004D55F
	[21] 0x7FFE3204554C                    TrueHUD.dll+004554C
	[22] 0x7FF699F24E57                   SkyrimSE.exe+0FA4E57 -> 82083+0x1C7	add rbx, 0x08
	[23] 0x7FF6995C6995                   SkyrimSE.exe+0646995 -> 36564+0xAF5	call 0x00007FF6998FB2E0
	[24] 0x7FFE369245E9                   hdtSMP64.dll+00C45E9	cmp byte ptr [rbx+0x10], 0x00 |  C:\Games\Faster HDT-SMP\skse64_2_02_06\src\skse64\hdtSMP64\Hooks.cpp:314 ?onFrame@UnkEngine@hdt@@QEAAXXZ
	[25] 0x7FFE358E5EC7                 MuJointFix.dll+0025EC7	call 0x00007FFE359032E0 |  D:\VS\MuJointFix\src\Hook.cpp:25 ?onFrame@UnkEngine@Mus@@QEAAXXZ
	[26] 0x7FFE3A81B7B3 BetterThirdPersonSelection.dll+007B7B3
	[27] 0x7FF6995BEAD5                   SkyrimSE.exe+063EAD5 -> 36544+0x165	test bl, bl
	[28] 0x7FF69A4BBB8E                   SkyrimSE.exe+153BB8E -> 109636+0x106	mov ebx, eax
	[29] 0x7FFF9E20257D                   KERNEL32.DLL+001257D
	[30] 0x7FFF9F58AF28                      ntdll.dll+005AF28

REGISTERS:
	RAX 0x22FFFC0B9D8      (void*)
	RCX 0x18               (size_t) [24]
	RDX 0x0                (size_t) [0]
	RBX 0xFF000000000000   (size_t) [71776119061217280]
	RSP 0x879730DBD0       (void*)
	RBP 0x22FFFC0B860      (void*)
	RSI 0xFFFF00000000     (size_t) [281470681743360]
	RDI 0x22FFFC0B870      (void*)
	R8  0x2D               (size_t) [45]
	R9  0x19               (size_t) [25]
	R10 0x7FF69A9B6970     (void* -> SkyrimSE.exe+1A36970	or [rax], al)
	R11 0xFF00000000       (size_t) [1095216660480]
	R12 0x2                (size_t) [2]
	R13 0x22FFFC0B870      (void*)
	R14 0x2309E6E5F90      (void*)
	R15 0x2309E6E5F90      (void*)

STACK:
	[RSP+0   ] 0x95               (size_t) [149]
	[RSP+8   ] 0x7FF699F4A2F9     (void* -> SkyrimSE.exe+0FCA2F9	cmp eax, 0x17)
	[RSP+10  ] 0x927D3E3C859F     (size_t) [161066612721055]
	[RSP+18  ] 0x7FF699F5B1F1     (void* -> SkyrimSE.exe+0FDB1F1	xor ecx, ecx)
	[RSP+20  ] 0x190              (size_t) [400]
	[RSP+28  ] 0x7FF69A0E1AE6     (void* -> SkyrimSE.exe+1161AE6	mov rdi, rax)
	[RSP+30  ] 0x22FFFC0B838      (void*)
	[RSP+38  ] 0x190              (size_t) [400]
	[RSP+40  ] 0x300              (size_t) [768]
	[RSP+48  ] 0x2309EB1D920      (void*)
	[RSP+50  ] 0x879730E240       (void*)
	[RSP+58  ] 0x230B7544D40      (void*)
	[RSP+60  ] 0x190              (size_t) [400]
	[RSP+68  ] 0xC079A7E3         (size_t) [3229198307]
	[RSP+70  ] 0x879730DE10       (void*)
	[RSP+78  ] 0x7FF69A06A221     (void* -> SkyrimSE.exe+10EA221	test rax, rax)
	[RSP+80  ] 0x230B75C7F00      (void*)
	[RSP+88  ] 0x230B7544D40      (void*)
	[RSP+90  ] 0x879730DCA8       (void*)
	[RSP+98  ] 0x23146894800      (void*)
	[RSP+A0  ] 0x22FFFC0B838      (void*)
	[RSP+A8  ] 0x230B75C7F00      (void*)
	[RSP+B0  ] 0x2309E6E5F90      (void*)
	[RSP+B8  ] 0xC079A7E3         (size_t) [3229198307]
	[RSP+C0  ] 0x879730DE10       (void*)
	[RSP+C8  ] 0x7FF699F6E2C0     (void* -> SkyrimSE.exe+0FEE2C0	mov [rsp+0x68], rax)
	[RSP+D0  ] 0x0                (size_t) [0]
	[RSP+D8  ] 0xC079A7E3         (size_t) [3229198307]
	[RSP+E0  ] 0x8                (size_t) [8]
	[RSP+E8  ] 0x2309EB1D700      (void*)
	[RSP+F0  ] 0x879730DD50       (void*)
	[RSP+F8  ] 0x230B7544D40      (void*)
	[RSP+100 ] 0x2309E6E5F90      (void*)
	[RSP+108 ] 0xC079A7E3         (size_t) [3229198307]
	[RSP+110 ] 0x879730DE10       (void*)
	[RSP+118 ] 0x7FF699F5A5C2     (void* -> SkyrimSE.exe+0FDA5C2	mov rax, [rbx])
	[RSP+120 ] 0x2309E6E5F90      (void*)
	[RSP+128 ] 0x22FFFC0B760      (void*)
	[RSP+130 ] 0x23000000143      (void*)
	[RSP+138 ] 0x7FF699F560AF     (void* -> SkyrimSE.exe+0FD60AF	mov [rbx], rax)
	[RSP+140 ] 0x0                (size_t) [0]
	[RSP+148 ] 0x2309E6E5F90      (void*)
	[RSP+150 ] 0x2306211C318      (void*)
	[RSP+158 ] 0x7FF699F5C6FD     (void* -> SkyrimSE.exe+0FDC6FD	mov eax, [rbx+0x10])
	[RSP+160 ] 0x0                (size_t) [0]
	[RSP+168 ] 0x7FF699F562CA     (void* -> SkyrimSE.exe+0FD62CA	mov [r14+0x08], rbx)
	[RSP+170 ] 0x2309E6E5F70      (void*)
	[RSP+178 ] 0x2309E6E5F70      (void*)
	[RSP+180 ] 0x2306211C318      (void*)
	[RSP+188 ] 0x879730DE10       (void*)
	[RSP+190 ] 0x879730DFC0       (void*)
	[RSP+198 ] 0x7FF699F56E98     (void* -> SkyrimSE.exe+0FD6E98	lea rcx, [rbp-0x60])
	[RSP+1A0 ] 0x879730DFC0       (void*)
	[RSP+1A8 ] 0x23146894A00      (void*)
	[RSP+1B0 ] 0x0                (size_t) [0]
	[RSP+1B8 ] 0x879730DE70       (void*)
	[RSP+1C0 ] 0x879730DF88       (void*)
	[RSP+1C8 ] 0x0                (size_t) [0]
	[RSP+1D0 ] 0x0                (size_t) [0]
	[RSP+1D8 ] 0x0                (size_t) [0]
	[RSP+1E0 ] 0x0                (size_t) [0]
	[RSP+1E8 ] 0x0                (size_t) [0]
	[RSP+1F0 ] 0x0                (size_t) [0]
	[RSP+1F8 ] 0x230B7544D40      (void*)
	[RSP+200 ] 0x0                (size_t) [0]
	[RSP+208 ] 0x0                (size_t) [0]
	[RSP+210 ] 0x0                (size_t) [0]
	[RSP+218 ] 0x0                (size_t) [0]
	[RSP+220 ] 0x23147A75000      (void*)
	[RSP+228 ] 0x7FF69A0E1D5A     (void* -> SkyrimSE.exe+1161D5A	jmp 0x00007FF69A0E1D65)
	[RSP+230 ] 0x23147A74AF0      (void*)
	[RSP+238 ] 0x230B75C9A40      (void*)
	[RSP+240 ] 0x230B75C9A06      (void*)
	[RSP+248 ] 0x230B7544D20      (void*)
	[RSP+250 ] 0x1                (size_t) [1]
	[RSP+258 ] 0x7FF69A067E5E     (void* -> SkyrimSE.exe+10E7E5E	mov rcx, rbp)
	[RSP+260 ] 0x230B7544D40      (void*)
	[RSP+268 ] 0x23147A68F98      (void*)
	[RSP+270 ] 0x2                (size_t) [2]
	[RSP+278 ] 0x2309EB1D578      (void*)
	[RSP+280 ] 0x23147A75000      (void*)
	[RSP+288 ] 0x7FF69A0E1D5A     (void* -> SkyrimSE.exe+1161D5A	jmp 0x00007FF69A0E1D65)
	[RSP+290 ] 0x23147A74960      (void*)
	[RSP+298 ] 0x230B75C9A40      (void*)
	[RSP+2A0 ] 0x230B75C9A80      (void*)
	[RSP+2A8 ] 0x96               (size_t) [150]
	[RSP+2B0 ] 0x22FFFC0B701      (void*)
	[RSP+2B8 ] 0x7FF69A0E1D65     (void* -> SkyrimSE.exe+1161D65	mov rbx, [rsp+0x60])
	[RSP+2C0 ] 0x2309E6E5F70      (void*)
	[RSP+2C8 ] 0x2309E6E5F90      (void*)
	[RSP+2D0 ] 0x2                (size_t) [2]
	[RSP+2D8 ] 0x2309EB1D578      (void*)
	[RSP+2E0 ] 0x22FFFC0B838      (void*)
	[RSP+2E8 ] 0x7FF69A06A35E     (void* -> SkyrimSE.exe+10EA35E	sub qword ptr [rsi+0x20], 0x01)
	[RSP+2F0 ] 0x230B7544D40      (void*)
	[RSP+2F8 ] 0x0                (size_t) [0]
	[RSP+300 ] 0x2                (size_t) [2]
	[RSP+308 ] 0x2309EB1D578      (void*)
	[RSP+310 ] 0x22FFFC0B838      (void*)
	[RSP+318 ] 0x7FF69A06A35E     (void* -> SkyrimSE.exe+10EA35E	sub qword ptr [rsi+0x20], 0x01)
	[RSP+320 ] 0x2309E6E5F70      (void*)
	[RSP+328 ] 0x2309E68B200      (void*)
	[RSP+330 ] 0x2309E68B200      (void*)
	[RSP+338 ] 0x7FF699F4DA67     (void* -> SkyrimSE.exe+0FCDA67	add rsp, 0xF0)
	[RSP+340 ] 0x22FFFC0B760      (void*)
	[RSP+348 ] 0x7FF699FAE8AE     (void* -> SkyrimSE.exe+102E8AE	cmp rsi, [rdi+0x30])
	[RSP+350 ] 0x2309E6E5F70      (void*)
	[RSP+358 ] 0x0                (size_t) [0]
	[RSP+360 ] 0x879730E2B0       (void*)
	[RSP+368 ] 0x2309EB1D578      (void*)
	[RSP+370 ] 0x230B7544D40      (void*)
	[RSP+378 ] 0x2                (size_t) [2]
	[RSP+380 ] 0x2                (size_t) [2]
	[RSP+388 ] 0x2309E6EA6E0      (void*)
	[RSP+390 ] 0x2309EB10840      (char*) "totalTime"
	[RSP+398 ] 0x879730E270       (void*)
	[RSP+3A0 ] 0x0                (size_t) [0]
	[RSP+3A8 ] 0x7FF699F55AF7     (void* -> SkyrimSE.exe+0FD5AF7	movzx eax, byte ptr [rdi+0xCA])
	[RSP+3B0 ] 0x8700000006       (size_t) [579820584966]
	[RSP+3B8 ] 0x0                (size_t) [0]
	[RSP+3C0 ] 0x2309EB10840      (char*) "totalTime"
	[RSP+3C8 ] 0x22FFFC0B760      (void*)
	[RSP+3D0 ] 0x2309EB1D578      (void*)
	[RSP+3D8 ] 0x7FF699F4A2F9     (void* -> SkyrimSE.exe+0FCA2F9	cmp eax, 0x17)
	[RSP+3E0 ] 0x23100000002      (void*)
	[RSP+3E8 ] 0x7FF699F4F51C     (void* -> SkyrimSE.exe+0FCF51C	movzx eax, byte ptr [rbx+0x01])
	[RSP+3F0 ] 0x2309E6EA6E0      (void*)
	[RSP+3F8 ] 0x2309EB1D578      (void*)
	[RSP+400 ] 0x879730E270       (void*)
	[RSP+408 ] 0x0                (size_t) [0]
	[RSP+410 ] 0x2309EB10840      (char*) "totalTime"
	[RSP+418 ] 0x2309EB1D410      (void*)
	[RSP+420 ] 0x0                (size_t) [0]
	[RSP+428 ] 0x0                (size_t) [0]
	[RSP+430 ] 0x230B7544D20      (void*)
	[RSP+438 ] 0x2309E6E5F70      (void*)
	[RSP+440 ] 0x23000000003      (void*)
	[RSP+448 ] 0x2                (size_t) [2]
	[RSP+450 ] 0x0                (size_t) [0]
	[RSP+458 ] 0x7FF699F60B55     (void* -> SkyrimSE.exe+0FE0B55	mov rax, [rbp+0x140])
	[RSP+460 ] 0x879730E2D0       (void*)
	[RSP+468 ] 0x879730E130       (void*)
	[RSP+470 ] 0x230B7544D40      (void*)
	[RSP+478 ] 0x0                (size_t) [0]
	[RSP+480 ] 0x23147A74F00      (void*)
	[RSP+488 ] 0x2                (size_t) [2]
	[RSP+490 ] 0x879730030A       (void*)
	[RSP+498 ] 0x2309E6EBF90      (void*)
	[RSP+4A0 ] 0x23100000002      (void*)
	[RSP+4A8 ] 0x879730E640       (void*)
	[RSP+4B0 ] 0x8700000000       (size_t) [579820584960]
	[RSP+4B8 ] 0x23061FBB600      (void*)
	[RSP+4C0 ] 0x23101A74F80      (void*)
	[RSP+4C8 ] 0x0                (size_t) [0]
	[RSP+4D0 ] 0x2309EB1D578      (void*)
	[RSP+4D8 ] 0x2309EB1D410      (void*)
	[RSP+4E0 ] 0x2309E65B000      (void*)
	[RSP+4E8 ] 0x0                (size_t) [0]
	[RSP+4F0 ] 0x1E3300001E53     (size_t) [33204392173139]
	[RSP+4F8 ] 0x7FF600001E32     (size_t) [140694538690098]
	[RSP+500 ] 0x22FFFC0B760      (void*)
	[RSP+508 ] 0x231468BD3A0      (void*)
	[RSP+510 ] 0x7FF69A985980     (void* -> SkyrimSE.exe+1A05980	jo 0x00007FF69A985945)
	[RSP+518 ] 0x2309E6555E0      (Scaleform::TrueHUDMenu::Logger*)
	[RSP+520 ] 0x100              (size_t) [256]
	[RSP+528 ] 0x0                (size_t) [0]
	[RSP+530 ] 0x879735020F       (size_t) [582357418511]
	[RSP+538 ] 0x2306211C360      (void*)
	[RSP+540 ] 0x4000000000000002 (size_t) [4611686018427387906]
	[RSP+548 ] 0x7FF699F4A6DE     (void* -> SkyrimSE.exe+0FCA6DE	movzx eax, byte ptr [rsp+0x30])
	[RSP+550 ] 0x0                (size_t) [0]
	[RSP+558 ] 0x0                (size_t) [0]
	[RSP+560 ] 0x879730E230       (void*)
	[RSP+568 ] 0x7FF699F4B91A     (void* -> SkyrimSE.exe+0FCB91A	movzx eax, byte ptr [rbx+0x18])
	[RSP+570 ] 0x0                (size_t) [0]
	[RSP+578 ] 0x2306211C120      (void*)
	[RSP+580 ] 0x23147A74F60      (void*)
	[RSP+588 ] 0x879730E270       (void*)
	[RSP+590 ] 0x0                (size_t) [0]
	[RSP+598 ] 0x7FF699F57215     (void* -> SkyrimSE.exe+0FD7215	test rbx, rbx)
	[RSP+5A0 ] 0x23147A74F60      (void*)
	[RSP+5A8 ] 0x879730E3C0       (void*)
	[RSP+5B0 ] 0x3                (size_t) [3]
	[RSP+5B8 ] 0x879730E270       (void*)
	[RSP+5C0 ] 0x879730E388       (void*)
	[RSP+5C8 ] 0x0                (size_t) [0]
	[RSP+5D0 ] 0x0                (size_t) [0]
	[RSP+5D8 ] 0x7FF699F4AA60     (void* -> SkyrimSE.exe+0FCAA60	cmp eax, 0x17)
	[RSP+5E0 ] 0x22F4BB07020      (void*)
	[RSP+5E8 ] 0x22F4BB07020      (void*)
	[RSP+5F0 ] 0x0                (size_t) [0]
	[RSP+5F8 ] 0x230B7544D40      (void*)
	[RSP+600 ] 0x0                (size_t) [0]
	[RSP+608 ] 0x0                (size_t) [0]
	[RSP+610 ] 0x2309EB1D578      (void*)
	[RSP+618 ] 0x6                (size_t) [6]
	[RSP+620 ] 0x230B7544D20      (void*)
	[RSP+628 ] 0x7FF699F515BB     (void* -> SkyrimSE.exe+0FD15BB	mov al, 0x01)
	[RSP+630 ] 0x230B6D8AE38      (void*)
	[RSP+638 ] 0x0                (size_t) [0]
	[RSP+640 ] 0x4000000000000000 (size_t) [4611686018427387904]
	[RSP+648 ] 0x0                (size_t) [0]
	[RSP+650 ] 0x879730E638       (void*)
	[RSP+658 ] 0x2309EB1D840      (void*)
	[RSP+660 ] 0x2309EB1D508      (void*)
	[RSP+668 ] 0x2309E6C5970      (void*)
	[RSP+670 ] 0x0                (size_t) [0]
	[RSP+678 ] 0x4059000000000000 (size_t) [4636737291354636288]
	[RSP+680 ] 0x22F53AB7080      (void*)
	[RSP+688 ] 0x0                (size_t) [0]
	[RSP+690 ] 0x879730E2F1       (void*)
	[RSP+698 ] 0x7FFF9D1628CD     (void* -> msvcp_win.dll+00028CD	add rsp, 0x48)
	[RSP+6A0 ] 0x7FF69A97EBE8     (void* -> SkyrimSE.exe+19FEBE8	and [rdx+rsi*8+0x7FF699], dl)
	[RSP+6A8 ] 0x879730E240       (void*)
	[RSP+6B0 ] 0x230B7544D40      (void*)
	[RSP+6B8 ] 0x0                (size_t) [0]
	[RSP+6C0 ] 0x0                (size_t) [0]
	[RSP+6C8 ] 0x230B3D13D00      (void*)
	[RSP+6D0 ] 0x2309EB1D578      (void*)
	[RSP+6D8 ] 0xA00000002        (size_t) [42949672962]
	[RSP+6E0 ] 0x8                (size_t) [8]
	[RSP+6E8 ] 0x2309E6EA6E0      (void*)
	[RSP+6F0 ] 0x0                (size_t) [0]
	[RSP+6F8 ] 0x7FFF965E6500     (void* -> d3d11.dll+0016500	lea esi, [rdi+0x48])
	[RSP+700 ] 0x2309E6EA6E0      (void*)
	[RSP+708 ] 0x0                (size_t) [0]
	[RSP+710 ] 0x22F4DFBD000      (void*)
	[RSP+718 ] 0x927D3E3CBEBF     (size_t) [161066612735679]
	[RSP+720 ] 0x0                (size_t) [0]
	[RSP+728 ] 0x0                (size_t) [0]
	[RSP+730 ] 0x3FF0000000000000 (size_t) [4607182418800017408]
	[RSP+738 ] 0x0                (size_t) [0]
	[RSP+740 ] 0x43F0000000000000 (size_t) [4895412794951729152]
	[RSP+748 ] 0x0                (size_t) [0]
	[RSP+750 ] 0x3F800000         (size_t) [1065353216]
	[RSP+758 ] 0x0                (size_t) [0]
	[RSP+760 ] 0x879730E6B0       (void*)
	[RSP+768 ] 0x1                (size_t) [1]
	[RSP+770 ] 0x230B7544D40      (void*)
	[RSP+778 ] 0x2                (size_t) [2]
	[RSP+780 ] 0x2309EB1D578      (void*)
	[RSP+788 ] 0x2309E6EAB80      (void*)
	[RSP+790 ] 0x2309EB10C90      (char*) "progress"
	[RSP+798 ] 0x879730E670       (void*)
	[RSP+7A0 ] 0x0                (size_t) [0]
	[RSP+7A8 ] 0x7FF699F55B33     (void* -> SkyrimSE.exe+0FD5B33	lea rcx, [rsp+0x40])
	[RSP+7B0 ] 0x8700000007       (size_t) [579820584967]
	[RSP+7B8 ] 0x7                (size_t) [7]
	[RSP+7C0 ] 0x2309EB10C90      (char*) "progress"
	[RSP+7C8 ] 0x22FFFC0B760      (void*)
	[RSP+7D0 ] 0x879730E640       (void*)
	[RSP+7D8 ] 0x2309E6EAC00      (void*)
	[RSP+7E0 ] 0x23000000002      (void*)
	[RSP+7E8 ] 0x2309EB1D820      (void*)
	[RSP+7F0 ] 0x2309E6EAB80      (void*)
	[RSP+7F8 ] 0x2309EB1D578      (void*)
	[RSP+800 ] 0x879730E670       (void*)
	[RSP+808 ] 0x0                (size_t) [0]
	[RSP+810 ] 0x2309EB10C90      (char*) "progress"
	[RSP+818 ] 0x2309EB1D410      (void*)
	[RSP+820 ] 0x0                (size_t) [0]
	[RSP+828 ] 0x0                (size_t) [0]
	[RSP+830 ] 0x230B7544D20      (void*)
	[RSP+838 ] 0x2309E6EBF70      (void*)
	[RSP+840 ] 0x23000000002      (void*)
	[RSP+848 ] 0x1                (size_t) [1]
	[RSP+850 ] 0x0                (size_t) [0]
	[RSP+858 ] 0x7FF699F60B55     (void* -> SkyrimSE.exe+0FE0B55	mov rax, [rbp+0x140])
	[RSP+860 ] 0x879730E6D0       (void*)
	[RSP+868 ] 0x879730E530       (void*)
	[RSP+870 ] 0x230B7544D40      (void*)
	[RSP+878 ] 0x0                (size_t) [0]
	[RSP+880 ] 0x22FFFC0B800      (void*)
	[RSP+888 ] 0x2                (size_t) [2]
	[RSP+890 ] 0x879730E4A8       (void*)
	[RSP+898 ] 0x230B69F5F90      (void*)
	[RSP+8A0 ] 0x22F00000002      (void*)
	[RSP+8A8 ] 0x879730EA40       (void*)
	[RSP+8B0 ] 0x23000000000      (void*)
	[RSP+8B8 ] 0x23061FBBA00      (void*)
	[RSP+8C0 ] 0x870130E610       (size_t) [579840566800]
	[RSP+8C8 ] 0x0                (size_t) [0]
	[RSP+8D0 ] 0x2309EB1D578      (void*)
	[RSP+8D8 ] 0x2309EB1D410      (void*)
	[RSP+8E0 ] 0x2309E679000      (void*)
	[RSP+8E8 ] 0x0                (size_t) [0]
	[RSP+8F0 ] 0x10030000103D     (size_t) [17605070950461]
	[RSP+8F8 ] 0x23000001002      (void*)
	[RSP+900 ] 0x22FFFC0B760      (void*)
	[RSP+908 ] 0x230B6FB9940      (void*)
	[RSP+910 ] 0x7FF69A985980     (void* -> SkyrimSE.exe+1A05980	jo 0x00007FF69A985945)
	[RSP+918 ] 0x2309E6555E0      (Scaleform::TrueHUDMenu::Logger*)
	[RSP+920 ] 0x230B6000100      (char*) "#"
	[RSP+928 ] 0x0                (size_t) [0]
	[RSP+930 ] 0x2300005020F      (void*)
	[RSP+938 ] 0x2314782B930      (void*)
	[RSP+940 ] 0x3FF0000000000001 (size_t) [4607182418800017409]
	[RSP+948 ] 0x230B69F5F90      (void*)
	[RSP+950 ] 0x230B69F5F70      (void*)
	[RSP+958 ] 0x7FF699F5C719     (void* -> SkyrimSE.exe+0FDC719	mov rbx, [rsp+0x50])
	[RSP+960 ] 0x230B69F5F70      (void*)
	[RSP+968 ] 0x230B69F5F90      (void*)
	[RSP+970 ] 0x230B69F5F70      (void*)
	[RSP+978 ] 0x230B69F5F70      (void*)
	[RSP+980 ] 0x2306211C318      (void*)
	[RSP+988 ] 0x879730E610       (void*)
	[RSP+990 ] 0x0                (size_t) [0]
	[RSP+998 ] 0x7FF699F56EA1     (void* -> SkyrimSE.exe+0FD6EA1	mov rax, [rsi])
	[RSP+9A0 ] 0x23146894880      (void*)
	[RSP+9A8 ] 0x23146894880      (void*)
	[RSP+9B0 ] 0x0                (size_t) [0]
	[RSP+9B8 ] 0x879730E670       (void*)
	[RSP+9C0 ] 0x15BE2BEEA484     (size_t) [23906525029508]
	[RSP+9C8 ] 0x879730E5E0       (void*)
	[RSP+9D0 ] 0x879730EAB0       (void*)
	[RSP+9D8 ] 0x7FF699F515BB     (void* -> SkyrimSE.exe+0FD15BB	mov al, 0x01)
	[RSP+9E0 ] 0x22F4BB076E8      (void*)
	[RSP+9E8 ] 0x230B6A05EF0      (void*)
	[RSP+9F0 ] 0x0                (size_t) [0]
	[RSP+9F8 ] 0x230B6D88A48      (void*)
	[RSP+A00 ] 0x879730EAB0       (void*)
	[RSP+A08 ] 0x230B6A05F10      (void*)
	[RSP+A10 ] 0x2309EB1D578      (void*)
	[RSP+A18 ] 0x2306211C106      (void*)
	[RSP+A20 ] 0x230B7544D20      (void*)
	[RSP+A28 ] 0x7FF699F5147E     (void* -> SkyrimSE.exe+0FD147E	jmp 0x00007FF699F5149D)
	[RSP+A30 ] 0x22F4D28BD50      (void*)
	[RSP+A38 ] 0x0                (size_t) [0]
	[RSP+A40 ] 0x3FF0000000000000 (size_t) [4607182418800017408]
	[RSP+A48 ] 0x0                (size_t) [0]
	[RSP+A50 ] 0x879730EA38       (void*)
	[RSP+A58 ] 0x879730EAB0       (void*)
	[RSP+A60 ] 0x879730EA38       (void*)
	[RSP+A68 ] 0x2309E6C4370      (void*)
	[RSP+A70 ] 0x230B6D88900      (void*)
	[RSP+A78 ] 0x7FF699FA04FA     (void* -> SkyrimSE.exe+10204FA	add rsp, 0xB8)
	[RSP+A80 ] 0x0                (size_t) [0]
	[RSP+A88 ] 0x879730E6F1       (void*)
	[RSP+A90 ] 0x230B6A05EF0      (void*)
	[RSP+A98 ] 0x230B6D889B0      (void*)
	[RSP+AA0 ] 0x7FF69A97EBE8     (void* -> SkyrimSE.exe+19FEBE8	and [rdx+rsi*8+0x7FF699], dl)
	[RSP+AA8 ] 0x879730E640       (void*)
	[RSP+AB0 ] 0x230B7544D40      (void*)
	[RSP+AB8 ] 0x0                (size_t) [0]
	[RSP+AC0 ] 0x0                (size_t) [0]
	[RSP+AC8 ] 0x3F80000000000000 (size_t) [4575657221408423936]
	[RSP+AD0 ] 0x2309EB1D578      (void*)
	[RSP+AD8 ] 0x500000001        (size_t) [21474836481]
	[RSP+AE0 ] 0x8                (size_t) [8]
	[RSP+AE8 ] 0x2309E6EAB80      (void*)
	[RSP+AF0 ] 0x0                (size_t) [0]
	[RSP+AF8 ] 0x0                (size_t) [0]
	[RSP+B00 ] 0x2309E6EAB80      (void*)
	[RSP+B08 ] 0x0                (size_t) [0]
	[RSP+B10 ] 0x0                (size_t) [0]
	[RSP+B18 ] 0x927D3E3CBABF     (size_t) [161066612734655]
	[RSP+B20 ] 0x0                (size_t) [0]
	[RSP+B28 ] 0x0                (size_t) [0]
	[RSP+B30 ] 0x3FF0000000000000 (size_t) [4607182418800017408]
	[RSP+B38 ] 0x0                (size_t) [0]
	[RSP+B40 ] 0x43F0000000000000 (size_t) [4895412794951729152]
	[RSP+B48 ] 0x0                (size_t) [0]
	[RSP+B50 ] 0x3F800000         (size_t) [1065353216]
	[RSP+B58 ] 0x0                (size_t) [0]
	[RSP+B60 ] 0x230B6D88A48      (void*)
	[RSP+B68 ] 0x1                (size_t) [1]
	[RSP+B70 ] 0x230B6D88A48      (void*)
	[RSP+B78 ] 0x2                (size_t) [2]
	[RSP+B80 ] 0x2309EB1D578      (void*)
	[RSP+B88 ] 0x230B6A06ED0      (void*)
	[RSP+B90 ] 0x230690F5F20      (char*) "setProgress"
	[RSP+B98 ] 0x879730EA70       (void*)
	[RSP+BA0 ] 0x0                (size_t) [0]
	[RSP+BA8 ] 0x7FF699F55B33     (void* -> SkyrimSE.exe+0FD5B33	lea rcx, [rsp+0x40])
	[RSP+BB0 ] 0x8700000002       (size_t) [579820584962]
	[RSP+BB8 ] 0x0                (size_t) [0]
	[RSP+BC0 ] 0x230690F5F20      (char*) "setProgress"
	[RSP+BC8 ] 0x22FFFC0B760      (void*)
	[RSP+BD0 ] 0x879730EA40       (void*)
	[RSP+BD8 ] 0x230B6A06F50      (void*)
	[RSP+BE0 ] 0x2                (size_t) [2]
	[RSP+BE8 ] 0x0                (size_t) [0]
	[RSP+BF0 ] 0x230B6A06ED0      (void*)
	[RSP+BF8 ] 0x2309EB1D578      (void*)
	[RSP+C00 ] 0x879730EA70       (void*)
	[RSP+C08 ] 0x0                (size_t) [0]
	[RSP+C10 ] 0x230690F5F20      (char*) "setProgress"
	[RSP+C18 ] 0x2309EB1D410      (void*)
	[RSP+C20 ] 0x0                (size_t) [0]
	[RSP+C28 ] 0x230B6D889B0      (void*)
	[RSP+C30 ] 0x0                (size_t) [0]
	[RSP+C38 ] 0x230B69F5F70      (void*)
	[RSP+C40 ] 0x23000000001      (void*)
	[RSP+C48 ] 0x1                (size_t) [1]
	[RSP+C50 ] 0x0                (size_t) [0]
	[RSP+C58 ] 0x7FF699F60B55     (void* -> SkyrimSE.exe+0FE0B55	mov rax, [rbp+0x140])
	[RSP+C60 ] 0x879730EAD0       (void*)
	[RSP+C68 ] 0x879730E930       (void*)
	[RSP+C70 ] 0x230B6D88A48      (void*)
	[RSP+C78 ] 0x0                (size_t) [0]
	[RSP+C80 ] 0x22FFFC0B800      (void*)
	[RSP+C88 ] 0x2                (size_t) [2]
	[RSP+C90 ] 0x879730E8A8       (void*)
	[RSP+C98 ] 0x2309EB12F90      (void*)
	[RSP+CA0 ] 0x8700000002       (size_t) [579820584962]
	[RSP+CA8 ] 0x879730ED20       (void*)
	[RSP+CB0 ] 0x23000000000      (void*)
	[RSP+CB8 ] 0x23061FBB840      (void*)
	[RSP+CC0 ] 0x870130EA10       (size_t) [579840567824]
	[RSP+CC8 ] 0x0                (size_t) [0]
	[RSP+CD0 ] 0x2309EB1D578      (void*)
	[RSP+CD8 ] 0x2309EB1D410      (void*)
	[RSP+CE0 ] 0x2309E665000      (void*)
	[RSP+CE8 ] 0x0                (size_t) [0]
	[RSP+CF0 ] 0x4698000046BB     (size_t) [77618648991419]
	[RSP+CF8 ] 0x23000004697      (void*)
	[RSP+D00 ] 0x22FFFC0B760      (void*)
	[RSP+D08 ] 0x2309E23F660      (void*)
	[RSP+D10 ] 0x7FF69A985980     (void* -> SkyrimSE.exe+1A05980	jo 0x00007FF69A985945)
	[RSP+D18 ] 0x2309E6555E0      (Scaleform::TrueHUDMenu::Logger*)
	[RSP+D20 ] 0x2309E000100      (void*)
	[RSP+D28 ] 0x0                (size_t) [0]
	[RSP+D30 ] 0x5020F            (size_t) [328207]
	[RSP+D38 ] 0x230B75DD990      (void*)
	[RSP+D40 ] 0x3FF0000000000001 (size_t) [4607182418800017409]
	[RSP+D48 ] 0x2309EB12F90      (void*)
	[RSP+D50 ] 0x2309EB12F70      (void*)
	[RSP+D58 ] 0x7FF699F5C719     (void* -> SkyrimSE.exe+0FDC719	mov rbx, [rsp+0x50])
	[RSP+D60 ] 0x2309EB12F70      (void*)
	[RSP+D68 ] 0x2309EB12F90      (void*)
	[RSP+D70 ] 0x2309EB12F70      (void*)
	[RSP+D78 ] 0x2309EB12F70      (void*)
	[RSP+D80 ] 0x2306211C318      (void*)
	[RSP+D88 ] 0x879730EA10       (void*)
	[RSP+D90 ] 0x0                (size_t) [0]
	[RSP+D98 ] 0x7FF699F56EA1     (void* -> SkyrimSE.exe+0FD6EA1	mov rax, [rsi])
	[RSP+DA0 ] 0x230B6D8AEA0      (void*)
	[RSP+DA8 ] 0x230B6D8AEA0      (void*)
	[RSP+DB0 ] 0x0                (size_t) [0]
	[RSP+DB8 ] 0x879730EA70       (void*)
	[RSP+DC0 ] 0x0                (size_t) [0]
	[RSP+DC8 ] 0x0                (size_t) [0]
	[RSP+DD0 ] 0x0                (size_t) [0]
	[RSP+DD8 ] 0x0                (size_t) [0]
	[RSP+DE0 ] 0x0                (size_t) [0]
	[RSP+DE8 ] 0x0                (size_t) [0]
	[RSP+DF0 ] 0x0                (size_t) [0]
	[RSP+DF8 ] 0x2309EB1CB08      (void*)
	[RSP+E00 ] 0x0                (size_t) [0]
	[RSP+E08 ] 0x0                (size_t) [0]
	[RSP+E10 ] 0x2309EB1D578      (void*)
	[RSP+E18 ] 0x7                (size_t) [7]
	[RSP+E20 ] 0x230B6FB4780      (char*) "
"
	[RSP+E28 ] 0x0                (size_t) [0]
	[RSP+E30 ] 0x0                (size_t) [0]
	[RSP+E38 ] 0x230B6D889B0      (void*)
	[RSP+E40 ] 0x3FF0000000000000 (size_t) [4607182418800017408]
	[RSP+E48 ] 0x0                (size_t) [0]
	[RSP+E50 ] 0x0                (size_t) [0]
	[RSP+E58 ] 0x0                (size_t) [0]
	[RSP+E60 ] 0x0                (size_t) [0]
	[RSP+E68 ] 0x230690F5390      (void*)
	[RSP+E70 ] 0x0                (size_t) [0]
	[RSP+E78 ] 0x0                (size_t) [0]
	[RSP+E80 ] 0x0                (size_t) [0]
	[RSP+E88 ] 0x0                (size_t) [0]
	[RSP+E90 ] 0x0                (size_t) [0]
	[RSP+E98 ] 0x0                (size_t) [0]
	[RSP+EA0 ] 0x7FF69A97EBE8     (void* -> SkyrimSE.exe+19FEBE8	and [rdx+rsi*8+0x7FF699], dl)
	[RSP+EA8 ] 0x879730EA40       (void*)
	[RSP+EB0 ] 0x230B6D88A48      (void*)
	[RSP+EB8 ] 0x0                (size_t) [0]
	[RSP+EC0 ] 0x0                (size_t) [0]
	[RSP+EC8 ] 0x0                (size_t) [0]
	[RSP+ED0 ] 0x2309EB1D578      (void*)
	[RSP+ED8 ] 0x100000001        (size_t) [4294967297]
	[RSP+EE0 ] 0x8                (size_t) [8]
	[RSP+EE8 ] 0x230B6A06ED0      (void*)
	[RSP+EF0 ] 0x0                (size_t) [0]
	[RSP+EF8 ] 0x0                (size_t) [0]
	[RSP+F00 ] 0x230B6A06ED0      (void*)
	[RSP+F08 ] 0x0                (size_t) [0]
	[RSP+F10 ] 0x0                (size_t) [0]
	[RSP+F18 ] 0x927D3E3CB6BF     (size_t) [161066612733631]
	[RSP+F20 ] 0x0                (size_t) [0]
	[RSP+F28 ] 0x0                (size_t) [0]
	[RSP+F30 ] 0x0                (size_t) [0]
	[RSP+F38 ] 0x0                (size_t) [0]
	[RSP+F40 ] 0x3C388FFF         (size_t) [1010339839]
	[RSP+F48 ] 0x0                (size_t) [0]
	[RSP+F50 ] 0x3F800000         (size_t) [1065353216]
	[RSP+F58 ] 0x0                (size_t) [0]
	[RSP+F60 ] 0x0                (size_t) [0]
	[RSP+F68 ] 0x230621200E0      (void*)
	[RSP+F70 ] 0x2309EB1CB08      (void*)
	[RSP+F78 ] 0x23061FBC168      (void*)
	[RSP+F80 ] 0x0                (size_t) [0]
	[RSP+F88 ] 0x230B69E3990      (void*)
	[RSP+F90 ] 0x0                (size_t) [0]
	[RSP+F98 ] 0x879730EC68       (void*)
	[RSP+FA0 ] 0x0                (size_t) [0]
	[RSP+FA8 ] 0x7FF699F55B33     (void* -> SkyrimSE.exe+0FD5B33	lea rcx, [rsp+0x40])
	[RSP+FB0 ] 0x8700000002       (size_t) [579820584962]
	[RSP+FB8 ] 0x0                (size_t) [0]
	[RSP+FC0 ] 0x0                (size_t) [0]
	[RSP+FC8 ] 0x22FFFC0B760      (void*)
	[RSP+FD0 ] 0x879730ED20       (void*)
	[RSP+FD8 ] 0x230B69E3A10      (void*)
	[RSP+FE0 ] 0x23000000002      (void*)
	[RSP+FE8 ] 0x0                (size_t) [0]
	[RSP+FF0 ] 0x230B69E3990      (void*)
	[RSP+FF8 ] 0x2309EB1D578      (void*)
	[RSP+1000] 0x879730EC68       (void*)
	[RSP+1008] 0x0                (size_t) [0]
	[RSP+1010] 0x0                (size_t) [0]
	[RSP+1018] 0x2309EB1D410      (void*)
	[RSP+1020] 0x0                (size_t) [0]
	[RSP+1028] 0x2309EB1CA70      (void*)
	[RSP+1030] 0x0                (size_t) [0]
	[RSP+1038] 0x2309EB12F70      (void*)
	[RSP+1040] 0x0                (size_t) [0]
	[RSP+1048] 0x0                (size_t) [0]
	[RSP+1050] 0x23061FBC168      (void*)
	[RSP+1058] 0x7FF699F65325     (void* -> SkyrimSE.exe+0FE5325	movzx edx, byte ptr [rsp+0x60])
	[RSP+1060] 0x879730ED20       (void*)
	[RSP+1068] 0x7FF69A97EBE8     (void* -> SkyrimSE.exe+19FEBE8	and [rdx+rsi*8+0x7FF699], dl)
	[RSP+1070] 0x2309EB1CB08      (void*)
	[RSP+1078] 0x23061FBC168      (void*)
	[RSP+1080] 0x230B69E3990      (void*)
	[RSP+1088] 0x0                (size_t) [0]
	[RSP+1090] 0x0                (size_t) [0]
	[RSP+1098] 0x7FF69A97EBE8     (void* -> SkyrimSE.exe+19FEBE8	and [rdx+rsi*8+0x7FF699], dl)
	[RSP+10A0] 0x879730ED20       (void*)
	[RSP+10A8] 0x2309EB1CB08      (void*)
	[RSP+10B0] 0x0                (size_t) [0]
	[RSP+10B8] 0x0                (size_t) [0]
	[RSP+10C0] 0x23062120000      (char*) "externalinterface"
	[RSP+10C8] 0x23061FBC168      (void*)
	[RSP+10D0] 0x100000001        (size_t) [4294967297]
	[RSP+10D8] 0x1                (size_t) [1]
	[RSP+10E0] 0x1                (size_t) [1]
	[RSP+10E8] 0x7FF699F2C1E9     (void* -> SkyrimSE.exe+0FAC1E9	movzx esi, al)
	[RSP+10F0] 0x7FFE3208EB88     (char*) "setProgress"
	[RSP+10F8] 0x879730EE18       (void*)
	[RSP+1100] 0x1                (size_t) [1]
	[RSP+1108] 0xA267717200000000 (size_t) [uint: 11702446891185733632 int: -6744297182523817984]
	[RSP+1110] 0x8700000001       (size_t) [579820584961]
	[RSP+1118] 0x8700000001       (size_t) [579820584961]
	[RSP+1120] 0x0                (size_t) [0]
	[RSP+1128] 0x0                (size_t) [0]
	[RSP+1130] 0x45DF5C7532D86C03 (size_t) [5034844566857477123]
	[RSP+1138] 0x3FF0000000000000 (size_t) [4607182418800017408]
	[RSP+1140] 0x8                (size_t) [8]
	[RSP+1148] 0xBFD06116C8D75180 (size_t) [uint: 13821654006886781312 int: -4625090066822770304]
	[RSP+1150] 0x14100            (size_t) [82176]
	[RSP+1158] 0x0                (size_t) [0]
	[RSP+1160] 0x0                (size_t) [0]
	[RSP+1168] 0x23061FBC258      (void*)
	[RSP+1170] 0x23147A70F08      (void*)
	[RSP+1178] 0x230B69E3990      (void*)
	[RSP+1180] 0x0                (size_t) [0]
	[RSP+1188] 0x0                (size_t) [0]
	[RSP+1190] 0x7FF69C0DCEB0     (void* -> SkyrimSE.exe+315CEB0	add [rax], al)
	[RSP+1198] 0x1                (size_t) [1]
	[RSP+11A0] 0x230621200E0      (void*)
	[RSP+11A8] 0x230621235D0      (void*)
	[RSP+11B0] 0x230B39ADCB0      (Scaleform::PlayerWidget*)
	[RSP+11B8] 0x7FFE32057B97     (void* -> TrueHUD.dll+0057B97	lea r11, [rsp+0x50])
	[RSP+11C0] 0x7FFE3208EB88     (char*) "setProgress"
	[RSP+11C8] 0x230690F5390      (void*)
	[RSP+11D0] 0x0                (size_t) [0]
	[RSP+11D8] 0x879730EE30       (void*)
	[RSP+11E0] 0x879730EE30       (void*)
	[RSP+11E8] 0x1                (size_t) [1]
	[RSP+11F0] 0x1                (size_t) [1]
	[RSP+11F8] 0x879730F090       (void*)
	[RSP+1200] 0x13969            (size_t) [80233]
	[RSP+1208] 0x14150            (size_t) [82256]
	[RSP+1210] 0x0                (size_t) [0]
	[RSP+1218] 0x0                (size_t) [0]
	[RSP+1220] 0x2306143C270      (Scaleform::TrueHUDMenu*)
	[RSP+1228] 0x7FFE32056634     (void* -> TrueHUD.dll+0056634	nop)
	[RSP+1230] 0x230B39ADCB0      (Scaleform::PlayerWidget*)
	[RSP+1238] 0x879730EF70       (void*)
	[RSP+1240] 0x230B39ADCB0      (Scaleform::PlayerWidget*)
	[RSP+1248] 0x230798B9890      (void*)
	[RSP+1250] 0x1                (size_t) [1]
	[RSP+1258] 0x7FF699FAB17D     (void* -> SkyrimSE.exe+102B17D	mov rbx, [rsp+0x68])
	[RSP+1260] 0x0                (size_t) [0]
	[RSP+1268] 0x3                (size_t) [3]
	[RSP+1270] 0x3FF0000000000000 (size_t) [4607182418800017408]
	[RSP+1278] 0x5A99DB4B3485     (size_t) [99616855635077]
	[RSP+1280] 0x0                (size_t) [0]
	[RSP+1288] 0x0                (size_t) [0]
	[RSP+1290] 0x230B39ADCB0      (Scaleform::PlayerWidget*)
	[RSP+1298] 0x7FFE32053592     (void* -> TrueHUD.dll+0053592	mov rax, [rsi])
	[RSP+12A0] 0x23061FBC258      (void*)
	[RSP+12A8] 0x230B39ADCB0      (Scaleform::PlayerWidget*)
	[RSP+12B0] 0x230B39ADCB0      (Scaleform::PlayerWidget*)
	[RSP+12B8] 0x7FF699F55CA6     (void* -> SkyrimSE.exe+0FD5CA6	mov rdi, [rsp+0x78])
	[RSP+12C0] 0x23061FBC201      (void*)
	[RSP+12C8] 0x7FF69A97EBE8     (void* -> SkyrimSE.exe+19FEBE8	and [rdx+rsi*8+0x7FF699], dl)
	[RSP+12D0] 0x879730EF68       (void*)
	[RSP+12D8] 0x23061FBC168      (void*)
	[RSP+12E0] 0x879730F090       (void*)
	[RSP+12E8] 0x2                (size_t) [2]
	[RSP+12F0] 0x879730EFC8       (void*)
	[RSP+12F8] 0x7FF699F4B9AA     (void* -> SkyrimSE.exe+0FCB9AA	xor edi, edi)
	[RSP+1300] 0x23061FBC108      (void*)
	[RSP+1308] 0x0                (size_t) [0]
	[RSP+1310] 0x0                (size_t) [0]
	[RSP+1318] 0x0                (size_t) [0]
	[RSP+1320] 0x23147A70F60      (void*)
	[RSP+1328] 0x7FF699F6B0F3     (void* -> SkyrimSE.exe+0FEB0F3	mov rax, rbx)
	[RSP+1330] 0x0                (size_t) [0]
	[RSP+1338] 0x23147A70F80      (void*)
	[RSP+1340] 0x879730F000       (void*)
	[RSP+1348] 0x5268E236256FD2A0 (size_t) [5938244830872195744]
	[RSP+1350] 0x0                (size_t) [0]
	[RSP+1358] 0x0                (size_t) [0]
	[RSP+1360] 0xB2BD0B28C5BA3B00 (size_t) [uint: 12879462779093400320 int: -5567281294616151296]
	[RSP+1368] 0x5CB36A042BB45A92 (size_t) [6679799238466230930]
	[RSP+1370] 0x0                (size_t) [0]
	[RSP+1378] 0x0                (size_t) [0]
	[RSP+1380] 0xEC63F2269B64C200 (size_t) [uint: 17033724463275098624 int: -1413019610434452992]
	[RSP+1388] 0x26D930A756AA39C  (size_t) [174957633666196380]
	[RSP+1390] 0xEB0E363F9C0906A9 (size_t) [uint: 16937534895415690921 int: -1509209178293860695]
	[RSP+1398] 0x7FF69A97EBE8     (void* -> SkyrimSE.exe+19FEBE8	and [rdx+rsi*8+0x7FF699], dl)
	[RSP+13A0] 0x879730EFE8       (void*)
	[RSP+13A8] 0x23147A70F80      (void*)
	[RSP+13B0] 0x0                (size_t) [0]
	[RSP+13B8] 0x0                (size_t) [0]
	[RSP+13C0] 0xF1D4E24286D3D200 (size_t) [uint: 17425801633561039360 int: -1020942440148512256]
	[RSP+13C8] 0x23061FBC168      (void*)
	[RSP+13D0] 0x0                (size_t) [0]
	[RSP+13D8] 0x18B747776FB07708 (size_t) [1780970755948836616]
	[RSP+13E0] 0x0                (size_t) [0]
	[RSP+13E8] 0x0                (size_t) [0]
	[RSP+13F0] 0xF862AE698F659E00 (size_t) [uint: 17898059637524372992 int: -548684436185178624]
	[RSP+13F8] 0x166CCF45616BFF06 (size_t) [1615894263213326086]
	[RSP+1400] 0x0                (size_t) [0]
	[RSP+1408] 0x3903B3C24E048354 (size_t) [4108324932205970260]
	[RSP+1410] 0xD06016F7A7672661 (size_t) [uint: 15015026410574521953 int: -3431717663135029663]
	[RSP+1418] 0x3E6E77DB49694706 (size_t) [4498664861502883590]
	[RSP+1420] 0x0                (size_t) [0]
	[RSP+1428] 0x37D83BF040DF0B66 (size_t) [4024032170122087270]
	[RSP+1430] 0xDEBB9EC5A9BCAE53 (size_t) [uint: 16049596268858355283 int: -2397147804851196333]
	[RSP+1438] 0x7FF699F532CF     (void* -> SkyrimSE.exe+0FD32CF	add eax, 0xFFFFFFFA)
	[RSP+1440] 0x879730F0A8       (void*)
	[RSP+1448] 0x7FF699F515BB     (void* -> SkyrimSE.exe+0FD15BB	mov al, 0x01)
	[RSP+1450] 0x5A99DB4B34F5     (size_t) [99616855635189]
	[RSP+1458] 0x23062122000      (void*)
	[RSP+1460] 0x0                (size_t) [0]
	[RSP+1468] 0x0                (size_t) [0]
	[RSP+1470] 0x0                (size_t) [0]
	[RSP+1478] 0x0                (size_t) [0]
	[RSP+1480] 0x0                (size_t) [0]
	[RSP+1488] 0x0                (size_t) [0]
	[RSP+1490] 0x0                (size_t) [0]
	[RSP+1498] 0x0                (size_t) [0]
	[RSP+14A0] 0x0                (size_t) [0]
	[RSP+14A8] 0x0                (size_t) [0]
	[RSP+14B0] 0x0                (size_t) [0]
	[RSP+14B8] 0x0                (size_t) [0]
	[RSP+14C0] 0x0                (size_t) [0]
	[RSP+14C8] 0x0                (size_t) [0]
	[RSP+14D0] 0x0                (size_t) [0]
	[RSP+14D8] 0x0                (size_t) [0]
	[RSP+14E0] 0x3C388FFF         (size_t) [1010339839]
	[RSP+14E8] 0x0                (size_t) [0]
	[RSP+14F0] 0x0                (size_t) [0]
	[RSP+14F8] 0x0                (size_t) [0]
	[RSP+1500] 0x0                (size_t) [0]
	[RSP+1508] 0x0                (size_t) [0]
	[RSP+1510] 0x879730F240       (void*)
	[RSP+1518] 0x7FFE320534C2     (void* -> TrueHUD.dll+00534C2	cmp byte ptr [0x00007FFE320AB660], 0x00)
	[RSP+1520] 0x10907            (size_t) [67847]
	[RSP+1528] 0x230B39ADCB0      (Scaleform::PlayerWidget*)
	[RSP+1530] 0x2314DB319C0      (void*)
	[RSP+1538] 0x230798B9890      (void*)
	[RSP+1540] 0x6                (size_t) [6]
	[RSP+1548] 0x0                (size_t) [0]
	[RSP+1550] 0x989680           (size_t) [10000000]
	[RSP+1558] 0x5A99DB4B2A75     (size_t) [99616855632501]
	[RSP+1560] 0x230B39ADCB0      (Scaleform::PlayerWidget*)
	[RSP+1568] 0x7FFE3204D55F     (void* -> TrueHUD.dll+004D55F	xorps xmm0, xmm0)
	[RSP+1570] 0x0                (size_t) [0]
	[RSP+1578] 0x879730F240       (void*)
	[RSP+1580] 0x2314DB319C0      (void*)
	[RSP+1588] 0x879730F1A0       (void*)
	[RSP+1590] 0x0                (size_t) [0]
	[RSP+1598] 0x7FFF99E53721     (void* -> dxgi.dll+0033721	add rsp, 0x68)
	[RSP+15A0] 0x0                (size_t) [0]
	[RSP+15A8] 0x879730F1E0       (void*)
	[RSP+15B0] 0x22F4BB070A8      (void*)
	[RSP+15B8] 0x7FFF99E53E22     (void* -> dxgi.dll+0033E22	add rsp, 0x48)
	[RSP+15C0] 0x879730F1A0       (void*)
	[RSP+15C8] 0x0                (size_t) [0]
	[RSP+15D0] 0x0                (size_t) [0]
	[RSP+15D8] 0x7FFF99E4224C     (void* -> dxgi.dll+002224C	test al, al)
	[RSP+15E0] 0x879730F1F0       (void*)
	[RSP+15E8] 0x4                (size_t) [4]
	[RSP+15F0] 0xD10EED95FB56     (size_t) [229862045776726]
	[RSP+15F8] 0x0                (size_t) [0]
	[RSP+1600] 0x22F4BB07020      (void*)
	[RSP+1608] 0x7FFF99E5482F     (void* -> dxgi.dll+003482F	mov rbx, [rsp+0xC8])
	[RSP+1610] 0x8700000000       (size_t) [579820584960]
	[RSP+1618] 0x22F4BB07020      (void*)
	[RSP+1620] 0x8700000000       (size_t) [579820584960]
	[RSP+1628] 0x0                (size_t) [0]
	[RSP+1630] 0x0                (size_t) [0]
	[RSP+1638] 0x0                (size_t) [0]
	[RSP+1640] 0x230621200E0      (void*)
	[RSP+1648] 0x47               (size_t) [71]
	[RSP+1650] 0x23147A70F80      (void*)
	[RSP+1658] 0x22F4BB07020      (void*)
	[RSP+1660] 0x0                (size_t) [0]
	[RSP+1668] 0x1                (size_t) [1]
	[RSP+1670] 0x0                (size_t) [0]
	[RSP+1678] 0x31C5CD00         (size_t) [835046656]
	[RSP+1680] 0x0                (size_t) [0]
	[RSP+1688] 0x0                (size_t) [0]
	[RSP+1690] 0xD10EED95FB26     (size_t) [229862045776678]
	[RSP+1698] 0x0                (size_t) [0]
	[RSP+16A0] 0x0                (size_t) [0]
	[RSP+16A8] 0x0                (size_t) [0]
	[RSP+16B0] 0x0                (size_t) [0]
	[RSP+16B8] 0x7FFE31B9E633     (void* -> gameoverlayrenderer64.dll+008E633	mov eax, esi)
	[RSP+16C0] 0x0                (size_t) [0]
	[RSP+16C8] 0x7FFE00000000     (size_t) [140728898420736]
	[RSP+16D0] 0x22F53AA66B0      (CD3D11Renderer*)
	[RSP+16D8] 0x7FFF9F55A0A1     (void* -> ntdll.dll+002A0A1	mov r10, rbx)
	[RSP+16E0] 0x7FF69C56F870     (void* -> SkyrimSE.exe+35EF870	add [rax], al)
	[RSP+16E8] 0x7FF699C4A258     (void* -> SkyrimSE.exe+0CCA258	mov rax, [rsp+0x30])
	[RSP+16F0] 0x3                (size_t) [3]
	[RSP+16F8] 0x7FF699DC4816     (void* -> SkyrimSE.exe+0E44816	cmp byte ptr [0x00007FF69AFAB158], 0x00)
	[RSP+1700] 0x23065F12B00      (NiCamera*)
		RTTIName: "NiCamera"
		Flags: kSelectiveUpdate | kSelectiveUpdateTransforms | kSelectiveUpdateController
	[RSP+1708] 0x0                (size_t) [0]
	[RSP+1710] 0x0                (size_t) [0]
	[RSP+1718] 0x7FFF9F557027     (void* -> ntdll.dll+0027027	jmp 0x00007FFF9F556FC3)
	[RSP+1720] 0x7FF69C20AFB0     (void* -> SkyrimSE.exe+328AFB0	)
	[RSP+1728] 0x22F3F0BA700      (Main*)
	[RSP+1730] 0xFFFFFFFA         (size_t) [4294967290]
	[RSP+1738] 0x0                (size_t) [0]
	[RSP+1740] 0x0                (size_t) [0]
	[RSP+1748] 0x7FF6995C4212     (void* -> SkyrimSE.exe+0644212	cmp byte ptr [0x00007FF69AF92490], 0x00)
	[RSP+1750] 0x0                (size_t) [0]
	[RSP+1758] 0x7FF69C108200     (void* -> SkyrimSE.exe+3188200	add [rax], al)
	[RSP+1760] 0x0                (size_t) [0]
	[RSP+1768] 0x7FF69C108200     (void* -> SkyrimSE.exe+3188200	add [rax], al)
	[RSP+1770] 0x230B3B52700      (void*)
	[RSP+1778] 0x22F25FDCD16      (void* -> tbbmalloc.dll+000CD16	mov rdi, rax)
	[RSP+1780] 0x5A99DB4B2BC5     (size_t) [99616855632837]
	[RSP+1788] 0x0                (size_t) [0]
	[RSP+1790] 0x0                (size_t) [0]
	[RSP+1798] 0x0                (size_t) [0]
	[RSP+17A0] 0x3C388FFF         (size_t) [1010339839]
	[RSP+17A8] 0x0                (size_t) [0]
	[RSP+17B0] 0x22F27442450      (void*)
	[RSP+17B8] 0x0                (size_t) [0]
	[RSP+17C0] 0x7FF69C0DCEB0     (void* -> SkyrimSE.exe+315CEB0	add [rax], al)
	[RSP+17C8] 0x0                (size_t) [0]
	[RSP+17D0] 0x989680           (size_t) [10000000]
	[RSP+17D8] 0x2314DB319C0      (void*)
	[RSP+17E0] 0x879730F478       (void*)
	[RSP+17E8] 0x7FFE3204554C     (void* -> TrueHUD.dll+004554C	mov rcx, [rbx+0x10])
	[RSP+17F0] 0x5EBA1A516F       (size_t) [406849212783]
	[RSP+17F8] 0x7FF699C46ED7     (void* -> SkyrimSE.exe+0CC6ED7	mov [rbx+0x08], rax)
	[RSP+1800] 0x2306143C270      (Scaleform::TrueHUDMenu*)
	[RSP+1808] 0x879730F478       (void*)
	[RSP+1810] 0x0                (size_t) [0]
	[RSP+1818] 0x0                (size_t) [0]
	[RSP+1820] 0x2                (size_t) [2]
	[RSP+1828] 0x7FF699F24E57     (void* -> SkyrimSE.exe+0FA4E57	add rbx, 0x08)
	[RSP+1830] 0x2314DB319C0      (void*)
	[RSP+1838] 0x7FF69A6F6840     (void* -> SkyrimSE.exe+1776840	jo 0x00007FF69A6F68B2)
	[RSP+1840] 0x879730F478       (void*)
	[RSP+1848] 0x22F3F076E80      (NiCamera*)
		Name: "WorldRoot Camera"
		RTTIName: "NiCamera"
		Flags: kSelectiveUpdate | kSelectiveUpdateTransforms | kSelectiveUpdateController
		Checking Parent: 0
			Name: "WorldRoot CameraNode"
			RTTIName: "NiNode"
			Flags: kSelectiveUpdate | kSelectiveUpdateTransforms | kSelectiveUpdateController
			Checking Parent: 0
				Name: "WorldRoot Node"
				RTTIName: "SceneGraph"
				Flags: kSelectiveUpdate | kSelectiveUpdateTransforms | kSelectiveUpdateController
		Name: "WorldRoot Camera"
	[RSP+1850] 0xFFFFFFFFFFFFFFFE (size_t) [uint: 18446744073709551614 int: -2]
	[RSP+1858] 0x7FF69A6E8160     (void* -> SkyrimSE.exe+1768160	sbb bh, cl)
	[RSP+1860] 0x879730F448       (void*)
	[RSP+1868] 0x7FF69A6E8160     (void* -> SkyrimSE.exe+1768160	sbb bh, cl)
	[RSP+1870] 0x879730F448       (void*)
	[RSP+1878] 0x22F27442B20      (ScrapHeap*)
	[RSP+1880] 0x2314DB319C0      (void*)
	[RSP+1888] 0x7FF600000006     (size_t) [140694538682374]
	[RSP+1890] 0x23000000006      (void*)
	[RSP+1898] 0x23053C2F2F0      (void*)
	[RSP+18A0] 0x0                (size_t) [0]
	[RSP+18A8] 0x0                (size_t) [0]
	[RSP+18B0] 0x22F27442450      (void*)
	[RSP+18B8] 0x768              (size_t) [1896]
	[RSP+18C0] 0x22F3F0BA700      (Main*)
	[RSP+18C8] 0x1                (size_t) [1]
	[RSP+18D0] 0x22F3F076E80      (NiCamera*)
		Name: "WorldRoot Camera"
		RTTIName: "NiCamera"
		Flags: kSelectiveUpdate | kSelectiveUpdateTransforms | kSelectiveUpdateController
		Checking Parent: 0
			Name: "WorldRoot CameraNode"
			RTTIName: "NiNode"
			Flags: kSelectiveUpdate | kSelectiveUpdateTransforms | kSelectiveUpdateController
			Checking Parent: 0
				Name: "WorldRoot Node"
				RTTIName: "SceneGraph"
				Flags: kSelectiveUpdate | kSelectiveUpdateTransforms | kSelectiveUpdateController
		Name: "WorldRoot Camera"
	[RSP+18D8] 0x2                (size_t) [2]
	[RSP+18E0] 0x879730F500       (void*)
	[RSP+18E8] 0x7FF6995C6995     (void* -> SkyrimSE.exe+0646995	call 0x00007FF6998FB2E0)
	[RSP+18F0] 0x2                (size_t) [2]
	[RSP+18F8] 0x8700000002       (size_t) [579820584962]
	[RSP+1900] 0x22F27442450      (void*)
	[RSP+1908] 0x7FF69C0DD008     (void* -> SkyrimSE.exe+315D008	nop)
	[RSP+1910] 0xB4EDE6046BCA     (size_t) [198933859298250]
	[RSP+1918] 0x7FFE3A8AF321     (void* -> BetterThirdPersonSelection.dll+010F321	mov rcx, [rbx])
	[RSP+1920] 0x7FFE36A2E790     (hdt::SkyrimPhysicsWorld*)
	[RSP+1928] 0x10A8F            (size_t) [68239]
	[RSP+1930] 0x9DF819182C14     (size_t) [173688898464788]
	[RSP+1938] 0x9DF800000002     (size_t) [173688477450242]
	[RSP+1940] 0x23065B2F000      (void*)
	[RSP+1948] 0x7FFE3A8AF7C8     (void* -> BetterThirdPersonSelection.dll+010F7C8	add rsp, 0x30)
	[RSP+1950] 0x23065B2F000      (void*)
	[RSP+1958] 0x7FFE3A7FBB99     (void* -> BetterThirdPersonSelection.dll+005BB99	mov rbx, [rsp+0x50])
	[RSP+1960] 0x0                (size_t) [0]
	[RSP+1968] 0x7FFE3A8987F7     (void* -> BetterThirdPersonSelection.dll+00F87F7	add rsp, 0x40)
	[RSP+1970] 0x22F27442B20      (ScrapHeap*)
	[RSP+1978] 0x0                (size_t) [0]
	[RSP+1980] 0x879730F548       (void*)
	[RSP+1988] 0x0                (size_t) [0]
	[RSP+1990] 0x0                (size_t) [0]
	[RSP+1998] 0x0                (size_t) [0]
	[RSP+19A0] 0x0                (size_t) [0]
	[RSP+19A8] 0x7FFE00000000     (size_t) [140728898420736]
	[RSP+19B0] 0x0                (size_t) [0]
	[RSP+19B8] 0x0                (size_t) [0]
	[RSP+19C0] 0x0                (size_t) [0]
	[RSP+19C8] 0x7FFE3A804B87     (void* -> BetterThirdPersonSelection.dll+0064B87	add rsp, 0x40)
	[RSP+19D0] 0xA0BB41B5A86A     (size_t) [176726121752682]
	[RSP+19D8] 0x61DA2            (size_t) [400802]
	[RSP+19E0] 0x0                (size_t) [0]
	[RSP+19E8] 0x0                (size_t) [0]
	[RSP+19F0] 0x0                (size_t) [0]
	[RSP+19F8] 0x0                (size_t) [0]
	[RSP+1A00] 0x0                (size_t) [0]
	[RSP+1A08] 0x0                (size_t) [0]
	[RSP+1A10] 0x0                (size_t) [0]
	[RSP+1A18] 0xFFFFFFFFFFFFFFFE (size_t) [uint: 18446744073709551614 int: -2]
	[RSP+1A20] 0x0                (size_t) [0]
	[RSP+1A28] 0x0                (size_t) [0]
	[RSP+1A30] 0x0                (size_t) [0]
	[RSP+1A38] 0x0                (size_t) [0]
	[RSP+1A40] 0x0                (size_t) [0]
	[RSP+1A48] 0x7FFE369245E9     (void* -> hdtSMP64.dll+00C45E9	cmp byte ptr [rbx+0x10], 0x00 |  C:\Games\Faster HDT-SMP\skse64_2_02_06\src\skse64\hdtSMP64\Hooks.cpp:314 ?onFrame@UnkEngine@hdt@@QEAAXXZ)
	[RSP+1A50] 0x22F3F0BA700      (Main*)
	[RSP+1A58] 0x0                (size_t) [0]
	[RSP+1A60] 0x67161E           (size_t) [6755870]
	[RSP+1A68] 0x0                (size_t) [0]
	[RSP+1A70] 0x67161E           (size_t) [6755870]
	[RSP+1A78] 0x0                (size_t) [0]
	[RSP+1A80] 0x0                (size_t) [0]
	[RSP+1A88] 0x7FFE358E5EC7     (void* -> MuJointFix.dll+0025EC7	call 0x00007FFE359032E0 |  D:\VS\MuJointFix\src\Hook.cpp:25 ?onFrame@UnkEngine@Mus@@QEAAXXZ)
	[RSP+1A90] 0x1                (size_t) [1]
	[RSP+1A98] 0x23290            (size_t) [144016]
	[RSP+1AA0] 0x22F3F0BA700      (Main*)
	[RSP+1AA8] 0x0                (size_t) [0]
	[RSP+1AB0] 0x67161E           (size_t) [6755870]
	[RSP+1AB8] 0x7FFE3A81B7B3     (void* -> BetterThirdPersonSelection.dll+007B7B3	call 0x00007FFE3A7A9282)
	[RSP+1AC0] 0x0                (size_t) [0]
	[RSP+1AC8] 0x7FFE31BAD610     (void* -> gameoverlayrenderer64.dll+009D610	mov rbx, [rsp+0x40])
	[RSP+1AD0] 0x0                (size_t) [0]
	[RSP+1AD8] 0x7FFF9DA92419     (void* -> USER32.dll+0002419	xor ecx, ecx)
	[RSP+1AE0] 0x7FF61A6E0000     (void*)
	[RSP+1AE8] 0x22F3F0BA700      (Main*)
	[RSP+1AF0] 0x0                (size_t) [0]
	[RSP+1AF8] 0x9DF819182EC4     (size_t) [173688898465476]
	[RSP+1B00] 0x0                (size_t) [0]
	[RSP+1B08] 0x7FF6995BEAD5     (void* -> SkyrimSE.exe+063EAD5	test bl, bl)
	[RSP+1B10] 0x0                (size_t) [0]
	[RSP+1B18] 0x0                (size_t) [0]
	[RSP+1B20] 0x0                (size_t) [0]
	[RSP+1B28] 0x67161E           (size_t) [6755870]
	[RSP+1B30] 0x1                (size_t) [1]
	[RSP+1B38] 0x0                (size_t) [0]
	[RSP+1B40] 0xA                (size_t) [10]
	[RSP+1B48] 0x7FFF9C9BF0C0     (void* -> ucrtbase.dll+00FF0C0	)
	[RSP+1B50] 0x22F23FB4800      (void*)
	[RSP+1B58] 0x0                (size_t) [0]
	[RSP+1B60] 0x67161E           (size_t) [6755870]
	[RSP+1B68] 0x14FE             (size_t) [5374]
	[RSP+1B70] 0x138911BC         (size_t) [327750076]
	[RSP+1B78] 0x1                (size_t) [1]
	[RSP+1B80] 0x500026CC76F      (size_t) [5497598822255]
	[RSP+1B88] 0x2D0              (size_t) [720]
	[RSP+1B90] 0x0                (size_t) [0]
	[RSP+1B98] 0x7FF69A4BBB8E     (void* -> SkyrimSE.exe+153BB8E	mov ebx, eax)
	[RSP+1BA0] 0xA                (size_t) [10]
	[RSP+1BA8] 0x0                (size_t) [0]
	[RSP+1BB0] 0x7FF69C7BD310     (void* -> SkyrimSE.exe+383D310	call 0x00007FF69C7BD315)
	[RSP+1BB8] 0x879748E000       (void*)
	[RSP+1BC0] 0x0                (size_t) [0]
	[RSP+1BC8] 0x0                (size_t) [0]
	[RSP+1BD0] 0x0                (size_t) [0]
	[RSP+1BD8] 0x7FFF9E20257D     (void* -> KERNEL32.DLL+001257D	mov ecx, eax)
	[RSP+1BE0] 0x0                (size_t) [0]
	[RSP+1BE8] 0x7FFEA5CD9230     (void* -> usvfs_x64.dll+0099230	push rbx)
	[RSP+1BF0] 0x1                (size_t) [1]
	[RSP+1BF8] 0x33F98            (size_t) [212888]
	[RSP+1C00] 0x0                (size_t) [0]
	[RSP+1C08] 0x7FFF9F58AF28     (void* -> ntdll.dll+005AF28	jmp 0x00007FFF9F58AF49)
	[RSP+1C10] 0x0                (size_t) [0]
	[RSP+1C18] 0x0                (size_t) [0]
	[RSP+1C20] 0x0                (size_t) [0]
	[RSP+1C28] 0x0                (size_t) [0]
	[RSP+1C30] 0x0                (size_t) [0]
	[RSP+1C38] 0x0                (size_t) [0]
	[RSP+1C40] 0x57BC4E7700000000 (size_t) [6322014249929408512]
	[RSP+1C48] 0x0                (size_t) [0]
	[RSP+1C50] 0x0                (size_t) [0]
	[RSP+1C58] 0x7FFF9CDA0920     (void* -> KERNELBASE.dll+0160920	mov [rsp+0x10], rbx)
	[RSP+1C60] 0x879730C6C0       (void*)
	[RSP+1C68] 0xFFFF96CC8EAE00   (size_t) [72057142203297280]
	[RSP+1C70] 0x7FFFCB664757     (size_t) [140736605865815]
	[RSP+1C78] 0x879730C6C0       (void*)
	[RSP+1C80] 0x7FFF9F58AF00     (void* -> ntdll.dll+005AF00	sub rsp, 0x78)
	[RSP+1C88] 0x0                (size_t) [0]
	[RSP+1C90] 0x0                (size_t) [0]
	[RSP+1C98] 0x0                (size_t) [0]
	[RSP+1CA0] 0x0                (size_t) [0]
	[RSP+1CA8] 0x0                (size_t) [0]
	[RSP+1CB0] 0x0                (size_t) [0]
	[RSP+1CB8] 0x0                (size_t) [0]
	[RSP+1CC0] 0x0                (size_t) [0]
	[RSP+1CC8] 0x0                (size_t) [0]
	[RSP+1CD0] 0x0                (size_t) [0]
	[RSP+1CD8] 0x0                (size_t) [0]
	[RSP+1CE0] 0x0                (size_t) [0]
	[RSP+1CE8] 0x0                (size_t) [0]
	[RSP+1CF0] 0x0                (size_t) [0]
	[RSP+1CF8] 0x0                (size_t) [0]
	[RSP+1D00] 0x0                (size_t) [0]
	[RSP+1D08] 0x0                (size_t) [0]
	[RSP+1D10] 0x0                (size_t) [0]
	[RSP+1D18] 0x0                (size_t) [0]
	[RSP+1D20] 0x0                (size_t) [0]
	[RSP+1D28] 0x0                (size_t) [0]
	[RSP+1D30] 0x0                (size_t) [0]
	[RSP+1D38] 0x0                (size_t) [0]
	[RSP+1D40] 0x0                (size_t) [0]
	[RSP+1D48] 0x0                (size_t) [0]
	[RSP+1D50] 0x0                (size_t) [0]
	[RSP+1D58] 0x0                (size_t) [0]
	[RSP+1D60] 0x0                (size_t) [0]
	[RSP+1D68] 0x0                (size_t) [0]
	[RSP+1D70] 0x0                (size_t) [0]
	[RSP+1D78] 0x0                (size_t) [0]
	[RSP+1D80] 0x0                (size_t) [0]
	[RSP+1D88] 0x0                (size_t) [0]
	[RSP+1D90] 0x0                (size_t) [0]
	[RSP+1D98] 0x0                (size_t) [0]
	[RSP+1DA0] 0x0                (size_t) [0]
	[RSP+1DA8] 0x0                (size_t) [0]
	[RSP+1DB0] 0x0                (size_t) [0]
	[RSP+1DB8] 0x0                (size_t) [0]
	[RSP+1DC0] 0x0                (size_t) [0]
	[RSP+1DC8] 0x0                (size_t) [0]
	[RSP+1DD0] 0x0                (size_t) [0]
	[RSP+1DD8] 0x0                (size_t) [0]
	[RSP+1DE0] 0x0                (size_t) [0]
	[RSP+1DE8] 0x0                (size_t) [0]
	[RSP+1DF0] 0x0                (size_t) [0]
	[RSP+1DF8] 0x0                (size_t) [0]
	[RSP+1E00] 0x0                (size_t) [0]
	[RSP+1E08] 0x0                (size_t) [0]
	[RSP+1E10] 0x0                (size_t) [0]
	[RSP+1E18] 0x0                (size_t) [0]
	[RSP+1E20] 0x0                (size_t) [0]
	[RSP+1E28] 0x0                (size_t) [0]
	[RSP+1E30] 0x0                (size_t) [0]
	[RSP+1E38] 0x0                (size_t) [0]
	[RSP+1E40] 0x0                (size_t) [0]
	[RSP+1E48] 0x0                (size_t) [0]
	[RSP+1E50] 0x0                (size_t) [0]
	[RSP+1E58] 0x0                (size_t) [0]
	[RSP+1E60] 0x0                (size_t) [0]
	[RSP+1E68] 0x0                (size_t) [0]
	[RSP+1E70] 0x0                (size_t) [0]
	[RSP+1E78] 0x0                (size_t) [0]
	[RSP+1E80] 0x0                (size_t) [0]
	[RSP+1E88] 0x0                (size_t) [0]
	[RSP+1E90] 0x0                (size_t) [0]
	[RSP+1E98] 0x0                (size_t) [0]
	[RSP+1EA0] 0x0                (size_t) [0]
	[RSP+1EA8] 0x0                (size_t) [0]
	[RSP+1EB0] 0x0                (size_t) [0]
	[RSP+1EB8] 0x0                (size_t) [0]
	[RSP+1EC0] 0x0                (size_t) [0]
	[RSP+1EC8] 0x0                (size_t) [0]
	[RSP+1ED0] 0x0                (size_t) [0]
	[RSP+1ED8] 0x0                (size_t) [0]
	[RSP+1EE0] 0x0                (size_t) [0]
	[RSP+1EE8] 0x0                (size_t) [0]
	[RSP+1EF0] 0x0                (size_t) [0]
	[RSP+1EF8] 0x0                (size_t) [0]
	[RSP+1F00] 0x0                (size_t) [0]
	[RSP+1F08] 0x0                (size_t) [0]
	[RSP+1F10] 0x0                (size_t) [0]
	[RSP+1F18] 0x0                (size_t) [0]
	[RSP+1F20] 0x0                (size_t) [0]
	[RSP+1F28] 0x0                (size_t) [0]
	[RSP+1F30] 0x0                (size_t) [0]
	[RSP+1F38] 0x0                (size_t) [0]
	[RSP+1F40] 0x0                (size_t) [0]
	[RSP+1F48] 0x0                (size_t) [0]
	[RSP+1F50] 0x0                (size_t) [0]
	[RSP+1F58] 0x0                (size_t) [0]
	[RSP+1F60] 0x0                (size_t) [0]
	[RSP+1F68] 0x0                (size_t) [0]
	[RSP+1F70] 0x0                (size_t) [0]
	[RSP+1F78] 0x0                (size_t) [0]
	[RSP+1F80] 0x0                (size_t) [0]
	[RSP+1F88] 0x0                (size_t) [0]
	[RSP+1F90] 0x0                (size_t) [0]
	[RSP+1F98] 0x0                (size_t) [0]
	[RSP+1FA0] 0x0                (size_t) [0]
	[RSP+1FA8] 0x0                (size_t) [0]
	[RSP+1FB0] 0x0                (size_t) [0]
	[RSP+1FB8] 0x0                (size_t) [0]
	[RSP+1FC0] 0x0                (size_t) [0]
	[RSP+1FC8] 0x0                (size_t) [0]
	[RSP+1FD0] 0x0                (size_t) [0]
	[RSP+1FD8] 0x0                (size_t) [0]
	[RSP+1FE0] 0x0                (size_t) [0]
	[RSP+1FE8] 0x0                (size_t) [0]
	[RSP+1FF0] 0x0                (size_t) [0]
	[RSP+1FF8] 0x0                (size_t) [0]
	[RSP+2000] 0x0                (size_t) [0]
	[RSP+2008] 0x0                (size_t) [0]
	[RSP+2010] 0x0                (size_t) [0]
	[RSP+2018] 0x0                (size_t) [0]
	[RSP+2020] 0x0                (size_t) [0]
	[RSP+2028] 0x0                (size_t) [0]
	[RSP+2030] 0x0                (size_t) [0]
	[RSP+2038] 0x0                (size_t) [0]
	[RSP+2040] 0x0                (size_t) [0]
	[RSP+2048] 0x0                (size_t) [0]
	[RSP+2050] 0x0                (size_t) [0]
	[RSP+2058] 0x0                (size_t) [0]
	[RSP+2060] 0x0                (size_t) [0]
	[RSP+2068] 0x0                (size_t) [0]
	[RSP+2070] 0x0                (size_t) [0]
	[RSP+2078] 0x0                (size_t) [0]
	[RSP+2080] 0x0                (size_t) [0]
	[RSP+2088] 0x0                (size_t) [0]
	[RSP+2090] 0x0                (size_t) [0]
	[RSP+2098] 0x0                (size_t) [0]
	[RSP+20A0] 0x0                (size_t) [0]
	[RSP+20A8] 0x0                (size_t) [0]
	[RSP+20B0] 0x0                (size_t) [0]
	[RSP+20B8] 0x0                (size_t) [0]
	[RSP+20C0] 0x0                (size_t) [0]
	[RSP+20C8] 0x0                (size_t) [0]
	[RSP+20D0] 0x0                (size_t) [0]
	[RSP+20D8] 0x0                (size_t) [0]
	[RSP+20E0] 0x0                (size_t) [0]
	[RSP+20E8] 0x0                (size_t) [0]
	[RSP+20F0] 0x0                (size_t) [0]
	[RSP+20F8] 0x0                (size_t) [0]
	[RSP+2100] 0x0                (size_t) [0]
	[RSP+2108] 0x0                (size_t) [0]
	[RSP+2110] 0x0                (size_t) [0]
	[RSP+2118] 0x0                (size_t) [0]
	[RSP+2120] 0x0                (size_t) [0]
	[RSP+2128] 0x0                (size_t) [0]
	[RSP+2130] 0x0                (size_t) [0]
	[RSP+2138] 0x0                (size_t) [0]
	[RSP+2140] 0x0                (size_t) [0]
	[RSP+2148] 0x0                (size_t) [0]
	[RSP+2150] 0x0                (size_t) [0]
	[RSP+2158] 0x0                (size_t) [0]
	[RSP+2160] 0x0                (size_t) [0]
	[RSP+2168] 0x0                (size_t) [0]
	[RSP+2170] 0x0                (size_t) [0]
	[RSP+2178] 0x0                (size_t) [0]
	[RSP+2180] 0x0                (size_t) [0]
	[RSP+2188] 0x0                (size_t) [0]
	[RSP+2190] 0x0                (size_t) [0]
	[RSP+2198] 0x0                (size_t) [0]
	[RSP+21A0] 0x0                (size_t) [0]
	[RSP+21A8] 0x0                (size_t) [0]
	[RSP+21B0] 0x0                (size_t) [0]
	[RSP+21B8] 0x0                (size_t) [0]
	[RSP+21C0] 0x0                (size_t) [0]
	[RSP+21C8] 0x0                (size_t) [0]
	[RSP+21D0] 0x0                (size_t) [0]
	[RSP+21D8] 0x0                (size_t) [0]
	[RSP+21E0] 0x0                (size_t) [0]
	[RSP+21E8] 0x0                (size_t) [0]
	[RSP+21F0] 0x0                (size_t) [0]
	[RSP+21F8] 0x0                (size_t) [0]
	[RSP+2200] 0x0                (size_t) [0]
	[RSP+2208] 0x0                (size_t) [0]
	[RSP+2210] 0x0                (size_t) [0]
	[RSP+2218] 0x0                (size_t) [0]
	[RSP+2220] 0x0                (size_t) [0]
	[RSP+2228] 0x0                (size_t) [0]
	[RSP+2230] 0x0                (size_t) [0]
	[RSP+2238] 0x0                (size_t) [0]
	[RSP+2240] 0x0                (size_t) [0]
	[RSP+2248] 0x0                (size_t) [0]
	[RSP+2250] 0x0                (size_t) [0]
	[RSP+2258] 0x0                (size_t) [0]
	[RSP+2260] 0x0                (size_t) [0]
	[RSP+2268] 0x0                (size_t) [0]
	[RSP+2270] 0x0                (size_t) [0]
	[RSP+2278] 0x0                (size_t) [0]
	[RSP+2280] 0x0                (size_t) [0]
	[RSP+2288] 0x0                (size_t) [0]
	[RSP+2290] 0x0                (size_t) [0]
	[RSP+2298] 0x0                (size_t) [0]
	[RSP+22A0] 0x0                (size_t) [0]
	[RSP+22A8] 0x0                (size_t) [0]
	[RSP+22B0] 0x0                (size_t) [0]
	[RSP+22B8] 0x0                (size_t) [0]
	[RSP+22C0] 0x0                (size_t) [0]
	[RSP+22C8] 0x0                (size_t) [0]
	[RSP+22D0] 0x0                (size_t) [0]
	[RSP+22D8] 0x0                (size_t) [0]
	[RSP+22E0] 0x0                (size_t) [0]
	[RSP+22E8] 0x0                (size_t) [0]
	[RSP+22F0] 0x0                (size_t) [0]
	[RSP+22F8] 0x0                (size_t) [0]
	[RSP+2300] 0x0                (size_t) [0]
	[RSP+2308] 0x0                (size_t) [0]
	[RSP+2310] 0x0                (size_t) [0]
	[RSP+2318] 0x0                (size_t) [0]
	[RSP+2320] 0x0                (size_t) [0]
	[RSP+2328] 0x0                (size_t) [0]
	[RSP+2330] 0x0                (size_t) [0]
	[RSP+2338] 0x0                (size_t) [0]
	[RSP+2340] 0x0                (size_t) [0]
	[RSP+2348] 0x0                (size_t) [0]
	[RSP+2350] 0x0                (size_t) [0]
	[RSP+2358] 0x0                (size_t) [0]
	[RSP+2360] 0x0                (size_t) [0]
	[RSP+2368] 0x0                (size_t) [0]
	[RSP+2370] 0x0                (size_t) [0]
	[RSP+2378] 0x0                (size_t) [0]
	[RSP+2380] 0x0                (size_t) [0]
	[RSP+2388] 0x0                (size_t) [0]
	[RSP+2390] 0x0                (size_t) [0]
	[RSP+2398] 0x0                (size_t) [0]
	[RSP+23A0] 0x0                (size_t) [0]
	[RSP+23A8] 0x0                (size_t) [0]
	[RSP+23B0] 0x0                (size_t) [0]
	[RSP+23B8] 0x0                (size_t) [0]
	[RSP+23C0] 0x0                (size_t) [0]
	[RSP+23C8] 0x0                (size_t) [0]
	[RSP+23D0] 0x0                (size_t) [0]
	[RSP+23D8] 0x0                (size_t) [0]
	[RSP+23E0] 0x0                (size_t) [0]
	[RSP+23E8] 0x0                (size_t) [0]
	[RSP+23F0] 0x0                (size_t) [0]
	[RSP+23F8] 0x0                (size_t) [0]
	[RSP+2400] 0x0                (size_t) [0]
	[RSP+2408] 0x0                (size_t) [0]
	[RSP+2410] 0x0                (size_t) [0]
	[RSP+2418] 0x0                (size_t) [0]
	[RSP+2420] 0x0                (size_t) [0]
	[RSP+2428] 0x0                (size_t) [0]

MODULES:
	XINPUT1_3.dll                                    0x000000400000
	X3DAudio1_7.dll                                  0x000071FD0000
	tbb.dll                                          0x000180000000
	tbbmalloc.dll                                    0x022F25FD0000
	PayloadInterpreter.dll                           0x022F5BD00000
	skee64.dll                                       0x022F655E0000
	SkyrimSE.exe                                     0x7FF698F80000
	XAudio2_7.dll                                    0x7FFE31210000
	gameoverlayrenderer64.dll                        0x7FFE31B10000
	WhichKey-NG.dll                                  0x7FFE31CB0000
	Weightless.dll                                   0x7FFE31E40000
	UnequipQuiverNG.dll                              0x7FFE31F60000
	TrueHUD.dll                                      0x7FFE32000000
	TrueDirectionalMovement.dll                      0x7FFE320C0000
	TheNewGentleman.dll                              0x7FFE321C0000
	SoundRecordDistributor.dll                       0x7FFE322E0000
	SlaveTatsNG.dll                                  0x7FFE323C0000
	SkyPatcher.dll                                   0x7FFE324A0000
	SexLabUtil.dll                                   0x7FFE328E0000
	ScrambledBugs.dll                                0x7FFE329B0000
	ReadingIsBad.dll                                 0x7FFE32A50000
	QuickLootIE.dll                                  0x7FFE32B00000
	QuickArmorRebalance.dll                          0x7FFE32D30000
	po3_Tweaks.dll                                   0x7FFE32EE0000
	po3_SplashesOfStorms.dll                         0x7FFE32FE0000
	po3_SpellPerkItemDistributor.dll                 0x7FFE330A0000
	po3_SimpleOffenceSuppression.dll                 0x7FFE33260000
	po3_SimpleActivateSKSE.dll                       0x7FFE33300000
	po3_SaveUnbaker.dll                              0x7FFE333B0000
	po3_PapyrusExtender.dll                          0x7FFE33450000
	po3_MoonMod.dll                                  0x7FFE33700000
	po3_MagicSneakAttacks.dll                        0x7FFE337B0000
	po3_KeywordItemDistributor.dll                   0x7FFE33890000
	po3_EnhancedInvisibility.dll                     0x7FFE33A30000
	po3_ENBLightForEffectShaders.dll                 0x7FFE33AE0000
	po3_DualCastingFix.dll                           0x7FFE33BA0000
	po3_DialogueHistory.dll                          0x7FFE33C40000
	po3_BaseObjectSwapper.dll                        0x7FFE33F10000
	po3_AnimObjectSwapper.dll                        0x7FFE34060000
	PerkEntryPointExtender.dll                       0x7FFE34110000
	PerkAdjuster.dll                                 0x7FFE34290000
	PapyrusUtil.dll                                  0x7FFE34400000
	PAPER.dll                                        0x7FFE34570000
	PairedAnimationImprovements.dll                  0x7FFE345F0000
	OStim.dll                                        0x7FFE34660000
	OSLAroused.dll                                   0x7FFE34D20000
	OpenAnimationReplacer.dll                        0x7FFE34DC0000
	OpenAnimationReplacer-IEDConditionExtensions.dll 0x7FFE35120000
	OpenAnimationReplacer-DialoguePlugin.dll         0x7FFE35240000
	OpenAnimationReplacer-DetectionPlugin.dll        0x7FFE352F0000
	OBody.dll                                        0x7FFE353E0000
	NoOppositeGenderAnims.dll                        0x7FFE35490000
	NGIO-NG.dll                                      0x7FFE35580000
	NativeEditorIDFix.dll                            0x7FFE356C0000
	MuSkeletonEditor.dll                             0x7FFE35720000
	MusicTypeDistributor.dll                         0x7FFE35800000
	MuJointFix.dll                                   0x7FFE358C0000
	MoreInformativeConsole.dll                       0x7FFE35960000
	mfgfix.dll                                       0x7FFE35A90000
	MCMHelper.dll                                    0x7FFE35B50000
	LocationalEncounterZones.dll                     0x7FFE35C30000
	kxWhereAreYou.dll                                0x7FFE35D10000
	KreatE.dll                                       0x7FFE35DC0000
	k101PapyrusFunctions.dll                         0x7FFE35F80000
	JContainers64.dll                                0x7FFE36080000
	IWantWidgetsNative.dll                           0x7FFE36360000
	InventoryInjector.dll                            0x7FFE366A0000
	InstantlySkipDialogueNG.dll                      0x7FFE36750000
	ImWalkinHere.dll                                 0x7FFE36800000
	hdtSMP64.dll                                     0x7FFE36860000
	HDLocalMap.dll                                   0x7FFE374F0000
	GrassCacheHelperNG.dll                           0x7FFE37550000
	Fuz Ro D'oh.dll                                  0x7FFE37610000
	FISS.dll                                         0x7FFE37670000
	FaceGenFixes.dll                                 0x7FFE376E0000
	EnemiesRespectEncounterZones.dll                 0x7FFE37750000
	DynDOLOD.DLL                                     0x7FFE377D0000
	DynamicMagicModificationFramework.dll            0x7FFE378A0000
	DynamicArmorVariants.dll                         0x7FFE379D0000
	DeviousDevices.dll                               0x7FFE37AC0000
	DescriptionFramework.dll                         0x7FFE37D40000
	CurrencySwapper.dll                              0x7FFE37E50000
	CrashLogger.dll                                  0x7FFE37F30000
	ControlledCasting.dll                            0x7FFE38200000
	ContainerItemDistributor.dll                     0x7FFE382F0000
	ContainerDistributionFramework.dll               0x7FFE383B0000
	ConsoleUtilSSE.dll                               0x7FFE384C0000
	ComprehensiveAttackRatePatch.dll                 0x7FFE38620000
	CommunityShaders.dll                             0x7FFE38800000
	cbp.dll                                          0x7FFE38A30000
	steamclient64.dll                                0x7FFE38B50000
	WINHTTP.dll                                      0x7FFE3A2F0000
	CraftingCategories.dll                           0x7FFE3A680000
	CaptureWarmer.dll                                0x7FFE3A700000
	BetterThirdPersonSelection.dll                   0x7FFE3A7A0000
	D3DCOMPILER_47.dll                               0x7FFE3AA10000
	AssetDoctor.dll                                  0x7FFE3CF00000
	Ammo_Patcher.dll                                 0x7FFE3D0C0000
	BugFixesSSE.dll                                  0x7FFE3ECF0000
	ActorValueExtension.dll                          0x7FFE3ED80000
	AutoParallax.dll                                 0x7FFE404B0000
	AHZmoreHUDPlugin.dll                             0x7FFE424A0000
	AddItemMenuSE.dll                                0x7FFE42530000
	CONCRT140.dll                                    0x7FFE4C050000
	SKSEMenuFramework.dll                            0x7FFE4CDD0000
	EngineFixes.dll                                  0x7FFE4CFD0000
	encounter_zones_unlocked.dll                     0x7FFE4ED00000
	ActorLimitFix.dll                                0x7FFE4ED60000
	vstdlib_s64.dll                                  0x7FFE4EE00000
	AnimationQueueFix.dll                            0x7FFE51DF0000
	skse64_1_6_1170.dll                              0x7FFE51F80000
	AHZmoreHUDInventory.dll                          0x7FFE521B0000
	VoltekLib.RelocationDatabase.dll                 0x7FFE52220000
	VoltekLib.Detours.dll                            0x7FFE52260000
	VoltekLib.MemoryManager.dll                      0x7FFE52310000
	xinput1_4.dll                                    0x7FFE52380000
	bink2w64.dll                                     0x7FFE795E0000
	DINPUT8.dll                                      0x7FFE79660000
	steam_api64.dll                                  0x7FFE796B0000
	VoltekLib.UnicodeConverter.dll                   0x7FFE79C60000
	SkyrimUncapper.dll                               0x7FFE7A8E0000
	tier0_s64.dll                                    0x7FFE7A910000
	d3dx9_42.dll                                     0x7FFE93C30000
	MSVCP140_ATOMIC_WAIT.dll                         0x7FFEA4870000
	usvfs_x64.dll                                    0x7FFEA5C40000
	msdmo.dll                                        0x7FFF2BD60000
	ResampleDmo.DLL                                  0x7FFF2BD70000
	DSOUND.DLL                                       0x7FFF2BE30000
	nvppex.dll                                       0x7FFF4D060000
	nvspcap64.dll                                    0x7FFF4D1C0000
	UIAutomationCore.dll                             0x7FFF663C0000
	threadpoolwinrt.dll                              0x7FFF70440000
	ncryptsslp.dll                                   0x7FFF7C730000
	inputhost.dll                                    0x7FFF7D410000
	MPR.dll                                          0x7FFF817A0000
	SMP-NPC crash fix.dll                            0x7FFF82640000
	ELIF.dll                                         0x7FFF82650000
	BarterLimitFix.dll                               0x7FFF82660000
	Windows.UI.dll                                   0x7FFF832B0000
	nvwgf2umx.dll                                    0x7FFF83EA0000
	MMDevApi.dll                                     0x7FFF88500000
	OLEACC.dll                                       0x7FFF88790000
	gdiplus.dll                                      0x7FFF88B50000
	winmmbase.dll                                    0x7FFF89070000
	VCRUNTIME140.dll                                 0x7FFF89350000
	MSVCP140.dll                                     0x7FFF89370000
	VCRUNTIME140_1.dll                               0x7FFF89460000
	webio.dll                                        0x7FFF89CD0000
	textinputframework.dll                           0x7FFF8AD10000
	AUDIOSES.DLL                                     0x7FFF8AF50000
	nvgpucomp64.dll                                  0x7FFF8B140000
	nvldumdx.dll                                     0x7FFF8F6A0000
	NvMessageBus.dll                                 0x7FFF8F770000
	COMCTL32.dll                                     0x7FFF91630000
	WINMM.dll                                        0x7FFF923B0000
	MSIMG32.dll                                      0x7FFF927C0000
	CoreUIComponents.dll                             0x7FFF94300000
	avrt.dll                                         0x7FFF94B20000
	directxdatabasehelper.dll                        0x7FFF94B30000
	dbghelp.dll                                      0x7FFF94BA0000
	drvstore.dll                                     0x7FFF95070000
	cryptnet.dll                                     0x7FFF959A0000
	VERSION.dll                                      0x7FFF959E0000
	d3d11.dll                                        0x7FFF965D0000
	dcomp.dll                                        0x7FFF96E70000
	CoreMessaging.dll                                0x7FFF97510000
	fwpuclnt.dll                                     0x7FFF97D60000
	WINHTTP.DLL                                      0x7FFF98770000
	rasadhlp.dll                                     0x7FFF98A00000
	windowscodecs.dll                                0x7FFF99AA0000
	UxTheme.dll                                      0x7FFF99CA0000
	dxgi.dll                                         0x7FFF99E20000
	dwmapi.dll                                       0x7FFF99F30000
	WINNSI.DLL                                       0x7FFF99F60000
	dxcore.dll                                       0x7FFF99FA0000
	resourcepolicyclient.dll                         0x7FFF9A250000
	wintypes.dll                                     0x7FFF9A650000
	windows.storage.dll                              0x7FFF9A790000
	HID.DLL                                          0x7FFF9B090000
	IPHLPAPI.DLL                                     0x7FFF9B3A0000
	DNSAPI.dll                                       0x7FFF9B3D0000
	UMPDC.dll                                        0x7FFF9B6A0000
	POWRPROF.dll                                     0x7FFF9B6C0000
	Secur32.dll                                      0x7FFF9B730000
	schannel.DLL                                     0x7FFF9B7B0000
	rsaenh.dll                                       0x7FFF9B8B0000
	kernel.appcore.dll                               0x7FFF9B950000
	ntmarta.dll                                      0x7FFF9BA60000
	SSPICLI.DLL                                      0x7FFF9BBB0000
	MSWSOCK.dll                                      0x7FFF9BDB0000
	wldp.dll                                         0x7FFF9C030000
	CRYPTBASE.DLL                                    0x7FFF9C0E0000
	CRYPTSP.dll                                      0x7FFF9C100000
	msasn1.dll                                       0x7FFF9C150000
	NTASN1.dll                                       0x7FFF9C1D0000
	ncrypt.dll                                       0x7FFF9C210000
	devobj.dll                                       0x7FFF9C510000
	CFGMGR32.dll                                     0x7FFF9C560000
	DPAPI.DLL                                        0x7FFF9C5B0000
	profapi.dll                                      0x7FFF9C780000
	wintrust.dll                                     0x7FFF9C850000
	ucrtbase.dll                                     0x7FFF9C8C0000
	gdi32full.dll                                    0x7FFF9C9E0000
	bcryptPrimitives.dll                             0x7FFF9CBC0000
	KERNELBASE.dll                                   0x7FFF9CC40000
	CRYPT32.dll                                      0x7FFF9CFF0000
	msvcp_win.dll                                    0x7FFF9D160000
	win32u.dll                                       0x7FFF9D200000
	bcrypt.dll                                       0x7FFF9D230000
	imagehlp.dll                                     0x7FFF9D260000
	sechost.dll                                      0x7FFF9D290000
	MSCTF.dll                                        0x7FFF9D360000
	COMDLG32.dll                                     0x7FFF9D4C0000
	shcore.dll                                       0x7FFF9D5C0000
	NSI.dll                                          0x7FFF9D750000
	ole32.dll                                        0x7FFF9D760000
	ADVAPI32.dll                                     0x7FFF9D910000
	IMM32.DLL                                        0x7FFF9DA50000
	USER32.dll                                       0x7FFF9DA90000
	msvcrt.dll                                       0x7FFF9DC40000
	OLEAUT32.dll                                     0x7FFF9DCF0000
	GDI32.dll                                        0x7FFF9DDD0000
	PSAPI.DLL                                        0x7FFF9DE50000
	combase.dll                                      0x7FFF9DE60000
	KERNEL32.DLL                                     0x7FFF9E1F0000
	clbcatq.dll                                      0x7FFF9E480000
	SHLWAPI.dll                                      0x7FFF9E530000
	SHELL32.dll                                      0x7FFF9E5A0000
	RPCRT4.dll                                       0x7FFF9EE10000
	SETUPAPI.dll                                     0x7FFF9EF30000
	WS2_32.dll                                       0x7FFF9F3B0000
	ntdll.dll                                        0x7FFF9F530000

SKSE PLUGINS:
	ActorLimitFix.dll
	ActorValueExtension.dll v1.9.5.6
	AddItemMenuSE.dll
	AHZmoreHUDInventory.dll v2.1.3
	AHZmoreHUDPlugin.dll v5.2.2
	Ammo_Patcher.dll v1.2.0.1
	AnimationQueueFix.dll v1.0.1
	AssetDoctor.dll
	AutoParallax.dll v1.0.7
	BarterLimitFix.dll
	BetterThirdPersonSelection.dll v1
	BugFixesSSE.dll
	CaptureWarmer.dll v1.2
	cbp.dll
	CommunityShaders.dll v0.8.7
	ComprehensiveAttackRatePatch.dll v1.1.2.10
	ConsoleUtilSSE.dll v1.5.1
	ContainerDistributionFramework.dll v2.2.1
	ContainerItemDistributor.dll v2.1
	ControlledCasting.dll v3
	CraftingCategories.dll v1.1.1
	CrashLogger.dll v1.14.1
	CurrencySwapper.dll v1
	DescriptionFramework.dll v2.1.1
	DeviousDevices.dll v3.0.0.1
	DynamicArmorVariants.dll v1.0.5
	DynamicMagicModificationFramework.dll v1
	DynDOLOD.DLL v3.0.32.1130
	ELIF.dll v1.2
	encounter_zones_unlocked.dll
	EnemiesRespectEncounterZones.dll v1.4.2
	EngineFixes.dll v6.1.1
	FaceGenFixes.dll v1.0.3
	FISS.dll
	Fuz Ro D'oh.dll v2.5.8.123
	GrassCacheHelperNG.dll v1.0.1
	HDLocalMap.dll v1.0.2
	hdtSMP64.dll
	ImWalkinHere.dll v1.7
	InstantlySkipDialogueNG.dll v1.1.1
	InventoryInjector.dll v1.1
	IWantWidgetsNative.dll
	JContainers64.dll v4.2.9
	k101PapyrusFunctions.dll v1
	KreatE.dll v1.3
	kxWhereAreYou.dll
	LocationalEncounterZones.dll v1.0.2
	MCMHelper.dll v1.5
	mfgfix.dll v0.1
	MoreInformativeConsole.dll v1.1
	MuJointFix.dll v2.0.17
	MusicTypeDistributor.dll v1.4
	MuSkeletonEditor.dll v0.6.1
	NativeEditorIDFix.dll v1.2.2
	NGIO-NG.dll v1.1.0.1
	NoOppositeGenderAnims.dll v1.1
	OBody.dll v1
	OpenAnimationReplacer-DetectionPlugin.dll v2.1.1
	OpenAnimationReplacer-DialoguePlugin.dll v1
	OpenAnimationReplacer-IEDConditionExtensions.dll v1.0.2
	OpenAnimationReplacer.dll v2.3.6
	OSLAroused.dll v2.5
	OStim.dll v7.3.1.1
	PairedAnimationImprovements.dll v1.0.2
	PAPER.dll v2.2.4
	PapyrusUtil.dll
	PayloadInterpreter.dll v1
	PerkAdjuster.dll v2.1
	PerkEntryPointExtender.dll v1
	po3_AnimObjectSwapper.dll v1.1.0.1
	po3_BaseObjectSwapper.dll v3.3.0.1
	po3_DialogueHistory.dll v1.1.2.1
	po3_DualCastingFix.dll v1.0.0.1
	po3_ENBLightForEffectShaders.dll v2.1.0.1
	po3_EnhancedInvisibility.dll v1.3.0.1
	po3_KeywordItemDistributor.dll v3.4.0.1
	po3_MagicSneakAttacks.dll v1.3.0.1
	po3_MoonMod.dll v2.0.2.1
	po3_PapyrusExtender.dll v5.7.0.1
	po3_SaveUnbaker.dll v1.0.3.1
	po3_SimpleActivateSKSE.dll v1.4.1.1
	po3_SimpleOffenceSuppression.dll v2.2.1.1
	po3_SpellPerkItemDistributor.dll v7.2.0.16
	po3_SplashesOfStorms.dll v1.3.0.1
	po3_Tweaks.dll v1.11.0.1
	QuickArmorRebalance.dll
	QuickLootIE.dll v2
	ReadingIsBad.dll v1.0.13
	ScrambledBugs.dll
	SexLabUtil.dll
	skee64.dll
	SKSEMenuFramework.dll v2
	SkyPatcher.dll v1.0.0.1
	SkyrimUncapper.dll
	SlaveTatsNG.dll v0.1
	SMP-NPC crash fix.dll
	SoundRecordDistributor.dll v1.5
	TheNewGentleman.dll v3.0.2
	TrueDirectionalMovement.dll v2.2.6
	TrueHUD.dll v1.1.9
	UnequipQuiverNG.dll v1.1
	Weightless.dll v1
	WhichKey-NG.dll v1.1

PLUGINS:
	Light: 133	Regular: 131	Total: 264
	[ 0]     Skyrim.esm
	[ 1]     Update.esm
	[ 2]     Dawnguard.esm
	[ 3]     HearthFires.esm
	[ 4]     Dragonborn.esm
	[ 5]     ccasvsse001-almsivi.esm
	[ 6]     ccBGSSSE001-Fish.esm
	[ 7]     cctwbsse001-puzzledungeon.esm
	[ 8]     cceejsse001-hstead.esm
	[ 9]     ccbgssse016-umbra.esm
	[ A]     ccbgssse031-advcyrus.esm
	[ B]     ccbgssse067-daedinv.esm
	[ C]     ccBGSSSE025-AdvDSGS.esm
	[ D]     cceejsse005-cave.esm
	[ E]     ccafdsse001-dwesanctuary.esm
	[ F]     unofficial skyrim special edition patch.esp
	[10]     Unofficial Skyrim Modders Patch.esp
	[11]     Immersive Wenches.esp
	[12]     YurianaWench.esp
	[13]     SexLabAroused.esm
	[14]     Heels Sound.esm
	[15]     SOSVoices.esm
	[16]     Master Occlusion.esm
	[17]     Relationship Dialogue Overhaul.esp
	[18]     castle volkihar rebuilt.esp
	[19]     VLC - References.esm
	[1A]     Coldhaven.esm
	[1B]     Bloodchill_Manor_Enhanced.esp
	[1C]     Skyrim Extended Cut - Saints and Seducers.esp
	[1D]     High Poly Head.esm
	[1E]     Water for ENB.esm
	[1F]     Aurlyn.esp
	[20]     SnowElfPalace.esp
	[21]     Lonewolf's Manor.esp
	[22]     Travellersinn.esp
	[23]     AyleidPalaceNEW.esp
	[24]     ZaZAnimationPack.esm
	[25]     FilthyHeritage.esp
	[26]     SkystoneCastle.esp
	[27]     myrwatchhomefixer.esp
	[28]     SexLab.esm
	[29]     paradise_halls.esm
	[2A]     paradise_halls_fellglow_slave_camp.esp
	[2B]     WhiterunSafehold.esp
	[2C]     snow elf waifu.esp
	[2D]     AyleidCitadel.esp
	[2E]     FISS.esp
	[2F]     wraithguardvaultfixer.esp
	[30]     ApachiiHair.esm
	[31]     Devious Devices - Assets.esm
	[32]     Devious Devices - Integration.esm
	[33]     Devious Devices - Expansion.esm
	[34]     Devious Devices - Contraptions.esm
	[35]     FloatingSwordFollower.esp
	[36]     Audio Overhaul Skyrim.esp
	[37]     Immersive Sounds - Compendium.esp
	[38]     Obsidian Weathers.esp
	[39]     TrueStormsSE.esp
	[3A]     SMIM-SE-Merged-All.esp
	[3B]     Weapons Armor Clothing & Clutter Fixes.esp
	[3C]     Landscape Fixes For Grass Mods.esp
	[3D]     paradise_halls_SLExtension.esp
	[3E]     Book Covers Skyrim.esp
	[3F]     MysticismMagic.esp
	[40]     Bandit War.esp
	[41]     Embers XD.esp
	[42]     SeranaDialogAddon.esp
	[43]     WACCF_Armor and Clothing Extension.esp
	[44]     Better Vampire NPCs.esp
	[45]     Lit Road Signs.esp
	[46]     Wheres Your Smelter.esp
	[47]     PAH_HomeSweetHome.esp
	[48]     HearthfireMultiKid.esp
	[49]     nwsJennaFollower.esp
	[4A]     PAH_AndYouGetASlave.esp
	[4B]     Book Covers Skyrim - Lost Library.esp
	[4C]     AyleidSanctuary.esp
	[4D]     k101Daegon.esp
	[4E]     ThaneFailSafe.esp
	[4F]     Lonewolf's Manor Addon.esp
	[50]     [COCO]KDA_Ahri_Full.esp
	[51]     The Amazing World of Bikini Armors REMASTERED.esp
	[52]     DiaryOfMine.esp
	[53]     My Home Is Your Home.esp
	[54]     pahe_lakeview_manor_cell.esp
	[55]     XPMSE.esp
	[56]     [COCO]BloomYouth.esp
	[57]     Present4You.esp
	[58]     nwsFollowerFramework.esp
	[59]     Apocalypse - Magic of Skyrim.esp
	[5A]     LustmordVampireArmor.esp
	[5B]     UIExtensions.esp
	[5C]     AddItemMenuSE.esp
	[5D]     Mining For Mages Redux.esp
	[5E]     Summermyst - Enchantments of Skyrim.esp
	[5F]     Adamant.esp
	[60]     atkspdmod.esp
	[61]     KS Hairdo's.esp
	[62]     AHZmoreHUD.esp
	[63]     AllEnchantmentsUnlocked.esp
	[64]     ICRFixes.esp
	[65]     DX Pornstar SE.esp
	[66]     SLALAnimObjBillyy.esp
	[67]     ENB Light.esp
	[68]     SLAnimLoader.esp
	[69]     Pahe_Dwarven_Devious_suits.esp
	[6A]     SLAL_AnimationsByLeito.esp
	[6B]     SlaveTatsMagicManager.esp
	[6C]     ORomance.esp
	[6D]     OStimCommunityResource.esp
	[6E]     Strapped Outfit.esp
	[6F]     SDA_SpellToggleExtendedV2.esp
	[70]     Better Stealth AI for Followers.esp
	[71]     NPCProtectionTweaks.esp
	[72]     HearthfireMultiKid_LastName.esp
	[73]     Better Vampires.esp
	[74]     Better Vampire Lords.esp
	[75]     alternate start - live another life.esp
	[76]     Coldhaven LAL Extension.esp
	[77]     Pahe_AltStartLAL.esp
	[78]     Water for ENB (Shades of Skyrim).esp
	[79]     Summermyst - WACCF Patch.esp
	[7A]     CS_Anaka.esp
	[7B]     TINUHighPolyOverhaul.esp
	[7C]     NPC Improvements.esp
	[7D]     ENB Light Compatibility.esp
	[7E]     Synthesis.esp
	[7F]     AOS-ISC Patcher.esp
	[80]     Enhanced Books.esp
	[81]     Heels Sound Patch.esp
	[82]     Buxom Tweaks.esp
	[FE:  0] ccbgssse002-exoticarrows.esl
	[FE:  1] ccbgssse003-zombies.esl
	[FE:  2] ccbgssse004-ruinsedge.esl
	[FE:  3] ccbgssse005-goldbrand.esl
	[FE:  4] ccbgssse006-stendarshammer.esl
	[FE:  5] ccbgssse007-chrysamere.esl
	[FE:  6] ccbgssse010-petdwarvenarmoredmudcrab.esl
	[FE:  7] ccbgssse011-hrsarmrelvn.esl
	[FE:  8] ccbgssse012-hrsarmrstl.esl
	[FE:  9] ccbgssse014-spellpack01.esl
	[FE:  A] ccbgssse019-staffofsheogorath.esl
	[FE:  B] ccbgssse020-graycowl.esl
	[FE:  C] ccbgssse021-lordsmail.esl
	[FE:  D] ccmtysse001-knightsofthenine.esl
	[FE:  E] ccQDRSSE001-SurvivalMode.esl
	[FE:  F] ccqdrsse002-firewood.esl
	[FE: 10] ccbgssse018-shadowrend.esl
	[FE: 11] ccbgssse035-petnhound.esl
	[FE: 12] ccfsvsse001-backpacks.esl
	[FE: 13] cceejsse002-tower.esl
	[FE: 14] ccedhsse001-norjewel.esl
	[FE: 15] ccvsvsse002-pets.esl
	[FE: 16] ccBGSSSE037-Curios.esl
	[FE: 17] ccbgssse034-mntuni.esl
	[FE: 18] ccbgssse045-hasedoki.esl
	[FE: 19] ccbgssse008-wraithguard.esl
	[FE: 1A] ccbgssse036-petbwolf.esl
	[FE: 1B] ccffbsse001-imperialdragon.esl
	[FE: 1C] ccmtysse002-ve.esl
	[FE: 1D] ccbgssse043-crosselv.esl
	[FE: 1E] ccvsvsse001-winter.esl
	[FE: 1F] cceejsse003-hollow.esl
	[FE: 20] ccbgssse038-bowofshadows.esl
	[FE: 21] ccbgssse040-advobgobs.esl
	[FE: 22] ccbgssse050-ba_daedric.esl
	[FE: 23] ccbgssse052-ba_iron.esl
	[FE: 24] ccbgssse054-ba_orcish.esl
	[FE: 25] ccbgssse058-ba_steel.esl
	[FE: 26] ccbgssse059-ba_dragonplate.esl
	[FE: 27] ccbgssse061-ba_dwarven.esl
	[FE: 28] ccpewsse002-armsofchaos.esl
	[FE: 29] ccbgssse041-netchleather.esl
	[FE: 2A] ccedhsse002-splkntset.esl
	[FE: 2B] ccbgssse064-ba_elven.esl
	[FE: 2C] ccbgssse063-ba_ebony.esl
	[FE: 2D] ccbgssse062-ba_dwarvenmail.esl
	[FE: 2E] ccbgssse060-ba_dragonscale.esl
	[FE: 2F] ccbgssse056-ba_silver.esl
	[FE: 30] ccbgssse055-ba_orcishscaled.esl
	[FE: 31] ccbgssse053-ba_leather.esl
	[FE: 32] ccbgssse051-ba_daedricmail.esl
	[FE: 33] ccbgssse057-ba_stalhrim.esl
	[FE: 34] ccbgssse066-staves.esl
	[FE: 35] ccbgssse068-bloodfall.esl
	[FE: 36] ccbgssse069-contest.esl
	[FE: 37] ccvsvsse003-necroarts.esl
	[FE: 38] ccvsvsse004-beafarmer.esl
	[FE: 39] ccffbsse002-crossbowpack.esl
	[FE: 3A] ccbgssse013-dawnfang.esl
	[FE: 3B] ccrmssse001-necrohouse.esl
	[FE: 3C] ccedhsse003-redguard.esl
	[FE: 3D] cceejsse004-hall.esl
	[FE: 3E] cckrtsse001_altar.esl
	[FE: 3F] cccbhsse001-gaunt.esl
	[FE: 40] _ResourcePack.esl
	[FE: 41] Navigator-NavFixes.esl
	[FE: 42] unofficial skyrim creation club content patch.esl
	[FE: 43] SlutPrincess.esl
	[FE: 44] TheNewGentleman.esp
	[FE: 45] Landscape and Water Fixes.esp
	[FE: 46] RDO Updated.esp
	[FE: 47] Expressive Facegen Morphs.esl
	[FE: 48] IcyFixesLite.esl
	[FE: 49] Tamrielic Distribution.esp
	[FE: 4A] AHZmoreHUDInventory.esl
	[FE: 4B] iWant Widgets.esl
	[FE: 4C] Partitioned snow Meshes.esl
	[FE: 4D] ProjectedGlacierSnow.esl
	[FE: 4E] WindhelmIcicles.esl
	[FE: 4F] IceShaderDisabled.esl
	[FE: 50] paradise_halls_farengars_study.esl
	[FE: 51] Pahe_Dragonborn_fixes.esl
	[FE: 52] HighHeelsCondition.esp
	[FE: 53] FNIS.esp
	[FE: 54] Shino Maid Pack.esl
	[FE: 55] SkyPatcher Keyword Framework.esl
	[FE: 56] TrueHUD.esl
	[FE: 57] SkyUI_SE.esp
	[FE: 58] AOS_ISC_Integration.esp
	[FE: 59] Vanilla Landscape Corrections.esp
	[FE: 5A] Landscape and Water Fixes - Patch - LFfGM.esp
	[FE: 5B] Parallax TXST Fixes.esp
	[FE: 5C] Bandit War - Expanded Enemy Coverage.esp
	[FE: 5D] Tamrielic Distribution - Dead Man's Dread.esp
	[FE: 5E] Kachunk - Crossbow Distribution.esp
	[FE: 5F] CrossbowIntegration.esp
	[FE: 60] NWS_Amaniri.esp
	[FE: 61] ECSS - Staff of Sheogorath Patch.esp
	[FE: 62] Tamrielic Distribution - Vigil Enforcer Armor.esp
	[FE: 63] Tamrielic Distribution - Crossbow Collection.esp
	[FE: 64] Landscape and Water Fixes - Patch - Farming.esp
	[FE: 65] Landscape and Water Fixes - Patch - Tundra Homested.esp
	[FE: 66] Reverb Interior Sounds Expansion.esp
	[FE: 67] AcousticTemplateFixes.esp
	[FE: 68] NWS_Elana.esp
	[FE: 69] NWS_Nina.esp
	[FE: 6A] ECSS - Shadowrend Patch.esp
	[FE: 6B] TundraHomesteadExteriorDecluttered.esp
	[FE: 6C] [COCO] Pandora Box.esp
	[FE: 6D] [COCO] Lace Lingerie Pack.esp
	[FE: 6E] [COCO]BattleAngels.esp
	[FE: 6F] [COCO] Shadow Assassin.esp
	[FE: 70] [COCO] RONIN.esp
	[FE: 71] [COCO] Succubus.esp
	[FE: 72] [COCO] Ahri Uniforms.esp
	[FE: 73] TeraSuccubusArmor.esp
	[FE: 74] [COCO]Bikini Collection.esp
	[FE: 75] [COCO]Raikou.esp
	[FE: 76] [COCO] KDA AO Evelynn.esp
	[FE: 77] [COCO] Witchiness.esp
	[FE: 78] [COCO] Mysterious Mage.esp
	[FE: 79] [COCO] CaressofVenus.esp
	[FE: 7A] [COCO] KDA AO Ahri.esp
	[FE: 7B] [COCO] Pinpup Cheongsam.esp
	[FE: 7C] [COCO]Goddess War.esp
	[FE: 7D] [COCO] Deliciously Bride.esp
	[FE: 7E] [COCO] Fairy Queen.esp
	[FE: 7F] [COCO] Snow Queen.esp
	[FE: 80] [COCO]Student_Uniform.esp
	[FE: 81] [COCO]ChristmasGift.esp
	[FE: 82] DragonscaleBikini.esp
	[FE: 83] Travellersinn - ImmersiveBuyingPatch.esp
	[FE: 84] Landscape and Water Fixes - Patch - Alternative Armors - Elven Hunter.esp
