Skyrim SSE v1.6.1170
CrashLoggerSSE v1-14-1-0 May 18 2024 23:00:58

Unhandled exception "EXCEPTION_ACCESS_VIOLATION" at 0x7FF6637109D7 SkyrimSE.exe+0D209D7	mov rax, [rax+rcx*8]

SYSTEM SPECS:
	OS: Microsoft Windows 11 Pro v10.0.22631
	CPU: AuthenticAMD AMD Ryzen 7 7800X3D 8-Core Processor           
	GPU #1: Nvidia AD104 [GeForce RTX 4070]
	GPU #2: AMD Raphael
	GPU #3: Microsoft Basic Render Driver
	PHYSICAL MEMORY: 30.69 GB/63.15 GB
	GPU MEMORY: 3.46/10.98 GB
	Detected Virtual Machine: Microsoft Virtual PC/Hyper-V (100%)

PROBABLE CALL STACK:
	[ 0] 0x7FF6637109D7 SkyrimSE.exe+0D209D7 -> 70362+0x47	mov rax, [rax+rcx*8]
	[ 1] 0x7FF6637EA89D SkyrimSE.exe+0DFA89D -> 75533+0x1D	mov rbx, [rsp+0x30]
	[ 2] 0x7FF663711AE7 SkyrimSE.exe+0D21AE7 -> 70381+0x357	mov edx, [rbx+0x2E4]
	[ 3] 0x7FF66370F92D SkyrimSE.exe+0D1F92D -> 70333+0x2D	jmp 0x00007FF66370F931
	[ 4] 0x7FF6637FC128 SkyrimSE.exe+0E0C128 -> 75949+0x88	movzx edi, al
	[ 5] 0x7FF6637F33C9 SkyrimSE.exe+0E033C9 -> 75773+0xC9	movzx ebx, al
	[ 6] 0x7FF662BF6790 SkyrimSE.exe+0206790 -> 15434+0x110	xor edi, edi
	[ 7] 0x7FF662BF6937 SkyrimSE.exe+0206937 -> 15435+0x137	lea rcx, [r15+0x168]
	[ 8] 0x7FF6637F4F60 SkyrimSE.exe+0E04F60 -> 75795+0x150	mov rcx, [rdi+0x08]
	[ 9] 0x7FF6637F5BB0 SkyrimSE.exe+0E05BB0 -> 75814+0x30	mov eax, [rsp+0x30]
	[10] 0x7FF6636F8F9F SkyrimSE.exe+0D08F9F -> 69809+0x4F	add r12d, eax
	[11] 0x7FF6637F1E1D SkyrimSE.exe+0E01E1D -> 75716+0x5D	add rbx, 0x08
	[12] 0x7FF6637EE72F SkyrimSE.exe+0DFE72F -> 75651+0x13F	mov [rbp+0x48], r12
	[13] 0x7FF6636C0DBD SkyrimSE.exe+0CD0DBD -> 68445+0x3D	mov rcx, [0x00007FF665BBC318]
	[14] 0x7FFAF7DE257D KERNEL32.DLL+001257D
	[15] 0x7FFAF854AF28    ntdll.dll+005AF28

REGISTERS:
	RAX 0x16C0ABA3048      (void*)
	RCX 0x80000730         (size_t) [2147485488]
	RDX 0x0                (size_t) [0]
	RBX 0xCCA8DF2A0        (BSStream*)
		Header: author: cedwards version: 100 processScript: Optimized with SSE NIF Optimizer v3.0.6. exportScript: 
		inputFilePath: "data\MESHES\traps\whiterundragontrap\whiterundragontrap01.nif"
	RSP 0xCCA8DF068        (void*)
	RBP 0xCCA8DF120        (void*)
	RSI 0x16C0AB4A060      (NiStringExtraData*)
	RDI 0x16C0AA4CA00      (BSPSysInheritVelocityModifier*)
	R8  0x1A3              (size_t) [419]
	R9  0xCCA8DF2A0        (BSStream*)
		Header: author: cedwards version: 100 processScript: Optimized with SSE NIF Optimizer v3.0.6. exportScript: 
		inputFilePath: "data\MESHES\traps\whiterundragontrap\whiterundragontrap01.nif"
	R10 0x16C03FF8EE0      (void*)
	R11 0xCCA8DEEA0        (void*)
	R12 0x0                (size_t) [0]
	R13 0x7FF665C64230     (void* -> SkyrimSE.exe+3274230	)
	R14 0xCCA8DF2A0        (BSStream*)
		Header: author: cedwards version: 100 processScript: Optimized with SSE NIF Optimizer v3.0.6. exportScript: 
		inputFilePath: "data\MESHES\traps\whiterundragontrap\whiterundragontrap01.nif"
	R15 0x151              (size_t) [337]

STACK:
	[RSP+0  ] 0x7FF6637EA89D     (void* -> SkyrimSE.exe+0DFA89D	mov rbx, [rsp+0x30])
	[RSP+8  ] 0x7FF665C64230     (void* -> SkyrimSE.exe+3274230	)
	[RSP+10 ] 0x0                (size_t) [0]
	[RSP+18 ] 0x7FF664158160     (void* -> SkyrimSE.exe+1768160	sbb bh, cl)
	[RSP+20 ] 0x16C0AB4A060      (NiStringExtraData*)
	[RSP+28 ] 0x7FF664158160     (void* -> SkyrimSE.exe+1768160	sbb bh, cl)
	[RSP+30 ] 0x7FF663711AE7     (void* -> SkyrimSE.exe+0D21AE7	mov edx, [rbx+0x2E4])
	[RSP+38 ] 0xCCA8DF2A0        (BSStream*)
		Header: author: cedwards version: 100 processScript: Optimized with SSE NIF Optimizer v3.0.6. exportScript: 
		inputFilePath: "data\MESHES\traps\whiterundragontrap\whiterundragontrap01.nif"
	[RSP+40 ] 0xCCA8DF2A0        (BSStream*)
		Header: author: cedwards version: 100 processScript: Optimized with SSE NIF Optimizer v3.0.6. exportScript: 
		inputFilePath: "data\MESHES\traps\whiterundragontrap\whiterundragontrap01.nif"
	[RSP+48 ] 0x16C0AB4A060      (NiStringExtraData*)
	[RSP+50 ] 0x16C0AA4EBC0      (NiSourceTexture*)
		RTTIName: "NiSourceTexture"
	[RSP+58 ] 0xFFFFFFFFFFFFFFFE (size_t) [uint: 18446744073709551614 int: -2]
	[RSP+60 ] 0x7FF664158160     (void* -> SkyrimSE.exe+1768160	sbb bh, cl)
	[RSP+68 ] 0xCCA8DF0D8        (void*)
	[RSP+70 ] 0x169F7079300      (ScrapHeap*)
	[RSP+78 ] 0x16C04159800      (void*)
	[RSP+80 ] 0x100              (size_t) [256]
	[RSP+88 ] 0xC00000091        (size_t) [51539607697]
	[RSP+90 ] 0x169F7079300      (ScrapHeap*)
	[RSP+98 ] 0x16C0A97E080      (void*)
	[RSP+A0 ] 0x200              (size_t) [512]
	[RSP+A8 ] 0xC000001B8        (size_t) [51539607992]
	[RSP+B0 ] 0x169F7079398      (void*)
	[RSP+B8 ] 0x7FF665C65F00     (void* -> SkyrimSE.exe+3275F00	add [rax], al)
	[RSP+C0 ] 0xCCA8DF2A0        (BSStream*)
		Header: author: cedwards version: 100 processScript: Optimized with SSE NIF Optimizer v3.0.6. exportScript: 
		inputFilePath: "data\MESHES\traps\whiterundragontrap\whiterundragontrap01.nif"
	[RSP+C8 ] 0x7FF665C6B360     (void* -> SkyrimSE.exe+327B360	add [rax], eax)
	[RSP+D0 ] 0x16C03FF8ED8      (void*)
	[RSP+D8 ] 0x169B60D67B8      (char*) "data\MESHES\traps\whiterundragontrap\whiterundragontrap01.nif"
	[RSP+E0 ] 0x7FF66370F92D     (void* -> SkyrimSE.exe+0D1F92D	jmp 0x00007FF66370F931)
	[RSP+E8 ] 0xCCA8DF2A0        (BSStream*)
		Header: author: cedwards version: 100 processScript: Optimized with SSE NIF Optimizer v3.0.6. exportScript: 
		inputFilePath: "data\MESHES\traps\whiterundragontrap\whiterundragontrap01.nif"
	[RSP+F0 ] 0xCCA8DF268        (BSResourceNiBinaryStream*)
	[RSP+F8 ] 0xCCA8DF268        (BSResourceNiBinaryStream*)
	[RSP+100] 0x0                (size_t) [0]
	[RSP+108] 0xCCA8DF3A8        (char*) "data\MESHES\traps\whiterundragontrap\whiterundragontrap01.nif"
	[RSP+110] 0x7FF6637FC128     (void* -> SkyrimSE.exe+0E0C128	movzx edi, al)
	[RSP+118] 0x0                (size_t) [0]
	[RSP+120] 0x128              (size_t) [296]
	[RSP+128] 0xFFFFFFFFFFFFFFFE (size_t) [uint: 18446744073709551614 int: -2]
	[RSP+130] 0x8                (size_t) [8]
	[RSP+138] 0xFFFFFFFFFFFFFFFE (size_t) [uint: 18446744073709551614 int: -2]
	[RSP+140] 0x7FF664176320     (void* -> SkyrimSE.exe+1786320	)
	[RSP+148] 0x0                (size_t) [0]
	[RSP+150] 0x169F7079398      (void*)
	[RSP+158] 0x169B60D67B8      (char*) "data\MESHES\traps\whiterundragontrap\whiterundragontrap01.nif"
	[RSP+160] 0x7FF6637F33C9     (void* -> SkyrimSE.exe+0E033C9	movzx ebx, al)
	[RSP+168] 0x169F7078C30      (void*)
	[RSP+170] 0xCCA8DF2D0        (void*)
	[RSP+178] 0x0                (size_t) [0]
	[RSP+180] 0x169B60D67B8      (char*) "data\MESHES\traps\whiterundragontrap\whiterundragontrap01.nif"
	[RSP+188] 0x16C03FF8E90      (void*)
	[RSP+190] 0x16A00000000      (void*)
	[RSP+198] 0xCA9700000002     (size_t) [222749888872450]
	[RSP+1A0] 0x8                (size_t) [8]
	[RSP+1A8] 0x169F7079398      (void*)
	[RSP+1B0] 0x16C041337D0      (void*)
	[RSP+1B8] 0x169F7079610      (void*)
	[RSP+1C0] 0xFFFFFFFFFFFFFFFE (size_t) [uint: 18446744073709551614 int: -2]
	[RSP+1C8] 0x16C1C047E30      (void*)
	[RSP+1D0] 0x1                (size_t) [1]
	[RSP+1D8] 0xCCA8DF490        (void*)
	[RSP+1E0] 0x7FFAEF84E6E5     (void* -> d3d11.dll+002E6E5	mov ebx, eax)
	[RSP+1E8] 0x169F49755E0      (void*)
	[RSP+1F0] 0x7FFA00000004     (size_t) [140711718551556]
	[RSP+1F8] 0xCCA8DF3A0        (void*)
	[RSP+200] 0x7FF66439F8E0     (void* -> SkyrimSE.exe+19AF8E0	nop)
	[RSP+208] 0x360150           (size_t) [3539280]
	[RSP+210] 0x7FF66372CEC0     (void* -> SkyrimSE.exe+0D3CEC0	push rbx)
	[RSP+218] 0x7FF66372CF30     (void* -> SkyrimSE.exe+0D3CF30	push rbx)
	[RSP+220] 0x169B60D6830      (BSResource::`anonymous namespace'::LooseFileStream*)
	[RSP+228] 0x0                (size_t) [0]
	[RSP+230] 0x360170           (size_t) [3539312]
	[RSP+238] 0x7FF664165B18     (void* -> SkyrimSE.exe+1775B18	)
	[RSP+240] 0x7764656300000064 (size_t) [8603112664060657764]
	[RSP+248] 0x73647261         (size_t) [1935962721]
	[RSP+250] 0x16AF59CF9E8      (void*)
	[RSP+258] 0x16C3E95FE4F      (void*)
	[RSP+260] 0x0                (size_t) [0]
	[RSP+268] 0x0                (size_t) [0]
	[RSP+270] 0x0                (size_t) [0]
	[RSP+278] 0x0                (size_t) [0]
	[RSP+280] 0x6974704FCA8DF380 (size_t) [7598821959283897216]
	[RSP+288] 0x69772064657A696D (size_t) [7599578511782340973]
	[RSP+290] 0x4E20455353206874 (size_t) [5629575758392354932]
	[RSP+298] 0x6D6974704F204649 (size_t) [7883960648401438281]
	[RSP+2A0] 0x2E33762072657A69 (size_t) [3329134431287212649]
	[RSP+2A8] 0x1002E362E30      (size_t) [1100286930480]
	[RSP+2B0] 0x7FFAEF82BD32     (void* -> d3d11.dll+000BD32	nop)
	[RSP+2B8] 0x0                (size_t) [0]
	[RSP+2C0] 0x20455000EF82C21C (size_t) [2325352747555275292]
	[RSP+2C8] 0x4120636974617453 (size_t) [4692860116295316563]
	[RSP+2D0] 0x169F5007472      (void*)
	[RSP+2D8] 0x169F53DF008      (void*)
	[RSP+2E0] 0x16C041337D0      (void*)
	[RSP+2E8] 0x169F4975E20      (void*)
	[RSP+2F0] 0x7FFAEF85F459     (void* -> d3d11.dll+003F459	mov rbx, [rsp+0x70])
	[RSP+2F8] 0xCCA8DF400        (void*)
	[RSP+300] 0x16C041337D0      (void*)
	[RSP+308] 0xC80000004        (size_t) [53687091204]
	[RSP+310] 0x0                (size_t) [0]
	[RSP+318] 0x16C00000000      (void*)
	[RSP+320] 0x7FF9B2E99D00     (void* -> dxgi.dll+0379D00	jl 0x00007FF9B2E99D26)
	[RSP+328] 0x16C3E95FE01      (void*)
	[RSP+330] 0x16C00000001      (void*)
	[RSP+338] 0xC14020007        (size_t) [51875282951]
	[RSP+340] 0x53454D5C61746164 (size_t) [6000287137708400996]
	[RSP+348] 0x706172745C534548 (size_t) [8097879449079596360]
	[RSP+350] 0x7265746968775C73 (size_t) [8243122689044601971]
	[RSP+358] 0x6E6F676172646E75 (size_t) [7957692734815628917]
	[RSP+360] 0x6968775C70617274 (size_t) [7595452010466472564]
	[RSP+368] 0x6172646E75726574 (size_t) [7021785194603636084]
	[RSP+370] 0x30706172746E6F67 (size_t) [3490396855419694951]
	[RSP+378] 0x66696E2E31       (size_t) [439855492657]
	[RSP+380] 0x2F4E1            (size_t) [193761]
	[RSP+388] 0x473C71B7D6FE4F00 (size_t) [5133102709695467264]
	[RSP+390] 0xEBA37A0921EA83BE (size_t) [uint: 16979549199759213502 int: -1467194873950338114]
	[RSP+398] 0x1                (size_t) [1]
	[RSP+3A0] 0x7FF9B2C0A00B     (void* -> dxgi.dll+00EA00B	mov r13d, eax)
	[RSP+3A8] 0x0                (size_t) [0]
	[RSP+3B0] 0xCCA8DF490        (void*)
	[RSP+3B8] 0xCCA8DF4E0        (void*)
	[RSP+3C0] 0x100000058        (size_t) [4294967384]
	[RSP+3C8] 0x0                (size_t) [0]
	[RSP+3D0] 0x8                (size_t) [8]
	[RSP+3D8] 0x0                (size_t) [0]
	[RSP+3E0] 0x3                (size_t) [3]
	[RSP+3E8] 0x10000000100      (size_t) [1099511628032]
	[RSP+3F0] 0x5800080001       (size_t) [377957646337]
	[RSP+3F8] 0x400000058        (size_t) [17179869272]
	[RSP+400] 0x800000000        (size_t) [34359738368]
	[RSP+408] 0x0                (size_t) [0]
	[RSP+410] 0x7FFAF8536AC6     (void* -> ntdll.dll+0046AC6	mov esi, eax)
	[RSP+418] 0x800000000        (size_t) [34359738368]
	[RSP+420] 0xFFFFFFFF00000000 (size_t) [uint: 18446744069414584320 int: -4294967296]
	[RSP+428] 0x1                (size_t) [1]
	[RSP+430] 0x58               (size_t) [88]
	[RSP+438] 0x0                (size_t) [0]
	[RSP+440] 0x101F852A12A      (size_t) [1107972759850]
	[RSP+448] 0x0                (size_t) [0]
	[RSP+450] 0x7FF66439BCC8     (void* -> SkyrimSE.exe+19ABCC8	loopne 0x00007FF66439BD0F)
	[RSP+458] 0x16C0ABA3048      (void*)
	[RSP+460] 0x15100000151      (size_t) [1447403979089]
	[RSP+468] 0x40000000151      (size_t) [4398046511441]
	[RSP+470] 0x7FF66439BCE8     (void* -> SkyrimSE.exe+19ABCE8	add [rdi+0x71], al)
	[RSP+478] 0x16BC1CF9D00      (char*) "|"
	[RSP+480] 0x15100000151      (size_t) [1447403979089]
	[RSP+488] 0x100000151        (size_t) [4294967633]
	[RSP+490] 0x7FF66439BCC8     (void* -> SkyrimSE.exe+19ABCC8	loopne 0x00007FF66439BD0F)
	[RSP+498] 0x16BC1C01E38      (void*)
	[RSP+4A0] 0x100000001        (size_t) [4294967297]
	[RSP+4A8] 0x100000001        (size_t) [4294967297]
	[RSP+4B0] 0x7FF66439BD08     (void* -> SkyrimSE.exe+19ABD08	jo 0x00007FF66439BD50)
	[RSP+4B8] 0x16C04152808      (void*)
	[RSP+4C0] 0x5A0000005A       (size_t) [386547056730]
	[RSP+4C8] 0x800000005A       (size_t) [549755813978]
	[RSP+4D0] 0xCCA8DF268        (BSResourceNiBinaryStream*)
	[RSP+4D8] 0x0                (size_t) [0]
	[RSP+4E0] 0x8D000001A4       (size_t) [605590389156]
	[RSP+4E8] 0x7FF66439BD58     (void* -> SkyrimSE.exe+19ABD58	push rax)
	[RSP+4F0] 0x7FF600000025     (size_t) [140694538682405]
	[RSP+4F8] 0x16C04155F80      (void*)
	[RSP+500] 0x16C00000000      (void*)
	[RSP+508] 0x0                (size_t) [0]
	[RSP+510] 0x0                (size_t) [0]
	[RSP+518] 0x14500000151      (size_t) [1395864371537]
	[RSP+520] 0x0                (size_t) [0]
	[RSP+528] 0x0                (size_t) [0]
	[RSP+530] 0x0                (size_t) [0]
	[RSP+538] 0xFFFFFFFF00000002 (size_t) [uint: 18446744069414584322 int: -4294967294]
	[RSP+540] 0xFFFFFFFF         (size_t) [4294967295]
	[RSP+548] 0x0                (size_t) [0]
	[RSP+550] 0x0                (size_t) [0]
	[RSP+558] 0x0                (size_t) [0]
	[RSP+560] 0x0                (size_t) [0]
	[RSP+568] 0x0                (size_t) [0]
	[RSP+570] 0x0                (size_t) [0]
	[RSP+578] 0x0                (size_t) [0]
	[RSP+580] 0x0                (size_t) [0]
	[RSP+588] 0x0                (size_t) [0]
	[RSP+590] 0x0                (size_t) [0]
	[RSP+598] 0x0                (size_t) [0]
	[RSP+5A0] 0x0                (size_t) [0]
	[RSP+5A8] 0x0                (size_t) [0]
	[RSP+5B0] 0x0                (size_t) [0]
	[RSP+5B8] 0x0                (size_t) [0]
	[RSP+5C0] 0x0                (size_t) [0]
	[RSP+5C8] 0x0                (size_t) [0]
	[RSP+5D0] 0x0                (size_t) [0]
	[RSP+5D8] 0x0                (size_t) [0]
	[RSP+5E0] 0x0                (size_t) [0]
	[RSP+5E8] 0x0                (size_t) [0]
	[RSP+5F0] 0x0                (size_t) [0]
	[RSP+5F8] 0x0                (size_t) [0]
	[RSP+600] 0x0                (size_t) [0]
	[RSP+608] 0x0                (size_t) [0]
	[RSP+610] 0x0                (size_t) [0]
	[RSP+618] 0x0                (size_t) [0]
	[RSP+620] 0x0                (size_t) [0]
	[RSP+628] 0x0                (size_t) [0]
	[RSP+630] 0x0                (size_t) [0]
	[RSP+638] 0x0                (size_t) [0]
	[RSP+640] 0x0                (size_t) [0]
	[RSP+648] 0xFFFFFF0000000000 (size_t) [uint: 18446742974197923840 int: -1099511627776]
	[RSP+650] 0x7FF665C72038     (void* -> SkyrimSE.exe+3282038	add eax, [rax])
	[RSP+658] 0xCCA8DF778        (void*)
	[RSP+660] 0x7FF6636DD9DD     (void* -> SkyrimSE.exe+0CED9DD	mov r13, rax)
	[RSP+668] 0x16AF593D410      (void*)
	[RSP+670] 0x169D7D40000      (void*)
	[RSP+678] 0x8                (size_t) [8]
	[RSP+680] 0x0                (size_t) [0]
	[RSP+688] 0xFFFFFFFFFFFFFFFE (size_t) [uint: 18446744073709551614 int: -2]
	[RSP+690] 0x7FF663838527     (void* -> SkyrimSE.exe+0E48527	mov rax, [rsp+0x30])
	[RSP+698] 0xCCA8DF940        (void*)
	[RSP+6A0] 0x7FF662B849CE     (void* -> SkyrimSE.exe+01949CE	mov ebp, eax)
	[RSP+6A8] 0xCCA8DFA70        (void*)
	[RSP+6B0] 0x7FF665C72038     (void* -> SkyrimSE.exe+3282038	add eax, [rax])
	[RSP+6B8] 0xFFFFFFFFFFFFFFFE (size_t) [uint: 18446744073709551614 int: -2]
	[RSP+6C0] 0x16C0A81025F      (char*) "DDS"
	[RSP+6C8] 0xCCA8DF950        (void*)
	[RSP+6D0] 0x7FF6636DE2D9     (void* -> SkyrimSE.exe+0CEE2D9	cmp [rbx], eax)
	[RSP+6D8] 0xCCA8DF950        (void*)
	[RSP+6E0] 0xCCA8DF7D0        (void*)
	[RSP+6E8] 0xFFFFFFFFFFFFFFFE (size_t) [uint: 18446744073709551614 int: -2]
	[RSP+6F0] 0x3D               (size_t) [61]
	[RSP+6F8] 0x7FF665C65F00     (void* -> SkyrimSE.exe+3275F00	add [rax], al)
	[RSP+700] 0x7FF665C6B360     (void* -> SkyrimSE.exe+327B360	add [rax], eax)
	[RSP+708] 0xCCA8DFA70        (void*)
	[RSP+710] 0x40000000         (size_t) [1073741824]
	[RSP+718] 0xCCA8DF950        (void*)
	[RSP+720] 0x0                (size_t) [0]
	[RSP+728] 0x16C03FF8EB0      (void*)
	[RSP+730] 0x7FF6636DC804     (void* -> SkyrimSE.exe+0CEC804	mov rax, rbx)
	[RSP+738] 0xCCA8DF7D8        (void*)
	[RSP+740] 0xCCA8DF950        (void*)
	[RSP+748] 0xCCA8DF950        (void*)
	[RSP+750] 0x0                (size_t) [0]
	[RSP+758] 0x0                (size_t) [0]
	[RSP+760] 0x0                (size_t) [0]
	[RSP+768] 0x0                (size_t) [0]
	[RSP+770] 0x0                (size_t) [0]
	[RSP+778] 0x0                (size_t) [0]
	[RSP+780] 0x0                (size_t) [0]
	[RSP+788] 0x0                (size_t) [0]
	[RSP+790] 0x0                (size_t) [0]
	[RSP+798] 0x0                (size_t) [0]
	[RSP+7A0] 0x0                (size_t) [0]
	[RSP+7A8] 0x0                (size_t) [0]
	[RSP+7B0] 0x0                (size_t) [0]
	[RSP+7B8] 0x0                (size_t) [0]
	[RSP+7C0] 0x0                (size_t) [0]
	[RSP+7C8] 0x0                (size_t) [0]
	[RSP+7D0] 0x0                (size_t) [0]
	[RSP+7D8] 0x0                (size_t) [0]
	[RSP+7E0] 0x0                (size_t) [0]
	[RSP+7E8] 0x0                (size_t) [0]
	[RSP+7F0] 0x0                (size_t) [0]
	[RSP+7F8] 0x0                (size_t) [0]
	[RSP+800] 0x0                (size_t) [0]
	[RSP+808] 0x0                (size_t) [0]
	[RSP+810] 0x0                (size_t) [0]
	[RSP+818] 0x0                (size_t) [0]
	[RSP+820] 0x0                (size_t) [0]
	[RSP+828] 0x0                (size_t) [0]
	[RSP+830] 0x0                (size_t) [0]
	[RSP+838] 0x0                (size_t) [0]
	[RSP+840] 0x0                (size_t) [0]
	[RSP+848] 0x0                (size_t) [0]
	[RSP+850] 0x16900000000      (size_t) [1550483193856]
	[RSP+858] 0x0                (size_t) [0]
	[RSP+860] 0x0                (size_t) [0]
	[RSP+868] 0x7FF665C65F00     (void* -> SkyrimSE.exe+3275F00	add [rax], al)
	[RSP+870] 0x7FF665C6B360     (void* -> SkyrimSE.exe+327B360	add [rax], eax)
	[RSP+878] 0xCCA8DFA70        (void*)
	[RSP+880] 0x40000000         (size_t) [1073741824]
	[RSP+888] 0x1                (size_t) [1]
	[RSP+890] 0x169B60D67B8      (char*) "data\MESHES\traps\whiterundragontrap\whiterundragontrap01.nif"
	[RSP+898] 0x16C03FF8EB0      (void*)
	[RSP+8A0] 0x7FF662BF6790     (void* -> SkyrimSE.exe+0206790	xor edi, edi)
	[RSP+8A8] 0x169B60D6830      (BSResource::`anonymous namespace'::LooseFileStream*)
	[RSP+8B0] 0x169B60D67B8      (char*) "data\MESHES\traps\whiterundragontrap\whiterundragontrap01.nif"
	[RSP+8B8] 0x3                (size_t) [3]
	[RSP+8C0] 0x7FF600000001     (size_t) [140694538682369]
	[RSP+8C8] 0x16C03FF8EC0      (void*)
	[RSP+8D0] 0x0                (size_t) [0]
	[RSP+8D8] 0x169B60D6830      (BSResource::`anonymous namespace'::LooseFileStream*)
	[RSP+8E0] 0x169B60D6830      (BSResource::`anonymous namespace'::LooseFileStream*)
	[RSP+8E8] 0x169B60D67B8      (char*) "data\MESHES\traps\whiterundragontrap\whiterundragontrap01.nif"
	[RSP+8F0] 0xFFFFFFFFFFFFFFFE (size_t) [uint: 18446744073709551614 int: -2]
	[RSP+8F8] 0x0                (size_t) [0]
	[RSP+900] 0x7FF662BF6937     (void* -> SkyrimSE.exe+0206937	lea rcx, [r15+0x168])
	[RSP+908] 0x20000001         (size_t) [536870913]
	[RSP+910] 0xA0000001         (size_t) [2684354561]
	[RSP+918] 0x16C03FF8EB0      (void*)
	[RSP+920] 0x7FF665C6B360     (void* -> SkyrimSE.exe+327B360	add [rax], eax)
	[RSP+928] 0xC20000000        (size_t) [52076478464]
	[RSP+930] 0x16C03EEBFB8      (void*)
	[RSP+938] 0x7FF665C65E30     (BSResource::EntryDB<BSModelDB::DBTraits>*)
	[RSP+940] 0x16C03EEBFB8      (void*)
	[RSP+948] 0x0                (size_t) [0]
	[RSP+950] 0x7FF6637F4F60     (void* -> SkyrimSE.exe+0E04F60	mov rcx, [rdi+0x08])
	[RSP+958] 0xCCA8DFB00        (void*)
	[RSP+960] 0xCCA8DFA40        (void*)
	[RSP+968] 0x7                (size_t) [7]
	[RSP+970] 0x16C03FF9090      (void*)
	[RSP+978] 0x7FF665C65E30     (BSResource::EntryDB<BSModelDB::DBTraits>*)
	[RSP+980] 0xCCA8DFB18        (`IOManager::DoOnPreRunTask'::`2'::Pauser*)
	[RSP+988] 0x0                (size_t) [0]
	[RSP+990] 0x16ACEE78348      (void*)
	[RSP+998] 0x1                (size_t) [1]
	[RSP+9A0] 0xCCA8DFBB0        (void*)
	[RSP+9A8] 0x16ACEE78308      (void*)
	[RSP+9B0] 0x7FF6637F5BB0     (void* -> SkyrimSE.exe+0E05BB0	mov eax, [rsp+0x30])
	[RSP+9B8] 0x16C03FF8820      (void*)
	[RSP+9C0] 0xCCA8DFA40        (void*)
	[RSP+9C8] 0x7                (size_t) [7]
	[RSP+9D0] 0x7FF6637F31D7     (void* -> SkyrimSE.exe+0E031D7	cmp [rbx+0x1C], dil)
	[RSP+9D8] 0x7FF665C65F00     (void* -> SkyrimSE.exe+3275F00	add [rax], al)
	[RSP+9E0] 0xCCA8DFB18        (`IOManager::DoOnPreRunTask'::`2'::Pauser*)
	[RSP+9E8] 0x7                (size_t) [7]
	[RSP+9F0] 0x1                (size_t) [1]
	[RSP+9F8] 0x4                (size_t) [4]
	[RSP+A00] 0x7FF6636F8F9F     (void* -> SkyrimSE.exe+0D08F9F	add r12d, eax)
	[RSP+A08] 0x16C03F22878      (BSTextureDB::QueuedHandles*)
	[RSP+A10] 0x7FF665C6E1B8     (void* -> SkyrimSE.exe+327E1B8	add [rax], al)
	[RSP+A18] 0x7FF665C6E1A8     (void* -> SkyrimSE.exe+327E1A8	)
	[RSP+A20] 0xCCA8DFBB0        (void*)
	[RSP+A28] 0xFFFFFFFFFFFFFFFE (size_t) [uint: 18446744073709551614 int: -2]
	[RSP+A30] 0x7FF665C6E160     (BSResource::EntryDB<BSTextureDB::DBTraits>*)
	[RSP+A38] 0x0                (size_t) [0]
	[RSP+A40] 0xCCA8DFAA0        (void*)
	[RSP+A48] 0x0                (size_t) [0]
	[RSP+A50] 0x0                (size_t) [0]
	[RSP+A58] 0x4E20             (size_t) [20000]
	[RSP+A60] 0xF8D2B9914B       (size_t) [1068687266123]
	[RSP+A68] 0x3                (size_t) [3]
	[RSP+A70] 0x0                (size_t) [0]
	[RSP+A78] 0x16ACEE78348      (void*)
	[RSP+A80] 0x7FF6637F1E1D     (void* -> SkyrimSE.exe+0E01E1D	add rbx, 0x08)
	[RSP+A88] 0x16ACEE78308      (void*)
	[RSP+A90] 0xCCA8DFBB0        (void*)
	[RSP+A98] 0x1                (size_t) [1]
	[RSP+AA0] 0x0                (size_t) [0]
	[RSP+AA8] 0xFFFFFFFFFFFFFFFE (size_t) [uint: 18446744073709551614 int: -2]
	[RSP+AB0] 0x7FF6643BDCD0     (void* -> SkyrimSE.exe+19CDCD0	loopne 0x00007FF6643BDCF2)
	[RSP+AB8] 0x16ACF464090      (BSTaskManagerThread*)
	[RSP+AC0] 0x16ACF464090      (BSTaskManagerThread*)
	[RSP+AC8] 0x16ACF464090      (BSTaskManagerThread*)
	[RSP+AD0] 0x7FF6637EE72F     (void* -> SkyrimSE.exe+0DFE72F	mov [rbp+0x48], r12)
	[RSP+AD8] 0x0                (size_t) [0]
	[RSP+AE0] 0x1                (size_t) [1]
	[RSP+AE8] 0x16C00000000      (void*)
	[RSP+AF0] 0x24BC             (size_t) [9404]
	[RSP+AF8] 0x7FF665BBC301     (void* -> SkyrimSE.exe+31CC301	add [rax], al)
	[RSP+B00] 0x169EAC97368      (void*)
	[RSP+B08] 0xFFFFFFFFFFFFFFFE (size_t) [uint: 18446744073709551614 int: -2]
	[RSP+B10] 0x7FF6643BD7E0     (void* -> SkyrimSE.exe+19CD7E0	xor ah, dh)
	[RSP+B18] 0x16900000003      (size_t) [1550483193859]
	[RSP+B20] 0x300001C77001C77  (size_t) [216172904369364087]
	[RSP+B28] 0x1                (size_t) [1]
	[RSP+B30] 0x0                (size_t) [0]
	[RSP+B38] 0x0                (size_t) [0]
	[RSP+B40] 0x0                (size_t) [0]
	[RSP+B48] 0x0                (size_t) [0]
	[RSP+B50] 0x0                (size_t) [0]
	[RSP+B58] 0x0                (size_t) [0]
	[RSP+B60] 0x0                (size_t) [0]
	[RSP+B68] 0x0                (size_t) [0]
	[RSP+B70] 0x0                (size_t) [0]
	[RSP+B78] 0x0                (size_t) [0]
	[RSP+B80] 0x7FF6636C0DBD     (void* -> SkyrimSE.exe+0CD0DBD	mov rcx, [0x00007FF665BBC318])
	[RSP+B88] 0x7FF665BBC370     (void* -> SkyrimSE.exe+31CC370	add [rax], al)
	[RSP+B90] 0x0                (size_t) [0]
	[RSP+B98] 0x300001C77001C77  (size_t) [216172904369364087]
	[RSP+BA0] 0x16ACF464090      (BSTaskManagerThread*)
	[RSP+BA8] 0x16ACF464090      (BSTaskManagerThread*)
	[RSP+BB0] 0x0                (size_t) [0]
	[RSP+BB8] 0x0                (size_t) [0]
	[RSP+BC0] 0x7FFAF7DE257D     (void* -> KERNEL32.DLL+001257D	mov ecx, eax)
	[RSP+BC8] 0x0                (size_t) [0]
	[RSP+BD0] 0x0                (size_t) [0]
	[RSP+BD8] 0x0                (size_t) [0]
	[RSP+BE0] 0x0                (size_t) [0]
	[RSP+BE8] 0x0                (size_t) [0]
	[RSP+BF0] 0x7FFAF854AF28     (void* -> ntdll.dll+005AF28	jmp 0x00007FFAF854AF49)
	[RSP+BF8] 0x0                (size_t) [0]
	[RSP+C00] 0x0                (size_t) [0]
	[RSP+C08] 0x0                (size_t) [0]
	[RSP+C10] 0x0                (size_t) [0]
	[RSP+C18] 0x0                (size_t) [0]
	[RSP+C20] 0x0                (size_t) [0]
	[RSP+C28] 0x40D43E7C00000000 (size_t) [4671427415786913792]
	[RSP+C30] 0x0                (size_t) [0]
	[RSP+C38] 0x4F0FFFFFB30      (size_t) [5433133628208]
	[RSP+C40] 0x7FFAF5F109D0     (void* -> KERNELBASE.dll+01609D0	mov [rsp+0x10], rbx)
	[RSP+C48] 0xCCA8DDB40        (void*)
	[RSP+C50] 0x7FFAB52537AC0    (size_t) [2251436122667712]
	[RSP+C58] 0x7FFAB52537AC     (size_t) [140714757666732]
	[RSP+C60] 0xCCA8DDB40        (void*)
	[RSP+C68] 0x0                (size_t) [0]
	[RSP+C70] 0x0                (size_t) [0]
	[RSP+C78] 0x0                (size_t) [0]
	[RSP+C80] 0x0                (size_t) [0]
	[RSP+C88] 0x0                (size_t) [0]
	[RSP+C90] 0x0                (size_t) [0]
	[RSP+C98] 0x0                (size_t) [0]
	[RSP+CA0] 0x0                (size_t) [0]
	[RSP+CA8] 0x0                (size_t) [0]
	[RSP+CB0] 0x0                (size_t) [0]
	[RSP+CB8] 0x0                (size_t) [0]
	[RSP+CC0] 0x0                (size_t) [0]
	[RSP+CC8] 0x0                (size_t) [0]
	[RSP+CD0] 0x0                (size_t) [0]
	[RSP+CD8] 0x0                (size_t) [0]
	[RSP+CE0] 0x0                (size_t) [0]
	[RSP+CE8] 0x0                (size_t) [0]
	[RSP+CF0] 0x0                (size_t) [0]
	[RSP+CF8] 0x0                (size_t) [0]
	[RSP+D00] 0x0                (size_t) [0]
	[RSP+D08] 0x0                (size_t) [0]
	[RSP+D10] 0x0                (size_t) [0]
	[RSP+D18] 0x0                (size_t) [0]
	[RSP+D20] 0x0                (size_t) [0]
	[RSP+D28] 0x0                (size_t) [0]
	[RSP+D30] 0x0                (size_t) [0]
	[RSP+D38] 0x0                (size_t) [0]
	[RSP+D40] 0x0                (size_t) [0]
	[RSP+D48] 0x0                (size_t) [0]
	[RSP+D50] 0x0                (size_t) [0]
	[RSP+D58] 0x0                (size_t) [0]
	[RSP+D60] 0x0                (size_t) [0]
	[RSP+D68] 0x0                (size_t) [0]
	[RSP+D70] 0x0                (size_t) [0]
	[RSP+D78] 0x0                (size_t) [0]
	[RSP+D80] 0x0                (size_t) [0]
	[RSP+D88] 0x0                (size_t) [0]
	[RSP+D90] 0x0                (size_t) [0]
	[RSP+D98] 0x0                (size_t) [0]
	[RSP+DA0] 0x0                (size_t) [0]
	[RSP+DA8] 0x0                (size_t) [0]
	[RSP+DB0] 0x0                (size_t) [0]
	[RSP+DB8] 0x0                (size_t) [0]
	[RSP+DC0] 0x0                (size_t) [0]
	[RSP+DC8] 0x0                (size_t) [0]
	[RSP+DD0] 0x0                (size_t) [0]
	[RSP+DD8] 0x0                (size_t) [0]
	[RSP+DE0] 0x0                (size_t) [0]
	[RSP+DE8] 0x0                (size_t) [0]
	[RSP+DF0] 0x0                (size_t) [0]
	[RSP+DF8] 0x0                (size_t) [0]
	[RSP+E00] 0x0                (size_t) [0]
	[RSP+E08] 0x0                (size_t) [0]
	[RSP+E10] 0x0                (size_t) [0]
	[RSP+E18] 0x0                (size_t) [0]
	[RSP+E20] 0x0                (size_t) [0]
	[RSP+E28] 0x0                (size_t) [0]
	[RSP+E30] 0x0                (size_t) [0]
	[RSP+E38] 0x0                (size_t) [0]
	[RSP+E40] 0x0                (size_t) [0]
	[RSP+E48] 0x0                (size_t) [0]
	[RSP+E50] 0x0                (size_t) [0]
	[RSP+E58] 0x0                (size_t) [0]
	[RSP+E60] 0x0                (size_t) [0]
	[RSP+E68] 0x0                (size_t) [0]
	[RSP+E70] 0x0                (size_t) [0]
	[RSP+E78] 0x0                (size_t) [0]
	[RSP+E80] 0x0                (size_t) [0]
	[RSP+E88] 0x0                (size_t) [0]
	[RSP+E90] 0x0                (size_t) [0]
	[RSP+E98] 0x0                (size_t) [0]
	[RSP+EA0] 0x0                (size_t) [0]
	[RSP+EA8] 0x0                (size_t) [0]
	[RSP+EB0] 0x0                (size_t) [0]
	[RSP+EB8] 0x0                (size_t) [0]
	[RSP+EC0] 0x0                (size_t) [0]
	[RSP+EC8] 0x0                (size_t) [0]
	[RSP+ED0] 0x0                (size_t) [0]
	[RSP+ED8] 0x0                (size_t) [0]
	[RSP+EE0] 0x0                (size_t) [0]
	[RSP+EE8] 0x0                (size_t) [0]
	[RSP+EF0] 0x0                (size_t) [0]
	[RSP+EF8] 0x0                (size_t) [0]
	[RSP+F00] 0x0                (size_t) [0]
	[RSP+F08] 0x0                (size_t) [0]
	[RSP+F10] 0x0                (size_t) [0]
	[RSP+F18] 0x0                (size_t) [0]
	[RSP+F20] 0x0                (size_t) [0]
	[RSP+F28] 0x0                (size_t) [0]
	[RSP+F30] 0x0                (size_t) [0]
	[RSP+F38] 0x0                (size_t) [0]
	[RSP+F40] 0x0                (size_t) [0]
	[RSP+F48] 0x0                (size_t) [0]
	[RSP+F50] 0x0                (size_t) [0]
	[RSP+F58] 0x0                (size_t) [0]
	[RSP+F60] 0x0                (size_t) [0]
	[RSP+F68] 0x0                (size_t) [0]
	[RSP+F70] 0x0                (size_t) [0]
	[RSP+F78] 0x0                (size_t) [0]
	[RSP+F80] 0x0                (size_t) [0]
	[RSP+F88] 0x0                (size_t) [0]
	[RSP+F90] 0x0                (size_t) [0]

MODULES:
	XINPUT1_3.dll                                    0x000000400000
	X3DAudio1_7.dll                                  0x0000554D0000
	tbb.dll                                          0x000180000000
	po3_AnimObjectSwapper.dll                        0x016981A80000
	skee64.dll                                       0x016988BE0000
	wintrust.dll                                     0x0169B7D80000
	tbbmalloc.dll                                    0x0169D9980000
	AHZmoreHUDPlugin.dll                             0x0169ED1C0000
	SkyrimSE.exe                                     0x7FF6629F0000
	XAudio2_7.dll                                    0x7FF9A8DE0000
	gameoverlayrenderer64.dll                        0x7FF9A9820000
	Weightless.dll                                   0x7FF9A99C0000
	TrueDirectionalMovement.dll                      0x7FF9A9AE0000
	TheNewGentleman.dll                              0x7FF9A9BB0000
	SoundRecordDistributor.dll                       0x7FF9A9CD0000
	SexLabUtil.dll                                   0x7FF9AA020000
	ScrambledBugs.dll                                0x7FF9AA0F0000
	QuickLootEE-NG.dll                               0x7FF9AA190000
	po3_Tweaks.dll                                   0x7FF9AA3D0000
	po3_SplashesOfStorms.dll                         0x7FF9AA4D0000
	po3_SpellPerkItemDistributor.dll                 0x7FF9AA590000
	po3_SimpleOffenceSuppression.dll                 0x7FF9AA750000
	po3_SimpleActivateSKSE.dll                       0x7FF9AA7F0000
	po3_SaveUnbaker.dll                              0x7FF9AA8A0000
	po3_PapyrusExtender.dll                          0x7FF9AA940000
	po3_MoonMod.dll                                  0x7FF9AABF0000
	po3_MagicSneakAttacks.dll                        0x7FF9AACA0000
	po3_KeywordItemDistributor.dll                   0x7FF9AAD80000
	po3_EnhancedInvisibility.dll                     0x7FF9AAF20000
	po3_ENBLightForEffectShaders.dll                 0x7FF9AAFD0000
	po3_DualCastingFix.dll                           0x7FF9AB090000
	po3_DialogueHistory.dll                          0x7FF9AB130000
	PapyrusUtil.dll                                  0x7FF9AB4B0000
	OStim.dll                                        0x7FF9AB620000
	OSLAroused.dll                                   0x7FF9ABCE0000
	OpenAnimationReplacer.dll                        0x7FF9ABD80000
	OpenAnimationReplacer-IEDConditionExtensions.dll 0x7FF9AC0E0000
	steamclient64.dll                                0x7FF9AC200000
	OpenAnimationReplacer-DialoguePlugin.dll         0x7FF9AEA50000
	OpenAnimationReplacer-DetectionPlugin.dll        0x7FF9AEB00000
	NoOppositeGenderAnims.dll                        0x7FF9AEBF0000
	NGIO-NG.dll                                      0x7FF9AECE0000
	MuSkeletonEditor.dll                             0x7FF9AEE20000
	MoreInformativeConsole.dll                       0x7FF9AEF00000
	KreatE.dll                                       0x7FF9AF030000
	hdtSMP64.dll                                     0x7FF9AF1F0000
	D3DCOMPILER_47.dll                               0x7FF9AFA20000
	dxgi.dll                                         0x7FF9B2B20000
	OBody.dll                                        0x7FF9B3FE0000
	JContainers64.dll                                0x7FF9B4090000
	MuJointFix.dll                                   0x7FF9B5AB0000
	IWantWidgetsNative.dll                           0x7FF9B5B50000
	MCMHelper.dll                                    0x7FF9B6EB0000
	PAPER.dll                                        0x7FF9B7570000
	LocationalEncounterZones.dll                     0x7FF9B75F0000
	PairedAnimationImprovements.dll                  0x7FF9B7780000
	mfgfix.dll                                       0x7FF9B7930000
	DeviousDevices.dll                               0x7FF9B79F0000
	k101PapyrusFunctions.dll                         0x7FF9B7DD0000
	CrashLogger.dll                                  0x7FF9B8010000
	InventoryInjector.dll                            0x7FF9B8360000
	ContainerDistributionFramework.dll               0x7FF9C28A0000
	ConsoleUtilSSE.dll                               0x7FF9C29B0000
	NativeEditorIDFix.dll                            0x7FF9EB470000
	HDLocalMap.dll                                   0x7FF9EB4D0000
	CommunityShaders.dll                             0x7FF9EB530000
	DynamicArmorVariants.dll                         0x7FF9EC040000
	ActorValueExtension.dll                          0x7FF9EC130000
	cbp.dll                                          0x7FF9EC3F0000
	BetterThirdPersonSelection.dll                   0x7FF9ECD40000
	WINHTTP.dll                                      0x7FF9ECFB0000
	DynDOLOD.DLL                                     0x7FFA4C710000
	Ammo_Patcher.dll                                 0x7FFA4C7E0000
	Fuz Ro D'oh.dll                                  0x7FFA53390000
	CraftingCategories.dll                           0x7FFA56400000
	CaptureWarmer.dll                                0x7FFA56480000
	xinput1_4.dll                                    0x7FFA56840000
	BugFixesSSE.dll                                  0x7FFA56860000
	skse64_1_6_1170.dll                              0x7FFA56980000
	FISS.dll                                         0x7FFA56AB0000
	AddItemMenuSE.dll                                0x7FFA56B20000
	ActorLimitFix.dll                                0x7FFA56C20000
	SKSEMenuFramework.dll                            0x7FFA56CC0000
	CONCRT140.dll                                    0x7FFA58930000
	VoltekLib.Detours.dll                            0x7FFA58980000
	FaceGenFixes.dll                                 0x7FFA632E0000
	bink2w64.dll                                     0x7FFA63350000
	VoltekLib.RelocationDatabase.dll                 0x7FFA63420000
	encounter_zones_unlocked.dll                     0x7FFA63470000
	EngineFixes.dll                                  0x7FFA634D0000
	tier0_s64.dll                                    0x7FFA635E0000
	VoltekLib.MemoryManager.dll                      0x7FFA64130000
	vstdlib_s64.dll                                  0x7FFA641A0000
	MSVCP140_ATOMIC_WAIT.dll                         0x7FFA64880000
	ResampleDmo.DLL                                  0x7FFA6E1C0000
	DSOUND.DLL                                       0x7FFA6E280000
	msdmo.dll                                        0x7FFA8F2B0000
	VoltekLib.UnicodeConverter.dll                   0x7FFA958C0000
	nvspcap64.dll                                    0x7FFAA2E40000
	usvfs_x64.dll                                    0x7FFAA55D0000
	ReShade64-UIBind-By-seri14.addon64               0x7FFAB5AC0000
	ReShade64-AdjustDepth-By-seri14.addon64          0x7FFAB5B30000
	DINPUT8.dll                                      0x7FFAB5B40000
	AnimationQueueFix.dll                            0x7FFAB5B90000
	ncryptsslp.dll                                   0x7FFAB8260000
	steam_api64.dll                                  0x7FFABA2B0000
	AHZmoreHUDInventory.dll                          0x7FFABA530000
	BarterLimitFix.dll                               0x7FFABAAF0000
	generic_depth_mod.addon64                        0x7FFABB090000
	d3dx9_42.dll                                     0x7FFABB0D0000
	SMP-NPC crash fix.dll                            0x7FFABB0F0000
	uiautomationcore.dll                             0x7FFAC6C90000
	threadpoolwinrt.dll                              0x7FFACA970000
	ELIF.dll                                         0x7FFACAF00000
	inputhost.dll                                    0x7FFAD6760000
	ondemandconnroutehelper.dll                      0x7FFAD82D0000
	iertutil.dll                                     0x7FFADA7E0000
	srvcli.dll                                       0x7FFADAAA0000
	MPR.dll                                          0x7FFADAAD0000
	WININET.dll                                      0x7FFADB7D0000
	MSVCP140.dll                                     0x7FFADBD00000
	VCRUNTIME140.dll                                 0x7FFADBDF0000
	VCRUNTIME140_1.dll                               0x7FFADBE10000
	winmmbase.dll                                    0x7FFADC570000
	Windows.UI.dll                                   0x7FFADC710000
	nvwgf2umx.dll                                    0x7FFADD3F0000
	OLEACC.dll                                       0x7FFAE1460000
	gdiplus.dll                                      0x7FFAE1880000
	MMDevApi.dll                                     0x7FFAE1DA0000
	textinputframework.dll                           0x7FFAE4660000
	nvgpucomp64.dll                                  0x7FFAE4930000
	NvMessageBus.dll                                 0x7FFAE69C0000
	AUDIOSES.DLL                                     0x7FFAE6F70000
	urlmon.dll                                       0x7FFAE7C90000
	webio.dll                                        0x7FFAE80D0000
	COMCTL32.dll                                     0x7FFAE8C30000
	MSIMG32.dll                                      0x7FFAEA1C0000
	nvldumdx.dll                                     0x7FFAEA250000
	WINMM.dll                                        0x7FFAEAD20000
	CoreUIComponents.dll                             0x7FFAECB50000
	avrt.dll                                         0x7FFAED1B0000
	directxdatabasehelper.dll                        0x7FFAED270000
	dbghelp.dll                                      0x7FFAED2C0000
	drvstore.dll                                     0x7FFAEE220000
	cryptnet.dll                                     0x7FFAEE450000
	VERSION.dll                                      0x7FFAEE500000
	rasadhlp.dll                                     0x7FFAEE510000
	d3d11.dll                                        0x7FFAEF820000
	dcomp.dll                                        0x7FFAEFC50000
	CoreMessaging.dll                                0x7FFAF02F0000
	fwpuclnt.dll                                     0x7FFAF0AE0000
	WINHTTP.DLL                                      0x7FFAF1610000
	windowscodecs.dll                                0x7FFAF2A20000
	UxTheme.dll                                      0x7FFAF2C90000
	dxgi.dll                                         0x7FFAF2DC0000
	dwmapi.dll                                       0x7FFAF2ED0000
	WINNSI.DLL                                       0x7FFAF2F00000
	dxcore.dll                                       0x7FFAF2F40000
	resourcepolicyclient.dll                         0x7FFAF31F0000
	wintypes.dll                                     0x7FFAF35E0000
	windows.storage.dll                              0x7FFAF3720000
	HID.DLL                                          0x7FFAF4020000
	netutils.dll                                     0x7FFAF42E0000
	IPHLPAPI.DLL                                     0x7FFAF42F0000
	DNSAPI.dll                                       0x7FFAF4360000
	UMPDC.dll                                        0x7FFAF4640000
	POWRPROF.dll                                     0x7FFAF4660000
	Secur32.dll                                      0x7FFAF46D0000
	schannel.DLL                                     0x7FFAF4750000
	rsaenh.dll                                       0x7FFAF4850000
	kernel.appcore.dll                               0x7FFAF48F0000
	ntmarta.dll                                      0x7FFAF4910000
	SSPICLI.DLL                                      0x7FFAF4B50000
	MSWSOCK.dll                                      0x7FFAF4D50000
	wldp.dll                                         0x7FFAF4FD0000
	CRYPTBASE.DLL                                    0x7FFAF5080000
	CRYPTSP.dll                                      0x7FFAF50A0000
	msasn1.dll                                       0x7FFAF50F0000
	NTASN1.dll                                       0x7FFAF5180000
	ncrypt.dll                                       0x7FFAF51C0000
	devobj.dll                                       0x7FFAF54E0000
	CFGMGR32.dll                                     0x7FFAF5510000
	DPAPI.DLL                                        0x7FFAF5560000
	profapi.dll                                      0x7FFAF5740000
	CRYPT32.dll                                      0x7FFAF5810000
	ucrtbase.dll                                     0x7FFAF5980000
	msvcp_win.dll                                    0x7FFAF5AA0000
	bcrypt.dll                                       0x7FFAF5B40000
	win32u.dll                                       0x7FFAF5B70000
	bcryptPrimitives.dll                             0x7FFAF5BA0000
	gdi32full.dll                                    0x7FFAF5C90000
	KERNELBASE.dll                                   0x7FFAF5DB0000
	IMM32.dll                                        0x7FFAF6220000
	COMDLG32.dll                                     0x7FFAF6500000
	RPCRT4.dll                                       0x7FFAF6600000
	WS2_32.dll                                       0x7FFAF6720000
	USER32.dll                                       0x7FFAF6830000
	combase.dll                                      0x7FFAF69E0000
	msvcrt.dll                                       0x7FFAF6D70000
	PSAPI.DLL                                        0x7FFAF6E20000
	NSI.dll                                          0x7FFAF6E40000
	clbcatq.dll                                      0x7FFAF6E50000
	SHELL32.dll                                      0x7FFAF6F00000
	OLEAUT32.dll                                     0x7FFAF7770000
	SETUPAPI.dll                                     0x7FFAF78D0000
	SHLWAPI.dll                                      0x7FFAF7D50000
	imagehlp.dll                                     0x7FFAF7DB0000
	KERNEL32.DLL                                     0x7FFAF7DD0000
	ole32.dll                                        0x7FFAF7EA0000
	shcore.dll                                       0x7FFAF8050000
	GDI32.dll                                        0x7FFAF8150000
	ADVAPI32.dll                                     0x7FFAF8180000
	MSCTF.dll                                        0x7FFAF8290000
	sechost.dll                                      0x7FFAF83F0000
	ntdll.dll                                        0x7FFAF84F0000

SKSE PLUGINS:
	ActorLimitFix.dll
	ActorValueExtension.dll v1.9.5.6
	AddItemMenuSE.dll
	AHZmoreHUDInventory.dll v2.1.3
	AHZmoreHUDPlugin.dll v5.2.2
	Ammo_Patcher.dll v1.2.0.1
	AnimationQueueFix.dll v1.0.1
	BarterLimitFix.dll
	BetterThirdPersonSelection.dll v1
	BugFixesSSE.dll
	CaptureWarmer.dll v1.2
	cbp.dll
	CommunityShaders.dll v0.8.7
	ConsoleUtilSSE.dll v1.5.1
	ContainerDistributionFramework.dll v2
	CraftingCategories.dll v1.1.1
	CrashLogger.dll v1.14.1
	DeviousDevices.dll v3.0.0.1
	DynamicArmorVariants.dll v1.0.5
	DynDOLOD.DLL v3.0.31.1130
	ELIF.dll v1.2
	encounter_zones_unlocked.dll
	EngineFixes.dll v6.1.1
	FaceGenFixes.dll v1.0.3
	FISS.dll
	Fuz Ro D'oh.dll v2.5.8.123
	HDLocalMap.dll v1.0.2
	hdtSMP64.dll
	InventoryInjector.dll v1.1
	IWantWidgetsNative.dll
	JContainers64.dll v4.2.9
	k101PapyrusFunctions.dll v1
	KreatE.dll v1.3
	LocationalEncounterZones.dll v1.0.2
	MCMHelper.dll v1.5
	mfgfix.dll v0.1
	MoreInformativeConsole.dll v1.1
	MuJointFix.dll v2.0.17
	MuSkeletonEditor.dll v0.6.1
	NativeEditorIDFix.dll v1.2.2
	NGIO-NG.dll v1.1.0.1
	NoOppositeGenderAnims.dll v1.1
	OBody.dll v1
	OpenAnimationReplacer-DetectionPlugin.dll v2.1.1
	OpenAnimationReplacer-DialoguePlugin.dll v1
	OpenAnimationReplacer-IEDConditionExtensions.dll v1.0.2
	OpenAnimationReplacer.dll v2.3.6
	OSLAroused.dll v2.5
	OStim.dll v7.3.1.1
	PairedAnimationImprovements.dll v1.0.2
	PAPER.dll v2.2.4
	PapyrusUtil.dll
	po3_AnimObjectSwapper.dll v1.1.0.1
	po3_DialogueHistory.dll v1.1.2.1
	po3_DualCastingFix.dll v1.0.0.1
	po3_ENBLightForEffectShaders.dll v2.1.0.1
	po3_EnhancedInvisibility.dll v1.3.0.1
	po3_KeywordItemDistributor.dll v3.4.0.1
	po3_MagicSneakAttacks.dll v1.3.0.1
	po3_MoonMod.dll v2.0.2.1
	po3_PapyrusExtender.dll v5.7.0.1
	po3_SaveUnbaker.dll v1.0.3.1
	po3_SimpleActivateSKSE.dll v1.4.1.1
	po3_SimpleOffenceSuppression.dll v2.2.1.1
	po3_SpellPerkItemDistributor.dll v7.1.3.1
	po3_SplashesOfStorms.dll v1.3.0.1
	po3_Tweaks.dll v1.10.2.1
	QuickLootEE-NG.dll v1
	ScrambledBugs.dll
	SexLabUtil.dll
	skee64.dll
	SKSEMenuFramework.dll v2
	SMP-NPC crash fix.dll
	SoundRecordDistributor.dll v1.5
	TheNewGentleman.dll v3.0.2
	TrueDirectionalMovement.dll v2.2.5
	Weightless.dll v1

PLUGINS:
	Light: 128	Regular: 119	Total: 247
	[ 0]     Skyrim.esm
	[ 1]     Update.esm
	[ 2]     Dawnguard.esm
	[ 3]     HearthFires.esm
	[ 4]     Dragonborn.esm
	[ 5]     ccasvsse001-almsivi.esm
	[ 6]     ccBGSSSE001-Fish.esm
	[ 7]     cctwbsse001-puzzledungeon.esm
	[ 8]     cceejsse001-hstead.esm
	[ 9]     ccbgssse016-umbra.esm
	[ A]     ccbgssse031-advcyrus.esm
	[ B]     ccbgssse067-daedinv.esm
	[ C]     ccBGSSSE025-AdvDSGS.esm
	[ D]     cceejsse005-cave.esm
	[ E]     ccafdsse001-dwesanctuary.esm
	[ F]     unofficial skyrim special edition patch.esp
	[10]     Unofficial Skyrim Modders Patch.esp
	[11]     Immersive Wenches.esp
	[12]     YurianaWench.esp
	[13]     SexLabAroused.esm
	[14]     Heels Sound.esm
	[15]     SOSVoices.esm
	[16]     Master Occlusion.esm
	[17]     VLC - References.esm
	[18]     Skyrim Extended Cut - Saints and Seducers.esp
	[19]     High Poly Head.esm
	[1A]     Water for ENB.esm
	[1B]     Coldhaven.esm
	[1C]     myrwatchhomefixer.esp
	[1D]     ZaZAnimationPack.esm
	[1E]     snow elf waifu.esp
	[1F]     AyleidCitadel.esp
	[20]     FISS.esp
	[21]     wraithguardvaultfixer.esp
	[22]     ApachiiHair.esm
	[23]     Lux Via.esp
	[24]     SexLab.esm
	[25]     paradise_halls.esm
	[26]     Devious Devices - Assets.esm
	[27]     Devious Devices - Integration.esm
	[28]     Devious Devices - Expansion.esm
	[29]     Devious Devices - Contraptions.esm
	[2A]     Audio Overhaul Skyrim.esp
	[2B]     Immersive Sounds - Compendium.esp
	[2C]     Obsidian Weathers.esp
	[2D]     SMIM-SE-Merged-All.esp
	[2E]     TrueStormsSE.esp
	[2F]     Weapons Armor Clothing & Clutter Fixes.esp
	[30]     Relationship Dialogue Overhaul.esp
	[31]     castle volkihar rebuilt.esp
	[32]     paradise_halls_SLExtension.esp
	[33]     Book Covers Skyrim.esp
	[34]     CollegeOfWinterholdImmersive.esp
	[35]     OCW_Obscure's_CollegeofWinterhold.esp
	[36]     Landscape Fixes For Grass Mods.esp
	[37]     MysticismMagic.esp
	[38]     Bandit War.esp
	[39]     Bloodchill_Manor_Enhanced.esp
	[3A]     WACCF_Armor and Clothing Extension.esp
	[3B]     [COCO]KDA_Ahri_Full.esp
	[3C]     Travellersinn.esp
	[3D]     Embers XD.esp
	[3E]     FilthyHeritage.esp
	[3F]     Better Vampire NPCs.esp
	[40]     Lit Road Signs.esp
	[41]     SnowElfPalace.esp
	[42]     Lonewolf's Manor.esp
	[43]     PAH_HomeSweetHome.esp
	[44]     AyleidPalaceNEW.esp
	[45]     nwsJennaFollower.esp
	[46]     PAH_AndYouGetASlave.esp
	[47]     SkystoneCastle.esp
	[48]     Book Covers Skyrim - Lost Library.esp
	[49]     AyleidSanctuary.esp
	[4A]     k101Daegon.esp
	[4B]     Lonewolf's Manor Addon.esp
	[4C]     ThaneFailSafe.esp
	[4D]     paradise_halls_fellglow_slave_camp.esp
	[4E]     WhiterunSafehold.esp
	[4F]     DiaryOfMine.esp
	[50]     XPMSE.esp
	[51]     pahe_lakeview_manor_cell.esp
	[52]     The Amazing World of Bikini Armors REMASTERED.esp
	[53]     [COCO]BloomYouth.esp
	[54]     Present4You.esp
	[55]     nwsFollowerFramework.esp
	[56]     My Home Is Your Home.esp
	[57]     Apocalypse - Magic of Skyrim.esp
	[58]     UIExtensions.esp
	[59]     AddItemMenuSE.esp
	[5A]     Mining For Mages Redux.esp
	[5B]     Summermyst - Enchantments of Skyrim.esp
	[5C]     Adamant.esp
	[5D]     atkspdmod.esp
	[5E]     KS Hairdo's.esp
	[5F]     AHZmoreHUD.esp
	[60]     AllEnchantmentsUnlocked.esp
	[61]     ICRFixes.esp
	[62]     DX Pornstar SE.esp
	[63]     SLALAnimObjBillyy.esp
	[64]     Fashions of the Banditry.esp
	[65]     ENB Light.esp
	[66]     SLAnimLoader.esp
	[67]     Pahe_Dwarven_Devious_suits.esp
	[68]     SLAL_AnimationsByLeito.esp
	[69]     SlaveTatsMagicManager.esp
	[6A]     ORomance.esp
	[6B]     OStimCommunityResource.esp
	[6C]     Better Vampires.esp
	[6D]     Better Vampire Lords.esp
	[6E]     alternate start - live another life.esp
	[6F]     Coldhaven LAL Extension.esp
	[70]     Pahe_AltStartLAL.esp
	[71]     Water for ENB (Shades of Skyrim).esp
	[72]     Lux.esp
	[73]     Summermyst - WACCF Patch.esp
	[74]     FloatingSwordFollower.esp
	[75]     TINUHighPolyOverhaul.esp
	[76]     Buxom Tweaks.esp
	[FE:  0] ccbgssse002-exoticarrows.esl
	[FE:  1] ccbgssse003-zombies.esl
	[FE:  2] ccbgssse004-ruinsedge.esl
	[FE:  3] ccbgssse005-goldbrand.esl
	[FE:  4] ccbgssse006-stendarshammer.esl
	[FE:  5] ccbgssse007-chrysamere.esl
	[FE:  6] ccbgssse010-petdwarvenarmoredmudcrab.esl
	[FE:  7] ccbgssse011-hrsarmrelvn.esl
	[FE:  8] ccbgssse012-hrsarmrstl.esl
	[FE:  9] ccbgssse014-spellpack01.esl
	[FE:  A] ccbgssse019-staffofsheogorath.esl
	[FE:  B] ccbgssse020-graycowl.esl
	[FE:  C] ccbgssse021-lordsmail.esl
	[FE:  D] ccmtysse001-knightsofthenine.esl
	[FE:  E] ccQDRSSE001-SurvivalMode.esl
	[FE:  F] ccqdrsse002-firewood.esl
	[FE: 10] ccbgssse018-shadowrend.esl
	[FE: 11] ccbgssse035-petnhound.esl
	[FE: 12] ccfsvsse001-backpacks.esl
	[FE: 13] cceejsse002-tower.esl
	[FE: 14] ccedhsse001-norjewel.esl
	[FE: 15] ccvsvsse002-pets.esl
	[FE: 16] ccBGSSSE037-Curios.esl
	[FE: 17] ccbgssse034-mntuni.esl
	[FE: 18] ccbgssse045-hasedoki.esl
	[FE: 19] ccbgssse008-wraithguard.esl
	[FE: 1A] ccbgssse036-petbwolf.esl
	[FE: 1B] ccffbsse001-imperialdragon.esl
	[FE: 1C] ccmtysse002-ve.esl
	[FE: 1D] ccbgssse043-crosselv.esl
	[FE: 1E] ccvsvsse001-winter.esl
	[FE: 1F] cceejsse003-hollow.esl
	[FE: 20] ccbgssse038-bowofshadows.esl
	[FE: 21] ccbgssse040-advobgobs.esl
	[FE: 22] ccbgssse050-ba_daedric.esl
	[FE: 23] ccbgssse052-ba_iron.esl
	[FE: 24] ccbgssse054-ba_orcish.esl
	[FE: 25] ccbgssse058-ba_steel.esl
	[FE: 26] ccbgssse059-ba_dragonplate.esl
	[FE: 27] ccbgssse061-ba_dwarven.esl
	[FE: 28] ccpewsse002-armsofchaos.esl
	[FE: 29] ccbgssse041-netchleather.esl
	[FE: 2A] ccedhsse002-splkntset.esl
	[FE: 2B] ccbgssse064-ba_elven.esl
	[FE: 2C] ccbgssse063-ba_ebony.esl
	[FE: 2D] ccbgssse062-ba_dwarvenmail.esl
	[FE: 2E] ccbgssse060-ba_dragonscale.esl
	[FE: 2F] ccbgssse056-ba_silver.esl
	[FE: 30] ccbgssse055-ba_orcishscaled.esl
	[FE: 31] ccbgssse053-ba_leather.esl
	[FE: 32] ccbgssse051-ba_daedricmail.esl
	[FE: 33] ccbgssse057-ba_stalhrim.esl
	[FE: 34] ccbgssse066-staves.esl
	[FE: 35] ccbgssse068-bloodfall.esl
	[FE: 36] ccbgssse069-contest.esl
	[FE: 37] ccvsvsse003-necroarts.esl
	[FE: 38] ccvsvsse004-beafarmer.esl
	[FE: 39] ccffbsse002-crossbowpack.esl
	[FE: 3A] ccbgssse013-dawnfang.esl
	[FE: 3B] ccrmssse001-necrohouse.esl
	[FE: 3C] ccedhsse003-redguard.esl
	[FE: 3D] cceejsse004-hall.esl
	[FE: 3E] cckrtsse001_altar.esl
	[FE: 3F] cccbhsse001-gaunt.esl
	[FE: 40] _ResourcePack.esl
	[FE: 41] unofficial skyrim creation club content patch.esl
	[FE: 42] SlutPrincess.esl
	[FE: 43] TheNewGentleman.esp
	[FE: 44] Expressive Facegen Morphs.esl
	[FE: 45] IcyFixesLite.esl
	[FE: 46] Lux Orbis - Master plugin.esm
	[FE: 47] Lux - Master plugin.esm
	[FE: 48] Tamrielic Distribution.esp
	[FE: 49] AHZmoreHUDInventory.esl
	[FE: 4A] iWant Widgets.esl
	[FE: 4B] Partitioned snow Meshes.esl
	[FE: 4C] ProjectedGlacierSnow.esl
	[FE: 4D] WindhelmIcicles.esl
	[FE: 4E] IceShaderDisabled.esl
	[FE: 4F] Lux - Resources.esp
	[FE: 50] paradise_halls_farengars_study.esl
	[FE: 51] Pahe_Dragonborn_fixes.esl
	[FE: 52] Particle Patch for ENB.esp
	[FE: 53] SkyUI_SE.esp
	[FE: 54] AOS_ISC_Integration.esp
	[FE: 55] FNIS.esp
	[FE: 56] RaceMenu.esp
	[FE: 57] RaceMenuPlugin.esp
	[FE: 58] RDO Updated.esp
	[FE: 59] UltimateCollege.esp
	[FE: 5A] Vanilla Landscape Corrections.esp
	[FE: 5B] Bandit War - Expanded Enemy Coverage.esp
	[FE: 5C] [COCO] Pandora Box.esp
	[FE: 5D] [COCO] Lace Lingerie Pack.esp
	[FE: 5E] [COCO]BattleAngels.esp
	[FE: 5F] [COCO] Shadow Assassin.esp
	[FE: 60] [COCO] RONIN.esp
	[FE: 61] [COCO] Succubus.esp
	[FE: 62] [COCO] Ahri Uniforms.esp
	[FE: 63] TeraSuccubusArmor.esp
	[FE: 64] [COCO]Bikini Collection.esp
	[FE: 65] [COCO]Raikou.esp
	[FE: 66] [COCO] KDA AO Evelynn.esp
	[FE: 67] [COCO] Witchiness.esp
	[FE: 68] [COCO] Mysterious Mage.esp
	[FE: 69] [COCO] CaressofVenus.esp
	[FE: 6A] [COCO] KDA AO Ahri.esp
	[FE: 6B] [COCO] Pinpup Cheongsam.esp
	[FE: 6C] [COCO]Goddess War.esp
	[FE: 6D] [COCO] Deliciously Bride.esp
	[FE: 6E] Tamrielic Distribution - Dead Man's Dread.esp
	[FE: 6F] Kachunk - Crossbow Distribution.esp
	[FE: 70] CrossbowIntegration.esp
	[FE: 71] TKAA.esp
	[FE: 72] NWS_Amaniri.esp
	[FE: 73] ECSS - Staff of Sheogorath Patch.esp
	[FE: 74] Tamrielic Distribution - Vigil Enforcer Armor.esp
	[FE: 75] Tamrielic Distribution - Crossbow Collection.esp
	[FE: 76] Reverb Interior Sounds Expansion.esp
	[FE: 77] AcousticTemplateFixes.esp
	[FE: 78] NWS_Elana.esp
	[FE: 79] NWS_Nina.esp
	[FE: 7A] ECSS - Shadowrend Patch.esp
	[FE: 7B] [COCO] Fairy Queen.esp
	[FE: 7C] [COCO] Snow Queen.esp
	[FE: 7D] [COCO]Student_Uniform.esp
	[FE: 7E] [COCO]ChristmasGift.esp
	[FE: 7F] TundraHomesteadExteriorDecluttered.esp
