Skyrim SSE v1.6.1170
CrashLoggerSSE v1-15-0-0 Oct 12 2024 11:33:37

Unhandled exception "EXCEPTION_ACCESS_VIOLATION" at 0x7FF7138F82E3 SkyrimSE.exe+10E82E3	mov rcx, [rdx+0x08]
Exception Flags: 0x00000000
Number of Parameters: 2
Access Violation: Tried to read memory at 0x000000000008

SYSTEM SPECS:
	OS: Microsoft Windows 11 Pro v10.0.22631
	CPU: AuthenticAMD AMD Ryzen 7 7800X3D 8-Core Processor           
	GPU #1: Nvidia AD104 [GeForce RTX 4070]
	GPU #2: AMD Raphael
	GPU #3: Microsoft Basic Render Driver
	PHYSICAL MEMORY: 30.01 GB/63.10 GB
	GPU MEMORY: 5.41/10.98 GB
	Detected Virtual Machine: Microsoft Hyper-V (100%)

PROBABLE CALL STACK:
	[ 0] 0x7FF7138F82E3 SkyrimSE.exe+10E82E3 -> 87792+0x113	mov rcx, [rdx+0x08]
	[ 1] 0x7FF713971AE6 SkyrimSE.exe+1161AE6 -> 89682+0x26	mov rdi, rax
	[ 2] 0x7FF7138FA221 SkyrimSE.exe+10EA221 -> 87834+0x161	test rax, rax
	[ 3] 0x7FF713800ADD SkyrimSE.exe+0FF0ADD -> 83441+0xED	mov rsi, rax
	[ 4] 0x7FF71390FD95 SkyrimSE.exe+10FFD95 -> 88200+0xB5	mov rbx, rax
	[ 5] 0x7FF7139102A3 SkyrimSE.exe+11002A3 -> 88201+0x193	mov rcx, [rbp+0x37]
	[ 6] 0x7FF713809516 SkyrimSE.exe+0FF9516 -> 83622+0x216	mov rax, [r14]
	[ 7] 0x7FF71382C7DD SkyrimSE.exe+101C7DD -> 84143+0x25D	test r14b, r14b
	[ 8] 0x7FF713809516 SkyrimSE.exe+0FF9516 -> 83622+0x216	mov rax, [r14]
	[ 9] 0x7FF71382C7DD SkyrimSE.exe+101C7DD -> 84143+0x25D	test r14b, r14b
	[10] 0x7FF713809516 SkyrimSE.exe+0FF9516 -> 83622+0x216	mov rax, [r14]
	[11] 0x7FF71382C7DD SkyrimSE.exe+101C7DD -> 84143+0x25D	test r14b, r14b
	[12] 0x7FF713809516 SkyrimSE.exe+0FF9516 -> 83622+0x216	mov rax, [r14]
	[13] 0x7FF71382C7DD SkyrimSE.exe+101C7DD -> 84143+0x25D	test r14b, r14b
	[14] 0x7FF713814A99 SkyrimSE.exe+1004A99 -> 83789+0x319	inc ebx
	[15] 0x7FF7137B51D9 SkyrimSE.exe+0FA51D9 -> 82084+0x2D9	add rbx, 0x08
	[16] 0x7FF712EE22BF SkyrimSE.exe+06D22BF -> 39039+0x19F	call 0x00007FF712C455B0
	[17] 0x7FF712E0C913 SkyrimSE.exe+05FC913 -> 35423+0xA3	jmp 0x00007FF712E0CA03
	[18] 0x7FF7134E0DBD SkyrimSE.exe+0CD0DBD -> 68445+0x3D	mov rcx, [0x00007FF7159DC318]
	[19] 0x7FF8FC32259D KERNEL32.DLL+001259D
	[20] 0x7FF8FDE0AF38    ntdll.dll+005AF38

REGISTERS:
	RAX 0x1BCA62DC148      (void*)
	RCX 0x17               (size_t) [23]
	RDX 0x0                (size_t) [0]
	RBX 0xFF000000000000   (size_t) [71776119061217280]
	RSP 0x522641E9D0       (void*)
	RBP 0x1BCA62DC080      (void*)
	RSI 0xFFFF00000000     (size_t) [281470681743360]
	RDI 0x1BCA62DC090      (void*)
	R8  0x17               (size_t) [23]
	R9  0x18               (size_t) [24]
	R10 0x7FF714246970     (void* -> SkyrimSE.exe+1A36970	or [rax], al)
	R11 0xFF00000000       (size_t) [1095216660480]
	R12 0x1BCA0152A90      (void*)
	R13 0x1BCA62DC090      (void*)
	R14 0x1BCA0154F60      (void*)
	R15 0x0                (size_t) [0]

STACK:
	[RSP+0   ] 0x4140171          (size_t) [68419953]
	[RSP+8   ] 0xC0               (size_t) [192]
	[RSP+10  ] 0x1BDBB98AA70      (void*)
	[RSP+18  ] 0xDDC              (size_t) [3548]
	[RSP+20  ] 0x180              (size_t) [384]
	[RSP+28  ] 0x7FF713971AE6     (void* -> SkyrimSE.exe+1161AE6	mov rdi, rax)
	[RSP+30  ] 0x1BCA62DC058      (void*)
	[RSP+38  ] 0x180              (size_t) [384]
	[RSP+40  ] 0x522641EAD8       (void*)
	[RSP+48  ] 0x522641EE20       (void*)
	[RSP+50  ] 0x1BB56FF02D0      (void*)
	[RSP+58  ] 0x1BB1DC2F200      (void*)
	[RSP+60  ] 0x180              (size_t) [384]
	[RSP+68  ] 0x522641F601       (void*)
	[RSP+70  ] 0x522641EBF9       (void*)
	[RSP+78  ] 0x7FF7138FA221     (void* -> SkyrimSE.exe+10EA221	test rax, rax)
	[RSP+80  ] 0xC54080004055DE00 (size_t) [uint: 14213501162549009920 int: -4233242911160541696]
	[RSP+88  ] 0xC8B124321137     (size_t) [220663142027575]
	[RSP+90  ] 0x522641EAA8       (void*)
	[RSP+98  ] 0x0                (size_t) [0]
	[RSP+A0  ] 0x0                (size_t) [0]
	[RSP+A8  ] 0x1BCA0154F60      (void*)
	[RSP+B0  ] 0x1BCA0154800      (void*)
	[RSP+B8  ] 0x522641F601       (void*)
	[RSP+C0  ] 0x522641EBF9       (void*)
	[RSP+C8  ] 0x7FF713800ADD     (void* -> SkyrimSE.exe+0FF0ADD	mov rsi, rax)
	[RSP+D0  ] 0x0                (size_t) [0]
	[RSP+D8  ] 0x522641F601       (void*)
	[RSP+E0  ] 0x1BCA0154F60      (void*)
	[RSP+E8  ] 0x1BB70A38EF0      (void*)
	[RSP+F0  ] 0x0                (size_t) [0]
	[RSP+F8  ] 0x7FF8E20F3E4E     (void* -> nvwgf2umx.dll+0263E4E	jmp 0x00007FF8E20F4294)
	[RSP+100 ] 0x7FF800000108     (size_t) [140703128617224]
	[RSP+108 ] 0xC573C000C5A41000 (size_t) [uint: 14227926757341925376 int: -4218817316367626240]
	[RSP+110 ] 0x4588E00045A5F000 (size_t) [5010500877222801408]
	[RSP+118 ] 0x3F800000         (size_t) [1065353216]
	[RSP+120 ] 0xC5A41000         (size_t) [3315863552]
	[RSP+128 ] 0xC573C0003F800000 (size_t) [uint: 14227926755091415040 int: -4218817318618136576]
	[RSP+130 ] 0x3F800000         (size_t) [1065353216]
	[RSP+138 ] 0x0                (size_t) [0]
	[RSP+140 ] 0x3F800000         (size_t) [1065353216]
	[RSP+148 ] 0xC8B124321187     (size_t) [220663142027655]
	[RSP+150 ] 0x3F555555         (size_t) [1062557013]
	[RSP+158 ] 0x0                (size_t) [0]
	[RSP+160 ] 0x522641ECC0       (void*)
	[RSP+168 ] 0x7FF71390FD95     (void* -> SkyrimSE.exe+10FFD95	mov rbx, rax)
	[RSP+170 ] 0x7FF8F4EB9080     (void* -> d3d11.dll+01E9080	)
	[RSP+178 ] 0x7FF7142CE538     (char*) "Lighting"
	[RSP+180 ] 0x522641F601       (void*)
	[RSP+188 ] 0x0                (size_t) [0]
	[RSP+190 ] 0x1BB70A2FAD0      (void*)
	[RSP+198 ] 0x1BB70A30098      (void*)
	[RSP+1A0 ] 0x2                (size_t) [2]
	[RSP+1A8 ] 0x0                (size_t) [0]
	[RSP+1B0 ] 0x1BB1DC32680      (void*)
	[RSP+1B8 ] 0x1BCA0154F60      (void*)
	[RSP+1C0 ] 0x7FFFAA550601     (void* -> CommunityShaders.dll+0210601	ret 0x6ED6 |  `WaterCaustics::GetSingleton'::`2'::singleton (mangled: ?singleton@?1??GetSingleton@WaterCaustics@@SAPEAU2@XZ@4U2@A)_210601)
	[RSP+1C8 ] 0x1BB6ED5C450      (void*)
	[RSP+1D0 ] 0x7FFFAA5506C0     (void* -> CommunityShaders.dll+02106C0	sbb edx, ebx |  `SubsurfaceScattering::GetSingleton'::`2'::singleton (mangled: ?singleton@?1??GetSingleton@SubsurfaceScattering@@SAPEAU2@XZ@4U2@A)_2106C0)
	[RSP+1D8 ] 0x7FF800000000     (size_t) [140703128616960]
	[RSP+1E0 ] 0x1BB00000000      (void*)
	[RSP+1E8 ] 0x1BB00000000      (void*)
	[RSP+1F0 ] 0x0                (size_t) [0]
	[RSP+1F8 ] 0x0                (size_t) [0]
	[RSP+200 ] 0x0                (size_t) [0]
	[RSP+208 ] 0x0                (size_t) [0]
	[RSP+210 ] 0x0                (size_t) [0]
	[RSP+218 ] 0x0                (size_t) [0]
	[RSP+220 ] 0xC8B124321067     (size_t) [220663142027367]
	[RSP+228 ] 0x0                (size_t) [0]
	[RSP+230 ] 0x0                (size_t) [0]
	[RSP+238 ] 0x0                (size_t) [0]
	[RSP+240 ] 0x0                (size_t) [0]
	[RSP+248 ] 0x0                (size_t) [0]
	[RSP+250 ] 0x0                (size_t) [0]
	[RSP+258 ] 0x1BB1DC2F6F0      (void*)
	[RSP+260 ] 0x1BC55077BA0      (void*)
	[RSP+268 ] 0x2                (size_t) [2]
	[RSP+270 ] 0x1BCA0154F60      (void*)
	[RSP+278 ] 0x522641F6E0       (void*)
	[RSP+280 ] 0x522641ED09       (char*) "33?"
	[RSP+288 ] 0x7FF7139102A3     (void* -> SkyrimSE.exe+11002A3	mov rcx, [rbp+0x37])
	[RSP+290 ] 0x1                (size_t) [1]
	[RSP+298 ] 0x1BB6FD66080      (void*)
	[RSP+2A0 ] 0x1BCA0152A90      (void*)
	[RSP+2A8 ] 0x7FF8F4DD8FA7     (void* -> d3d11.dll+0108FA7	nop)
	[RSP+2B0 ] 0x522641ED18       (void*)
	[RSP+2B8 ] 0x0                (size_t) [0]
	[RSP+2C0 ] 0x450F3B4C4672E6E2 (size_t) [4976261312053176034]
	[RSP+2C8 ] 0x464885A047149E20 (size_t) [5064444704411917856]
	[RSP+2D0 ] 0x40085DB7         (size_t) [1074290103]
	[RSP+2D8 ] 0x4672E6E2         (size_t) [1181935330]
	[RSP+2E0 ] 0x450F3B4C3FA2F6A7 (size_t) [4976261311938885287]
	[RSP+2E8 ] 0x2000A50000001B   (size_t) [9007907924344859]
	[RSP+2F0 ] 0x522641F6E0       (void*)
	[RSP+2F8 ] 0x1BCA0152B10      (void*)
	[RSP+300 ] 0x0                (size_t) [0]
	[RSP+308 ] 0x40085DB7         (size_t) [1074290103]
	[RSP+310 ] 0x4672E6E2         (size_t) [1181935330]
	[RSP+318 ] 0x450F3B4C3FA2F6A7 (size_t) [4976261311938885287]
	[RSP+320 ] 0x3F800000         (size_t) [1065353216]
	[RSP+328 ] 0x3F800000         (size_t) [1065353216]
	[RSP+330 ] 0x3F800000         (size_t) [1065353216]
	[RSP+338 ] 0x3F333333         (size_t) [1060320051]
	[RSP+340 ] 0x100000000        (size_t) [4294967296]
	[RSP+348 ] 0x7FF700000000     (size_t) [140698833649664]
	[RSP+350 ] 0x3F800000         (size_t) [1065353216]
	[RSP+358 ] 0x3F800000         (size_t) [1065353216]
	[RSP+360 ] 0x3F800000         (size_t) [1065353216]
	[RSP+368 ] 0x3F333333         (size_t) [1060320051]
	[RSP+370 ] 0xC8B124321747     (size_t) [220663142029127]
	[RSP+378 ] 0x1BC210F5980      (void*)
	[RSP+380 ] 0x7FF7142358C0     (void* -> SkyrimSE.exe+1A258C0	nop)
	[RSP+388 ] 0x1BCA0154F60      (void*)
	[RSP+390 ] 0x0                (size_t) [0]
	[RSP+398 ] 0x7FF713809516     (void* -> SkyrimSE.exe+0FF9516	mov rax, [r14])
	[RSP+3A0 ] 0x1BB6D4C2648      (void*)
	[RSP+3A8 ] 0x522641F6E0       (void*)
	[RSP+3B0 ] 0x0                (size_t) [0]
	[RSP+3B8 ] 0x522641F6E0       (void*)
	[RSP+3C0 ] 0x0                (size_t) [0]
	[RSP+3C8 ] 0x1BCA0154928      (void*)
	[RSP+3D0 ] 0x2                (size_t) [2]
	[RSP+3D8 ] 0x0                (size_t) [0]
	[RSP+3E0 ] 0x1BB6F145D70      (void*)
	[RSP+3E8 ] 0x1BB6F148F70      (void*)
	[RSP+3F0 ] 0xC8B124321657     (size_t) [220663142028887]
	[RSP+3F8 ] 0x1BB6F1299F8      (void*)
	[RSP+400 ] 0x1BC55077BA0      (void*)
	[RSP+408 ] 0x0                (size_t) [0]
	[RSP+410 ] 0x0                (size_t) [0]
	[RSP+418 ] 0x0                (size_t) [0]
	[RSP+420 ] 0x522641F6E0       (void*)
	[RSP+428 ] 0x522641EF10       (void*)
	[RSP+430 ] 0x1BCA0154800      (void*)
	[RSP+438 ] 0x7FF71382C7DD     (void* -> SkyrimSE.exe+101C7DD	test r14b, r14b)
	[RSP+440 ] 0x0                (size_t) [0]
	[RSP+448 ] 0x0                (size_t) [0]
	[RSP+450 ] 0x0                (size_t) [0]
	[RSP+458 ] 0x0                (size_t) [0]
	[RSP+460 ] 0x522641EF00       (void*)
	[RSP+468 ] 0x522641EEE0       (void*)
	[RSP+470 ] 0x0                (size_t) [0]
	[RSP+478 ] 0x0                (size_t) [0]
	[RSP+480 ] 0x0                (size_t) [0]
	[RSP+488 ] 0x0                (size_t) [0]
	[RSP+490 ] 0x522641F100       (void*)
	[RSP+498 ] 0x522641F0E8       (void*)
	[RSP+4A0 ] 0x0                (size_t) [0]
	[RSP+4A8 ] 0x1BCB288E180      (void*)
	[RSP+4B0 ] 0x1BCB288E140      (void*)
	[RSP+4B8 ] 0x0                (size_t) [0]
	[RSP+4C0 ] 0x0                (size_t) [0]
	[RSP+4C8 ] 0x0                (size_t) [0]
	[RSP+4D0 ] 0x0                (size_t) [0]
	[RSP+4D8 ] 0x0                (size_t) [0]
	[RSP+4E0 ] 0x0                (size_t) [0]
	[RSP+4E8 ] 0x0                (size_t) [0]
	[RSP+4F0 ] 0x0                (size_t) [0]
	[RSP+4F8 ] 0x40085DB7         (size_t) [1074290103]
	[RSP+500 ] 0x46D0D800         (size_t) [1188091904]
	[RSP+508 ] 0x45E2C8003FA2F6A7 (size_t) [5035807236746835623]
	[RSP+510 ] 0x3F800000         (size_t) [1065353216]
	[RSP+518 ] 0x3F800000         (size_t) [1065353216]
	[RSP+520 ] 0x3F800000         (size_t) [1065353216]
	[RSP+528 ] 0x3F333333         (size_t) [1060320051]
	[RSP+530 ] 0x3F800000         (size_t) [1065353216]
	[RSP+538 ] 0x0                (size_t) [0]
	[RSP+540 ] 0x3F80000000000000 (size_t) [4575657221408423936]
	[RSP+548 ] 0x0                (size_t) [0]
	[RSP+550 ] 0x0                (size_t) [0]
	[RSP+558 ] 0x3F800000         (size_t) [1065353216]
	[RSP+560 ] 0x0                (size_t) [0]
	[RSP+568 ] 0x3F80000000000000 (size_t) [4575657221408423936]
	[RSP+570 ] 0xC8B124321537     (size_t) [220663142028599]
	[RSP+578 ] 0x7FF8FDDEB001     (void* -> ntdll.dll+003B001	mov r9d, eax)
	[RSP+580 ] 0x0                (size_t) [0]
	[RSP+588 ] 0x1BB1DC2F6F0      (void*)
	[RSP+590 ] 0x1BCA62F2D40      (void*)
	[RSP+598 ] 0x1                (size_t) [1]
	[RSP+5A0 ] 0x7FF7142358C0     (void* -> SkyrimSE.exe+1A258C0	nop)
	[RSP+5A8 ] 0x522641F6E0       (void*)
	[RSP+5B0 ] 0x0                (size_t) [0]
	[RSP+5B8 ] 0x7FF713809516     (void* -> SkyrimSE.exe+0FF9516	mov rax, [r14])
	[RSP+5C0 ] 0x0                (size_t) [0]
	[RSP+5C8 ] 0x522641F6E0       (void*)
	[RSP+5D0 ] 0x1BCA0154800      (void*)
	[RSP+5D8 ] 0x1BCA0154800      (void*)
	[RSP+5E0 ] 0x1BB00000000      (void*)
	[RSP+5E8 ] 0x1BCA014ED78      (void*)
	[RSP+5F0 ] 0x1                (size_t) [1]
	[RSP+5F8 ] 0x1                (size_t) [1]
	[RSP+600 ] 0x1                (size_t) [1]
	[RSP+608 ] 0x48               (size_t) [72]
	[RSP+610 ] 0xC8B1243214B7     (size_t) [220663142028471]
	[RSP+618 ] 0x50               (size_t) [80]
	[RSP+620 ] 0x1BCA62F2D40      (void*)
	[RSP+628 ] 0x0                (size_t) [0]
	[RSP+630 ] 0x0                (size_t) [0]
	[RSP+638 ] 0x0                (size_t) [0]
	[RSP+640 ] 0x522641F6E0       (void*)
	[RSP+648 ] 0x522641F130       (void*)
	[RSP+650 ] 0x1BCA014EC50      (void*)
	[RSP+658 ] 0x7FF71382C7DD     (void* -> SkyrimSE.exe+101C7DD	test r14b, r14b)
	[RSP+660 ] 0x1BC550A0000      (void*)
	[RSP+668 ] 0x0                (size_t) [0]
	[RSP+670 ] 0x0                (size_t) [0]
	[RSP+678 ] 0x5A000000A00      (size_t) [6184752908800]
	[RSP+680 ] 0x522641F120       (void*)
	[RSP+688 ] 0x522641F100       (void*)
	[RSP+690 ] 0x1                (size_t) [1]
	[RSP+698 ] 0x20B786620214     (size_t) [35972605674004]
	[RSP+6A0 ] 0x1BB70A39120      (void*)
	[RSP+6A8 ] 0x0                (size_t) [0]
	[RSP+6B0 ] 0x522641F320       (void*)
	[RSP+6B8 ] 0x522641F308       (void*)
	[RSP+6C0 ] 0x0                (size_t) [0]
	[RSP+6C8 ] 0x1BCB288E180      (void*)
	[RSP+6D0 ] 0x1BCB288E140      (void*)
	[RSP+6D8 ] 0x7FF8E24A7D00     (void* -> nvwgf2umx.dll+0617D00	test [rax+rdi*1], ah)
	[RSP+6E0 ] 0x0                (size_t) [0]
	[RSP+6E8 ] 0x0                (size_t) [0]
	[RSP+6F0 ] 0x0                (size_t) [0]
	[RSP+6F8 ] 0x0                (size_t) [0]
	[RSP+700 ] 0x0                (size_t) [0]
	[RSP+708 ] 0x0                (size_t) [0]
	[RSP+710 ] 0x0                (size_t) [0]
	[RSP+718 ] 0x40085DB7         (size_t) [1074290103]
	[RSP+720 ] 0x46D0D800         (size_t) [1188091904]
	[RSP+728 ] 0x45E2C8003FA2F6A7 (size_t) [5035807236746835623]
	[RSP+730 ] 0x3F800000         (size_t) [1065353216]
	[RSP+738 ] 0x3F800000         (size_t) [1065353216]
	[RSP+740 ] 0x3F800000         (size_t) [1065353216]
	[RSP+748 ] 0x3F333333         (size_t) [1060320051]
	[RSP+750 ] 0x3F800000         (size_t) [1065353216]
	[RSP+758 ] 0x0                (size_t) [0]
	[RSP+760 ] 0x3F80000000000000 (size_t) [4575657221408423936]
	[RSP+768 ] 0x0                (size_t) [0]
	[RSP+770 ] 0x0                (size_t) [0]
	[RSP+778 ] 0x3F800000         (size_t) [1065353216]
	[RSP+780 ] 0x0                (size_t) [0]
	[RSP+788 ] 0x3F80000000000000 (size_t) [4575657221408423936]
	[RSP+790 ] 0xC8B124320B17     (size_t) [220663142026007]
	[RSP+798 ] 0x7FF8F4CD4F8A     (void* -> d3d11.dll+0004F8A	mov rcx, [r8+0x18])
	[RSP+7A0 ] 0x0                (size_t) [0]
	[RSP+7A8 ] 0x1BB1DC2F6F0      (void*)
	[RSP+7B0 ] 0x1BCA62F2D40      (void*)
	[RSP+7B8 ] 0xA                (size_t) [10]
	[RSP+7C0 ] 0x7FF7142358C0     (void* -> SkyrimSE.exe+1A258C0	nop)
	[RSP+7C8 ] 0x522641F6E0       (void*)
	[RSP+7D0 ] 0x0                (size_t) [0]
	[RSP+7D8 ] 0x7FF713809516     (void* -> SkyrimSE.exe+0FF9516	mov rax, [r14])
	[RSP+7E0 ] 0x0                (size_t) [0]
	[RSP+7E8 ] 0x522641F6E0       (void*)
	[RSP+7F0 ] 0x1BCA014EC50      (void*)
	[RSP+7F8 ] 0x1BCA014EC50      (void*)
	[RSP+800 ] 0x0                (size_t) [0]
	[RSP+808 ] 0x1BCB288F888      (void*)
	[RSP+810 ] 0xA                (size_t) [10]
	[RSP+818 ] 0x7FF8E23E5821     (void* -> nvwgf2umx.dll+0555821	mov rbx, [rsp+0x358])
	[RSP+820 ] 0xDA7C2A7E2C6C     (size_t) [240226823711852]
	[RSP+828 ] 0x1BB70A39A10      (void*)
	[RSP+830 ] 0xC8B124320A97     (size_t) [220663142025879]
	[RSP+838 ] 0x2                (size_t) [2]
	[RSP+840 ] 0x1BCA62F2D40      (void*)
	[RSP+848 ] 0x0                (size_t) [0]
	[RSP+850 ] 0x0                (size_t) [0]
	[RSP+858 ] 0x0                (size_t) [0]
	[RSP+860 ] 0x522641F6E0       (void*)
	[RSP+868 ] 0x522641F350       (void*)
	[RSP+870 ] 0x1BCB288F760      (void*)
	[RSP+878 ] 0x7FF71382C7DD     (void* -> SkyrimSE.exe+101C7DD	test r14b, r14b)
	[RSP+880 ] 0x1BC5509D760      (void*)
	[RSP+888 ] 0x1BB00000008      (void* -> PerkAdjuster.dll+0000008	add al, 0x00)
	[RSP+890 ] 0x0                (size_t) [0]
	[RSP+898 ] 0x1BB00000008      (void* -> PerkAdjuster.dll+0000008	add al, 0x00)
	[RSP+8A0 ] 0x522641F340       (void*)
	[RSP+8A8 ] 0x522641F320       (void*)
	[RSP+8B0 ] 0x1BB6F06A4C0      (void*)
	[RSP+8B8 ] 0x1BB6D9CBAD0      (void*)
	[RSP+8C0 ] 0x0                (size_t) [0]
	[RSP+8C8 ] 0x0                (size_t) [0]
	[RSP+8D0 ] 0x522641F540       (void*)
	[RSP+8D8 ] 0x522641F528       (void*)
	[RSP+8E0 ] 0x0                (size_t) [0]
	[RSP+8E8 ] 0x1BCB288E180      (void*)
	[RSP+8F0 ] 0x1BCB288E140      (void*)
	[RSP+8F8 ] 0x7FF71365BB00     (void* -> SkyrimSE.exe+0E4BB00	rol byte ptr [rcx-0x48], 0x01)
	[RSP+900 ] 0x70A2FA00         (size_t) [1889729024]
	[RSP+908 ] 0x0                (size_t) [0]
	[RSP+910 ] 0x0                (size_t) [0]
	[RSP+918 ] 0x0                (size_t) [0]
	[RSP+920 ] 0x0                (size_t) [0]
	[RSP+928 ] 0x1BB70A39120      (void*)
	[RSP+930 ] 0x0                (size_t) [0]
	[RSP+938 ] 0x40000000         (size_t) [1073741824]
	[RSP+940 ] 0x46D0D800         (size_t) [1188091904]
	[RSP+948 ] 0x45E2C8003F800000 (size_t) [5035807236744544256]
	[RSP+950 ] 0x3F800000         (size_t) [1065353216]
	[RSP+958 ] 0x3F800000         (size_t) [1065353216]
	[RSP+960 ] 0x3F800000         (size_t) [1065353216]
	[RSP+968 ] 0x3F800000         (size_t) [1065353216]
	[RSP+970 ] 0x3F800000         (size_t) [1065353216]
	[RSP+978 ] 0x0                (size_t) [0]
	[RSP+980 ] 0x3F80000000000000 (size_t) [4575657221408423936]
	[RSP+988 ] 0x0                (size_t) [0]
	[RSP+990 ] 0x0                (size_t) [0]
	[RSP+998 ] 0x3F800000         (size_t) [1065353216]
	[RSP+9A0 ] 0x0                (size_t) [0]
	[RSP+9A8 ] 0x3F80000000000000 (size_t) [4575657221408423936]
	[RSP+9B0 ] 0xC8B124320977     (size_t) [220663142025591]
	[RSP+9B8 ] 0x1                (size_t) [1]
	[RSP+9C0 ] 0x0                (size_t) [0]
	[RSP+9C8 ] 0x1BB1DC2F6F0      (void*)
	[RSP+9D0 ] 0x1BCA62F2D40      (void*)
	[RSP+9D8 ] 0x1                (size_t) [1]
	[RSP+9E0 ] 0x7FF7142358C0     (void* -> SkyrimSE.exe+1A258C0	nop)
	[RSP+9E8 ] 0x522641F6E0       (void*)
	[RSP+9F0 ] 0x0                (size_t) [0]
	[RSP+9F8 ] 0x7FF713809516     (void* -> SkyrimSE.exe+0FF9516	mov rax, [r14])
	[RSP+A00 ] 0x1                (size_t) [1]
	[RSP+A08 ] 0x522641F6E0       (void*)
	[RSP+A10 ] 0x1BCB288F760      (void*)
	[RSP+A18 ] 0x1BCB288F760      (void*)
	[RSP+A20 ] 0x0                (size_t) [0]
	[RSP+A28 ] 0x1BCB288F128      (void*)
	[RSP+A30 ] 0x1                (size_t) [1]
	[RSP+A38 ] 0x7FF8F4DD0FF2     (void* -> d3d11.dll+0100FF2	nop)
	[RSP+A40 ] 0x1                (size_t) [1]
	[RSP+A48 ] 0x7FF8F4DD5D9E     (void* -> d3d11.dll+0105D9E	nop)
	[RSP+A50 ] 0xC8B1243208F7     (size_t) [220663142025463]
	[RSP+A58 ] 0x0                (size_t) [0]
	[RSP+A60 ] 0x1BCA62F2D40      (void*)
	[RSP+A68 ] 0x0                (size_t) [0]
	[RSP+A70 ] 0x0                (size_t) [0]
	[RSP+A78 ] 0x0                (size_t) [0]
	[RSP+A80 ] 0x522641F6E0       (void*)
	[RSP+A88 ] 0x522641F570       (void*)
	[RSP+A90 ] 0x1BCB288F000      (void*)
	[RSP+A98 ] 0x7FF71382C7DD     (void* -> SkyrimSE.exe+101C7DD	test r14b, r14b)
	[RSP+AA0 ] 0x522641F6E0       (void*)
	[RSP+AA8 ] 0x522641F550       (void*)
	[RSP+AB0 ] 0x0                (size_t) [0]
	[RSP+AB8 ] 0x522641F550       (void*)
	[RSP+AC0 ] 0x522641F560       (void*)
	[RSP+AC8 ] 0x522641F540       (void*)
	[RSP+AD0 ] 0x1BCA62F2D40      (void*)
	[RSP+AD8 ] 0x5A000000A00      (size_t) [6184752908800]
	[RSP+AE0 ] 0x0                (size_t) [0]
	[RSP+AE8 ] 0x5A000000A00      (size_t) [6184752908800]
	[RSP+AF0 ] 0x7FF71483EA48     (void* -> SkyrimSE.exe+202EA48	add [rax], al)
	[RSP+AF8 ] 0x7FF71483E030     (void* -> SkyrimSE.exe+202E030	add [rax], al)
	[RSP+B00 ] 0x0                (size_t) [0]
	[RSP+B08 ] 0x1BCB288E180      (void*)
	[RSP+B10 ] 0x1BCB288E140      (void*)
	[RSP+B18 ] 0x0                (size_t) [0]
	[RSP+B20 ] 0x45200000         (size_t) [1159725056]
	[RSP+B28 ] 0x0                (size_t) [0]
	[RSP+B30 ] 0x0                (size_t) [0]
	[RSP+B38 ] 0x0                (size_t) [0]
	[RSP+B40 ] 0xC8B124320F77     (size_t) [220663142027127]
	[RSP+B48 ] 0x1BB1DC2F070      (void*)
	[RSP+B50 ] 0x0                (size_t) [0]
	[RSP+B58 ] 0x3F800000         (size_t) [1065353216]
	[RSP+B60 ] 0x0                (size_t) [0]
	[RSP+B68 ] 0x3F800000         (size_t) [1065353216]
	[RSP+B70 ] 0x3F800000         (size_t) [1065353216]
	[RSP+B78 ] 0x3F800000         (size_t) [1065353216]
	[RSP+B80 ] 0x3F800000         (size_t) [1065353216]
	[RSP+B88 ] 0x3F800000         (size_t) [1065353216]
	[RSP+B90 ] 0x3F800000         (size_t) [1065353216]
	[RSP+B98 ] 0x0                (size_t) [0]
	[RSP+BA0 ] 0x3F80000000000000 (size_t) [4575657221408423936]
	[RSP+BA8 ] 0x0                (size_t) [0]
	[RSP+BB0 ] 0x0                (size_t) [0]
	[RSP+BB8 ] 0x3F800000         (size_t) [1065353216]
	[RSP+BC0 ] 0x0                (size_t) [0]
	[RSP+BC8 ] 0x3F80000000000000 (size_t) [4575657221408423936]
	[RSP+BD0 ] 0xC8B124320F57     (size_t) [220663142027095]
	[RSP+BD8 ] 0x0                (size_t) [0]
	[RSP+BE0 ] 0x1                (size_t) [1]
	[RSP+BE8 ] 0x0                (size_t) [0]
	[RSP+BF0 ] 0x768              (size_t) [1896]
	[RSP+BF8 ] 0x0                (size_t) [0]
	[RSP+C00 ] 0x1BB1DC2F6F0      (void*)
	[RSP+C08 ] 0x0                (size_t) [0]
	[RSP+C10 ] 0x522641F6F0       (void*)
	[RSP+C18 ] 0x7FF713814A99     (void* -> SkyrimSE.exe+1004A99	inc ebx)
	[RSP+C20 ] 0x0                (size_t) [0]
	[RSP+C28 ] 0x0                (size_t) [0]
	[RSP+C30 ] 0x1BCB24C3000      (void*)
	[RSP+C38 ] 0x1BC53F09000      (void*)
	[RSP+C40 ] 0x1BB47480000      (void*)
	[RSP+C48 ] 0x1BC00000000      (void*)
	[RSP+C50 ] 0x46610000         (size_t) [1180762112]
	[RSP+C58 ] 0x0                (size_t) [0]
	[RSP+C60 ] 0x666666           (size_t) [6710886]
	[RSP+C68 ] 0x7FF8F4DD0A86     (void* -> d3d11.dll+0100A86	add rsp, 0xD8)
	[RSP+C70 ] 0x1BB713FBF70      (void*)
	[RSP+C78 ] 0x1                (size_t) [1]
	[RSP+C80 ] 0x1BC1655F740      (BSImagespaceShaderISTemporalAA*)
		fxpFilename: "ISTemporalAA"
	[RSP+C88 ] 0x7FF713CF9402     (void* -> SkyrimSE.exe+14E9402	add rsp, 0x20)
	[RSP+C90 ] 0x1BB6D97E9E8      (void*)
	[RSP+C98 ] 0x0                (size_t) [0]
	[RSP+CA0 ] 0x0                (size_t) [0]
	[RSP+CA8 ] 0x8                (size_t) [8]
	[RSP+CB0 ] 0x0                (size_t) [0]
	[RSP+CB8 ] 0x7FF700000008     (size_t) [140698833649672]
	[RSP+CC0 ] 0x0                (size_t) [0]
	[RSP+CC8 ] 0x0                (size_t) [0]
	[RSP+CD0 ] 0x0                (size_t) [0]
	[RSP+CD8 ] 0x1BB6D97E9E8      (void*)
	[RSP+CE0 ] 0x1BB713C8A30      (void*)
	[RSP+CE8 ] 0x522641F790       (void*)
	[RSP+CF0 ] 0x1BB6D97E8B0      (void*)
	[RSP+CF8 ] 0x7FF715A9AF00     (void* -> SkyrimSE.exe+328AF00	jo 0x00007FF715A9AED6)
	[RSP+D00 ] 0x7FF715A987C0     (void* -> SkyrimSE.exe+32887C0	add [rax], al)
	[RSP+D08 ] 0x7FF713CE8D00     (void* -> SkyrimSE.exe+14D8D00	add [rcx-0x4AE192FB], cl)
	[RSP+D10 ] 0x522641EEE0       (void*)
	[RSP+D18 ] 0x522641EEC8       (void*)
	[RSP+D20 ] 0x0                (size_t) [0]
	[RSP+D28 ] 0x1BCB288E180      (void*)
	[RSP+D30 ] 0x1BCB288E140      (void*)
	[RSP+D38 ] 0x0                (size_t) [0]
	[RSP+D40 ] 0x0                (size_t) [0]
	[RSP+D48 ] 0x0                (size_t) [0]
	[RSP+D50 ] 0x0                (size_t) [0]
	[RSP+D58 ] 0x0                (size_t) [0]
	[RSP+D60 ] 0x1                (size_t) [1]
	[RSP+D68 ] 0x1                (size_t) [1]
	[RSP+D70 ] 0x0                (size_t) [0]
	[RSP+D78 ] 0x1BB1DC2F200      (void*)
	[RSP+D80 ] 0x0                (size_t) [0]
	[RSP+D88 ] 0x1BCA0154800      (void*)
	[RSP+D90 ] 0x0                (size_t) [0]
	[RSP+D98 ] 0x0                (size_t) [0]
	[RSP+DA0 ] 0x1BB1DC2F290      (void*)
	[RSP+DA8 ] 0x1BB1DC2F2B0      (void*)
	[RSP+DB0 ] 0x1BB1DC2FFD0      (`anonymous namespace'::DejaGFxLogger*)
	[RSP+DB8 ] 0x1BB1DC2F1C0      (void*)
	[RSP+DC0 ] 0x1BB1DC2F070      (void*)
	[RSP+DC8 ] 0x1BC55077BA0      (void*)
	[RSP+DD0 ] 0x3D4CCCCD40000000 (size_t) [4417130516457717760]
	[RSP+DD8 ] 0x0                (size_t) [0]
	[RSP+DE0 ] 0x3DCCCCCD00000000 (size_t) [4453159312402939904]
	[RSP+DE8 ] 0x0                (size_t) [0]
	[RSP+DF0 ] 0x0                (size_t) [0]
	[RSP+DF8 ] 0x0                (size_t) [0]
	[RSP+E00 ] 0x0                (size_t) [0]
	[RSP+E08 ] 0x4                (size_t) [4]
	[RSP+E10 ] 0x29               (size_t) [41]
	[RSP+E18 ] 0x7FF713182F18     (void* -> SkyrimSE.exe+0972F18	cmp [rbx], eax)
	[RSP+E20 ] 0x522641F8F0       (void*)
	[RSP+E28 ] 0x1                (size_t) [1]
	[RSP+E30 ] 0x1BC6ACCC820      (void*)
	[RSP+E38 ] 0x1                (size_t) [1]
	[RSP+E40 ] 0xDA7C00000000     (size_t) [240226110799872]
	[RSP+E48 ] 0x0                (size_t) [0]
	[RSP+E50 ] 0x0                (size_t) [0]
	[RSP+E58 ] 0x0                (size_t) [0]
	[RSP+E60 ] 0x0                (size_t) [0]
	[RSP+E68 ] 0x0                (size_t) [0]
	[RSP+E70 ] 0x7FF7159A1008     (void* -> SkyrimSE.exe+3191008	add [rax], al)
	[RSP+E78 ] 0xFFFFFFFFFFFFFFFE (size_t) [uint: 18446744073709551614 int: -2]
	[RSP+E80 ] 0x1BC16446080      (BSShaderAccumulator*)
	[RSP+E88 ] 0x0                (size_t) [0]
	[RSP+E90 ] 0x1BC16466080      (NiCamera*)
		RTTIName: "NiCamera"
		Flags: kSelectiveUpdate | kSelectiveUpdateTransforms | kSelectiveUpdateController
	[RSP+E98 ] 0x0                (size_t) [0]
	[RSP+EA0 ] 0x0                (size_t) [0]
	[RSP+EA8 ] 0x0                (size_t) [0]
	[RSP+EB0 ] 0x0                (size_t) [0]
	[RSP+EB8 ] 0x0                (size_t) [0]
	[RSP+EC0 ] 0x1BC16409E40      (NiNode*)
		RTTIName: "NiNode"
		Flags: kSelectiveUpdate | kSelectiveUpdateTransforms | kSelectiveUpdateController
		Checking Parent: 4
			Name: "shadow scene node"
			RTTIName: "ShadowSceneNode"
			Flags: kSelectiveUpdate | kSelectiveUpdateTransforms | kSelectiveUpdateController
	[RSP+EC8 ] 0x0                (size_t) [0]
	[RSP+ED0 ] 0x0                (size_t) [0]
	[RSP+ED8 ] 0xFFFFFFFF         (size_t) [4294967295]
	[RSP+EE0 ] 0x1                (size_t) [1]
	[RSP+EE8 ] 0x3                (size_t) [3]
	[RSP+EF0 ] 0x1BC16446200      (BSShaderAccumulator*)
	[RSP+EF8 ] 0x0                (size_t) [0]
	[RSP+F00 ] 0x1BC16466080      (NiCamera*)
		RTTIName: "NiCamera"
		Flags: kSelectiveUpdate | kSelectiveUpdateTransforms | kSelectiveUpdateController
	[RSP+F08 ] 0x0                (size_t) [0]
	[RSP+F10 ] 0x0                (size_t) [0]
	[RSP+F18 ] 0x3F078788         (size_t) [1057458056]
	[RSP+F20 ] 0x0                (size_t) [0]
	[RSP+F28 ] 0x3F66E6E8         (size_t) [1063708392]
	[RSP+F30 ] 0x0                (size_t) [0]
	[RSP+F38 ] 0x0                (size_t) [0]
	[RSP+F40 ] 0x0                (size_t) [0]
	[RSP+F48 ] 0x0                (size_t) [0]
	[RSP+F50 ] 0x0                (size_t) [0]
	[RSP+F58 ] 0x0                (size_t) [0]
	[RSP+F60 ] 0x0                (size_t) [0]
	[RSP+F68 ] 0x0                (size_t) [0]
	[RSP+F70 ] 0x0                (size_t) [0]
	[RSP+F78 ] 0x0                (size_t) [0]
	[RSP+F80 ] 0x0                (size_t) [0]
	[RSP+F88 ] 0x0                (size_t) [0]
	[RSP+F90 ] 0x0                (size_t) [0]
	[RSP+F98 ] 0x0                (size_t) [0]
	[RSP+FA0 ] 0x0                (size_t) [0]
	[RSP+FA8 ] 0x0                (size_t) [0]
	[RSP+FB0 ] 0x3F555555         (size_t) [1062557013]
	[RSP+FB8 ] 0x0                (size_t) [0]
	[RSP+FC0 ] 0xE6C4             (size_t) [59076]
	[RSP+FC8 ] 0x7FF71315DECE     (void* -> SkyrimSE.exe+094DECE	add rsp, 0x70)
	[RSP+FD0 ] 0x0                (size_t) [0]
	[RSP+FD8 ] 0x0                (size_t) [0]
	[RSP+FE0 ] 0x1BC5518B0D0      (MistMenu*)
	[RSP+FE8 ] 0x1                (size_t) [1]
	[RSP+FF0 ] 0x3F1292933ED8D8DA (size_t) [4544856135082498266]
	[RSP+FF8 ] 0x3EBCBCBD3F24A4A5 (size_t) [4520695646967342245]
	[RSP+1000] 0x0                (size_t) [0]
	[RSP+1008] 0x0                (size_t) [0]
	[RSP+1010] 0xC8B124320ED7     (size_t) [220663142026967]
	[RSP+1018] 0x0                (size_t) [0]
	[RSP+1020] 0x1                (size_t) [1]
	[RSP+1028] 0x7FF7159871E0     (JobListManager::ServingThread*)
	[RSP+1030] 0x768              (size_t) [1896]
	[RSP+1038] 0x7FF71596CEB0     (void* -> SkyrimSE.exe+315CEB0	add [rax], al)
	[RSP+1040] 0xE6C4             (size_t) [59076]
	[RSP+1048] 0x7FF7137B51D9     (void* -> SkyrimSE.exe+0FA51D9	add rbx, 0x08)
	[RSP+1050] 0x0                (size_t) [0]
	[RSP+1058] 0x1BCAA62A898      (void*)
	[RSP+1060] 0x0                (size_t) [0]
	[RSP+1068] 0x0                (size_t) [0]
	[RSP+1070] 0x1BB713FC600      (void*)
	[RSP+1078] 0x1BB6D9E3AB0      (void*)
	[RSP+1080] 0xFFFFFFFFFFFFFFFE (size_t) [uint: 18446744073709551614 int: -2]
	[RSP+1088] 0x0                (size_t) [0]
	[RSP+1090] 0x0                (size_t) [0]
	[RSP+1098] 0x0                (size_t) [0]
	[RSP+10A0] 0x0                (size_t) [0]
	[RSP+10A8] 0x0                (size_t) [0]
	[RSP+10B0] 0x0                (size_t) [0]
	[RSP+10B8] 0x7FF715A987C0     (void* -> SkyrimSE.exe+32887C0	add [rax], al)
	[RSP+10C0] 0x0                (size_t) [0]
	[RSP+10C8] 0x7FF712EE22BF     (void* -> SkyrimSE.exe+06D22BF	call 0x00007FF712C455B0)
	[RSP+10D0] 0x2                (size_t) [2]
	[RSP+10D8] 0x7FF715AA18B0     (void* -> SkyrimSE.exe+32918B0	)
	[RSP+10E0] 0x7FF715987101     (void* -> SkyrimSE.exe+3177101	mov eax, 0x1BB61DC)
	[RSP+10E8] 0x0                (size_t) [0]
	[RSP+10F0] 0x0                (size_t) [0]
	[RSP+10F8] 0x7FF8FB7721FB     (void* -> KERNELBASE.dll+00621FB	nop [rax+rax*1], eax)
	[RSP+1100] 0xFFFFFFFFFFFFFFFE (size_t) [uint: 18446744073709551614 int: -2]
	[RSP+1108] 0x0                (size_t) [0]
	[RSP+1110] 0x0                (size_t) [0]
	[RSP+1118] 0x0                (size_t) [0]
	[RSP+1120] 0x0                (size_t) [0]
	[RSP+1128] 0x7FF712E0C913     (void* -> SkyrimSE.exe+05FC913	jmp 0x00007FF712E0CA03)
	[RSP+1130] 0x7FF715A987C0     (void* -> SkyrimSE.exe+32887C0	add [rax], al)
	[RSP+1138] 0x7FF7159871E0     (JobListManager::ServingThread*)
	[RSP+1140] 0x0                (size_t) [0]
	[RSP+1148] 0x1774             (size_t) [6004]
	[RSP+1150] 0x0                (size_t) [0]
	[RSP+1158] 0x0                (size_t) [0]
	[RSP+1160] 0x0                (size_t) [0]
	[RSP+1168] 0x7FF7134E0DBD     (void* -> SkyrimSE.exe+0CD0DBD	mov rcx, [0x00007FF7159DC318])
	[RSP+1170] 0x7FF7159871E0     (JobListManager::ServingThread*)
	[RSP+1178] 0x0                (size_t) [0]
	[RSP+1180] 0x0                (size_t) [0]
	[RSP+1188] 0x0                (size_t) [0]
	[RSP+1190] 0x7FF7159871E0     (JobListManager::ServingThread*)
	[RSP+1198] 0x0                (size_t) [0]
	[RSP+11A0] 0x0                (size_t) [0]
	[RSP+11A8] 0x7FF8FC32259D     (void* -> KERNEL32.DLL+001259D	mov ecx, eax)
	[RSP+11B0] 0x0                (size_t) [0]
	[RSP+11B8] 0x0                (size_t) [0]
	[RSP+11C0] 0x0                (size_t) [0]
	[RSP+11C8] 0x0                (size_t) [0]
	[RSP+11D0] 0x0                (size_t) [0]
	[RSP+11D8] 0x7FF8FDE0AF38     (void* -> ntdll.dll+005AF38	jmp 0x00007FF8FDE0AF59)
	[RSP+11E0] 0x0                (size_t) [0]
	[RSP+11E8] 0x0                (size_t) [0]
	[RSP+11F0] 0x0                (size_t) [0]
	[RSP+11F8] 0x0                (size_t) [0]
	[RSP+1200] 0x0                (size_t) [0]
	[RSP+1208] 0x0                (size_t) [0]
	[RSP+1210] 0x8708B79900000000 (size_t) [uint: 9730228862691835904 int: -8716515211017715712]
	[RSP+1218] 0x0                (size_t) [0]
	[RSP+1220] 0x4F0FFFFFB30      (size_t) [5433133628208]
	[RSP+1228] 0x7FF8FB87BE00     (void* -> KERNELBASE.dll+016BE00	mov [rsp+0x10], rbx)
	[RSP+1230] 0x522641D4C0       (void*)
	[RSP+1238] 0x4784CC80003FFC3E (size_t) [5153468723750763582]
	[RSP+1240] 0x7FF87C8F0999     (size_t) [140705218365849]
	[RSP+1248] 0x522641D4C0       (void*)
	[RSP+1250] 0x0                (size_t) [0]
	[RSP+1258] 0x0                (size_t) [0]
	[RSP+1260] 0x0                (size_t) [0]
	[RSP+1268] 0x0                (size_t) [0]
	[RSP+1270] 0x0                (size_t) [0]
	[RSP+1278] 0x0                (size_t) [0]
	[RSP+1280] 0x0                (size_t) [0]
	[RSP+1288] 0x0                (size_t) [0]
	[RSP+1290] 0x0                (size_t) [0]
	[RSP+1298] 0x0                (size_t) [0]
	[RSP+12A0] 0x0                (size_t) [0]
	[RSP+12A8] 0x0                (size_t) [0]
	[RSP+12B0] 0x0                (size_t) [0]
	[RSP+12B8] 0x0                (size_t) [0]
	[RSP+12C0] 0x0                (size_t) [0]
	[RSP+12C8] 0x0                (size_t) [0]
	[RSP+12D0] 0x0                (size_t) [0]
	[RSP+12D8] 0x0                (size_t) [0]
	[RSP+12E0] 0x0                (size_t) [0]
	[RSP+12E8] 0x0                (size_t) [0]
	[RSP+12F0] 0x0                (size_t) [0]
	[RSP+12F8] 0x0                (size_t) [0]
	[RSP+1300] 0x0                (size_t) [0]
	[RSP+1308] 0x0                (size_t) [0]
	[RSP+1310] 0x0                (size_t) [0]
	[RSP+1318] 0x0                (size_t) [0]
	[RSP+1320] 0x0                (size_t) [0]
	[RSP+1328] 0x0                (size_t) [0]
	[RSP+1330] 0x0                (size_t) [0]
	[RSP+1338] 0x0                (size_t) [0]
	[RSP+1340] 0x0                (size_t) [0]
	[RSP+1348] 0x0                (size_t) [0]
	[RSP+1350] 0x0                (size_t) [0]
	[RSP+1358] 0x0                (size_t) [0]
	[RSP+1360] 0x0                (size_t) [0]
	[RSP+1368] 0x0                (size_t) [0]
	[RSP+1370] 0x0                (size_t) [0]
	[RSP+1378] 0x0                (size_t) [0]
	[RSP+1380] 0x0                (size_t) [0]
	[RSP+1388] 0x0                (size_t) [0]
	[RSP+1390] 0x0                (size_t) [0]
	[RSP+1398] 0x0                (size_t) [0]
	[RSP+13A0] 0x0                (size_t) [0]
	[RSP+13A8] 0x0                (size_t) [0]
	[RSP+13B0] 0x0                (size_t) [0]
	[RSP+13B8] 0x0                (size_t) [0]
	[RSP+13C0] 0x0                (size_t) [0]
	[RSP+13C8] 0x0                (size_t) [0]
	[RSP+13D0] 0x0                (size_t) [0]
	[RSP+13D8] 0x0                (size_t) [0]
	[RSP+13E0] 0x0                (size_t) [0]
	[RSP+13E8] 0x0                (size_t) [0]
	[RSP+13F0] 0x0                (size_t) [0]
	[RSP+13F8] 0x0                (size_t) [0]
	[RSP+1400] 0x0                (size_t) [0]
	[RSP+1408] 0x0                (size_t) [0]
	[RSP+1410] 0x0                (size_t) [0]
	[RSP+1418] 0x0                (size_t) [0]
	[RSP+1420] 0x0                (size_t) [0]
	[RSP+1428] 0x0                (size_t) [0]
	[RSP+1430] 0x0                (size_t) [0]
	[RSP+1438] 0x0                (size_t) [0]
	[RSP+1440] 0x0                (size_t) [0]
	[RSP+1448] 0x0                (size_t) [0]
	[RSP+1450] 0x0                (size_t) [0]
	[RSP+1458] 0x0                (size_t) [0]
	[RSP+1460] 0x0                (size_t) [0]
	[RSP+1468] 0x0                (size_t) [0]
	[RSP+1470] 0x0                (size_t) [0]
	[RSP+1478] 0x0                (size_t) [0]
	[RSP+1480] 0x0                (size_t) [0]
	[RSP+1488] 0x0                (size_t) [0]
	[RSP+1490] 0x0                (size_t) [0]
	[RSP+1498] 0x0                (size_t) [0]
	[RSP+14A0] 0x0                (size_t) [0]
	[RSP+14A8] 0x0                (size_t) [0]
	[RSP+14B0] 0x0                (size_t) [0]
	[RSP+14B8] 0x0                (size_t) [0]
	[RSP+14C0] 0x0                (size_t) [0]
	[RSP+14C8] 0x0                (size_t) [0]
	[RSP+14D0] 0x0                (size_t) [0]
	[RSP+14D8] 0x0                (size_t) [0]
	[RSP+14E0] 0x0                (size_t) [0]
	[RSP+14E8] 0x0                (size_t) [0]
	[RSP+14F0] 0x0                (size_t) [0]
	[RSP+14F8] 0x0                (size_t) [0]
	[RSP+1500] 0x0                (size_t) [0]
	[RSP+1508] 0x0                (size_t) [0]
	[RSP+1510] 0x0                (size_t) [0]
	[RSP+1518] 0x0                (size_t) [0]
	[RSP+1520] 0x0                (size_t) [0]
	[RSP+1528] 0x0                (size_t) [0]
	[RSP+1530] 0x0                (size_t) [0]
	[RSP+1538] 0x0                (size_t) [0]
	[RSP+1540] 0x0                (size_t) [0]
	[RSP+1548] 0x0                (size_t) [0]
	[RSP+1550] 0x0                (size_t) [0]
	[RSP+1558] 0x0                (size_t) [0]
	[RSP+1560] 0x0                (size_t) [0]
	[RSP+1568] 0x0                (size_t) [0]
	[RSP+1570] 0x0                (size_t) [0]
	[RSP+1578] 0x0                (size_t) [0]
	[RSP+1580] 0x0                (size_t) [0]
	[RSP+1588] 0x0                (size_t) [0]
	[RSP+1590] 0x0                (size_t) [0]
	[RSP+1598] 0x0                (size_t) [0]
	[RSP+15A0] 0x0                (size_t) [0]
	[RSP+15A8] 0x0                (size_t) [0]
	[RSP+15B0] 0x0                (size_t) [0]
	[RSP+15B8] 0x0                (size_t) [0]
	[RSP+15C0] 0x0                (size_t) [0]
	[RSP+15C8] 0x0                (size_t) [0]
	[RSP+15D0] 0x0                (size_t) [0]
	[RSP+15D8] 0x0                (size_t) [0]
	[RSP+15E0] 0x0                (size_t) [0]
	[RSP+15E8] 0x0                (size_t) [0]
	[RSP+15F0] 0x0                (size_t) [0]
	[RSP+15F8] 0x0                (size_t) [0]
	[RSP+1600] 0x0                (size_t) [0]
	[RSP+1608] 0x0                (size_t) [0]
	[RSP+1610] 0x0                (size_t) [0]
	[RSP+1618] 0x0                (size_t) [0]
	[RSP+1620] 0x0                (size_t) [0]
	[RSP+1628] 0x0                (size_t) [0]

MODULES:
	XINPUT1_3.dll                         0x000000400000
	X3DAudio1_7.dll                       0x000051B30000
	tbb.dll                               0x000180000000
	PerkAdjuster.dll                      0x01BB00000000
	tbbmalloc.dll                         0x01BB58C90000
	SkyrimSE.exe                          0x7FF712810000
	EnemiesRespectEncounterZones.dll      0x7FF829F60000
	CraftingCategories.dll                0x7FF83B490000
	FaceGenFixes.dll                      0x7FF83BA10000
	AchievementInjector.dll               0x7FF83BC50000
	AddItemMenuSE.dll                     0x7FF83BF80000
	CaptureWarmer.dll                     0x7FF86DA00000
	Fuz Ro D'oh.dll                       0x7FF86FB90000
	encounter_zones_unlocked.dll          0x7FF870650000
	msdmo.dll                             0x7FF878460000
	ResampleDmo.DLL                       0x7FF878470000
	MSVCP140_ATOMIC_WAIT.dll              0x7FF878530000
	DSOUND.DLL                            0x7FF878550000
	BugFixesSSE.dll                       0x7FF892030000
	MessageBus.dll                        0x7FF89A410000
	skse64_1_6_1170.dll                   0x7FF8AED50000
	DINPUT8.dll                           0x7FF8AFE20000
	AnimationQueueFix.dll                 0x7FF8B2100000
	ActorLimitFix.dll                     0x7FF8B2170000
	SKSEMenuFramework.dll                 0x7FF8B2210000
	EngineFixes.dll                       0x7FF8B2410000
	vstdlib_s64.dll                       0x7FF8B2520000
	AHZmoreHUDPlugin.dll                  0x7FF8B2B10000
	ncryptsslp.dll                        0x7FF8B7BC0000
	nvppex.dll                            0x7FF8B7E80000
	SkyrimUncapper.dll                    0x7FF8B9300000
	VoltekLib.Detours.dll                 0x7FF8B9330000
	VoltekLib.RelocationDatabase.dll      0x7FF8B93F0000
	VoltekLib.MemoryManager.dll           0x7FF8B98E0000
	VoltekLib.UnicodeConverter.dll        0x7FF8B9910000
	VCOMP140.DLL                          0x7FF8B9960000
	tier0_s64.dll                         0x7FF8B9990000
	bink2w64.dll                          0x7FF8B9CE0000
	steam_api64.dll                       0x7FF8B9D60000
	AHZmoreHUDInventory.dll               0x7FF8B9DC0000
	CONCRT140.dll                         0x7FF8B9E80000
	nvspcap64.dll                         0x7FF8BAEF0000
	uiautomationcore.dll                  0x7FF8C4610000
	xinput1_4.dll                         0x7FF8C4FB0000
	threadpoolwinrt.dll                   0x7FF8C8820000
	inputhost.dll                         0x7FF8DB6C0000
	Windows.UI.dll                        0x7FF8DE940000
	MPR.dll                               0x7FF8DEAC0000
	MSVCP140.dll                          0x7FF8E08C0000
	VCRUNTIME140.dll                      0x7FF8E0950000
	winmmbase.dll                         0x7FF8E0970000
	d3dx9_42.dll                          0x7FF8E1910000
	nvwgf2umx.dll                         0x7FF8E1E90000
	COMCTL32.dll                          0x7FF8E5FB0000
	OLEACC.dll                            0x7FF8E66B0000
	WINSPOOL.DRV                          0x7FF8E6720000
	COMCTL32.dll                          0x7FF8E67D0000
	gdiplus.dll                           0x7FF8E6A70000
	MMDevApi.dll                          0x7FF8E6C60000
	webio.dll                             0x7FF8E73A0000
	VCRUNTIME140_1.dll                    0x7FF8E7B90000
	textinputframework.dll                0x7FF8E87A0000
	XINPUT9_1_0.dll                       0x7FF8E8C90000
	BarterLimitFix.dll                    0x7FF8E8CA0000
	AUDIOSES.DLL                          0x7FF8E8DD0000
	SMP-NPC crash fix.dll                 0x7FF8E92D0000
	ELIF.dll                              0x7FF8E9300000
	MSVCP140_CODECVT_IDS.dll              0x7FF8E9310000
	nvgpucomp64.dll                       0x7FF8EBE30000
	NvMessageBus.dll                      0x7FF8EE080000
	nvldumdx.dll                          0x7FF8EE3E0000
	nvapi64.dll                           0x7FF8EF1E0000
	WINMM.dll                             0x7FF8F0630000
	MSIMG32.dll                           0x7FF8F06F0000
	directxdatabasehelper.dll             0x7FF8F1920000
	avrt.dll                              0x7FF8F1B10000
	CoreUIComponents.dll                  0x7FF8F1C30000
	dbghelp.dll                           0x7FF8F2DC0000
	drvstore.dll                          0x7FF8F3390000
	cryptnet.dll                          0x7FF8F3D30000
	VERSION.dll                           0x7FF8F3DA0000
	d3d11.dll                             0x7FF8F4CD0000
	dcomp.dll                             0x7FF8F4F30000
	CoreMessaging.dll                     0x7FF8F5700000
	fwpuclnt.dll                          0x7FF8F5B70000
	wevtapi.dll                           0x7FF8F62E0000
	dhcpcsvc.DLL                          0x7FF8F6440000
	rasadhlp.dll                          0x7FF8F6480000
	WINHTTP.DLL                           0x7FF8F6490000
	WindowsCodecs.dll                     0x7FF8F81B0000
	UxTheme.dll                           0x7FF8F83B0000
	dxgi.dll                              0x7FF8F8530000
	WINNSI.DLL                            0x7FF8F8640000
	dwmapi.dll                            0x7FF8F8650000
	dxcore.dll                            0x7FF8F86B0000
	resourcepolicyclient.dll              0x7FF8F8A60000
	wintypes.dll                          0x7FF8F8E70000
	windows.storage.dll                   0x7FF8F8FB0000
	HID.DLL                               0x7FF8F98C0000
	IPHLPAPI.DLL                          0x7FF8F9BD0000
	DNSAPI.dll                            0x7FF8F9C00000
	UMPDC.dll                             0x7FF8F9EE0000
	POWRPROF.dll                          0x7FF8F9F00000
	Secur32.dll                           0x7FF8F9F70000
	schannel.DLL                          0x7FF8F9FF0000
	rsaenh.dll                            0x7FF8FA100000
	kernel.appcore.dll                    0x7FF8FA140000
	ntmarta.dll                           0x7FF8FA2B0000
	SSPICLI.DLL                           0x7FF8FA400000
	MSWSOCK.dll                           0x7FF8FA610000
	gpapi.dll                             0x7FF8FA680000
	wldp.dll                              0x7FF8FA890000
	CRYPTBASE.DLL                         0x7FF8FA940000
	CRYPTSP.dll                           0x7FF8FA960000
	msasn1.dll                            0x7FF8FA9B0000
	NTASN1.dll                            0x7FF8FAA30000
	ncrypt.dll                            0x7FF8FAA70000
	devobj.dll                            0x7FF8FAD70000
	CFGMGR32.dll                          0x7FF8FADC0000
	DPAPI.DLL                             0x7FF8FAE10000
	profapi.dll                           0x7FF8FAFE0000
	bcrypt.dll                            0x7FF8FB0B0000
	msvcp_win.dll                         0x7FF8FB0E0000
	wintrust.dll                          0x7FF8FB180000
	ucrtbase.dll                          0x7FF8FB2B0000
	CRYPT32.dll                           0x7FF8FB3D0000
	gdi32full.dll                         0x7FF8FB540000
	bcryptPrimitives.dll                  0x7FF8FB660000
	win32u.dll                            0x7FF8FB6E0000
	KERNELBASE.dll                        0x7FF8FB710000
	msvcrt.dll                            0x7FF8FBAF0000
	SETUPAPI.dll                          0x7FF8FBC00000
	OLEAUT32.dll                          0x7FF8FC080000
	USER32.dll                            0x7FF8FC160000
	KERNEL32.DLL                          0x7FF8FC310000
	combase.dll                           0x7FF8FC430000
	IMM32.DLL                             0x7FF8FC850000
	SHLWAPI.dll                           0x7FF8FC890000
	imagehlp.dll                          0x7FF8FC8F0000
	RPCRT4.dll                            0x7FF8FC910000
	ole32.dll                             0x7FF8FCA30000
	PSAPI.DLL                             0x7FF8FCBE0000
	clbcatq.dll                           0x7FF8FCBF0000
	GDI32.dll                             0x7FF8FCCA0000
	NSI.dll                               0x7FF8FCD60000
	ADVAPI32.dll                          0x7FF8FCD70000
	shcore.dll                            0x7FF8FCE30000
	COMDLG32.dll                          0x7FF8FD150000
	SHELL32.dll                           0x7FF8FD260000
	WS2_32.dll                            0x7FF8FDAE0000
	MSCTF.dll                             0x7FF8FDB60000
	sechost.dll                           0x7FF8FDCC0000
	ntdll.dll                             0x7FF8FDDB0000
	NvCamera64.dll                        0x7FFF992D0000
	d3dcompiler_47_64.dll                 0x7FFF9B110000
	XAudio2_7.dll                         0x7FFF9BD30000
	gameoverlayrenderer64.dll             0x7FFF9D610000
	WhichKey-NG.dll                       0x7FFF9D7B0000
	Weightless.dll                        0x7FFF9D940000
	UnequipQuiverNG.dll                   0x7FFF9DA60000
	TrueDirectionalMovement.dll           0x7FFF9DB00000
	TheNewGentleman.dll                   0x7FFF9DC00000
	SSEDisplayTweaks.dll                  0x7FFF9DD20000
	SoundRecordDistributor.dll            0x7FFF9DDC0000
	SkyPatcher.dll                        0x7FFF9DEA0000
	skee64.dll                            0x7FFF9E080000
	SexLabUtil.dll                        0x7FFF9E2F0000
	ScrambledBugs.dll                     0x7FFF9E540000
	ReadingIsBad.dll                      0x7FFF9E5E0000
	QuickLootIE.dll                       0x7FFF9E690000
	QuickArmorRebalance.dll               0x7FFF9E8C0000
	qui.dll                               0x7FFF9EA90000
	po3_Tweaks.dll                        0x7FFF9EBE0000
	po3_SplashesOfStorms.dll              0x7FFF9ECE0000
	po3_SpellPerkItemDistributor.dll      0x7FFF9EDA0000
	po3_SimpleOffenceSuppression.dll      0x7FFF9EF60000
	po3_SimpleActivateSKSE.dll            0x7FFF9F000000
	po3_SaveUnbaker.dll                   0x7FFF9F0D0000
	po3_PapyrusExtender.dll               0x7FFF9F170000
	po3_MoonMod.dll                       0x7FFF9F450000
	po3_MagicSneakAttacks.dll             0x7FFF9F500000
	po3_KeywordItemDistributor.dll        0x7FFF9F5E0000
	po3_EnhancedInvisibility.dll          0x7FFF9F780000
	po3_ENBLightForEffectShaders.dll      0x7FFF9F830000
	po3_DualCastingFix.dll                0x7FFF9F920000
	po3_DialogueHistory.dll               0x7FFF9F9C0000
	po3_BaseObjectSwapper.dll             0x7FFF9FCD0000
	po3_AnimObjectSwapper.dll             0x7FFF9FE20000
	PerkEntryPointExtender.dll            0x7FFF9FED0000
	PapyrusUtil.dll                       0x7FFFA0150000
	PapyrusTweaks.dll                     0x7FFFA02C0000
	OStim.dll                             0x7FFFA03C0000
	OSLAroused.dll                        0x7FFFA0AA0000
	OpenAnimationReplacer.dll             0x7FFFA0B40000
	NoOppositeGenderAnims.dll             0x7FFFA0EA0000
	NGIO-NG.dll                           0x7FFFA0F90000
	MuSkeletonEditor.dll                  0x7FFFA10D0000
	hdtSMP64.dll                          0x7FFFA11B0000
	OBody.dll                             0x7FFFA3340000
	MusicTypeDistributor.dll              0x7FFFA33F0000
	MoreInformativeConsole.dll            0x7FFFA34B0000
	mfgfix.dll                            0x7FFFA35E0000
	MCMHelper.dll                         0x7FFFA36A0000
	LocationalEncounterZones.dll          0x7FFFA3780000
	LeveledListCrashPrevention.dll        0x7FFFA3860000
	KreatE.dll                            0x7FFFA42F0000
	k101PapyrusFunctions.dll              0x7FFFA44A0000
	JContainers64.dll                     0x7FFFA45A0000
	IWantWidgetsNative.dll                0x7FFFA4880000
	PayloadInterpreter.dll                0x7FFFA64A0000
	FormListManipulator.dll               0x7FFFA6510000
	DynDOLOD.DLL                          0x7FFFA6600000
	DynamicStringDistributor.dll          0x7FFFA66E0000
	DynamicMagicModificationFramework.dll 0x7FFFA6800000
	DeviousDevices.dll                    0x7FFFA6930000
	DescriptionFramework.dll              0x7FFFA6BB0000
	CurrencySwapper.dll                   0x7FFFA6CC0000
	CrashLogger.dll                       0x7FFFA6DA0000
	ControlledCasting.dll                 0x7FFFA7090000
	ContainerDistributionFramework.dll    0x7FFFA7180000
	ConsoleUtilSSE.dll                    0x7FFFA7290000
	ComprehensiveAttackRatePatch.dll      0x7FFFA73F0000
	D3DCOMPILER_47.dll                    0x7FFFA75E0000
	PAPER.dll                             0x7FFFAA2C0000
	CommunityShaders.dll                  0x7FFFAA340000
	kxWhereAreYou.dll                     0x7FFFAAF20000
	BetterThirdPersonSelection.dll        0x7FFFAAFD0000
	steamclient64.dll                     0x7FFFAB240000
	NPCSpellVariance.dll                  0x7FFFAD4C0000
	cbp.dll                               0x7FFFAD560000
	AssetDoctor.dll                       0x7FFFAD680000
	PrivateProfileRedirector.dll          0x7FFFAD840000
	PairedAnimationImprovements.dll       0x7FFFAE260000
	InventoryInjector.dll                 0x7FFFAE6B0000
	MuJointFix.dll                        0x7FFFAE8D0000
	ActorValueExtension.dll               0x7FFFAE970000
	WINHTTP.dll                           0x7FFFAEC00000
	MapMarkerFramework.dll                0x7FFFB1980000
	GrassCacheHelperNG.dll                0x7FFFB3F70000
	ContainerItemDistributor.dll          0x7FFFB5CF0000
	Ammo_Patcher.dll                      0x7FFFB90A0000
	NativeEditorIDFix.dll                 0x7FFFB9CA0000
	InstantlySkipDialogueNG.dll           0x7FFFB9F30000
	HDLocalMap.dll                        0x7FFFBB460000
	ImWalkinHere.dll                      0x7FFFE7C10000
	FISS.dll                              0x7FFFF6EF0000

SKSE PLUGINS:
	AchievementInjector.dll v0.0.1
	ActorLimitFix.dll
	ActorValueExtension.dll v1.9.5.6
	AddItemMenuSE.dll
	AHZmoreHUDInventory.dll v2.1.3
	AHZmoreHUDPlugin.dll v5.2.2
	Ammo_Patcher.dll v1.2.0.1
	AnimationQueueFix.dll v1.0.1
	AssetDoctor.dll
	BarterLimitFix.dll
	BetterThirdPersonSelection.dll v1
	BugFixesSSE.dll
	CaptureWarmer.dll v1.2
	cbp.dll
	CommunityShaders.dll v0.8.7
	ComprehensiveAttackRatePatch.dll v1.1.2.10
	ConsoleUtilSSE.dll v1.5.1
	ContainerDistributionFramework.dll v2.2.1
	ContainerItemDistributor.dll v2.1
	ControlledCasting.dll v3
	CraftingCategories.dll v1.1.1
	CrashLogger.dll v1.15
	CurrencySwapper.dll v1.1
	DescriptionFramework.dll v2.1.1
	DeviousDevices.dll v3.0.0.1
	DynamicMagicModificationFramework.dll v1
	DynamicStringDistributor.dll v1.2.4
	DynDOLOD.DLL v3.0.33
	ELIF.dll v1.2
	encounter_zones_unlocked.dll
	EnemiesRespectEncounterZones.dll v1.4.2
	EngineFixes.dll v6.1.1
	FaceGenFixes.dll v1.0.3
	FISS.dll
	FormListManipulator.dll v1.8.1
	Fuz Ro D'oh.dll v2.5.8.123
	GrassCacheHelperNG.dll v1.0.1
	HDLocalMap.dll v1.0.3
	hdtSMP64.dll
	ImWalkinHere.dll v1.7
	InstantlySkipDialogueNG.dll v1.1.1
	InventoryInjector.dll v1.1
	IWantWidgetsNative.dll
	JContainers64.dll v4.2.9
	k101PapyrusFunctions.dll v1
	KreatE.dll v1.3.1
	kxWhereAreYou.dll
	LeveledListCrashPrevention.dll v1.0.1
	LocationalEncounterZones.dll v1.0.2
	MapMarkerFramework.dll v2.2.1
	MCMHelper.dll v1.5
	mfgfix.dll v0.1
	MoreInformativeConsole.dll v1.2.2
	MuJointFix.dll v2.0.17
	MusicTypeDistributor.dll v1.4
	MuSkeletonEditor.dll v0.6.2
	NativeEditorIDFix.dll v1.2.2
	NGIO-NG.dll v1.1.5.1
	NoOppositeGenderAnims.dll v1.1
	NPCSpellVariance.dll v1
	OBody.dll v1
	OpenAnimationReplacer.dll v2.3.6
	OSLAroused.dll v2.5
	OStim.dll v7.3.3
	PairedAnimationImprovements.dll v1.0.2
	PAPER.dll v2.2.4
	PapyrusTweaks.dll v4.1
	PapyrusUtil.dll
	PayloadInterpreter.dll v1
	PerkAdjuster.dll v2.1
	PerkEntryPointExtender.dll v1
	po3_AnimObjectSwapper.dll v1.1.0.1
	po3_BaseObjectSwapper.dll v3.3.1.1
	po3_DialogueHistory.dll v2.0.1.1
	po3_DualCastingFix.dll v1.0.0.1
	po3_ENBLightForEffectShaders.dll v2.2.0.1
	po3_EnhancedInvisibility.dll v1.3.0.1
	po3_KeywordItemDistributor.dll v3.4.0.1
	po3_MagicSneakAttacks.dll v1.3.0.1
	po3_MoonMod.dll v2.0.2.1
	po3_PapyrusExtender.dll v5.9.0.1
	po3_SaveUnbaker.dll v1.0.3.1
	po3_SimpleActivateSKSE.dll v1.4.2.1
	po3_SimpleOffenceSuppression.dll v2.2.1.1
	po3_SpellPerkItemDistributor.dll v7.2.0.16
	po3_SplashesOfStorms.dll v1.3.0.1
	po3_Tweaks.dll v1.12.2.1
	PrivateProfileRedirector.dll
	qui.dll v0.4
	QuickArmorRebalance.dll
	QuickLootIE.dll v2
	ReadingIsBad.dll v1.0.13
	ScrambledBugs.dll
	SexLabUtil.dll v2.11.2.1
	skee64.dll
	SKSEMenuFramework.dll v2.1.1
	SkyPatcher.dll v1.0.0.1
	SkyrimUncapper.dll
	SMP-NPC crash fix.dll
	SoundRecordDistributor.dll v1.5
	SSEDisplayTweaks.dll v0.5.16
	TheNewGentleman.dll v3.0.2
	TrueDirectionalMovement.dll v2.2.6
	UnequipQuiverNG.dll v1.2
	Weightless.dll v1
	WhichKey-NG.dll v1.1

PLUGINS:
	Light: 93	Regular: 127	Total: 220
	[ 0]     Skyrim.esm
	[ 1]     Update.esm
	[ 2]     Dawnguard.esm
	[ 3]     HearthFires.esm
	[ 4]     Dragonborn.esm
	[ 5]     ccasvsse001-almsivi.esm
	[ 6]     ccBGSSSE001-Fish.esm
	[ 7]     cctwbsse001-puzzledungeon.esm
	[ 8]     cceejsse001-hstead.esm
	[ 9]     ccbgssse016-umbra.esm
	[ A]     ccbgssse031-advcyrus.esm
	[ B]     ccbgssse067-daedinv.esm
	[ C]     ccBGSSSE025-AdvDSGS.esm
	[ D]     cceejsse005-cave.esm
	[ E]     ccafdsse001-dwesanctuary.esm
	[ F]     unofficial skyrim special edition patch.esp
	[10]     Unofficial Skyrim Modders Patch.esp
	[11]     Immersive Wenches.esp
	[12]     YurianaWench.esp
	[13]     Master Occlusion.esm
	[14]     VLC - References.esm
	[15]     Skyrim Extended Cut - Saints and Seducers.esp
	[16]     Water for ENB.esm
	[17]     Coldhaven.esm
	[18]     RaceCompatibility.esm
	[19]     myrwatchhomefixer.esp
	[1A]     ZaZAnimationPack.esm
	[1B]     AyleidCitadel.esp
	[1C]     paradise_halls.esm
	[1D]     SexLab.esm
	[1E]     Devious Devices - Assets.esm
	[1F]     SexLabAroused.esm
	[20]     Devious Devices - Integration.esm
	[21]     Devious Devices - Expansion.esm
	[22]     Devious Devices - Contraptions.esm
	[23]     SOSVoices.esm
	[24]     ApachiiHair.esm
	[25]     wraithguardvaultfixer.esp
	[26]     FISS.esp
	[27]     High Poly Head.esm
	[28]     Heels Sound.esm
	[29]     Audio Overhaul Skyrim.esp
	[2A]     Immersive Sounds - Compendium.esp
	[2B]     TrueStormsSE.esp
	[2C]     Obsidian Weathers.esp
	[2D]     SMIM-SE-Merged-All.esp
	[2E]     RaceCompatibilityUSKPOverride.esp
	[2F]     Weapons Armor Clothing & Clutter Fixes.esp
	[30]     Relationship Dialogue Overhaul.esp
	[31]     castle volkihar rebuilt.esp
	[32]     Landscape Fixes For Grass Mods.esp
	[33]     paradise_halls_SLExtension.esp
	[34]     MysticismMagic.esp
	[35]     P1FlyingRing.esp
	[36]     HORNY.esp
	[37]     Book Covers Skyrim.esp
	[38]     Bandit War.esp
	[39]     Bloodchill_Manor_Enhanced.esp
	[3A]     Embers XD.esp
	[3B]     SeranaDialogAddon.esp
	[3C]     WACCF_Armor and Clothing Extension.esp
	[3D]     Travellersinn.esp
	[3E]     Better Vampire NPCs.esp
	[3F]     Wheres Your Smelter.esp
	[40]     Lit Road Signs.esp
	[41]     SnowElfPalace.esp
	[42]     Lonewolf's Manor.esp
	[43]     PAH_HomeSweetHome.esp
	[44]     AyleidPalaceNEW.esp
	[45]     Creation Cave - Arms of Chaos.esp
	[46]     HearthfireMultiKid.esp
	[47]     nwsJennaFollower.esp
	[48]     Creation Cave - The Staff of Hasedoki.esp
	[49]     PAH_AndYouGetASlave.esp
	[4A]     Creation Cave - Redguard Elite Armaments.esp
	[4B]     SkystoneCastle.esp
	[4C]     Book Covers Skyrim - Lost Library.esp
	[4D]     AyleidSanctuary.esp
	[4E]     pahe_lakeview_manor_cell.esp
	[4F]     k101Daegon.esp
	[50]     Lonewolf's Manor Addon.esp
	[51]     ThaneFailSafe.esp
	[52]     paradise_halls_fellglow_slave_camp.esp
	[53]     WhiterunSafehold.esp
	[54]     DiaryOfMine.esp
	[55]     The Amazing World of Bikini Armors REMASTERED.esp
	[56]     My Home Is Your Home.esp
	[57]     Apocalypse - Magic of Skyrim.esp
	[58]     Summermyst - Enchantments of Skyrim.esp
	[59]     ImGladYoureHere.esp
	[5A]     Creation Cave - Headman's Cleaver.esp
	[5B]     LustmordVampireArmor.esp
	[5C]     nwsFollowerFramework.esp
	[5D]     SDA_SpellToggleExtendedV2.esp
	[5E]     Pahe_Dwarven_Devious_suits.esp
	[5F]     AnubAnimObj.esp
	[60]     SLALAnimObjBillyy.esp
	[61]     SLAL_AnimationsByLeito.esp
	[62]     Strapped Outfit.esp
	[63]     Faction Crossbows.esp
	[64]     Merta Assassin Armor.esp
	[65]     [Melodic] Waitress.esp
	[66]     [Melodic] Assassin Sister.esp
	[67]     ENB Light.esp
	[68]     ICRFixes.esp
	[69]     Adamant.esp
	[6A]     Better Stealth AI for Followers.esp
	[6B]     SlaveTatsMagicManager.esp
	[6C]     UIExtensions.esp
	[6D]     AddItemMenuSE.esp
	[6E]     SyncWigColor.esp
	[6F]     AllEnchantmentsUnlocked.esp
	[70]     atkspdmod.esp
	[71]     Mining For Mages Redux.esp
	[72]     OStimCommunityResource.esp
	[73]     KS Hairdo's.esp
	[74]     XPMSE.esp
	[75]     Better Vampires.esp
	[76]     Better Vampire Lords.esp
	[77]     alternate start - live another life.esp
	[78]     Pahe_AltStartLAL.esp
	[79]     Coldhaven LAL Extension.esp
	[7A]     Water for ENB (Shades of Skyrim).esp
	[7B]     Summermyst - WACCF Patch.esp
	[7C]     FloatingSwordFollower.esp
	[7D]     TINUHighPolyOverhaul.esp
	[7E]     Buxom Tweaks.esp
	[FE:  0] ccbgssse002-exoticarrows.esl
	[FE:  1] ccbgssse003-zombies.esl
	[FE:  2] ccbgssse004-ruinsedge.esl
	[FE:  3] ccbgssse005-goldbrand.esl
	[FE:  4] ccbgssse006-stendarshammer.esl
	[FE:  5] ccbgssse007-chrysamere.esl
	[FE:  6] ccbgssse010-petdwarvenarmoredmudcrab.esl
	[FE:  7] ccbgssse011-hrsarmrelvn.esl
	[FE:  8] ccbgssse012-hrsarmrstl.esl
	[FE:  9] ccbgssse014-spellpack01.esl
	[FE:  A] ccbgssse019-staffofsheogorath.esl
	[FE:  B] ccbgssse020-graycowl.esl
	[FE:  C] ccbgssse021-lordsmail.esl
	[FE:  D] ccmtysse001-knightsofthenine.esl
	[FE:  E] ccQDRSSE001-SurvivalMode.esl
	[FE:  F] ccqdrsse002-firewood.esl
	[FE: 10] ccbgssse018-shadowrend.esl
	[FE: 11] ccbgssse035-petnhound.esl
	[FE: 12] ccfsvsse001-backpacks.esl
	[FE: 13] cceejsse002-tower.esl
	[FE: 14] ccedhsse001-norjewel.esl
	[FE: 15] ccvsvsse002-pets.esl
	[FE: 16] ccBGSSSE037-Curios.esl
	[FE: 17] ccbgssse034-mntuni.esl
	[FE: 18] ccbgssse045-hasedoki.esl
	[FE: 19] ccbgssse008-wraithguard.esl
	[FE: 1A] ccbgssse036-petbwolf.esl
	[FE: 1B] ccffbsse001-imperialdragon.esl
	[FE: 1C] ccmtysse002-ve.esl
	[FE: 1D] ccbgssse043-crosselv.esl
	[FE: 1E] ccvsvsse001-winter.esl
	[FE: 1F] cceejsse003-hollow.esl
	[FE: 20] ccbgssse038-bowofshadows.esl
	[FE: 21] ccbgssse040-advobgobs.esl
	[FE: 22] ccbgssse050-ba_daedric.esl
	[FE: 23] ccbgssse052-ba_iron.esl
	[FE: 24] ccbgssse054-ba_orcish.esl
	[FE: 25] ccbgssse058-ba_steel.esl
	[FE: 26] ccbgssse059-ba_dragonplate.esl
	[FE: 27] ccbgssse061-ba_dwarven.esl
	[FE: 28] ccpewsse002-armsofchaos.esl
	[FE: 29] ccbgssse041-netchleather.esl
	[FE: 2A] ccedhsse002-splkntset.esl
	[FE: 2B] ccbgssse064-ba_elven.esl
	[FE: 2C] ccbgssse063-ba_ebony.esl
	[FE: 2D] ccbgssse062-ba_dwarvenmail.esl
	[FE: 2E] ccbgssse060-ba_dragonscale.esl
	[FE: 2F] ccbgssse056-ba_silver.esl
	[FE: 30] ccbgssse055-ba_orcishscaled.esl
	[FE: 31] ccbgssse053-ba_leather.esl
	[FE: 32] ccbgssse051-ba_daedricmail.esl
	[FE: 33] ccbgssse057-ba_stalhrim.esl
	[FE: 34] ccbgssse066-staves.esl
	[FE: 35] ccbgssse068-bloodfall.esl
	[FE: 36] ccbgssse069-contest.esl
	[FE: 37] ccvsvsse003-necroarts.esl
	[FE: 38] ccvsvsse004-beafarmer.esl
	[FE: 39] ccffbsse002-crossbowpack.esl
	[FE: 3A] ccbgssse013-dawnfang.esl
	[FE: 3B] ccrmssse001-necrohouse.esl
	[FE: 3C] ccedhsse003-redguard.esl
	[FE: 3D] cceejsse004-hall.esl
	[FE: 3E] cckrtsse001_altar.esl
	[FE: 3F] cccbhsse001-gaunt.esl
	[FE: 40] _ResourcePack.esl
	[FE: 41] Navigator-NavFixes.esl
	[FE: 42] unofficial skyrim creation club content patch.esl
	[FE: 43] SkyChild.esp
	[FE: 44] Landscape and Water Fixes.esp
	[FE: 45] IcyFixesLite.esl
	[FE: 46] Praedys_Soulcairn.esm
	[FE: 47] OCF.esp
	[FE: 48] Tamrielic Distribution.esp
	[FE: 49] Pahe_Dragonborn_fixes.esl
	[FE: 4A] paradise_halls_farengars_study.esl
	[FE: 4B] Merta Assassin Armor.esl
	[FE: 4C] AHZmoreHUD.esl
	[FE: 4D] AHZmoreHUDInventory.esl
	[FE: 4E] IceShaderDisabled.esl
	[FE: 4F] IceLOD.esl
	[FE: 50] Partitioned snow Meshes.esl
	[FE: 51] ProjectedGlacierSnow.esl
	[FE: 52] WindhelmIcicles.esl
	[FE: 53] kcf.esm
	[FE: 54] iWant Widgets.esl
	[FE: 55] Expressive Facegen Morphs.esl
	[FE: 56] TheNewGentleman.esp
	[FE: 57] SlutPrincess.esl
	[FE: 58] Particle Patch for ENB.esp
	[FE: 59] SkyUI_SE.esp
	[FE: 5A] AOS_ISC_Integration.esp
	[FE: 5B] ED Horns SSE.esp
	[FE: 5C] DaedraSeducerRace.esp
