Skyrim SSE v1.6.640
CrashLoggerSSE v1-11-1-0 Nov 18 2023 13:56:33

Unhandled exception "EXCEPTION_ACCESS_VIOLATION" at 0x7FF916FCDAE5 skee64.dll+001DAE5	mov rcx, [r8+0x20]

SYSTEM SPECS:
	OS: Microsoft Windows 11 Pro v10.0.22631
	CPU: AuthenticAMD AMD Ryzen 7 7800X3D 8-Core Processor           
	GPU #1: Nvidia AD104 [GeForce RTX 4070]
	GPU #2: AMD Raphael
	GPU #3: Microsoft Basic Render Driver
	PHYSICAL MEMORY: 33.45 GB/63.15 GB
	GPU MEMORY: 5.91/10.99 GB

PROBABLE CALL STACK:
	[ 0] 0x7FF916FCDAE5         skee64.dll+001DAE5
	[ 1] 0x7FF916FBB9C2         skee64.dll+000B9C2
	[ 2] 0x7FF916FCEB83         skee64.dll+001EB83
	[ 3] 0x7FF916FCDA81         skee64.dll+001DA81
	[ 4] 0x7FF916FBC3FE         skee64.dll+000C3FE
	[ 5] 0x7FF916FBBF38         skee64.dll+000BF38
	[ 6] 0x7FF91702EC67         skee64.dll+007EC67
	[ 7] 0x7FF916FBDC47         skee64.dll+000DC47
	[ 8] 0x7FF95522892F skse64_1_6_640.dll+001892F
	[ 9] 0x7FF74CA2DD91       SkyrimSE.exe+05EDD91 -> 36588+0x21	mov rcx, [0x00007FF74F413990]
	[10] 0x7FF74CAB976F       SkyrimSE.exe+067976F -> 39092+0xBF	nop
	[11] 0x7FF74D0AC628       SkyrimSE.exe+0C6C628 -> 69378+0xD8	mov ecx, [rbx+0x0C]
	[12] 0x7FF74D0ACBF1       SkyrimSE.exe+0C6CBF1 -> 69380+0x361	mov r15d, eax
	[13] 0x7FF74D0AAF7A       SkyrimSE.exe+0C6AF7A -> 69344+0x8A	movzx eax, byte ptr [rbx+0xA74]
	[14] 0x7FF74D085E4D       SkyrimSE.exe+0C45E4D -> 68445+0x3D	mov rcx, [0x00007FF74F446898]
	[15] 0x7FFA3939257D       KERNEL32.DLL+001257D
	[16] 0x7FFA3962AA58          ntdll.dll+005AA58

REGISTERS:
	RAX 0x0                (size_t) [0]
	RCX 0x171ADE44AC8      (void*)
	RDX 0xA18DFF250        (void*)
	RBX 0x0                (size_t) [0]
	RSP 0xA18DFF1D0        (void*)
	RBP 0x171ADE45540      (void*)
	RSI 0x171B969C840      (void*)
	RDI 0x10               (size_t) [16]
	R8  0x10               (size_t) [16]
	R9  0x40               (size_t) [64]
	R10 0x280              (size_t) [640]
	R11 0xD4800000         (size_t) [3565158400]
	R12 0xA18DFF250        (void*)
	R13 0x171ADE44AC8      (void*)
	R14 0x171ADC5C0A8      (void*)
	R15 0x171ADE45540      (void*)

STACK:
	[RSP+0  ] 0x1718EA2FE60      (void*)
	[RSP+8  ] 0x58               (size_t) [88]
	[RSP+10 ] 0x0                (size_t) [0]
	[RSP+18 ] 0x0                (size_t) [0]
	[RSP+20 ] 0x171ADE44AD0      (void*)
	[RSP+28 ] 0x1718EA31BA0      (void*)
	[RSP+30 ] 0x171ADE45540      (void*)
	[RSP+38 ] 0x171ADC5C0A8      (void*)
	[RSP+40 ] 0xA18DFF3E0        (void*)
	[RSP+48 ] 0xA18DFF300        (void*)
	[RSP+50 ] 0x171ADE44AC8      (void*)
	[RSP+58 ] 0x7FF916FBB9C2     (void* -> skee64.dll+000B9C2	mov rax, [rbx])
	[RSP+60 ] 0xB8098DF2C594CBD8 (size_t) [uint: 13261286651605601240 int: -5185457422103950376]
	[RSP+68 ] 0x0                (size_t) [0]
	[RSP+70 ] 0x171ADE45540      (void*)
	[RSP+78 ] 0x171B969C840      (void*)
	[RSP+80 ] 0x1718EA31BA0      (void*)
	[RSP+88 ] 0x1                (size_t) [1]
	[RSP+90 ] 0x171ADE44A90      (void*)
	[RSP+98 ] 0x7FF916FCEB83     (void* -> skee64.dll+001EB83	nop)
	[RSP+A0 ] 0x171ADE44AC8      (void*)
	[RSP+A8 ] 0x171ADE45540      (void*)
	[RSP+B0 ] 0x171ADE44AA0      (void*)
	[RSP+B8 ] 0x171ADC5C080      (char*) ".DLL"
	[RSP+C0 ] 0xA18DFF3E8        (void*)
	[RSP+C8 ] 0x171ADE44A90      (void*)
	[RSP+D0 ] 0x16F1BA23600      (void*)
	[RSP+D8 ] 0x171ADC5D728      (void*)
	[RSP+E0 ] 0xA18DFF5E0        (std::_Func_impl_no_alloc<`MorphCache::UpdateMorphs'::`2'::<lambda_1>,void,bool,unsigned long,NiNode *,TESForm *,TESForm *,NiAVObject *>*)
	[RSP+E8 ] 0x171945C2AA0      (void*)
	[RSP+F0 ] 0xA18DFF3E0        (void*)
	[RSP+F8 ] 0x171ADC5C190      (void*)
	[RSP+100] 0x7FF917198668     (void* -> skee64.dll+01E8668	add [rax], al)
	[RSP+108] 0x7FF916FCDA81     (void* -> skee64.dll+001DA81	mov rax, [rbx])
	[RSP+110] 0x471DE9447CEBC5E9 (size_t) [5124508431380366825]
	[RSP+118] 0x171ADC5C070      (Crash::Modules::Module*)
	[RSP+120] 0x171ADE44AA0      (void*)
	[RSP+128] 0xA18DFF3E0        (void*)
	[RSP+130] 0x171ADE446A0      (void*)
	[RSP+138] 0xA18DFF401        (void*)
	[RSP+140] 0x171945C2AA0      (void*)
	[RSP+148] 0x7FF916FBC3FE     (void* -> skee64.dll+000C3FE	nop)
	[RSP+150] 0xA18DFF3E0        (void*)
	[RSP+158] 0x171ADC5D6F0      (void*)
	[RSP+160] 0x171ADC5D6F0      (void*)
	[RSP+168] 0x16D58C9D690      (void*)
	[RSP+170] 0x1719EF2ED00      (void*)
	[RSP+178] 0x1718168B040      (std::_Func_impl_no_alloc<`MorphFileCache::ApplyMorphs'::`9'::<lambda_1>,void>*)
	[RSP+180] 0x0                (size_t) [0]
	[RSP+188] 0xF                (size_t) [15]
	[RSP+190] 0x1FAF85DD576884F  (size_t) [142699420112554063]
	[RSP+198] 0x7FF93F800000     (size_t) [140708488937472]
	[RSP+1A0] 0x171ADE45DB0      (void*)
	[RSP+1A8] 0x2                (size_t) [2]
	[RSP+1B0] 0x0                (size_t) [0]
	[RSP+1B8] 0x0                (size_t) [0]
	[RSP+1C0] 0x0                (size_t) [0]
	[RSP+1C8] 0x7                (size_t) [7]
	[RSP+1D0] 0x8                (size_t) [8]
	[RSP+1D8] 0x19905A           (size_t) [1675354]
	[RSP+1E0] 0x6575B734         (size_t) [1702213428]
	[RSP+1E8] 0x1719EF2EDB0      (char*) "meshes\armor\yurianawench\nordbootsf.tri"
	[RSP+1F0] 0x17300000002      (char*) "3"
	[RSP+1F8] 0x28               (size_t) [40]
	[RSP+200] 0x2F               (size_t) [47]
	[RSP+208] 0x986664FE9213A6A8 (size_t) [uint: 10981575785924765352 int: -7465168287784786264]
	[RSP+210] 0x1713F800000      (void*)
	[RSP+218] 0x171ADE45540      (void*)
	[RSP+220] 0x1                (size_t) [1]
	[RSP+228] 0x171ADE44460      (void*)
	[RSP+230] 0x171ADE444E0      (void*)
	[RSP+238] 0x171ADE444E0      (void*)
	[RSP+240] 0x7                (size_t) [7]
	[RSP+248] 0x8                (size_t) [8]
	[RSP+250] 0x1940A2           (size_t) [1654946]
	[RSP+258] 0x6575B6DB         (size_t) [1702213339]
	[RSP+260] 0x16F1BA23668      (void*)
	[RSP+268] 0x16F1BA23400      (Character*)
		Flags: 0x00540548 
		Name: "Mariam"
		FormID: 0xFF00B40A
		FormType: ActorCharacter (62)
		Object Reference: 
		File: "NPC Improvements.esp"
		Modified by: YurianaWench.esp -> Buxom Tweaks.esp -> NPC Improvements.esp
		Flags: 0x00400009 kDestructible | kInitialized
		Name: "Mariam"
		EditorID: "YW_BuxomWench_ZZ_SubjugatedW14_extraFguard_archer"
		FormID: 0x196DEC6B
		FormType: NPC (43)
		Flags: 0x00540548 kInitialized | kBorderRegion | kMustUpdate
		FormID: 0xFF00B40A
		FormType: ActorCharacter (62)
	[RSP+270] 0x7FF74F4D2648     (void* -> SkyrimSE.exe+3092648	add [rax], al)
	[RSP+278] 0x1735A724540      (NiNode*)
		Name: " (FE1B880A)[1]/ (FE1B8817) [100%]"
		RTTIName: "NiNode"
		Flags: kSelectiveUpdate | kSelectiveUpdateTransforms | kSelectiveUpdateController
		Full Name: "Mariam"
		Checking User Data: -----
			Object Reference: 
			File: "NPC Improvements.esp"
			Modified by: YurianaWench.esp -> Buxom Tweaks.esp -> NPC Improvements.esp
			Flags: 0x00400009 kDestructible | kInitialized
			Name: "Mariam"
			EditorID: "YW_BuxomWench_ZZ_SubjugatedW14_extraFguard_archer"
			FormID: 0x196DEC6B
			FormType: NPC (43)
		Checking TESObjectREFR: {}
			Object Reference: 
			File: "NPC Improvements.esp"
			Modified by: YurianaWench.esp -> Buxom Tweaks.esp -> NPC Improvements.esp
			Flags: 0x00400009 kDestructible | kInitialized
			Name: "Mariam"
			EditorID: "YW_BuxomWench_ZZ_SubjugatedW14_extraFguard_archer"
			FormID: 0x196DEC6B
			FormType: NPC (43)
		Checking Parent: 6
			Name: "skeleton_female.nif"
			RTTIName: "BSFadeNode"
			ExtraData[0] Name: "SkeletonID"
			ExtraData[1] Name: "BNDT"
			ExtraData[2] Name: "BNDT"
			ExtraData[3] Name: "BNDT"
			ExtraData[4] Name: "BSBoneLOD"
			ExtraData[5] Name: "BOM"
			ExtraData[6] Name: "BBX"
			ExtraData[7] Name: "BSX"
			Flags: kSelectiveUpdate | kSelectiveUpdateTransforms | kSelectiveUpdateController
			Full Name: "Mariam"
			Checking User Data: -----
				Object Reference: 
				File: "NPC Improvements.esp"
				Modified by: YurianaWench.esp -> Buxom Tweaks.esp -> NPC Improvements.esp
				Flags: 0x00400009 kDestructible | kInitialized
				Name: "Mariam"
				EditorID: "YW_BuxomWench_ZZ_SubjugatedW14_extraFguard_archer"
				FormID: 0x196DEC6B
				FormType: NPC (43)
			Checking TESObjectREFR: {}
				Object Reference: 
				File: "NPC Improvements.esp"
				Modified by: YurianaWench.esp -> Buxom Tweaks.esp -> NPC Improvements.esp
				Flags: 0x00400009 kDestructible | kInitialized
				Name: "Mariam"
				EditorID: "YW_BuxomWench_ZZ_SubjugatedW14_extraFguard_archer"
				FormID: 0x196DEC6B
				FormType: NPC (43)
			Checking Parent: 22
				RTTIName: "NiNode"
				Flags: kSelectiveUpdate | kSelectiveUpdateTransforms | kSelectiveUpdateController
				Checking Parent: 0
					RTTIName: "BSMultiBoundNode"
					Flags: kSelectiveUpdate | kSelectiveUpdateTransforms | kSelectiveUpdateController
					Checking Parent: 2
						Name: "ObjectLODRoot"
						RTTIName: "NiNode"
						Flags: kSelectiveUpdate | kSelectiveUpdateTransforms | kSelectiveUpdateController
						Checking Parent: 3
							Name: "shadow scene node"
							RTTIName: "ShadowSceneNode"
							Flags: kSelectiveUpdate | kSelectiveUpdateTransforms | kSelectiveUpdateController
							Checking Parent: 1
								Name: "WorldRoot Node"
								RTTIName: "SceneGraph"
								Flags: kSelectiveUpdate | kSelectiveUpdateTransforms | kSelectiveUpdateController
		Name: " (FE1B880A)[1]/ (FE1B8817) [100%]"
	[RSP+280] 0x0                (size_t) [0]
	[RSP+288] 0x7FF916FBBF38     (void* -> skee64.dll+000BF38	lea r11, [rsp+0x80])
	[RSP+290] 0xA18DFF3B8        (void*)
	[RSP+298] 0xA18DFF340        (void*)
	[RSP+2A0] 0x7FF917198668     (void* -> skee64.dll+01E8668	add [rax], al)
	[RSP+2A8] 0x16F1BA23400      (Character*)
		Flags: 0x00540548 
		Name: "Mariam"
		FormID: 0xFF00B40A
		FormType: ActorCharacter (62)
		Object Reference: 
		File: "NPC Improvements.esp"
		Modified by: YurianaWench.esp -> Buxom Tweaks.esp -> NPC Improvements.esp
		Flags: 0x00400009 kDestructible | kInitialized
		Name: "Mariam"
		EditorID: "YW_BuxomWench_ZZ_SubjugatedW14_extraFguard_archer"
		FormID: 0x196DEC6B
		FormType: NPC (43)
		Flags: 0x00540548 kInitialized | kBorderRegion | kMustUpdate
		FormID: 0xFF00B40A
		FormType: ActorCharacter (62)
	[RSP+2B0] 0x0                (size_t) [0]
	[RSP+2B8] 0x16D4BD8CB74      (void* -> tbbmalloc.dll+000CB74	cmp eax, [rdi+0x68])
	[RSP+2C0] 0x7FF917198668     (void* -> skee64.dll+01E8668	add [rax], al)
	[RSP+2C8] 0xA18DFF4F0        (void*)
	[RSP+2D0] 0x7FF91712C1E0     (void* -> skee64.dll+017C1E0	jo 0x00007FF91712C1AE)
	[RSP+2D8] 0x7FF917198668     (void* -> skee64.dll+01E8668	add [rax], al)
	[RSP+2E0] 0xA18DFF4F0        (void*)
	[RSP+2E8] 0x0                (size_t) [0]
	[RSP+2F0] 0x7FF987A495E0     (void* -> EngineFixes.dll+00F95E0	)
	[RSP+2F8] 0x7FF74F4D2640     (void* -> SkyrimSE.exe+3092640	add [rax], al)
	[RSP+300] 0x7FF74F4D2648     (void* -> SkyrimSE.exe+3092648	add [rax], al)
	[RSP+308] 0x0                (size_t) [0]
	[RSP+310] 0xF0               (size_t) [240]
	[RSP+318] 0x7FF91702EC67     (void* -> skee64.dll+007EC67	mov rcx, [r15])
	[RSP+320] 0x171C70263B8      (void*)
	[RSP+328] 0x2                (size_t) [2]
	[RSP+330] 0xA18DFF550        (void*)
	[RSP+338] 0x0                (size_t) [0]
	[RSP+340] 0xA18DFF500        (void*)
	[RSP+348] 0xA18DFF538        (void*)
	[RSP+350] 0xA18DFF530        (void*)
	[RSP+358] 0x0                (size_t) [0]
	[RSP+360] 0x1735A724540      (NiNode*)
		Name: " (FE1B880A)[1]/ (FE1B8817) [100%]"
		RTTIName: "NiNode"
		Flags: kSelectiveUpdate | kSelectiveUpdateTransforms | kSelectiveUpdateController
		Full Name: "Mariam"
		Checking User Data: -----
			Object Reference: 
			File: "NPC Improvements.esp"
			Modified by: YurianaWench.esp -> Buxom Tweaks.esp -> NPC Improvements.esp
			Flags: 0x00400009 kDestructible | kInitialized
			Name: "Mariam"
			EditorID: "YW_BuxomWench_ZZ_SubjugatedW14_extraFguard_archer"
			FormID: 0x196DEC6B
			FormType: NPC (43)
		Checking TESObjectREFR: {}
			Object Reference: 
			File: "NPC Improvements.esp"
			Modified by: YurianaWench.esp -> Buxom Tweaks.esp -> NPC Improvements.esp
			Flags: 0x00400009 kDestructible | kInitialized
			Name: "Mariam"
			EditorID: "YW_BuxomWench_ZZ_SubjugatedW14_extraFguard_archer"
			FormID: 0x196DEC6B
			FormType: NPC (43)
		Checking Parent: 6
			Name: "skeleton_female.nif"
			RTTIName: "BSFadeNode"
			ExtraData[0] Name: "SkeletonID"
			ExtraData[1] Name: "BNDT"
			ExtraData[2] Name: "BNDT"
			ExtraData[3] Name: "BNDT"
			ExtraData[4] Name: "BSBoneLOD"
			ExtraData[5] Name: "BOM"
			ExtraData[6] Name: "BBX"
			ExtraData[7] Name: "BSX"
			Flags: kSelectiveUpdate | kSelectiveUpdateTransforms | kSelectiveUpdateController
			Full Name: "Mariam"
			Checking User Data: -----
				Object Reference: 
				File: "NPC Improvements.esp"
				Modified by: YurianaWench.esp -> Buxom Tweaks.esp -> NPC Improvements.esp
				Flags: 0x00400009 kDestructible | kInitialized
				Name: "Mariam"
				EditorID: "YW_BuxomWench_ZZ_SubjugatedW14_extraFguard_archer"
				FormID: 0x196DEC6B
				FormType: NPC (43)
			Checking TESObjectREFR: {}
				Object Reference: 
				File: "NPC Improvements.esp"
				Modified by: YurianaWench.esp -> Buxom Tweaks.esp -> NPC Improvements.esp
				Flags: 0x00400009 kDestructible | kInitialized
				Name: "Mariam"
				EditorID: "YW_BuxomWench_ZZ_SubjugatedW14_extraFguard_archer"
				FormID: 0x196DEC6B
				FormType: NPC (43)
			Checking Parent: 22
				RTTIName: "NiNode"
				Flags: kSelectiveUpdate | kSelectiveUpdateTransforms | kSelectiveUpdateController
				Checking Parent: 0
					RTTIName: "BSMultiBoundNode"
					Flags: kSelectiveUpdate | kSelectiveUpdateTransforms | kSelectiveUpdateController
					Checking Parent: 2
						Name: "ObjectLODRoot"
						RTTIName: "NiNode"
						Flags: kSelectiveUpdate | kSelectiveUpdateTransforms | kSelectiveUpdateController
						Checking Parent: 3
							Name: "shadow scene node"
							RTTIName: "ShadowSceneNode"
							Flags: kSelectiveUpdate | kSelectiveUpdateTransforms | kSelectiveUpdateController
							Checking Parent: 1
								Name: "WorldRoot Node"
								RTTIName: "SceneGraph"
								Flags: kSelectiveUpdate | kSelectiveUpdateTransforms | kSelectiveUpdateController
		Name: " (FE1B880A)[1]/ (FE1B8817) [100%]"
	[RSP+368] 0x16EF2241C00      (TESObjectARMA*)
		File: "AOS-ISC Patcher.esp"
		Modified by: [Christine] Ida Elf Archer.esp -> AOS-ISC Patcher.esp
		Flags: 0x00000008 kInitialized
		EditorID: "00IdaElfArcherCuirass01AA"
		FormID: 0xFE1B880A
		FormType: Armature (102)
	[RSP+370] 0x16EF223B100      (TESObjectARMO*)
		File: "[Christine] Ida Elf Archer.esp"
		Flags: 0x00000008 kInitialized
		Name: "Ida Elf Archer Cuirass Default"
		EditorID: "00IdaElfArcherCuirass01"
		FormID: 0xFE1B8817
		FormType: Armor (26)
		GetFullName: "Ida Elf Archer Cuirass Default"
	[RSP+378] 0x171510FEF80      (BSFadeNode*)
		Name: "skeleton_female.nif"
		RTTIName: "BSFadeNode"
		ExtraData[0] Name: "SkeletonID"
		ExtraData[1] Name: "BNDT"
		ExtraData[2] Name: "BNDT"
		ExtraData[3] Name: "BNDT"
		ExtraData[4] Name: "BSBoneLOD"
		ExtraData[5] Name: "BOM"
		ExtraData[6] Name: "BBX"
		ExtraData[7] Name: "BSX"
		Flags: kSelectiveUpdate | kSelectiveUpdateTransforms | kSelectiveUpdateController
		Full Name: "Mariam"
		Checking User Data: -----
			Object Reference: 
			File: "NPC Improvements.esp"
			Modified by: YurianaWench.esp -> Buxom Tweaks.esp -> NPC Improvements.esp
			Flags: 0x00400009 kDestructible | kInitialized
			Name: "Mariam"
			EditorID: "YW_BuxomWench_ZZ_SubjugatedW14_extraFguard_archer"
			FormID: 0x196DEC6B
			FormType: NPC (43)
		Checking TESObjectREFR: {}
			Object Reference: 
			File: "NPC Improvements.esp"
			Modified by: YurianaWench.esp -> Buxom Tweaks.esp -> NPC Improvements.esp
			Flags: 0x00400009 kDestructible | kInitialized
			Name: "Mariam"
			EditorID: "YW_BuxomWench_ZZ_SubjugatedW14_extraFguard_archer"
			FormID: 0x196DEC6B
			FormType: NPC (43)
		Checking Parent: 22
			RTTIName: "NiNode"
			Flags: kSelectiveUpdate | kSelectiveUpdateTransforms | kSelectiveUpdateController
			Checking Parent: 0
				RTTIName: "BSMultiBoundNode"
				Flags: kSelectiveUpdate | kSelectiveUpdateTransforms | kSelectiveUpdateController
				Checking Parent: 2
					Name: "ObjectLODRoot"
					RTTIName: "NiNode"
					Flags: kSelectiveUpdate | kSelectiveUpdateTransforms | kSelectiveUpdateController
					Checking Parent: 3
						Name: "shadow scene node"
						RTTIName: "ShadowSceneNode"
						Flags: kSelectiveUpdate | kSelectiveUpdateTransforms | kSelectiveUpdateController
						Checking Parent: 1
							Name: "WorldRoot Node"
							RTTIName: "SceneGraph"
							Flags: kSelectiveUpdate | kSelectiveUpdateTransforms | kSelectiveUpdateController
		Name: "skeleton_female.nif"
	[RSP+380] 0x7FF74F4D2644     (void* -> SkyrimSE.exe+3092644	add [rax], al)
	[RSP+388] 0x1                (size_t) [1]
	[RSP+390] 0x7FF74F4D2640     (void* -> SkyrimSE.exe+3092640	add [rax], al)
	[RSP+398] 0x0                (size_t) [0]
	[RSP+3A0] 0x0                (size_t) [0]
	[RSP+3A8] 0x7FF917198668     (void* -> skee64.dll+01E8668	add [rax], al)
	[RSP+3B0] 0xA18DFF5D9        (void*)
	[RSP+3B8] 0x7FF916FBDC47     (void* -> skee64.dll+000DC47	mov rax, [0x00007FF9171946C8])
	[RSP+3C0] 0x171FF00B40A      (void*)
	[RSP+3C8] 0xA18DFF5E0        (std::_Func_impl_no_alloc<`MorphCache::UpdateMorphs'::`2'::<lambda_1>,void,bool,unsigned long,NiNode *,TESForm *,TESForm *,NiAVObject *>*)
	[RSP+3D0] 0x0                (size_t) [0]
	[RSP+3D8] 0x17100000002      (void*)
	[RSP+3E0] 0x0                (size_t) [0]
	[RSP+3E8] 0x0                (size_t) [0]
	[RSP+3F0] 0x7FF917198668     (void* -> skee64.dll+01E8668	add [rax], al)
	[RSP+3F8] 0xA18DFF648        (void*)
	[RSP+400] 0xA18DFF640        (void*)
	[RSP+408] 0x7FF9170F56C0     (void* -> skee64.dll+01456C0	test eax, eax)
	[RSP+410] 0x7FF91712F808     (void* -> skee64.dll+017F808	xor ah, cl)
	[RSP+418] 0x7FF917198668     (void* -> skee64.dll+01E8668	add [rax], al)
	[RSP+420] 0xA18DFF648        (void*)
	[RSP+428] 0xA18DFF640        (void*)
	[RSP+430] 0x17195379A50      (char*) "C:/Modding/MO2/usvfs_x64.dll"
	[RSP+438] 0x7FF916FBDDDA     (void* -> skee64.dll+000DDDA	mov rbx, [rsp+0x30])
	[RSP+440] 0x7FF74F4D2644     (void* -> SkyrimSE.exe+3092644	add [rax], al)
	[RSP+448] 0xA18DFF5E0        (std::_Func_impl_no_alloc<`MorphCache::UpdateMorphs'::`2'::<lambda_1>,void,bool,unsigned long,NiNode *,TESForm *,TESForm *,NiAVObject *>*)
	[RSP+450] 0x7FF74F4D2640     (void* -> SkyrimSE.exe+3092640	add [rax], al)
	[RSP+458] 0x1718B7A98A0      (NIOVTaskUpdateModelWeight*)
	[RSP+460] 0x0                (size_t) [0]
	[RSP+468] 0x7FF95522892F     (void* -> skse64_1_6_640.dll+001892F	mov rax, [rbx])
	[RSP+470] 0x17195379A00      (char*) "07_YokeWood01"
	[RSP+478] 0x16F1BA23400      (Character*)
		Flags: 0x00540548 
		Name: "Mariam"
		FormID: 0xFF00B40A
		FormType: ActorCharacter (62)
		Object Reference: 
		File: "NPC Improvements.esp"
		Modified by: YurianaWench.esp -> Buxom Tweaks.esp -> NPC Improvements.esp
		Flags: 0x00400009 kDestructible | kInitialized
		Name: "Mariam"
		EditorID: "YW_BuxomWench_ZZ_SubjugatedW14_extraFguard_archer"
		FormID: 0x196DEC6B
		FormType: NPC (43)
		Flags: 0x00540548 kInitialized | kBorderRegion | kMustUpdate
		FormID: 0xFF00B40A
		FormType: ActorCharacter (62)
	[RSP+480] 0x1718B7A98A0      (NIOVTaskUpdateModelWeight*)
	[RSP+488] 0x0                (size_t) [0]
	[RSP+490] 0x7FF74F4D3BD0     (void* -> SkyrimSE.exe+3093BD0	add [rbx+0x16E4E49], ch)
	[RSP+498] 0x7FF74CA2DD91     (void* -> SkyrimSE.exe+05EDD91	mov rcx, [0x00007FF74F413990])
	[RSP+4A0] 0x16E4E49AB00      (void*)
	[RSP+4A8] 0x0                (size_t) [0]
	[RSP+4B0] 0x7FF74F4D3BD0     (void* -> SkyrimSE.exe+3093BD0	add [rbx+0x16E4E49], ch)
	[RSP+4B8] 0x0                (size_t) [0]
	[RSP+4C0] 0x0                (size_t) [0]
	[RSP+4C8] 0x7FF74CAB976F     (void* -> SkyrimSE.exe+067976F	nop)
	[RSP+4D0] 0x7FF74F4D3BD0     (void* -> SkyrimSE.exe+3093BD0	add [rbx+0x16E4E49], ch)
	[RSP+4D8] 0x7FF74CB5C7B4     (void* -> SkyrimSE.exe+071C7B4	add rsp, 0x28)
	[RSP+4E0] 0x7FF700000000     (size_t) [140698833649664]
	[RSP+4E8] 0x2188             (size_t) [8584]
	[RSP+4F0] 0xFFFFFFFFFFFFFFFE (size_t) [uint: 18446744073709551614 int: -2]
	[RSP+4F8] 0x0                (size_t) [0]
	[RSP+500] 0x16E4E49AB00      (void*)
	[RSP+508] 0x7FF74D0AC628     (void* -> SkyrimSE.exe+0C6C628	mov ecx, [rbx+0x0C])
	[RSP+510] 0x7FF74F4D3BD0     (void* -> SkyrimSE.exe+3093BD0	add [rbx+0x16E4E49], ch)
	[RSP+518] 0x7FF74F4D3B00     (char*) "6"
	[RSP+520] 0x200000000000     (size_t) [35184372088832]
	[RSP+528] 0x0                (size_t) [0]
	[RSP+530] 0x0                (size_t) [0]
	[RSP+538] 0x7FF74F4D3B80     (BSJobs::JobThread*)
	[RSP+540] 0x7FF74F4D3B80     (BSJobs::JobThread*)
	[RSP+548] 0x16E4E49AB00      (void*)
	[RSP+550] 0x7FF74F4E8600     (void* -> SkyrimSE.exe+30A8600	insd)
	[RSP+558] 0x7FF74D0ACBF1     (void* -> SkyrimSE.exe+0C6CBF1	mov r15d, eax)
	[RSP+560] 0x0                (size_t) [0]
	[RSP+568] 0x0                (size_t) [0]
	[RSP+570] 0x0                (size_t) [0]
	[RSP+578] 0x7FF987965D19     (void* -> EngineFixes.dll+0015D19	cmp dword ptr [0x00007FF987A25DE8], 0xFFFFFFFF)
	[RSP+580] 0x16E4E49AB00      (void*)
	[RSP+588] 0x0                (size_t) [0]
	[RSP+590] 0x8DC61FE58088     (size_t) [155882078175368]
	[RSP+598] 0x7FF74E396F80     (void* -> SkyrimSE.exe+1F56F80	add [rax], al)
	[RSP+5A0] 0x16E4E49ACC0      (void*)
	[RSP+5A8] 0x300000010        (size_t) [12884901904]
	[RSP+5B0] 0x7FF700000000     (size_t) [140698833649664]
	[RSP+5B8] 0x16E4E49ACC0      (void*)
	[RSP+5C0] 0x48               (size_t) [72]
	[RSP+5C8] 0x7FF700000001     (size_t) [140698833649665]
	[RSP+5D0] 0x0                (size_t) [0]
	[RSP+5D8] 0x0                (size_t) [0]
	[RSP+5E0] 0x0                (size_t) [0]
	[RSP+5E8] 0x0                (size_t) [0]
	[RSP+5F0] 0x0                (size_t) [0]
	[RSP+5F8] 0x0                (size_t) [0]
	[RSP+600] 0x0                (size_t) [0]
	[RSP+608] 0x0                (size_t) [0]
	[RSP+610] 0x0                (size_t) [0]
	[RSP+618] 0x0                (size_t) [0]
	[RSP+620] 0x7FF74F4D3B80     (BSJobs::JobThread*)
	[RSP+628] 0x7FF74D0AAF7A     (void* -> SkyrimSE.exe+0C6AF7A	movzx eax, byte ptr [rbx+0xA74])
	[RSP+630] 0x7FF74F4D3B01     (void* -> SkyrimSE.exe+3093B01	add [rax], al)
	[RSP+638] 0x0                (size_t) [0]
	[RSP+640] 0x0                (size_t) [0]
	[RSP+648] 0x428              (size_t) [1064]
	[RSP+650] 0x7FF74F4D3B80     (BSJobs::JobThread*)
	[RSP+658] 0x7FF74D085E4D     (void* -> SkyrimSE.exe+0C45E4D	mov rcx, [0x00007FF74F446898])
	[RSP+660] 0x7FF74F4468F0     (void* -> SkyrimSE.exe+30068F0	add [rax], al)
	[RSP+668] 0x7FF74F4D3B80     (BSJobs::JobThread*)
	[RSP+670] 0x0                (size_t) [0]
	[RSP+678] 0x0                (size_t) [0]
	[RSP+680] 0x7FF74F4D3B80     (BSJobs::JobThread*)
	[RSP+688] 0x0                (size_t) [0]
	[RSP+690] 0x0                (size_t) [0]
	[RSP+698] 0x7FFA3939257D     (void* -> KERNEL32.DLL+001257D	mov ecx, eax)
	[RSP+6A0] 0x0                (size_t) [0]
	[RSP+6A8] 0x0                (size_t) [0]
	[RSP+6B0] 0x0                (size_t) [0]
	[RSP+6B8] 0x0                (size_t) [0]
	[RSP+6C0] 0x0                (size_t) [0]
	[RSP+6C8] 0x7FFA3962AA58     (void* -> ntdll.dll+005AA58	jmp 0x00007FFA3962AA79)
	[RSP+6D0] 0x0                (size_t) [0]
	[RSP+6D8] 0x0                (size_t) [0]
	[RSP+6E0] 0x0                (size_t) [0]
	[RSP+6E8] 0x0                (size_t) [0]
	[RSP+6F0] 0x0                (size_t) [0]
	[RSP+6F8] 0x0                (size_t) [0]
	[RSP+700] 0xC6742BB400000000 (size_t) [uint: 14300102768902275072 int: -4146641304807276544]
	[RSP+708] 0x0                (size_t) [0]
	[RSP+710] 0x4F0FFFFFB30      (size_t) [5433133628208]
	[RSP+718] 0x7FFA36A9C720     (void* -> KERNELBASE.dll+015C720	mov [rsp+0x10], rbx)
	[RSP+720] 0xA18DFDCC0        (void*)
	[RSP+728] 0x7FFAF0DDEC94000  (size_t) [576371751433879552]
	[RSP+730] 0x7FFAF0DDEC94     (size_t) [140715759627412]
	[RSP+738] 0xA18DFDCC0        (void*)
	[RSP+740] 0x0                (size_t) [0]
	[RSP+748] 0x0                (size_t) [0]
	[RSP+750] 0x0                (size_t) [0]
	[RSP+758] 0x0                (size_t) [0]
	[RSP+760] 0x0                (size_t) [0]
	[RSP+768] 0x0                (size_t) [0]
	[RSP+770] 0x0                (size_t) [0]
	[RSP+778] 0x0                (size_t) [0]
	[RSP+780] 0x0                (size_t) [0]
	[RSP+788] 0x0                (size_t) [0]
	[RSP+790] 0x0                (size_t) [0]
	[RSP+798] 0x0                (size_t) [0]
	[RSP+7A0] 0x0                (size_t) [0]
	[RSP+7A8] 0x0                (size_t) [0]
	[RSP+7B0] 0x0                (size_t) [0]
	[RSP+7B8] 0x0                (size_t) [0]
	[RSP+7C0] 0x0                (size_t) [0]
	[RSP+7C8] 0x0                (size_t) [0]
	[RSP+7D0] 0x0                (size_t) [0]
	[RSP+7D8] 0x0                (size_t) [0]
	[RSP+7E0] 0x0                (size_t) [0]
	[RSP+7E8] 0x0                (size_t) [0]
	[RSP+7F0] 0x0                (size_t) [0]
	[RSP+7F8] 0x0                (size_t) [0]
	[RSP+800] 0x0                (size_t) [0]
	[RSP+808] 0x0                (size_t) [0]
	[RSP+810] 0x0                (size_t) [0]
	[RSP+818] 0x0                (size_t) [0]
	[RSP+820] 0x0                (size_t) [0]
	[RSP+828] 0x0                (size_t) [0]
	[RSP+830] 0x0                (size_t) [0]
	[RSP+838] 0x0                (size_t) [0]
	[RSP+840] 0x0                (size_t) [0]
	[RSP+848] 0x0                (size_t) [0]
	[RSP+850] 0x0                (size_t) [0]
	[RSP+858] 0x0                (size_t) [0]
	[RSP+860] 0x0                (size_t) [0]
	[RSP+868] 0x0                (size_t) [0]
	[RSP+870] 0x0                (size_t) [0]
	[RSP+878] 0x0                (size_t) [0]
	[RSP+880] 0x0                (size_t) [0]
	[RSP+888] 0x0                (size_t) [0]
	[RSP+890] 0x0                (size_t) [0]
	[RSP+898] 0x0                (size_t) [0]
	[RSP+8A0] 0x0                (size_t) [0]
	[RSP+8A8] 0x0                (size_t) [0]
	[RSP+8B0] 0x0                (size_t) [0]
	[RSP+8B8] 0x0                (size_t) [0]
	[RSP+8C0] 0x0                (size_t) [0]
	[RSP+8C8] 0x0                (size_t) [0]
	[RSP+8D0] 0x0                (size_t) [0]
	[RSP+8D8] 0x0                (size_t) [0]
	[RSP+8E0] 0x0                (size_t) [0]
	[RSP+8E8] 0x0                (size_t) [0]
	[RSP+8F0] 0x0                (size_t) [0]
	[RSP+8F8] 0x0                (size_t) [0]
	[RSP+900] 0x0                (size_t) [0]
	[RSP+908] 0x0                (size_t) [0]
	[RSP+910] 0x0                (size_t) [0]
	[RSP+918] 0x0                (size_t) [0]
	[RSP+920] 0x0                (size_t) [0]
	[RSP+928] 0x0                (size_t) [0]
	[RSP+930] 0x0                (size_t) [0]
	[RSP+938] 0x0                (size_t) [0]
	[RSP+940] 0x0                (size_t) [0]
	[RSP+948] 0x0                (size_t) [0]
	[RSP+950] 0x0                (size_t) [0]
	[RSP+958] 0x0                (size_t) [0]
	[RSP+960] 0x0                (size_t) [0]
	[RSP+968] 0x0                (size_t) [0]
	[RSP+970] 0x0                (size_t) [0]
	[RSP+978] 0x0                (size_t) [0]
	[RSP+980] 0x0                (size_t) [0]
	[RSP+988] 0x0                (size_t) [0]
	[RSP+990] 0x0                (size_t) [0]
	[RSP+998] 0x0                (size_t) [0]
	[RSP+9A0] 0x0                (size_t) [0]
	[RSP+9A8] 0x0                (size_t) [0]
	[RSP+9B0] 0x0                (size_t) [0]
	[RSP+9B8] 0x0                (size_t) [0]
	[RSP+9C0] 0x0                (size_t) [0]
	[RSP+9C8] 0x0                (size_t) [0]
	[RSP+9D0] 0x0                (size_t) [0]
	[RSP+9D8] 0x0                (size_t) [0]
	[RSP+9E0] 0x0                (size_t) [0]
	[RSP+9E8] 0x0                (size_t) [0]
	[RSP+9F0] 0x0                (size_t) [0]
	[RSP+9F8] 0x0                (size_t) [0]
	[RSP+A00] 0x0                (size_t) [0]
	[RSP+A08] 0x0                (size_t) [0]
	[RSP+A10] 0x0                (size_t) [0]
	[RSP+A18] 0x0                (size_t) [0]
	[RSP+A20] 0x0                (size_t) [0]
	[RSP+A28] 0x0                (size_t) [0]
	[RSP+A30] 0x0                (size_t) [0]
	[RSP+A38] 0x0                (size_t) [0]
	[RSP+A40] 0x0                (size_t) [0]
	[RSP+A48] 0x0                (size_t) [0]
	[RSP+A50] 0x0                (size_t) [0]
	[RSP+A58] 0x0                (size_t) [0]
	[RSP+A60] 0x0                (size_t) [0]
	[RSP+A68] 0x0                (size_t) [0]
	[RSP+A70] 0x0                (size_t) [0]
	[RSP+A78] 0x0                (size_t) [0]
	[RSP+A80] 0x0                (size_t) [0]
	[RSP+A88] 0x0                (size_t) [0]
	[RSP+A90] 0x0                (size_t) [0]
	[RSP+A98] 0x0                (size_t) [0]
	[RSP+AA0] 0x0                (size_t) [0]
	[RSP+AA8] 0x0                (size_t) [0]
	[RSP+AB0] 0x0                (size_t) [0]
	[RSP+AB8] 0x0                (size_t) [0]
	[RSP+AC0] 0x0                (size_t) [0]
	[RSP+AC8] 0x0                (size_t) [0]
	[RSP+AD0] 0x0                (size_t) [0]
	[RSP+AD8] 0x0                (size_t) [0]
	[RSP+AE0] 0x0                (size_t) [0]
	[RSP+AE8] 0x0                (size_t) [0]
	[RSP+AF0] 0x0                (size_t) [0]
	[RSP+AF8] 0x0                (size_t) [0]
	[RSP+B00] 0x0                (size_t) [0]
	[RSP+B08] 0x0                (size_t) [0]
	[RSP+B10] 0x0                (size_t) [0]
	[RSP+B18] 0x0                (size_t) [0]
	[RSP+B20] 0x0                (size_t) [0]
	[RSP+B28] 0x0                (size_t) [0]
	[RSP+B30] 0x0                (size_t) [0]
	[RSP+B38] 0x0                (size_t) [0]
	[RSP+B40] 0x0                (size_t) [0]
	[RSP+B48] 0x0                (size_t) [0]
	[RSP+B50] 0x0                (size_t) [0]
	[RSP+B58] 0x0                (size_t) [0]
	[RSP+B60] 0x0                (size_t) [0]
	[RSP+B68] 0x0                (size_t) [0]
	[RSP+B70] 0x0                (size_t) [0]
	[RSP+B78] 0x0                (size_t) [0]
	[RSP+B80] 0x0                (size_t) [0]
	[RSP+B88] 0x0                (size_t) [0]
	[RSP+B90] 0x0                (size_t) [0]
	[RSP+B98] 0x0                (size_t) [0]
	[RSP+BA0] 0x0                (size_t) [0]
	[RSP+BA8] 0x0                (size_t) [0]
	[RSP+BB0] 0x0                (size_t) [0]
	[RSP+BB8] 0x0                (size_t) [0]
	[RSP+BC0] 0x0                (size_t) [0]
	[RSP+BC8] 0x0                (size_t) [0]
	[RSP+BD0] 0x0                (size_t) [0]
	[RSP+BD8] 0x0                (size_t) [0]
	[RSP+BE0] 0x0                (size_t) [0]
	[RSP+BE8] 0x0                (size_t) [0]
	[RSP+BF0] 0x0                (size_t) [0]
	[RSP+BF8] 0x0                (size_t) [0]
	[RSP+C00] 0x0                (size_t) [0]
	[RSP+C08] 0x0                (size_t) [0]
	[RSP+C10] 0x0                (size_t) [0]
	[RSP+C18] 0x0                (size_t) [0]
	[RSP+C20] 0x0                (size_t) [0]
	[RSP+C28] 0x0                (size_t) [0]
	[RSP+C30] 0x0                (size_t) [0]
	[RSP+C38] 0x0                (size_t) [0]
	[RSP+C40] 0x0                (size_t) [0]
	[RSP+C48] 0x0                (size_t) [0]
	[RSP+C50] 0x0                (size_t) [0]
	[RSP+C58] 0x0                (size_t) [0]
	[RSP+C60] 0x0                (size_t) [0]
	[RSP+C68] 0x0                (size_t) [0]
	[RSP+C70] 0x0                (size_t) [0]
	[RSP+C78] 0x0                (size_t) [0]
	[RSP+C80] 0x0                (size_t) [0]
	[RSP+C88] 0x0                (size_t) [0]
	[RSP+C90] 0x0                (size_t) [0]
	[RSP+C98] 0x0                (size_t) [0]
	[RSP+CA0] 0x0                (size_t) [0]
	[RSP+CA8] 0x0                (size_t) [0]
	[RSP+CB0] 0x0                (size_t) [0]
	[RSP+CB8] 0x0                (size_t) [0]
	[RSP+CC0] 0x0                (size_t) [0]
	[RSP+CC8] 0x0                (size_t) [0]
	[RSP+CD0] 0x0                (size_t) [0]
	[RSP+CD8] 0x0                (size_t) [0]
	[RSP+CE0] 0x0                (size_t) [0]
	[RSP+CE8] 0x0                (size_t) [0]
	[RSP+CF0] 0x0                (size_t) [0]
	[RSP+CF8] 0x0                (size_t) [0]
	[RSP+D00] 0x0                (size_t) [0]
	[RSP+D08] 0x0                (size_t) [0]
	[RSP+D10] 0x0                (size_t) [0]
	[RSP+D18] 0x0                (size_t) [0]
	[RSP+D20] 0x0                (size_t) [0]
	[RSP+D28] 0x0                (size_t) [0]
	[RSP+D30] 0x0                (size_t) [0]
	[RSP+D38] 0x0                (size_t) [0]
	[RSP+D40] 0x0                (size_t) [0]
	[RSP+D48] 0x0                (size_t) [0]
	[RSP+D50] 0x0                (size_t) [0]
	[RSP+D58] 0x0                (size_t) [0]
	[RSP+D60] 0x0                (size_t) [0]
	[RSP+D68] 0x0                (size_t) [0]
	[RSP+D70] 0x0                (size_t) [0]
	[RSP+D78] 0x0                (size_t) [0]
	[RSP+D80] 0x0                (size_t) [0]
	[RSP+D88] 0x0                (size_t) [0]
	[RSP+D90] 0x0                (size_t) [0]
	[RSP+D98] 0x0                (size_t) [0]
	[RSP+DA0] 0x0                (size_t) [0]
	[RSP+DA8] 0x0                (size_t) [0]
	[RSP+DB0] 0x0                (size_t) [0]
	[RSP+DB8] 0x0                (size_t) [0]
	[RSP+DC0] 0x0                (size_t) [0]
	[RSP+DC8] 0x0                (size_t) [0]
	[RSP+DD0] 0x0                (size_t) [0]
	[RSP+DD8] 0x0                (size_t) [0]
	[RSP+DE0] 0x0                (size_t) [0]
	[RSP+DE8] 0x0                (size_t) [0]
	[RSP+DF0] 0x0                (size_t) [0]
	[RSP+DF8] 0x0                (size_t) [0]
	[RSP+E00] 0x0                (size_t) [0]
	[RSP+E08] 0x0                (size_t) [0]
	[RSP+E10] 0x0                (size_t) [0]
	[RSP+E18] 0x0                (size_t) [0]
	[RSP+E20] 0x0                (size_t) [0]
	[RSP+E28] 0x0                (size_t) [0]

MODULES:
	XINPUT1_3.dll                                    0x000000400000
	steam_api64.dll                                  0x00005FD90000
	X3DAudio1_7.dll                                  0x00005FDD0000
	tbb.dll                                          0x000180000000
	ShadowBoost.dll                                  0x016D039F0000
	wintrust.dll                                     0x016D1F3B0000
	DSOUND.DLL                                       0x016D285C0000
	tbbmalloc.dll                                    0x016D4BD80000
	AHZmoreHUDPlugin.dll                             0x016D59530000
	PlayerPayCrimeGoldTweak.dll                      0x016D79680000
	SkyrimSE.exe                                     0x7FF74C440000
	NvCamera64.dll                                   0x7FF910A20000
	d3d11on12.dll                                    0x7FF9138D0000
	nvofapi64.dll                                    0x7FF913960000
	d3dcompiler_47_64.dll                            0x7FF913A10000
	XAudio2_7.dll                                    0x7FF914270000
	nvcuda.dll                                       0x7FF914680000
	vulkan-1.dll                                     0x7FF914A00000
	nvngx_dlssg.dll                                  0x7FF914B60000
	_nvngx.dll                                       0x7FF915F50000
	sl.dlss_g.dll                                    0x7FF9160F0000
	sl.common.dll                                    0x7FF9162D0000
	gameoverlayrenderer64.dll                        0x7FF916380000
	YesImSure.dll                                    0x7FF916510000
	WhoseQuestIsItAnyway.dll                         0x7FF9165A0000
	WhichKey-NG.dll                                  0x7FF916620000
	wheeler.dll                                      0x7FF9167B0000
	Weightless.dll                                   0x7FF9169A0000
	UnlimitedFastTravel.dll                          0x7FF916AC0000
	TrueHUD.dll                                      0x7FF916B30000
	TrueDirectionalMovement.dll                      0x7FF916BF0000
	TheNewGentleman.dll                              0x7FF916CC0000
	SureOfStealing.dll                               0x7FF916D40000
	SoundRecordDistributor.dll                       0x7FF916DB0000
	SoftShadows.dll                                  0x7FF916E90000
	SkillOfSneaking.dll                              0x7FF916F40000
	skee64.dll                                       0x7FF916FB0000
	SexLabUtil.dll                                   0x7FF917280000
	ScrambledBugs.dll                                0x7FF917350000
	ScaleformTranslationPP.dll                       0x7FF9173F0000
	RemoveAllItemsFix.dll                            0x7FF917460000
	RecursionFPSFix.dll                              0x7FF9174F0000
	ReadingIsBad.dll                                 0x7FF9175D0000
	QuickLootEE.dll                                  0x7FF917670000
	po3_UseOrTake.dll                                0x7FF917750000
	po3_Tweaks.dll                                   0x7FF917800000
	po3_SpellPerkItemDistributor.dll                 0x7FF9178D0000
	po3_SimpleOffenceSuppression.dll                 0x7FF917A40000
	po3_SimpleActivateSKSE.dll                       0x7FF917AE0000
	po3_SaveUnbaker.dll                              0x7FF917B90000
	po3_ReadOrTakeBooks.dll                          0x7FF917C30000
	po3_PapyrusExtender.dll                          0x7FF917CD0000
	po3_MoonMod.dll                                  0x7FF917F40000
	po3_MagicSneakAttacks.dll                        0x7FF918130000
	po3_KeywordItemDistributor.dll                   0x7FF9181E0000
	po3_EnhancedInvisibility.dll                     0x7FF918370000
	po3_ENBLightForEffectShaders.dll                 0x7FF918420000
	po3_DualCastingFix.dll                           0x7FF9184E0000
	po3_CraftingRecipeDistributor.dll                0x7FF918580000
	po3_ConsolePlusPlus.dll                          0x7FF918630000
	po3_BaseObjectSwapper.dll                        0x7FF9186E0000
	po3_AnimObjectSwapper.dll                        0x7FF918800000
	PapyrusUtil.dll                                  0x7FF9189A0000
	PapyrusTweaks.dll                                0x7FF918B10000
	PapyrusIniManipulator.dll                        0x7FF918C10000
	OpenAnimationReplacer.dll                        0x7FF918D00000
	PayloadInterpreter.dll                           0x7FF919F30000
	PAPER.dll                                        0x7FF919FA0000
	PairedAnimationImprovements.dll                  0x7FF91A020000
	OSLAroused.dll                                   0x7FF91A090000
	OpenAnimationReplacer-IEDConditionExtensions.dll 0x7FF91A180000
	OBody.dll                                        0x7FF91A2A0000
	NotificationFilter.dll                           0x7FF91A350000
	NoOppositeGenderAnims.dll                        0x7FF91A3C0000
	NoEnchantmentRestrictionRemake.dll               0x7FF91A4B0000
	MuSkeletonEditor.dll                             0x7FF91A560000
	MuJointFix.dll                                   0x7FF91A610000
	MoreInformativeConsole.dll                       0x7FF91A6B0000
	MenuMaid2.dll                                    0x7FF91A790000
	MCMHelper.dll                                    0x7FF91A8A0000
	hdtSMP64.dll                                     0x7FF91A980000
	libxess.dll                                      0x7FF91B1B0000
	nvngx_dlss.dll                                   0x7FF91C050000
	steamclient64.dll                                0x7FF91F1D0000
	PassiveWeaponEnchantmentRecharging.dll           0x7FF9218B0000
	loki_DynamicAnimationCasting.dll                 0x7FF921910000
	Completionist.dll                                0x7FF921AB0000
	NativeEditorIDFix.dll                            0x7FF921F30000
	JContainers64.dll                                0x7FF921FF0000
	NakedDeadNPCFix.dll                              0x7FF923890000
	LocationalEncounterZones.dll                     0x7FF923900000
	IWantWidgetsNative.dll                           0x7FF9239E0000
	ItemPropertyManipulator.dll                      0x7FF923B00000
	MumsTheWord.dll                                  0x7FF923D80000
	MapMarkerFramework.dll                           0x7FF9280B0000
	D3DCOMPILER_47.dll                               0x7FF928150000
	kxWhereAreYou.dll                                0x7FF928720000
	KiLoader.dll                                     0x7FF9293D0000
	KillCapsLockNG.dll                               0x7FF929720000
	InventoryInjector.dll                            0x7FF9297B0000
	InfinityUI.dll                                   0x7FF929850000
	ImWalkinHere.dll                                 0x7FF929A20000
	CrashLogger.dll                                  0x7FF929AF0000
	mfgfix.dll                                       0x7FF92B0F0000
	IdrinthBuffsWorkOnNPCs.dll                       0x7FF92B160000
	nvcuda64.dll                                     0x7FF938170000
	Experience.dll                                   0x7FF941230000
	dxgi.dll                                         0x7FF941410000
	HelpExtender.dll                                 0x7FF941950000
	HandToHand.dll                                   0x7FF9419F0000
	GrassSamplerFix.dll                              0x7FF941B40000
	FormListManipulator.dll                          0x7FF941CA0000
	dmenu.dll                                        0x7FF941FC0000
	ComprehensiveAttackSpeedPatch.dll                0x7FF9420D0000
	MaxsuCombatEscape.dll                            0x7FF947380000
	CompassNavigationOverhaul.dll                    0x7FF9473E0000
	CommunityShaders.dll                             0x7FF947570000
	Fuz Ro D'oh.dll                                  0x7FF94AE10000
	DescriptionFramework.dll                         0x7FF94AE80000
	FaceGenFixes.dll                                 0x7FF94E2D0000
	htfq_se.dll                                      0x7FF94EE80000
	vcheck_patcher_sse.dll                           0x7FF94EF00000
	EnemiesRespectEncounterZones.dll                 0x7FF94F260000
	CraftingCategories.dll                           0x7FF94F2E0000
	BetterThirdPersonSelection.dll                   0x7FF94F500000
	cbp.dll                                          0x7FF94F860000
	ContainerItemDistributor.dll                     0x7FF94FFD0000
	CCExtender.dll                                   0x7FF950640000
	HDLocalMap.dll                                   0x7FF951850000
	CaptureWarmer.dll                                0x7FF9518B0000
	BugFixesSSE.dll                                  0x7FF951950000
	KiLoaderSatelliteSKSE.dll                        0x7FF9519F0000
	BackportedESLSupport.dll                         0x7FF951A40000
	FixNotesForSkyUI.dll                             0x7FF951E30000
	Arcane-Disenchanter-NG.dll                       0x7FF951E90000
	ActorValueExtension.dll                          0x7FF951F90000
	encounter_zones_unlocked.dll                     0x7FF9523D0000
	ffx_fsr2_api_dx12_x64.dll                        0x7FF952430000
	AutoParallax.dll                                 0x7FF953030000
	AnimationMotionRevolution.dll                    0x7FF953860000
	SkyrimUpscaler.dll                               0x7FF9539D0000
	tier0_s64.dll                                    0x7FF953B20000
	skse64_1_6_640.dll                               0x7FF955210000
	AddItemMenuSE.dll                                0x7FF955EC0000
	DynamicCollisionAdjustment.dll                   0x7FF956280000
	WINHTTP.dll                                      0x7FF96C280000
	ActorLimitFix.dll                                0x7FF96C920000
	ConsoleUtilSSE.dll                               0x7FF96CA70000
	DeviousDevices.dll                               0x7FF96CCA0000
	dxilconv.dll                                     0x7FF96D960000
	SSEDisplayTweaks.dll                             0x7FF96DB10000
	AnimationQueueFix.dll                            0x7FF971580000
	sl.interposer.dll                                0x7FF9715F0000
	bink2w64.dll                                     0x7FF9864B0000
	fiss.dll                                         0x7FF987910000
	EngineFixes.dll                                  0x7FF987950000
	AHZmoreHUDInventory.dll                          0x7FF98AF40000
	vstdlib_s64.dll                                  0x7FF98B710000
	PDPerfPlugin.dll                                 0x7FF98B8B0000
	PrivateProfileRedirector.dll                     0x7FF98CD00000
	CONCRT140.dll                                    0x7FF99F490000
	sl.reflex.dll                                    0x7FF9A0710000
	SkyrimUncapper.dll                               0x7FF9A09F0000
	EVLaS.dll                                        0x7FF9A1330000
	D3DSCache.dll                                    0x7FF9A1CA0000
	DINPUT8.dll                                      0x7FF9A1DB0000
	D3D12Core.dll                                    0x7FF9A1E50000
	ResampleDmo.DLL                                  0x7FF9A23B0000
	d3d12.dll                                        0x7FF9A2520000
	usvfs_x64.dll                                    0x7FF9C5D70000
	BarterLimitFix.dll                               0x7FF9C70C0000
	XeFX.dll                                         0x7FF9C72C0000
	vmm-x64.dll                                      0x7FF9C7970000
	msdmo.dll                                        0x7FF9C7B30000
	XINPUT1_4.dll                                    0x7FF9D0D40000
	diskCacheEnabler.dll                             0x7FF9D3F60000
	nvspcap64.dll                                    0x7FF9E8880000
	d3dx9_42.dll                                     0x7FF9E9140000
	XINPUT9_1_0.dll                                  0x7FFA02910000
	MSVCP140_ATOMIC_WAIT.dll                         0x7FFA03E90000
	SMP-NPC crash fix.dll                            0x7FFA04CC0000
	UIAutomationCore.dll                             0x7FFA04E90000
	XeFX_Loader.dll                                  0x7FFA06040000
	ffx_fsr2_api_x64.dll                             0x7FFA06700000
	threadpoolwinrt.dll                              0x7FFA0A350000
	ondemandconnroutehelper.dll                      0x7FFA0A370000
	NvTelemetryBridge64.dll                          0x7FFA0F6B0000
	WININET.dll                                      0x7FFA11450000
	inputhost.dll                                    0x7FFA14BC0000
	dbgcore.DLL                                      0x7FFA16970000
	MessageBus.dll                                   0x7FFA17190000
	Windows.UI.dll                                   0x7FFA195B0000
	MpOav.dll                                        0x7FFA1B690000
	nvwgf2umx.dll                                    0x7FFA1BAF0000
	MessageBus.dll                                   0x7FFA20F10000
	MSVCP140.dll                                     0x7FFA218E0000
	VCRUNTIME140_1.dll                               0x7FFA21970000
	VCRUNTIME140.dll                                 0x7FFA21980000
	winmmbase.dll                                    0x7FFA219A0000
	wbemsvc.dll                                      0x7FFA21DE0000
	fastprox.dll                                     0x7FFA21E00000
	webio.dll                                        0x7FFA221B0000
	textinputframework.dll                           0x7FFA23F40000
	AUDIOSES.DLL                                     0x7FFA24390000
	nvgpucomp64.dll                                  0x7FFA253D0000
	nvapi64.dll                                      0x7FFA275D0000
	WINMM.dll                                        0x7FFA28030000
	wbemcomn.dll                                     0x7FFA28F30000
	wbemprox.dll                                     0x7FFA28FB0000
	srvcli.dll                                       0x7FFA295D0000
	ncryptsslp.dll                                   0x7FFA29630000
	iertutil.dll                                     0x7FFA296A0000
	SPINF.dll                                        0x7FFA29D90000
	NvTelemetryAPI64.dll                             0x7FFA2A070000
	COMCTL32.dll                                     0x7FFA2A110000
	OLEACC.dll                                       0x7FFA2A270000
	gdiplus.dll                                      0x7FFA2A630000
	MSIMG32.dll                                      0x7FFA2A7F0000
	MMDevApi.dll                                     0x7FFA2A870000
	urlmon.dll                                       0x7FFA2B100000
	nvldumdx.dll                                     0x7FFA2B790000
	DEVRTL.dll                                       0x7FFA2BC20000
	amsi.dll                                         0x7FFA2BDA0000
	twinapi.appcore.dll                              0x7FFA2C590000
	dbghelp.dll                                      0x7FFA2CF90000
	drvstore.dll                                     0x7FFA2DB10000
	cryptnet.dll                                     0x7FFA2DE80000
	VERSION.dll                                      0x7FFA2E1F0000
	CoreUIComponents.dll                             0x7FFA2EF40000
	avrt.dll                                         0x7FFA2F5E0000
	fwpuclnt.dll                                     0x7FFA2F820000
	directxdatabasehelper.dll                        0x7FFA2F970000
	dhcpcsvc.DLL                                     0x7FFA30460000
	WINHTTP.DLL                                      0x7FFA30770000
	dhcpcsvc6.DLL                                    0x7FFA308E0000
	rasadhlp.dll                                     0x7FFA30950000
	WindowsCodecs.dll                                0x7FFA310C0000
	d3d11.dll                                        0x7FFA31F40000
	dcomp.dll                                        0x7FFA32300000
	CoreMessaging.dll                                0x7FFA329D0000
	UxTheme.dll                                      0x7FFA33C60000
	dxgi.dll                                         0x7FFA33DF0000
	dwmapi.dll                                       0x7FFA33F00000
	WINNSI.DLL                                       0x7FFA34010000
	dxcore.dll                                       0x7FFA34050000
	resourcepolicyclient.dll                         0x7FFA343D0000
	wintypes.dll                                     0x7FFA346E0000
	windows.storage.dll                              0x7FFA34820000
	HID.DLL                                          0x7FFA35120000
	netutils.dll                                     0x7FFA353E0000
	IPHLPAPI.DLL                                     0x7FFA353F0000
	DNSAPI.dll                                       0x7FFA35460000
	UMPDC.dll                                        0x7FFA35730000
	POWRPROF.dll                                     0x7FFA35750000
	Secur32.dll                                      0x7FFA357C0000
	schannel.DLL                                     0x7FFA35840000
	rsaenh.dll                                       0x7FFA35950000
	kernel.appcore.dll                               0x7FFA359F0000
	ntmarta.dll                                      0x7FFA35A10000
	SSPICLI.DLL                                      0x7FFA35C50000
	MSWSOCK.dll                                      0x7FFA35E60000
	gpapi.dll                                        0x7FFA35ED0000
	USERENV.dll                                      0x7FFA35F00000
	wldp.dll                                         0x7FFA360E0000
	CRYPTBASE.DLL                                    0x7FFA36190000
	CRYPTSP.dll                                      0x7FFA361B0000
	NTASN1.dll                                       0x7FFA36260000
	ncrypt.dll                                       0x7FFA362A0000
	bcrypt.dll                                       0x7FFA362D0000
	MSASN1.dll                                       0x7FFA365E0000
	devobj.dll                                       0x7FFA36600000
	CFGMGR32.dll                                     0x7FFA36630000
	DPAPI.DLL                                        0x7FFA366A0000
	profapi.dll                                      0x7FFA36870000
	KERNELBASE.dll                                   0x7FFA36940000
	CRYPT32.dll                                      0x7FFA36CF0000
	msvcp_win.dll                                    0x7FFA36E60000
	gdi32full.dll                                    0x7FFA36F00000
	win32u.dll                                       0x7FFA370E0000
	bcryptPrimitives.dll                             0x7FFA37110000
	ucrtbase.dll                                     0x7FFA37190000
	imagehlp.dll                                     0x7FFA37320000
	IMM32.DLL                                        0x7FFA37340000
	WS2_32.dll                                       0x7FFA37380000
	SETUPAPI.dll                                     0x7FFA37410000
	msvcrt.dll                                       0x7FFA37890000
	RPCRT4.dll                                       0x7FFA37940000
	COMDLG32.dll                                     0x7FFA37A60000
	MSCTF.dll                                        0x7FFA37B60000
	SHELL32.dll                                      0x7FFA37DA0000
	NSI.dll                                          0x7FFA38600000
	ADVAPI32.dll                                     0x7FFA38610000
	PSAPI.DLL                                        0x7FFA386D0000
	clbcatq.dll                                      0x7FFA38760000
	SHLWAPI.dll                                      0x7FFA38810000
	USER32.dll                                       0x7FFA38A30000
	shcore.dll                                       0x7FFA38BE0000
	sechost.dll                                      0x7FFA38CE0000
	combase.dll                                      0x7FFA38D90000
	ole32.dll                                        0x7FFA39170000
	KERNEL32.DLL                                     0x7FFA39380000
	GDI32.dll                                        0x7FFA39450000
	OLEAUT32.dll                                     0x7FFA39490000
	ntdll.dll                                        0x7FFA395D0000

SKSE PLUGINS:
	ActorLimitFix.dll
	ActorValueExtension.dll v1.9.5.4
	AddItemMenuSE.dll
	AHZmoreHUDInventory.dll v2.1.2
	AHZmoreHUDPlugin.dll v5.2.2
	AnimationMotionRevolution.dll
	AnimationQueueFix.dll v1.0.1
	Arcane-Disenchanter-NG.dll v1.1
	AutoParallax.dll v1.0.7
	BackportedESLSupport.dll
	BarterLimitFix.dll
	BetterThirdPersonSelection.dll v1
	BugFixesSSE.dll
	CaptureWarmer.dll v1.1
	cbp.dll
	CCExtender.dll v1.11.0.1
	CommunityShaders.dll v0.7.3
	CompassNavigationOverhaul.dll
	Completionist.dll v3.2.2.6
	ComprehensiveAttackSpeedPatch.dll v1
	ConsoleUtilSSE.dll v1.4
	ContainerItemDistributor.dll v1.1.4
	CraftingCategories.dll v1.0.1
	CrashLogger.dll v1.11.1
	DescriptionFramework.dll
	DeviousDevices.dll
	diskCacheEnabler.dll
	dmenu.dll v1
	DynamicCollisionAdjustment.dll v1.1
	encounter_zones_unlocked.dll
	EnemiesRespectEncounterZones.dll v1.4.1
	EngineFixes.dll v6.1.1
	EVLaS.dll v1.3.1
	Experience.dll v3.2
	FaceGenFixes.dll v1.0.3
	fiss.dll
	FixNotesForSkyUI.dll v1.2.6
	FormListManipulator.dll v1.7
	Fuz Ro D'oh.dll v2.2.6.927
	GrassSamplerFix.dll v1.0.1
	HandToHand.dll v1
	HDLocalMap.dll v1.0.2
	hdtSMP64.dll
	HelpExtender.dll v1.2.1.1
	htfq_se.dll v2
	IdrinthBuffsWorkOnNPCs.dll v1
	ImWalkinHere.dll v1.7
	InfinityUI.dll
	InventoryInjector.dll v1.0.2
	ItemPropertyManipulator.dll v0.5.1
	IWantWidgetsNative.dll
	JContainers64.dll v4.2.3
	KillCapsLockNG.dll v1
	KiLoaderSatelliteSKSE.dll v1.2
	kxWhereAreYou.dll
	LocationalEncounterZones.dll v1.0.2
	loki_DynamicAnimationCasting.dll v3.2.3
	MapMarkerFramework.dll v2.2
	MaxsuCombatEscape.dll v1
	MCMHelper.dll v1.4
	MenuMaid2.dll v2.2.2
	mfgfix.dll v1.6.1
	MoreInformativeConsole.dll v1.1
	MuJointFix.dll v2.0.17
	MumsTheWord.dll v2.1
	MuSkeletonEditor.dll v0.4.3
	NakedDeadNPCFix.dll v1.0.6
	NativeEditorIDFix.dll v1.1
	NoEnchantmentRestrictionRemake.dll v3.0.1
	NoOppositeGenderAnims.dll v1.1
	NotificationFilter.dll v1.2.1
	OBody.dll v1
	OpenAnimationReplacer-IEDConditionExtensions.dll v1.0.2
	OpenAnimationReplacer.dll v2.0.2
	OSLAroused.dll v2.3
	PairedAnimationImprovements.dll v1.0.1
	PAPER.dll v2.2.4
	PapyrusIniManipulator.dll v1.9.3
	PapyrusTweaks.dll v4.1
	PapyrusUtil.dll
	PassiveWeaponEnchantmentRecharging.dll v1
	PayloadInterpreter.dll v1
	PlayerPayCrimeGoldTweak.dll v1.0.6
	po3_AnimObjectSwapper.dll v1.1.0.1
	po3_BaseObjectSwapper.dll v2.6.1.1
	po3_ConsolePlusPlus.dll v1.4.0.1
	po3_CraftingRecipeDistributor.dll v2.1.0.1
	po3_DualCastingFix.dll v1.0.0.1
	po3_ENBLightForEffectShaders.dll v2.1.0.1
	po3_EnhancedInvisibility.dll v1.3.0.1
	po3_KeywordItemDistributor.dll v3.0.4.1
	po3_MagicSneakAttacks.dll v1.2.0.1
	po3_MoonMod.dll v2.0.2.1
	po3_PapyrusExtender.dll v5.6.1.1
	po3_ReadOrTakeBooks.dll v1.3.0.1
	po3_SaveUnbaker.dll v1.0.3.1
	po3_SimpleActivateSKSE.dll v1.4.1.1
	po3_SimpleOffenceSuppression.dll v2.2.1.1
	po3_SpellPerkItemDistributor.dll v6.7.5.1
	po3_Tweaks.dll v1.8.1.1
	po3_UseOrTake.dll v1.2.0.1
	PrivateProfileRedirector.dll
	QuickLootEE.dll v1.1
	ReadingIsBad.dll v1.0.12
	RecursionFPSFix.dll v1.1
	RemoveAllItemsFix.dll v1.1
	ScaleformTranslationPP.dll v1.6
	ScrambledBugs.dll
	SexLabUtil.dll
	ShadowBoost.dll
	skee64.dll
	SkillOfSneaking.dll v1.1
	SkyrimUncapper.dll
	SkyrimUpscaler.dll v1
	SMP-NPC crash fix.dll
	SoftShadows.dll v2
	SoundRecordDistributor.dll v1.2
	SSEDisplayTweaks.dll v0.5.12
	SureOfStealing.dll v1.1.3
	TheNewGentleman.dll v0.7.2
	TrueDirectionalMovement.dll v2.2.5
	TrueHUD.dll v1.1.8
	UnlimitedFastTravel.dll v1.5.3
	vcheck_patcher_sse.dll
	Weightless.dll v1
	wheeler.dll v1
	WhichKey-NG.dll v1.1
	WhoseQuestIsItAnyway.dll v1.5
	YesImSure.dll v1.7

PLUGINS:
	Light: 168	Regular: 175	Total: 343
	[ 0]     Skyrim.esm
	[ 1]     Update.esm
	[ 2]     Dawnguard.esm
	[ 3]     HearthFires.esm
	[ 4]     Dragonborn.esm
	[ 5]     ccasvsse001-almsivi.esm
	[ 6]     ccBGSSSE001-Fish.esm
	[ 7]     cctwbsse001-puzzledungeon.esm
	[ 8]     ccbgssse016-umbra.esm
	[ 9]     ccbgssse031-advcyrus.esm
	[ A]     ccbgssse067-daedinv.esm
	[ B]     ccBGSSSE025-AdvDSGS.esm
	[ C]     cceejsse005-cave.esm
	[ D]     ccafdsse001-dwesanctuary.esm
	[ E]     Unofficial Skyrim Special Edition Patch.esp
	[ F]     Unofficial Skyrim Modders Patch.esp
	[10]     SkyUI_SE.esp
	[11]     DLCIntegration.esp
	[12]     BSAssets.esm
	[13]     BSHeartland.esm
	[14]     BS_DLC_patch.esp
	[15]     summersetisles.esp
	[16]     SummersetFixes.esp
	[17]     CollegeOfWinterholdImmersive.esp
	[18]     IcyFixes.esm
	[19]     YurianaWench.esp
	[1A]     Water for ENB.esm
	[1B]     Falskaar.esm
	[1C]     Better Vampire NPCs.esp
	[1D]     Lonewolf's Manor.esp
	[1E]     arnima.esm
	[1F]     Bruma - Better Defendable.esp
	[20]     BBLuxurySuite.esm
	[21]     SolsticeCastle.esp
	[22]     myrwatchhomefixer.esp
	[23]     SkyfallEstateRevampedMain.esp
	[24]     ZaZAnimationPack.esm
	[25]     paradise_halls.esm
	[26]     SexLab.esm
	[27]     Heels Sound.esm
	[28]     Sapphire Castle.esp
	[29]     ApachiiHair.esm
	[2A]     Devious Devices - Assets.esm
	[2B]     Wyrmstooth.esp
	[2C]     ITortureFramework.esm
	[2D]     FISS.esp
	[2E]     SexLabAroused.esm
	[2F]     SGEyebrows.esp
	[30]     Skyrim - Utility Mod.esm
	[31]     Smooth Weapon.esm
	[32]     wraithguardvaultfixer.esp
	[33]     Devious Devices - Integration.esm
	[34]     Devious Devices - Expansion.esm
	[35]     Devious Devices - Contraptions.esm
	[36]     High Poly Head.esm
	[37]     Lux.esp
	[38]     Lux Via.esp
	[39]     DynDOLOD.esm
	[3A]     Audio Overhaul Skyrim.esp
	[3B]     Immersive Sounds - Compendium.esp
	[3C]     Obsidian Weathers.esp
	[3D]     TrueStormsSE.esp
	[3E]     SMIM-SE-Merged-All.esp
	[3F]     Thaumaturgy.esp
	[40]     Weapons Armor Clothing & Clutter Fixes.esp
	[41]     Relationship Dialogue Overhaul.esp
	[42]     Castle Volkihar Rebuilt.esp
	[43]     OCW_Obscure's_CollegeofWinterhold.esp
	[44]     Landscape Fixes For Grass Mods.esp
	[45]     paradise_halls_SLExtension.esp
	[46]     MysticismMagic.esp
	[47]     Book Covers Skyrim.esp
	[48]     Bandit War.esp
	[49]     Adamant.esp
	[4A]     SeranaDialogAddon.esp
	[4B]     Book of UUNP Iron And Steel.esp
	[4C]     WACCF_Armor and Clothing Extension.esp
	[4D]     HearthfireMultiKid.esp
	[4E]     Embers XD.esp
	[4F]     NewArmoury.esp
	[50]     CFTO.esp
	[51]     Lit Road Signs.esp
	[52]     Mists of Tamriel.esp
	[53]     PrvtI_HeavyArmory.esp
	[54]     Wheres Your Smelter.esp
	[55]     PAH_HomeSweetHome.esp
	[56]     Animated Armoury - Enchantments.esp
	[57]     HandtoHand.esp
	[58]     PAH_AndYouGetASlave.esp
	[59]     Triple Triad Skyrim.esp
	[5A]     pahe_lakeview_manor_cell.esp
	[5B]     The Amazing World of Bikini Armors REMASTERED.esp
	[5C]     TheWulfPanda - City Teleport Spells.esp
	[5D]     ThaneFailSafe.esp
	[5E]     paradise_halls_fellglow_slave_camp.esp
	[5F]     TheWulfPanda - Faction Teleport Spells.esp
	[60]     DiaryOfMine.esp
	[61]     TheWulfPanda - Teleport Spells Towns and Villages.esp
	[62]     TakeMeHome-SolsticeCastle.esp
	[63]     Ritual - Unofficial Mysticism Addon.esp
	[64]     My Home Is Your Home.esp
	[65]     Apocalypse - Magic of Skyrim.esp
	[66]     Resurrect.esp
	[67]     Mining For Mages Redux.esp
	[68]     HQEyes-2k.esp
	[69]     Faction Crossbows.esp
	[6A]     KS Hairdo's.esp
	[6B]     UIExtensions.esp
	[6C]     Take All Loose Gold and Arrows.esp
	[6D]     ShowRaceMenuAlternative.esp
	[6E]     FixVampireLord - Revert Form.esp
	[6F]     ENB Light.esp
	[70]     Dress Up Lovers.esp
	[71]     AllEnchantmentsUnlocked.esp
	[72]     AHZmoreHUD.esp
	[73]     Teach Followers Spells.esp
	[74]     AdamantSmithing.esp
	[75]     NPC Death Alerts.esp
	[76]     ArenaHarderSpawns.esp
	[77]     Cathedral - 3D Pine Grass.esp
	[78]     nwsFollowerFramework.esp
	[79]     DGPlayerIsVampire.esp
	[7A]     Daily-Wear.esp
	[7B]     XPMSE.esp
	[7C]     BDE_Armor.esp
	[7D]     CandlelightRogue Bruma NPCs.esp
	[7E]     arnimanpcedit.esp
	[7F]     Emfy Cleric Robes.esp
	[80]     SLAnimLoader.esp
	[81]     SLALAnimObjBillyy.esp
	[82]     Pahe_Dwarven_Devious_suits.esp
	[83]     Devious Devices - Equip.esp
	[84]     AnubAnimObj.esp
	[85]     Crimson Blood Armor.esp
	[86]     AncientDraugr.esp
	[87]     WildHuntress.esp
	[88]     Tembtra Thief Armor.esp
	[89]     Stella Mithril Armor.esp
	[8A]     Spartan Bard Outfit.esp
	[8B]     Sotteta Necromancer Outfit.esp
	[8C]     Sotteta Huntress Armor.esp
	[8D]     Merta Black Rose Armor.esp
	[8E]     Merta Assassin Armor.esp
	[8F]     Gwelda Witch.esp
	[90]     Gwelda Vampire.esp
	[91]     Gwelda Red Riding Hood.esp
	[92]     Gwelda Dawnguard Armor.esp
	[93]     DX Witcher Armor.esp
	[94]     DX Witch Hunter Armor.esp
	[95]     DX Succubus Armor.esp
	[96]     DX Morenn Outfit.esp
	[97]     DX Druid Armor.esp
	[98]     DX Daughter of the Sea.esp
	[99]     DX Christmas Bunny Outfit.esp
	[9A]     Demon Armor.esp
	[9B]     Daedric Reaper Armor.esp
	[9C]     Celes Tarot Outfit Cloth UNP.esp
	[9D]     Celes Rogue Armor UNP.esp
	[9E]     Celes Nightingale Armor.esp
	[9F]     Celes Mercy.esp
	[A0]     Cassandra Frost Witch.esp
	[A1]     Cassandra Apocrypha UNP.esp
	[A2]     Black Widow Outfit.esp
	[A3]     DoMHSH.esp
	[A4]     Fashions of the Banditry.esp
	[A5]     Better Vampires.esp
	[A6]     Better Vampire Lords.esp
	[A7]     Alternate Start - Live Another Life.esp
	[A8]     Pahe_AltStartLAL.esp
	[A9]     BBLS-ASLAL.esp
	[AA]     Water for ENB (Shades of Skyrim).esp
	[AB]     BBLS_SKSE64_Patch.esp
	[AC]     BBLuxurySuiteENM.esp
	[AD]     Buxom Tweaks.esp
	[AE]     DynDOLOD.esp
	[FE:  0] ccbgssse002-exoticarrows.esl
	[FE:  1] ccbgssse003-zombies.esl
	[FE:  2] ccbgssse004-ruinsedge.esl
	[FE:  3] ccbgssse005-goldbrand.esl
	[FE:  4] ccbgssse006-stendarshammer.esl
	[FE:  5] ccbgssse007-chrysamere.esl
	[FE:  6] ccbgssse010-petdwarvenarmoredmudcrab.esl
	[FE:  7] ccbgssse011-hrsarmrelvn.esl
	[FE:  8] ccbgssse012-hrsarmrstl.esl
	[FE:  9] ccbgssse014-spellpack01.esl
	[FE:  A] ccbgssse019-staffofsheogorath.esl
	[FE:  B] ccbgssse020-graycowl.esl
	[FE:  C] ccbgssse021-lordsmail.esl
	[FE:  D] ccmtysse001-knightsofthenine.esl
	[FE:  E] ccQDRSSE001-SurvivalMode.esl
	[FE:  F] ccqdrsse002-firewood.esl
	[FE: 10] ccbgssse018-shadowrend.esl
	[FE: 11] ccbgssse035-petnhound.esl
	[FE: 12] ccfsvsse001-backpacks.esl
	[FE: 13] cceejsse002-tower.esl
	[FE: 14] ccedhsse001-norjewel.esl
	[FE: 15] ccvsvsse002-pets.esl
	[FE: 16] ccBGSSSE037-Curios.esl
	[FE: 17] ccbgssse034-mntuni.esl
	[FE: 18] ccbgssse045-hasedoki.esl
	[FE: 19] ccbgssse008-wraithguard.esl
	[FE: 1A] ccbgssse036-petbwolf.esl
	[FE: 1B] ccffbsse001-imperialdragon.esl
	[FE: 1C] ccmtysse002-ve.esl
	[FE: 1D] ccbgssse043-crosselv.esl
	[FE: 1E] ccvsvsse001-winter.esl
	[FE: 1F] cceejsse003-hollow.esl
	[FE: 20] ccbgssse038-bowofshadows.esl
	[FE: 21] ccbgssse040-advobgobs.esl
	[FE: 22] ccbgssse050-ba_daedric.esl
	[FE: 23] ccbgssse052-ba_iron.esl
	[FE: 24] ccbgssse054-ba_orcish.esl
	[FE: 25] ccbgssse058-ba_steel.esl
	[FE: 26] ccbgssse059-ba_dragonplate.esl
	[FE: 27] ccbgssse061-ba_dwarven.esl
	[FE: 28] ccpewsse002-armsofchaos.esl
	[FE: 29] ccbgssse041-netchleather.esl
	[FE: 2A] ccedhsse002-splkntset.esl
	[FE: 2B] ccbgssse064-ba_elven.esl
	[FE: 2C] ccbgssse063-ba_ebony.esl
	[FE: 2D] ccbgssse062-ba_dwarvenmail.esl
	[FE: 2E] ccbgssse060-ba_dragonscale.esl
	[FE: 2F] ccbgssse056-ba_silver.esl
	[FE: 30] ccbgssse055-ba_orcishscaled.esl
	[FE: 31] ccbgssse053-ba_leather.esl
	[FE: 32] ccbgssse051-ba_daedricmail.esl
	[FE: 33] ccbgssse057-ba_stalhrim.esl
	[FE: 34] ccbgssse066-staves.esl
	[FE: 35] ccbgssse068-bloodfall.esl
	[FE: 36] ccbgssse069-contest.esl
	[FE: 37] ccvsvsse003-necroarts.esl
	[FE: 38] ccvsvsse004-beafarmer.esl
	[FE: 39] ccffbsse002-crossbowpack.esl
	[FE: 3A] ccbgssse013-dawnfang.esl
	[FE: 3B] ccrmssse001-necrohouse.esl
	[FE: 3C] ccedhsse003-redguard.esl
	[FE: 3D] cceejsse004-hall.esl
	[FE: 3E] cckrtsse001_altar.esl
	[FE: 3F] cccbhsse001-gaunt.esl
	[FE: 40] Cleaned Skyrim SE Textures.esp
	[FE: 41] ATU 2x.esp
	[FE: 42] ATU 2x0.esp
	[FE: 43] ATU 2x1.esp
	[FE: 44] ATU 2x2.esp
	[FE: 45] ATU 2x3.esp
	[FE: 46] ATU 2x4.esp
	[FE: 47] Unofficial Silver Armor Patch.esl
	[FE: 48] Unofficial Shadowrend Patch.esl
	[FE: 49] Unofficial Shadowfoot Sanctum Patch.esl
	[FE: 4A] Unofficial Saturalia Holiday Pack Patch.esl
	[FE: 4B] Unofficial Ruin's Edge Patch.esl
	[FE: 4C] Unofficial Redguard Elite Armaments Patch.esl
	[FE: 4D] Unofficial Plague of the Dead Patch.esl
	[FE: 4E] Unofficial Pets of Skyrim Patch.esl
	[FE: 4F] Unofficial Orcish Scaled Armor Patch.esl
	[FE: 50] Unofficial Orcish Plate Armor Patch.esl
	[FE: 51] Unofficial Nordic Jewelry Patch.esl
	[FE: 52] Unofficial Nix-Hound Patch.esl
	[FE: 53] Unofficial Netch Leather Armors Patch.esl
	[FE: 54] Unofficial Necromantic Grimoire Patch.esl
	[FE: 55] Unofficial Farming Patch.esl
	[FE: 56] Unofficial Forgotten Seasons Patch.esl
	[FE: 57] Unofficial Civil War Champions Patch.esl
	[FE: 58] Unofficial Dead Man's Dread Patch.esl
	[FE: 59] Unofficial Myrwatch Patch.esl
	[FE: 5A] Unofficial Sunder & Wraithguard Patch.esl
	[FE: 5B] Unofficial Vigil Enforcer Armor Set Patch.esl
	[FE: 5C] Unofficial Bloodchill Manor Patch.esl
	[FE: 5D] Unofficial Spell Knight Armor Patch.esl
	[FE: 5E] Unofficial Arms of Chaos Patch.esl
	[FE: 5F] Unofficial Hendraheim Patch.esl
	[FE: 60] Unofficial Umbra Patch.esl
	[FE: 61] Unofficial Lord's Mail Patch.esl
	[FE: 62] Unofficial Iron Armor Patch.esl
	[FE: 63] Unofficial Headmans Cleaver Patch.esl
	[FE: 64] Unofficial Gray Cowl Returns Patch.esl
	[FE: 65] Unofficial Goldbrand Patch.esl
	[FE: 66] Unofficial Goblins Patch.esl
	[FE: 67] Unofficial Ghosts of the Tribunal Patch.esl
	[FE: 68] Unofficial Gallows Hall Patch.esl
	[FE: 69] Unofficial Expanded Crossbow Pack Patch.esl
	[FE: 6A] Unofficial Elven Hunter Armor Patch.esl
	[FE: 6B] Unofficial Elite Crossbows Patch.esl
	[FE: 6C] Unofficial Ebony Plate Armor Patch.esl
	[FE: 6D] Unofficial Dwarven Plate Armor Patch.esl
	[FE: 6E] Unofficial Dwarven Mail Armor Patch.esl
	[FE: 6F] Unofficial Dwarven Home Patch.esl
	[FE: 70] Unofficial Dwarven Armored Mudcrab Patch.esl
	[FE: 71] Unofficial Dragonscale Armor Patch.esl
	[FE: 72] Unofficial Dragon Plate Armor Patch.esl
	[FE: 73] Unofficial Divine Crusader Patch.esl
	[FE: 74] Unofficial Dawnfang and Duskfang Patch.esl
	[FE: 75] Unofficial Daedric Plate Armor Patch.esl
	[FE: 76] Unofficial Daedric Mail Armor Patch.esl
	[FE: 77] Unofficial Chrysamere Patch.esl
	[FE: 78] Unofficial Bow of Shadows Patch.esl
	[FE: 79] Unofficial Bone Wolf Patch.esl
	[FE: 7A] Unofficial Bittercup Patch.esl
	[FE: 7B] Unofficial Arcane Archer Pack Patch.esl
	[FE: 7C] Unofficial Arcane Accessories Patch.esl
	[FE: 7D] Unofficial Staff of Sheogorath Patch.esl
	[FE: 7E] Unofficial Stalhrim Fur Armor Patch.esl
	[FE: 7F] Unofficial Steel Soldier Armor Patch.esl
	[FE: 80] Unofficial Stendarr's Hammer Patch.esl
	[FE: 81] Unofficial The Cause Patch.esl
	[FE: 82] Unofficial The Contest Patch.esl
	[FE: 83] Unofficial Wild Horses Patch.esl
	[FE: 84] Particle Patch for ENB.esp
	[FE: 85] DLCIntegration Beyond Skyrim Compatibility Patch.esp
	[FE: 86] Landscape and Water Fixes.esp
	[FE: 87] Cathedral - 3D Mountain Flowers.esp
	[FE: 88] UHDAP Merged.esl
	[FE: 89] UHDAP Merged0.esl
	[FE: 8A] UHDAP Merged1.esl
	[FE: 8B] Navigator-NavFixes.esl
	[FE: 8C] Comprehensive_Falskaar_Fixes.esp
	[FE: 8D] CrossbowIntegration.esp
	[FE: 8E] ScriptFixesCompilation.esp
	[FE: 8F] OCF.esp
	[FE: 90] Praedys_Soulcairn.esm
	[FE: 91] Tamrielic Distribution.esp
	[FE: 92] AHZmoreHUDInventory.esl
	[FE: 93] Aqua.esl
	[FE: 94] Astral.esl
	[FE: 95] BlockAnimationStuckFix.esl
	[FE: 96] BSBR-2K-01.esp
	[FE: 97] BSBR-2K-02.esp
	[FE: 98] BSBR-2K-03.esp
	[FE: 99] Cannnot Equip Message Gone.esp
	[FE: 9A] Crafting Recipes.esp
	[FE: 9B] Dynamic Storage Cube.esp
	[FE: 9C] DynamicCollisionAdjustment.esl
	[FE: 9D] Experience.esl
	[FE: 9E] Expressive Facegen Morphs.esl
	[FE: 9F] Icebloom.esl
	[FE: A0] iWant Widgets.esl
	[FE: A1] kcf.esm
	[FE: A2] KID Keywords.esp
	[FE: A3] kvdFollowerStats.esl
	[FE: A4] Pahe_Dragonborn_fixes.esl
	[FE: A5] paradise_halls_farengars_study.esl
	[FE: A6] StormCalling.esl
	[FE: A7] TheNewGentleman.esp
