Skyrim SSE v1.6.1170
CrashLoggerSSE v1-12-1-0 Dec 22 2023 02:20:56

Unhandled exception "EXCEPTION_PRIV_INSTRUCTION" at 0x7FF793710FD3 SkyrimSE.exe+0640FD3	cli

SYSTEM SPECS:
	OS: Microsoft Windows 11 Pro v10.0.22631
	CPU: AuthenticAMD AMD Ryzen 7 7800X3D 8-Core Processor           
	GPU #1: Nvidia AD104 [GeForce RTX 4070]
	GPU #2: AMD Raphael
	GPU #3: Microsoft Basic Render Driver
	PHYSICAL MEMORY: 27.00 GB/63.15 GB
	GPU MEMORY: 0.04/10.98 GB

PROBABLE CALL STACK:
	[0] 0x7FF793710FD3 SkyrimSE.exe+0640FD3 -> 36547+0xEB3	cli
	[1] 0x7FF79370E98A SkyrimSE.exe+063E98A -> 36544+0x1A	test al, al
	[2] 0x7FF79460BB8E SkyrimSE.exe+153BB8E -> 109636+0x106	mov ebx, eax
	[3] 0x7FFA6C7A257D KERNEL32.DLL+001257D
	[4] 0x7FFA6DA0AA58    ntdll.dll+005AA58

REGISTERS:
	RAX 0xFFFFFFFFFFFFFFF2 (size_t) [uint: 18446744073709551602 int: -14]
	RCX 0x0                (size_t) [0]
	RDX 0x7                (size_t) [7]
	RBX 0x2                (size_t) [2]
	RSP 0xF7B05CFB60       (char*) "F"
	RBP 0xF7B05CFC60       (char*) "ocuments\My Games\Skyrim Special Edition\SkyrimPrefs.ini"
	RSI 0x7FF796260F30     (MagicFavorites*)
	RDI 0x2A6152D7BA0      (void*)
	R8  0x2A719EBBD20      (void*)
	R9  0x2A6152D7BA0      (void*)
	R10 0x2A719EC0000      (void*)
	R11 0xF7B05CFB20       (void*)
	R12 0x0                (size_t) [0]
	R13 0x0                (size_t) [0]
	R14 0x768              (size_t) [1896]
	R15 0x0                (size_t) [0]

STACK:
	[RSP+0  ] 0x7FF700000046     (size_t) [140698833649734]
	[RSP+8  ] 0x2A719EAE700      (NiNode*)
		RTTIName: "NiNode"
		Flags: kSelectiveUpdate | kSelectiveUpdateTransforms | kSelectiveUpdateController
		Checking Parent: 7
			Name: "shadow scene node"
			RTTIName: "ShadowSceneNode"
			Flags: kSelectiveUpdate | kSelectiveUpdateTransforms | kSelectiveUpdateController
	[RSP+10 ] 0x0                (size_t) [0]
	[RSP+18 ] 0x2                (size_t) [2]
	[RSP+20 ] 0x7FF79371CCF0     (void* -> SkyrimSE.exe+064CCF0	mov [rsp+0x08], rbx)
	[RSP+28 ] 0x7FF794B9BCC0     (void* -> SkyrimSE.exe+1ACBCC0	add [rax], al)
	[RSP+30 ] 0x0                (size_t) [0]
	[RSP+38 ] 0x0                (size_t) [0]
	[RSP+40 ] 0x0                (size_t) [0]
	[RSP+48 ] 0x0                (size_t) [0]
	[RSP+50 ] 0x0                (size_t) [0]
	[RSP+58 ] 0x5213F0           (size_t) [5379056]
	[RSP+60 ] 0x5A000000A00      (size_t) [6184752908800]
	[RSP+68 ] 0x0                (size_t) [0]
	[RSP+70 ] 0xF0               (size_t) [240]
	[RSP+78 ] 0xF7B05C0100       (void*)
	[RSP+80 ] 0x200000002        (size_t) [8589934594]
	[RSP+88 ] 0x200000002        (size_t) [8589934594]
	[RSP+90 ] 0x0                (size_t) [0]
	[RSP+98 ] 0x7FF794838160     (void* -> SkyrimSE.exe+1768160	sbb bh, cl)
	[RSP+A0 ] 0xF7B05CFBA0       (void*)
	[RSP+A8 ] 0x0                (size_t) [0]
	[RSP+B0 ] 0x7FF7930D0000     (void*)
	[RSP+B8 ] 0x7FF79371C880     (void* -> SkyrimSE.exe+064C880	mov [rsp+0x08], rbx)
	[RSP+C0 ] 0x0                (size_t) [0]
	[RSP+C8 ] 0x7FF794962F80     (char*) "Skyrim Special Edition"
	[RSP+D0 ] 0x100000000        (size_t) [4294967296]
	[RSP+D8 ] 0xFFFFFFFFFFFFFFFE (size_t) [uint: 18446744073709551614 int: -2]
	[RSP+E0 ] 0x65FAD09D         (size_t) [1710936221]
	[RSP+E8 ] 0xF7B05CFCE0       (void*)
	[RSP+F0 ] 0x73726573555C3A43 (size_t) [8318823007734479427]
	[RSP+F8 ] 0x445C646C6976655C (size_t) [4925922509225092444]
	[RSP+100] 0x73746E656D75636F (size_t) [8319395793567310703]
	[RSP+108] 0x656D614720794D5C (size_t) [7308604728407575900]
	[RSP+110] 0x6D6972796B535C73 (size_t) [7883958488505998451]
	[RSP+118] 0x6C61696365705320 (size_t) [7809639104461689632]
	[RSP+120] 0x6E6F697469644520 (size_t) [7957695015292257568]
	[RSP+128] 0x506D6972796B535C (size_t) [5795404235879961436]
	[RSP+130] 0x696E692E73666572 (size_t) [7597125269646108018]
	[RSP+138] 0x7FF964210000     (void* -> skse64_1_6_1170.dll+0090000	mov rax, rbx)
	[RSP+140] 0x0                (size_t) [0]
	[RSP+148] 0xA                (size_t) [10]
	[RSP+150] 0x2A6184D7300      (char*) "ition\dxgi.dll""
	[RSP+158] 0x7FF9642841A0     (void* -> skse64_1_6_1170.dll+01041A0	and [rbp+0x7FF96423], dh)
	[RSP+160] 0x2A616EDD190      (void*)
	[RSP+168] 0x2A6184D7301      (char*) "tion\dxgi.dll""
	[RSP+170] 0xF7B05CFC00       (void*)
	[RSP+178] 0xF7B05CFC00       (void*)
	[RSP+180] 0x7FF9642840C8     (void* -> skse64_1_6_1170.dll+01040C8	)
	[RSP+188] 0x7FF9642840C8     (void* -> skse64_1_6_1170.dll+01040C8	)
	[RSP+190] 0xF7B05CFD40       (void*)
	[RSP+198] 0xF7B05CFCA0       (void*)
	[RSP+1A0] 0xF7B05CFD48       (char*) "$"
	[RSP+1A8] 0xF7B05CFD50       (void*)
	[RSP+1B0] 0xF7B05CFD58       (void*)
	[RSP+1B8] 0x7FF96421D58D     (void* -> skse64_1_6_1170.dll+009D58D	add rsp, 0x38)
	[RSP+1C0] 0x7FF964236D08     (char*) "%s
"
	[RSP+1C8] 0x7FF9642840C8     (void* -> skse64_1_6_1170.dll+01040C8	)
	[RSP+1D0] 0x7FF96425E398     (char*) "init complete"
	[RSP+1D8] 0x7FF96420B30B     (void* -> skse64_1_6_1170.dll+008B30B	add rsp, 0x30)
	[RSP+1E0] 0x7FF9642840C8     (void* -> skse64_1_6_1170.dll+01040C8	)
	[RSP+1E8] 0x24               (size_t) [36]
	[RSP+1F0] 0x7FF964236D08     (char*) "%s
"
	[RSP+1F8] 0xF7B05CFD98       (void*)
	[RSP+200] 0xF7B05CFD98       (void*)
	[RSP+208] 0x0                (size_t) [0]
	[RSP+210] 0x0                (size_t) [0]
	[RSP+218] 0x0                (size_t) [0]
	[RSP+220] 0x0                (size_t) [0]
	[RSP+228] 0xA                (size_t) [10]
	[RSP+230] 0x0                (size_t) [0]
	[RSP+238] 0x7FF79370E98A     (void* -> SkyrimSE.exe+063E98A	test al, al)
	[RSP+240] 0x7FF796260F30     (MagicFavorites*)
	[RSP+248] 0x7FFA00000002     (size_t) [140711718551554]
	[RSP+250] 0x7FF796260F58     (void* -> SkyrimSE.exe+3190F58	add [rax], al)
	[RSP+258] 0x2                (size_t) [2]
	[RSP+260] 0x0                (size_t) [0]
	[RSP+268] 0x0                (size_t) [0]
	[RSP+270] 0xA                (size_t) [10]
	[RSP+278] 0x7FFA6AF0F0C0     (void* -> ucrtbase.dll+00FF0C0	push rax)
	[RSP+280] 0x2A6152FDD90      (void*)
	[RSP+288] 0x0                (size_t) [0]
	[RSP+290] 0x0                (size_t) [0]
	[RSP+298] 0x7FFA6AE3549C     (void* -> ucrtbase.dll+002549C	test eax, eax)
	[RSP+2A0] 0x2A6152DAF83      (char*) """
	[RSP+2A8] 0x0                (size_t) [0]
	[RSP+2B0] 0xF7B05CFDB8       (void*)
	[RSP+2B8] 0x0                (size_t) [0]
	[RSP+2C0] 0x0                (size_t) [0]
	[RSP+2C8] 0x7FF79460BB8E     (void* -> SkyrimSE.exe+153BB8E	mov ebx, eax)
	[RSP+2D0] 0xA                (size_t) [10]
	[RSP+2D8] 0x7FF79460BC6D     (void* -> SkyrimSE.exe+153BC6D	add rsp, 0x28)
	[RSP+2E0] 0x7FF79690D310     (void* -> SkyrimSE.exe+383D310	call 0x00007FF79690D315)
	[RSP+2E8] 0xF7B0795000       (void*)
	[RSP+2F0] 0x0                (size_t) [0]
	[RSP+2F8] 0x0                (size_t) [0]
	[RSP+300] 0x0                (size_t) [0]
	[RSP+308] 0x7FFA6C7A257D     (void* -> KERNEL32.DLL+001257D	mov ecx, eax)
	[RSP+310] 0x0                (size_t) [0]
	[RSP+318] 0x7FF986CF4B60     (void* -> usvfs_x64.dll+0084B60	push rbx)
	[RSP+320] 0x1                (size_t) [1]
	[RSP+328] 0x1                (size_t) [1]
	[RSP+330] 0x0                (size_t) [0]
	[RSP+338] 0x7FFA6DA0AA58     (void* -> ntdll.dll+005AA58	jmp 0x00007FFA6DA0AA79)
	[RSP+340] 0x0                (size_t) [0]
	[RSP+348] 0x0                (size_t) [0]
	[RSP+350] 0x0                (size_t) [0]
	[RSP+358] 0x0                (size_t) [0]
	[RSP+360] 0x0                (size_t) [0]
	[RSP+368] 0x0                (size_t) [0]
	[RSP+370] 0x1574045A00000000 (size_t) [1545865356688490496]
	[RSP+378] 0x0                (size_t) [0]
	[RSP+380] 0x0                (size_t) [0]
	[RSP+388] 0x7FFA6B08CD30     (void* -> KERNELBASE.dll+015CD30	mov [rsp+0x10], rbx)
	[RSP+390] 0xF7B05CE640       (void*)
	[RSP+398] 0x9F325A80001FFE9F (size_t) [uint: 11471330706670485151 int: -6975413367039066465]
	[RSP+3A0] 0x7FFA7E7CC96A     (size_t) [140713840658794]
	[RSP+3A8] 0xF7B05CE640       (void*)
	[RSP+3B0] 0x7FFA6DA0AA30     (void* -> ntdll.dll+005AA30	sub rsp, 0x78)
	[RSP+3B8] 0x0                (size_t) [0]
	[RSP+3C0] 0x0                (size_t) [0]
	[RSP+3C8] 0x0                (size_t) [0]
	[RSP+3D0] 0x0                (size_t) [0]
	[RSP+3D8] 0x0                (size_t) [0]
	[RSP+3E0] 0x0                (size_t) [0]
	[RSP+3E8] 0x0                (size_t) [0]
	[RSP+3F0] 0x0                (size_t) [0]
	[RSP+3F8] 0x0                (size_t) [0]
	[RSP+400] 0x0                (size_t) [0]
	[RSP+408] 0x0                (size_t) [0]
	[RSP+410] 0x0                (size_t) [0]
	[RSP+418] 0x0                (size_t) [0]
	[RSP+420] 0x0                (size_t) [0]
	[RSP+428] 0x0                (size_t) [0]
	[RSP+430] 0x0                (size_t) [0]
	[RSP+438] 0x0                (size_t) [0]
	[RSP+440] 0x0                (size_t) [0]
	[RSP+448] 0x0                (size_t) [0]
	[RSP+450] 0x0                (size_t) [0]
	[RSP+458] 0x0                (size_t) [0]
	[RSP+460] 0x0                (size_t) [0]
	[RSP+468] 0x0                (size_t) [0]
	[RSP+470] 0x0                (size_t) [0]
	[RSP+478] 0x0                (size_t) [0]
	[RSP+480] 0x0                (size_t) [0]
	[RSP+488] 0x0                (size_t) [0]
	[RSP+490] 0x0                (size_t) [0]
	[RSP+498] 0x0                (size_t) [0]

MODULES:
	XINPUT1_3.dll                                    0x000000400000
	X3DAudio1_7.dll                                  0x00006E450000
	d3d11.dll                                        0x000180000000
	MSCTF.dll                                        0x02A600800000
	PSAPI.DLL                                        0x02A617220000
	tbb.dll                                          0x02A617260000
	tbbmalloc.dll                                    0x02A633070000
	EVLaS.dll                                        0x02A6434D0000
	PassiveWeaponEnchantmentRecharging.dll           0x02A653780000
	ShadowBoost.dll                                  0x02A65EAC0000
	SkyrimSE.exe                                     0x7FF7930D0000
	NvCamera64.dll                                   0x7FF955E00000
	XAudio2_7.dll                                    0x7FF9575F0000
	d3dcompiler_47_64.dll                            0x7FF9576D0000
	d3dcompiler_46e.dll                              0x7FF957AE0000
	gameoverlayrenderer64.dll                        0x7FF958310000
	YesImSure.dll                                    0x7FF9584B0000
	WhoseQuestIsItAnyway.dll                         0x7FF958540000
	WhichKey-NG.dll                                  0x7FF9585C0000
	Weightless.dll                                   0x7FF958750000
	UnlimitedFastTravel.dll                          0x7FF958870000
	TrueHUD.dll                                      0x7FF9588E0000
	TrueDirectionalMovement.dll                      0x7FF9589A0000
	TheNewGentleman.dll                              0x7FF958A70000
	SureOfStealing.dll                               0x7FF958B40000
	SSEDisplayTweaks.dll                             0x7FF958BB0000
	SoundRecordDistributor.dll                       0x7FF958C50000
	SoftShadows.dll                                  0x7FF958D30000
	SkyrimUncapper.dll                               0x7FF958DE0000
	SkyPatcher.dll                                   0x7FF958E10000
	SkillOfSneaking.dll                              0x7FF958FC0000
	skee64.dll                                       0x7FF959030000
	SexLabUtil.dll                                   0x7FF959360000
	ScrambledBugs.dll                                0x7FF959430000
	ScaleformTranslationPP.dll                       0x7FF9594D0000
	RemoveAllItemsFix.dll                            0x7FF959540000
	RecursionFPSFix.dll                              0x7FF9595D0000
	ReadingIsBad.dll                                 0x7FF9596B0000
	po3_UseOrTake.dll                                0x7FF959750000
	po3_Tweaks.dll                                   0x7FF959800000
	po3_SpellPerkItemDistributor.dll                 0x7FF959900000
	po3_SimpleOffenceSuppression.dll                 0x7FF959A80000
	po3_SimpleActivateSKSE.dll                       0x7FF959B20000
	po3_SaveUnbaker.dll                              0x7FF959BD0000
	po3_ReadOrTakeBooks.dll                          0x7FF959C70000
	po3_PapyrusExtender.dll                          0x7FF959D10000
	po3_MoonMod.dll                                  0x7FF959F90000
	po3_MagicSneakAttacks.dll                        0x7FF95A040000
	po3_KeywordItemDistributor.dll                   0x7FF95A120000
	po3_EnhancedInvisibility.dll                     0x7FF95A2C0000
	po3_ENBLightForEffectShaders.dll                 0x7FF95A370000
	po3_DualCastingFix.dll                           0x7FF95A430000
	po3_CraftingRecipeDistributor.dll                0x7FF95A4D0000
	po3_ConsolePlusPlus.dll                          0x7FF95A580000
	po3_BaseObjectSwapper.dll                        0x7FF95A630000
	po3_AnimObjectSwapper.dll                        0x7FF95A750000
	PlayerPayCrimeGoldTweak.dll                      0x7FF95A800000
	PerkEntryPointExtender.dll                       0x7FF95A8F0000
	PayloadInterpreter.dll                           0x7FF95AA70000
	PapyrusUtil.dll                                  0x7FF95AB40000
	PapyrusTweaks.dll                                0x7FF95ACB0000
	PapyrusIniManipulator.dll                        0x7FF95ADB0000
	PAPER.dll                                        0x7FF95AEA0000
	PairedAnimationImprovements.dll                  0x7FF95AF20000
	OSLAroused.dll                                   0x7FF95AF90000
	OpenAnimationReplacer.dll                        0x7FF95B030000
	OpenAnimationReplacer-IEDConditionExtensions.dll 0x7FF95B2F0000
	OBody.dll                                        0x7FF95B410000
	NotificationFilter.dll                           0x7FF95B4C0000
	NoOppositeGenderAnims.dll                        0x7FF95B530000
	NoEnchantmentRestrictionRemake.dll               0x7FF95B620000
	NativeEditorIDFix.dll                            0x7FF95B6D0000
	MuSkeletonEditor.dll                             0x7FF95B730000
	MumsTheWord.dll                                  0x7FF95B810000
	CONCRT140.dll                                    0x7FF95B890000
	MuJointFix.dll                                   0x7FF95B8E0000
	MoreInformativeConsole.dll                       0x7FF95B980000
	mfgfix.dll                                       0x7FF95BA60000
	MenuMaid2.dll                                    0x7FF95BB20000
	MCMHelper.dll                                    0x7FF95BC30000
	MaxsuCombatEscape.dll                            0x7FF95BD10000
	MapMarkerFramework.dll                           0x7FF95BD70000
	loki_DynamicAnimationCasting.dll                 0x7FF95BE10000
	LocationalEncounterZones.dll                     0x7FF95BFB0000
	kxWhereAreYou.dll                                0x7FF95C090000
	KillCapsLockNG.dll                               0x7FF95C140000
	JContainers64.dll                                0x7FF95C1D0000
	IWantWidgetsNative.dll                           0x7FF95C4B0000
	ItemPropertyManipulator.dll                      0x7FF95C5D0000
	InventoryInjector.dll                            0x7FF95C720000
	ImWalkinHere.dll                                 0x7FF95C7C0000
	IdrinthBuffsWorkOnNPCs.dll                       0x7FF95C890000
	htfq_se.dll                                      0x7FF95C930000
	HelpExtender.dll                                 0x7FF95C990000
	hdtSMP64.dll                                     0x7FF95CA30000
	HDLocalMap.dll                                   0x7FF95D260000
	Fuz Ro D'oh.dll                                  0x7FF95D2C0000
	FormListManipulator.dll                          0x7FF95D320000
	FixNotesForSkyUI.dll                             0x7FF95D440000
	FISS.dll                                         0x7FF95D4A0000
	FaceGenFixes.dll                                 0x7FF95D510000
	EquipSpellsAsShouts.dll                          0x7FF95D580000
	EnemiesRespectEncounterZones.dll                 0x7FF95D690000
	encounter_zones_unlocked.dll                     0x7FF95D710000
	ENBHelperSE.dll                                  0x7FF95D770000
	ENBHelperPlus.dll                                0x7FF95D810000
	DynamicCollisionAdjustment.dll                   0x7FF95D870000
	DeviousDevices.dll                               0x7FF95D8E0000
	DescriptionFramework.dll                         0x7FF95D9B0000
	CrashLogger.dll                                  0x7FF95DA70000
	CraftingCategories.dll                           0x7FF95DD10000
	ContainerItemDistributor.dll                     0x7FF95DDF0000
	ConsoleUtilSSE.dll                               0x7FF95DE70000
	ComprehensiveAttackRatePatch.dll                 0x7FF95DFD0000
	CommunityShaders.dll                             0x7FF95E180000
	CombatMusicFixNG.dll                             0x7FF95E360000
	CCExtender.dll                                   0x7FF95E400000
	cbp.dll                                          0x7FF95E4D0000
	CaptureWarmer.dll                                0x7FF95E5F0000
	BugFixesSSE.dll                                  0x7FF95E690000
	BetterThirdPersonSelection.dll                   0x7FF95E720000
	BarterLimitFix.dll                               0x7FF95E930000
	BackportedESLSupport.dll                         0x7FF95E970000
	Arcane-Disenchanter-NG.dll                       0x7FF95EA20000
	AnimationQueueFix.dll                            0x7FF95EB20000
	AnimationMotionRevolution.dll                    0x7FF95EB90000
	AHZmoreHUDPlugin.dll                             0x7FF95ED00000
	AHZmoreHUDInventory.dll                          0x7FF95ED90000
	AddItemMenuSE.dll                                0x7FF95EE00000
	ActorValueExtension.dll                          0x7FF95EF00000
	ActorLimitFix.dll                                0x7FF95F190000
	EngineFixes.dll                                  0x7FF95F230000
	tier0_s64.dll                                    0x7FF95F340000
	steamclient64.dll                                0x7FF95F4E0000
	PrivateProfileRedirector.dll                     0x7FF964120000
	skse64_1_6_1170.dll                              0x7FF964180000
	xinput1_4.dll                                    0x7FF964340000
	D3DCOMPILER_43.dll                               0x7FF964360000
	dxgi.dll                                         0x7FF9645D0000
	diskCacheEnabler.dll                             0x7FF96D030000
	vstdlib_s64.dll                                  0x7FF9740D0000
	bink2w64.dll                                     0x7FF974190000
	WINHTTP.dll                                      0x7FF974210000
	d3dx11_43.dll                                    0x7FF986330000
	MSVCP140_ATOMIC_WAIT.dll                         0x7FF9866C0000
	vmm-x64.dll                                      0x7FF986960000
	d3dx9_42.dll                                     0x7FF986AB0000
	steam_api64.dll                                  0x7FF986AD0000
	ReShade64-UIBind-By-seri14.addon64               0x7FF986B30000
	usvfs_x64.dll                                    0x7FF986C70000
	ReShade64-AdjustDepth-By-seri14.addon64          0x7FF987510000
	XINPUT9_1_0.dll                                  0x7FF989890000
	nvspcap64.dll                                    0x7FFA0D9C0000
	DINPUT8.dll                                      0x7FFA29710000
	MessageBus.dll                                   0x7FFA2E5F0000
	ncryptsslp.dll                                   0x7FFA2F150000
	SMP-NPC crash fix.dll                            0x7FFA38710000
	inputhost.dll                                    0x7FFA4B100000
	WININET.dll                                      0x7FFA4B5A0000
	ondemandconnroutehelper.dll                      0x7FFA4C6E0000
	MSVCP140.dll                                     0x7FFA4ECC0000
	VCRUNTIME140.dll                                 0x7FFA4ED60000
	Windows.UI.dll                                   0x7FFA50EE0000
	VCRUNTIME140_1.dll                               0x7FFA51440000
	nvwgf2umx.dll                                    0x7FFA52DC0000
	NvMessageBus.dll                                 0x7FFA57730000
	textinputframework.dll                           0x7FFA58510000
	AUDIOSES.DLL                                     0x7FFA58910000
	iertutil.dll                                     0x7FFA596A0000
	nvgpucomp64.dll                                  0x7FFA59960000
	nvapi64.dll                                      0x7FFA5BD50000
	WINMM.dll                                        0x7FFA5C420000
	srvcli.dll                                       0x7FFA5D1D0000
	COMCTL32.dll                                     0x7FFA5DE40000
	urlmon.dll                                       0x7FFA5DF00000
	gdiplus.dll                                      0x7FFA5E4F0000
	MMDevApi.dll                                     0x7FFA5ED20000
	nvldumdx.dll                                     0x7FFA5F150000
	MSIMG32.dll                                      0x7FFA5F820000
	dbghelp.dll                                      0x7FFA60D70000
	drvstore.dll                                     0x7FFA618F0000
	cryptnet.dll                                     0x7FFA61B90000
	VERSION.dll                                      0x7FFA61BD0000
	CoreUIComponents.dll                             0x7FFA63300000
	avrt.dll                                         0x7FFA639D0000
	directxdatabasehelper.dll                        0x7FFA63A80000
	fwpuclnt.dll                                     0x7FFA63C60000
	dhcpcsvc.DLL                                     0x7FFA64900000
	WINHTTP.DLL                                      0x7FFA64B90000
	rasadhlp.dll                                     0x7FFA64EE0000
	WindowsCodecs.dll                                0x7FFA654B0000
	D3DCOMPILER_47.dll                               0x7FFA65660000
	d3d11.dll                                        0x7FFA65D30000
	dcomp.dll                                        0x7FFA66580000
	CoreMessaging.dll                                0x7FFA66D50000
	apphelp.dll                                      0x7FFA676F0000
	UxTheme.dll                                      0x7FFA68050000
	dxgi.dll                                         0x7FFA681C0000
	dwmapi.dll                                       0x7FFA682D0000
	WINNSI.DLL                                       0x7FFA68300000
	dxcore.dll                                       0x7FFA68340000
	resourcepolicyclient.dll                         0x7FFA686C0000
	wintypes.dll                                     0x7FFA68AD0000
	windows.storage.dll                              0x7FFA68C10000
	HID.DLL                                          0x7FFA69510000
	netutils.dll                                     0x7FFA697D0000
	IPHLPAPI.DLL                                     0x7FFA697E0000
	DNSAPI.dll                                       0x7FFA69850000
	UMPDC.dll                                        0x7FFA69B20000
	POWRPROF.dll                                     0x7FFA69B40000
	Secur32.dll                                      0x7FFA69BB0000
	schannel.DLL                                     0x7FFA69C30000
	rsaenh.dll                                       0x7FFA69D40000
	kernel.appcore.dll                               0x7FFA69D80000
	ntmarta.dll                                      0x7FFA69E00000
	SSPICLI.DLL                                      0x7FFA6A040000
	MSWSOCK.dll                                      0x7FFA6A250000
	wldp.dll                                         0x7FFA6A4D0000
	CRYPTBASE.DLL                                    0x7FFA6A580000
	CRYPTSP.dll                                      0x7FFA6A5A0000
	msasn1.dll                                       0x7FFA6A5F0000
	NTASN1.dll                                       0x7FFA6A670000
	ncrypt.dll                                       0x7FFA6A6B0000
	devobj.dll                                       0x7FFA6A9B0000
	CFGMGR32.dll                                     0x7FFA6A9E0000
	DPAPI.DLL                                        0x7FFA6AA50000
	profapi.dll                                      0x7FFA6AC20000
	gdi32full.dll                                    0x7FFA6ACF0000
	ucrtbase.dll                                     0x7FFA6AE10000
	KERNELBASE.dll                                   0x7FFA6AF30000
	win32u.dll                                       0x7FFA6B2E0000
	msvcp_win.dll                                    0x7FFA6B310000
	CRYPT32.dll                                      0x7FFA6B3B0000
	bcryptPrimitives.dll                             0x7FFA6B520000
	wintrust.dll                                     0x7FFA6B660000
	bcrypt.dll                                       0x7FFA6B6D0000
	IMM32.dll                                        0x7FFA6B700000
	WS2_32.dll                                       0x7FFA6B740000
	SHELL32.dll                                      0x7FFA6B7C0000
	clbcatq.dll                                      0x7FFA6C080000
	sechost.dll                                      0x7FFA6C1B0000
	ole32.dll                                        0x7FFA6C260000
	shcore.dll                                       0x7FFA6C400000
	msvcrt.dll                                       0x7FFA6C680000
	SHLWAPI.dll                                      0x7FFA6C730000
	KERNEL32.DLL                                     0x7FFA6C790000
	USER32.dll                                       0x7FFA6C860000
	imagehlp.dll                                     0x7FFA6CA10000
	SETUPAPI.dll                                     0x7FFA6CA30000
	GDI32.dll                                        0x7FFA6CEB0000
	OLEAUT32.dll                                     0x7FFA6CEE0000
	combase.dll                                      0x7FFA6CFD0000
	RPCRT4.dll                                       0x7FFA6D360000
	ADVAPI32.dll                                     0x7FFA6D480000
	NSI.dll                                          0x7FFA6D5F0000
	COMDLG32.dll                                     0x7FFA6D870000
	ntdll.dll                                        0x7FFA6D9B0000

SKSE PLUGINS:
	ActorLimitFix.dll
	ActorValueExtension.dll v1.9.5.4
	AddItemMenuSE.dll
	AHZmoreHUDInventory.dll v2.1.3
	AHZmoreHUDPlugin.dll v5.2.2
	AnimationMotionRevolution.dll
	AnimationQueueFix.dll v1.0.1
	Arcane-Disenchanter-NG.dll v1.1
	BackportedESLSupport.dll
	BarterLimitFix.dll
	BetterThirdPersonSelection.dll v1
	BugFixesSSE.dll
	CaptureWarmer.dll v1.1
	cbp.dll
	CCExtender.dll v1.11.0.1
	CombatMusicFixNG.dll v1.1
	CommunityShaders.dll v0.7.4
	ComprehensiveAttackRatePatch.dll v1.1.2.8
	ConsoleUtilSSE.dll v1.5.1
	ContainerItemDistributor.dll v1.1.4
	CraftingCategories.dll v1.1
	CrashLogger.dll v1.12.1
	DescriptionFramework.dll v1.3
	DeviousDevices.dll v0.0.0.1
	diskCacheEnabler.dll
	DynamicCollisionAdjustment.dll v1.1
	ENBHelperPlus.dll v1
	ENBHelperSE.dll v2.2
	encounter_zones_unlocked.dll
	EnemiesRespectEncounterZones.dll v1.4.2
	EngineFixes.dll v6.1.1
	EquipSpellsAsShouts.dll
	EVLaS.dll v1.3.1
	FaceGenFixes.dll v1.0.3
	FISS.dll
	FixNotesForSkyUI.dll v1.2.6
	FormListManipulator.dll v1.7
	Fuz Ro D'oh.dll v2.5.8.123
	HDLocalMap.dll v1.0.2
	hdtSMP64.dll
	HelpExtender.dll v1.2.1.1
	htfq_se.dll v2
	IdrinthBuffsWorkOnNPCs.dll v1
	ImWalkinHere.dll v1.7
	InventoryInjector.dll v1.0.2
	ItemPropertyManipulator.dll v0.5.1
	IWantWidgetsNative.dll
	JContainers64.dll v4.2.9
	KillCapsLockNG.dll v1
	kxWhereAreYou.dll
	LocationalEncounterZones.dll v1.0.2
	loki_DynamicAnimationCasting.dll v3.2.3
	MapMarkerFramework.dll v2.2
	MaxsuCombatEscape.dll v1
	MCMHelper.dll v1.4
	MenuMaid2.dll v2.2.2
	mfgfix.dll v0.1
	MoreInformativeConsole.dll v1.1
	MuJointFix.dll v2.0.17
	MumsTheWord.dll v2.1
	MuSkeletonEditor.dll v0.6
	NativeEditorIDFix.dll v1.2
	NoEnchantmentRestrictionRemake.dll v3.0.1
	NoOppositeGenderAnims.dll v1.1
	NotificationFilter.dll v1.2.1
	OBody.dll v1
	OpenAnimationReplacer-IEDConditionExtensions.dll v1.0.2
	OpenAnimationReplacer.dll v2.2.2
	OSLAroused.dll v2.5
	PairedAnimationImprovements.dll v1.0.2
	PAPER.dll v2.2.4
	PapyrusIniManipulator.dll v1.9.6
	PapyrusTweaks.dll v4.1
	PapyrusUtil.dll
	PassiveWeaponEnchantmentRecharging.dll v1
	PayloadInterpreter.dll v1
	PerkEntryPointExtender.dll v1
	PlayerPayCrimeGoldTweak.dll v1.0.6
	po3_AnimObjectSwapper.dll v1.1.0.1
	po3_BaseObjectSwapper.dll v2.6.1.1
	po3_ConsolePlusPlus.dll v1.4.0.1
	po3_CraftingRecipeDistributor.dll v2.1.0.1
	po3_DualCastingFix.dll v1.0.0.1
	po3_ENBLightForEffectShaders.dll v2.1.0.1
	po3_EnhancedInvisibility.dll v1.3.0.1
	po3_KeywordItemDistributor.dll v3.4.0.1
	po3_MagicSneakAttacks.dll v1.3.0.1
	po3_MoonMod.dll v2.0.2.1
	po3_PapyrusExtender.dll v5.6.2.1
	po3_ReadOrTakeBooks.dll v1.3.0.1
	po3_SaveUnbaker.dll v1.0.3.1
	po3_SimpleActivateSKSE.dll v1.4.1.1
	po3_SimpleOffenceSuppression.dll v2.2.1.1
	po3_SpellPerkItemDistributor.dll v6.8.5.1
	po3_Tweaks.dll v1.9.2.1
	po3_UseOrTake.dll v1.2.0.1
	PrivateProfileRedirector.dll
	ReadingIsBad.dll v1.0.12
	RecursionFPSFix.dll v1.1
	RemoveAllItemsFix.dll v1.1
	ScaleformTranslationPP.dll v1.6
	ScrambledBugs.dll
	SexLabUtil.dll
	ShadowBoost.dll
	skee64.dll
	SkillOfSneaking.dll v1.1
	SkyPatcher.dll v1.0.0.1
	SkyrimUncapper.dll
	SMP-NPC crash fix.dll
	SoftShadows.dll v2
	SoundRecordDistributor.dll v1.5
	SSEDisplayTweaks.dll v0.5.16
	SureOfStealing.dll v1.1.3
	TheNewGentleman.dll v2.2.2
	TrueDirectionalMovement.dll v2.2.5
	TrueHUD.dll v1.1.8
	UnlimitedFastTravel.dll v1.4.1
	Weightless.dll v1
	WhichKey-NG.dll v1.1
	WhoseQuestIsItAnyway.dll v1.5
	YesImSure.dll v1.7

PLUGINS:
